Dataset:  Kron22/
Dry run: 0
Open Edge Count File succesfully
Edges Traversed BFS: 128309848
Found Vertices: 4194304, Edges: 128311436
avg degree 31
Array  Kron22/node_array.bin found
Malloc array of size 16777220 bytes
Readin array of size 16777216 bytes
Finished Reading Array Bytes
No reordering Array 32bit
Array  Kron22/edge_array.bin found
Malloc array of size 513245744 bytes
Readin array of size 513245744 bytes
Finished Reading Array Bytes
No reordering Array 32bit
Array  Kron22/edge_values.bin found
Malloc array of size 513245744 bytes
Readin array of size 513245744 bytes
Finished Reading Array Bytes
No reordering Array 32bit
Reading graph elapsed time: 0.216308s

Dataset Footprint: 1027 MiB
Dataset Footprint per Board: 8615.1 Mb
Dataset injection time (ms): 0.131456
Max Dataset Footprint: 1027 MiB

Dataset footprint per tile: 64 KiB
Proxys footprint per tile: 64 KiB
Reserved SRAM per tile: 41 KiB

Ideal SRAM per tile: 169 KiB
reserved_words_for_dataset:24103
dataset_words_per_tile:16432
remaining_sram_words:120518
min_dcache_sram_words_required:16432
dataset_words_per_tile:16432
min_pcache_sram_words_required:8
proxys_words_per_tile:16384
Dcache footprint ratio: 1
Pcache footprint ratio: 1
Dataset Cached: 0
DCache: 16432 words, lines: 1027, sets: 1027
Proxys Cached: 0
Pcache: 16384 words, sets: 16384
Node per tile: 256
Edge per tile: 7,832
GRID_X: 128
GRID_SIZE: 16,384
smt_per_tile: 1
noc_freq: 1
pu_freq: 1
RUCHE_X: 0
PROXY_W: 16
DIE_W: 128
DIE_H: 128
DIES: 1
BORDER_TILES_PER_DIE: 512
PACK_W: 128
PACK_H: 128
DIES_PACK_FACTOR: 1
DIES_PER_PACK: 1
PACKAGES: 1
BOARD_W: 128
BOARD_H: 128
BOARDS: 1
MUX_BUS: 1
DCACHE: 0
PCACHE: 1
PROXY_FACTOR: 8
CACHE_WAYS: 1
TORUS: 1
PHY_NOCS: 1
WIDE_NOC_ID: 0
NOC_CONF: 1
noc_width: 32
hbm_channel_bit_width: 512
ld_st_op_byte_width: 4
PROXY_ROUTING: 3
WRITE_THROUGH: 0
ASSERT_MODE: 0
GLOBAL_BARRIER: 2
OQ flits: 36 ; 192 ; 384
IQ flits: 576 ; 3,072 ; 6,144
OQ messages: 12 ; 96 ; 192
IQ messages: 192 ; 1,536 ; 3,072
max_task2 size: 64
io_factor_t2: 16
io_factor_t3: 16
io_factor_t3b: 16

Active SRAM Storage per tile: 169 KiB
Total SRAM Storage per tile: 512 KiB
Agreggated SRAM Storage: 8,192 MiB

Inter-Die #links: 4,096
Inter-Die (Gbits): 131,072
Inter-Die (Gbits/mm): 563.524
Bisection BW of Board (Gbits): 32,768
Border IO #Dies: 4
Border IO Die BW (Gbits): 16,384
Off-Board BW Total (Gbits): 65,536
Off-Board BW Density (Gbits/mm): 278
Die side: 58.15 mm
Die border wire density: 563.52 Gbits/mm
HBM wire density: 70.44 Gbits/mm

Tiles per Die: 16,384 (128x128)
Tile Area: 0.19 mm2, side: 0.44 mm
- Core/Rout Area: 0.05 mm2
- SRAM Area: 0.14 mm2
- SRAM/Logic Ratio: 2.80x

Dies per Package: 1 (1x1)
Die Area: 3,381.23 mm2, side: 58.15 mm
- Tiles Area: 3,191.28 mm2
- PHY Area: 189.96 mm2
- MC Area: 0.00 mm2

Packages per Board: 1 (1x1)
Package Area: 3,461.23 mm2, side: 58.83 mm
- IOdie Area: 80.00 mm2
- Dies Area: 3,381.23 mm2
- HBM Area: 0.00 mm2

Boards: 1 (1x1)
Board Area: 3,461.23 mm2
Total Area: 3,461.23 mm2



ESTIMATED COST OF SILICON AND PACKAGING. ONLY VARIABLE, NO FIXED COSTS
Good dies per wafer 3d: 5
Good dies per wafer 2d: 6
--Dies 3D Cost: 1,209.40 $
--Dies 2.5D Cost: 1,007.83 $
--Dies 2D Cost: 1,007.83 $
--HBM Cost: 60.00 $
--IOdie Cost: 8.44 $
--Packaging Cost 3d: 233.07 $
--Packaging Cost 2.5d: 505.18 $
--Packaging Cost 2d: 152.44 $
SiP Cost 3d: 1,510.91 $
SiP Cost 2.5d: 1,581.46 $
SiP Cost 2d: 1,168.71 $
--Board Cost: 3.46 $
Total SiPs Cost 3d: 1,514.37 $
Total SiPs Cost 2.5d: 1,584.92 $
Total SiPs Cost 2d: 1,172.18 $

Perf counters initialized
Mesh connected
Cache structures initialized
Allocated proxys
proxys initialized
Dataset structures initialized


Starting Simulation
INIT epoch: 1
INIT epoch: 1
INIT epoch: 1
INIT epoch: 1
INIT epoch: 1
INIT epoch: 1
INIT epoch: 1
INIT epoch: 1

===PRINTING FRAME STATS

FCollision In Avg:195, SD:62, Max:402, Min:2
FCollision Out Avg:97, SD:37, Max:183, Min:0
FCollision End Avg:1, SD:8, Max:70, Min:0
FTask1 Avg:25, SD:14, Max:74, Min:1
FTask2 Avg:21, SD:19, Max:97, Min:0
FTask3 Avg:15, SD:4, Max:27, Min:0
FCore Active Avg:62, SD:22, Max:100, Min:15
FRouter Active Avg:86, SD:11, Max:100, Min:31
T1 invocations: 83,630
T2 invocations: 137,420
T3 invocations: 59,263
T3b invocations: 3,087,495
Total3 invocations: 3,146,758
Total4 invocations: 0

T3/T2 ratio: 0
T3b/T3 ratio: 52

T1 avg ex cycles: 125
T2 avg ex cycles: 63
T3&b avg ex cycles: 2
T4 avg ex cycles: -nan
Avg. hops NOC1: 69
Avg. latency NOC1 (T2): 3,577
Avg. hops NOC2: 13
Avg. latency NOC2 (T3): 1,277

===PRINTING ACUM STATS at pu_cycles: 10,818

ACollision In Avg:195, SD:62, Max:402, Min:2
ACollision Out Avg:97, SD:37, Max:183, Min:0
ACollision End Avg:1, SD:8, Max:70, Min:0
ATask1 Avg:25, SD:14, Max:74, Min:1
ATask2 Avg:21, SD:19, Max:97, Min:0
ATask3 Avg:15, SD:4, Max:27, Min:0
ACore Active Avg:62, SD:22, Max:100, Min:15
ARouter Active Avg:86, SD:11, Max:100, Min:31
T1 invocations: 364,184
T2 invocations: 655,354
T3 invocations: 229,703
T3b invocations: 13,816,566
Total3 invocations: 14,046,269
Total4 invocations: 0

T3/T2 ratio: 0
T3b/T3 ratio: 60

T1 avg ex cycles: 132
T2 avg ex cycles: 64
T3&b avg ex cycles: 2
T4 avg ex cycles: -nan
Avg. hops NOC1: 48
Avg. latency NOC1 (T2): 3,668
Avg. hops NOC2: 14
Avg. latency NOC2 (T3): 1,483
Number of K Nodes Processed: 14,817
Number of K Edges Processed: 19,066
Node Re-explore factor: 3.53
Edge Re-explore factor: 0.15
Nodes/cy: 1,370
Edges/cy: 1,763
TEPS: 11,861

---Pcache---
Pcache Size: 16,384
Cached: 0
  PHits: 0
  PMisses: 0
  PHit Rate (hit/miss): -nan%
  PEvictions: 0
  PEviction Rate (evict/misses): -nan%

---Energy---
Leakage Energy (nJ): 19,480
PU Dyn E (nJ): 1,122,975
Mem Dyn E (nJ): 3,644,333
Route Dyn E (nJ): 1,505,121
Dynamic Energy (nJ): 6,272,430
Ratio of Dyn/Leak: 322
Total Energy (nJ): 6,291,910
Total Energy (nJ) 3D: 6,425,127
Cores Energy (nJ): 1,123,457
Route Energy (nJ): 1,505,399
Route Energy (nJ) 3D: 1,638,615
Mem Energy   (nJ): 3,663,054
Mem Energy   (nJ) 3D: 3,663,054
Avg. Power (mW): 581,614.92
Power Density (mW/mm2): 168.04

---Runtime---
Runtime in K cycles: 10.82
Microseconds: 10.82
Time per iteration (ms): 0.01

---Throughput---
GOP/s (aka OPS/ns): 10,845.59
GOP/s per core: 0.66
FLOP/s: 2,984.32
FLOP/s per core: 0.18
Max Peak FLOP/s: 16,384.00
Avg. BW GB/s: 64,629.91
Max BW GB/s: 65,536.00

---Traffic---
In-Die bisection_bytes BW (GB/s): 2,048.00
Inter-board traffic (msg/ns): 0.00, per-link: 0.00
Inter-pack traffic (msg/ns): 0.00, per-link: 0.00
Inter-die traffic (msg/ns): 0.00, per-link: 0.00
Ruche traffic (msg/ns): 0.00, per-link: 0.00
All traffic (msg/ns): 46,021.74, per-link: 2.81
Inter-die reduction wrt all: inf
Inter-board reduction wrt inter-die: -nan

---Data Movement---
All traffic (msg): 497,863,185
Arith. Intensity FLOP/Loads: 0.37
Arith. Intensity FLOP/Msgs: 0.06
Arith. Intensity GOPS/Loads: 0.00
Arith. Intensity GOPS/Msgs: 0.00



===Core Utilization Total=== CORE-S:1;; TIME K cy:10 ;; Nodes Proc: 1,902,351 -- Edges Proc: 2,430,173

===PRINTING FRAME STATS

FCollision In Avg:190, SD:65, Max:376, Min:0
FCollision Out Avg:119, SD:45, Max:267, Min:0
FCollision End Avg:3, SD:14, Max:101, Min:0
FTask1 Avg:5, SD:8, Max:53, Min:0
FTask2 Avg:22, SD:25, Max:100, Min:0
FTask3 Avg:20, SD:6, Max:45, Min:0
FCore Active Avg:47, SD:25, Max:100, Min:12
FRouter Active Avg:79, SD:13, Max:100, Min:21
T1 invocations: 19,573
T2 invocations: 125,464
T3 invocations: 65,454
T3b invocations: 3,937,501
Total3 invocations: 4,002,955
Total4 invocations: 0

T3/T2 ratio: 1
T3b/T3 ratio: 60

T1 avg ex cycles: 108
T2 avg ex cycles: 72
T3&b avg ex cycles: 2
T4 avg ex cycles: -nan
Avg. hops NOC1: 25
Avg. latency NOC1 (T2): 10,202
Avg. hops NOC2: 12
Avg. latency NOC2 (T3): 1,375

===PRINTING ACUM STATS at pu_cycles: 20,762

ACollision In Avg:192, SD:60, Max:358, Min:7
ACollision Out Avg:108, SD:39, Max:211, Min:0
ACollision End Avg:2, SD:10, Max:85, Min:0
ATask1 Avg:15, SD:8, Max:50, Min:1
ATask2 Avg:22, SD:20, Max:91, Min:0
ATask3 Avg:17, SD:4, Max:31, Min:0
ACore Active Avg:54, SD:21, Max:100, Min:14
ARouter Active Avg:82, SD:10, Max:99, Min:31
T1 invocations: 454,898
T2 invocations: 1,280,373
T3 invocations: 537,227
T3b invocations: 33,059,112
Total3 invocations: 33,596,339
Total4 invocations: 0

T3/T2 ratio: 0
T3b/T3 ratio: 62

T1 avg ex cycles: 127
T2 avg ex cycles: 68
T3&b avg ex cycles: 2
T4 avg ex cycles: -nan
Avg. hops NOC1: 32
Avg. latency NOC1 (T2): 6,880
Avg. hops NOC2: 13
Avg. latency NOC2 (T3): 1,630
Number of K Nodes Processed: 34,244
Number of K Edges Processed: 39,019
Node Re-explore factor: 8.16
Edge Re-explore factor: 0.30
Nodes/cy: 1,649
Edges/cy: 1,879
TEPS: 6,180

---Pcache---
Pcache Size: 16,384
Cached: 0
  PHits: 0
  PMisses: 0
  PHit Rate (hit/miss): -nan%
  PEvictions: 0
  PEviction Rate (evict/misses): -nan%

---Energy---
Leakage Energy (nJ): 37,387
PU Dyn E (nJ): 2,273,807
Mem Dyn E (nJ): 7,904,172
Route Dyn E (nJ): 3,043,870
Dynamic Energy (nJ): 13,221,850
Ratio of Dyn/Leak: 354
Total Energy (nJ): 13,259,237
Total Energy (nJ) 3D: 13,528,647
Cores Energy (nJ): 2,274,732
Route Energy (nJ): 3,044,403
Route Energy (nJ) 3D: 3,313,813
Mem Energy   (nJ): 7,940,102
Mem Energy   (nJ) 3D: 7,940,102
Avg. Power (mW): 638,630.03
Power Density (mW/mm2): 184.51

---Runtime---
Runtime in K cycles: 20.76
Microseconds: 20.76
Time per iteration (ms): 0.02

---Throughput---
GOP/s (aka OPS/ns): 10,175.20
GOP/s per core: 0.62
FLOP/s: 3,465.30
FLOP/s per core: 0.21
Max Peak FLOP/s: 16,384.00
Avg. BW GB/s: 73,042.08
Max BW GB/s: 65,536.00

---Traffic---
In-Die bisection_bytes BW (GB/s): 2,048.00
Inter-board traffic (msg/ns): 0.00, per-link: 0.00
Inter-pack traffic (msg/ns): 0.00, per-link: 0.00
Inter-die traffic (msg/ns): 0.00, per-link: 0.00
Ruche traffic (msg/ns): 0.00, per-link: 0.00
All traffic (msg/ns): 48,988.30, per-link: 2.99
Inter-die reduction wrt all: inf
Inter-board reduction wrt inter-die: -nan

---Data Movement---
All traffic (msg): 1,017,094,991
Arith. Intensity FLOP/Loads: 0.38
Arith. Intensity FLOP/Msgs: 0.07
Arith. Intensity GOPS/Loads: 0.00
Arith. Intensity GOPS/Msgs: 0.00



===Core Utilization Total=== CORE-S:2;; TIME K cy:20 ;; Nodes Proc: 4,293,571 -- Edges Proc: 4,889,461

===PRINTING FRAME STATS

FCollision In Avg:170, SD:72, Max:492, Min:0
FCollision Out Avg:117, SD:55, Max:293, Min:0
FCollision End Avg:2, SD:13, Max:101, Min:0
FTask1 Avg:4, SD:8, Max:70, Min:0
FTask2 Avg:16, SD:22, Max:100, Min:0
FTask3 Avg:16, SD:7, Max:67, Min:0
FCore Active Avg:36, SD:25, Max:100, Min:7
FRouter Active Avg:66, SD:18, Max:101, Min:12
T1 invocations: 14,759
T2 invocations: 93,462
T3 invocations: 51,089
T3b invocations: 3,192,492
Total3 invocations: 3,243,581
Total4 invocations: 0

T3/T2 ratio: 1
T3b/T3 ratio: 62

T1 avg ex cycles: 106
T2 avg ex cycles: 72
T3&b avg ex cycles: 2
T4 avg ex cycles: -nan
Avg. hops NOC1: 29
Avg. latency NOC1 (T2): 13,702
Avg. hops NOC2: 11
Avg. latency NOC2 (T3): 2,145

===PRINTING ACUM STATS at pu_cycles: 30,720

ACollision In Avg:184, SD:61, Max:367, Min:5
ACollision Out Avg:111, SD:42, Max:232, Min:0
ACollision End Avg:2, SD:10, Max:90, Min:0
ATask1 Avg:11, SD:6, Max:33, Min:0
ATask2 Avg:20, SD:17, Max:63, Min:0
ATask3 Avg:17, SD:2, Max:30, Min:5
ACore Active Avg:48, SD:19, Max:100, Min:14
ARouter Active Avg:77, SD:11, Max:99, Min:29
T1 invocations: 519,627
T2 invocations: 1,769,084
T3 invocations: 807,168
T3b invocations: 50,482,900
Total3 invocations: 51,290,068
Total4 invocations: 0

T3/T2 ratio: 0
T3b/T3 ratio: 63

T1 avg ex cycles: 125
T2 avg ex cycles: 69
T3&b avg ex cycles: 2
T4 avg ex cycles: -nan
Avg. hops NOC1: 28
Avg. latency NOC1 (T2): 8,967
Avg. hops NOC2: 12
Avg. latency NOC2 (T3): 2,125
Number of K Nodes Processed: 51,924
Number of K Edges Processed: 54,762
Node Re-explore factor: 12.38
Edge Re-explore factor: 0.43
Nodes/cy: 1,690
Edges/cy: 1,783
TEPS: 4,177

---Pcache---
Pcache Size: 16,384
Cached: 0
  PHits: 0
  PMisses: 0
  PHit Rate (hit/miss): -nan%
  PEvictions: 0
  PEviction Rate (evict/misses): -nan%

---Energy---
Leakage Energy (nJ): 55,318
PU Dyn E (nJ): 3,241,200
Mem Dyn E (nJ): 11,545,256
Route Dyn E (nJ): 4,240,708
Dynamic Energy (nJ): 19,027,165
Ratio of Dyn/Leak: 344
Total Energy (nJ): 19,082,483
Total Energy (nJ) 3D: 19,457,824
Cores Energy (nJ): 3,242,568
Route Energy (nJ): 4,241,496
Route Energy (nJ) 3D: 4,616,838
Mem Energy   (nJ): 11,598,419
Mem Energy   (nJ) 3D: 11,598,419
Avg. Power (mW): 621,174.58
Power Density (mW/mm2): 179.47

---Runtime---
Runtime in K cycles: 30.72
Microseconds: 30.72
Time per iteration (ms): 0.03

---Throughput---
GOP/s (aka OPS/ns): 9,418.57
GOP/s per core: 0.57
FLOP/s: 3,434.44
FLOP/s per core: 0.21
Max Peak FLOP/s: 16,384.00
Avg. BW GB/s: 72,106.44
Max BW GB/s: 65,536.00

---Traffic---
In-Die bisection_bytes BW (GB/s): 2,048.00
Inter-board traffic (msg/ns): 0.00, per-link: 0.00
Inter-pack traffic (msg/ns): 0.00, per-link: 0.00
Inter-die traffic (msg/ns): 0.00, per-link: 0.00
Ruche traffic (msg/ns): 0.00, per-link: 0.00
All traffic (msg/ns): 46,417.19, per-link: 2.83
Inter-die reduction wrt all: inf
Inter-board reduction wrt inter-die: -nan

---Data Movement---
All traffic (msg): 1,425,936,105
Arith. Intensity FLOP/Loads: 0.38
Arith. Intensity FLOP/Msgs: 0.07
Arith. Intensity GOPS/Loads: 0.00
Arith. Intensity GOPS/Msgs: 0.00



===Core Utilization Total=== CORE-S:3;; TIME K cy:30 ;; Nodes Proc: 6,385,007 -- Edges Proc: 6,691,533

===PRINTING FRAME STATS

FCollision In Avg:147, SD:74, Max:373, Min:0
FCollision Out Avg:98, SD:53, Max:295, Min:0
FCollision End Avg:2, SD:11, Max:101, Min:0
FTask1 Avg:3, SD:7, Max:67, Min:0
FTask2 Avg:18, SD:23, Max:100, Min:0
FTask3 Avg:16, SD:5, Max:57, Min:0
FCore Active Avg:37, SD:23, Max:100, Min:11
FRouter Active Avg:69, SD:16, Max:100, Min:11
T1 invocations: 13,342
T2 invocations: 98,018
T3 invocations: 52,174
T3b invocations: 3,186,144
Total3 invocations: 3,238,318
Total4 invocations: 0

T3/T2 ratio: 1
T3b/T3 ratio: 61

T1 avg ex cycles: 107
T2 avg ex cycles: 73
T3&b avg ex cycles: 2
T4 avg ex cycles: -nan
Avg. hops NOC1: 27
Avg. latency NOC1 (T2): 18,034
Avg. hops NOC2: 12
Avg. latency NOC2 (T3): 1,332

===PRINTING ACUM STATS at pu_cycles: 40,743

ACollision In Avg:175, SD:61, Max:344, Min:7
ACollision Out Avg:107, SD:43, Max:247, Min:0
ACollision End Avg:2, SD:10, Max:92, Min:0
ATask1 Avg:9, SD:4, Max:25, Min:0
ATask2 Avg:19, SD:15, Max:47, Min:0
ATask3 Avg:17, SD:2, Max:29, Min:8
ACore Active Avg:45, SD:17, Max:88, Min:14
ARouter Active Avg:75, SD:11, Max:97, Min:31
T1 invocations: 574,018
T2 invocations: 2,243,167
T3 invocations: 1,060,307
T3b invocations: 66,521,967
Total3 invocations: 67,582,274
Total4 invocations: 0

T3/T2 ratio: 0
T3b/T3 ratio: 63

T1 avg ex cycles: 123
T2 avg ex cycles: 70
T3&b avg ex cycles: 2
T4 avg ex cycles: -nan
Avg. hops NOC1: 26
Avg. latency NOC1 (T2): 11,124
Avg. hops NOC2: 12
Avg. latency NOC2 (T3): 2,022
Number of K Nodes Processed: 68,141
Number of K Edges Processed: 70,402
Node Re-explore factor: 16.25
Edge Re-explore factor: 0.55
Nodes/cy: 1,672
Edges/cy: 1,728
TEPS: 3,149

---Pcache---
Pcache Size: 16,384
Cached: 0
  PHits: 0
  PMisses: 0
  PHit Rate (hit/miss): -nan%
  PEvictions: 0
  PEviction Rate (evict/misses): -nan%

---Energy---
Leakage Energy (nJ): 73,367
PU Dyn E (nJ): 4,158,029
Mem Dyn E (nJ): 14,982,069
Route Dyn E (nJ): 5,401,712
Dynamic Energy (nJ): 24,541,810
Ratio of Dyn/Leak: 335
Total Energy (nJ): 24,615,177
Total Energy (nJ) 3D: 25,093,278
Cores Energy (nJ): 4,159,843
Route Energy (nJ): 5,402,757
Route Energy (nJ) 3D: 5,880,858
Mem Energy   (nJ): 15,052,577
Mem Energy   (nJ) 3D: 15,052,577
Avg. Power (mW): 604,157.20
Power Density (mW/mm2): 174.55

---Runtime---
Runtime in K cycles: 40.74
Microseconds: 40.74
Time per iteration (ms): 0.04

---Throughput---
GOP/s (aka OPS/ns): 8,906.92
GOP/s per core: 0.54
FLOP/s: 3,372.91
FLOP/s per core: 0.21
Max Peak FLOP/s: 16,384.00
Avg. BW GB/s: 70,552.73
Max BW GB/s: 65,536.00

---Traffic---
In-Die bisection_bytes BW (GB/s): 2,048.00
Inter-board traffic (msg/ns): 0.00, per-link: 0.00
Inter-pack traffic (msg/ns): 0.00, per-link: 0.00
Inter-die traffic (msg/ns): 0.00, per-link: 0.00
Ruche traffic (msg/ns): 0.00, per-link: 0.00
All traffic (msg/ns): 44,689.70, per-link: 2.73
Inter-die reduction wrt all: inf
Inter-board reduction wrt inter-die: -nan

---Data Movement---
All traffic (msg): 1,820,792,601
Arith. Intensity FLOP/Loads: 0.38
Arith. Intensity FLOP/Msgs: 0.08
Arith. Intensity GOPS/Loads: 0.00
Arith. Intensity GOPS/Msgs: 0.00



===Core Utilization Total=== CORE-S:4;; TIME K cy:40 ;; Nodes Proc: 8,299,386 -- Edges Proc: 8,534,119

===PRINTING FRAME STATS

FCollision In Avg:133, SD:78, Max:398, Min:0
FCollision Out Avg:94, SD:57, Max:291, Min:0
FCollision End Avg:1, SD:12, Max:101, Min:0
FTask1 Avg:4, SD:8, Max:62, Min:0
FTask2 Avg:13, SD:21, Max:100, Min:0
FTask3 Avg:12, SD:4, Max:45, Min:0
FCore Active Avg:29, SD:22, Max:100, Min:7
FRouter Active Avg:59, SD:19, Max:99, Min:6
T1 invocations: 14,497
T2 invocations: 74,506
T3 invocations: 37,562
T3b invocations: 2,452,788
Total3 invocations: 2,490,350
Total4 invocations: 0

T3/T2 ratio: 1
T3b/T3 ratio: 65

T1 avg ex cycles: 107
T2 avg ex cycles: 73
T3&b avg ex cycles: 2
T4 avg ex cycles: -nan
Avg. hops NOC1: 42
Avg. latency NOC1 (T2): 18,595
Avg. hops NOC2: 11
Avg. latency NOC2 (T3): 1,385

===PRINTING ACUM STATS at pu_cycles: 50,700

ACollision In Avg:167, SD:61, Max:335, Min:6
ACollision Out Avg:104, SD:44, Max:256, Min:0
ACollision End Avg:2, SD:9, Max:94, Min:0
ATask1 Avg:8, SD:3, Max:28, Min:0
ATask2 Avg:18, SD:12, Max:38, Min:0
ATask3 Avg:16, SD:2, Max:27, Min:8
ACore Active Avg:42, SD:14, Max:81, Min:13
ARouter Active Avg:72, SD:11, Max:97, Min:27
T1 invocations: 630,208
T2 invocations: 2,645,381
T3 invocations: 1,278,057
T3b invocations: 79,953,787
Total3 invocations: 81,231,844
Total4 invocations: 0

T3/T2 ratio: 0
T3b/T3 ratio: 63

T1 avg ex cycles: 122
T2 avg ex cycles: 71
T3&b avg ex cycles: 2
T4 avg ex cycles: -nan
Avg. hops NOC1: 26
Avg. latency NOC1 (T2): 12,458
Avg. hops NOC2: 12
Avg. latency NOC2 (T3): 1,949
Number of K Nodes Processed: 81,636
Number of K Edges Processed: 83,498
Node Re-explore factor: 19.46
Edge Re-explore factor: 0.65
Nodes/cy: 1,610
Edges/cy: 1,647
TEPS: 2,531

---Pcache---
Pcache Size: 16,384
Cached: 0
  PHits: 0
  PMisses: 0
  PHit Rate (hit/miss): -nan%
  PEvictions: 0
  PEviction Rate (evict/misses): -nan%

---Energy---
Leakage Energy (nJ): 91,297
PU Dyn E (nJ): 4,936,618
Mem Dyn E (nJ): 17,884,717
Route Dyn E (nJ): 6,387,376
Dynamic Energy (nJ): 29,208,711
Ratio of Dyn/Leak: 320
Total Energy (nJ): 29,300,008
Total Energy (nJ) 3D: 29,865,349
Cores Energy (nJ): 4,938,876
Route Energy (nJ): 6,388,676
Route Energy (nJ) 3D: 6,954,017
Mem Energy   (nJ): 17,972,456
Mem Energy   (nJ) 3D: 17,972,456
Avg. Power (mW): 577,909.42
Power Density (mW/mm2): 166.97

---Runtime---
Runtime in K cycles: 50.70
Microseconds: 50.70
Time per iteration (ms): 0.05

---Throughput---
GOP/s (aka OPS/ns): 8,404.08
GOP/s per core: 0.51
FLOP/s: 3,241.51
FLOP/s per core: 0.20
Max Peak FLOP/s: 16,384.00
Avg. BW GB/s: 67,681.46
Max BW GB/s: 65,536.00

---Traffic---
In-Die bisection_bytes BW (GB/s): 2,048.00
Inter-board traffic (msg/ns): 0.00, per-link: 0.00
Inter-pack traffic (msg/ns): 0.00, per-link: 0.00
Inter-die traffic (msg/ns): 0.00, per-link: 0.00
Ruche traffic (msg/ns): 0.00, per-link: 0.00
All traffic (msg/ns): 42,517.78, per-link: 2.60
Inter-die reduction wrt all: inf
Inter-board reduction wrt inter-die: -nan

---Data Movement---
All traffic (msg): 2,155,651,287
Arith. Intensity FLOP/Loads: 0.38
Arith. Intensity FLOP/Msgs: 0.08
Arith. Intensity GOPS/Loads: 0.00
Arith. Intensity GOPS/Msgs: 0.00



===Core Utilization Total=== CORE-S:5;; TIME K cy:50 ;; Nodes Proc: 9,916,695 -- Edges Proc: 10,142,794

===PRINTING FRAME STATS

FCollision In Avg:111, SD:77, Max:369, Min:0
FCollision Out Avg:83, SD:57, Max:256, Min:0
FCollision End Avg:1, SD:11, Max:101, Min:0
FTask1 Avg:4, SD:8, Max:74, Min:0
FTask2 Avg:14, SD:21, Max:100, Min:0
FTask3 Avg:12, SD:4, Max:49, Min:0
FCore Active Avg:30, SD:22, Max:100, Min:7
FRouter Active Avg:60, SD:20, Max:100, Min:6
T1 invocations: 13,703
T2 invocations: 75,978
T3 invocations: 37,233
T3b invocations: 2,472,781
Total3 invocations: 2,510,014
Total4 invocations: 0

T3/T2 ratio: 0
T3b/T3 ratio: 66

T1 avg ex cycles: 115
T2 avg ex cycles: 74
T3&b avg ex cycles: 2
T4 avg ex cycles: -nan
Avg. hops NOC1: 40
Avg. latency NOC1 (T2): 20,130
Avg. hops NOC2: 12
Avg. latency NOC2 (T3): 1,283

===PRINTING ACUM STATS at pu_cycles: 60,775

ACollision In Avg:157, SD:61, Max:322, Min:5
ACollision Out Avg:101, SD:44, Max:255, Min:0
ACollision End Avg:2, SD:9, Max:94, Min:0
ATask1 Avg:8, SD:3, Max:26, Min:0
ATask2 Avg:17, SD:10, Max:32, Min:0
ATask3 Avg:15, SD:2, Max:25, Min:10
ACore Active Avg:40, SD:12, Max:72, Min:13
ARouter Active Avg:70, SD:12, Max:96, Min:24
T1 invocations: 674,381
T2 invocations: 2,979,580
T3 invocations: 1,461,295
T3b invocations: 91,549,558
Total3 invocations: 93,010,853
Total4 invocations: 0

T3/T2 ratio: 0
T3b/T3 ratio: 63

T1 avg ex cycles: 122
T2 avg ex cycles: 71
T3&b avg ex cycles: 2
T4 avg ex cycles: -nan
Avg. hops NOC1: 26
Avg. latency NOC1 (T2): 13,270
Avg. hops NOC2: 12
Avg. latency NOC2 (T3): 1,890
Number of K Nodes Processed: 93,420
Number of K Edges Processed: 94,791
Node Re-explore factor: 22.27
Edge Re-explore factor: 0.74
Nodes/cy: 1,537
Edges/cy: 1,560
TEPS: 2,111

---Pcache---
Pcache Size: 16,384
Cached: 0
  PHits: 0
  PMisses: 0
  PHit Rate (hit/miss): -nan%
  PEvictions: 0
  PEviction Rate (evict/misses): -nan%

---Energy---
Leakage Energy (nJ): 109,439
PU Dyn E (nJ): 5,602,404
Mem Dyn E (nJ): 20,372,000
Route Dyn E (nJ): 7,227,406
Dynamic Energy (nJ): 33,201,810
Ratio of Dyn/Leak: 303
Total Energy (nJ): 33,311,249
Total Energy (nJ) 3D: 33,950,940
Cores Energy (nJ): 5,605,110
Route Energy (nJ): 7,228,964
Route Energy (nJ) 3D: 7,868,656
Mem Energy   (nJ): 20,477,175
Mem Energy   (nJ) 3D: 20,477,175
Avg. Power (mW): 548,107.76
Power Density (mW/mm2): 158.36

---Runtime---
Runtime in K cycles: 60.77
Microseconds: 60.77
Time per iteration (ms): 0.06

---Throughput---
GOP/s (aka OPS/ns): 7,897.81
GOP/s per core: 0.48
FLOP/s: 3,083.50
FLOP/s per core: 0.19
Max Peak FLOP/s: 16,384.00
Avg. BW GB/s: 64,313.89
Max BW GB/s: 65,536.00

---Traffic---
In-Die bisection_bytes BW (GB/s): 2,048.00
Inter-board traffic (msg/ns): 0.00, per-link: 0.00
Inter-pack traffic (msg/ns): 0.00, per-link: 0.00
Inter-die traffic (msg/ns): 0.00, per-link: 0.00
Ruche traffic (msg/ns): 0.00, per-link: 0.00
All traffic (msg/ns): 40,169.48, per-link: 2.45
Inter-die reduction wrt all: inf
Inter-board reduction wrt inter-die: -nan

---Data Movement---
All traffic (msg): 2,441,300,334
Arith. Intensity FLOP/Loads: 0.38
Arith. Intensity FLOP/Msgs: 0.08
Arith. Intensity GOPS/Loads: 0.00
Arith. Intensity GOPS/Msgs: 0.00



===Core Utilization Total=== CORE-S:6;; TIME K cy:60 ;; Nodes Proc: 11,423,018 -- Edges Proc: 11,586,666

===PRINTING FRAME STATS

FCollision In Avg:91, SD:74, Max:380, Min:0
FCollision Out Avg:73, SD:58, Max:203, Min:0
FCollision End Avg:1, SD:10, Max:101, Min:0
FTask1 Avg:3, SD:8, Max:80, Min:0
FTask2 Avg:14, SD:22, Max:100, Min:0
FTask3 Avg:12, SD:4, Max:53, Min:0
FCore Active Avg:29, SD:23, Max:100, Min:7
FRouter Active Avg:58, SD:20, Max:99, Min:4
T1 invocations: 10,456
T2 invocations: 73,706
T3 invocations: 37,564
T3b invocations: 2,462,652
Total3 invocations: 2,500,216
Total4 invocations: 0

T3/T2 ratio: 1
T3b/T3 ratio: 66

T1 avg ex cycles: 117
T2 avg ex cycles: 75
T3&b avg ex cycles: 2
T4 avg ex cycles: -nan
Avg. hops NOC1: 36
Avg. latency NOC1 (T2): 19,851
Avg. hops NOC2: 11
Avg. latency NOC2 (T3): 1,249

===PRINTING ACUM STATS at pu_cycles: 70,762

ACollision In Avg:148, SD:60, Max:313, Min:4
ACollision Out Avg:97, SD:44, Max:242, Min:0
ACollision End Avg:2, SD:9, Max:95, Min:0
ATask1 Avg:7, SD:2, Max:34, Min:0
ATask2 Avg:17, SD:9, Max:31, Min:0
ATask3 Avg:15, SD:2, Max:24, Min:10
ACore Active Avg:39, SD:10, Max:70, Min:13
ARouter Active Avg:68, SD:12, Max:96, Min:22
T1 invocations: 705,566
T2 invocations: 3,262,334
T3 invocations: 1,619,579
T3b invocations: 101,221,369
Total3 invocations: 102,840,948
Total4 invocations: 0

T3/T2 ratio: 0
T3b/T3 ratio: 62

T1 avg ex cycles: 122
T2 avg ex cycles: 72
T3&b avg ex cycles: 2
T4 avg ex cycles: -nan
Avg. hops NOC1: 26
Avg. latency NOC1 (T2): 13,878
Avg. hops NOC2: 12
Avg. latency NOC2 (T3): 1,836
Number of K Nodes Processed: 103,175
Number of K Edges Processed: 104,313
Node Re-explore factor: 24.60
Edge Re-explore factor: 0.81
Nodes/cy: 1,458
Edges/cy: 1,474
TEPS: 1,813

---Pcache---
Pcache Size: 16,384
Cached: 0
  PHits: 0
  PMisses: 0
  PHit Rate (hit/miss): -nan%
  PEvictions: 0
  PEviction Rate (evict/misses): -nan%

---Energy---
Leakage Energy (nJ): 127,423
PU Dyn E (nJ): 6,161,303
Mem Dyn E (nJ): 22,461,383
Route Dyn E (nJ): 7,941,367
Dynamic Energy (nJ): 36,564,054
Ratio of Dyn/Leak: 287
Total Energy (nJ): 36,691,477
Total Energy (nJ) 3D: 37,394,360
Cores Energy (nJ): 6,164,455
Route Energy (nJ): 7,943,182
Route Energy (nJ) 3D: 8,646,065
Mem Energy   (nJ): 22,583,841
Mem Energy   (nJ) 3D: 22,583,841
Avg. Power (mW): 518,519.50
Power Density (mW/mm2): 149.81

---Runtime---
Runtime in K cycles: 70.76
Microseconds: 70.76
Time per iteration (ms): 0.07

---Throughput---
GOP/s (aka OPS/ns): 7,418.08
GOP/s per core: 0.45
FLOP/s: 2,922.95
FLOP/s per core: 0.18
Max Peak FLOP/s: 16,384.00
Avg. BW GB/s: 60,902.18
Max BW GB/s: 65,536.00

---Traffic---
In-Die bisection_bytes BW (GB/s): 2,048.00
Inter-board traffic (msg/ns): 0.00, per-link: 0.00
Inter-pack traffic (msg/ns): 0.00, per-link: 0.00
Inter-die traffic (msg/ns): 0.00, per-link: 0.00
Ruche traffic (msg/ns): 0.00, per-link: 0.00
All traffic (msg/ns): 37,925.92, per-link: 2.31
Inter-die reduction wrt all: inf
Inter-board reduction wrt inter-die: -nan

---Data Movement---
All traffic (msg): 2,683,714,084
Arith. Intensity FLOP/Loads: 0.38
Arith. Intensity FLOP/Msgs: 0.08
Arith. Intensity GOPS/Loads: 0.00
Arith. Intensity GOPS/Msgs: 0.00



===Core Utilization Total=== CORE-S:7;; TIME K cy:70 ;; Nodes Proc: 12,679,241 -- Edges Proc: 12,820,222
======== IT IS COLD ======= Only 917 Tiles active

===PRINTING FRAME STATS

FCollision In Avg:70, SD:68, Max:357, Min:0
FCollision Out Avg:55, SD:55, Max:198, Min:0
FCollision End Avg:1, SD:9, Max:101, Min:0
FTask1 Avg:3, SD:7, Max:85, Min:0
FTask2 Avg:14, SD:22, Max:100, Min:0
FTask3 Avg:13, SD:4, Max:62, Min:0
FCore Active Avg:29, SD:23, Max:100, Min:6
FRouter Active Avg:58, SD:20, Max:98, Min:5
T1 invocations: 8,708
T2 invocations: 75,849
T3 invocations: 38,808
T3b invocations: 2,555,256
Total3 invocations: 2,594,064
Total4 invocations: 0

T3/T2 ratio: 1
T3b/T3 ratio: 66

T1 avg ex cycles: 120
T2 avg ex cycles: 76
T3&b avg ex cycles: 2
T4 avg ex cycles: -nan
Avg. hops NOC1: 30
Avg. latency NOC1 (T2): 21,669
Avg. hops NOC2: 11
Avg. latency NOC2 (T3): 1,169

===PRINTING ACUM STATS at pu_cycles: 80,761

ACollision In Avg:138, SD:58, Max:311, Min:4
ACollision Out Avg:92, SD:43, Max:234, Min:0
ACollision End Avg:2, SD:8, Max:96, Min:0
ATask1 Avg:6, SD:2, Max:32, Min:0
ATask2 Avg:16, SD:7, Max:24, Min:0
ATask3 Avg:14, SD:2, Max:25, Min:9
ACore Active Avg:37, SD:9, Max:73, Min:12
ARouter Active Avg:67, SD:12, Max:92, Min:21
T1 invocations: 727,508
T2 invocations: 3,496,407
T3 invocations: 1,752,966
T3b invocations: 109,455,251
Total3 invocations: 111,208,217
Total4 invocations: 0

T3/T2 ratio: 1
T3b/T3 ratio: 62

T1 avg ex cycles: 122
T2 avg ex cycles: 72
T3&b avg ex cycles: 2
T4 avg ex cycles: -nan
Avg. hops NOC1: 25
Avg. latency NOC1 (T2): 14,425
Avg. hops NOC2: 12
Avg. latency NOC2 (T3): 1,795
Number of K Nodes Processed: 111,443
Number of K Edges Processed: 112,205
Node Re-explore factor: 26.57
Edge Re-explore factor: 0.87
Nodes/cy: 1,380
Edges/cy: 1,389
TEPS: 1,589

---Pcache---
Pcache Size: 16,384
Cached: 0
  PHits: 0
  PMisses: 0
  PHit Rate (hit/miss): -nan%
  PEvictions: 0
  PEviction Rate (evict/misses): -nan%

---Energy---
Leakage Energy (nJ): 145,428
PU Dyn E (nJ): 6,629,442
Mem Dyn E (nJ): 24,220,718
Route Dyn E (nJ): 8,523,571
Dynamic Energy (nJ): 39,373,731
Ratio of Dyn/Leak: 271
Total Energy (nJ): 39,519,159
Total Energy (nJ) 3D: 40,273,572
Cores Energy (nJ): 6,633,038
Route Energy (nJ): 8,525,642
Route Energy (nJ) 3D: 9,280,055
Mem Energy   (nJ): 24,360,479
Mem Energy   (nJ) 3D: 24,360,479
Avg. Power (mW): 489,334.69
Power Density (mW/mm2): 141.38

---Runtime---
Runtime in K cycles: 80.76
Microseconds: 80.76
Time per iteration (ms): 0.08

---Throughput---
GOP/s (aka OPS/ns): 6,961.50
GOP/s per core: 0.42
FLOP/s: 2,763.65
FLOP/s per core: 0.17
Max Peak FLOP/s: 16,384.00
Avg. BW GB/s: 57,541.64
Max BW GB/s: 65,536.00

---Traffic---
In-Die bisection_bytes BW (GB/s): 2,048.00
Inter-board traffic (msg/ns): 0.00, per-link: 0.00
Inter-pack traffic (msg/ns): 0.00, per-link: 0.00
Inter-die traffic (msg/ns): 0.00, per-link: 0.00
Ruche traffic (msg/ns): 0.00, per-link: 0.00
All traffic (msg/ns): 35,686.84, per-link: 2.18
Inter-die reduction wrt all: inf
Inter-board reduction wrt inter-die: -nan

---Data Movement---
All traffic (msg): 2,882,104,682
Arith. Intensity FLOP/Loads: 0.38
Arith. Intensity FLOP/Msgs: 0.08
Arith. Intensity GOPS/Loads: 0.00
Arith. Intensity GOPS/Msgs: 0.00



===Core Utilization Total=== CORE-S:8;; TIME K cy:80 ;; Nodes Proc: 13,753,701 -- Edges Proc: 13,840,820
======== IT IS COLD ======= Only 614 Tiles active

===PRINTING FRAME STATS

FCollision In Avg:50, SD:63, Max:337, Min:0
FCollision Out Avg:38, SD:50, Max:208, Min:0
FCollision End Avg:1, SD:8, Max:101, Min:0
FTask1 Avg:2, SD:7, Max:61, Min:0
FTask2 Avg:13, SD:23, Max:100, Min:0
FTask3 Avg:12, SD:4, Max:45, Min:0
FCore Active Avg:27, SD:24, Max:100, Min:7
FRouter Active Avg:55, SD:21, Max:101, Min:4
T1 invocations: 7,536
T2 invocations: 70,274
T3 invocations: 39,078
T3b invocations: 2,408,098
Total3 invocations: 2,447,176
Total4 invocations: 0

T3/T2 ratio: 1
T3b/T3 ratio: 62

T1 avg ex cycles: 125
T2 avg ex cycles: 76
T3&b avg ex cycles: 2
T4 avg ex cycles: -nan
Avg. hops NOC1: 26
Avg. latency NOC1 (T2): 22,495
Avg. hops NOC2: 11
Avg. latency NOC2 (T3): 1,137

===PRINTING ACUM STATS at pu_cycles: 90,792

ACollision In Avg:128, SD:56, Max:309, Min:3
ACollision Out Avg:86, SD:42, Max:226, Min:0
ACollision End Avg:1, SD:8, Max:95, Min:0
ATask1 Avg:6, SD:1, Max:29, Min:0
ATask2 Avg:16, SD:6, Max:21, Min:0
ATask3 Avg:14, SD:2, Max:24, Min:9
ACore Active Avg:36, SD:7, Max:67, Min:12
ARouter Active Avg:65, SD:12, Max:90, Min:19
T1 invocations: 743,890
T2 invocations: 3,652,078
T3 invocations: 1,842,181
T3b invocations: 114,983,626
Total3 invocations: 116,825,807
Total4 invocations: 0

T3/T2 ratio: 1
T3b/T3 ratio: 62

T1 avg ex cycles: 122
T2 avg ex cycles: 72
T3&b avg ex cycles: 2
T4 avg ex cycles: -nan
Avg. hops NOC1: 25
Avg. latency NOC1 (T2): 14,784
Avg. hops NOC2: 12
Avg. latency NOC2 (T3): 1,772
Number of K Nodes Processed: 116,998
Number of K Edges Processed: 117,493
Node Re-explore factor: 27.89
Edge Re-explore factor: 0.92
Nodes/cy: 1,289
Edges/cy: 1,294
TEPS: 1,413

---Pcache---
Pcache Size: 16,384
Cached: 0
  PHits: 0
  PMisses: 0
  PHit Rate (hit/miss): -nan%
  PEvictions: 0
  PEviction Rate (evict/misses): -nan%

---Energy---
Leakage Energy (nJ): 163,491
PU Dyn E (nJ): 6,943,804
Mem Dyn E (nJ): 25,400,186
Route Dyn E (nJ): 8,917,691
Dynamic Energy (nJ): 41,261,682
Ratio of Dyn/Leak: 252
Total Energy (nJ): 41,425,173
Total Energy (nJ) 3D: 42,214,469
Cores Energy (nJ): 6,947,847
Route Energy (nJ): 8,920,019
Route Energy (nJ) 3D: 9,709,316
Mem Energy   (nJ): 25,557,307
Mem Energy   (nJ) 3D: 25,557,307
Avg. Power (mW): 456,264.57
Power Density (mW/mm2): 131.82

---Runtime---
Runtime in K cycles: 90.79
Microseconds: 90.79
Time per iteration (ms): 0.09

---Throughput---
GOP/s (aka OPS/ns): 6,469.85
GOP/s per core: 0.39
FLOP/s: 2,578.92
FLOP/s per core: 0.16
Max Peak FLOP/s: 16,384.00
Avg. BW GB/s: 53,676.79
Max BW GB/s: 65,536.00

---Traffic---
In-Die bisection_bytes BW (GB/s): 2,048.00
Inter-board traffic (msg/ns): 0.00, per-link: 0.00
Inter-pack traffic (msg/ns): 0.00, per-link: 0.00
Inter-die traffic (msg/ns): 0.00, per-link: 0.00
Ruche traffic (msg/ns): 0.00, per-link: 0.00
All traffic (msg/ns): 33,222.12, per-link: 2.03
Inter-die reduction wrt all: inf
Inter-board reduction wrt inter-die: -nan

---Data Movement---
All traffic (msg): 3,016,302,887
Arith. Intensity FLOP/Loads: 0.38
Arith. Intensity FLOP/Msgs: 0.08
Arith. Intensity GOPS/Loads: 0.00
Arith. Intensity GOPS/Msgs: 0.00



===Core Utilization Total=== CORE-S:9;; TIME K cy:90 ;; Nodes Proc: 14,471,261 -- Edges Proc: 14,535,811
======== IT IS COLD ======= Only 440 Tiles active

===PRINTING FRAME STATS

FCollision In Avg:33, SD:56, Max:447, Min:0
FCollision Out Avg:26, SD:44, Max:201, Min:0
FCollision End Avg:1, SD:7, Max:100, Min:0
FTask1 Avg:2, SD:6, Max:77, Min:0
FTask2 Avg:11, SD:22, Max:100, Min:0
FTask3 Avg:10, SD:4, Max:38, Min:0
FCore Active Avg:22, SD:24, Max:100, Min:2
FRouter Active Avg:45, SD:24, Max:100, Min:1
T1 invocations: 5,711
T2 invocations: 54,449
T3 invocations: 28,526
T3b invocations: 1,985,888
Total3 invocations: 2,014,414
Total4 invocations: 0

T3/T2 ratio: 1
T3b/T3 ratio: 70

T1 avg ex cycles: 127
T2 avg ex cycles: 79
T3&b avg ex cycles: 2
T4 avg ex cycles: -nan
Avg. hops NOC1: 23
Avg. latency NOC1 (T2): 22,413
Avg. hops NOC2: 11
Avg. latency NOC2 (T3): 1,157

===PRINTING ACUM STATS at pu_cycles: 100,737

ACollision In Avg:119, SD:54, Max:312, Min:3
ACollision Out Avg:80, SD:41, Max:215, Min:0
ACollision End Avg:1, SD:7, Max:96, Min:0
ATask1 Avg:6, SD:1, Max:26, Min:0
ATask2 Avg:16, SD:4, Max:19, Min:0
ATask3 Avg:14, SD:2, Max:22, Min:9
ACore Active Avg:35, SD:5, Max:61, Min:12
ARouter Active Avg:63, SD:12, Max:88, Min:18
T1 invocations: 754,781
T2 invocations: 3,761,082
T3 invocations: 1,898,763
T3b invocations: 118,877,560
Total3 invocations: 120,776,323
Total4 invocations: 0

T3/T2 ratio: 1
T3b/T3 ratio: 63

T1 avg ex cycles: 122
T2 avg ex cycles: 72
T3&b avg ex cycles: 2
T4 avg ex cycles: -nan
Avg. hops NOC1: 25
Avg. latency NOC1 (T2): 15,018
Avg. hops NOC2: 12
Avg. latency NOC2 (T3): 1,754
Number of K Nodes Processed: 120,907
Number of K Edges Processed: 121,247
Node Re-explore factor: 28.83
Edge Re-explore factor: 0.94
Nodes/cy: 1,200
Edges/cy: 1,204
TEPS: 1,274

---Pcache---
Pcache Size: 16,384
Cached: 0
  PHits: 0
  PMisses: 0
  PHit Rate (hit/miss): -nan%
  PEvictions: 0
  PEviction Rate (evict/misses): -nan%

---Energy---
Leakage Energy (nJ): 181,399
PU Dyn E (nJ): 7,165,766
Mem Dyn E (nJ): 26,232,813
Route Dyn E (nJ): 9,195,315
Dynamic Energy (nJ): 42,593,895
Ratio of Dyn/Leak: 235
Total Energy (nJ): 42,775,294
Total Energy (nJ) 3D: 43,589,163
Cores Energy (nJ): 7,170,252
Route Energy (nJ): 9,197,898
Route Energy (nJ) 3D: 10,011,767
Mem Energy   (nJ): 26,407,145
Mem Energy   (nJ) 3D: 26,407,145
Avg. Power (mW): 424,623.47
Power Density (mW/mm2): 122.68

---Runtime---
Runtime in K cycles: 100.74
Microseconds: 100.74
Time per iteration (ms): 0.10

---Throughput---
GOP/s (aka OPS/ns): 6,007.18
GOP/s per core: 0.37
FLOP/s: 2,401.21
FLOP/s per core: 0.15
Max Peak FLOP/s: 16,384.00
Avg. BW GB/s: 49,963.57
Max BW GB/s: 65,536.00

---Traffic---
In-Die bisection_bytes BW (GB/s): 2,048.00
Inter-board traffic (msg/ns): 0.00, per-link: 0.00
Inter-pack traffic (msg/ns): 0.00, per-link: 0.00
Inter-die traffic (msg/ns): 0.00, per-link: 0.00
Ruche traffic (msg/ns): 0.00, per-link: 0.00
All traffic (msg/ns): 30,880.60, per-link: 1.88
Inter-die reduction wrt all: inf
Inter-board reduction wrt inter-die: -nan

---Data Movement---
All traffic (msg): 3,110,818,757
Arith. Intensity FLOP/Loads: 0.38
Arith. Intensity FLOP/Msgs: 0.08
Arith. Intensity GOPS/Loads: 0.00
Arith. Intensity GOPS/Msgs: 0.00



===Core Utilization Total=== CORE-S:10;; TIME K cy:100 ;; Nodes Proc: 14,976,912 -- Edges Proc: 15,018,139
======== IT IS COLD ======= Only 312 Tiles active

===PRINTING FRAME STATS

FCollision In Avg:20, SD:42, Max:335, Min:0
FCollision Out Avg:15, SD:33, Max:191, Min:0
FCollision End Avg:0, SD:5, Max:100, Min:0
FTask1 Avg:1, SD:6, Max:57, Min:0
FTask2 Avg:8, SD:20, Max:100, Min:0
FTask3 Avg:8, SD:5, Max:35, Min:0
FCore Active Avg:17, SD:23, Max:100, Min:0
FRouter Active Avg:36, SD:26, Max:100, Min:0
T1 invocations: 4,264
T2 invocations: 44,075
T3 invocations: 21,109
T3b invocations: 1,514,076
Total3 invocations: 1,535,185
Total4 invocations: 0

T3/T2 ratio: 0
T3b/T3 ratio: 72

T1 avg ex cycles: 127
T2 avg ex cycles: 75
T3&b avg ex cycles: 2
T4 avg ex cycles: -nan
Avg. hops NOC1: 27
Avg. latency NOC1 (T2): 22,642
Avg. hops NOC2: 11
Avg. latency NOC2 (T3): 1,059

===PRINTING ACUM STATS at pu_cycles: 110,600

ACollision In Avg:110, SD:51, Max:305, Min:3
ACollision Out Avg:74, SD:39, Max:202, Min:0
ACollision End Avg:1, SD:7, Max:96, Min:0
ATask1 Avg:5, SD:1, Max:23, Min:0
ATask2 Avg:15, SD:3, Max:17, Min:0
ATask3 Avg:13, SD:1, Max:20, Min:9
ACore Active Avg:33, SD:4, Max:57, Min:12
ARouter Active Avg:61, SD:11, Max:84, Min:18
T1 invocations: 763,266
T2 invocations: 3,848,506
T3 invocations: 1,941,529
T3b invocations: 121,894,319
Total3 invocations: 123,835,848
Total4 invocations: 0

T3/T2 ratio: 1
T3b/T3 ratio: 63

T1 avg ex cycles: 122
T2 avg ex cycles: 72
T3&b avg ex cycles: 2
T4 avg ex cycles: -nan
Avg. hops NOC1: 25
Avg. latency NOC1 (T2): 15,231
Avg. hops NOC2: 12
Avg. latency NOC2 (T3): 1,737
Number of K Nodes Processed: 123,904
Number of K Edges Processed: 124,114
Node Re-explore factor: 29.54
Edge Re-explore factor: 0.97
Nodes/cy: 1,120
Edges/cy: 1,122
TEPS: 1,160

---Pcache---
Pcache Size: 16,384
Cached: 0
  PHits: 0
  PMisses: 0
  PHit Rate (hit/miss): -nan%
  PEvictions: 0
  PEviction Rate (evict/misses): -nan%

---Energy---
Leakage Energy (nJ): 199,160
PU Dyn E (nJ): 7,337,464
Mem Dyn E (nJ): 26,876,929
Route Dyn E (nJ): 9,411,176
Dynamic Energy (nJ): 43,625,570
Ratio of Dyn/Leak: 219
Total Energy (nJ): 43,824,730
Total Energy (nJ) 3D: 44,657,704
Cores Energy (nJ): 7,342,389
Route Energy (nJ): 9,414,012
Route Energy (nJ) 3D: 10,246,986
Mem Energy   (nJ): 27,068,329
Mem Energy   (nJ) 3D: 27,068,329
Avg. Power (mW): 396,245.30
Power Density (mW/mm2): 114.48

---Runtime---
Runtime in K cycles: 110.60
Microseconds: 110.60
Time per iteration (ms): 0.11

---Throughput---
GOP/s (aka OPS/ns): 5,595.76
GOP/s per core: 0.34
FLOP/s: 2,241.18
FLOP/s per core: 0.14
Max Peak FLOP/s: 16,384.00
Avg. BW GB/s: 46,625.38
Max BW GB/s: 65,536.00

---Traffic---
In-Die bisection_bytes BW (GB/s): 2,048.00
Inter-board traffic (msg/ns): 0.00, per-link: 0.00
Inter-pack traffic (msg/ns): 0.00, per-link: 0.00
Inter-die traffic (msg/ns): 0.00, per-link: 0.00
Ruche traffic (msg/ns): 0.00, per-link: 0.00
All traffic (msg/ns): 28,791.06, per-link: 1.76
Inter-die reduction wrt all: inf
Inter-board reduction wrt inter-die: -nan

---Data Movement---
All traffic (msg): 3,184,291,551
Arith. Intensity FLOP/Loads: 0.38
Arith. Intensity FLOP/Msgs: 0.08
Arith. Intensity GOPS/Loads: 0.00
Arith. Intensity GOPS/Msgs: 0.00



===Core Utilization Total=== CORE-S:11;; TIME K cy:110 ;; Nodes Proc: 15,387,104 -- Edges Proc: 15,418,776
======== IT IS COLD ======= Only 218 Tiles active

===PRINTING FRAME STATS

FCollision In Avg:10, SD:29, Max:250, Min:0
FCollision Out Avg:7, SD:20, Max:153, Min:0
FCollision End Avg:0, SD:3, Max:77, Min:0
FTask1 Avg:1, SD:5, Max:54, Min:0
FTask2 Avg:6, SD:18, Max:100, Min:0
FTask3 Avg:6, SD:5, Max:32, Min:0
FCore Active Avg:13, SD:21, Max:100, Min:0
FRouter Active Avg:28, SD:25, Max:99, Min:0
T1 invocations: 2,861
T2 invocations: 34,468
T3 invocations: 17,528
T3b invocations: 1,195,121
Total3 invocations: 1,212,649
Total4 invocations: 0

T3/T2 ratio: 1
T3b/T3 ratio: 68

T1 avg ex cycles: 131
T2 avg ex cycles: 76
T3&b avg ex cycles: 2
T4 avg ex cycles: -nan
Avg. hops NOC1: 22
Avg. latency NOC1 (T2): 25,544
Avg. hops NOC2: 11
Avg. latency NOC2 (T3): 896

===PRINTING ACUM STATS at pu_cycles: 120,503

ACollision In Avg:101, SD:48, Max:283, Min:3
ACollision Out Avg:68, SD:36, Max:185, Min:0
ACollision End Avg:1, SD:6, Max:94, Min:0
ATask1 Avg:5, SD:1, Max:22, Min:1
ATask2 Avg:14, SD:2, Max:17, Min:0
ATask3 Avg:13, SD:1, Max:18, Min:9
ACore Active Avg:32, SD:3, Max:53, Min:12
ARouter Active Avg:58, SD:11, Max:81, Min:17
T1 invocations: 768,915
T2 invocations: 3,916,999
T3 invocations: 1,975,038
T3b invocations: 124,246,840
Total3 invocations: 126,221,878
Total4 invocations: 0

T3/T2 ratio: 1
T3b/T3 ratio: 63

T1 avg ex cycles: 122
T2 avg ex cycles: 73
T3&b avg ex cycles: 2
T4 avg ex cycles: -nan
Avg. hops NOC1: 25
Avg. latency NOC1 (T2): 15,424
Avg. hops NOC2: 12
Avg. latency NOC2 (T3): 1,720
Number of K Nodes Processed: 126,264
Number of K Edges Processed: 126,418
Node Re-explore factor: 30.10
Edge Re-explore factor: 0.99
Nodes/cy: 1,048
Edges/cy: 1,049
TEPS: 1,065

---Pcache---
Pcache Size: 16,384
Cached: 0
  PHits: 0
  PMisses: 0
  PHit Rate (hit/miss): -nan%
  PEvictions: 0
  PEviction Rate (evict/misses): -nan%

---Energy---
Leakage Energy (nJ): 216,993
PU Dyn E (nJ): 7,471,803
Mem Dyn E (nJ): 27,381,381
Route Dyn E (nJ): 9,574,102
Dynamic Energy (nJ): 44,427,287
Ratio of Dyn/Leak: 205
Total Energy (nJ): 44,644,280
Total Energy (nJ) 3D: 45,491,675
Cores Energy (nJ): 7,477,169
Route Energy (nJ): 9,577,192
Route Energy (nJ) 3D: 10,424,587
Mem Energy   (nJ): 27,589,919
Mem Energy   (nJ) 3D: 27,589,919
Avg. Power (mW): 370,482.72
Power Density (mW/mm2): 107.04

---Runtime---
Runtime in K cycles: 120.50
Microseconds: 120.50
Time per iteration (ms): 0.12

---Throughput---
GOP/s (aka OPS/ns): 5,224.58
GOP/s per core: 0.32
FLOP/s: 2,096.00
FLOP/s per core: 0.13
Max Peak FLOP/s: 16,384.00
Avg. BW GB/s: 43,596.90
Max BW GB/s: 65,536.00

---Traffic---
In-Die bisection_bytes BW (GB/s): 2,048.00
Inter-board traffic (msg/ns): 0.00, per-link: 0.00
Inter-pack traffic (msg/ns): 0.00, per-link: 0.00
Inter-die traffic (msg/ns): 0.00, per-link: 0.00
Ruche traffic (msg/ns): 0.00, per-link: 0.00
All traffic (msg/ns): 26,886.53, per-link: 1.64
Inter-die reduction wrt all: inf
Inter-board reduction wrt inter-die: -nan

---Data Movement---
All traffic (msg): 3,239,907,958
Arith. Intensity FLOP/Loads: 0.39
Arith. Intensity FLOP/Msgs: 0.08
Arith. Intensity GOPS/Loads: 0.00
Arith. Intensity GOPS/Msgs: 0.00



===Core Utilization Total=== CORE-S:12;; TIME K cy:120 ;; Nodes Proc: 15,709,588 -- Edges Proc: 15,732,016
======== IT IS COLD ======= Only 161 Tiles active

===PRINTING FRAME STATS

FCollision In Avg:3, SD:13, Max:182, Min:0
FCollision Out Avg:1, SD:7, Max:94, Min:0
FCollision End Avg:0, SD:1, Max:60, Min:0
FTask1 Avg:0, SD:4, Max:65, Min:0
FTask2 Avg:4, SD:16, Max:100, Min:0
FTask3 Avg:4, SD:4, Max:28, Min:0
FCore Active Avg:9, SD:18, Max:100, Min:0
FRouter Active Avg:18, SD:21, Max:100, Min:0
T1 invocations: 1,359
T2 invocations: 23,197
T3 invocations: 10,474
T3b invocations: 816,865
Total3 invocations: 827,339
Total4 invocations: 0

T3/T2 ratio: 0
T3b/T3 ratio: 78

T1 avg ex cycles: 135
T2 avg ex cycles: 75
T3&b avg ex cycles: 2
T4 avg ex cycles: -nan
Avg. hops NOC1: 15
Avg. latency NOC1 (T2): 24,424
Avg. hops NOC2: 10
Avg. latency NOC2 (T3): 891

===PRINTING ACUM STATS at pu_cycles: 130,483

ACollision In Avg:94, SD:44, Max:261, Min:2
ACollision Out Avg:63, SD:34, Max:171, Min:0
ACollision End Avg:1, SD:6, Max:87, Min:0
ATask1 Avg:4, SD:1, Max:20, Min:2
ATask2 Avg:13, SD:1, Max:15, Min:0
ATask3 Avg:12, SD:1, Max:17, Min:9
ACore Active Avg:30, SD:2, Max:50, Min:17
ARouter Active Avg:55, SD:11, Max:76, Min:17
T1 invocations: 771,825
T2 invocations: 3,957,923
T3 invocations: 1,994,832
T3b invocations: 125,726,957
Total3 invocations: 127,721,789
Total4 invocations: 0

T3/T2 ratio: 1
T3b/T3 ratio: 63

T1 avg ex cycles: 122
T2 avg ex cycles: 73
T3&b avg ex cycles: 2
T4 avg ex cycles: -nan
Avg. hops NOC1: 25
Avg. latency NOC1 (T2): 15,479
Avg. hops NOC2: 12
Avg. latency NOC2 (T3): 1,710
Number of K Nodes Processed: 127,733
Number of K Edges Processed: 127,796
Node Re-explore factor: 30.45
Edge Re-explore factor: 1.00
Nodes/cy: 979
Edges/cy: 979
TEPS: 983

---Pcache---
Pcache Size: 16,384
Cached: 0
  PHits: 0
  PMisses: 0
  PHit Rate (hit/miss): -nan%
  PEvictions: 0
  PEviction Rate (evict/misses): -nan%

---Energy---
Leakage Energy (nJ): 234,964
PU Dyn E (nJ): 7,554,420
Mem Dyn E (nJ): 27,693,396
Route Dyn E (nJ): 9,670,050
Dynamic Energy (nJ): 44,917,866
Ratio of Dyn/Leak: 191
Total Energy (nJ): 45,152,830
Total Energy (nJ) 3D: 46,008,717
Cores Energy (nJ): 7,560,230
Route Energy (nJ): 9,673,395
Route Energy (nJ) 3D: 10,529,283
Mem Energy   (nJ): 27,919,205
Mem Energy   (nJ) 3D: 27,919,205
Avg. Power (mW): 346,043.77
Power Density (mW/mm2): 99.98

---Runtime---
Runtime in K cycles: 130.48
Microseconds: 130.48
Time per iteration (ms): 0.13

---Throughput---
GOP/s (aka OPS/ns): 4,875.02
GOP/s per core: 0.30
FLOP/s: 1,957.92
FLOP/s per core: 0.12
Max Peak FLOP/s: 16,384.00
Avg. BW GB/s: 40,721.19
Max BW GB/s: 65,536.00

---Traffic---
In-Die bisection_bytes BW (GB/s): 2,048.00
Inter-board traffic (msg/ns): 0.00, per-link: 0.00
Inter-pack traffic (msg/ns): 0.00, per-link: 0.00
Inter-die traffic (msg/ns): 0.00, per-link: 0.00
Ruche traffic (msg/ns): 0.00, per-link: 0.00
All traffic (msg/ns): 25,082.59, per-link: 1.53
Inter-die reduction wrt all: inf
Inter-board reduction wrt inter-die: -nan

---Data Movement---
All traffic (msg): 3,272,851,958
Arith. Intensity FLOP/Loads: 0.39
Arith. Intensity FLOP/Msgs: 0.08
Arith. Intensity GOPS/Loads: 0.00
Arith. Intensity GOPS/Msgs: 0.00



===Core Utilization Total=== CORE-S:13;; TIME K cy:130 ;; Nodes Proc: 15,943,795 -- Edges Proc: 15,954,609
======== IT IS COLD ======= Only 55 Tiles active

===PRINTING FRAME STATS

FCollision In Avg:0, SD:2, Max:64, Min:0
FCollision Out Avg:0, SD:1, Max:25, Min:0
FCollision End Avg:0, SD:0, Max:0, Min:0
FTask1 Avg:0, SD:1, Max:34, Min:0
FTask2 Avg:1, SD:9, Max:100, Min:0
FTask3 Avg:1, SD:2, Max:21, Min:0
FCore Active Avg:3, SD:10, Max:100, Min:0
FRouter Active Avg:6, SD:10, Max:86, Min:0
T1 invocations: 130
T2 invocations: 7,363
T3 invocations: 3,454
T3b invocations: 276,388
Total3 invocations: 279,842
Total4 invocations: 0

T3/T2 ratio: 0
T3b/T3 ratio: 80

T1 avg ex cycles: 143
T2 avg ex cycles: 76
T3&b avg ex cycles: 2
T4 avg ex cycles: -nan
Avg. hops NOC1: 8
Avg. latency NOC1 (T2): 17,707
Avg. hops NOC2: 10
Avg. latency NOC2 (T3): 1,165

===PRINTING ACUM STATS at pu_cycles: 140,265

ACollision In Avg:87, SD:41, Max:243, Min:2
ACollision Out Avg:58, SD:31, Max:159, Min:0
ACollision End Avg:1, SD:5, Max:80, Min:0
ATask1 Avg:4, SD:1, Max:18, Min:3
ATask2 Avg:13, SD:0, Max:14, Min:6
ATask3 Avg:11, SD:1, Max:16, Min:9
ACore Active Avg:28, SD:1, Max:47, Min:23
ARouter Active Avg:52, SD:10, Max:72, Min:16
T1 invocations: 772,615
T2 invocations: 3,971,584
T3 invocations: 2,001,208
T3b invocations: 126,225,204
Total3 invocations: 128,226,412
Total4 invocations: 0

T3/T2 ratio: 1
T3b/T3 ratio: 63

T1 avg ex cycles: 122
T2 avg ex cycles: 73
T3&b avg ex cycles: 2
T4 avg ex cycles: -nan
Avg. hops NOC1: 25
Avg. latency NOC1 (T2): 15,472
Avg. hops NOC2: 12
Avg. latency NOC2 (T3): 1,708
Number of K Nodes Processed: 128,229
Number of K Edges Processed: 128,236
Node Re-explore factor: 30.57
Edge Re-explore factor: 1.00
Nodes/cy: 914
Edges/cy: 914
TEPS: 915

---Pcache---
Pcache Size: 16,384
Cached: 0
  PHits: 0
  PMisses: 0
  PHit Rate (hit/miss): -nan%
  PEvictions: 0
  PEviction Rate (evict/misses): -nan%

---Energy---
Leakage Energy (nJ): 252,578
PU Dyn E (nJ): 7,582,257
Mem Dyn E (nJ): 27,798,661
Route Dyn E (nJ): 9,700,441
Dynamic Energy (nJ): 45,081,358
Ratio of Dyn/Leak: 178
Total Energy (nJ): 45,333,936
Total Energy (nJ) 3D: 46,192,514
Cores Energy (nJ): 7,588,503
Route Energy (nJ): 9,704,037
Route Energy (nJ) 3D: 10,562,614
Mem Energy   (nJ): 28,041,398
Mem Energy   (nJ) 3D: 28,041,398
Avg. Power (mW): 323,202.06
Power Density (mW/mm2): 93.38

---Runtime---
Runtime in K cycles: 140.26
Microseconds: 140.26
Time per iteration (ms): 0.14

---Throughput---
GOP/s (aka OPS/ns): 4,550.62
GOP/s per core: 0.28
FLOP/s: 1,828.37
FLOP/s per core: 0.11
Max Peak FLOP/s: 16,384.00
Avg. BW GB/s: 38,025.31
Max BW GB/s: 65,536.00

---Traffic---
In-Die bisection_bytes BW (GB/s): 2,048.00
Inter-board traffic (msg/ns): 0.00, per-link: 0.00
Inter-pack traffic (msg/ns): 0.00, per-link: 0.00
Inter-die traffic (msg/ns): 0.00, per-link: 0.00
Ruche traffic (msg/ns): 0.00, per-link: 0.00
All traffic (msg/ns): 23,408.18, per-link: 1.43
Inter-die reduction wrt all: inf
Inter-board reduction wrt inter-die: -nan

---Data Movement---
All traffic (msg): 3,283,347,870
Arith. Intensity FLOP/Loads: 0.39
Arith. Intensity FLOP/Msgs: 0.08
Arith. Intensity GOPS/Loads: 0.00
Arith. Intensity GOPS/Msgs: 0.00



===Core Utilization Total=== CORE-S:14;; TIME K cy:140 ;; Nodes Proc: 16,029,622 -- Edges Proc: 16,031,158
======== IT IS COLD ======= Only 18 Tiles active

===PRINTING FRAME STATS

FCollision In Avg:0, SD:2, Max:64, Min:0
FCollision Out Avg:0, SD:1, Max:25, Min:0
FCollision End Avg:0, SD:0, Max:0, Min:0
FTask1 Avg:0, SD:1, Max:34, Min:0
FTask2 Avg:1, SD:8, Max:100, Min:0
FTask3 Avg:1, SD:2, Max:20, Min:0
FCore Active Avg:2, SD:8, Max:100, Min:0
FRouter Active Avg:5, SD:9, Max:86, Min:0
T1 invocations: 130
T2 invocations: 5,484
T3 invocations: 2,619
T3b invocations: 200,814
Total3 invocations: 203,433
Total4 invocations: 0

T3/T2 ratio: 0
T3b/T3 ratio: 77

T1 avg ex cycles: 143
T2 avg ex cycles: 74
T3&b avg ex cycles: 2
T4 avg ex cycles: -nan
Avg. hops NOC1: 9
Avg. latency NOC1 (T2): 18,736
Avg. hops NOC2: 10
Avg. latency NOC2 (T3): 1,172

===PRINTING ACUM STATS at pu_cycles: 150,100

ACollision In Avg:86, SD:40, Max:243, Min:2
ACollision Out Avg:57, SD:31, Max:159, Min:0
ACollision End Avg:1, SD:5, Max:80, Min:0
ATask1 Avg:4, SD:1, Max:17, Min:3
ATask2 Avg:12, SD:1, Max:14, Min:7
ATask3 Avg:11, SD:1, Max:16, Min:8
ACore Active Avg:27, SD:1, Max:43, Min:23
ARouter Active Avg:51, SD:10, Max:72, Min:15
T1 invocations: 772,615
T2 invocations: 3,972,649
T3 invocations: 2,001,888
T3b invocations: 126,277,245
Total3 invocations: 128,279,133
Total4 invocations: 0

T3/T2 ratio: 1
T3b/T3 ratio: 63

T1 avg ex cycles: 122
T2 avg ex cycles: 73
T3&b avg ex cycles: 2
T4 avg ex cycles: -nan
Avg. hops NOC1: 25
Avg. latency NOC1 (T2): 15,471
Avg. hops NOC2: 12
Avg. latency NOC2 (T3): 1,708
Number of K Nodes Processed: 128,309
Number of K Edges Processed: 128,310
Node Re-explore factor: 30.59
Edge Re-explore factor: 1.00
Nodes/cy: 855
Edges/cy: 855
TEPS: 855

---Pcache---
Pcache Size: 16,384
Cached: 0
  PHits: 0
  PMisses: 0
  PHit Rate (hit/miss): -nan%
  PEvictions: 0
  PEviction Rate (evict/misses): -nan%

---Energy---
Leakage Energy (nJ): 270,289
PU Dyn E (nJ): 7,584,943
Mem Dyn E (nJ): 27,809,068
Route Dyn E (nJ): 9,703,527
Dynamic Energy (nJ): 45,097,539
Ratio of Dyn/Leak: 167
Total Energy (nJ): 45,367,828
Total Energy (nJ) 3D: 46,226,679
Cores Energy (nJ): 7,591,627
Route Energy (nJ): 9,707,376
Route Energy (nJ) 3D: 10,566,226
Mem Energy   (nJ): 28,068,825
Mem Energy   (nJ) 3D: 28,068,825
Avg. Power (mW): 302,250.68
Power Density (mW/mm2): 87.32

---Runtime---
Runtime in K cycles: 150.10
Microseconds: 150.10
Time per iteration (ms): 0.15

---Throughput---
GOP/s (aka OPS/ns): 4,253.79
GOP/s per core: 0.26
FLOP/s: 1,709.21
FLOP/s per core: 0.10
Max Peak FLOP/s: 16,384.00
Avg. BW GB/s: 35,547.08
Max BW GB/s: 65,536.00

---Traffic---
In-Die bisection_bytes BW (GB/s): 2,048.00
Inter-board traffic (msg/ns): 0.00, per-link: 0.00
Inter-pack traffic (msg/ns): 0.00, per-link: 0.00
Inter-die traffic (msg/ns): 0.00, per-link: 0.00
Ruche traffic (msg/ns): 0.00, per-link: 0.00
All traffic (msg/ns): 21,881.52, per-link: 1.34
Inter-die reduction wrt all: inf
Inter-board reduction wrt inter-die: -nan

---Data Movement---
All traffic (msg): 3,284,415,860
Arith. Intensity FLOP/Loads: 0.39
Arith. Intensity FLOP/Msgs: 0.08
Arith. Intensity GOPS/Loads: 0.00
Arith. Intensity GOPS/Msgs: 0.00



===Core Utilization Total=== CORE-S:15;; TIME K cy:150 ;; Nodes Proc: 16,039,936 -- Edges Proc: 16,039,936
======== IT IS COLD ======= Only 0 Tiles active
Epoch Done Router: 5
Epoch Done Router: 0
Epoch Done Router: 4
Epoch Done Router: 2
Epoch Done Router: 6
Epoch Done Router: 1
Epoch Done Router: 7
Epoch Done Router: 3
##EPOCH## 1 COMPLETED at Time (K cy): 153
Nodes processed until now: 128,311,436
Edges processed until now: 128,311,436
INIT epoch: 2
INIT epoch: 2
INIT epoch: 2
INIT epoch: 2
INIT epoch: 2
INIT epoch: 2
INIT epoch: 2
INIT epoch: 2

===PRINTING FRAME STATS

FCollision In Avg:74, SD:11, Max:199, Min:30
FCollision Out Avg:54, SD:12, Max:105, Min:9
FCollision End Avg:0, SD:0, Max:0, Min:0
FTask1 Avg:0, SD:0, Max:0, Min:0
FTask2 Avg:0, SD:0, Max:0, Min:0
FTask3 Avg:3, SD:2, Max:25, Min:0
FCore Active Avg:6, SD:4, Max:40, Min:2
FRouter Active Avg:54, SD:10, Max:73, Min:29
T1 invocations: 0
T2 invocations: 0
T3 invocations: 597,863
T3b invocations: 0
Total3 invocations: 597,863
Total4 invocations: 0

T3/T2 ratio: inf
T3b/T3 ratio: 0

T1 avg ex cycles: -nan
T2 avg ex cycles: -nan
T3&b avg ex cycles: 2
T4 avg ex cycles: -nan
Avg. hops NOC1: -nan
Avg. latency NOC1 (T2): -nan
Avg. hops NOC2: 68
Avg. latency NOC2 (T3): 2,166

===PRINTING ACUM STATS at pu_cycles: 160,003

ACollision In Avg:81, SD:36, Max:217, Min:6
ACollision Out Avg:55, SD:28, Max:143, Min:1
ACollision End Avg:1, SD:5, Max:70, Min:0
ATask1 Avg:4, SD:1, Max:16, Min:3
ATask2 Avg:11, SD:0, Max:12, Min:10
ATask3 Avg:10, SD:1, Max:14, Min:8
ACore Active Avg:25, SD:1, Max:41, Min:22
ARouter Active Avg:49, SD:9, Max:66, Min:18
T1 invocations: 772,615
T2 invocations: 3,973,577
T3 invocations: 4,109,795
T3b invocations: 126,309,071
Total3 invocations: 130,418,866
Total4 invocations: 0

T3/T2 ratio: 1
T3b/T3 ratio: 31

T1 avg ex cycles: 122
T2 avg ex cycles: 73
T3&b avg ex cycles: 2
T4 avg ex cycles: -nan
Avg. hops NOC1: 25
Avg. latency NOC1 (T2): 15,472
Avg. hops NOC2: 13
Avg. latency NOC2 (T3): 1,714
Number of K Nodes Processed: 130,419
Number of K Edges Processed: 128,311
Node Re-explore factor: 31.09
Edge Re-explore factor: 1.00
Nodes/cy: 815
Edges/cy: 802
TEPS: 802

---Pcache---
Pcache Size: 16,384
Cached: 0
  PHits: 0
  PMisses: 0
  PHit Rate (hit/miss): -nan%
  PEvictions: 0
  PEviction Rate (evict/misses): -nan%

---Energy---
Leakage Energy (nJ): 288,121
PU Dyn E (nJ): 7,644,504
Mem Dyn E (nJ): 28,079,964
Route Dyn E (nJ): 10,610,729
Dynamic Energy (nJ): 46,335,198
Ratio of Dyn/Leak: 161
Total Energy (nJ): 46,623,319
Total Energy (nJ) 3D: 47,562,465
Cores Energy (nJ): 7,651,629
Route Energy (nJ): 10,614,832
Route Energy (nJ) 3D: 11,553,978
Mem Energy   (nJ): 28,356,859
Mem Energy   (nJ) 3D: 28,356,859
Avg. Power (mW): 291,390.28
Power Density (mW/mm2): 84.19

---Runtime---
Runtime in K cycles: 160.00
Microseconds: 160.00
Time per iteration (ms): 0.16

---Throughput---
GOP/s (aka OPS/ns): 4,017.78
GOP/s per core: 0.25
FLOP/s: 1,617.03
FLOP/s per core: 0.10
Max Peak FLOP/s: 16,384.00
Avg. BW GB/s: 33,671.85
Max BW GB/s: 65,536.00

---Traffic---
In-Die bisection_bytes BW (GB/s): 2,048.00
Inter-board traffic (msg/ns): 0.00, per-link: 0.00
Inter-pack traffic (msg/ns): 0.00, per-link: 0.00
Inter-die traffic (msg/ns): 0.00, per-link: 0.00
Ruche traffic (msg/ns): 0.00, per-link: 0.00
All traffic (msg/ns): 22,316.23, per-link: 1.36
Inter-die reduction wrt all: inf
Inter-board reduction wrt inter-die: -nan

---Data Movement---
All traffic (msg): 3,570,664,284
Arith. Intensity FLOP/Loads: 0.38
Arith. Intensity FLOP/Msgs: 0.07
Arith. Intensity GOPS/Loads: 0.00
Arith. Intensity GOPS/Msgs: 0.00



===Core Utilization Total=== CORE-S:16;; TIME K cy:160 ;; Nodes Proc: 16,302,597 -- Edges Proc: 16,039,936

===PRINTING FRAME STATS

FCollision In Avg:103, SD:19, Max:298, Min:0
FCollision Out Avg:90, SD:24, Max:201, Min:11
FCollision End Avg:0, SD:0, Max:0, Min:0
FTask1 Avg:0, SD:0, Max:0, Min:0
FTask2 Avg:0, SD:0, Max:0, Min:0
FTask3 Avg:2, SD:3, Max:22, Min:0
FCore Active Avg:4, SD:5, Max:36, Min:0
FRouter Active Avg:50, SD:24, Max:100, Min:15
T1 invocations: 0
T2 invocations: 0
T3 invocations: 500,557
T3b invocations: 0
Total3 invocations: 500,557
Total4 invocations: 0

T3/T2 ratio: inf
T3b/T3 ratio: 0

T1 avg ex cycles: -nan
T2 avg ex cycles: -nan
T3&b avg ex cycles: 2
T4 avg ex cycles: -nan
Avg. hops NOC1: -nan
Avg. latency NOC1 (T2): -nan
Avg. hops NOC2: 64
Avg. latency NOC2 (T3): 5,169

===PRINTING ACUM STATS at pu_cycles: 170,004

ACollision In Avg:82, SD:34, Max:210, Min:10
ACollision Out Avg:57, SD:26, Max:139, Min:3
ACollision End Avg:1, SD:4, Max:66, Min:0
ATask1 Avg:3, SD:0, Max:15, Min:3
ATask2 Avg:10, SD:0, Max:11, Min:10
ATask3 Avg:10, SD:1, Max:14, Min:8
ACore Active Avg:24, SD:1, Max:39, Min:21
ARouter Active Avg:49, SD:7, Max:63, Min:22
T1 invocations: 772,615
T2 invocations: 3,973,577
T3 invocations: 5,984,862
T3b invocations: 126,309,071
Total3 invocations: 132,293,933
Total4 invocations: 0

T3/T2 ratio: 2
T3b/T3 ratio: 21

T1 avg ex cycles: 122
T2 avg ex cycles: 73
T3&b avg ex cycles: 2
T4 avg ex cycles: -nan
Avg. hops NOC1: 25
Avg. latency NOC1 (T2): 15,472
Avg. hops NOC2: 13
Avg. latency NOC2 (T3): 1,757
Number of K Nodes Processed: 132,294
Number of K Edges Processed: 128,311
Node Re-explore factor: 31.54
Edge Re-explore factor: 1.00
Nodes/cy: 778
Edges/cy: 755
TEPS: 755

---Pcache---
Pcache Size: 16,384
Cached: 0
  PHits: 0
  PMisses: 0
  PHit Rate (hit/miss): -nan%
  PEvictions: 0
  PEviction Rate (evict/misses): -nan%

---Energy---
Leakage Energy (nJ): 306,130
PU Dyn E (nJ): 7,695,765
Mem Dyn E (nJ): 28,314,494
Route Dyn E (nJ): 11,396,780
Dynamic Energy (nJ): 47,407,040
Ratio of Dyn/Leak: 155
Total Energy (nJ): 47,713,170
Total Energy (nJ) 3D: 48,721,888
Cores Energy (nJ): 7,703,335
Route Energy (nJ): 11,401,139
Route Energy (nJ) 3D: 12,409,857
Mem Energy   (nJ): 28,608,697
Mem Energy   (nJ) 3D: 28,608,697
Avg. Power (mW): 280,659.10
Power Density (mW/mm2): 81.09

---Runtime---
Runtime in K cycles: 170.00
Microseconds: 170.00
Time per iteration (ms): 0.17

---Throughput---
GOP/s (aka OPS/ns): 3,803.48
GOP/s per core: 0.23
FLOP/s: 1,532.94
FLOP/s per core: 0.09
Max Peak FLOP/s: 16,384.00
Avg. BW GB/s: 31,955.71
Max BW GB/s: 65,536.00

---Traffic---
In-Die bisection_bytes BW (GB/s): 2,048.00
Inter-board traffic (msg/ns): 0.00, per-link: 0.00
Inter-pack traffic (msg/ns): 0.00, per-link: 0.00
Inter-die traffic (msg/ns): 0.00, per-link: 0.00
Ruche traffic (msg/ns): 0.00, per-link: 0.00
All traffic (msg/ns): 22,462.56, per-link: 1.37
Inter-die reduction wrt all: inf
Inter-board reduction wrt inter-die: -nan

---Data Movement---
All traffic (msg): 3,818,725,738
Arith. Intensity FLOP/Loads: 0.38
Arith. Intensity FLOP/Msgs: 0.07
Arith. Intensity GOPS/Loads: 0.00
Arith. Intensity GOPS/Msgs: 0.00



===Core Utilization Total=== CORE-S:17;; TIME K cy:170 ;; Nodes Proc: 16,535,057 -- Edges Proc: 16,039,936

===PRINTING FRAME STATS

FCollision In Avg:100, SD:21, Max:300, Min:0
FCollision Out Avg:85, SD:26, Max:188, Min:0
FCollision End Avg:0, SD:0, Max:0, Min:0
FTask1 Avg:0, SD:0, Max:0, Min:0
FTask2 Avg:0, SD:0, Max:0, Min:0
FTask3 Avg:3, SD:3, Max:23, Min:0
FCore Active Avg:4, SD:5, Max:36, Min:0
FRouter Active Avg:55, SD:26, Max:101, Min:10
T1 invocations: 0
T2 invocations: 0
T3 invocations: 582,862
T3b invocations: 0
Total3 invocations: 582,862
Total4 invocations: 0

T3/T2 ratio: inf
T3b/T3 ratio: 0

T1 avg ex cycles: -nan
T2 avg ex cycles: -nan
T3&b avg ex cycles: 2
T4 avg ex cycles: -nan
Avg. hops NOC1: -nan
Avg. latency NOC1 (T2): -nan
Avg. hops NOC2: 62
Avg. latency NOC2 (T3): 5,816

===PRINTING ACUM STATS at pu_cycles: 180,004

ACollision In Avg:83, SD:32, Max:204, Min:10
ACollision Out Avg:58, SD:25, Max:137, Min:4
ACollision End Avg:1, SD:4, Max:63, Min:0
ATask1 Avg:3, SD:0, Max:14, Min:2
ATask2 Avg:10, SD:0, Max:11, Min:9
ATask3 Avg:9, SD:1, Max:13, Min:7
ACore Active Avg:22, SD:1, Max:36, Min:20
ARouter Active Avg:49, SD:7, Max:65, Min:25
T1 invocations: 772,615
T2 invocations: 3,973,577
T3 invocations: 8,261,165
T3b invocations: 126,309,071
Total3 invocations: 134,570,236
Total4 invocations: 0

T3/T2 ratio: 2
T3b/T3 ratio: 15

T1 avg ex cycles: 122
T2 avg ex cycles: 73
T3&b avg ex cycles: 2
T4 avg ex cycles: -nan
Avg. hops NOC1: 25
Avg. latency NOC1 (T2): 15,472
Avg. hops NOC2: 14
Avg. latency NOC2 (T3): 1,817
Number of K Nodes Processed: 134,570
Number of K Edges Processed: 128,311
Node Re-explore factor: 32.08
Edge Re-explore factor: 1.00
Nodes/cy: 748
Edges/cy: 713
TEPS: 713

---Pcache---
Pcache Size: 16,384
Cached: 0
  PHits: 0
  PMisses: 0
  PHit Rate (hit/miss): -nan%
  PEvictions: 0
  PEviction Rate (evict/misses): -nan%

---Energy---
Leakage Energy (nJ): 324,137
PU Dyn E (nJ): 7,757,994
Mem Dyn E (nJ): 28,599,211
Route Dyn E (nJ): 12,348,716
Dynamic Energy (nJ): 48,705,922
Ratio of Dyn/Leak: 150
Total Energy (nJ): 49,030,059
Total Energy (nJ) 3D: 50,123,032
Cores Energy (nJ): 7,766,010
Route Energy (nJ): 12,353,331
Route Energy (nJ) 3D: 13,446,305
Mem Energy   (nJ): 28,910,719
Mem Energy   (nJ) 3D: 28,910,719
Avg. Power (mW): 272,383.17
Power Density (mW/mm2): 78.70

---Runtime---
Runtime in K cycles: 180.00
Microseconds: 180.00
Time per iteration (ms): 0.18

---Throughput---
GOP/s (aka OPS/ns): 3,617.47
GOP/s per core: 0.22
FLOP/s: 1,460.42
FLOP/s per core: 0.09
Max Peak FLOP/s: 16,384.00
Avg. BW GB/s: 30,483.93
Max BW GB/s: 65,536.00

---Traffic---
In-Die bisection_bytes BW (GB/s): 2,048.00
Inter-board traffic (msg/ns): 0.00, per-link: 0.00
Inter-pack traffic (msg/ns): 0.00, per-link: 0.00
Inter-die traffic (msg/ns): 0.00, per-link: 0.00
Ruche traffic (msg/ns): 0.00, per-link: 0.00
All traffic (msg/ns): 22,883.65, per-link: 1.40
Inter-die reduction wrt all: inf
Inter-board reduction wrt inter-die: -nan

---Data Movement---
All traffic (msg): 4,119,148,312
Arith. Intensity FLOP/Loads: 0.38
Arith. Intensity FLOP/Msgs: 0.06
Arith. Intensity GOPS/Loads: 0.00
Arith. Intensity GOPS/Msgs: 0.00



===Core Utilization Total=== CORE-S:18;; TIME K cy:180 ;; Nodes Proc: 16,815,539 -- Edges Proc: 16,039,936

===PRINTING FRAME STATS

FCollision In Avg:93, SD:27, Max:223, Min:0
FCollision Out Avg:78, SD:28, Max:166, Min:0
FCollision End Avg:0, SD:0, Max:0, Min:0
FTask1 Avg:0, SD:0, Max:0, Min:0
FTask2 Avg:0, SD:0, Max:0, Min:0
FTask3 Avg:4, SD:3, Max:19, Min:0
FCore Active Avg:5, SD:5, Max:33, Min:0
FRouter Active Avg:66, SD:22, Max:100, Min:20
T1 invocations: 0
T2 invocations: 0
T3 invocations: 748,501
T3b invocations: 0
Total3 invocations: 748,501
Total4 invocations: 0

T3/T2 ratio: inf
T3b/T3 ratio: 0

T1 avg ex cycles: -nan
T2 avg ex cycles: -nan
T3&b avg ex cycles: 2
T4 avg ex cycles: -nan
Avg. hops NOC1: -nan
Avg. latency NOC1 (T2): -nan
Avg. hops NOC2: 61
Avg. latency NOC2 (T3): 5,967

===PRINTING ACUM STATS at pu_cycles: 190,004

ACollision In Avg:84, SD:30, Max:198, Min:9
ACollision Out Avg:59, SD:24, Max:135, Min:3
ACollision End Avg:1, SD:4, Max:59, Min:0
ATask1 Avg:3, SD:0, Max:14, Min:2
ATask2 Avg:9, SD:0, Max:10, Min:9
ATask3 Avg:9, SD:1, Max:13, Min:7
ACore Active Avg:22, SD:1, Max:35, Min:19
ARouter Active Avg:50, SD:7, Max:65, Min:27
T1 invocations: 772,615
T2 invocations: 3,973,577
T3 invocations: 11,203,362
T3b invocations: 126,309,071
Total3 invocations: 137,512,433
Total4 invocations: 0

T3/T2 ratio: 3
T3b/T3 ratio: 11

T1 avg ex cycles: 122
T2 avg ex cycles: 73
T3&b avg ex cycles: 2
T4 avg ex cycles: -nan
Avg. hops NOC1: 25
Avg. latency NOC1 (T2): 15,472
Avg. hops NOC2: 15
Avg. latency NOC2 (T3): 1,896
Number of K Nodes Processed: 137,513
Number of K Edges Processed: 128,311
Node Re-explore factor: 32.79
Edge Re-explore factor: 1.00
Nodes/cy: 724
Edges/cy: 675
TEPS: 675

---Pcache---
Pcache Size: 16,384
Cached: 0
  PHits: 0
  PMisses: 0
  PHit Rate (hit/miss): -nan%
  PEvictions: 0
  PEviction Rate (evict/misses): -nan%

---Energy---
Leakage Energy (nJ): 342,145
PU Dyn E (nJ): 7,838,428
Mem Dyn E (nJ): 28,967,216
Route Dyn E (nJ): 13,579,973
Dynamic Energy (nJ): 50,385,618
Ratio of Dyn/Leak: 147
Total Energy (nJ): 50,727,763
Total Energy (nJ) 3D: 51,929,714
Cores Energy (nJ): 7,846,889
Route Energy (nJ): 13,584,845
Route Energy (nJ) 3D: 14,786,796
Mem Energy   (nJ): 29,296,030
Mem Energy   (nJ) 3D: 29,296,030
Avg. Power (mW): 266,982.60
Power Density (mW/mm2): 77.14

---Runtime---
Runtime in K cycles: 190.00
Microseconds: 190.00
Time per iteration (ms): 0.19

---Throughput---
GOP/s (aka OPS/ns): 3,458.05
GOP/s per core: 0.21
FLOP/s: 1,399.04
FLOP/s per core: 0.09
Max Peak FLOP/s: 16,384.00
Avg. BW GB/s: 29,251.19
Max BW GB/s: 65,536.00

---Traffic---
In-Die bisection_bytes BW (GB/s): 2,048.00
Inter-board traffic (msg/ns): 0.00, per-link: 0.00
Inter-pack traffic (msg/ns): 0.00, per-link: 0.00
Inter-die traffic (msg/ns): 0.00, per-link: 0.00
Ruche traffic (msg/ns): 0.00, per-link: 0.00
All traffic (msg/ns): 23,724.33, per-link: 1.45
Inter-die reduction wrt all: inf
Inter-board reduction wrt inter-die: -nan

---Data Movement---
All traffic (msg): 4,507,717,934
Arith. Intensity FLOP/Loads: 0.38
Arith. Intensity FLOP/Msgs: 0.06
Arith. Intensity GOPS/Loads: 0.00
Arith. Intensity GOPS/Msgs: 0.00



===Core Utilization Total=== CORE-S:19;; TIME K cy:190 ;; Nodes Proc: 17,176,844 -- Edges Proc: 16,039,936

===PRINTING FRAME STATS

FCollision In Avg:85, SD:35, Max:218, Min:0
FCollision Out Avg:71, SD:32, Max:167, Min:0
FCollision End Avg:0, SD:0, Max:0, Min:0
FTask1 Avg:0, SD:0, Max:0, Min:0
FTask2 Avg:0, SD:0, Max:0, Min:0
FTask3 Avg:4, SD:2, Max:18, Min:0
FCore Active Avg:6, SD:4, Max:25, Min:0
FRouter Active Avg:72, SD:19, Max:100, Min:33
T1 invocations: 0
T2 invocations: 0
T3 invocations: 812,943
T3b invocations: 0
Total3 invocations: 812,943
Total4 invocations: 0

T3/T2 ratio: inf
T3b/T3 ratio: 0

T1 avg ex cycles: -nan
T2 avg ex cycles: -nan
T3&b avg ex cycles: 2
T4 avg ex cycles: -nan
Avg. hops NOC1: -nan
Avg. latency NOC1 (T2): -nan
Avg. hops NOC2: 63
Avg. latency NOC2 (T3): 5,831

===PRINTING ACUM STATS at pu_cycles: 200,004

ACollision In Avg:84, SD:29, Max:193, Min:9
ACollision Out Avg:60, SD:23, Max:133, Min:3
ACollision End Avg:1, SD:4, Max:56, Min:0
ATask1 Avg:3, SD:0, Max:13, Min:2
ATask2 Avg:9, SD:0, Max:10, Min:8
ATask3 Avg:9, SD:1, Max:12, Min:7
ACore Active Avg:21, SD:1, Max:33, Min:18
ARouter Active Avg:51, SD:6, Max:66, Min:28
T1 invocations: 772,615
T2 invocations: 3,973,577
T3 invocations: 14,461,107
T3b invocations: 126,309,071
Total3 invocations: 140,770,178
Total4 invocations: 0

T3/T2 ratio: 4
T3b/T3 ratio: 9

T1 avg ex cycles: 122
T2 avg ex cycles: 73
T3&b avg ex cycles: 2
T4 avg ex cycles: -nan
Avg. hops NOC1: 25
Avg. latency NOC1 (T2): 15,472
Avg. hops NOC2: 16
Avg. latency NOC2 (T3): 1,977
Number of K Nodes Processed: 140,771
Number of K Edges Processed: 128,311
Node Re-explore factor: 33.56
Edge Re-explore factor: 1.00
Nodes/cy: 704
Edges/cy: 642
TEPS: 642

---Pcache---
Pcache Size: 16,384
Cached: 0
  PHits: 0
  PMisses: 0
  PHit Rate (hit/miss): -nan%
  PEvictions: 0
  PEviction Rate (evict/misses): -nan%

---Energy---
Leakage Energy (nJ): 360,152
PU Dyn E (nJ): 7,927,488
Mem Dyn E (nJ): 29,374,690
Route Dyn E (nJ): 14,943,245
Dynamic Energy (nJ): 52,245,423
Ratio of Dyn/Leak: 145
Total Energy (nJ): 52,605,575
Total Energy (nJ) 3D: 53,928,188
Cores Energy (nJ): 7,936,394
Route Energy (nJ): 14,948,373
Route Energy (nJ) 3D: 16,270,986
Mem Energy   (nJ): 29,720,809
Mem Energy   (nJ) 3D: 29,720,809
Avg. Power (mW): 263,022.61
Power Density (mW/mm2): 75.99

---Runtime---
Runtime in K cycles: 200.00
Microseconds: 200.00
Time per iteration (ms): 0.20

---Throughput---
GOP/s (aka OPS/ns): 3,317.73
GOP/s per core: 0.20
FLOP/s: 1,345.38
FLOP/s per core: 0.08
Max Peak FLOP/s: 16,384.00
Avg. BW GB/s: 28,179.58
Max BW GB/s: 65,536.00

---Traffic---
In-Die bisection_bytes BW (GB/s): 2,048.00
Inter-board traffic (msg/ns): 0.00, per-link: 0.00
Inter-pack traffic (msg/ns): 0.00, per-link: 0.00
Inter-die traffic (msg/ns): 0.00, per-link: 0.00
Ruche traffic (msg/ns): 0.00, per-link: 0.00
All traffic (msg/ns): 24,689.26, per-link: 1.51
Inter-die reduction wrt all: inf
Inter-board reduction wrt inter-die: -nan

---Data Movement---
All traffic (msg): 4,937,949,968
Arith. Intensity FLOP/Loads: 0.38
Arith. Intensity FLOP/Msgs: 0.05
Arith. Intensity GOPS/Loads: 0.00
Arith. Intensity GOPS/Msgs: 0.00



===Core Utilization Total=== CORE-S:20;; TIME K cy:200 ;; Nodes Proc: 17,575,781 -- Edges Proc: 16,039,936

===PRINTING FRAME STATS

FCollision In Avg:74, SD:43, Max:205, Min:0
FCollision Out Avg:61, SD:32, Max:136, Min:0
FCollision End Avg:0, SD:0, Max:0, Min:0
FTask1 Avg:0, SD:0, Max:0, Min:0
FTask2 Avg:0, SD:0, Max:0, Min:0
FTask3 Avg:4, SD:2, Max:15, Min:0
FCore Active Avg:6, SD:4, Max:26, Min:0
FRouter Active Avg:76, SD:17, Max:100, Min:10
T1 invocations: 0
T2 invocations: 0
T3 invocations: 820,944
T3b invocations: 0
Total3 invocations: 820,944
Total4 invocations: 0

T3/T2 ratio: inf
T3b/T3 ratio: 0

T1 avg ex cycles: -nan
T2 avg ex cycles: -nan
T3&b avg ex cycles: 2
T4 avg ex cycles: -nan
Avg. hops NOC1: -nan
Avg. latency NOC1 (T2): -nan
Avg. hops NOC2: 67
Avg. latency NOC2 (T3): 5,947

===PRINTING ACUM STATS at pu_cycles: 210,003

ACollision In Avg:83, SD:28, Max:189, Min:8
ACollision Out Avg:60, SD:22, Max:132, Min:3
ACollision End Avg:1, SD:4, Max:54, Min:0
ATask1 Avg:3, SD:0, Max:12, Min:2
ATask2 Avg:8, SD:0, Max:9, Min:8
ATask3 Avg:8, SD:1, Max:11, Min:7
ACore Active Avg:20, SD:1, Max:32, Min:17
ARouter Active Avg:52, SD:6, Max:66, Min:29
T1 invocations: 772,615
T2 invocations: 3,973,577
T3 invocations: 17,766,464
T3b invocations: 126,309,071
Total3 invocations: 144,075,535
Total4 invocations: 0

T3/T2 ratio: 4
T3b/T3 ratio: 7

T1 avg ex cycles: 122
T2 avg ex cycles: 73
T3&b avg ex cycles: 2
T4 avg ex cycles: -nan
Avg. hops NOC1: 25
Avg. latency NOC1 (T2): 15,472
Avg. hops NOC2: 18
Avg. latency NOC2 (T3): 2,060
Number of K Nodes Processed: 144,090
Number of K Edges Processed: 128,311
Node Re-explore factor: 34.35
Edge Re-explore factor: 1.00
Nodes/cy: 686
Edges/cy: 611
TEPS: 611

---Pcache---
Pcache Size: 16,384
Cached: 0
  PHits: 0
  PMisses: 0
  PHit Rate (hit/miss): -nan%
  PEvictions: 0
  PEviction Rate (evict/misses): -nan%

---Energy---
Leakage Energy (nJ): 378,157
PU Dyn E (nJ): 8,017,850
Mem Dyn E (nJ): 29,788,119
Route Dyn E (nJ): 16,327,111
Dynamic Energy (nJ): 54,133,080
Ratio of Dyn/Leak: 143
Total Energy (nJ): 54,511,237
Total Energy (nJ) 3D: 55,956,334
Cores Energy (nJ): 8,027,201
Route Energy (nJ): 16,332,495
Route Energy (nJ) 3D: 17,777,592
Mem Energy   (nJ): 30,151,542
Mem Energy   (nJ) 3D: 30,151,542
Avg. Power (mW): 259,573.61
Power Density (mW/mm2): 74.99

---Runtime---
Runtime in K cycles: 210.00
Microseconds: 210.00
Time per iteration (ms): 0.21

---Throughput---
GOP/s (aka OPS/ns): 3,191.24
GOP/s per core: 0.19
FLOP/s: 1,297.06
FLOP/s per core: 0.08
Max Peak FLOP/s: 16,384.00
Avg. BW GB/s: 27,215.60
Max BW GB/s: 65,536.00

---Traffic---
In-Die bisection_bytes BW (GB/s): 2,048.00
Inter-board traffic (msg/ns): 0.00, per-link: 0.00
Inter-pack traffic (msg/ns): 0.00, per-link: 0.00
Inter-die traffic (msg/ns): 0.00, per-link: 0.00
Ruche traffic (msg/ns): 0.00, per-link: 0.00
All traffic (msg/ns): 25,593.34, per-link: 1.56
Inter-die reduction wrt all: inf
Inter-board reduction wrt inter-die: -nan

---Data Movement---
All traffic (msg): 5,374,677,982
Arith. Intensity FLOP/Loads: 0.38
Arith. Intensity FLOP/Msgs: 0.05
Arith. Intensity GOPS/Loads: 0.00
Arith. Intensity GOPS/Msgs: 0.00



===Core Utilization Total=== CORE-S:21;; TIME K cy:210 ;; Nodes Proc: 17,985,642 -- Edges Proc: 16,039,936
======== IT IS COLD ======= Only 772 Tiles active

===PRINTING FRAME STATS

FCollision In Avg:65, SD:47, Max:205, Min:0
FCollision Out Avg:53, SD:33, Max:141, Min:0
FCollision End Avg:0, SD:0, Max:0, Min:0
FTask1 Avg:0, SD:0, Max:0, Min:0
FTask2 Avg:0, SD:0, Max:0, Min:0
FTask3 Avg:4, SD:3, Max:15, Min:0
FCore Active Avg:6, SD:5, Max:29, Min:0
FRouter Active Avg:77, SD:19, Max:100, Min:8
T1 invocations: 0
T2 invocations: 0
T3 invocations: 844,474
T3b invocations: 0
Total3 invocations: 844,474
Total4 invocations: 0

T3/T2 ratio: inf
T3b/T3 ratio: 0

T1 avg ex cycles: -nan
T2 avg ex cycles: -nan
T3&b avg ex cycles: 2
T4 avg ex cycles: -nan
Avg. hops NOC1: -nan
Avg. latency NOC1 (T2): -nan
Avg. hops NOC2: 68
Avg. latency NOC2 (T3): 5,595

===PRINTING ACUM STATS at pu_cycles: 220,003

ACollision In Avg:82, SD:28, Max:185, Min:8
ACollision Out Avg:59, SD:22, Max:129, Min:3
ACollision End Avg:1, SD:3, Max:51, Min:0
ATask1 Avg:3, SD:0, Max:12, Min:2
ATask2 Avg:8, SD:0, Max:9, Min:8
ATask3 Avg:8, SD:1, Max:11, Min:6
ACore Active Avg:19, SD:1, Max:31, Min:17
ARouter Active Avg:53, SD:6, Max:67, Min:30
T1 invocations: 772,615
T2 invocations: 3,973,577
T3 invocations: 21,140,670
T3b invocations: 126,309,071
Total3 invocations: 147,449,741
Total4 invocations: 0

T3/T2 ratio: 5
T3b/T3 ratio: 6

T1 avg ex cycles: 122
T2 avg ex cycles: 73
T3&b avg ex cycles: 2
T4 avg ex cycles: -nan
Avg. hops NOC1: 25
Avg. latency NOC1 (T2): 15,472
Avg. hops NOC2: 19
Avg. latency NOC2 (T3): 2,131
Number of K Nodes Processed: 147,530
Number of K Edges Processed: 128,311
Node Re-explore factor: 35.17
Edge Re-explore factor: 1.00
Nodes/cy: 671
Edges/cy: 583
TEPS: 583

---Pcache---
Pcache Size: 16,384
Cached: 0
  PHits: 0
  PMisses: 0
  PHit Rate (hit/miss): -nan%
  PEvictions: 0
  PEviction Rate (evict/misses): -nan%

---Energy---
Leakage Energy (nJ): 396,165
PU Dyn E (nJ): 8,110,094
Mem Dyn E (nJ): 30,210,160
Route Dyn E (nJ): 17,732,881
Dynamic Energy (nJ): 56,053,135
Ratio of Dyn/Leak: 141
Total Energy (nJ): 56,449,300
Total Energy (nJ) 3D: 58,018,821
Cores Energy (nJ): 8,119,890
Route Energy (nJ): 17,738,522
Route Energy (nJ) 3D: 19,308,043
Mem Energy   (nJ): 30,590,888
Mem Energy   (nJ) 3D: 30,590,888
Avg. Power (mW): 256,584.23
Power Density (mW/mm2): 74.13

---Runtime---
Runtime in K cycles: 220.00
Microseconds: 220.00
Time per iteration (ms): 0.22

---Throughput---
GOP/s (aka OPS/ns): 3,076.86
GOP/s per core: 0.19
FLOP/s: 1,253.44
FLOP/s per core: 0.08
Max Peak FLOP/s: 16,384.00
Avg. BW GB/s: 26,346.63
Max BW GB/s: 65,536.00

---Traffic---
In-Die bisection_bytes BW (GB/s): 2,048.00
Inter-board traffic (msg/ns): 0.00, per-link: 0.00
Inter-pack traffic (msg/ns): 0.00, per-link: 0.00
Inter-die traffic (msg/ns): 0.00, per-link: 0.00
Ruche traffic (msg/ns): 0.00, per-link: 0.00
All traffic (msg/ns): 26,446.69, per-link: 1.61
Inter-die reduction wrt all: inf
Inter-board reduction wrt inter-die: -nan

---Data Movement---
All traffic (msg): 5,818,351,882
Arith. Intensity FLOP/Loads: 0.38
Arith. Intensity FLOP/Msgs: 0.05
Arith. Intensity GOPS/Loads: 0.00
Arith. Intensity GOPS/Msgs: 0.00



===Core Utilization Total=== CORE-S:22;; TIME K cy:220 ;; Nodes Proc: 18,414,400 -- Edges Proc: 16,039,936
======== IT IS COLD ======= Only 372 Tiles active

===PRINTING FRAME STATS

FCollision In Avg:54, SD:49, Max:208, Min:0
FCollision Out Avg:46, SD:34, Max:140, Min:0
FCollision End Avg:0, SD:0, Max:0, Min:0
FTask1 Avg:0, SD:0, Max:0, Min:0
FTask2 Avg:0, SD:0, Max:0, Min:0
FTask3 Avg:4, SD:2, Max:15, Min:0
FCore Active Avg:6, SD:5, Max:27, Min:0
FRouter Active Avg:73, SD:21, Max:100, Min:7
T1 invocations: 0
T2 invocations: 0
T3 invocations: 799,314
T3b invocations: 0
Total3 invocations: 799,314
Total4 invocations: 0

T3/T2 ratio: inf
T3b/T3 ratio: 0

T1 avg ex cycles: -nan
T2 avg ex cycles: -nan
T3&b avg ex cycles: 2
T4 avg ex cycles: -nan
Avg. hops NOC1: -nan
Avg. latency NOC1 (T2): -nan
Avg. hops NOC2: 66
Avg. latency NOC2 (T3): 5,182

===PRINTING ACUM STATS at pu_cycles: 230,003

ACollision In Avg:81, SD:27, Max:181, Min:8
ACollision Out Avg:59, SD:21, Max:128, Min:3
ACollision End Avg:1, SD:3, Max:49, Min:0
ATask1 Avg:3, SD:0, Max:11, Min:2
ATask2 Avg:8, SD:0, Max:9, Min:7
ATask3 Avg:8, SD:1, Max:11, Min:6
ACore Active Avg:19, SD:1, Max:30, Min:17
ARouter Active Avg:54, SD:6, Max:67, Min:30
T1 invocations: 772,615
T2 invocations: 3,973,577
T3 invocations: 23,963,458
T3b invocations: 126,309,071
Total3 invocations: 150,272,529
Total4 invocations: 0

T3/T2 ratio: 6
T3b/T3 ratio: 5

T1 avg ex cycles: 122
T2 avg ex cycles: 73
T3&b avg ex cycles: 2
T4 avg ex cycles: -nan
Avg. hops NOC1: 25
Avg. latency NOC1 (T2): 15,472
Avg. hops NOC2: 20
Avg. latency NOC2 (T3): 2,181
Number of K Nodes Processed: 150,718
Number of K Edges Processed: 128,311
Node Re-explore factor: 35.93
Edge Re-explore factor: 1.00
Nodes/cy: 655
Edges/cy: 558
TEPS: 558

---Pcache---
Pcache Size: 16,384
Cached: 0
  PHits: 0
  PMisses: 0
  PHit Rate (hit/miss): -nan%
  PEvictions: 0
  PEviction Rate (evict/misses): -nan%

---Energy---
Leakage Energy (nJ): 414,172
PU Dyn E (nJ): 8,187,263
Mem Dyn E (nJ): 30,563,230
Route Dyn E (nJ): 18,865,995
Dynamic Energy (nJ): 57,616,488
Ratio of Dyn/Leak: 139
Total Energy (nJ): 58,030,660
Total Energy (nJ) 3D: 59,700,472
Cores Energy (nJ): 8,197,505
Route Energy (nJ): 18,871,892
Route Energy (nJ) 3D: 20,541,704
Mem Energy   (nJ): 30,961,264
Mem Energy   (nJ) 3D: 30,961,264
Avg. Power (mW): 252,303.93
Power Density (mW/mm2): 72.89

---Runtime---
Runtime in K cycles: 230.00
Microseconds: 230.00
Time per iteration (ms): 0.23

---Throughput---
GOP/s (aka OPS/ns): 2,967.63
GOP/s per core: 0.18
FLOP/s: 1,211.22
FLOP/s per core: 0.07
Max Peak FLOP/s: 16,384.00
Avg. BW GB/s: 25,495.69
Max BW GB/s: 65,536.00

---Traffic---
In-Die bisection_bytes BW (GB/s): 2,048.00
Inter-board traffic (msg/ns): 0.00, per-link: 0.00
Inter-pack traffic (msg/ns): 0.00, per-link: 0.00
Inter-die traffic (msg/ns): 0.00, per-link: 0.00
Ruche traffic (msg/ns): 0.00, per-link: 0.00
All traffic (msg/ns): 26,852.60, per-link: 1.64
Inter-die reduction wrt all: inf
Inter-board reduction wrt inter-die: -nan

---Data Movement---
All traffic (msg): 6,176,178,996
Arith. Intensity FLOP/Loads: 0.38
Arith. Intensity FLOP/Msgs: 0.05
Arith. Intensity GOPS/Loads: 0.00
Arith. Intensity GOPS/Msgs: 0.00



===Core Utilization Total=== CORE-S:23;; TIME K cy:230 ;; Nodes Proc: 18,814,789 -- Edges Proc: 16,039,936
======== IT IS COLD ======= Only 86 Tiles active

===PRINTING FRAME STATS

FCollision In Avg:40, SD:48, Max:239, Min:0
FCollision Out Avg:38, SD:36, Max:122, Min:0
FCollision End Avg:0, SD:0, Max:0, Min:0
FTask1 Avg:0, SD:0, Max:0, Min:0
FTask2 Avg:0, SD:0, Max:0, Min:0
FTask3 Avg:3, SD:2, Max:15, Min:0
FCore Active Avg:5, SD:4, Max:28, Min:0
FRouter Active Avg:64, SD:25, Max:100, Min:5
T1 invocations: 0
T2 invocations: 0
T3 invocations: 676,467
T3b invocations: 0
Total3 invocations: 676,467
Total4 invocations: 0

T3/T2 ratio: inf
T3b/T3 ratio: 0

T1 avg ex cycles: -nan
T2 avg ex cycles: -nan
T3&b avg ex cycles: 2
T4 avg ex cycles: -nan
Avg. hops NOC1: -nan
Avg. latency NOC1 (T2): -nan
Avg. hops NOC2: 65
Avg. latency NOC2 (T3): 4,713

===PRINTING ACUM STATS at pu_cycles: 240,003

ACollision In Avg:79, SD:26, Max:178, Min:7
ACollision Out Avg:58, SD:21, Max:126, Min:3
ACollision End Avg:1, SD:3, Max:49, Min:0
ATask1 Avg:2, SD:0, Max:11, Min:2
ATask2 Avg:7, SD:0, Max:8, Min:7
ATask3 Avg:8, SD:1, Max:11, Min:6
ACore Active Avg:18, SD:1, Max:29, Min:16
ARouter Active Avg:54, SD:6, Max:66, Min:30
T1 invocations: 772,615
T2 invocations: 3,973,577
T3 invocations: 26,973,862
T3b invocations: 126,309,071
Total3 invocations: 153,282,933
Total4 invocations: 0

T3/T2 ratio: 7
T3b/T3 ratio: 5

T1 avg ex cycles: 122
T2 avg ex cycles: 73
T3&b avg ex cycles: 2
T4 avg ex cycles: -nan
Avg. hops NOC1: 25
Avg. latency NOC1 (T2): 15,472
Avg. hops NOC2: 20
Avg. latency NOC2 (T3): 2,226
Number of K Nodes Processed: 153,437
Number of K Edges Processed: 128,311
Node Re-explore factor: 36.58
Edge Re-explore factor: 1.00
Nodes/cy: 639
Edges/cy: 535
TEPS: 535

---Pcache---
Pcache Size: 16,384
Cached: 0
  PHits: 0
  PMisses: 0
  PHit Rate (hit/miss): -nan%
  PEvictions: 0
  PEviction Rate (evict/misses): -nan%

---Energy---
Leakage Energy (nJ): 432,179
PU Dyn E (nJ): 8,269,561
Mem Dyn E (nJ): 30,939,766
Route Dyn E (nJ): 20,158,213
Dynamic Energy (nJ): 59,367,541
Ratio of Dyn/Leak: 137
Total Energy (nJ): 59,799,720
Total Energy (nJ) 3D: 61,583,905
Cores Energy (nJ): 8,280,248
Route Energy (nJ): 20,164,366
Route Energy (nJ) 3D: 21,948,552
Mem Energy   (nJ): 31,355,106
Mem Energy   (nJ) 3D: 31,355,106
Avg. Power (mW): 249,162.39
Power Density (mW/mm2): 71.99

---Runtime---
Runtime in K cycles: 240.00
Microseconds: 240.00
Time per iteration (ms): 0.24

---Throughput---
GOP/s (aka OPS/ns): 2,869.07
GOP/s per core: 0.18
FLOP/s: 1,173.30
FLOP/s per core: 0.07
Max Peak FLOP/s: 16,384.00
Avg. BW GB/s: 24,734.42
Max BW GB/s: 65,536.00

---Traffic---
In-Die bisection_bytes BW (GB/s): 2,048.00
Inter-board traffic (msg/ns): 0.00, per-link: 0.00
Inter-pack traffic (msg/ns): 0.00, per-link: 0.00
Inter-die traffic (msg/ns): 0.00, per-link: 0.00
Ruche traffic (msg/ns): 0.00, per-link: 0.00
All traffic (msg/ns): 27,432.29, per-link: 1.67
Inter-die reduction wrt all: inf
Inter-board reduction wrt inter-die: -nan

---Data Movement---
All traffic (msg): 6,583,832,324
Arith. Intensity FLOP/Loads: 0.38
Arith. Intensity FLOP/Msgs: 0.04
Arith. Intensity GOPS/Loads: 0.00
Arith. Intensity GOPS/Msgs: 0.00



===Core Utilization Total=== CORE-S:24;; TIME K cy:240 ;; Nodes Proc: 19,159,303 -- Edges Proc: 16,039,936
======== IT IS COLD ======= Only 59 Tiles active

===PRINTING FRAME STATS

FCollision In Avg:29, SD:45, Max:195, Min:0
FCollision Out Avg:36, SD:39, Max:149, Min:0
FCollision End Avg:0, SD:0, Max:0, Min:0
FTask1 Avg:0, SD:0, Max:0, Min:0
FTask2 Avg:0, SD:0, Max:0, Min:0
FTask3 Avg:2, SD:2, Max:12, Min:0
FCore Active Avg:3, SD:3, Max:25, Min:0
FRouter Active Avg:47, SD:28, Max:100, Min:1
T1 invocations: 0
T2 invocations: 0
T3 invocations: 491,065
T3b invocations: 0
Total3 invocations: 491,065
Total4 invocations: 0

T3/T2 ratio: inf
T3b/T3 ratio: 0

T1 avg ex cycles: -nan
T2 avg ex cycles: -nan
T3&b avg ex cycles: 2
T4 avg ex cycles: -nan
Avg. hops NOC1: -nan
Avg. latency NOC1 (T2): -nan
Avg. hops NOC2: 59
Avg. latency NOC2 (T3): 4,280

===PRINTING ACUM STATS at pu_cycles: 250,003

ACollision In Avg:77, SD:25, Max:175, Min:7
ACollision Out Avg:57, SD:20, Max:124, Min:3
ACollision End Avg:1, SD:3, Max:45, Min:0
ATask1 Avg:2, SD:0, Max:10, Min:2
ATask2 Avg:7, SD:0, Max:8, Min:7
ATask3 Avg:8, SD:1, Max:10, Min:6
ACore Active Avg:18, SD:1, Max:28, Min:15
ARouter Active Avg:54, SD:6, Max:66, Min:29
T1 invocations: 772,615
T2 invocations: 3,973,577
T3 invocations: 29,056,066
T3b invocations: 126,309,071
Total3 invocations: 155,365,137
Total4 invocations: 0

T3/T2 ratio: 7
T3b/T3 ratio: 4

T1 avg ex cycles: 122
T2 avg ex cycles: 73
T3&b avg ex cycles: 2
T4 avg ex cycles: -nan
Avg. hops NOC1: 25
Avg. latency NOC1 (T2): 15,472
Avg. hops NOC2: 21
Avg. latency NOC2 (T3): 2,253
Number of K Nodes Processed: 155,483
Number of K Edges Processed: 128,311
Node Re-explore factor: 37.07
Edge Re-explore factor: 1.00
Nodes/cy: 622
Edges/cy: 513
TEPS: 513

---Pcache---
Pcache Size: 16,384
Cached: 0
  PHits: 0
  PMisses: 0
  PHit Rate (hit/miss): -nan%
  PEvictions: 0
  PEviction Rate (evict/misses): -nan%

---Energy---
Leakage Energy (nJ): 450,186
PU Dyn E (nJ): 8,326,484
Mem Dyn E (nJ): 31,200,205
Route Dyn E (nJ): 21,022,154
Dynamic Energy (nJ): 60,548,844
Ratio of Dyn/Leak: 134
Total Energy (nJ): 60,999,030
Total Energy (nJ) 3D: 62,859,682
Cores Energy (nJ): 8,337,617
Route Energy (nJ): 21,028,564
Route Energy (nJ) 3D: 22,889,215
Mem Energy   (nJ): 31,632,850
Mem Energy   (nJ) 3D: 31,632,850
Avg. Power (mW): 243,993.19
Power Density (mW/mm2): 70.49

---Runtime---
Runtime in K cycles: 250.00
Microseconds: 250.00
Time per iteration (ms): 0.25

---Throughput---
GOP/s (aka OPS/ns): 2,770.96
GOP/s per core: 0.17
FLOP/s: 1,134.69
FLOP/s per core: 0.07
Max Peak FLOP/s: 16,384.00
Avg. BW GB/s: 23,944.94
Max BW GB/s: 65,536.00

---Traffic---
In-Die bisection_bytes BW (GB/s): 2,048.00
Inter-board traffic (msg/ns): 0.00, per-link: 0.00
Inter-pack traffic (msg/ns): 0.00, per-link: 0.00
Inter-die traffic (msg/ns): 0.00, per-link: 0.00
Ruche traffic (msg/ns): 0.00, per-link: 0.00
All traffic (msg/ns): 27,425.74, per-link: 1.67
Inter-die reduction wrt all: inf
Inter-board reduction wrt inter-die: -nan

---Data Movement---
All traffic (msg): 6,856,516,984
Arith. Intensity FLOP/Loads: 0.38
Arith. Intensity FLOP/Msgs: 0.04
Arith. Intensity GOPS/Loads: 0.00
Arith. Intensity GOPS/Msgs: 0.00



===Core Utilization Total=== CORE-S:25;; TIME K cy:250 ;; Nodes Proc: 19,417,459 -- Edges Proc: 16,039,936
======== IT IS COLD ======= Only 47 Tiles active

===PRINTING FRAME STATS

FCollision In Avg:24, SD:42, Max:150, Min:0
FCollision Out Avg:28, SD:34, Max:127, Min:0
FCollision End Avg:0, SD:0, Max:0, Min:0
FTask1 Avg:0, SD:0, Max:0, Min:0
FTask2 Avg:0, SD:0, Max:0, Min:0
FTask3 Avg:2, SD:2, Max:11, Min:0
FCore Active Avg:3, SD:4, Max:27, Min:0
FRouter Active Avg:47, SD:28, Max:99, Min:2
T1 invocations: 0
T2 invocations: 0
T3 invocations: 453,712
T3b invocations: 0
Total3 invocations: 453,712
Total4 invocations: 0

T3/T2 ratio: inf
T3b/T3 ratio: 0

T1 avg ex cycles: -nan
T2 avg ex cycles: -nan
T3&b avg ex cycles: 2
T4 avg ex cycles: -nan
Avg. hops NOC1: -nan
Avg. latency NOC1 (T2): -nan
Avg. hops NOC2: 65
Avg. latency NOC2 (T3): 4,123

===PRINTING ACUM STATS at pu_cycles: 260,003

ACollision In Avg:75, SD:25, Max:168, Min:7
ACollision Out Avg:56, SD:20, Max:122, Min:3
ACollision End Avg:1, SD:3, Max:43, Min:0
ATask1 Avg:2, SD:0, Max:10, Min:2
ATask2 Avg:7, SD:0, Max:8, Min:6
ATask3 Avg:7, SD:1, Max:10, Min:6
ACore Active Avg:17, SD:1, Max:27, Min:15
ARouter Active Avg:54, SD:6, Max:66, Min:28
T1 invocations: 772,615
T2 invocations: 3,973,577
T3 invocations: 30,732,770
T3b invocations: 126,309,071
Total3 invocations: 157,041,841
Total4 invocations: 0

T3/T2 ratio: 8
T3b/T3 ratio: 4

T1 avg ex cycles: 122
T2 avg ex cycles: 73
T3&b avg ex cycles: 2
T4 avg ex cycles: -nan
Avg. hops NOC1: 25
Avg. latency NOC1 (T2): 15,472
Avg. hops NOC2: 21
Avg. latency NOC2 (T3): 2,272
Number of K Nodes Processed: 157,337
Number of K Edges Processed: 128,311
Node Re-explore factor: 37.51
Edge Re-explore factor: 1.00
Nodes/cy: 605
Edges/cy: 493
TEPS: 493

---Pcache---
Pcache Size: 16,384
Cached: 0
  PHits: 0
  PMisses: 0
  PHit Rate (hit/miss): -nan%
  PEvictions: 0
  PEviction Rate (evict/misses): -nan%

---Energy---
Leakage Energy (nJ): 468,193
PU Dyn E (nJ): 8,372,322
Mem Dyn E (nJ): 31,409,925
Route Dyn E (nJ): 21,633,185
Dynamic Energy (nJ): 61,415,432
Ratio of Dyn/Leak: 131
Total Energy (nJ): 61,883,625
Total Energy (nJ) 3D: 63,798,359
Cores Energy (nJ): 8,383,900
Route Energy (nJ): 21,639,851
Route Energy (nJ) 3D: 23,554,585
Mem Energy   (nJ): 31,859,875
Mem Energy   (nJ) 3D: 31,859,875
Avg. Power (mW): 238,011.20
Power Density (mW/mm2): 68.76

---Runtime---
Runtime in K cycles: 260.00
Microseconds: 260.00
Time per iteration (ms): 0.26

---Throughput---
GOP/s (aka OPS/ns): 2,677.29
GOP/s per core: 0.16
FLOP/s: 1,097.50
FLOP/s per core: 0.07
Max Peak FLOP/s: 16,384.00
Avg. BW GB/s: 23,178.76
Max BW GB/s: 65,536.00

---Traffic---
In-Die bisection_bytes BW (GB/s): 2,048.00
Inter-board traffic (msg/ns): 0.00, per-link: 0.00
Inter-pack traffic (msg/ns): 0.00, per-link: 0.00
Inter-die traffic (msg/ns): 0.00, per-link: 0.00
Ruche traffic (msg/ns): 0.00, per-link: 0.00
All traffic (msg/ns): 27,114.24, per-link: 1.65
Inter-die reduction wrt all: inf
Inter-board reduction wrt inter-die: -nan

---Data Movement---
All traffic (msg): 7,049,784,118
Arith. Intensity FLOP/Loads: 0.38
Arith. Intensity FLOP/Msgs: 0.04
Arith. Intensity GOPS/Loads: 0.00
Arith. Intensity GOPS/Msgs: 0.00



===Core Utilization Total=== CORE-S:26;; TIME K cy:260 ;; Nodes Proc: 19,651,066 -- Edges Proc: 16,039,936
======== IT IS COLD ======= Only 44 Tiles active

===PRINTING FRAME STATS

FCollision In Avg:8, SD:24, Max:107, Min:0
FCollision Out Avg:5, SD:12, Max:81, Min:0
FCollision End Avg:0, SD:0, Max:0, Min:0
FTask1 Avg:0, SD:0, Max:0, Min:0
FTask2 Avg:0, SD:0, Max:0, Min:0
FTask3 Avg:1, SD:1, Max:8, Min:0
FCore Active Avg:2, SD:3, Max:21, Min:0
FRouter Active Avg:38, SD:28, Max:99, Min:1
T1 invocations: 0
T2 invocations: 0
T3 invocations: 297,798
T3b invocations: 0
Total3 invocations: 297,798
Total4 invocations: 0

T3/T2 ratio: inf
T3b/T3 ratio: 0

T1 avg ex cycles: -nan
T2 avg ex cycles: -nan
T3&b avg ex cycles: 2
T4 avg ex cycles: -nan
Avg. hops NOC1: -nan
Avg. latency NOC1 (T2): -nan
Avg. hops NOC2: 77
Avg. latency NOC2 (T3): 3,385

===PRINTING ACUM STATS at pu_cycles: 270,003

ACollision In Avg:73, SD:24, Max:162, Min:7
ACollision Out Avg:54, SD:19, Max:118, Min:2
ACollision End Avg:1, SD:3, Max:42, Min:0
ATask1 Avg:2, SD:0, Max:10, Min:2
ATask2 Avg:7, SD:0, Max:7, Min:6
ATask3 Avg:7, SD:1, Max:10, Min:6
ACore Active Avg:17, SD:1, Max:26, Min:15
ARouter Active Avg:53, SD:6, Max:65, Min:27
T1 invocations: 772,615
T2 invocations: 3,973,577
T3 invocations: 32,299,974
T3b invocations: 126,309,071
Total3 invocations: 158,609,045
Total4 invocations: 0

T3/T2 ratio: 8
T3b/T3 ratio: 4

T1 avg ex cycles: 122
T2 avg ex cycles: 73
T3&b avg ex cycles: 2
T4 avg ex cycles: -nan
Avg. hops NOC1: 25
Avg. latency NOC1 (T2): 15,472
Avg. hops NOC2: 22
Avg. latency NOC2 (T3): 2,284
Number of K Nodes Processed: 158,611
Number of K Edges Processed: 128,311
Node Re-explore factor: 37.82
Edge Re-explore factor: 1.00
Nodes/cy: 587
Edges/cy: 475
TEPS: 475

---Pcache---
Pcache Size: 16,384
Cached: 0
  PHits: 0
  PMisses: 0
  PHit Rate (hit/miss): -nan%
  PEvictions: 0
  PEviction Rate (evict/misses): -nan%

---Energy---
Leakage Energy (nJ): 486,201
PU Dyn E (nJ): 8,415,166
Mem Dyn E (nJ): 31,605,948
Route Dyn E (nJ): 22,382,460
Dynamic Energy (nJ): 62,403,575
Ratio of Dyn/Leak: 128
Total Energy (nJ): 62,889,776
Total Energy (nJ) 3D: 64,870,827
Cores Energy (nJ): 8,427,189
Route Energy (nJ): 22,389,383
Route Energy (nJ) 3D: 24,370,434
Mem Energy   (nJ): 32,073,204
Mem Energy   (nJ) 3D: 32,073,204
Avg. Power (mW): 232,922.51
Power Density (mW/mm2): 67.29

---Runtime---
Runtime in K cycles: 270.00
Microseconds: 270.00
Time per iteration (ms): 0.27

---Throughput---
GOP/s (aka OPS/ns): 2,589.74
GOP/s per core: 0.16
FLOP/s: 1,062.66
FLOP/s per core: 0.06
Max Peak FLOP/s: 16,384.00
Avg. BW GB/s: 22,459.61
Max BW GB/s: 65,536.00

---Traffic---
In-Die bisection_bytes BW (GB/s): 2,048.00
Inter-board traffic (msg/ns): 0.00, per-link: 0.00
Inter-pack traffic (msg/ns): 0.00, per-link: 0.00
Inter-die traffic (msg/ns): 0.00, per-link: 0.00
Ruche traffic (msg/ns): 0.00, per-link: 0.00
All traffic (msg/ns): 26,984.14, per-link: 1.65
Inter-die reduction wrt all: inf
Inter-board reduction wrt inter-die: -nan

---Data Movement---
All traffic (msg): 7,285,799,588
Arith. Intensity FLOP/Loads: 0.38
Arith. Intensity FLOP/Msgs: 0.04
Arith. Intensity GOPS/Loads: 0.00
Arith. Intensity GOPS/Msgs: 0.00



===Core Utilization Total=== CORE-S:27;; TIME K cy:270 ;; Nodes Proc: 19,812,161 -- Edges Proc: 16,039,936
======== IT IS COLD ======= Only 16 Tiles active

===PRINTING FRAME STATS

FCollision In Avg:2, SD:10, Max:100, Min:0
FCollision Out Avg:1, SD:4, Max:30, Min:0
FCollision End Avg:0, SD:0, Max:0, Min:0
FTask1 Avg:0, SD:0, Max:0, Min:0
FTask2 Avg:0, SD:0, Max:0, Min:0
FTask3 Avg:0, SD:1, Max:4, Min:0
FCore Active Avg:1, SD:2, Max:18, Min:0
FRouter Active Avg:15, SD:21, Max:99, Min:0
T1 invocations: 0
T2 invocations: 0
T3 invocations: 92,493
T3b invocations: 0
Total3 invocations: 92,493
Total4 invocations: 0

T3/T2 ratio: inf
T3b/T3 ratio: 0

T1 avg ex cycles: -nan
T2 avg ex cycles: -nan
T3&b avg ex cycles: 2
T4 avg ex cycles: -nan
Avg. hops NOC1: -nan
Avg. latency NOC1 (T2): -nan
Avg. hops NOC2: 84
Avg. latency NOC2 (T3): 2,586

===PRINTING ACUM STATS at pu_cycles: 280,003

ACollision In Avg:70, SD:23, Max:156, Min:6
ACollision Out Avg:52, SD:19, Max:114, Min:2
ACollision End Avg:1, SD:3, Max:40, Min:0
ATask1 Avg:2, SD:0, Max:9, Min:2
ATask2 Avg:6, SD:0, Max:7, Min:6
ATask3 Avg:7, SD:1, Max:10, Min:6
ACore Active Avg:16, SD:1, Max:25, Min:14
ARouter Active Avg:52, SD:6, Max:63, Min:26
T1 invocations: 772,615
T2 invocations: 3,973,577
T3 invocations: 32,705,295
T3b invocations: 126,309,071
Total3 invocations: 159,014,366
Total4 invocations: 0

T3/T2 ratio: 8
T3b/T3 ratio: 4

T1 avg ex cycles: 122
T2 avg ex cycles: 73
T3&b avg ex cycles: 2
T4 avg ex cycles: -nan
Avg. hops NOC1: 25
Avg. latency NOC1 (T2): 15,472
Avg. hops NOC2: 22
Avg. latency NOC2 (T3): 2,284
Number of K Nodes Processed: 159,014
Number of K Edges Processed: 128,311
Node Re-explore factor: 37.91
Edge Re-explore factor: 1.00
Nodes/cy: 568
Edges/cy: 458
TEPS: 458

---Pcache---
Pcache Size: 16,384
Cached: 0
  PHits: 0
  PMisses: 0
  PHit Rate (hit/miss): -nan%
  PEvictions: 0
  PEviction Rate (evict/misses): -nan%

---Energy---
Leakage Energy (nJ): 504,208
PU Dyn E (nJ): 8,426,247
Mem Dyn E (nJ): 31,656,645
Route Dyn E (nJ): 22,550,774
Dynamic Energy (nJ): 62,633,666
Ratio of Dyn/Leak: 124
Total Energy (nJ): 63,137,874
Total Energy (nJ) 3D: 65,133,822
Cores Energy (nJ): 8,438,715
Route Energy (nJ): 22,557,952
Route Energy (nJ) 3D: 24,553,901
Mem Energy   (nJ): 32,141,207
Mem Energy   (nJ) 3D: 32,141,207
Avg. Power (mW): 225,489.99
Power Density (mW/mm2): 65.15

---Runtime---
Runtime in K cycles: 280.00
Microseconds: 280.00
Time per iteration (ms): 0.28

---Throughput---
GOP/s (aka OPS/ns): 2,500.14
GOP/s per core: 0.15
FLOP/s: 1,026.15
FLOP/s per core: 0.06
Max Peak FLOP/s: 16,384.00
Avg. BW GB/s: 21,692.23
Max BW GB/s: 65,536.00

---Traffic---
In-Die bisection_bytes BW (GB/s): 2,048.00
Inter-board traffic (msg/ns): 0.00, per-link: 0.00
Inter-pack traffic (msg/ns): 0.00, per-link: 0.00
Inter-die traffic (msg/ns): 0.00, per-link: 0.00
Ruche traffic (msg/ns): 0.00, per-link: 0.00
All traffic (msg/ns): 26,210.16, per-link: 1.60
Inter-die reduction wrt all: inf
Inter-board reduction wrt inter-die: -nan

---Data Movement---
All traffic (msg): 7,338,923,536
Arith. Intensity FLOP/Loads: 0.38
Arith. Intensity FLOP/Msgs: 0.04
Arith. Intensity GOPS/Loads: 0.00
Arith. Intensity GOPS/Msgs: 0.00



===Core Utilization Total=== CORE-S:28;; TIME K cy:280 ;; Nodes Proc: 19,863,149 -- Edges Proc: 16,039,936
======== IT IS COLD ======= Only 3 Tiles active
Epoch Done Router: 2
Epoch Done Router: 7
Epoch Done Router: 5
Epoch Done Router: 4
Epoch Done Router: 3
Epoch Done Router: 6
Epoch Done Router: 0
Epoch Done Router: 1
##EPOCH## 2 COMPLETED at Time (K cy): 284
Nodes processed until now: 159,032,060
Edges processed until now: 128,311,436
Program Done Worker Thread: 0
Program Done Router Thread: 0
Program Done Worker Thread: 3
Program Done Worker Thread: 4
Program Done Router Thread: 3
Program Done Router Thread: 1
Program Done Worker Thread: 5
Program Done Worker Thread: 1
Program Done Router Thread: 2
Program Done Worker Thread: 7
Program Done Router Thread: 7
Program Done Worker Thread: 2
Program Done Worker Thread: 6
Program Done Router Thread: 5
Program Done Router Thread: 4
Program Done Router Thread: 6

===PRINTING ACUM STATS at pu_cycles: 284,635

ACollision In Avg:69, SD:23, Max:154, Min:6
ACollision Out Avg:51, SD:18, Max:112, Min:2
ACollision End Avg:0, SD:3, Max:40, Min:0
ATask1 Avg:2, SD:0, Max:9, Min:2
ATask2 Avg:6, SD:0, Max:7, Min:6
ATask3 Avg:7, SD:1, Max:9, Min:6
ACore Active Avg:16, SD:1, Max:25, Min:14
ARouter Active Avg:51, SD:6, Max:62, Min:26
T1 invocations: 772,615
T2 invocations: 3,973,577
T3 invocations: 32,722,989
T3b invocations: 126,309,071
Total3 invocations: 159,032,060
Total4 invocations: 0

T3/T2 ratio: 8
T3b/T3 ratio: 4

T1 avg ex cycles: 122
T2 avg ex cycles: 73
T3&b avg ex cycles: 2
T4 avg ex cycles: -nan
Avg. hops NOC1: 25
Avg. latency NOC1 (T2): 15,472
Avg. hops NOC2: 22
Avg. latency NOC2 (T3): 2,284

Runtime at program end in K cycles: 284
Runtime before cooldown in K cycles: 200


Number of K Nodes Processed: 159,032
Number of K Edges Processed: 128,311
Node Re-explore factor: 37.92
Edge Re-explore factor: 1.00
Nodes/cy: 559
Edges/cy: 451
TEPS: 451

---Pcache---
Pcache Size: 16,384
Cached: 0
  PHits: 0
  PMisses: 0
  PHit Rate (hit/miss): -nan%
  PEvictions: 0
  PEviction Rate (evict/misses): -nan%

---Energy---
Leakage Energy (nJ): 512,549
PU Dyn E (nJ): 8,426,730
Mem Dyn E (nJ): 31,658,858
Route Dyn E (nJ): 22,557,915
Dynamic Energy (nJ): 62,643,504
Ratio of Dyn/Leak: 122
Total Energy (nJ): 63,156,053
Total Energy (nJ) 3D: 65,152,633
Cores Energy (nJ): 8,439,405
Route Energy (nJ): 22,565,212
Route Energy (nJ) 3D: 24,561,793
Mem Energy   (nJ): 32,151,436
Mem Energy   (nJ) 3D: 32,151,436
Avg. Power (mW): 221,884.35
Power Density (mW/mm2): 64.11

---Runtime---
Runtime in K cycles: 284.63
Microseconds: 284.63
Time per iteration (ms): 0.28

---Inst---
K Loads: 758,510
K Stores: 760,067
K Instructions: 700,083

---Throughput---
GOP/s (aka OPS/ns): 2,459.58
GOP/s per core: 0.15
FLOP/s: 1,009.52
FLOP/s per core: 0.06
Max Peak FLOP/s: 16,384.00
Avg. BW GB/s: 21,340.71
Max BW GB/s: 65,536.00

---Traffic---
In-Die bisection_bytes BW (GB/s): 2,048.00
Inter-board traffic (msg/ns): 0.00, per-link: 0.00
Inter-pack traffic (msg/ns): 0.00, per-link: 0.00
Inter-die traffic (msg/ns): 0.00, per-link: 0.00
Ruche traffic (msg/ns): 0.00, per-link: 0.00
All traffic (msg/ns): 25,791.55, per-link: 1.57
Inter-die reduction wrt all: inf
Inter-board reduction wrt inter-die: -nan

---Data Movement---
All traffic (msg): 7,341,178,376
Arith. Intensity FLOP/Loads: 0.38
Arith. Intensity FLOP/Msgs: 0.04
Arith. Intensity GOPS/Loads: 0.00
Arith. Intensity GOPS/Msgs: 0.00

Simulation time: 1,286.81
Sim noc_cy/s: 221.19
Sim Msg/s: 5,704,936.55

Version 31

