Dataset:  wikipedia/
Dry run: 0
Open Edge Count File succesfully
Edges Traversed BFS: 95554407
Found Vertices: 4206592, Edges: 101311613
avg degree 25
Array  wikipedia/node_array.bin found
Malloc array of size 16826372 bytes
Readin array of size 16825160 bytes
Finished Reading Array Bytes
No reordering Array 32bit
Array  wikipedia/edge_array.bin found
Malloc array of size 405246452 bytes
Readin array of size 405246452 bytes
Finished Reading Array Bytes
No reordering Array 32bit
Array  wikipedia/edge_values.bin found
Malloc array of size 405246452 bytes
Readin array of size 405246452 bytes
Finished Reading Array Bytes
No reordering Array 32bit
Reading graph elapsed time: 0.153655s

Dataset Footprint: 821 MiB
Dataset Footprint per Board: 6888.1 Mb
Dataset injection time (ms): 0.420416
Max Dataset Footprint: 821 MiB

Dataset footprint per tile: 821 KiB
Proxys footprint per tile: 0 KiB
Reserved SRAM per tile: 418 KiB

Ideal SRAM per tile: 1239 KiB
reserved_words_for_dataset:100608
dataset_words_per_tile:210208
remaining_sram_words:417242
min_dcache_sram_words_required:101590
dataset_words_per_tile:210208
min_pcache_sram_words_required:0
proxys_words_per_tile:0
Dcache footprint ratio: 1
Dataset Cached: 0
DCache: 210208 words, lines: 13138, sets: 13138
Proxys Cached: 0
Pcache: 0 words, sets: 0
Node per tile: 4,108
Edge per tile: 98,938
GRID_X: 32
GRID_SIZE: 1,024
smt_per_tile: 4
noc_freq: 1
pu_freq: 1
RUCHE_X: 4
PROXY_W: 32
DIE_W: 8
DIE_H: 8
DIES: 16
BORDER_TILES_PER_DIE: 32
PACK_W: 32
PACK_H: 32
DIES_PACK_FACTOR: 4
DIES_PER_PACK: 16
PACKAGES: 1
BOARD_W: 32
BOARD_H: 32
BOARDS: 1
MUX_BUS: 1
DCACHE: 1
PCACHE: 0
PROXY_FACTOR: 1
CACHE_WAYS: 1
TORUS: 1
PHY_NOCS: 1
WIDE_NOC_ID: 0
NOC_CONF: 1
noc_width: 32
hbm_channel_bit_width: 512
ld_st_op_byte_width: 4
PROXY_ROUTING: 0
WRITE_THROUGH: 0
ASSERT_MODE: 0
GLOBAL_BARRIER: 0
OQ flits: 144 ; 6,144 ; 2
IQ flits: 2,304 ; 98,304 ; 2
OQ messages: 48 ; 3,072 ; 1
IQ messages: 768 ; 49,152 ; 1
max_task2 size: 64
io_factor_t2: 16
io_factor_t3: 16
io_factor_t3b: 16

Active SRAM Storage per tile: 1,239 KiB
Total SRAM Storage per tile: 2,048 KiB
Agreggated SRAM Storage: 2,048 MiB

Active DRAM Storage per tile: 0 MiB
Total DRAM Storage per tile: 128 MiB
Agreggated DRAM Storage: 128 GiB

Inter-Die #links: 256
Inter-Die (Gbits): 8,192
Inter-Die (Gbits/mm): 245.576
Bisection BW of Board (Gbits): 8,192
Border IO #Dies: 16
Border IO Die BW (Gbits): 1,024
Off-Board BW Total (Gbits): 16,384
Off-Board BW Density (Gbits/mm): 72
Die side: 8.34 mm
Die border wire density: 245.58 Gbits/mm
HBM wire density: 491.15 Gbits/mm

Tiles per Die: 64 (8x8)
Tile Area: 0.76 mm2, side: 0.87 mm
- Core/Rout Area: 0.19 mm2
- SRAM Area: 0.57 mm2
- SRAM/Logic Ratio: 3.08x

Dies per Package: 16 (4x4)
Die Area: 69.55 mm2, side: 8.34 mm
- Tiles Area: 48.68 mm2
- PHY Area: 11.87 mm2
- MC Area: 9.00 mm2

Packages per Board: 1 (1x1)
Package Area: 3,192.77 mm2, side: 56.50 mm
- IOdie Area: 320.00 mm2
- Dies Area: 1,112.77 mm2
- HBM Area: 1,760.00 mm2

Boards: 1 (1x1)
Board Area: 3,192.77 mm2
Total Area: 3,192.77 mm2



ESTIMATED COST OF SILICON AND PACKAGING. ONLY VARIABLE, NO FIXED COSTS
Good dies per wafer 3d: 481
Good dies per wafer 2d: 802
--Dies 3D Cost: 201.15 $
--Dies 2.5D Cost: 120.64 $
--Dies 2D Cost: 120.64 $
--HBM Cost: 960.00 $
--IOdie Cost: 33.76 $
--Packaging Cost 3d: 41.27 $
--Packaging Cost 2.5d: 65.38 $
--Packaging Cost 2d: 23.16 $
SiP Cost 3d: 1,236.17 $
SiP Cost 2.5d: 1,179.78 $
SiP Cost 2d: 177.56 $
--Board Cost: 3.19 $
Total SiPs Cost 3d: 1,239.37 $
Total SiPs Cost 2.5d: 1,182.97 $
Total SiPs Cost 2d: 180.75 $

Perf counters initialized
Mesh connected
Cache structures initialized
proxys initialized
Dataset structures initialized


Starting Simulation
INIT epoch: 1
INIT epoch: 1
INIT epoch: 1
INIT epoch: 1
INIT epoch: 1
INIT epoch: 1
INIT epoch: 1
INIT epoch: 1

===PRINTING FRAME STATS

FCollision In Avg:-nan, SD:-nan, Max:684, Min:35
FCollision Out Avg:-nan, SD:-nan, Max:454, Min:8
FCollision End Avg:-nan, SD:-nan, Max:96, Min:0
FTask1 Avg:-nan, SD:-nan, Max:149, Min:3
FTask2 Avg:-nan, SD:-nan, Max:374, Min:0
FTask3 Avg:-nan, SD:-nan, Max:222, Min:1
FCore Active Avg:-nan, SD:-nan, Max:100, Min:1
FRouter Active Avg:-nan, SD:-nan, Max:98, Min:6
T1 invocations: 200,026
T2 invocations: 491,356
T3 invocations: 7,827,225
T3b invocations: 0
Total3 invocations: 7,827,225
Total4 invocations: 0

T3/T2 ratio: 16
T3b/T3 ratio: 0

T1 avg ex cycles: 129
T2 avg ex cycles: 84
T3&b avg ex cycles: 3
T4 avg ex cycles: -nan
Avg. hops NOC1: 9
Avg. latency NOC1 (T2): 22,266
Avg. hops NOC2: 8
Avg. latency NOC2 (T3): 13,610

===PRINTING ACUM STATS at pu_cycles: 101,263

ACollision In Avg:-nan, SD:-nan, Max:684, Min:35
ACollision Out Avg:-nan, SD:-nan, Max:454, Min:8
ACollision End Avg:-nan, SD:-nan, Max:96, Min:0
ATask1 Avg:-nan, SD:-nan, Max:149, Min:3
ATask2 Avg:-nan, SD:-nan, Max:374, Min:0
ATask3 Avg:-nan, SD:-nan, Max:222, Min:1
ACore Active Avg:-nan, SD:-nan, Max:100, Min:1
ARouter Active Avg:-nan, SD:-nan, Max:98, Min:6
T1 invocations: 200,026
T2 invocations: 491,356
T3 invocations: 7,827,225
T3b invocations: 0
Total3 invocations: 7,827,225
Total4 invocations: 0

T3/T2 ratio: 16
T3b/T3 ratio: 0

T1 avg ex cycles: 129
T2 avg ex cycles: 84
T3&b avg ex cycles: 3
T4 avg ex cycles: -nan
Avg. hops NOC1: 9
Avg. latency NOC1 (T2): 22,266
Avg. hops NOC2: 8
Avg. latency NOC2 (T3): 13,610
Number of K Nodes Processed: 7,863
Number of K Edges Processed: 9,502
Node Re-explore factor: 1.87
Edge Re-explore factor: 0.09
Nodes/cy: 78
Edges/cy: 94
TEPS: 944

---DCache---
DCache Size: 210,208
DRAM words: 0
  DHits: 0
  DMisses: 0

---Energy---
Leakage Energy (nJ): 85,706
PU Dyn E (nJ): 592,159
Mem Dyn E (nJ): 3,714,665
Route Dyn E (nJ): 896,052
Dynamic Energy (nJ): 5,202,877
Ratio of Dyn/Leak: 61
Total Energy (nJ): 5,288,583
Total Energy (nJ) 3D: 5,736,723
Cores Energy (nJ): 593,287
Route Energy (nJ): 900,333
Route Energy (nJ) 3D: 1,348,473
Mem Energy   (nJ): 3,794,963
Mem Energy   (nJ) 3D: 3,794,963
Avg. Power (mW): 52,226.21
Power Density (mW/mm2): 16.36

---Runtime---
Runtime in K cycles: 101.26
Microseconds: 101.26
Time per iteration (ms): 0.10

---Throughput---
GOP/s (aka OPS/ns): 603.87
GOP/s per core: 0.59
FLOP/s: 169.89
FLOP/s per core: 0.17
Max Peak FLOP/s: 4,096.00
Avg. BW GB/s: 3,683.35
Max BW GB/s: 16,384.00

---Traffic---
In-Die bisection_bytes BW (GB/s): 128.00
Inter-board traffic (msg/ns): 0.00, per-link: 0.00
Inter-pack traffic (msg/ns): 0.00, per-link: 0.00
Inter-die traffic (msg/ns): 86.18, per-link: 0.17
Ruche traffic (msg/ns): 133.86, per-link: 0.26
All traffic (msg/ns): 1,360.48, per-link: 1.33
Inter-die reduction wrt all: 15.79
Inter-board reduction wrt inter-die: inf

---Data Movement---
All traffic (msg): 137,766,412
Arith. Intensity FLOP/Loads: 0.37
Arith. Intensity FLOP/Msgs: 0.12
Arith. Intensity OPS/Loads: 1.32
Arith. Intensity OPS/Msgs: 0.44



===Core Utilization Total=== CORE-S:1;; TIME K cy:100 ;; Nodes Proc: 1,073,651 -- Edges Proc: 1,798,197

===PRINTING FRAME STATS

FCollision In Avg:215, SD:93, Max:577, Min:11
FCollision Out Avg:163, SD:80, Max:496, Min:0
FCollision End Avg:19, SD:37, Max:100, Min:0
FTask1 Avg:11, SD:21, Max:126, Min:0
FTask2 Avg:32, SD:54, Max:334, Min:0
FTask3 Avg:23, SD:30, Max:267, Min:1
FCore Active Avg:16, SD:18, Max:100, Min:0
FRouter Active Avg:43, SD:20, Max:99, Min:6
T1 invocations: 107,662
T2 invocations: 369,058
T3 invocations: 7,850,094
T3b invocations: 0
Total3 invocations: 7,850,094
Total4 invocations: 0

T3/T2 ratio: 21
T3b/T3 ratio: 0

T1 avg ex cycles: 101
T2 avg ex cycles: 88
T3&b avg ex cycles: 3
T4 avg ex cycles: -nan
Avg. hops NOC1: 5
Avg. latency NOC1 (T2): 55,332
Avg. hops NOC2: 7
Avg. latency NOC2 (T3): 18,737

===PRINTING ACUM STATS at pu_cycles: 200,777

ACollision In Avg:223, SD:90, Max:628, Min:34
ACollision Out Avg:170, SD:75, Max:473, Min:4
ACollision End Avg:20, SD:34, Max:98, Min:0
ATask1 Avg:18, SD:17, Max:75, Min:2
ATask2 Avg:36, SD:47, Max:232, Min:0
ATask3 Avg:23, SD:27, Max:234, Min:1
ACore Active Avg:19, SD:16, Max:100, Min:1
ARouter Active Avg:46, SD:19, Max:98, Min:7
T1 invocations: 306,738
T2 invocations: 859,262
T3 invocations: 15,635,412
T3b invocations: 0
Total3 invocations: 15,635,412
Total4 invocations: 0

T3/T2 ratio: 18
T3b/T3 ratio: 0

T1 avg ex cycles: 119
T2 avg ex cycles: 86
T3&b avg ex cycles: 3
T4 avg ex cycles: -nan
Avg. hops NOC1: 7
Avg. latency NOC1 (T2): 36,460
Avg. hops NOC2: 8
Avg. latency NOC2 (T3): 16,197
Number of K Nodes Processed: 15,717
Number of K Edges Processed: 17,061
Node Re-explore factor: 3.74
Edge Re-explore factor: 0.17
Nodes/cy: 78
Edges/cy: 85
TEPS: 476

---DCache---
DCache Size: 210,208
DRAM words: 0
  DHits: 0
  DMisses: 0

---Energy---
Leakage Energy (nJ): 169,931
PU Dyn E (nJ): 1,064,864
Mem Dyn E (nJ): 6,948,310
Route Dyn E (nJ): 1,663,480
Dynamic Energy (nJ): 9,676,654
Ratio of Dyn/Leak: 57
Total Energy (nJ): 9,846,585
Total Energy (nJ) 3D: 10,666,900
Cores Energy (nJ): 1,067,100
Route Energy (nJ): 1,671,968
Route Energy (nJ) 3D: 2,492,283
Mem Energy   (nJ): 7,107,518
Mem Energy   (nJ) 3D: 7,107,518
Avg. Power (mW): 49,042.39
Power Density (mW/mm2): 15.36

---Runtime---
Runtime in K cycles: 200.78
Microseconds: 200.78
Time per iteration (ms): 0.20

---Throughput---
GOP/s (aka OPS/ns): 518.26
GOP/s per core: 0.51
FLOP/s: 161.44
FLOP/s per core: 0.16
Max Peak FLOP/s: 4,096.00
Avg. BW GB/s: 3,474.96
Max BW GB/s: 16,384.00

---Traffic---
In-Die bisection_bytes BW (GB/s): 128.00
Inter-board traffic (msg/ns): 0.00, per-link: 0.00
Inter-pack traffic (msg/ns): 0.00, per-link: 0.00
Inter-die traffic (msg/ns): 79.90, per-link: 0.16
Ruche traffic (msg/ns): 132.79, per-link: 0.26
All traffic (msg/ns): 1,277.98, per-link: 1.25
Inter-die reduction wrt all: 16.00
Inter-board reduction wrt inter-die: inf

---Data Movement---
All traffic (msg): 256,589,815
Arith. Intensity FLOP/Loads: 0.37
Arith. Intensity FLOP/Msgs: 0.13
Arith. Intensity OPS/Loads: 1.20
Arith. Intensity OPS/Msgs: 0.41



===Core Utilization Total=== CORE-S:2;; TIME K cy:200 ;; Nodes Proc: 2,144,818 -- Edges Proc: 3,409,082

===PRINTING FRAME STATS

FCollision In Avg:204, SD:89, Max:512, Min:0
FCollision Out Avg:152, SD:75, Max:470, Min:0
FCollision End Avg:18, SD:35, Max:100, Min:0
FTask1 Avg:11, SD:19, Max:134, Min:0
FTask2 Avg:36, SD:56, Max:295, Min:0
FTask3 Avg:26, SD:34, Max:270, Min:2
FCore Active Avg:18, SD:19, Max:99, Min:0
FRouter Active Avg:46, SD:19, Max:98, Min:6
T1 invocations: 111,050
T2 invocations: 384,071
T3 invocations: 8,772,000
T3b invocations: 0
Total3 invocations: 8,772,000
Total4 invocations: 0

T3/T2 ratio: 23
T3b/T3 ratio: 0

T1 avg ex cycles: 101
T2 avg ex cycles: 95
T3&b avg ex cycles: 3
T4 avg ex cycles: -nan
Avg. hops NOC1: 5
Avg. latency NOC1 (T2): 73,393
Avg. hops NOC2: 7
Avg. latency NOC2 (T3): 16,883

===PRINTING ACUM STATS at pu_cycles: 301,342

ACollision In Avg:217, SD:86, Max:533, Min:23
ACollision Out Avg:164, SD:72, Max:467, Min:3
ACollision End Avg:19, SD:33, Max:98, Min:0
ATask1 Avg:16, SD:15, Max:72, Min:1
ATask2 Avg:36, SD:41, Max:154, Min:0
ATask3 Avg:24, SD:29, Max:228, Min:1
ACore Active Avg:19, SD:15, Max:93, Min:1
ARouter Active Avg:46, SD:17, Max:98, Min:9
T1 invocations: 418,030
T2 invocations: 1,252,067
T3 invocations: 24,389,226
T3b invocations: 0
Total3 invocations: 24,389,226
Total4 invocations: 0

T3/T2 ratio: 19
T3b/T3 ratio: 0

T1 avg ex cycles: 115
T2 avg ex cycles: 89
T3&b avg ex cycles: 3
T4 avg ex cycles: -nan
Avg. hops NOC1: 6
Avg. latency NOC1 (T2): 47,675
Avg. hops NOC2: 7
Avg. latency NOC2 (T3): 16,403
Number of K Nodes Processed: 24,511
Number of K Edges Processed: 25,674
Node Re-explore factor: 5.83
Edge Re-explore factor: 0.25
Nodes/cy: 81
Edges/cy: 85
TEPS: 317

---DCache---
DCache Size: 210,208
DRAM words: 0
  DHits: 0
  DMisses: 0

---Energy---
Leakage Energy (nJ): 255,046
PU Dyn E (nJ): 1,598,518
Mem Dyn E (nJ): 10,607,247
Route Dyn E (nJ): 2,507,773
Dynamic Energy (nJ): 14,713,538
Ratio of Dyn/Leak: 58
Total Energy (nJ): 14,968,584
Total Energy (nJ) 3D: 16,197,579
Cores Energy (nJ): 1,601,873
Route Energy (nJ): 2,520,512
Route Energy (nJ) 3D: 3,749,507
Mem Energy   (nJ): 10,846,199
Mem Energy   (nJ) 3D: 10,846,199
Avg. Power (mW): 49,673.07
Power Density (mW/mm2): 15.56

---Runtime---
Runtime in K cycles: 301.34
Microseconds: 301.34
Time per iteration (ms): 0.30

---Throughput---
GOP/s (aka OPS/ns): 503.80
GOP/s per core: 0.49
FLOP/s: 165.11
FLOP/s per core: 0.16
Max Peak FLOP/s: 4,096.00
Avg. BW GB/s: 3,534.53
Max BW GB/s: 16,384.00

---Traffic---
In-Die bisection_bytes BW (GB/s): 128.00
Inter-board traffic (msg/ns): 0.00, per-link: 0.00
Inter-pack traffic (msg/ns): 0.00, per-link: 0.00
Inter-die traffic (msg/ns): 80.18, per-link: 0.16
Ruche traffic (msg/ns): 136.38, per-link: 0.27
All traffic (msg/ns): 1,286.00, per-link: 1.26
Inter-die reduction wrt all: 16.04
Inter-board reduction wrt inter-die: inf

---Data Movement---
All traffic (msg): 387,524,982
Arith. Intensity FLOP/Loads: 0.37
Arith. Intensity FLOP/Msgs: 0.13
Arith. Intensity OPS/Loads: 1.14
Arith. Intensity OPS/Msgs: 0.39



===Core Utilization Total=== CORE-S:3;; TIME K cy:300 ;; Nodes Proc: 3,284,687 -- Edges Proc: 4,784,668

===PRINTING FRAME STATS

FCollision In Avg:191, SD:92, Max:569, Min:0
FCollision Out Avg:144, SD:76, Max:464, Min:0
FCollision End Avg:17, SD:35, Max:100, Min:0
FTask1 Avg:8, SD:15, Max:91, Min:0
FTask2 Avg:27, SD:47, Max:300, Min:0
FTask3 Avg:20, SD:28, Max:236, Min:1
FCore Active Avg:14, SD:16, Max:97, Min:0
FRouter Active Avg:36, SD:18, Max:96, Min:5
T1 invocations: 79,526
T2 invocations: 284,000
T3 invocations: 6,747,994
T3b invocations: 0
Total3 invocations: 6,747,994
Total4 invocations: 0

T3/T2 ratio: 24
T3b/T3 ratio: 0

T1 avg ex cycles: 102
T2 avg ex cycles: 99
T3&b avg ex cycles: 3
T4 avg ex cycles: -nan
Avg. hops NOC1: 5
Avg. latency NOC1 (T2): 76,661
Avg. hops NOC2: 7
Avg. latency NOC2 (T3): 16,942

===PRINTING ACUM STATS at pu_cycles: 400,653

ACollision In Avg:210, SD:85, Max:513, Min:17
ACollision Out Avg:159, SD:70, Max:451, Min:3
ACollision End Avg:19, SD:31, Max:99, Min:0
ATask1 Avg:14, SD:12, Max:49, Min:1
ATask2 Avg:34, SD:35, Max:116, Min:0
ATask3 Avg:23, SD:28, Max:202, Min:1
ACore Active Avg:18, SD:13, Max:85, Min:1
ARouter Active Avg:44, SD:16, Max:97, Min:9
T1 invocations: 499,358
T2 invocations: 1,543,225
T3 invocations: 31,221,872
T3b invocations: 0
Total3 invocations: 31,221,872
Total4 invocations: 0

T3/T2 ratio: 20
T3b/T3 ratio: 0

T1 avg ex cycles: 112
T2 avg ex cycles: 91
T3&b avg ex cycles: 3
T4 avg ex cycles: -nan
Avg. hops NOC1: 6
Avg. latency NOC1 (T2): 53,208
Avg. hops NOC2: 7
Avg. latency NOC2 (T3): 16,517
Number of K Nodes Processed: 31,255
Number of K Edges Processed: 32,216
Node Re-explore factor: 7.43
Edge Re-explore factor: 0.32
Nodes/cy: 78
Edges/cy: 80
TEPS: 238

---DCache---
DCache Size: 210,208
DRAM words: 0
  DHits: 0
  DMisses: 0

---Energy---
Leakage Energy (nJ): 339,099
PU Dyn E (nJ): 2,012,597
Mem Dyn E (nJ): 13,456,206
Route Dyn E (nJ): 3,155,981
Dynamic Energy (nJ): 18,624,785
Ratio of Dyn/Leak: 55
Total Energy (nJ): 18,963,884
Total Energy (nJ) 3D: 20,507,594
Cores Energy (nJ): 2,017,058
Route Energy (nJ): 3,172,919
Route Energy (nJ) 3D: 4,716,629
Mem Energy   (nJ): 13,773,908
Mem Energy   (nJ) 3D: 13,773,908
Avg. Power (mW): 47,332.44
Power Density (mW/mm2): 14.82

---Runtime---
Runtime in K cycles: 400.65
Microseconds: 400.65
Time per iteration (ms): 0.40

---Throughput---
GOP/s (aka OPS/ns): 470.51
GOP/s per core: 0.46
FLOP/s: 157.99
FLOP/s per core: 0.15
Max Peak FLOP/s: 4,096.00
Avg. BW GB/s: 3,372.44
Max BW GB/s: 16,384.00

---Traffic---
In-Die bisection_bytes BW (GB/s): 128.00
Inter-board traffic (msg/ns): 0.00, per-link: 0.00
Inter-pack traffic (msg/ns): 0.00, per-link: 0.00
Inter-die traffic (msg/ns): 75.27, per-link: 0.15
Ruche traffic (msg/ns): 130.55, per-link: 0.25
All traffic (msg/ns): 1,218.87, per-link: 1.19
Inter-die reduction wrt all: 16.19
Inter-board reduction wrt inter-die: inf

---Data Movement---
All traffic (msg): 488,342,769
Arith. Intensity FLOP/Loads: 0.38
Arith. Intensity FLOP/Msgs: 0.13
Arith. Intensity OPS/Loads: 1.12
Arith. Intensity OPS/Msgs: 0.39



===Core Utilization Total=== CORE-S:4;; TIME K cy:400 ;; Nodes Proc: 4,057,827 -- Edges Proc: 5,645,979

===PRINTING FRAME STATS

FCollision In Avg:169, SD:93, Max:595, Min:0
FCollision Out Avg:124, SD:80, Max:481, Min:0
FCollision End Avg:14, SD:31, Max:100, Min:0
FTask1 Avg:9, SD:17, Max:124, Min:0
FTask2 Avg:30, SD:51, Max:317, Min:0
FTask3 Avg:21, SD:29, Max:220, Min:1
FCore Active Avg:15, SD:17, Max:100, Min:0
FRouter Active Avg:40, SD:20, Max:99, Min:7
T1 invocations: 89,027
T2 invocations: 324,308
T3 invocations: 7,199,318
T3b invocations: 0
Total3 invocations: 7,199,318
Total4 invocations: 0

T3/T2 ratio: 22
T3b/T3 ratio: 0

T1 avg ex cycles: 102
T2 avg ex cycles: 95
T3&b avg ex cycles: 3
T4 avg ex cycles: -nan
Avg. hops NOC1: 6
Avg. latency NOC1 (T2): 70,876
Avg. hops NOC2: 7
Avg. latency NOC2 (T3): 12,597

===PRINTING ACUM STATS at pu_cycles: 501,480

ACollision In Avg:202, SD:84, Max:529, Min:14
ACollision Out Avg:152, SD:70, Max:457, Min:2
ACollision End Avg:18, SD:29, Max:99, Min:0
ATask1 Avg:13, SD:10, Max:35, Min:1
ATask2 Avg:34, SD:31, Max:93, Min:0
ATask3 Avg:23, SD:27, Max:194, Min:1
ACore Active Avg:17, SD:12, Max:74, Min:1
ARouter Active Avg:43, SD:16, Max:97, Min:12
T1 invocations: 588,702
T2 invocations: 1,871,663
T3 invocations: 38,399,415
T3b invocations: 0
Total3 invocations: 38,399,415
Total4 invocations: 0

T3/T2 ratio: 21
T3b/T3 ratio: 0

T1 avg ex cycles: 111
T2 avg ex cycles: 92
T3&b avg ex cycles: 3
T4 avg ex cycles: -nan
Avg. hops NOC1: 6
Avg. latency NOC1 (T2): 56,240
Avg. hops NOC2: 7
Avg. latency NOC2 (T3): 15,781
Number of K Nodes Processed: 38,446
Number of K Edges Processed: 39,295
Node Re-explore factor: 9.14
Edge Re-explore factor: 0.39
Nodes/cy: 77
Edges/cy: 78
TEPS: 191

---DCache---
DCache Size: 210,208
DRAM words: 0
  DHits: 0
  DMisses: 0

---Energy---
Leakage Energy (nJ): 424,436
PU Dyn E (nJ): 2,454,000
Mem Dyn E (nJ): 16,479,757
Route Dyn E (nJ): 3,860,465
Dynamic Energy (nJ): 22,794,222
Ratio of Dyn/Leak: 54
Total Energy (nJ): 23,218,658
Total Energy (nJ) 3D: 25,094,742
Cores Energy (nJ): 2,459,583
Route Energy (nJ): 3,881,666
Route Energy (nJ) 3D: 5,757,749
Mem Energy   (nJ): 16,877,410
Mem Energy   (nJ) 3D: 16,877,410
Avg. Power (mW): 46,300.27
Power Density (mW/mm2): 14.50

---Runtime---
Runtime in K cycles: 501.48
Microseconds: 501.48
Time per iteration (ms): 0.50

---Throughput---
GOP/s (aka OPS/ns): 454.54
GOP/s per core: 0.44
FLOP/s: 154.87
FLOP/s per core: 0.15
Max Peak FLOP/s: 4,096.00
Avg. BW GB/s: 3,299.81
Max BW GB/s: 16,384.00

---Traffic---
In-Die bisection_bytes BW (GB/s): 128.00
Inter-board traffic (msg/ns): 0.00, per-link: 0.00
Inter-pack traffic (msg/ns): 0.00, per-link: 0.00
Inter-die traffic (msg/ns): 73.06, per-link: 0.14
Ruche traffic (msg/ns): 130.89, per-link: 0.26
All traffic (msg/ns): 1,189.36, per-link: 1.16
Inter-die reduction wrt all: 16.28
Inter-board reduction wrt inter-die: inf

---Data Movement---
All traffic (msg): 596,441,447
Arith. Intensity FLOP/Loads: 0.38
Arith. Intensity FLOP/Msgs: 0.13
Arith. Intensity OPS/Loads: 1.10
Arith. Intensity OPS/Msgs: 0.38



===Core Utilization Total=== CORE-S:5;; TIME K cy:500 ;; Nodes Proc: 4,934,780 -- Edges Proc: 6,742,962

===PRINTING FRAME STATS

FCollision In Avg:158, SD:92, Max:621, Min:0
FCollision Out Avg:116, SD:76, Max:399, Min:0
FCollision End Avg:11, SD:29, Max:100, Min:0
FTask1 Avg:10, SD:18, Max:116, Min:0
FTask2 Avg:31, SD:52, Max:361, Min:0
FTask3 Avg:22, SD:31, Max:366, Min:1
FCore Active Avg:16, SD:17, Max:100, Min:0
FRouter Active Avg:43, SD:19, Max:100, Min:9
T1 invocations: 96,992
T2 invocations: 337,228
T3 invocations: 7,471,659
T3b invocations: 0
Total3 invocations: 7,471,659
Total4 invocations: 0

T3/T2 ratio: 22
T3b/T3 ratio: 0

T1 avg ex cycles: 107
T2 avg ex cycles: 94
T3&b avg ex cycles: 3
T4 avg ex cycles: -nan
Avg. hops NOC1: 6
Avg. latency NOC1 (T2): 73,044
Avg. hops NOC2: 7
Avg. latency NOC2 (T3): 14,267

===PRINTING ACUM STATS at pu_cycles: 601,437

ACollision In Avg:195, SD:82, Max:537, Min:12
ACollision Out Avg:146, SD:69, Max:447, Min:4
ACollision End Avg:17, SD:28, Max:99, Min:0
ATask1 Avg:12, SD:9, Max:29, Min:1
ATask2 Avg:33, SD:27, Max:79, Min:0
ATask3 Avg:22, SD:27, Max:221, Min:2
ACore Active Avg:17, SD:11, Max:77, Min:1
ARouter Active Avg:43, SD:15, Max:97, Min:12
T1 invocations: 685,741
T2 invocations: 2,203,015
T3 invocations: 45,758,250
T3b invocations: 0
Total3 invocations: 45,758,250
Total4 invocations: 0

T3/T2 ratio: 21
T3b/T3 ratio: 0

T1 avg ex cycles: 110
T2 avg ex cycles: 92
T3&b avg ex cycles: 3
T4 avg ex cycles: -nan
Avg. hops NOC1: 6
Avg. latency NOC1 (T2): 58,841
Avg. hops NOC2: 7
Avg. latency NOC2 (T3): 15,545
Number of K Nodes Processed: 45,929
Number of K Edges Processed: 46,729
Node Re-explore factor: 10.92
Edge Re-explore factor: 0.46
Nodes/cy: 76
Edges/cy: 78
TEPS: 159

---DCache---
DCache Size: 210,208
DRAM words: 0
  DHits: 0
  DMisses: 0

---Energy---
Leakage Energy (nJ): 509,036
PU Dyn E (nJ): 2,904,389
Mem Dyn E (nJ): 19,552,333
Route Dyn E (nJ): 4,611,966
Dynamic Energy (nJ): 27,068,688
Ratio of Dyn/Leak: 53
Total Energy (nJ): 27,577,724
Total Energy (nJ) 3D: 29,813,827
Cores Energy (nJ): 2,911,084
Route Energy (nJ): 4,637,392
Route Energy (nJ) 3D: 6,873,495
Mem Energy   (nJ): 20,029,248
Mem Energy   (nJ) 3D: 20,029,248
Avg. Power (mW): 45,853.06
Power Density (mW/mm2): 14.36

---Runtime---
Runtime in K cycles: 601.44
Microseconds: 601.44
Time per iteration (ms): 0.60

---Throughput---
GOP/s (aka OPS/ns): 446.88
GOP/s per core: 0.44
FLOP/s: 153.24
FLOP/s per core: 0.15
Max Peak FLOP/s: 4,096.00
Avg. BW GB/s: 3,264.38
Max BW GB/s: 16,384.00

---Traffic---
In-Die bisection_bytes BW (GB/s): 128.00
Inter-board traffic (msg/ns): 0.00, per-link: 0.00
Inter-pack traffic (msg/ns): 0.00, per-link: 0.00
Inter-die traffic (msg/ns): 73.23, per-link: 0.14
Ruche traffic (msg/ns): 130.92, per-link: 0.26
All traffic (msg/ns): 1,183.29, per-link: 1.16
Inter-die reduction wrt all: 16.16
Inter-board reduction wrt inter-die: inf

---Data Movement---
All traffic (msg): 711,673,760
Arith. Intensity FLOP/Loads: 0.38
Arith. Intensity FLOP/Msgs: 0.13
Arith. Intensity OPS/Loads: 1.10
Arith. Intensity OPS/Msgs: 0.38



===Core Utilization Total=== CORE-S:6;; TIME K cy:600 ;; Nodes Proc: 5,889,383 -- Edges Proc: 7,810,775

===PRINTING FRAME STATS

FCollision In Avg:140, SD:90, Max:715, Min:0
FCollision Out Avg:103, SD:75, Max:398, Min:0
FCollision End Avg:10, SD:28, Max:100, Min:0
FTask1 Avg:9, SD:17, Max:115, Min:0
FTask2 Avg:29, SD:54, Max:302, Min:0
FTask3 Avg:21, SD:31, Max:327, Min:1
FCore Active Avg:15, SD:17, Max:100, Min:0
FRouter Active Avg:42, SD:20, Max:100, Min:5
T1 invocations: 86,385
T2 invocations: 313,102
T3 invocations: 7,075,776
T3b invocations: 0
Total3 invocations: 7,075,776
Total4 invocations: 0

T3/T2 ratio: 23
T3b/T3 ratio: 0

T1 avg ex cycles: 107
T2 avg ex cycles: 96
T3&b avg ex cycles: 3
T4 avg ex cycles: -nan
Avg. hops NOC1: 6
Avg. latency NOC1 (T2): 60,241
Avg. hops NOC2: 8
Avg. latency NOC2 (T3): 10,760

===PRINTING ACUM STATS at pu_cycles: 700,805

ACollision In Avg:187, SD:80, Max:539, Min:10
ACollision Out Avg:140, SD:68, Max:428, Min:3
ACollision End Avg:16, SD:26, Max:99, Min:0
ATask1 Avg:12, SD:8, Max:25, Min:0
ATask2 Avg:33, SD:24, Max:67, Min:0
ATask3 Avg:22, SD:26, Max:237, Min:2
ACore Active Avg:17, SD:10, Max:79, Min:1
ARouter Active Avg:43, SD:14, Max:98, Min:13
T1 invocations: 773,222
T2 invocations: 2,526,838
T3 invocations: 52,982,201
T3b invocations: 0
Total3 invocations: 52,982,201
Total4 invocations: 0

T3/T2 ratio: 21
T3b/T3 ratio: 0

T1 avg ex cycles: 110
T2 avg ex cycles: 93
T3&b avg ex cycles: 3
T4 avg ex cycles: -nan
Avg. hops NOC1: 6
Avg. latency NOC1 (T2): 58,896
Avg. hops NOC2: 7
Avg. latency NOC2 (T3): 14,914
Number of K Nodes Processed: 52,999
Number of K Edges Processed: 53,677
Node Re-explore factor: 12.60
Edge Re-explore factor: 0.53
Nodes/cy: 76
Edges/cy: 77
TEPS: 136

---DCache---
DCache Size: 210,208
DRAM words: 0
  DHits: 0
  DMisses: 0

---Energy---
Leakage Energy (nJ): 593,138
PU Dyn E (nJ): 3,347,297
Mem Dyn E (nJ): 22,585,295
Route Dyn E (nJ): 5,355,788
Dynamic Energy (nJ): 31,288,380
Ratio of Dyn/Leak: 53
Total Energy (nJ): 31,881,518
Total Energy (nJ) 3D: 34,478,443
Cores Energy (nJ): 3,355,098
Route Energy (nJ): 5,385,414
Route Energy (nJ) 3D: 7,982,339
Mem Energy   (nJ): 23,141,005
Mem Energy   (nJ) 3D: 23,141,005
Avg. Power (mW): 45,492.71
Power Density (mW/mm2): 14.25

---Runtime---
Runtime in K cycles: 700.80
Microseconds: 700.80
Time per iteration (ms): 0.70

---Throughput---
GOP/s (aka OPS/ns): 440.06
GOP/s per core: 0.43
FLOP/s: 152.06
FLOP/s per core: 0.15
Max Peak FLOP/s: 4,096.00
Avg. BW GB/s: 3,236.10
Max BW GB/s: 16,384.00

---Traffic---
In-Die bisection_bytes BW (GB/s): 128.00
Inter-board traffic (msg/ns): 0.00, per-link: 0.00
Inter-pack traffic (msg/ns): 0.00, per-link: 0.00
Inter-die traffic (msg/ns): 72.70, per-link: 0.14
Ruche traffic (msg/ns): 130.73, per-link: 0.26
All traffic (msg/ns): 1,178.74, per-link: 1.15
Inter-die reduction wrt all: 16.21
Inter-board reduction wrt inter-die: inf

---Data Movement---
All traffic (msg): 826,065,662
Arith. Intensity FLOP/Loads: 0.38
Arith. Intensity FLOP/Msgs: 0.13
Arith. Intensity OPS/Loads: 1.09
Arith. Intensity OPS/Msgs: 0.37



===Core Utilization Total=== CORE-S:7;; TIME K cy:700 ;; Nodes Proc: 6,670,720 -- Edges Proc: 8,587,583

===PRINTING FRAME STATS

FCollision In Avg:124, SD:89, Max:543, Min:0
FCollision Out Avg:92, SD:75, Max:375, Min:0
FCollision End Avg:9, SD:25, Max:100, Min:0
FTask1 Avg:8, SD:16, Max:113, Min:0
FTask2 Avg:25, SD:47, Max:354, Min:0
FTask3 Avg:18, SD:29, Max:298, Min:0
FCore Active Avg:13, SD:16, Max:100, Min:0
FRouter Active Avg:37, SD:20, Max:100, Min:4
T1 invocations: 75,267
T2 invocations: 275,359
T3 invocations: 6,050,245
T3b invocations: 0
Total3 invocations: 6,050,245
Total4 invocations: 0

T3/T2 ratio: 22
T3b/T3 ratio: 0

T1 avg ex cycles: 109
T2 avg ex cycles: 94
T3&b avg ex cycles: 3
T4 avg ex cycles: -nan
Avg. hops NOC1: 6
Avg. latency NOC1 (T2): 68,072
Avg. hops NOC2: 8
Avg. latency NOC2 (T3): 11,620

===PRINTING ACUM STATS at pu_cycles: 800,876

ACollision In Avg:179, SD:78, Max:508, Min:9
ACollision Out Avg:134, SD:67, Max:413, Min:3
ACollision End Avg:15, SD:25, Max:99, Min:0
ATask1 Avg:11, SD:7, Max:22, Min:0
ATask2 Avg:32, SD:20, Max:59, Min:0
ATask3 Avg:22, SD:26, Max:244, Min:2
ACore Active Avg:16, SD:9, Max:79, Min:1
ARouter Active Avg:42, SD:14, Max:97, Min:15
T1 invocations: 848,828
T2 invocations: 2,807,332
T3 invocations: 59,038,417
T3b invocations: 0
Total3 invocations: 59,038,417
Total4 invocations: 0

T3/T2 ratio: 21
T3b/T3 ratio: 0

T1 avg ex cycles: 110
T2 avg ex cycles: 93
T3&b avg ex cycles: 3
T4 avg ex cycles: -nan
Avg. hops NOC1: 6
Avg. latency NOC1 (T2): 59,707
Avg. hops NOC2: 7
Avg. latency NOC2 (T3): 14,575
Number of K Nodes Processed: 59,058
Number of K Edges Processed: 59,652
Node Re-explore factor: 14.04
Edge Re-explore factor: 0.59
Nodes/cy: 74
Edges/cy: 74
TEPS: 119

---DCache---
DCache Size: 210,208
DRAM words: 0
  DHits: 0
  DMisses: 0

---Energy---
Leakage Energy (nJ): 677,834
PU Dyn E (nJ): 3,720,624
Mem Dyn E (nJ): 25,134,035
Route Dyn E (nJ): 5,990,130
Dynamic Energy (nJ): 34,844,790
Ratio of Dyn/Leak: 51
Total Energy (nJ): 35,522,624
Total Energy (nJ) 3D: 38,423,460
Cores Energy (nJ): 3,729,540
Route Energy (nJ): 6,023,987
Route Energy (nJ) 3D: 8,924,823
Mem Energy   (nJ): 25,769,098
Mem Energy   (nJ) 3D: 25,769,098
Avg. Power (mW): 44,354.71
Power Density (mW/mm2): 13.89

---Runtime---
Runtime in K cycles: 800.88
Microseconds: 800.88
Time per iteration (ms): 0.80

---Throughput---
GOP/s (aka OPS/ns): 427.10
GOP/s per core: 0.42
FLOP/s: 148.13
FLOP/s per core: 0.14
Max Peak FLOP/s: 4,096.00
Avg. BW GB/s: 3,151.30
Max BW GB/s: 16,384.00

---Traffic---
In-Die bisection_bytes BW (GB/s): 128.00
Inter-board traffic (msg/ns): 0.00, per-link: 0.00
Inter-pack traffic (msg/ns): 0.00, per-link: 0.00
Inter-die traffic (msg/ns): 71.02, per-link: 0.14
Ruche traffic (msg/ns): 128.60, per-link: 0.25
All traffic (msg/ns): 1,152.52, per-link: 1.13
Inter-die reduction wrt all: 16.23
Inter-board reduction wrt inter-die: inf

---Data Movement---
All traffic (msg): 923,026,928
Arith. Intensity FLOP/Loads: 0.38
Arith. Intensity FLOP/Msgs: 0.13
Arith. Intensity OPS/Loads: 1.09
Arith. Intensity OPS/Msgs: 0.37



===Core Utilization Total=== CORE-S:8;; TIME K cy:800 ;; Nodes Proc: 7,342,056 -- Edges Proc: 9,035,442

===PRINTING FRAME STATS

FCollision In Avg:112, SD:85, Max:460, Min:0
FCollision Out Avg:84, SD:74, Max:396, Min:0
FCollision End Avg:7, SD:24, Max:100, Min:0
FTask1 Avg:7, SD:14, Max:126, Min:0
FTask2 Avg:22, SD:41, Max:294, Min:0
FTask3 Avg:16, SD:25, Max:280, Min:0
FCore Active Avg:11, SD:13, Max:89, Min:0
FRouter Active Avg:35, SD:19, Max:100, Min:5
T1 invocations: 61,553
T2 invocations: 234,316
T3 invocations: 5,573,457
T3b invocations: 0
Total3 invocations: 5,573,457
Total4 invocations: 0

T3/T2 ratio: 24
T3b/T3 ratio: 0

T1 avg ex cycles: 109
T2 avg ex cycles: 94
T3&b avg ex cycles: 3
T4 avg ex cycles: -nan
Avg. hops NOC1: 7
Avg. latency NOC1 (T2): 66,216
Avg. hops NOC2: 8
Avg. latency NOC2 (T3): 10,772

===PRINTING ACUM STATS at pu_cycles: 901,200

ACollision In Avg:172, SD:77, Max:479, Min:8
ACollision Out Avg:128, SD:66, Max:393, Min:2
ACollision End Avg:14, SD:23, Max:99, Min:0
ATask1 Avg:11, SD:6, Max:20, Min:0
ATask2 Avg:31, SD:18, Max:57, Min:0
ATask3 Avg:21, SD:25, Max:248, Min:2
ACore Active Avg:16, SD:9, Max:79, Min:1
ARouter Active Avg:41, SD:13, Max:96, Min:15
T1 invocations: 905,996
T2 invocations: 3,017,423
T3 invocations: 64,229,939
T3b invocations: 0
Total3 invocations: 64,229,939
Total4 invocations: 0

T3/T2 ratio: 21
T3b/T3 ratio: 0

T1 avg ex cycles: 110
T2 avg ex cycles: 93
T3&b avg ex cycles: 3
T4 avg ex cycles: -nan
Avg. hops NOC1: 6
Avg. latency NOC1 (T2): 60,237
Avg. hops NOC2: 7
Avg. latency NOC2 (T3): 14,255
Number of K Nodes Processed: 64,671
Number of K Edges Processed: 65,123
Node Re-explore factor: 15.37
Edge Re-explore factor: 0.64
Nodes/cy: 72
Edges/cy: 72
TEPS: 106

---DCache---
DCache Size: 210,208
DRAM words: 0
  DHits: 0
  DMisses: 0

---Energy---
Leakage Energy (nJ): 762,745
PU Dyn E (nJ): 4,020,862
Mem Dyn E (nJ): 27,213,978
Route Dyn E (nJ): 6,563,246
Dynamic Energy (nJ): 37,798,086
Ratio of Dyn/Leak: 50
Total Energy (nJ): 38,560,831
Total Energy (nJ) 3D: 41,725,545
Cores Energy (nJ): 4,030,894
Route Energy (nJ): 6,601,344
Route Energy (nJ) 3D: 9,766,058
Mem Energy   (nJ): 27,928,593
Mem Energy   (nJ) 3D: 27,928,593
Avg. Power (mW): 42,788.32
Power Density (mW/mm2): 13.40

---Runtime---
Runtime in K cycles: 901.20
Microseconds: 901.20
Time per iteration (ms): 0.90

---Throughput---
GOP/s (aka OPS/ns): 409.25
GOP/s per core: 0.40
FLOP/s: 142.49
FLOP/s per core: 0.14
Max Peak FLOP/s: 4,096.00
Avg. BW GB/s: 3,032.24
Max BW GB/s: 16,384.00

---Traffic---
In-Die bisection_bytes BW (GB/s): 128.00
Inter-board traffic (msg/ns): 0.00, per-link: 0.00
Inter-pack traffic (msg/ns): 0.00, per-link: 0.00
Inter-die traffic (msg/ns): 69.45, per-link: 0.14
Ruche traffic (msg/ns): 126.65, per-link: 0.25
All traffic (msg/ns): 1,119.42, per-link: 1.09
Inter-die reduction wrt all: 16.12
Inter-board reduction wrt inter-die: inf

---Data Movement---
All traffic (msg): 1,008,819,650
Arith. Intensity FLOP/Loads: 0.38
Arith. Intensity FLOP/Msgs: 0.13
Arith. Intensity OPS/Loads: 1.08
Arith. Intensity OPS/Msgs: 0.37



===Core Utilization Total=== CORE-S:9;; TIME K cy:900 ;; Nodes Proc: 7,998,404 -- Edges Proc: 9,437,008

===PRINTING FRAME STATS

FCollision In Avg:101, SD:84, Max:372, Min:0
FCollision Out Avg:77, SD:72, Max:380, Min:0
FCollision End Avg:7, SD:22, Max:100, Min:0
FTask1 Avg:8, SD:17, Max:133, Min:0
FTask2 Avg:24, SD:48, Max:290, Min:0
FTask3 Avg:18, SD:27, Max:247, Min:0
FCore Active Avg:12, SD:16, Max:100, Min:0
FRouter Active Avg:38, SD:21, Max:98, Min:5
T1 invocations: 72,481
T2 invocations: 255,786
T3 invocations: 5,975,590
T3b invocations: 0
Total3 invocations: 5,975,590
Total4 invocations: 0

T3/T2 ratio: 23
T3b/T3 ratio: 0

T1 avg ex cycles: 113
T2 avg ex cycles: 97
T3&b avg ex cycles: 3
T4 avg ex cycles: -nan
Avg. hops NOC1: 8
Avg. latency NOC1 (T2): 55,358
Avg. hops NOC2: 8
Avg. latency NOC2 (T3): 8,135

===PRINTING ACUM STATS at pu_cycles: 1,000,588

ACollision In Avg:165, SD:75, Max:453, Min:7
ACollision Out Avg:123, SD:64, Max:377, Min:2
ACollision End Avg:13, SD:22, Max:99, Min:0
ATask1 Avg:11, SD:5, Max:19, Min:0
ATask2 Avg:30, SD:15, Max:47, Min:0
ATask3 Avg:21, SD:24, Max:245, Min:2
ACore Active Avg:15, SD:8, Max:77, Min:1
ARouter Active Avg:41, SD:13, Max:96, Min:15
T1 invocations: 985,191
T2 invocations: 3,315,119
T3 invocations: 70,579,731
T3b invocations: 0
Total3 invocations: 70,579,731
Total4 invocations: 0

T3/T2 ratio: 21
T3b/T3 ratio: 0

T1 avg ex cycles: 110
T2 avg ex cycles: 93
T3&b avg ex cycles: 3
T4 avg ex cycles: -nan
Avg. hops NOC1: 6
Avg. latency NOC1 (T2): 59,744
Avg. hops NOC2: 7
Avg. latency NOC2 (T3): 13,708
Number of K Nodes Processed: 70,648
Number of K Edges Processed: 71,085
Node Re-explore factor: 16.79
Edge Re-explore factor: 0.70
Nodes/cy: 71
Edges/cy: 71
TEPS: 95

---DCache---
DCache Size: 210,208
DRAM words: 0
  DHits: 0
  DMisses: 0

---Energy---
Leakage Energy (nJ): 846,864
PU Dyn E (nJ): 4,420,549
Mem Dyn E (nJ): 29,929,154
Route Dyn E (nJ): 7,244,484
Dynamic Energy (nJ): 41,594,187
Ratio of Dyn/Leak: 49
Total Energy (nJ): 42,441,051
Total Energy (nJ) 3D: 45,937,840
Cores Energy (nJ): 4,431,688
Route Energy (nJ): 7,286,784
Route Energy (nJ) 3D: 10,783,573
Mem Energy   (nJ): 30,722,580
Mem Energy   (nJ) 3D: 30,722,580
Avg. Power (mW): 42,416.11
Power Density (mW/mm2): 13.29

---Runtime---
Runtime in K cycles: 1,000.59
Microseconds: 1,000.59
Time per iteration (ms): 1.00

---Throughput---
GOP/s (aka OPS/ns): 404.70
GOP/s per core: 0.40
FLOP/s: 141.23
FLOP/s per core: 0.14
Max Peak FLOP/s: 4,096.00
Avg. BW GB/s: 3,003.53
Max BW GB/s: 16,384.00

---Traffic---
In-Die bisection_bytes BW (GB/s): 128.00
Inter-board traffic (msg/ns): 0.00, per-link: 0.00
Inter-pack traffic (msg/ns): 0.00, per-link: 0.00
Inter-die traffic (msg/ns): 68.67, per-link: 0.13
Ruche traffic (msg/ns): 125.88, per-link: 0.25
All traffic (msg/ns): 1,112.57, per-link: 1.09
Inter-die reduction wrt all: 16.20
Inter-board reduction wrt inter-die: inf

---Data Movement---
All traffic (msg): 1,113,226,191
Arith. Intensity FLOP/Loads: 0.38
Arith. Intensity FLOP/Msgs: 0.13
Arith. Intensity OPS/Loads: 1.08
Arith. Intensity OPS/Msgs: 0.36



===Core Utilization Total=== CORE-S:10;; TIME K cy:1,000 ;; Nodes Proc: 8,768,338 -- Edges Proc: 9,853,960
======== IT IS COLD ======= Only 60 Tiles active

===PRINTING FRAME STATS

FCollision In Avg:90, SD:84, Max:394, Min:0
FCollision Out Avg:69, SD:70, Max:435, Min:0
FCollision End Avg:6, SD:20, Max:100, Min:0
FTask1 Avg:7, SD:16, Max:119, Min:0
FTask2 Avg:23, SD:47, Max:278, Min:0
FTask3 Avg:16, SD:25, Max:245, Min:0
FCore Active Avg:11, SD:15, Max:86, Min:0
FRouter Active Avg:35, SD:20, Max:99, Min:4
T1 invocations: 59,983
T2 invocations: 235,436
T3 invocations: 5,392,367
T3b invocations: 0
Total3 invocations: 5,392,367
Total4 invocations: 0

T3/T2 ratio: 23
T3b/T3 ratio: 0

T1 avg ex cycles: 116
T2 avg ex cycles: 98
T3&b avg ex cycles: 3
T4 avg ex cycles: -nan
Avg. hops NOC1: 8
Avg. latency NOC1 (T2): 44,399
Avg. hops NOC2: 8
Avg. latency NOC2 (T3): 8,645

===PRINTING ACUM STATS at pu_cycles: 1,100,979

ACollision In Avg:158, SD:73, Max:441, Min:6
ACollision Out Avg:118, SD:63, Max:362, Min:2
ACollision End Avg:13, SD:20, Max:99, Min:0
ATask1 Avg:10, SD:4, Max:18, Min:0
ATask2 Avg:30, SD:13, Max:43, Min:0
ATask3 Avg:20, SD:24, Max:234, Min:2
ACore Active Avg:15, SD:7, Max:73, Min:1
ARouter Active Avg:41, SD:13, Max:96, Min:15
T1 invocations: 1,045,417
T2 invocations: 3,563,379
T3 invocations: 76,029,605
T3b invocations: 0
Total3 invocations: 76,029,605
Total4 invocations: 0

T3/T2 ratio: 21
T3b/T3 ratio: 0

T1 avg ex cycles: 110
T2 avg ex cycles: 94
T3&b avg ex cycles: 3
T4 avg ex cycles: -nan
Avg. hops NOC1: 6
Avg. latency NOC1 (T2): 58,705
Avg. hops NOC2: 7
Avg. latency NOC2 (T3): 13,346
Number of K Nodes Processed: 76,043
Number of K Edges Processed: 76,420
Node Re-explore factor: 18.08
Edge Re-explore factor: 0.75
Nodes/cy: 69
Edges/cy: 69
TEPS: 87

---DCache---
DCache Size: 210,208
DRAM words: 0
  DHits: 0
  DMisses: 0

---Energy---
Leakage Energy (nJ): 931,831
PU Dyn E (nJ): 4,760,715
Mem Dyn E (nJ): 32,252,898
Route Dyn E (nJ): 7,841,200
Dynamic Energy (nJ): 44,854,813
Ratio of Dyn/Leak: 48
Total Energy (nJ): 45,786,644
Total Energy (nJ) 3D: 49,566,942
Cores Energy (nJ): 4,772,971
Route Energy (nJ): 7,887,744
Route Energy (nJ) 3D: 11,668,042
Mem Energy   (nJ): 33,125,930
Mem Energy   (nJ) 3D: 33,125,930
Avg. Power (mW): 41,587.21
Power Density (mW/mm2): 13.03

---Runtime---
Runtime in K cycles: 1,100.98
Microseconds: 1,100.98
Time per iteration (ms): 1.10

---Throughput---
GOP/s (aka OPS/ns): 395.34
GOP/s per core: 0.39
FLOP/s: 138.42
FLOP/s per core: 0.14
Max Peak FLOP/s: 4,096.00
Avg. BW GB/s: 2,941.60
Max BW GB/s: 16,384.00

---Traffic---
In-Die bisection_bytes BW (GB/s): 128.00
Inter-board traffic (msg/ns): 0.00, per-link: 0.00
Inter-pack traffic (msg/ns): 0.00, per-link: 0.00
Inter-die traffic (msg/ns): 67.26, per-link: 0.13
Ruche traffic (msg/ns): 124.58, per-link: 0.24
All traffic (msg/ns): 1,093.25, per-link: 1.07
Inter-die reduction wrt all: 16.25
Inter-board reduction wrt inter-die: inf

---Data Movement---
All traffic (msg): 1,203,646,519
Arith. Intensity FLOP/Loads: 0.38
Arith. Intensity FLOP/Msgs: 0.13
Arith. Intensity OPS/Loads: 1.08
Arith. Intensity OPS/Msgs: 0.36



===Core Utilization Total=== CORE-S:11;; TIME K cy:1,100 ;; Nodes Proc: 9,446,239 -- Edges Proc: 10,271,621
======== IT IS COLD ======= Only 50 Tiles active

===PRINTING FRAME STATS

FCollision In Avg:72, SD:76, Max:384, Min:0
FCollision Out Avg:57, SD:67, Max:351, Min:0
FCollision End Avg:5, SD:19, Max:100, Min:0
FTask1 Avg:5, SD:14, Max:102, Min:0
FTask2 Avg:17, SD:46, Max:346, Min:0
FTask3 Avg:12, SD:21, Max:229, Min:0
FCore Active Avg:8, SD:14, Max:100, Min:0
FRouter Active Avg:27, SD:20, Max:99, Min:2
T1 invocations: 42,878
T2 invocations: 176,185
T3 invocations: 4,038,834
T3b invocations: 0
Total3 invocations: 4,038,834
Total4 invocations: 0

T3/T2 ratio: 23
T3b/T3 ratio: 0

T1 avg ex cycles: 109
T2 avg ex cycles: 97
T3&b avg ex cycles: 3
T4 avg ex cycles: -nan
Avg. hops NOC1: 7
Avg. latency NOC1 (T2): 45,143
Avg. hops NOC2: 8
Avg. latency NOC2 (T3): 7,277

===PRINTING ACUM STATS at pu_cycles: 1,200,713

ACollision In Avg:151, SD:71, Max:436, Min:6
ACollision Out Avg:113, SD:62, Max:361, Min:2
ACollision End Avg:12, SD:19, Max:99, Min:0
ATask1 Avg:10, SD:4, Max:16, Min:0
ATask2 Avg:29, SD:11, Max:40, Min:0
ATask3 Avg:20, SD:23, Max:224, Min:1
ACore Active Avg:14, SD:7, Max:69, Min:1
ARouter Active Avg:39, SD:13, Max:96, Min:15
T1 invocations: 1,089,089
T2 invocations: 3,741,003
T3 invocations: 80,065,385
T3b invocations: 0
Total3 invocations: 80,065,385
Total4 invocations: 0

T3/T2 ratio: 21
T3b/T3 ratio: 0

T1 avg ex cycles: 110
T2 avg ex cycles: 94
T3&b avg ex cycles: 3
T4 avg ex cycles: -nan
Avg. hops NOC1: 6
Avg. latency NOC1 (T2): 58,052
Avg. hops NOC2: 7
Avg. latency NOC2 (T3): 13,040
Number of K Nodes Processed: 80,081
Number of K Edges Processed: 80,354
Node Re-explore factor: 19.04
Edge Re-explore factor: 0.79
Nodes/cy: 67
Edges/cy: 67
TEPS: 80

---DCache---
DCache Size: 210,208
DRAM words: 0
  DHits: 0
  DMisses: 0

---Energy---
Leakage Energy (nJ): 1,016,243
PU Dyn E (nJ): 5,005,062
Mem Dyn E (nJ): 33,935,050
Route Dyn E (nJ): 8,278,215
Dynamic Energy (nJ): 47,218,327
Ratio of Dyn/Leak: 46
Total Energy (nJ): 48,234,570
Total Energy (nJ) 3D: 52,219,905
Cores Energy (nJ): 5,018,428
Route Energy (nJ): 8,328,975
Route Energy (nJ) 3D: 12,314,310
Mem Energy   (nJ): 34,887,168
Mem Energy   (nJ) 3D: 34,887,168
Avg. Power (mW): 40,171.61
Power Density (mW/mm2): 12.58

---Runtime---
Runtime in K cycles: 1,200.71
Microseconds: 1,200.71
Time per iteration (ms): 1.20

---Throughput---
GOP/s (aka OPS/ns): 380.52
GOP/s per core: 0.37
FLOP/s: 133.59
FLOP/s per core: 0.13
Max Peak FLOP/s: 4,096.00
Avg. BW GB/s: 2,837.94
Max BW GB/s: 16,384.00

---Traffic---
In-Die bisection_bytes BW (GB/s): 128.00
Inter-board traffic (msg/ns): 0.00, per-link: 0.00
Inter-pack traffic (msg/ns): 0.00, per-link: 0.00
Inter-die traffic (msg/ns): 64.74, per-link: 0.13
Ruche traffic (msg/ns): 121.51, per-link: 0.24
All traffic (msg/ns): 1,057.43, per-link: 1.03
Inter-die reduction wrt all: 16.33
Inter-board reduction wrt inter-die: inf

---Data Movement---
All traffic (msg): 1,269,672,188
Arith. Intensity FLOP/Loads: 0.38
Arith. Intensity FLOP/Msgs: 0.13
Arith. Intensity OPS/Loads: 1.07
Arith. Intensity OPS/Msgs: 0.36



===Core Utilization Total=== CORE-S:12;; TIME K cy:1,200 ;; Nodes Proc: 9,923,851 -- Edges Proc: 10,549,190
======== IT IS COLD ======= Only 50 Tiles active

===PRINTING FRAME STATS

FCollision In Avg:61, SD:72, Max:445, Min:0
FCollision Out Avg:53, SD:60, Max:371, Min:0
FCollision End Avg:4, SD:17, Max:100, Min:0
FTask1 Avg:7, SD:17, Max:116, Min:0
FTask2 Avg:19, SD:44, Max:295, Min:0
FTask3 Avg:14, SD:23, Max:258, Min:0
FCore Active Avg:10, SD:14, Max:85, Min:0
FRouter Active Avg:31, SD:20, Max:97, Min:3
T1 invocations: 57,720
T2 invocations: 208,110
T3 invocations: 4,630,091
T3b invocations: 0
Total3 invocations: 4,630,091
Total4 invocations: 0

T3/T2 ratio: 22
T3b/T3 ratio: 0

T1 avg ex cycles: 116
T2 avg ex cycles: 92
T3&b avg ex cycles: 3
T4 avg ex cycles: -nan
Avg. hops NOC1: 9
Avg. latency NOC1 (T2): 50,691
Avg. hops NOC2: 8
Avg. latency NOC2 (T3): 7,724

===PRINTING ACUM STATS at pu_cycles: 1,300,516

ACollision In Avg:144, SD:69, Max:429, Min:5
ACollision Out Avg:108, SD:60, Max:362, Min:2
ACollision End Avg:11, SD:18, Max:99, Min:0
ATask1 Avg:10, SD:3, Max:15, Min:0
ATask2 Avg:28, SD:10, Max:37, Min:0
ATask3 Avg:19, SD:22, Max:211, Min:1
ACore Active Avg:14, SD:7, Max:65, Min:1
ARouter Active Avg:39, SD:13, Max:96, Min:15
T1 invocations: 1,146,054
T2 invocations: 3,947,629
T3 invocations: 84,624,087
T3b invocations: 0
Total3 invocations: 84,624,087
Total4 invocations: 0

T3/T2 ratio: 21
T3b/T3 ratio: 0

T1 avg ex cycles: 111
T2 avg ex cycles: 94
T3&b avg ex cycles: 3
T4 avg ex cycles: -nan
Avg. hops NOC1: 7
Avg. latency NOC1 (T2): 57,667
Avg. hops NOC2: 8
Avg. latency NOC2 (T3): 12,756
Number of K Nodes Processed: 84,720
Number of K Edges Processed: 85,013
Node Re-explore factor: 20.14
Edge Re-explore factor: 0.84
Nodes/cy: 65
Edges/cy: 65
TEPS: 73

---DCache---
DCache Size: 210,208
DRAM words: 0
  DHits: 0
  DMisses: 0

---Energy---
Leakage Energy (nJ): 1,100,713
PU Dyn E (nJ): 5,281,462
Mem Dyn E (nJ): 35,820,097
Route Dyn E (nJ): 8,795,005
Dynamic Energy (nJ): 49,896,565
Ratio of Dyn/Leak: 45
Total Energy (nJ): 50,997,278
Total Energy (nJ) 3D: 55,226,104
Cores Energy (nJ): 5,295,940
Route Energy (nJ): 8,849,984
Route Energy (nJ) 3D: 13,078,810
Mem Energy   (nJ): 36,851,354
Mem Energy   (nJ) 3D: 36,851,354
Avg. Power (mW): 39,213.11
Power Density (mW/mm2): 12.28

---Runtime---
Runtime in K cycles: 1,300.52
Microseconds: 1,300.52
Time per iteration (ms): 1.30

---Throughput---
GOP/s (aka OPS/ns): 370.71
GOP/s per core: 0.36
FLOP/s: 130.15
FLOP/s per core: 0.13
Max Peak FLOP/s: 4,096.00
Avg. BW GB/s: 2,765.70
Max BW GB/s: 16,384.00

---Traffic---
In-Die bisection_bytes BW (GB/s): 128.00
Inter-board traffic (msg/ns): 0.00, per-link: 0.00
Inter-pack traffic (msg/ns): 0.00, per-link: 0.00
Inter-die traffic (msg/ns): 63.42, per-link: 0.12
Ruche traffic (msg/ns): 119.74, per-link: 0.23
All traffic (msg/ns): 1,036.07, per-link: 1.01
Inter-die reduction wrt all: 16.34
Inter-board reduction wrt inter-die: inf

---Data Movement---
All traffic (msg): 1,347,419,958
Arith. Intensity FLOP/Loads: 0.38
Arith. Intensity FLOP/Msgs: 0.13
Arith. Intensity OPS/Loads: 1.07
Arith. Intensity OPS/Msgs: 0.36



===Core Utilization Total=== CORE-S:13;; TIME K cy:1,300 ;; Nodes Proc: 10,528,578 -- Edges Proc: 10,921,721
======== IT IS COLD ======= Only 32 Tiles active

===PRINTING FRAME STATS

FCollision In Avg:49, SD:68, Max:430, Min:0
FCollision Out Avg:44, SD:58, Max:332, Min:0
FCollision End Avg:4, SD:17, Max:100, Min:0
FTask1 Avg:4, SD:12, Max:95, Min:0
FTask2 Avg:14, SD:41, Max:362, Min:0
FTask3 Avg:10, SD:21, Max:267, Min:0
FCore Active Avg:7, SD:13, Max:93, Min:0
FRouter Active Avg:24, SD:21, Max:98, Min:1
T1 invocations: 34,142
T2 invocations: 130,598
T3 invocations: 3,308,043
T3b invocations: 0
Total3 invocations: 3,308,043
Total4 invocations: 0

T3/T2 ratio: 25
T3b/T3 ratio: 0

T1 avg ex cycles: 108
T2 avg ex cycles: 106
T3&b avg ex cycles: 3
T4 avg ex cycles: -nan
Avg. hops NOC1: 9
Avg. latency NOC1 (T2): 45,436
Avg. hops NOC2: 8
Avg. latency NOC2 (T3): 7,401

===PRINTING ACUM STATS at pu_cycles: 1,400,847

ACollision In Avg:137, SD:67, Max:418, Min:5
ACollision Out Avg:104, SD:59, Max:354, Min:2
ACollision End Avg:11, SD:17, Max:99, Min:0
ATask1 Avg:9, SD:3, Max:14, Min:0
ATask2 Avg:27, SD:8, Max:34, Min:0
ATask3 Avg:18, SD:22, Max:205, Min:1
ACore Active Avg:14, SD:6, Max:61, Min:1
ARouter Active Avg:38, SD:12, Max:95, Min:15
T1 invocations: 1,181,948
T2 invocations: 4,088,053
T3 invocations: 88,013,798
T3b invocations: 0
Total3 invocations: 88,013,798
Total4 invocations: 0

T3/T2 ratio: 22
T3b/T3 ratio: 0

T1 avg ex cycles: 111
T2 avg ex cycles: 94
T3&b avg ex cycles: 3
T4 avg ex cycles: -nan
Avg. hops NOC1: 7
Avg. latency NOC1 (T2): 57,196
Avg. hops NOC2: 8
Avg. latency NOC2 (T3): 12,552
Number of K Nodes Processed: 88,038
Number of K Edges Processed: 88,262
Node Re-explore factor: 20.93
Edge Re-explore factor: 0.87
Nodes/cy: 63
Edges/cy: 63
TEPS: 68

---DCache---
DCache Size: 210,208
DRAM words: 0
  DHits: 0
  DMisses: 0

---Energy---
Leakage Energy (nJ): 1,185,629
PU Dyn E (nJ): 5,490,351
Mem Dyn E (nJ): 37,255,782
Route Dyn E (nJ): 9,195,060
Dynamic Energy (nJ): 51,941,194
Ratio of Dyn/Leak: 44
Total Energy (nJ): 53,126,823
Total Energy (nJ) 3D: 57,549,191
Cores Energy (nJ): 5,505,946
Route Energy (nJ): 9,254,281
Route Energy (nJ) 3D: 13,676,649
Mem Energy   (nJ): 38,366,597
Mem Energy   (nJ) 3D: 38,366,597
Avg. Power (mW): 37,924.79
Power Density (mW/mm2): 11.88

---Runtime---
Runtime in K cycles: 1,400.85
Microseconds: 1,400.85
Time per iteration (ms): 1.40

---Throughput---
GOP/s (aka OPS/ns): 357.25
GOP/s per core: 0.35
FLOP/s: 125.73
FLOP/s per core: 0.12
Max Peak FLOP/s: 4,096.00
Avg. BW GB/s: 2,670.53
Max BW GB/s: 16,384.00

---Traffic---
In-Die bisection_bytes BW (GB/s): 128.00
Inter-board traffic (msg/ns): 0.00, per-link: 0.00
Inter-pack traffic (msg/ns): 0.00, per-link: 0.00
Inter-die traffic (msg/ns): 61.48, per-link: 0.12
Ruche traffic (msg/ns): 116.21, per-link: 0.23
All traffic (msg/ns): 1,004.96, per-link: 0.98
Inter-die reduction wrt all: 16.35
Inter-board reduction wrt inter-die: inf

---Data Movement---
All traffic (msg): 1,407,797,276
Arith. Intensity FLOP/Loads: 0.38
Arith. Intensity FLOP/Msgs: 0.13
Arith. Intensity OPS/Loads: 1.07
Arith. Intensity OPS/Msgs: 0.36



===Core Utilization Total=== CORE-S:14;; TIME K cy:1,400 ;; Nodes Proc: 10,929,448 -- Edges Proc: 11,133,862
======== IT IS COLD ======= Only 29 Tiles active

===PRINTING FRAME STATS

FCollision In Avg:38, SD:62, Max:386, Min:0
FCollision Out Avg:32, SD:50, Max:260, Min:0
FCollision End Avg:3, SD:15, Max:100, Min:0
FTask1 Avg:3, SD:13, Max:110, Min:0
FTask2 Avg:11, SD:37, Max:285, Min:0
FTask3 Avg:9, SD:19, Max:275, Min:0
FCore Active Avg:6, SD:11, Max:82, Min:0
FRouter Active Avg:22, SD:18, Max:99, Min:1
T1 invocations: 32,574
T2 invocations: 115,919
T3 invocations: 3,064,373
T3b invocations: 0
Total3 invocations: 3,064,373
Total4 invocations: 0

T3/T2 ratio: 26
T3b/T3 ratio: 0

T1 avg ex cycles: 108
T2 avg ex cycles: 99
T3&b avg ex cycles: 3
T4 avg ex cycles: -nan
Avg. hops NOC1: 8
Avg. latency NOC1 (T2): 55,492
Avg. hops NOC2: 8
Avg. latency NOC2 (T3): 5,750

===PRINTING ACUM STATS at pu_cycles: 1,500,261

ACollision In Avg:130, SD:65, Max:407, Min:5
ACollision Out Avg:99, SD:57, Max:344, Min:2
ACollision End Avg:10, SD:17, Max:99, Min:0
ATask1 Avg:9, SD:2, Max:13, Min:0
ATask2 Avg:26, SD:7, Max:32, Min:0
ATask3 Avg:18, SD:21, Max:207, Min:1
ACore Active Avg:13, SD:6, Max:61, Min:1
ARouter Active Avg:37, SD:12, Max:94, Min:14
T1 invocations: 1,215,059
T2 invocations: 4,204,901
T3 invocations: 91,075,908
T3b invocations: 0
Total3 invocations: 91,075,908
Total4 invocations: 0

T3/T2 ratio: 22
T3b/T3 ratio: 0

T1 avg ex cycles: 111
T2 avg ex cycles: 94
T3&b avg ex cycles: 3
T4 avg ex cycles: -nan
Avg. hops NOC1: 7
Avg. latency NOC1 (T2): 57,008
Avg. hops NOC2: 8
Avg. latency NOC2 (T3): 12,323
Number of K Nodes Processed: 91,097
Number of K Edges Processed: 91,211
Node Re-explore factor: 21.66
Edge Re-explore factor: 0.90
Nodes/cy: 61
Edges/cy: 61
TEPS: 64

---DCache---
DCache Size: 210,208
DRAM words: 0
  DHits: 0
  DMisses: 0

---Energy---
Leakage Energy (nJ): 1,269,770
PU Dyn E (nJ): 5,666,168
Mem Dyn E (nJ): 38,476,179
Route Dyn E (nJ): 9,539,841
Dynamic Energy (nJ): 53,682,188
Ratio of Dyn/Leak: 42
Total Energy (nJ): 54,951,958
Total Energy (nJ) 3D: 59,535,684
Cores Energy (nJ): 5,682,869
Route Energy (nJ): 9,603,264
Route Energy (nJ) 3D: 14,186,990
Mem Energy   (nJ): 39,665,826
Mem Energy   (nJ) 3D: 39,665,826
Avg. Power (mW): 36,628.27
Power Density (mW/mm2): 11.47

---Runtime---
Runtime in K cycles: 1,500.26
Microseconds: 1,500.26
Time per iteration (ms): 1.50

---Throughput---
GOP/s (aka OPS/ns): 343.98
GOP/s per core: 0.34
FLOP/s: 121.23
FLOP/s per core: 0.12
Max Peak FLOP/s: 4,096.00
Avg. BW GB/s: 2,575.25
Max BW GB/s: 16,384.00

---Traffic---
In-Die bisection_bytes BW (GB/s): 128.00
Inter-board traffic (msg/ns): 0.00, per-link: 0.00
Inter-pack traffic (msg/ns): 0.00, per-link: 0.00
Inter-die traffic (msg/ns): 59.57, per-link: 0.12
Ruche traffic (msg/ns): 112.90, per-link: 0.22
All traffic (msg/ns): 972.85, per-link: 0.95
Inter-die reduction wrt all: 16.33
Inter-board reduction wrt inter-die: inf

---Data Movement---
All traffic (msg): 1,459,531,842
Arith. Intensity FLOP/Loads: 0.38
Arith. Intensity FLOP/Msgs: 0.12
Arith. Intensity OPS/Loads: 1.07
Arith. Intensity OPS/Msgs: 0.35



===Core Utilization Total=== CORE-S:15;; TIME K cy:1,500 ;; Nodes Proc: 11,280,143 -- Edges Proc: 11,453,202
======== IT IS COLD ======= Only 21 Tiles active

===PRINTING FRAME STATS

FCollision In Avg:28, SD:53, Max:418, Min:0
FCollision Out Avg:25, SD:41, Max:211, Min:0
FCollision End Avg:2, SD:11, Max:99, Min:0
FTask1 Avg:5, SD:18, Max:129, Min:0
FTask2 Avg:16, SD:47, Max:365, Min:0
FTask3 Avg:11, SD:22, Max:256, Min:0
FCore Active Avg:8, SD:15, Max:92, Min:0
FRouter Active Avg:26, SD:20, Max:94, Min:1
T1 invocations: 44,974
T2 invocations: 173,382
T3 invocations: 3,719,633
T3b invocations: 0
Total3 invocations: 3,719,633
Total4 invocations: 0

T3/T2 ratio: 21
T3b/T3 ratio: 0

T1 avg ex cycles: 121
T2 avg ex cycles: 93
T3&b avg ex cycles: 3
T4 avg ex cycles: -nan
Avg. hops NOC1: 7
Avg. latency NOC1 (T2): 46,345
Avg. hops NOC2: 8
Avg. latency NOC2 (T3): 4,714

===PRINTING ACUM STATS at pu_cycles: 1,601,428

ACollision In Avg:124, SD:63, Max:388, Min:4
ACollision Out Avg:94, SD:55, Max:336, Min:2
ACollision End Avg:10, SD:16, Max:99, Min:0
ATask1 Avg:9, SD:2, Max:15, Min:1
ATask2 Avg:25, SD:5, Max:30, Min:0
ATask3 Avg:17, SD:21, Max:209, Min:1
ACore Active Avg:13, SD:6, Max:62, Min:3
ARouter Active Avg:36, SD:12, Max:93, Min:15
T1 invocations: 1,260,422
T2 invocations: 4,398,906
T3 invocations: 94,810,305
T3b invocations: 0
Total3 invocations: 94,810,305
Total4 invocations: 0

T3/T2 ratio: 22
T3b/T3 ratio: 0

T1 avg ex cycles: 111
T2 avg ex cycles: 94
T3&b avg ex cycles: 3
T4 avg ex cycles: -nan
Avg. hops NOC1: 7
Avg. latency NOC1 (T2): 56,586
Avg. hops NOC2: 8
Avg. latency NOC2 (T3): 12,024
Number of K Nodes Processed: 94,815
Number of K Edges Processed: 95,022
Node Re-explore factor: 22.54
Edge Re-explore factor: 0.94
Nodes/cy: 59
Edges/cy: 59
TEPS: 60

---DCache---
DCache Size: 210,208
DRAM words: 0
  DHits: 0
  DMisses: 0

---Energy---
Leakage Energy (nJ): 1,355,394
PU Dyn E (nJ): 5,909,244
Mem Dyn E (nJ): 40,116,176
Route Dyn E (nJ): 9,970,119
Dynamic Energy (nJ): 55,995,540
Ratio of Dyn/Leak: 41
Total Energy (nJ): 57,350,934
Total Energy (nJ) 3D: 62,135,376
Cores Energy (nJ): 5,927,071
Route Energy (nJ): 10,037,819
Route Energy (nJ) 3D: 14,822,261
Mem Energy   (nJ): 41,386,045
Mem Energy   (nJ) 3D: 41,386,045
Avg. Power (mW): 35,812.37
Power Density (mW/mm2): 11.22

---Runtime---
Runtime in K cycles: 1,601.43
Microseconds: 1,601.43
Time per iteration (ms): 1.60

---Throughput---
GOP/s (aka OPS/ns): 336.04
GOP/s per core: 0.33
FLOP/s: 118.46
FLOP/s per core: 0.12
Max Peak FLOP/s: 4,096.00
Avg. BW GB/s: 2,515.39
Max BW GB/s: 16,384.00

---Traffic---
In-Die bisection_bytes BW (GB/s): 128.00
Inter-board traffic (msg/ns): 0.00, per-link: 0.00
Inter-pack traffic (msg/ns): 0.00, per-link: 0.00
Inter-die traffic (msg/ns): 57.87, per-link: 0.11
Ruche traffic (msg/ns): 111.42, per-link: 0.22
All traffic (msg/ns): 951.65, per-link: 0.93
Inter-die reduction wrt all: 16.44
Inter-board reduction wrt inter-die: inf

---Data Movement---
All traffic (msg): 1,523,997,299
Arith. Intensity FLOP/Loads: 0.38
Arith. Intensity FLOP/Msgs: 0.12
Arith. Intensity OPS/Loads: 1.07
Arith. Intensity OPS/Msgs: 0.35



===Core Utilization Total=== CORE-S:16;; TIME K cy:1,600 ;; Nodes Proc: 11,670,658 -- Edges Proc: 11,854,887
======== IT IS COLD ======= Only 19 Tiles active

===PRINTING FRAME STATS

FCollision In Avg:18, SD:40, Max:334, Min:0
FCollision Out Avg:15, SD:29, Max:192, Min:0
FCollision End Avg:1, SD:8, Max:98, Min:0
FTask1 Avg:5, SD:19, Max:124, Min:0
FTask2 Avg:16, SD:49, Max:323, Min:0
FTask3 Avg:12, SD:22, Max:250, Min:0
FCore Active Avg:8, SD:16, Max:100, Min:0
FRouter Active Avg:27, SD:22, Max:98, Min:2
T1 invocations: 43,833
T2 invocations: 181,168
T3 invocations: 3,953,686
T3b invocations: 0
Total3 invocations: 3,953,686
Total4 invocations: 0

T3/T2 ratio: 22
T3b/T3 ratio: 0

T1 avg ex cycles: 122
T2 avg ex cycles: 92
T3&b avg ex cycles: 3
T4 avg ex cycles: -nan
Avg. hops NOC1: 6
Avg. latency NOC1 (T2): 25,243
Avg. hops NOC2: 8
Avg. latency NOC2 (T3): 5,781

===PRINTING ACUM STATS at pu_cycles: 1,700,790

ACollision In Avg:118, SD:60, Max:369, Min:4
ACollision Out Avg:90, SD:52, Max:325, Min:2
ACollision End Avg:9, SD:15, Max:95, Min:0
ATask1 Avg:8, SD:1, Max:15, Min:2
ATask2 Avg:25, SD:3, Max:28, Min:0
ATask3 Avg:17, SD:20, Max:212, Min:1
ACore Active Avg:13, SD:5, Max:62, Min:3
ARouter Active Avg:35, SD:12, Max:91, Min:15
T1 invocations: 1,304,345
T2 invocations: 4,584,119
T3 invocations: 98,744,964
T3b invocations: 0
Total3 invocations: 98,744,964
Total4 invocations: 0

T3/T2 ratio: 22
T3b/T3 ratio: 0

T1 avg ex cycles: 111
T2 avg ex cycles: 94
T3&b avg ex cycles: 3
T4 avg ex cycles: -nan
Avg. hops NOC1: 7
Avg. latency NOC1 (T2): 55,315
Avg. hops NOC2: 8
Avg. latency NOC2 (T3): 11,775
Number of K Nodes Processed: 98,783
Number of K Edges Processed: 98,964
Node Re-explore factor: 23.48
Edge Re-explore factor: 0.98
Nodes/cy: 58
Edges/cy: 58
TEPS: 56

---DCache---
DCache Size: 210,208
DRAM words: 0
  DHits: 0
  DMisses: 0

---Energy---
Leakage Energy (nJ): 1,439,491
PU Dyn E (nJ): 6,152,592
Mem Dyn E (nJ): 41,775,866
Route Dyn E (nJ): 10,412,357
Dynamic Energy (nJ): 58,340,816
Ratio of Dyn/Leak: 41
Total Energy (nJ): 59,780,307
Total Energy (nJ) 3D: 64,766,147
Cores Energy (nJ): 6,171,526
Route Energy (nJ): 10,484,258
Route Energy (nJ) 3D: 15,470,097
Mem Energy   (nJ): 43,124,524
Mem Energy   (nJ) 3D: 43,124,524
Avg. Power (mW): 35,148.55
Power Density (mW/mm2): 11.01

---Runtime---
Runtime in K cycles: 1,700.79
Microseconds: 1,700.79
Time per iteration (ms): 1.70

---Throughput---
GOP/s (aka OPS/ns): 329.31
GOP/s per core: 0.32
FLOP/s: 116.16
FLOP/s per core: 0.11
Max Peak FLOP/s: 4,096.00
Avg. BW GB/s: 2,466.43
Max BW GB/s: 16,384.00

---Traffic---
In-Die bisection_bytes BW (GB/s): 128.00
Inter-board traffic (msg/ns): 0.00, per-link: 0.00
Inter-pack traffic (msg/ns): 0.00, per-link: 0.00
Inter-die traffic (msg/ns): 56.57, per-link: 0.11
Ruche traffic (msg/ns): 110.63, per-link: 0.22
All traffic (msg/ns): 934.80, per-link: 0.91
Inter-die reduction wrt all: 16.52
Inter-board reduction wrt inter-die: inf

---Data Movement---
All traffic (msg): 1,589,892,546
Arith. Intensity FLOP/Loads: 0.38
Arith. Intensity FLOP/Msgs: 0.12
Arith. Intensity OPS/Loads: 1.07
Arith. Intensity OPS/Msgs: 0.35



===Core Utilization Total=== CORE-S:17;; TIME K cy:1,700 ;; Nodes Proc: 12,106,257 -- Edges Proc: 12,317,388
======== IT IS COLD ======= Only 11 Tiles active

===PRINTING FRAME STATS

FCollision In Avg:6, SD:20, Max:170, Min:0
FCollision Out Avg:5, SD:15, Max:133, Min:0
FCollision End Avg:1, SD:5, Max:70, Min:0
FTask1 Avg:2, SD:11, Max:104, Min:0
FTask2 Avg:8, SD:37, Max:365, Min:0
FTask3 Avg:7, SD:19, Max:259, Min:0
FCore Active Avg:4, SD:12, Max:91, Min:0
FRouter Active Avg:15, SD:18, Max:95, Min:1
T1 invocations: 17,912
T2 invocations: 79,978
T3 invocations: 2,238,726
T3b invocations: 0
Total3 invocations: 2,238,726
Total4 invocations: 0

T3/T2 ratio: 28
T3b/T3 ratio: 0

T1 avg ex cycles: 115
T2 avg ex cycles: 104
T3&b avg ex cycles: 3
T4 avg ex cycles: -nan
Avg. hops NOC1: 5
Avg. latency NOC1 (T2): 22,402
Avg. hops NOC2: 8
Avg. latency NOC2 (T3): 4,895

===PRINTING ACUM STATS at pu_cycles: 1,800,265

ACollision In Avg:112, SD:57, Max:349, Min:4
ACollision Out Avg:85, SD:50, Max:307, Min:2
ACollision End Avg:9, SD:14, Max:89, Min:0
ATask1 Avg:8, SD:1, Max:14, Min:3
ATask2 Avg:24, SD:2, Max:27, Min:0
ATask3 Avg:16, SD:20, Max:210, Min:1
ACore Active Avg:12, SD:5, Max:61, Min:4
ARouter Active Avg:34, SD:11, Max:88, Min:14
T1 invocations: 1,322,542
T2 invocations: 4,665,788
T3 invocations: 101,008,884
T3b invocations: 0
Total3 invocations: 101,008,884
Total4 invocations: 0

T3/T2 ratio: 22
T3b/T3 ratio: 0

T1 avg ex cycles: 111
T2 avg ex cycles: 94
T3&b avg ex cycles: 3
T4 avg ex cycles: -nan
Avg. hops NOC1: 7
Avg. latency NOC1 (T2): 54,742
Avg. hops NOC2: 8
Avg. latency NOC2 (T3): 11,621
Number of K Nodes Processed: 101,012
Number of K Edges Processed: 101,021
Node Re-explore factor: 24.01
Edge Re-explore factor: 1.00
Nodes/cy: 56
Edges/cy: 56
TEPS: 53

---DCache---
DCache Size: 210,208
DRAM words: 0
  DHits: 0
  DMisses: 0

---Energy---
Leakage Energy (nJ): 1,523,683
PU Dyn E (nJ): 6,281,486
Mem Dyn E (nJ): 42,679,410
Route Dyn E (nJ): 10,654,306
Dynamic Energy (nJ): 59,615,202
Ratio of Dyn/Leak: 39
Total Energy (nJ): 61,138,885
Total Energy (nJ) 3D: 66,232,673
Cores Energy (nJ): 6,301,526
Route Energy (nJ): 10,730,411
Route Energy (nJ) 3D: 15,824,199
Mem Energy   (nJ): 44,106,948
Mem Energy   (nJ) 3D: 44,106,948
Avg. Power (mW): 33,961.05
Power Density (mW/mm2): 10.64

---Runtime---
Runtime in K cycles: 1,800.27
Microseconds: 1,800.27
Time per iteration (ms): 1.80

---Throughput---
GOP/s (aka OPS/ns): 317.28
GOP/s per core: 0.31
FLOP/s: 112.13
FLOP/s per core: 0.11
Max Peak FLOP/s: 4,096.00
Avg. BW GB/s: 2,380.54
Max BW GB/s: 16,384.00

---Traffic---
In-Die bisection_bytes BW (GB/s): 128.00
Inter-board traffic (msg/ns): 0.00, per-link: 0.00
Inter-pack traffic (msg/ns): 0.00, per-link: 0.00
Inter-die traffic (msg/ns): 54.49, per-link: 0.11
Ruche traffic (msg/ns): 107.66, per-link: 0.21
All traffic (msg/ns): 903.13, per-link: 0.88
Inter-die reduction wrt all: 16.58
Inter-board reduction wrt inter-die: inf

---Data Movement---
All traffic (msg): 1,625,873,382
Arith. Intensity FLOP/Loads: 0.38
Arith. Intensity FLOP/Msgs: 0.12
Arith. Intensity OPS/Loads: 1.07
Arith. Intensity OPS/Msgs: 0.35



===Core Utilization Total=== CORE-S:18;; TIME K cy:1,800 ;; Nodes Proc: 12,307,408 -- Edges Proc: 12,610,037
======== IT IS COLD ======= Only 1 Tiles active

===PRINTING FRAME STATS

FCollision In Avg:3, SD:14, Max:170, Min:0
FCollision Out Avg:2, SD:11, Max:93, Min:0
FCollision End Avg:0, SD:4, Max:70, Min:0
FTask1 Avg:1, SD:9, Max:102, Min:0
FTask2 Avg:5, SD:29, Max:365, Min:0
FTask3 Avg:4, SD:17, Max:259, Min:0
FCore Active Avg:2, SD:10, Max:91, Min:0
FRouter Active Avg:9, SD:16, Max:90, Min:0
T1 invocations: 11,071
T2 invocations: 45,174
T3 invocations: 1,423,878
T3b invocations: 0
Total3 invocations: 1,423,878
Total4 invocations: 0

T3/T2 ratio: 32
T3b/T3 ratio: 0

T1 avg ex cycles: 113
T2 avg ex cycles: 104
T3&b avg ex cycles: 3
T4 avg ex cycles: -nan
Avg. hops NOC1: 6
Avg. latency NOC1 (T2): 20,337
Avg. hops NOC2: 7
Avg. latency NOC2 (T3): 5,656

===PRINTING ACUM STATS at pu_cycles: 1,900,110

ACollision In Avg:109, SD:56, Max:349, Min:4
ACollision Out Avg:83, SD:49, Max:307, Min:2
ACollision End Avg:9, SD:14, Max:89, Min:0
ATask1 Avg:8, SD:1, Max:14, Min:3
ATask2 Avg:23, SD:1, Max:27, Min:0
ATask3 Avg:16, SD:19, Max:199, Min:1
ACore Active Avg:12, SD:5, Max:59, Min:4
ARouter Active Avg:34, SD:11, Max:88, Min:13
T1 invocations: 1,323,900
T2 invocations: 4,676,511
T3 invocations: 101,124,192
T3b invocations: 0
Total3 invocations: 101,124,192
Total4 invocations: 0

T3/T2 ratio: 22
T3b/T3 ratio: 0

T1 avg ex cycles: 111
T2 avg ex cycles: 95
T3&b avg ex cycles: 3
T4 avg ex cycles: -nan
Avg. hops NOC1: 7
Avg. latency NOC1 (T2): 54,665
Avg. hops NOC2: 8
Avg. latency NOC2 (T3): 11,610
Number of K Nodes Processed: 101,245
Number of K Edges Processed: 101,248
Node Re-explore factor: 24.07
Edge Re-explore factor: 1.00
Nodes/cy: 53
Edges/cy: 53
TEPS: 50

---DCache---
DCache Size: 210,208
DRAM words: 0
  DHits: 0
  DMisses: 0

---Energy---
Leakage Energy (nJ): 1,608,189
PU Dyn E (nJ): 6,293,523
Mem Dyn E (nJ): 42,757,239
Route Dyn E (nJ): 10,672,780
Dynamic Energy (nJ): 59,723,542
Ratio of Dyn/Leak: 37
Total Energy (nJ): 61,331,731
Total Energy (nJ) 3D: 66,432,003
Cores Energy (nJ): 6,314,675
Route Energy (nJ): 10,753,106
Route Energy (nJ) 3D: 15,853,378
Mem Energy   (nJ): 44,263,950
Mem Energy   (nJ) 3D: 44,263,950
Avg. Power (mW): 32,277.99
Power Density (mW/mm2): 10.11

---Runtime---
Runtime in K cycles: 1,900.11
Microseconds: 1,900.11
Time per iteration (ms): 1.90

---Throughput---
GOP/s (aka OPS/ns): 301.14
GOP/s per core: 0.29
FLOP/s: 106.45
FLOP/s per core: 0.10
Max Peak FLOP/s: 4,096.00
Avg. BW GB/s: 2,259.57
Max BW GB/s: 16,384.00

---Traffic---
In-Die bisection_bytes BW (GB/s): 128.00
Inter-board traffic (msg/ns): 0.00, per-link: 0.00
Inter-pack traffic (msg/ns): 0.00, per-link: 0.00
Inter-die traffic (msg/ns): 51.70, per-link: 0.10
Ruche traffic (msg/ns): 102.34, per-link: 0.20
All traffic (msg/ns): 856.97, per-link: 0.84
Inter-die reduction wrt all: 16.58
Inter-board reduction wrt inter-die: inf

---Data Movement---
All traffic (msg): 1,628,335,089
Arith. Intensity FLOP/Loads: 0.38
Arith. Intensity FLOP/Msgs: 0.12
Arith. Intensity OPS/Loads: 1.07
Arith. Intensity OPS/Msgs: 0.35



===Core Utilization Total=== CORE-S:19;; TIME K cy:1,900 ;; Nodes Proc: 12,314,478 -- Edges Proc: 12,664,064
======== IT IS COLD ======= Only 0 Tiles active
Epoch Done Router: 1
Epoch Done Router: 0
Epoch Done Router: 3
Epoch Done Router: 6
Epoch Done Router: 4
Epoch Done Router: 7
Epoch Done Router: 5
Epoch Done Router: 2
##EPOCH## 1 COMPLETED at Time (K cy): 1,956
Nodes processed until now: 101,311,613
Edges processed until now: 101,311,613
Program Done Worker Thread: 0
Program Done Router Thread: 5
Program Done Router Thread: 6
Program Done Worker Thread: 1
Program Done Worker Thread: 3
Program Done Worker Thread: 2
Program Done Worker Thread: 5
Program Done Worker Thread: 4
Program Done Router Thread: 7
Program Done Router Thread: 1
Program Done Router Thread: 3
Program Done Router Thread: 2
Program Done Worker Thread: 7
Program Done Worker Thread: 6
Program Done Router Thread: 0
Program Done Router Thread: 4

===PRINTING ACUM STATS at pu_cycles: 1,956,196

ACollision In Avg:103, SD:53, Max:321, Min:4
ACollision Out Avg:78, SD:46, Max:282, Min:2
ACollision End Avg:8, SD:13, Max:82, Min:0
ATask1 Avg:7, SD:0, Max:13, Min:3
ATask2 Avg:22, SD:1, Max:25, Min:21
ATask3 Avg:15, SD:18, Max:193, Min:1
ACore Active Avg:11, SD:5, Max:56, Min:6
ARouter Active Avg:32, SD:11, Max:81, Min:13
T1 invocations: 1,324,132
T2 invocations: 4,681,808
T3 invocations: 101,311,613
T3b invocations: 0
Total3 invocations: 101,311,613
Total4 invocations: 0

T3/T2 ratio: 22
T3b/T3 ratio: 0

T1 avg ex cycles: 111
T2 avg ex cycles: 95
T3&b avg ex cycles: 3
T4 avg ex cycles: -nan
Avg. hops NOC1: 7
Avg. latency NOC1 (T2): 54,633
Avg. hops NOC2: 8
Avg. latency NOC2 (T3): 11,594

Runtime at program end in K cycles: 1,956
Runtime before cooldown in K cycles: 901


Number of K Nodes Processed: 101,311
Number of K Edges Processed: 101,311
Node Re-explore factor: 24.08
Edge Re-explore factor: 1.00
Nodes/cy: 52
Edges/cy: 52
TEPS: 49

---DCache---
DCache Size: 210,208
DRAM words: 0
  DHits: 0
  DMisses: 0

---Energy---
Leakage Energy (nJ): 1,655,658
PU Dyn E (nJ): 6,303,556
Mem Dyn E (nJ): 42,830,462
Route Dyn E (nJ): 10,686,786
Dynamic Energy (nJ): 59,820,805
Ratio of Dyn/Leak: 36
Total Energy (nJ): 61,476,463
Total Energy (nJ) 3D: 66,584,847
Cores Energy (nJ): 6,325,333
Route Energy (nJ): 10,769,484
Route Energy (nJ) 3D: 15,877,868
Mem Energy   (nJ): 44,381,647
Mem Energy   (nJ) 3D: 44,381,647
Avg. Power (mW): 31,426.54
Power Density (mW/mm2): 9.84

---Runtime---
Runtime in K cycles: 1,956.20
Microseconds: 1,956.20
Time per iteration (ms): 1.96

---Inst---
K Loads: 536,546
K Stores: 538,648
K Instructions: 572,980

---Throughput---
GOP/s (aka OPS/ns): 292.91
GOP/s per core: 0.29
FLOP/s: 103.58
FLOP/s per core: 0.10
Max Peak FLOP/s: 4,096.00
Avg. BW GB/s: 2,198.54
Max BW GB/s: 16,384.00

---Traffic---
In-Die bisection_bytes BW (GB/s): 128.00
Inter-board traffic (msg/ns): 0.00, per-link: 0.00
Inter-pack traffic (msg/ns): 0.00, per-link: 0.00
Inter-die traffic (msg/ns): 50.23, per-link: 0.10
Ruche traffic (msg/ns): 99.50, per-link: 0.19
All traffic (msg/ns): 833.62, per-link: 0.81
Inter-die reduction wrt all: 16.60
Inter-board reduction wrt inter-die: inf

---Data Movement---
All traffic (msg): 1,630,727,437
Arith. Intensity FLOP/Loads: 0.38
Arith. Intensity FLOP/Msgs: 0.12
Arith. Intensity OPS/Loads: 1.07
Arith. Intensity OPS/Msgs: 0.35

Simulation time: 273.04
Sim noc_cy/s: 7,164.46
Sim Msg/s: 5,972,451.34

Version 31

