Dataset:  Kron22/
Dry run: 0
Open Edge Count File succesfully
Edges Traversed BFS: 128309848
Found Vertices: 4194304, Edges: 128311436
avg degree 31
Array  Kron22/node_array.bin found
Malloc array of size 16777220 bytes
Readin array of size 16777216 bytes
Finished Reading Array Bytes
No reordering Array 32bit
Array  Kron22/edge_array.bin found
Malloc array of size 513245744 bytes
Readin array of size 513245744 bytes
Finished Reading Array Bytes
No reordering Array 32bit
Array  Kron22/edge_values.bin found
Malloc array of size 513245744 bytes
Readin array of size 513245744 bytes
Finished Reading Array Bytes
No reordering Array 32bit
Reading graph elapsed time: 0.365485s

Dataset Footprint: 525 MiB
Dataset Footprint per Board: 4404.02 Mb
Dataset injection time (ms): 0.0672
Max Dataset Footprint: 1027 MiB

Dataset footprint per tile: 32 KiB
Proxys footprint per tile: 64 KiB
Reserved SRAM per tile: 22 KiB

Ideal SRAM per tile: 118 KiB
reserved_words_for_dataset:25082
dataset_words_per_tile:8400
remaining_sram_words:125414
min_dcache_sram_words_required:8400
dataset_words_per_tile:8400
min_pcache_sram_words_required:8
proxys_words_per_tile:16384
Dcache footprint ratio: 1
Pcache footprint ratio: 9
Dataset Cached: 0
DCache: 8400 words, lines: 525, sets: 525
Proxys Cached: 1
Pcache: 1821 words, sets: 1821
Node per tile: 256
Edge per tile: 7,832
GRID_X: 128
GRID_SIZE: 16,384
smt_per_tile: 1
noc_freq: 1
pu_freq: 1
RUCHE_X: 0
PROXY_W: 16
DIE_W: 128
DIE_H: 128
DIES: 1
BORDER_TILES_PER_DIE: 512
PACK_W: 128
PACK_H: 128
DIES_PACK_FACTOR: 1
DIES_PER_PACK: 1
PACKAGES: 1
BOARD_W: 128
BOARD_H: 128
BOARDS: 1
MUX_BUS: 1
DCACHE: 0
PCACHE: 1
PROXY_FACTOR: 8
CACHE_WAYS: 1
TORUS: 1
PHY_NOCS: 1
WIDE_NOC_ID: 0
NOC_CONF: 1
noc_width: 32
hbm_channel_bit_width: 512
ld_st_op_byte_width: 4
PROXY_ROUTING: 4
WRITE_THROUGH: 1
ASSERT_MODE: 0
GLOBAL_BARRIER: 0
OQ flits: 36 ; 192 ; 384
IQ flits: 288 ; 1,536 ; 3,072
OQ messages: 12 ; 96 ; 192
IQ messages: 96 ; 768 ; 1,536
max_task2 size: 64
io_factor_t2: 8
io_factor_t3: 8
io_factor_t3b: 8

Active SRAM Storage per tile: 62 KiB
Total SRAM Storage per tile: 512 KiB
Agreggated SRAM Storage: 8,192 MiB

Inter-Die #links: 4,096
Inter-Die (Gbits): 131,072
Inter-Die (Gbits/mm): 563.524
Bisection BW of Board (Gbits): 32,768
Border IO #Dies: 4
Border IO Die BW (Gbits): 16,384
Off-Board BW Total (Gbits): 65,536
Off-Board BW Density (Gbits/mm): 278
Die side: 58.15 mm
Die border wire density: 563.52 Gbits/mm
HBM wire density: 70.44 Gbits/mm

Tiles per Die: 16,384 (128x128)
Tile Area: 0.19 mm2, side: 0.44 mm
- Core/Rout Area: 0.05 mm2
- SRAM Area: 0.14 mm2
- SRAM/Logic Ratio: 2.80x

Dies per Package: 1 (1x1)
Die Area: 3,381.23 mm2, side: 58.15 mm
- Tiles Area: 3,191.28 mm2
- PHY Area: 189.96 mm2
- MC Area: 0.00 mm2

Packages per Board: 1 (1x1)
Package Area: 3,461.23 mm2, side: 58.83 mm
- IOdie Area: 80.00 mm2
- Dies Area: 3,381.23 mm2
- HBM Area: 0.00 mm2

Boards: 1 (1x1)
Board Area: 3,461.23 mm2
Total Area: 3,461.23 mm2



ESTIMATED COST OF SILICON AND PACKAGING. ONLY VARIABLE, NO FIXED COSTS
Good dies per wafer 3d: 5
Good dies per wafer 2d: 6
--Dies 3D Cost: 1,209.40 $
--Dies 2.5D Cost: 1,007.83 $
--Dies 2D Cost: 1,007.83 $
--HBM Cost: 60.00 $
--IOdie Cost: 8.44 $
--Packaging Cost 3d: 233.07 $
--Packaging Cost 2.5d: 505.18 $
--Packaging Cost 2d: 152.44 $
SiP Cost 3d: 1,510.91 $
SiP Cost 2.5d: 1,581.46 $
SiP Cost 2d: 1,168.71 $
--Board Cost: 3.46 $
Total SiPs Cost 3d: 1,514.37 $
Total SiPs Cost 2.5d: 1,584.92 $
Total SiPs Cost 2d: 1,172.18 $

Perf counters initialized
Mesh connected
Cache structures initialized
Allocated proxys
Replicas initialized
Allocated Frontier List
Dataset structures initialized


Starting Simulation
INIT epoch: 1
INIT epoch: 1
INIT epoch: 1
INIT epoch: 1
INIT epoch: 1
INIT epoch: 1
INIT epoch: 1
INIT epoch: 1

===PRINTING FRAME STATS

FCollision In Avg:90, SD:41, Max:264, Min:9
FCollision Out Avg:69, SD:37, Max:189, Min:0
FCollision End Avg:1, SD:8, Max:86, Min:0
FTask1 Avg:3, SD:5, Max:51, Min:0
FTask2 Avg:9, SD:11, Max:56, Min:0
FTask3 Avg:73, SD:15, Max:97, Min:17
FCore Active Avg:86, SD:12, Max:97, Min:20
FRouter Active Avg:92, SD:3, Max:98, Min:68
T1 invocations: 17,344
T2 invocations: 55,549
T3 invocations: 460,182
T3b invocations: 4,287,890
Total3 invocations: 4,748,072
Total4 invocations: 2,991

T3/T2 ratio: 8
T3b/T3 ratio: 9

T1 avg ex cycles: 60
T2 avg ex cycles: 69
T3&b avg ex cycles: 6
T4 avg ex cycles: 40
Avg. hops NOC1: 62
Avg. latency NOC1 (T2): 3,466
Avg. hops NOC2: 19
Avg. latency NOC2 (T3): 1,611

===PRINTING ACUM STATS at pu_cycles: 10,693

ACollision In Avg:90, SD:41, Max:264, Min:9
ACollision Out Avg:69, SD:37, Max:189, Min:0
ACollision End Avg:1, SD:8, Max:86, Min:0
ATask1 Avg:3, SD:5, Max:51, Min:0
ATask2 Avg:9, SD:11, Max:56, Min:0
ATask3 Avg:73, SD:15, Max:97, Min:17
ACore Active Avg:86, SD:12, Max:97, Min:20
ARouter Active Avg:92, SD:3, Max:98, Min:68
T1 invocations: 76,623
T2 invocations: 231,295
T3 invocations: 1,454,748
T3b invocations: 16,904,308
Total3 invocations: 18,359,056
Total4 invocations: 13,067

T3/T2 ratio: 6
T3b/T3 ratio: 12

T1 avg ex cycles: 61
T2 avg ex cycles: 68
T3&b avg ex cycles: 6
T4 avg ex cycles: 46
Avg. hops NOC1: 46
Avg. latency NOC1 (T2): 3,231
Avg. hops NOC2: 18
Avg. latency NOC2 (T3): 1,422
Number of K Nodes Processed: 792
Number of K Edges Processed: 14,700
Node Re-explore factor: 0.19
Edge Re-explore factor: 0.11
Nodes/cy: 74
Edges/cy: 1,375
TEPS: 11,999

---Pcache---
Pcache Size: 1,821
Cached: 1
  PHits: 7,098,449
  PMisses: 10,460,829
  PHit Rate (hit/miss): 40%
  PEvictions: 1,997,594
  PEviction Rate (evict/misses): 19%

---Energy---
Leakage Energy (nJ): 7,539
PU Dyn E (nJ): 1,210,931
Mem Dyn E (nJ): 3,594,413
Route Dyn E (nJ): 2,163,681
Dynamic Energy (nJ): 6,969,026
Ratio of Dyn/Leak: 924
Total Energy (nJ): 6,976,565
Total Energy (nJ) 3D: 7,168,070
Cores Energy (nJ): 1,211,408
Route Energy (nJ): 2,163,956
Route Energy (nJ) 3D: 2,355,461
Mem Energy   (nJ): 3,601,201
Mem Energy   (nJ) 3D: 3,601,201
Avg. Power (mW): 652,442.25
Power Density (mW/mm2): 188.50

---Runtime---
Runtime in K cycles: 10.69
Microseconds: 10.69
Time per iteration (ms): 0.01

---Throughput---
GOP/s (aka OPS/ns): 12,675.74
GOP/s per core: 0.77
FLOP/s: 3,044.69
FLOP/s per core: 0.19
Max Peak FLOP/s: 16,384.00
Avg. BW GB/s: 58,140.70
Max BW GB/s: 65,536.00

---Traffic---
In-Die bisection_bytes BW (GB/s): 2,048.00
Inter-board traffic (msg/ns): 0.00, per-link: 0.00
Inter-pack traffic (msg/ns): 0.00, per-link: 0.00
Inter-die traffic (msg/ns): 0.00, per-link: 0.00
Ruche traffic (msg/ns): 0.00, per-link: 0.00
All traffic (msg/ns): 66,389.50, per-link: 4.05
Inter-die reduction wrt all: inf
Inter-board reduction wrt inter-die: -nan

---Data Movement---
All traffic (msg): 709,902,881
Arith. Intensity FLOP/Loads: 0.44
Arith. Intensity FLOP/Msgs: 0.05
Arith. Intensity OPS/Loads: 1.84
Arith. Intensity OPS/Msgs: 0.19



===Core Utilization Total=== CORE-S:1;; TIME K cy:10 ;; Nodes Proc: 99,763 -- Edges Proc: 1,836,992

===PRINTING FRAME STATS

FCollision In Avg:92, SD:43, Max:274, Min:4
FCollision Out Avg:75, SD:44, Max:249, Min:0
FCollision End Avg:1, SD:7, Max:101, Min:0
FTask1 Avg:1, SD:4, Max:60, Min:0
FTask2 Avg:8, SD:13, Max:75, Min:0
FTask3 Avg:71, SD:21, Max:100, Min:5
FCore Active Avg:80, SD:21, Max:100, Min:5
FRouter Active Avg:95, SD:5, Max:101, Min:63
T1 invocations: 13,189
T2 invocations: 48,690
T3 invocations: 459,537
T3b invocations: 4,461,260
Total3 invocations: 4,920,797
Total4 invocations: 334

T3/T2 ratio: 9
T3b/T3 ratio: 10

T1 avg ex cycles: 37
T2 avg ex cycles: 66
T3&b avg ex cycles: 6
T4 avg ex cycles: 475
Avg. hops NOC1: 25
Avg. latency NOC1 (T2): 9,059
Avg. hops NOC2: 17
Avg. latency NOC2 (T3): 3,486

===PRINTING ACUM STATS at pu_cycles: 21,064

ACollision In Avg:91, SD:36, Max:269, Min:9
ACollision Out Avg:72, SD:36, Max:196, Min:0
ACollision End Avg:1, SD:6, Max:82, Min:0
ATask1 Avg:2, SD:3, Max:45, Min:0
ATask2 Avg:9, SD:10, Max:57, Min:0
ATask3 Avg:72, SD:15, Max:98, Min:18
ACore Active Avg:83, SD:14, Max:99, Min:19
ARouter Active Avg:93, SD:4, Max:98, Min:73
T1 invocations: 133,235
T2 invocations: 441,637
T3 invocations: 3,225,119
T3b invocations: 34,275,781
Total3 invocations: 37,500,900
Total4 invocations: 14,544

T3/T2 ratio: 7
T3b/T3 ratio: 11

T1 avg ex cycles: 51
T2 avg ex cycles: 67
T3&b avg ex cycles: 6
T4 avg ex cycles: 83
Avg. hops NOC1: 33
Avg. latency NOC1 (T2): 5,880
Avg. hops NOC2: 18
Avg. latency NOC2 (T3): 2,380
Number of K Nodes Processed: 1,433
Number of K Edges Processed: 27,051
Node Re-explore factor: 0.34
Edge Re-explore factor: 0.21
Nodes/cy: 68
Edges/cy: 1,284
TEPS: 6,091

---Pcache---
Pcache Size: 1,821
Cached: 1
  PHits: 16,273,194
  PMisses: 18,862,401
  PHit Rate (hit/miss): 46%
  PEvictions: 6,022,339
  PEviction Rate (evict/misses): 32%

---Energy---
Leakage Energy (nJ): 14,851
PU Dyn E (nJ): 2,367,045
Mem Dyn E (nJ): 7,066,258
Route Dyn E (nJ): 4,264,052
Dynamic Energy (nJ): 13,697,356
Ratio of Dyn/Leak: 922
Total Energy (nJ): 13,712,207
Total Energy (nJ) 3D: 14,089,615
Cores Energy (nJ): 2,367,984
Route Energy (nJ): 4,264,593
Route Energy (nJ) 3D: 4,642,000
Mem Energy   (nJ): 7,079,631
Mem Energy   (nJ) 3D: 7,079,631
Avg. Power (mW): 650,978.31
Power Density (mW/mm2): 188.08

---Runtime---
Runtime in K cycles: 21.06
Microseconds: 21.06
Time per iteration (ms): 0.02

---Throughput---
GOP/s (aka OPS/ns): 12,506.36
GOP/s per core: 0.76
FLOP/s: 3,039.23
FLOP/s per core: 0.19
Max Peak FLOP/s: 16,384.00
Avg. BW GB/s: 57,964.44
Max BW GB/s: 65,536.00

---Traffic---
In-Die bisection_bytes BW (GB/s): 2,048.00
Inter-board traffic (msg/ns): 0.00, per-link: 0.00
Inter-pack traffic (msg/ns): 0.00, per-link: 0.00
Inter-die traffic (msg/ns): 0.00, per-link: 0.00
Ruche traffic (msg/ns): 0.00, per-link: 0.00
All traffic (msg/ns): 66,541.54, per-link: 4.06
Inter-die reduction wrt all: inf
Inter-board reduction wrt inter-die: -nan

---Data Movement---
All traffic (msg): 1,401,630,944
Arith. Intensity FLOP/Loads: 0.44
Arith. Intensity FLOP/Msgs: 0.05
Arith. Intensity OPS/Loads: 1.79
Arith. Intensity OPS/Msgs: 0.19



===Core Utilization Total=== CORE-S:2;; TIME K cy:20 ;; Nodes Proc: 179,224 -- Edges Proc: 3,404,668

===PRINTING FRAME STATS

FCollision In Avg:89, SD:44, Max:312, Min:2
FCollision Out Avg:92, SD:52, Max:278, Min:0
FCollision End Avg:3, SD:11, Max:101, Min:0
FTask1 Avg:2, SD:6, Max:42, Min:0
FTask2 Avg:5, SD:11, Max:70, Min:0
FTask3 Avg:67, SD:20, Max:100, Min:5
FCore Active Avg:76, SD:21, Max:100, Min:9
FRouter Active Avg:91, SD:7, Max:101, Min:60
T1 invocations: 27,533
T2 invocations: 36,578
T3 invocations: 492,001
T3b invocations: 4,317,281
Total3 invocations: 4,809,282
Total4 invocations: 638

T3/T2 ratio: 13
T3b/T3 ratio: 9

T1 avg ex cycles: 33
T2 avg ex cycles: 58
T3&b avg ex cycles: 6
T4 avg ex cycles: 480
Avg. hops NOC1: 38
Avg. latency NOC1 (T2): 9,001
Avg. hops NOC2: 15
Avg. latency NOC2 (T3): 4,914

===PRINTING ACUM STATS at pu_cycles: 31,099

ACollision In Avg:90, SD:33, Max:225, Min:8
ACollision Out Avg:78, SD:34, Max:207, Min:2
ACollision End Avg:2, SD:6, Max:84, Min:0
ATask1 Avg:2, SD:3, Max:31, Min:0
ATask2 Avg:7, SD:8, Max:48, Min:0
ATask3 Avg:71, SD:13, Max:97, Min:19
ACore Active Avg:81, SD:14, Max:99, Min:21
ARouter Active Avg:92, SD:4, Max:98, Min:70
T1 invocations: 229,044
T2 invocations: 590,379
T3 invocations: 5,321,175
T3b invocations: 52,033,265
Total3 invocations: 57,354,440
Total4 invocations: 16,818

T3/T2 ratio: 9
T3b/T3 ratio: 10

T1 avg ex cycles: 44
T2 avg ex cycles: 65
T3&b avg ex cycles: 6
T4 avg ex cycles: 133
Avg. hops NOC1: 32
Avg. latency NOC1 (T2): 6,870
Avg. hops NOC2: 17
Avg. latency NOC2 (T3): 3,246
Number of K Nodes Processed: 2,017
Number of K Edges Processed: 34,496
Node Re-explore factor: 0.48
Edge Re-explore factor: 0.27
Nodes/cy: 65
Edges/cy: 1,109
TEPS: 4,126

---Pcache---
Pcache Size: 1,821
Cached: 1
  PHits: 26,167,656
  PMisses: 26,883,462
  PHit Rate (hit/miss): 49%
  PEvictions: 11,078,545
  PEviction Rate (evict/misses): 41%

---Energy---
Leakage Energy (nJ): 21,926
PU Dyn E (nJ): 3,440,060
Mem Dyn E (nJ): 10,302,861
Route Dyn E (nJ): 6,115,432
Dynamic Energy (nJ): 19,858,353
Ratio of Dyn/Leak: 906
Total Energy (nJ): 19,880,279
Total Energy (nJ) 3D: 20,421,551
Cores Energy (nJ): 3,441,445
Route Energy (nJ): 6,116,230
Route Energy (nJ) 3D: 6,657,501
Mem Energy   (nJ): 10,322,605
Mem Energy   (nJ) 3D: 10,322,605
Avg. Power (mW): 639,257.83
Power Density (mW/mm2): 184.69

---Runtime---
Runtime in K cycles: 31.10
Microseconds: 31.10
Time per iteration (ms): 0.03

---Throughput---
GOP/s (aka OPS/ns): 12,512.11
GOP/s per core: 0.76
FLOP/s: 2,941.36
FLOP/s per core: 0.18
Max Peak FLOP/s: 16,384.00
Avg. BW GB/s: 57,081.46
Max BW GB/s: 65,536.00

---Traffic---
In-Die bisection_bytes BW (GB/s): 2,048.00
Inter-board traffic (msg/ns): 0.00, per-link: 0.00
Inter-pack traffic (msg/ns): 0.00, per-link: 0.00
Inter-die traffic (msg/ns): 0.00, per-link: 0.00
Ruche traffic (msg/ns): 0.00, per-link: 0.00
All traffic (msg/ns): 64,864.11, per-link: 3.96
Inter-die reduction wrt all: inf
Inter-board reduction wrt inter-die: -nan

---Data Movement---
All traffic (msg): 2,017,208,942
Arith. Intensity FLOP/Loads: 0.42
Arith. Intensity FLOP/Msgs: 0.05
Arith. Intensity OPS/Loads: 1.79
Arith. Intensity OPS/Msgs: 0.19



===Core Utilization Total=== CORE-S:3;; TIME K cy:30 ;; Nodes Proc: 252,355 -- Edges Proc: 4,310,503

===PRINTING FRAME STATS

FCollision In Avg:71, SD:47, Max:297, Min:2
FCollision Out Avg:92, SD:50, Max:266, Min:0
FCollision End Avg:3, SD:12, Max:155, Min:0
FTask1 Avg:3, SD:6, Max:53, Min:0
FTask2 Avg:6, SD:11, Max:70, Min:0
FTask3 Avg:74, SD:17, Max:100, Min:10
FCore Active Avg:84, SD:17, Max:100, Min:10
FRouter Active Avg:91, SD:5, Max:101, Min:67
T1 invocations: 35,087
T2 invocations: 45,979
T3 invocations: 475,985
T3b invocations: 4,894,627
Total3 invocations: 5,370,612
Total4 invocations: 1,031

T3/T2 ratio: 10
T3b/T3 ratio: 10

T1 avg ex cycles: 32
T2 avg ex cycles: 50
T3&b avg ex cycles: 6
T4 avg ex cycles: 437
Avg. hops NOC1: 35
Avg. latency NOC1 (T2): 9,805
Avg. hops NOC2: 14
Avg. latency NOC2 (T3): 3,807

===PRINTING ACUM STATS at pu_cycles: 41,112

ACollision In Avg:85, SD:30, Max:214, Min:8
ACollision Out Avg:82, SD:34, Max:202, Min:5
ACollision End Avg:2, SD:6, Max:88, Min:0
ATask1 Avg:2, SD:3, Max:23, Min:0
ATask2 Avg:7, SD:7, Max:36, Min:0
ATask3 Avg:72, SD:11, Max:96, Min:18
ACore Active Avg:81, SD:12, Max:99, Min:24
ARouter Active Avg:92, SD:4, Max:98, Min:71
T1 invocations: 365,825
T2 invocations: 773,643
T3 invocations: 7,371,636
T3b invocations: 71,874,427
Total3 invocations: 79,246,063
Total4 invocations: 20,592

T3/T2 ratio: 10
T3b/T3 ratio: 10

T1 avg ex cycles: 39
T2 avg ex cycles: 62
T3&b avg ex cycles: 6
T4 avg ex cycles: 191
Avg. hops NOC1: 30
Avg. latency NOC1 (T2): 7,819
Avg. hops NOC2: 16
Avg. latency NOC2 (T3): 3,415
Number of K Nodes Processed: 2,521
Number of K Edges Processed: 42,762
Node Re-explore factor: 0.60
Edge Re-explore factor: 0.33
Nodes/cy: 61
Edges/cy: 1,040
TEPS: 3,121

---Pcache---
Pcache Size: 1,821
Cached: 1
  PHits: 37,371,917
  PMisses: 35,539,301
  PHit Rate (hit/miss): 51%
  PEvictions: 17,424,990
  PEviction Rate (evict/misses): 49%

---Energy---
Leakage Energy (nJ): 28,986
PU Dyn E (nJ): 4,620,954
Mem Dyn E (nJ): 13,845,336
Route Dyn E (nJ): 7,960,389
Dynamic Energy (nJ): 26,426,680
Ratio of Dyn/Leak: 912
Total Energy (nJ): 26,455,666
Total Energy (nJ) 3D: 27,160,233
Cores Energy (nJ): 4,622,786
Route Energy (nJ): 7,961,444
Route Energy (nJ) 3D: 8,666,011
Mem Energy   (nJ): 13,871,437
Mem Energy   (nJ) 3D: 13,871,437
Avg. Power (mW): 643,502.28
Power Density (mW/mm2): 185.92

---Runtime---
Runtime in K cycles: 41.11
Microseconds: 41.11
Time per iteration (ms): 0.04

---Throughput---
GOP/s (aka OPS/ns): 12,847.05
GOP/s per core: 0.78
FLOP/s: 2,955.44
FLOP/s per core: 0.18
Max Peak FLOP/s: 16,384.00
Avg. BW GB/s: 57,911.86
Max BW GB/s: 65,536.00

---Traffic---
In-Die bisection_bytes BW (GB/s): 2,048.00
Inter-board traffic (msg/ns): 0.00, per-link: 0.00
Inter-pack traffic (msg/ns): 0.00, per-link: 0.00
Inter-die traffic (msg/ns): 0.00, per-link: 0.00
Ruche traffic (msg/ns): 0.00, per-link: 0.00
All traffic (msg/ns): 64,092.49, per-link: 3.91
Inter-die reduction wrt all: inf
Inter-board reduction wrt inter-die: -nan

---Data Movement---
All traffic (msg): 2,634,970,483
Arith. Intensity FLOP/Loads: 0.41
Arith. Intensity FLOP/Msgs: 0.05
Arith. Intensity OPS/Loads: 1.80
Arith. Intensity OPS/Msgs: 0.20



===Core Utilization Total=== CORE-S:4;; TIME K cy:40 ;; Nodes Proc: 315,218 -- Edges Proc: 5,319,651

===PRINTING FRAME STATS

FCollision In Avg:76, SD:52, Max:285, Min:1
FCollision Out Avg:104, SD:52, Max:297, Min:0
FCollision End Avg:4, SD:15, Max:133, Min:0
FTask1 Avg:3, SD:7, Max:41, Min:0
FTask2 Avg:6, SD:11, Max:87, Min:0
FTask3 Avg:68, SD:16, Max:100, Min:8
FCore Active Avg:78, SD:18, Max:100, Min:10
FRouter Active Avg:89, SD:7, Max:101, Min:64
T1 invocations: 43,181
T2 invocations: 51,376
T3 invocations: 415,313
T3b invocations: 4,549,877
Total3 invocations: 4,965,190
Total4 invocations: 1,218

T3/T2 ratio: 8
T3b/T3 ratio: 11

T1 avg ex cycles: 32
T2 avg ex cycles: 46
T3&b avg ex cycles: 6
T4 avg ex cycles: 408
Avg. hops NOC1: 32
Avg. latency NOC1 (T2): 10,657
Avg. hops NOC2: 14
Avg. latency NOC2 (T3): 2,263

===PRINTING ACUM STATS at pu_cycles: 51,069

ACollision In Avg:83, SD:27, Max:206, Min:9
ACollision Out Avg:86, SD:33, Max:213, Min:9
ACollision End Avg:3, SD:7, Max:91, Min:0
ATask1 Avg:2, SD:3, Max:21, Min:0
ATask2 Avg:7, SD:6, Max:35, Min:0
ATask3 Avg:71, SD:9, Max:90, Min:19
ACore Active Avg:81, SD:10, Max:99, Min:26
ARouter Active Avg:91, SD:4, Max:98, Min:71
T1 invocations: 530,671
T2 invocations: 1,023,882
T3 invocations: 9,135,984
T3b invocations: 91,647,587
Total3 invocations: 100,783,571
Total4 invocations: 24,876

T3/T2 ratio: 9
T3b/T3 ratio: 10

T1 avg ex cycles: 37
T2 avg ex cycles: 58
T3&b avg ex cycles: 6
T4 avg ex cycles: 230
Avg. hops NOC1: 28
Avg. latency NOC1 (T2): 8,552
Avg. hops NOC2: 16
Avg. latency NOC2 (T3): 3,217
Number of K Nodes Processed: 2,874
Number of K Edges Processed: 52,930
Node Re-explore factor: 0.69
Edge Re-explore factor: 0.41
Nodes/cy: 56
Edges/cy: 1,036
TEPS: 2,512

---Pcache---
Pcache Size: 1,821
Cached: 1
  PHits: 49,051,765
  PMisses: 43,566,804
  PHit Rate (hit/miss): 53%
  PEvictions: 23,949,858
  PEviction Rate (evict/misses): 55%

---Energy---
Leakage Energy (nJ): 36,006
PU Dyn E (nJ): 5,829,050
Mem Dyn E (nJ): 17,454,247
Route Dyn E (nJ): 9,846,292
Dynamic Energy (nJ): 33,129,589
Ratio of Dyn/Leak: 920
Total Energy (nJ): 33,165,595
Total Energy (nJ) 3D: 34,037,081
Cores Energy (nJ): 5,831,324
Route Energy (nJ): 9,847,601
Route Energy (nJ) 3D: 10,719,088
Mem Energy   (nJ): 17,486,669
Mem Energy   (nJ) 3D: 17,486,669
Avg. Power (mW): 649,427.14
Power Density (mW/mm2): 187.63

---Runtime---
Runtime in K cycles: 51.07
Microseconds: 51.07
Time per iteration (ms): 0.05

---Throughput---
GOP/s (aka OPS/ns): 13,052.88
GOP/s per core: 0.80
FLOP/s: 2,999.54
FLOP/s per core: 0.18
Max Peak FLOP/s: 16,384.00
Avg. BW GB/s: 58,732.88
Max BW GB/s: 65,536.00

---Traffic---
In-Die bisection_bytes BW (GB/s): 2,048.00
Inter-board traffic (msg/ns): 0.00, per-link: 0.00
Inter-pack traffic (msg/ns): 0.00, per-link: 0.00
Inter-die traffic (msg/ns): 0.00, per-link: 0.00
Ruche traffic (msg/ns): 0.00, per-link: 0.00
All traffic (msg/ns): 63,932.15, per-link: 3.90
Inter-die reduction wrt all: inf
Inter-board reduction wrt inter-die: -nan

---Data Movement---
All traffic (msg): 3,264,950,811
Arith. Intensity FLOP/Loads: 0.41
Arith. Intensity FLOP/Msgs: 0.05
Arith. Intensity OPS/Loads: 1.79
Arith. Intensity OPS/Msgs: 0.20



===Core Utilization Total=== CORE-S:5;; TIME K cy:50 ;; Nodes Proc: 358,167 -- Edges Proc: 6,362,574

===PRINTING FRAME STATS

FCollision In Avg:83, SD:54, Max:284, Min:1
FCollision Out Avg:104, SD:50, Max:275, Min:0
FCollision End Avg:4, SD:16, Max:144, Min:0
FTask1 Avg:3, SD:6, Max:46, Min:0
FTask2 Avg:6, SD:11, Max:80, Min:0
FTask3 Avg:63, SD:14, Max:100, Min:12
FCore Active Avg:73, SD:17, Max:100, Min:14
FRouter Active Avg:87, SD:7, Max:101, Min:69
T1 invocations: 38,556
T2 invocations: 55,601
T3 invocations: 379,319
T3b invocations: 4,257,784
Total3 invocations: 4,637,103
Total4 invocations: 1,310

T3/T2 ratio: 7
T3b/T3 ratio: 11

T1 avg ex cycles: 31
T2 avg ex cycles: 44
T3&b avg ex cycles: 6
T4 avg ex cycles: 309
Avg. hops NOC1: 28
Avg. latency NOC1 (T2): 11,078
Avg. hops NOC2: 14
Avg. latency NOC2 (T3): 1,613

===PRINTING ACUM STATS at pu_cycles: 61,030

ACollision In Avg:83, SD:27, Max:210, Min:12
ACollision Out Avg:89, SD:32, Max:217, Min:8
ACollision End Avg:3, SD:7, Max:92, Min:0
ATask1 Avg:2, SD:3, Max:19, Min:0
ATask2 Avg:7, SD:6, Max:29, Min:0
ATask3 Avg:69, SD:7, Max:87, Min:20
ACore Active Avg:79, SD:9, Max:99, Min:28
ARouter Active Avg:91, SD:4, Max:98, Min:71
T1 invocations: 694,233
T2 invocations: 1,280,613
T3 invocations: 10,727,558
T3b invocations: 110,531,482
Total3 invocations: 121,259,040
Total4 invocations: 29,766

T3/T2 ratio: 8
T3b/T3 ratio: 10

T1 avg ex cycles: 36
T2 avg ex cycles: 56
T3&b avg ex cycles: 6
T4 avg ex cycles: 248
Avg. hops NOC1: 26
Avg. latency NOC1 (T2): 9,026
Avg. hops NOC2: 15
Avg. latency NOC2 (T3): 3,014
Number of K Nodes Processed: 3,151
Number of K Edges Processed: 62,641
Node Re-explore factor: 0.75
Edge Re-explore factor: 0.49
Nodes/cy: 52
Edges/cy: 1,026
TEPS: 2,102

---Pcache---
Pcache Size: 1,821
Cached: 1
  PHits: 60,389,936
  PMisses: 51,001,947
  PHit Rate (hit/miss): 54%
  PEvictions: 30,339,787
  PEviction Rate (evict/misses): 59%

---Energy---
Leakage Energy (nJ): 43,029
PU Dyn E (nJ): 6,976,332
Mem Dyn E (nJ): 20,881,008
Route Dyn E (nJ): 11,623,372
Dynamic Energy (nJ): 39,480,712
Ratio of Dyn/Leak: 918
Total Energy (nJ): 39,523,741
Total Energy (nJ) 3D: 40,552,515
Cores Energy (nJ): 6,979,050
Route Energy (nJ): 11,624,937
Route Energy (nJ) 3D: 12,653,711
Mem Energy   (nJ): 20,919,754
Mem Energy   (nJ) 3D: 20,919,754
Avg. Power (mW): 647,611.68
Power Density (mW/mm2): 187.10

---Runtime---
Runtime in K cycles: 61.03
Microseconds: 61.03
Time per iteration (ms): 0.06

---Throughput---
GOP/s (aka OPS/ns): 13,068.88
GOP/s per core: 0.80
FLOP/s: 3,004.82
FLOP/s per core: 0.18
Max Peak FLOP/s: 16,384.00
Avg. BW GB/s: 58,767.21
Max BW GB/s: 65,536.00

---Traffic---
In-Die bisection_bytes BW (GB/s): 2,048.00
Inter-board traffic (msg/ns): 0.00, per-link: 0.00
Inter-pack traffic (msg/ns): 0.00, per-link: 0.00
Inter-die traffic (msg/ns): 0.00, per-link: 0.00
Ruche traffic (msg/ns): 0.00, per-link: 0.00
All traffic (msg/ns): 63,231.26, per-link: 3.86
Inter-die reduction wrt all: inf
Inter-board reduction wrt inter-die: -nan

---Data Movement---
All traffic (msg): 3,859,003,850
Arith. Intensity FLOP/Loads: 0.41
Arith. Intensity FLOP/Msgs: 0.05
Arith. Intensity OPS/Loads: 1.79
Arith. Intensity OPS/Msgs: 0.21



===Core Utilization Total=== CORE-S:6;; TIME K cy:60 ;; Nodes Proc: 392,595 -- Edges Proc: 7,527,828

===PRINTING FRAME STATS

FCollision In Avg:83, SD:54, Max:272, Min:2
FCollision Out Avg:85, SD:44, Max:250, Min:0
FCollision End Avg:4, SD:15, Max:101, Min:0
FTask1 Avg:4, SD:6, Max:42, Min:0
FTask2 Avg:8, SD:13, Max:79, Min:0
FTask3 Avg:69, SD:12, Max:100, Min:20
FCore Active Avg:83, SD:13, Max:100, Min:24
FRouter Active Avg:93, SD:4, Max:101, Min:72
T1 invocations: 49,861
T2 invocations: 84,319
T3 invocations: 364,750
T3b invocations: 4,863,691
Total3 invocations: 5,228,441
Total4 invocations: 1,652

T3/T2 ratio: 4
T3b/T3 ratio: 13

T1 avg ex cycles: 31
T2 avg ex cycles: 41
T3&b avg ex cycles: 5
T4 avg ex cycles: 269
Avg. hops NOC1: 29
Avg. latency NOC1 (T2): 11,656
Avg. hops NOC2: 14
Avg. latency NOC2 (T3): 1,207

===PRINTING ACUM STATS at pu_cycles: 71,086

ACollision In Avg:83, SD:26, Max:209, Min:11
ACollision Out Avg:89, SD:31, Max:214, Min:7
ACollision End Avg:3, SD:7, Max:93, Min:0
ATask1 Avg:3, SD:2, Max:19, Min:0
ATask2 Avg:7, SD:5, Max:25, Min:0
ATask3 Avg:69, SD:6, Max:87, Min:26
ACore Active Avg:80, SD:8, Max:99, Min:31
ARouter Active Avg:91, SD:3, Max:98, Min:73
T1 invocations: 884,709
T2 invocations: 1,585,040
T3 invocations: 12,219,945
T3b invocations: 129,920,713
Total3 invocations: 142,140,658
Total4 invocations: 36,038

T3/T2 ratio: 8
T3b/T3 ratio: 11

T1 avg ex cycles: 35
T2 avg ex cycles: 53
T3&b avg ex cycles: 6
T4 avg ex cycles: 254
Avg. hops NOC1: 26
Avg. latency NOC1 (T2): 9,435
Avg. hops NOC2: 15
Avg. latency NOC2 (T3): 2,809
Number of K Nodes Processed: 3,382
Number of K Edges Processed: 73,364
Node Re-explore factor: 0.81
Edge Re-explore factor: 0.57
Nodes/cy: 48
Edges/cy: 1,032
TEPS: 1,805

---Pcache---
Pcache Size: 1,821
Cached: 1
  PHits: 72,184,039
  PMisses: 58,662,314
  PHit Rate (hit/miss): 55%
  PEvictions: 37,142,254
  PEviction Rate (evict/misses): 63%

---Energy---
Leakage Energy (nJ): 50,119
PU Dyn E (nJ): 8,163,570
Mem Dyn E (nJ): 24,425,002
Route Dyn E (nJ): 13,465,998
Dynamic Energy (nJ): 46,054,570
Ratio of Dyn/Leak: 919
Total Energy (nJ): 46,104,689
Total Energy (nJ) 3D: 47,296,552
Cores Energy (nJ): 8,166,736
Route Energy (nJ): 13,467,821
Route Energy (nJ) 3D: 14,659,684
Mem Energy   (nJ): 24,470,133
Mem Energy   (nJ) 3D: 24,470,133
Avg. Power (mW): 648,576.21
Power Density (mW/mm2): 187.38

---Runtime---
Runtime in K cycles: 71.09
Microseconds: 71.09
Time per iteration (ms): 0.07

---Throughput---
GOP/s (aka OPS/ns): 13,111.21
GOP/s per core: 0.80
FLOP/s: 3,023.37
FLOP/s per core: 0.18
Max Peak FLOP/s: 16,384.00
Avg. BW GB/s: 58,991.97
Max BW GB/s: 65,536.00

---Traffic---
In-Die bisection_bytes BW (GB/s): 2,048.00
Inter-board traffic (msg/ns): 0.00, per-link: 0.00
Inter-pack traffic (msg/ns): 0.00, per-link: 0.00
Inter-die traffic (msg/ns): 0.00, per-link: 0.00
Ruche traffic (msg/ns): 0.00, per-link: 0.00
All traffic (msg/ns): 62,943.25, per-link: 3.84
Inter-die reduction wrt all: inf
Inter-board reduction wrt inter-die: -nan

---Data Movement---
All traffic (msg): 4,474,384,213
Arith. Intensity FLOP/Loads: 0.41
Arith. Intensity FLOP/Msgs: 0.05
Arith. Intensity OPS/Loads: 1.79
Arith. Intensity OPS/Msgs: 0.21



===Core Utilization Total=== CORE-S:7;; TIME K cy:70 ;; Nodes Proc: 421,727 -- Edges Proc: 8,941,370

===PRINTING FRAME STATS

FCollision In Avg:83, SD:56, Max:297, Min:1
FCollision Out Avg:79, SD:44, Max:267, Min:0
FCollision End Avg:4, SD:14, Max:147, Min:0
FTask1 Avg:4, SD:6, Max:44, Min:0
FTask2 Avg:8, SD:13, Max:70, Min:0
FTask3 Avg:69, SD:13, Max:100, Min:13
FCore Active Avg:82, SD:14, Max:100, Min:13
FRouter Active Avg:93, SD:5, Max:101, Min:68
T1 invocations: 53,717
T2 invocations: 86,478
T3 invocations: 347,417
T3b invocations: 4,873,102
Total3 invocations: 5,220,519
Total4 invocations: 2,353

T3/T2 ratio: 4
T3b/T3 ratio: 14

T1 avg ex cycles: 30
T2 avg ex cycles: 40
T3&b avg ex cycles: 5
T4 avg ex cycles: 204
Avg. hops NOC1: 29
Avg. latency NOC1 (T2): 10,651
Avg. hops NOC2: 14
Avg. latency NOC2 (T3): 1,162

===PRINTING ACUM STATS at pu_cycles: 81,060

ACollision In Avg:83, SD:26, Max:209, Min:11
ACollision Out Avg:87, SD:30, Max:204, Min:10
ACollision End Avg:3, SD:7, Max:84, Min:0
ATask1 Avg:3, SD:2, Max:22, Min:0
ATask2 Avg:7, SD:5, Max:24, Min:0
ATask3 Avg:69, SD:6, Max:87, Min:26
ACore Active Avg:80, SD:7, Max:99, Min:31
ARouter Active Avg:91, SD:3, Max:97, Min:73
T1 invocations: 1,088,814
T2 invocations: 1,904,927
T3 invocations: 13,625,556
T3b invocations: 148,761,035
Total3 invocations: 162,386,591
Total4 invocations: 44,340

T3/T2 ratio: 7
T3b/T3 ratio: 11

T1 avg ex cycles: 34
T2 avg ex cycles: 51
T3&b avg ex cycles: 6
T4 avg ex cycles: 249
Avg. hops NOC1: 25
Avg. latency NOC1 (T2): 9,696
Avg. hops NOC2: 15
Avg. latency NOC2 (T3): 2,636
Number of K Nodes Processed: 3,571
Number of K Edges Processed: 83,930
Node Re-explore factor: 0.85
Edge Re-explore factor: 0.65
Nodes/cy: 44
Edges/cy: 1,035
TEPS: 1,583

---Pcache---
Pcache Size: 1,821
Cached: 1
  PHits: 83,541,643
  PMisses: 66,080,490
  PHit Rate (hit/miss): 56%
  PEvictions: 43,869,888
  PEviction Rate (evict/misses): 66%

---Energy---
Leakage Energy (nJ): 57,151
PU Dyn E (nJ): 9,319,747
Mem Dyn E (nJ): 27,870,621
Route Dyn E (nJ): 15,239,913
Dynamic Energy (nJ): 52,430,282
Ratio of Dyn/Leak: 917
Total Energy (nJ): 52,487,433
Total Energy (nJ) 3D: 53,836,303
Cores Energy (nJ): 9,323,357
Route Energy (nJ): 15,241,992
Route Energy (nJ) 3D: 16,590,863
Mem Energy   (nJ): 27,922,084
Mem Energy   (nJ) 3D: 27,922,084
Avg. Power (mW): 647,513.36
Power Density (mW/mm2): 187.08

---Runtime---
Runtime in K cycles: 81.06
Microseconds: 81.06
Time per iteration (ms): 0.08

---Throughput---
GOP/s (aka OPS/ns): 13,107.96
GOP/s per core: 0.80
FLOP/s: 3,031.46
FLOP/s per core: 0.19
Max Peak FLOP/s: 16,384.00
Avg. BW GB/s: 59,019.47
Max BW GB/s: 65,536.00

---Traffic---
In-Die bisection_bytes BW (GB/s): 2,048.00
Inter-board traffic (msg/ns): 0.00, per-link: 0.00
Inter-pack traffic (msg/ns): 0.00, per-link: 0.00
Inter-die traffic (msg/ns): 0.00, per-link: 0.00
Ruche traffic (msg/ns): 0.00, per-link: 0.00
All traffic (msg/ns): 62,511.52, per-link: 3.82
Inter-die reduction wrt all: inf
Inter-board reduction wrt inter-die: -nan

---Data Movement---
All traffic (msg): 5,067,183,874
Arith. Intensity FLOP/Loads: 0.41
Arith. Intensity FLOP/Msgs: 0.05
Arith. Intensity OPS/Loads: 1.78
Arith. Intensity OPS/Msgs: 0.21



===Core Utilization Total=== CORE-S:8;; TIME K cy:80 ;; Nodes Proc: 445,453 -- Edges Proc: 10,399,919

===PRINTING FRAME STATS

FCollision In Avg:83, SD:58, Max:320, Min:1
FCollision Out Avg:73, SD:43, Max:249, Min:0
FCollision End Avg:3, SD:13, Max:182, Min:0
FTask1 Avg:4, SD:7, Max:49, Min:0
FTask2 Avg:9, SD:13, Max:81, Min:0
FTask3 Avg:70, SD:12, Max:100, Min:6
FCore Active Avg:84, SD:13, Max:100, Min:6
FRouter Active Avg:94, SD:5, Max:101, Min:69
T1 invocations: 60,632
T2 invocations: 99,083
T3 invocations: 346,520
T3b invocations: 4,971,369
Total3 invocations: 5,317,889
Total4 invocations: 2,911

T3/T2 ratio: 3
T3b/T3 ratio: 14

T1 avg ex cycles: 30
T2 avg ex cycles: 37
T3&b avg ex cycles: 5
T4 avg ex cycles: 150
Avg. hops NOC1: 31
Avg. latency NOC1 (T2): 9,306
Avg. hops NOC2: 14
Avg. latency NOC2 (T3): 1,136

===PRINTING ACUM STATS at pu_cycles: 91,048

ACollision In Avg:83, SD:27, Max:208, Min:12
ACollision Out Avg:86, SD:29, Max:195, Min:9
ACollision End Avg:3, SD:7, Max:84, Min:0
ATask1 Avg:3, SD:2, Max:21, Min:0
ATask2 Avg:7, SD:4, Max:21, Min:0
ATask3 Avg:69, SD:5, Max:86, Min:31
ACore Active Avg:81, SD:7, Max:99, Min:33
ARouter Active Avg:91, SD:3, Max:97, Min:73
T1 invocations: 1,332,748
T2 invocations: 2,286,021
T3 invocations: 15,033,015
T3b invocations: 168,633,756
Total3 invocations: 183,666,771
Total4 invocations: 54,685

T3/T2 ratio: 7
T3b/T3 ratio: 11

T1 avg ex cycles: 33
T2 avg ex cycles: 49
T3&b avg ex cycles: 6
T4 avg ex cycles: 236
Avg. hops NOC1: 25
Avg. latency NOC1 (T2): 9,807
Avg. hops NOC2: 15
Avg. latency NOC2 (T3): 2,483
Number of K Nodes Processed: 3,732
Number of K Edges Processed: 95,828
Node Re-explore factor: 0.89
Edge Re-explore factor: 0.75
Nodes/cy: 41
Edges/cy: 1,053
TEPS: 1,409

---Pcache---
Pcache Size: 1,821
Cached: 1
  PHits: 95,585,850
  PMisses: 73,945,586
  PHit Rate (hit/miss): 56%
  PEvictions: 51,115,615
  PEviction Rate (evict/misses): 69%

---Energy---
Leakage Energy (nJ): 64,193
PU Dyn E (nJ): 10,554,364
Mem Dyn E (nJ): 31,546,663
Route Dyn E (nJ): 17,151,271
Dynamic Energy (nJ): 59,252,298
Ratio of Dyn/Leak: 923
Total Energy (nJ): 59,316,491
Total Energy (nJ) 3D: 60,834,534
Cores Energy (nJ): 10,558,418
Route Energy (nJ): 17,153,606
Route Energy (nJ) 3D: 18,671,649
Mem Energy   (nJ): 31,604,467
Mem Energy   (nJ) 3D: 31,604,467
Avg. Power (mW): 651,485.93
Power Density (mW/mm2): 188.22

---Runtime---
Runtime in K cycles: 91.05
Microseconds: 91.05
Time per iteration (ms): 0.09

---Throughput---
GOP/s (aka OPS/ns): 13,188.89
GOP/s per core: 0.80
FLOP/s: 3,063.21
FLOP/s per core: 0.19
Max Peak FLOP/s: 16,384.00
Avg. BW GB/s: 59,469.04
Max BW GB/s: 65,536.00

---Traffic---
In-Die bisection_bytes BW (GB/s): 2,048.00
Inter-board traffic (msg/ns): 0.00, per-link: 0.00
Inter-pack traffic (msg/ns): 0.00, per-link: 0.00
Inter-die traffic (msg/ns): 0.00, per-link: 0.00
Ruche traffic (msg/ns): 0.00, per-link: 0.00
All traffic (msg/ns): 62,658.75, per-link: 3.82
Inter-die reduction wrt all: inf
Inter-board reduction wrt inter-die: -nan

---Data Movement---
All traffic (msg): 5,704,953,928
Arith. Intensity FLOP/Loads: 0.41
Arith. Intensity FLOP/Msgs: 0.05
Arith. Intensity OPS/Loads: 1.78
Arith. Intensity OPS/Msgs: 0.21



===Core Utilization Total=== CORE-S:9;; TIME K cy:90 ;; Nodes Proc: 465,614 -- Edges Proc: 11,958,018

===PRINTING FRAME STATS

FCollision In Avg:74, SD:56, Max:301, Min:1
FCollision Out Avg:68, SD:46, Max:321, Min:0
FCollision End Avg:3, SD:11, Max:167, Min:0
FTask1 Avg:4, SD:6, Max:38, Min:0
FTask2 Avg:9, SD:13, Max:72, Min:0
FTask3 Avg:70, SD:12, Max:100, Min:19
FCore Active Avg:83, SD:13, Max:100, Min:28
FRouter Active Avg:93, SD:5, Max:101, Min:66
T1 invocations: 56,784
T2 invocations: 98,574
T3 invocations: 345,960
T3b invocations: 4,962,016
Total3 invocations: 5,307,976
Total4 invocations: 3,700

T3/T2 ratio: 4
T3b/T3 ratio: 14

T1 avg ex cycles: 29
T2 avg ex cycles: 36
T3&b avg ex cycles: 5
T4 avg ex cycles: 131
Avg. hops NOC1: 30
Avg. latency NOC1 (T2): 8,463
Avg. hops NOC2: 14
Avg. latency NOC2 (T3): 1,160

===PRINTING ACUM STATS at pu_cycles: 101,027

ACollision In Avg:82, SD:27, Max:205, Min:14
ACollision Out Avg:84, SD:29, Max:203, Min:10
ACollision End Avg:3, SD:7, Max:86, Min:0
ATask1 Avg:3, SD:2, Max:22, Min:0
ATask2 Avg:7, SD:4, Max:19, Min:0
ATask3 Avg:69, SD:5, Max:85, Min:31
ACore Active Avg:81, SD:6, Max:99, Min:35
ARouter Active Avg:92, SD:3, Max:97, Min:72
T1 invocations: 1,577,207
T2 invocations: 2,671,574
T3 invocations: 16,459,127
T3b invocations: 188,685,263
Total3 invocations: 205,144,390
Total4 invocations: 68,353

T3/T2 ratio: 6
T3b/T3 ratio: 11

T1 avg ex cycles: 33
T2 avg ex cycles: 47
T3&b avg ex cycles: 6
T4 avg ex cycles: 219
Avg. hops NOC1: 24
Avg. latency NOC1 (T2): 9,693
Avg. hops NOC2: 15
Avg. latency NOC2 (T3): 2,363
Number of K Nodes Processed: 3,879
Number of K Edges Processed: 107,241
Node Re-explore factor: 0.92
Edge Re-explore factor: 0.84
Nodes/cy: 38
Edges/cy: 1,062
TEPS: 1,270

---Pcache---
Pcache Size: 1,821
Cached: 1
  PHits: 107,577,257
  PMisses: 81,936,972
  PHit Rate (hit/miss): 57%
  PEvictions: 58,573,738
  PEviction Rate (evict/misses): 71%

---Energy---
Leakage Energy (nJ): 71,228
PU Dyn E (nJ): 11,786,966
Mem Dyn E (nJ): 35,215,414
Route Dyn E (nJ): 19,037,041
Dynamic Energy (nJ): 66,039,421
Ratio of Dyn/Leak: 927
Total Energy (nJ): 66,110,649
Total Energy (nJ) 3D: 67,795,601
Cores Energy (nJ): 11,791,465
Route Energy (nJ): 19,039,631
Route Energy (nJ) 3D: 20,724,582
Mem Energy   (nJ): 35,279,554
Mem Energy   (nJ) 3D: 35,279,554
Avg. Power (mW): 654,385.95
Power Density (mW/mm2): 189.06

---Runtime---
Runtime in K cycles: 101.03
Microseconds: 101.03
Time per iteration (ms): 0.10

---Throughput---
GOP/s (aka OPS/ns): 13,260.76
GOP/s per core: 0.81
FLOP/s: 3,086.43
FLOP/s per core: 0.19
Max Peak FLOP/s: 16,384.00
Avg. BW GB/s: 59,819.96
Max BW GB/s: 65,536.00

---Traffic---
In-Die bisection_bytes BW (GB/s): 2,048.00
Inter-board traffic (msg/ns): 0.00, per-link: 0.00
Inter-pack traffic (msg/ns): 0.00, per-link: 0.00
Inter-die traffic (msg/ns): 0.00, per-link: 0.00
Ruche traffic (msg/ns): 0.00, per-link: 0.00
All traffic (msg/ns): 62,707.78, per-link: 3.83
Inter-die reduction wrt all: inf
Inter-board reduction wrt inter-die: -nan

---Data Movement---
All traffic (msg): 6,335,179,232
Arith. Intensity FLOP/Loads: 0.41
Arith. Intensity FLOP/Msgs: 0.05
Arith. Intensity OPS/Loads: 1.78
Arith. Intensity OPS/Msgs: 0.21



===Core Utilization Total=== CORE-S:10;; TIME K cy:100 ;; Nodes Proc: 483,828 -- Edges Proc: 13,404,366

===PRINTING FRAME STATS

FCollision In Avg:69, SD:55, Max:305, Min:1
FCollision Out Avg:59, SD:43, Max:263, Min:0
FCollision End Avg:3, SD:10, Max:101, Min:0
FTask1 Avg:5, SD:7, Max:42, Min:0
FTask2 Avg:9, SD:13, Max:92, Min:0
FTask3 Avg:68, SD:13, Max:100, Min:7
FCore Active Avg:83, SD:14, Max:100, Min:24
FRouter Active Avg:93, SD:6, Max:101, Min:64
T1 invocations: 68,325
T2 invocations: 106,228
T3 invocations: 331,512
T3b invocations: 4,858,779
Total3 invocations: 5,190,291
Total4 invocations: 4,648

T3/T2 ratio: 3
T3b/T3 ratio: 15

T1 avg ex cycles: 29
T2 avg ex cycles: 34
T3&b avg ex cycles: 5
T4 avg ex cycles: 123
Avg. hops NOC1: 32
Avg. latency NOC1 (T2): 7,667
Avg. hops NOC2: 14
Avg. latency NOC2 (T3): 1,094

===PRINTING ACUM STATS at pu_cycles: 110,992

ACollision In Avg:81, SD:27, Max:201, Min:13
ACollision Out Avg:82, SD:28, Max:199, Min:9
ACollision End Avg:3, SD:6, Max:79, Min:0
ATask1 Avg:3, SD:2, Max:20, Min:0
ATask2 Avg:8, SD:3, Max:18, Min:0
ATask3 Avg:69, SD:5, Max:85, Min:33
ACore Active Avg:81, SD:6, Max:99, Min:41
ARouter Active Avg:92, SD:3, Max:97, Min:72
T1 invocations: 1,859,684
T2 invocations: 3,093,858
T3 invocations: 17,840,925
T3b invocations: 208,458,345
Total3 invocations: 226,299,270
Total4 invocations: 86,661

T3/T2 ratio: 6
T3b/T3 ratio: 12

T1 avg ex cycles: 32
T2 avg ex cycles: 45
T3&b avg ex cycles: 6
T4 avg ex cycles: 199
Avg. hops NOC1: 24
Avg. latency NOC1 (T2): 9,455
Avg. hops NOC2: 15
Avg. latency NOC2 (T3): 2,260
Number of K Nodes Processed: 4,004
Number of K Edges Processed: 118,731
Node Re-explore factor: 0.95
Edge Re-explore factor: 0.93
Nodes/cy: 36
Edges/cy: 1,070
TEPS: 1,156

---Pcache---
Pcache Size: 1,821
Cached: 1
  PHits: 119,382,064
  PMisses: 89,799,032
  PHit Rate (hit/miss): 57%
  PEvictions: 65,982,864
  PEviction Rate (evict/misses): 73%

---Energy---
Leakage Energy (nJ): 78,254
PU Dyn E (nJ): 13,013,371
Mem Dyn E (nJ): 38,853,823
Route Dyn E (nJ): 20,904,863
Dynamic Energy (nJ): 72,772,057
Ratio of Dyn/Leak: 930
Total Energy (nJ): 72,850,311
Total Energy (nJ) 3D: 74,700,582
Cores Energy (nJ): 13,018,314
Route Energy (nJ): 20,907,709
Route Energy (nJ) 3D: 22,757,979
Mem Energy   (nJ): 38,924,290
Mem Energy   (nJ) 3D: 38,924,290
Avg. Power (mW): 656,356.41
Power Density (mW/mm2): 189.63

---Runtime---
Runtime in K cycles: 110.99
Microseconds: 110.99
Time per iteration (ms): 0.11

---Throughput---
GOP/s (aka OPS/ns): 13,316.62
GOP/s per core: 0.81
FLOP/s: 3,103.99
FLOP/s per core: 0.19
Max Peak FLOP/s: 16,384.00
Avg. BW GB/s: 60,073.38
Max BW GB/s: 65,536.00

---Traffic---
In-Die bisection_bytes BW (GB/s): 2,048.00
Inter-board traffic (msg/ns): 0.00, per-link: 0.00
Inter-pack traffic (msg/ns): 0.00, per-link: 0.00
Inter-die traffic (msg/ns): 0.00, per-link: 0.00
Ruche traffic (msg/ns): 0.00, per-link: 0.00
All traffic (msg/ns): 62,700.83, per-link: 3.83
Inter-die reduction wrt all: inf
Inter-board reduction wrt inter-die: -nan

---Data Movement---
All traffic (msg): 6,959,290,905
Arith. Intensity FLOP/Loads: 0.41
Arith. Intensity FLOP/Msgs: 0.05
Arith. Intensity OPS/Loads: 1.78
Arith. Intensity OPS/Msgs: 0.21



===Core Utilization Total=== CORE-S:11;; TIME K cy:110 ;; Nodes Proc: 499,401 -- Edges Proc: 14,894,044

===PRINTING FRAME STATS

FCollision In Avg:61, SD:53, Max:303, Min:1
FCollision Out Avg:47, SD:39, Max:218, Min:0
FCollision End Avg:2, SD:8, Max:101, Min:0
FTask1 Avg:5, SD:7, Max:37, Min:0
FTask2 Avg:9, SD:13, Max:72, Min:0
FTask3 Avg:65, SD:13, Max:100, Min:13
FCore Active Avg:80, SD:16, Max:100, Min:42
FRouter Active Avg:92, SD:7, Max:101, Min:59
T1 invocations: 73,521
T2 invocations: 111,528
T3 invocations: 321,128
T3b invocations: 4,676,094
Total3 invocations: 4,997,222
Total4 invocations: 5,972

T3/T2 ratio: 3
T3b/T3 ratio: 15

T1 avg ex cycles: 29
T2 avg ex cycles: 31
T3&b avg ex cycles: 5
T4 avg ex cycles: 102
Avg. hops NOC1: 34
Avg. latency NOC1 (T2): 7,076
Avg. hops NOC2: 14
Avg. latency NOC2 (T3): 1,048

===PRINTING ACUM STATS at pu_cycles: 121,024

ACollision In Avg:79, SD:27, Max:201, Min:13
ACollision Out Avg:79, SD:28, Max:193, Min:8
ACollision End Avg:3, SD:6, Max:73, Min:0
ATask1 Avg:3, SD:2, Max:19, Min:0
ATask2 Avg:8, SD:3, Max:16, Min:0
ATask3 Avg:69, SD:5, Max:84, Min:37
ACore Active Avg:81, SD:6, Max:99, Min:46
ARouter Active Avg:92, SD:3, Max:97, Min:71
T1 invocations: 2,161,126
T2 invocations: 3,539,980
T3 invocations: 19,185,586
T3b invocations: 227,772,189
Total3 invocations: 246,957,775
Total4 invocations: 111,595

T3/T2 ratio: 5
T3b/T3 ratio: 12

T1 avg ex cycles: 32
T2 avg ex cycles: 44
T3&b avg ex cycles: 6
T4 avg ex cycles: 178
Avg. hops NOC1: 24
Avg. latency NOC1 (T2): 9,157
Avg. hops NOC2: 15
Avg. latency NOC2 (T3): 2,171
Number of K Nodes Processed: 4,114
Number of K Edges Processed: 129,932
Node Re-explore factor: 0.98
Edge Re-explore factor: 1.01
Nodes/cy: 34
Edges/cy: 1,074
TEPS: 1,060

---Pcache---
Pcache Size: 1,821
Cached: 1
  PHits: 130,986,940
  PMisses: 97,535,697
  PHit Rate (hit/miss): 57%
  PEvictions: 73,332,454
  PEviction Rate (evict/misses): 75%

---Energy---
Leakage Energy (nJ): 85,327
PU Dyn E (nJ): 14,212,868
Mem Dyn E (nJ): 42,407,635
Route Dyn E (nJ): 22,724,185
Dynamic Energy (nJ): 79,344,690
Ratio of Dyn/Leak: 930
Total Energy (nJ): 79,430,017
Total Energy (nJ) 3D: 81,441,314
Cores Energy (nJ): 14,218,258
Route Energy (nJ): 22,727,288
Route Energy (nJ) 3D: 24,738,585
Mem Energy   (nJ): 42,484,471
Mem Energy   (nJ) 3D: 42,484,471
Avg. Power (mW): 656,316.24
Power Density (mW/mm2): 189.62

---Runtime---
Runtime in K cycles: 121.02
Microseconds: 121.02
Time per iteration (ms): 0.12

---Throughput---
GOP/s (aka OPS/ns): 13,336.23
GOP/s per core: 0.81
FLOP/s: 3,109.64
FLOP/s per core: 0.19
Max Peak FLOP/s: 16,384.00
Avg. BW GB/s: 60,128.14
Max BW GB/s: 65,536.00

---Traffic---
In-Die bisection_bytes BW (GB/s): 2,048.00
Inter-board traffic (msg/ns): 0.00, per-link: 0.00
Inter-pack traffic (msg/ns): 0.00, per-link: 0.00
Inter-die traffic (msg/ns): 0.00, per-link: 0.00
Ruche traffic (msg/ns): 0.00, per-link: 0.00
All traffic (msg/ns): 62,528.15, per-link: 3.82
Inter-die reduction wrt all: inf
Inter-board reduction wrt inter-die: -nan

---Data Movement---
All traffic (msg): 7,567,407,384
Arith. Intensity FLOP/Loads: 0.41
Arith. Intensity FLOP/Msgs: 0.05
Arith. Intensity OPS/Loads: 1.78
Arith. Intensity OPS/Msgs: 0.21



===Core Utilization Total=== CORE-S:12;; TIME K cy:120 ;; Nodes Proc: 512,959 -- Edges Proc: 16,279,649

===PRINTING FRAME STATS

FCollision In Avg:45, SD:48, Max:263, Min:1
FCollision Out Avg:32, SD:35, Max:196, Min:0
FCollision End Avg:2, SD:6, Max:101, Min:0
FTask1 Avg:5, SD:7, Max:47, Min:0
FTask2 Avg:8, SD:13, Max:76, Min:0
FTask3 Avg:60, SD:14, Max:100, Min:16
FCore Active Avg:74, SD:18, Max:100, Min:30
FRouter Active Avg:88, SD:9, Max:101, Min:51
T1 invocations: 74,525
T2 invocations: 107,207
T3 invocations: 299,155
T3b invocations: 4,280,702
Total3 invocations: 4,579,857
Total4 invocations: 8,558

T3/T2 ratio: 3
T3b/T3 ratio: 14

T1 avg ex cycles: 29
T2 avg ex cycles: 29
T3&b avg ex cycles: 5
T4 avg ex cycles: 83
Avg. hops NOC1: 34
Avg. latency NOC1 (T2): 5,286
Avg. hops NOC2: 14
Avg. latency NOC2 (T3): 916

===PRINTING ACUM STATS at pu_cycles: 131,076

ACollision In Avg:77, SD:27, Max:197, Min:12
ACollision Out Avg:75, SD:27, Max:184, Min:8
ACollision End Avg:3, SD:5, Max:70, Min:0
ATask1 Avg:4, SD:1, Max:19, Min:0
ATask2 Avg:8, SD:2, Max:15, Min:0
ATask3 Avg:68, SD:5, Max:85, Min:41
ACore Active Avg:81, SD:6, Max:99, Min:50
ARouter Active Avg:91, SD:4, Max:97, Min:69
T1 invocations: 2,463,117
T2 invocations: 3,983,334
T3 invocations: 20,463,242
T3b invocations: 246,014,007
Total3 invocations: 266,477,249
Total4 invocations: 145,075

T3/T2 ratio: 5
T3b/T3 ratio: 12

T1 avg ex cycles: 31
T2 avg ex cycles: 42
T3&b avg ex cycles: 6
T4 avg ex cycles: 156
Avg. hops NOC1: 24
Avg. latency NOC1 (T2): 8,728
Avg. hops NOC2: 15
Avg. latency NOC2 (T3): 2,091
Number of K Nodes Processed: 4,211
Number of K Edges Processed: 140,274
Node Re-explore factor: 1.00
Edge Re-explore factor: 1.09
Nodes/cy: 32
Edges/cy: 1,070
TEPS: 979

---Pcache---
Pcache Size: 1,821
Cached: 1
  PHits: 141,890,302
  PMisses: 104,862,051
  PHit Rate (hit/miss): 58%
  PEvictions: 80,334,866
  PEviction Rate (evict/misses): 77%

---Energy---
Leakage Energy (nJ): 92,414
PU Dyn E (nJ): 15,346,029
Mem Dyn E (nJ): 45,758,732
Route Dyn E (nJ): 24,437,879
Dynamic Energy (nJ): 85,542,640
Ratio of Dyn/Leak: 926
Total Energy (nJ): 85,635,054
Total Energy (nJ) 3D: 87,798,028
Cores Energy (nJ): 15,351,866
Route Energy (nJ): 24,441,239
Route Energy (nJ) 3D: 26,604,214
Mem Energy   (nJ): 45,841,949
Mem Energy   (nJ) 3D: 45,841,949
Avg. Power (mW): 653,323.68
Power Density (mW/mm2): 188.75

---Runtime---
Runtime in K cycles: 131.08
Microseconds: 131.08
Time per iteration (ms): 0.13

---Throughput---
GOP/s (aka OPS/ns): 13,298.68
GOP/s per core: 0.81
FLOP/s: 3,099.22
FLOP/s per core: 0.19
Max Peak FLOP/s: 16,384.00
Avg. BW GB/s: 59,900.88
Max BW GB/s: 65,536.00

---Traffic---
In-Die bisection_bytes BW (GB/s): 2,048.00
Inter-board traffic (msg/ns): 0.00, per-link: 0.00
Inter-pack traffic (msg/ns): 0.00, per-link: 0.00
Inter-die traffic (msg/ns): 0.00, per-link: 0.00
Ruche traffic (msg/ns): 0.00, per-link: 0.00
All traffic (msg/ns): 62,104.48, per-link: 3.79
Inter-die reduction wrt all: inf
Inter-board reduction wrt inter-die: -nan

---Data Movement---
All traffic (msg): 8,140,406,962
Arith. Intensity FLOP/Loads: 0.41
Arith. Intensity FLOP/Msgs: 0.05
Arith. Intensity OPS/Loads: 1.78
Arith. Intensity OPS/Msgs: 0.21



===Core Utilization Total=== CORE-S:13;; TIME K cy:130 ;; Nodes Proc: 524,957 -- Edges Proc: 17,421,293

===PRINTING FRAME STATS

FCollision In Avg:31, SD:43, Max:242, Min:0
FCollision Out Avg:19, SD:28, Max:194, Min:0
FCollision End Avg:1, SD:5, Max:101, Min:0
FTask1 Avg:5, SD:7, Max:46, Min:0
FTask2 Avg:6, SD:12, Max:87, Min:0
FTask3 Avg:52, SD:14, Max:100, Min:11
FCore Active Avg:65, SD:20, Max:100, Min:25
FRouter Active Avg:84, SD:11, Max:101, Min:41
T1 invocations: 74,158
T2 invocations: 97,922
T3 invocations: 265,109
T3b invocations: 3,689,303
Total3 invocations: 3,954,412
Total4 invocations: 10,461

T3/T2 ratio: 3
T3b/T3 ratio: 14

T1 avg ex cycles: 29
T2 avg ex cycles: 27
T3&b avg ex cycles: 5
T4 avg ex cycles: 66
Avg. hops NOC1: 38
Avg. latency NOC1 (T2): 3,912
Avg. hops NOC2: 14
Avg. latency NOC2 (T3): 700

===PRINTING ACUM STATS at pu_cycles: 141,065

ACollision In Avg:73, SD:27, Max:185, Min:11
ACollision Out Avg:71, SD:26, Max:174, Min:7
ACollision End Avg:3, SD:5, Max:72, Min:0
ATask1 Avg:4, SD:1, Max:19, Min:0
ATask2 Avg:8, SD:2, Max:14, Min:0
ATask3 Avg:67, SD:5, Max:84, Min:42
ACore Active Avg:79, SD:6, Max:99, Min:54
ARouter Active Avg:91, SD:4, Max:97, Min:67
T1 invocations: 2,758,604
T2 invocations: 4,400,652
T3 invocations: 21,616,678
T3b invocations: 262,375,777
Total3 invocations: 283,992,455
Total4 invocations: 186,870

T3/T2 ratio: 5
T3b/T3 ratio: 12

T1 avg ex cycles: 31
T2 avg ex cycles: 41
T3&b avg ex cycles: 6
T4 avg ex cycles: 136
Avg. hops NOC1: 24
Avg. latency NOC1 (T2): 8,301
Avg. hops NOC2: 15
Avg. latency NOC2 (T3): 2,017
Number of K Nodes Processed: 4,290
Number of K Edges Processed: 149,101
Node Re-explore factor: 1.02
Edge Re-explore factor: 1.16
Nodes/cy: 30
Edges/cy: 1,057
TEPS: 910

---Pcache---
Pcache Size: 1,821
Cached: 1
  PHits: 151,522,462
  PMisses: 111,410,253
  PHit Rate (hit/miss): 58%
  PEvictions: 86,631,654
  PEviction Rate (evict/misses): 78%

---Energy---
Leakage Energy (nJ): 99,457
PU Dyn E (nJ): 16,359,577
Mem Dyn E (nJ): 48,745,580
Route Dyn E (nJ): 25,958,647
Dynamic Energy (nJ): 91,063,805
Ratio of Dyn/Leak: 916
Total Energy (nJ): 91,163,262
Total Energy (nJ) 3D: 93,460,838
Cores Energy (nJ): 16,365,859
Route Energy (nJ): 25,962,264
Route Energy (nJ) 3D: 28,259,840
Mem Energy   (nJ): 48,835,139
Mem Energy   (nJ) 3D: 48,835,139
Avg. Power (mW): 646,250.04
Power Density (mW/mm2): 186.71

---Runtime---
Runtime in K cycles: 141.06
Microseconds: 141.06
Time per iteration (ms): 0.14

---Throughput---
GOP/s (aka OPS/ns): 13,183.96
GOP/s per core: 0.80
FLOP/s: 3,067.25
FLOP/s per core: 0.19
Max Peak FLOP/s: 16,384.00
Avg. BW GB/s: 59,292.45
Max BW GB/s: 65,536.00

---Traffic---
In-Die bisection_bytes BW (GB/s): 2,048.00
Inter-board traffic (msg/ns): 0.00, per-link: 0.00
Inter-pack traffic (msg/ns): 0.00, per-link: 0.00
Inter-die traffic (msg/ns): 0.00, per-link: 0.00
Ruche traffic (msg/ns): 0.00, per-link: 0.00
All traffic (msg/ns): 61,314.69, per-link: 3.74
Inter-die reduction wrt all: inf
Inter-board reduction wrt inter-die: -nan

---Data Movement---
All traffic (msg): 8,649,357,263
Arith. Intensity FLOP/Loads: 0.41
Arith. Intensity FLOP/Msgs: 0.05
Arith. Intensity OPS/Loads: 1.78
Arith. Intensity OPS/Msgs: 0.22



===Core Utilization Total=== CORE-S:14;; TIME K cy:140 ;; Nodes Proc: 534,902 -- Edges Proc: 18,407,495

===PRINTING FRAME STATS

FCollision In Avg:20, SD:35, Max:205, Min:0
FCollision Out Avg:12, SD:21, Max:194, Min:0
FCollision End Avg:1, SD:3, Max:101, Min:0
FTask1 Avg:4, SD:7, Max:60, Min:0
FTask2 Avg:5, SD:11, Max:87, Min:0
FTask3 Avg:38, SD:13, Max:98, Min:8
FCore Active Avg:48, SD:21, Max:100, Min:15
FRouter Active Avg:71, SD:18, Max:101, Min:33
T1 invocations: 57,060
T2 invocations: 73,723
T3 invocations: 204,825
T3b invocations: 2,715,628
Total3 invocations: 2,920,453
Total4 invocations: 10,167

T3/T2 ratio: 3
T3b/T3 ratio: 13

T1 avg ex cycles: 28
T2 avg ex cycles: 26
T3&b avg ex cycles: 5
T4 avg ex cycles: 52
Avg. hops NOC1: 41
Avg. latency NOC1 (T2): 2,914
Avg. hops NOC2: 14
Avg. latency NOC2 (T3): 479

===PRINTING ACUM STATS at pu_cycles: 151,025

ACollision In Avg:70, SD:26, Max:178, Min:10
ACollision Out Avg:67, SD:25, Max:169, Min:7
ACollision End Avg:3, SD:5, Max:74, Min:0
ATask1 Avg:4, SD:1, Max:18, Min:0
ATask2 Avg:7, SD:2, Max:13, Min:0
ATask3 Avg:65, SD:5, Max:83, Min:42
ACore Active Avg:77, SD:6, Max:96, Min:53
ARouter Active Avg:89, SD:4, Max:97, Min:65
T1 invocations: 3,003,171
T2 invocations: 4,746,626
T3 invocations: 22,531,747
T3b invocations: 275,295,098
Total3 invocations: 297,826,845
Total4 invocations: 230,507

T3/T2 ratio: 5
T3b/T3 ratio: 12

T1 avg ex cycles: 31
T2 avg ex cycles: 40
T3&b avg ex cycles: 6
T4 avg ex cycles: 121
Avg. hops NOC1: 25
Avg. latency NOC1 (T2): 7,938
Avg. hops NOC2: 15
Avg. latency NOC2 (T3): 1,953
Number of K Nodes Processed: 4,349
Number of K Edges Processed: 156,030
Node Re-explore factor: 1.04
Edge Re-explore factor: 1.22
Nodes/cy: 29
Edges/cy: 1,033
TEPS: 850

---Pcache---
Pcache Size: 1,821
Cached: 1
  PHits: 159,072,445
  PMisses: 116,530,918
  PHit Rate (hit/miss): 58%
  PEvictions: 91,572,635
  PEviction Rate (evict/misses): 79%

---Energy---
Leakage Energy (nJ): 106,479
PU Dyn E (nJ): 17,162,344
Mem Dyn E (nJ): 51,106,204
Route Dyn E (nJ): 27,164,631
Dynamic Energy (nJ): 95,433,179
Ratio of Dyn/Leak: 896
Total Energy (nJ): 95,539,658
Total Energy (nJ) 3D: 97,943,975
Cores Energy (nJ): 17,169,069
Route Energy (nJ): 27,168,503
Route Energy (nJ) 3D: 29,572,820
Mem Energy   (nJ): 51,202,087
Mem Energy   (nJ) 3D: 51,202,087
Avg. Power (mW): 632,608.23
Power Density (mW/mm2): 182.77

---Runtime---
Runtime in K cycles: 151.03
Microseconds: 151.03
Time per iteration (ms): 0.15

---Throughput---
GOP/s (aka OPS/ns): 12,928.18
GOP/s per core: 0.79
FLOP/s: 3,003.19
FLOP/s per core: 0.18
Max Peak FLOP/s: 16,384.00
Avg. BW GB/s: 58,067.30
Max BW GB/s: 65,536.00

---Traffic---
In-Die bisection_bytes BW (GB/s): 2,048.00
Inter-board traffic (msg/ns): 0.00, per-link: 0.00
Inter-pack traffic (msg/ns): 0.00, per-link: 0.00
Inter-die traffic (msg/ns): 0.00, per-link: 0.00
Ruche traffic (msg/ns): 0.00, per-link: 0.00
All traffic (msg/ns): 59,943.02, per-link: 3.66
Inter-die reduction wrt all: inf
Inter-board reduction wrt inter-die: -nan

---Data Movement---
All traffic (msg): 9,052,893,960
Arith. Intensity FLOP/Loads: 0.41
Arith. Intensity FLOP/Msgs: 0.05
Arith. Intensity OPS/Loads: 1.78
Arith. Intensity OPS/Msgs: 0.22



===Core Utilization Total=== CORE-S:15;; TIME K cy:150 ;; Nodes Proc: 542,180 -- Edges Proc: 19,174,280
======== IT IS COLD ======= Only 965 Tiles active

===PRINTING FRAME STATS

FCollision In Avg:7, SD:20, Max:187, Min:0
FCollision Out Avg:4, SD:13, Max:171, Min:0
FCollision End Avg:0, SD:3, Max:100, Min:0
FTask1 Avg:2, SD:6, Max:44, Min:0
FTask2 Avg:2, SD:9, Max:88, Min:0
FTask3 Avg:21, SD:8, Max:64, Min:6
FCore Active Avg:26, SD:16, Max:100, Min:7
FRouter Active Avg:46, SD:18, Max:99, Min:20
T1 invocations: 33,502
T2 invocations: 37,761
T3 invocations: 118,272
T3b invocations: 1,440,664
Total3 invocations: 1,558,936
Total4 invocations: 7,450

T3/T2 ratio: 3
T3b/T3 ratio: 12

T1 avg ex cycles: 28
T2 avg ex cycles: 25
T3&b avg ex cycles: 5
T4 avg ex cycles: 42
Avg. hops NOC1: 45
Avg. latency NOC1 (T2): 2,527
Avg. hops NOC2: 14
Avg. latency NOC2 (T3): 286

===PRINTING ACUM STATS at pu_cycles: 160,997

ACollision In Avg:66, SD:25, Max:171, Min:10
ACollision Out Avg:63, SD:24, Max:164, Min:6
ACollision End Avg:2, SD:5, Max:76, Min:0
ATask1 Avg:4, SD:1, Max:17, Min:0
ATask2 Avg:7, SD:1, Max:12, Min:0
ATask3 Avg:62, SD:5, Max:81, Min:40
ACore Active Avg:74, SD:6, Max:94, Min:51
ARouter Active Avg:87, SD:5, Max:95, Min:63
T1 invocations: 3,148,263
T2 invocations: 4,963,211
T3 invocations: 23,092,752
T3b invocations: 283,206,429
Total3 invocations: 306,299,181
Total4 invocations: 263,841

T3/T2 ratio: 5
T3b/T3 ratio: 12

T1 avg ex cycles: 31
T2 avg ex cycles: 39
T3&b avg ex cycles: 6
T4 avg ex cycles: 111
Avg. hops NOC1: 25
Avg. latency NOC1 (T2): 7,716
Avg. hops NOC2: 15
Avg. latency NOC2 (T3): 1,910
Number of K Nodes Processed: 4,383
Number of K Edges Processed: 160,170
Node Re-explore factor: 1.05
Edge Re-explore factor: 1.25
Nodes/cy: 27
Edges/cy: 995
TEPS: 797

---Pcache---
Pcache Size: 1,821
Cached: 1
  PHits: 163,625,481
  PMisses: 119,609,094
  PHit Rate (hit/miss): 58%
  PEvictions: 94,550,496
  PEviction Rate (evict/misses): 79%

---Energy---
Leakage Energy (nJ): 113,510
PU Dyn E (nJ): 17,653,409
Mem Dyn E (nJ): 52,549,255
Route Dyn E (nJ): 27,910,177
Dynamic Energy (nJ): 98,112,842
Ratio of Dyn/Leak: 864
Total Energy (nJ): 98,226,352
Total Energy (nJ) 3D: 100,696,656
Cores Energy (nJ): 17,660,578
Route Energy (nJ): 27,914,305
Route Energy (nJ) 3D: 30,384,609
Mem Energy   (nJ): 52,651,469
Mem Energy   (nJ) 3D: 52,651,469
Avg. Power (mW): 610,112.93
Power Density (mW/mm2): 176.27

---Runtime---
Runtime in K cycles: 161.00
Microseconds: 161.00
Time per iteration (ms): 0.16

---Throughput---
GOP/s (aka OPS/ns): 12,479.45
GOP/s per core: 0.76
FLOP/s: 2,896.53
FLOP/s per core: 0.18
Max Peak FLOP/s: 16,384.00
Avg. BW GB/s: 56,013.14
Max BW GB/s: 65,536.00

---Traffic---
In-Die bisection_bytes BW (GB/s): 2,048.00
Inter-board traffic (msg/ns): 0.00, per-link: 0.00
Inter-pack traffic (msg/ns): 0.00, per-link: 0.00
Inter-die traffic (msg/ns): 0.00, per-link: 0.00
Ruche traffic (msg/ns): 0.00, per-link: 0.00
All traffic (msg/ns): 57,778.78, per-link: 3.53
Inter-die reduction wrt all: inf
Inter-board reduction wrt inter-die: -nan

---Data Movement---
All traffic (msg): 9,302,210,622
Arith. Intensity FLOP/Loads: 0.41
Arith. Intensity FLOP/Msgs: 0.05
Arith. Intensity OPS/Loads: 1.78
Arith. Intensity OPS/Msgs: 0.22



===Core Utilization Total=== CORE-S:16;; TIME K cy:160 ;; Nodes Proc: 546,507 -- Edges Proc: 19,661,973
======== IT IS COLD ======= Only 457 Tiles active

===PRINTING FRAME STATS

FCollision In Avg:2, SD:11, Max:106, Min:0
FCollision Out Avg:2, SD:7, Max:63, Min:0
FCollision End Avg:0, SD:1, Max:38, Min:0
FTask1 Avg:1, SD:4, Max:48, Min:0
FTask2 Avg:1, SD:7, Max:98, Min:0
FTask3 Avg:9, SD:5, Max:39, Min:1
FCore Active Avg:11, SD:11, Max:100, Min:1
FRouter Active Avg:24, SD:15, Max:93, Min:6
T1 invocations: 10,579
T2 invocations: 15,255
T3 invocations: 49,821
T3b invocations: 655,828
Total3 invocations: 705,649
Total4 invocations: 3,237

T3/T2 ratio: 3
T3b/T3 ratio: 13

T1 avg ex cycles: 28
T2 avg ex cycles: 28
T3&b avg ex cycles: 5
T4 avg ex cycles: 34
Avg. hops NOC1: 39
Avg. latency NOC1 (T2): 3,197
Avg. hops NOC2: 14
Avg. latency NOC2 (T3): 139

===PRINTING ACUM STATS at pu_cycles: 170,936

ACollision In Avg:62, SD:24, Max:161, Min:9
ACollision Out Avg:60, SD:22, Max:155, Min:6
ACollision End Avg:2, SD:4, Max:71, Min:0
ATask1 Avg:3, SD:1, Max:16, Min:0
ATask2 Avg:7, SD:1, Max:12, Min:2
ATask3 Avg:59, SD:5, Max:76, Min:38
ACore Active Avg:70, SD:5, Max:89, Min:49
ARouter Active Avg:83, SD:5, Max:93, Min:60
T1 invocations: 3,198,759
T2 invocations: 5,040,667
T3 invocations: 23,313,977
T3b invocations: 286,266,717
Total3 invocations: 309,580,694
Total4 invocations: 278,450

T3/T2 ratio: 5
T3b/T3 ratio: 12

T1 avg ex cycles: 31
T2 avg ex cycles: 39
T3&b avg ex cycles: 6
T4 avg ex cycles: 107
Avg. hops NOC1: 25
Avg. latency NOC1 (T2): 7,641
Avg. hops NOC2: 15
Avg. latency NOC2 (T3): 1,892
Number of K Nodes Processed: 4,397
Number of K Edges Processed: 161,757
Node Re-explore factor: 1.05
Edge Re-explore factor: 1.26
Nodes/cy: 26
Edges/cy: 946
TEPS: 751

---Pcache---
Pcache Size: 1,821
Cached: 1
  PHits: 165,354,132
  PMisses: 120,773,602
  PHit Rate (hit/miss): 58%
  PEvictions: 95,680,519
  PEviction Rate (evict/misses): 79%

---Energy---
Leakage Energy (nJ): 120,517
PU Dyn E (nJ): 17,843,324
Mem Dyn E (nJ): 53,107,118
Route Dyn E (nJ): 28,207,490
Dynamic Energy (nJ): 99,157,932
Ratio of Dyn/Leak: 823
Total Energy (nJ): 99,278,449
Total Energy (nJ) 3D: 101,775,068
Cores Energy (nJ): 17,850,935
Route Energy (nJ): 28,211,873
Route Energy (nJ) 3D: 30,708,492
Mem Energy   (nJ): 53,215,641
Mem Energy   (nJ) 3D: 53,215,641
Avg. Power (mW): 580,793.10
Power Density (mW/mm2): 167.80

---Runtime---
Runtime in K cycles: 170.94
Microseconds: 170.94
Time per iteration (ms): 0.17

---Throughput---
GOP/s (aka OPS/ns): 11,881.70
GOP/s per core: 0.73
FLOP/s: 2,757.11
FLOP/s per core: 0.17
Max Peak FLOP/s: 16,384.00
Avg. BW GB/s: 53,319.08
Max BW GB/s: 65,536.00

---Traffic---
In-Die bisection_bytes BW (GB/s): 2,048.00
Inter-board traffic (msg/ns): 0.00, per-link: 0.00
Inter-pack traffic (msg/ns): 0.00, per-link: 0.00
Inter-die traffic (msg/ns): 0.00, per-link: 0.00
Ruche traffic (msg/ns): 0.00, per-link: 0.00
All traffic (msg/ns): 54,999.61, per-link: 3.36
Inter-die reduction wrt all: inf
Inter-board reduction wrt inter-die: -nan

---Data Movement---
All traffic (msg): 9,401,413,464
Arith. Intensity FLOP/Loads: 0.41
Arith. Intensity FLOP/Msgs: 0.05
Arith. Intensity OPS/Loads: 1.78
Arith. Intensity OPS/Msgs: 0.22



===Core Utilization Total=== CORE-S:17;; TIME K cy:170 ;; Nodes Proc: 548,246 -- Edges Proc: 19,935,894
======== IT IS COLD ======= Only 295 Tiles active

===PRINTING FRAME STATS

FCollision In Avg:0, SD:2, Max:55, Min:0
FCollision Out Avg:0, SD:3, Max:54, Min:0
FCollision End Avg:0, SD:1, Max:47, Min:0
FTask1 Avg:0, SD:2, Max:42, Min:0
FTask2 Avg:0, SD:4, Max:68, Min:0
FTask3 Avg:3, SD:3, Max:25, Min:0
FCore Active Avg:4, SD:6, Max:100, Min:0
FRouter Active Avg:8, SD:9, Max:97, Min:1
T1 invocations: 2,988
T2 invocations: 5,987
T3 invocations: 13,154
T3b invocations: 210,856
Total3 invocations: 224,010
Total4 invocations: 770

T3/T2 ratio: 2
T3b/T3 ratio: 16

T1 avg ex cycles: 28
T2 avg ex cycles: 26
T3&b avg ex cycles: 5
T4 avg ex cycles: 35
Avg. hops NOC1: 28
Avg. latency NOC1 (T2): 3,272
Avg. hops NOC2: 14
Avg. latency NOC2 (T3): 194

===PRINTING ACUM STATS at pu_cycles: 180,481

ACollision In Avg:59, SD:22, Max:153, Min:9
ACollision Out Avg:56, SD:21, Max:146, Min:5
ACollision End Avg:2, SD:4, Max:68, Min:0
ATask1 Avg:3, SD:1, Max:15, Min:2
ATask2 Avg:6, SD:1, Max:11, Min:4
ATask3 Avg:56, SD:5, Max:72, Min:36
ACore Active Avg:67, SD:5, Max:84, Min:47
ARouter Active Avg:79, SD:5, Max:90, Min:57
T1 invocations: 3,213,864
T2 invocations: 5,066,348
T3 invocations: 23,383,008
T3b invocations: 287,199,770
Total3 invocations: 310,582,778
Total4 invocations: 283,082

T3/T2 ratio: 5
T3b/T3 ratio: 12

T1 avg ex cycles: 31
T2 avg ex cycles: 39
T3&b avg ex cycles: 6
T4 avg ex cycles: 106
Avg. hops NOC1: 25
Avg. latency NOC1 (T2): 7,616
Avg. hops NOC2: 15
Avg. latency NOC2 (T3): 1,886
Number of K Nodes Processed: 4,401
Number of K Edges Processed: 162,237
Node Re-explore factor: 1.05
Edge Re-explore factor: 1.26
Nodes/cy: 24
Edges/cy: 899
TEPS: 711

---Pcache---
Pcache Size: 1,821
Cached: 1
  PHits: 165,864,504
  PMisses: 121,108,886
  PHit Rate (hit/miss): 58%
  PEvictions: 96,005,363
  PEviction Rate (evict/misses): 79%

---Energy---
Leakage Energy (nJ): 127,247
PU Dyn E (nJ): 17,901,454
Mem Dyn E (nJ): 53,277,642
Route Dyn E (nJ): 28,298,987
Dynamic Energy (nJ): 99,478,084
Ratio of Dyn/Leak: 782
Total Energy (nJ): 99,605,331
Total Energy (nJ) 3D: 102,110,048
Cores Energy (nJ): 17,909,491
Route Energy (nJ): 28,303,615
Route Energy (nJ) 3D: 30,808,332
Mem Energy   (nJ): 53,392,225
Mem Energy   (nJ) 3D: 53,392,225
Avg. Power (mW): 551,888.18
Power Density (mW/mm2): 159.45

---Runtime---
Runtime in K cycles: 180.48
Microseconds: 180.48
Time per iteration (ms): 0.18

---Throughput---
GOP/s (aka OPS/ns): 11,290.09
GOP/s per core: 0.69
FLOP/s: 2,619.77
FLOP/s per core: 0.16
Max Peak FLOP/s: 16,384.00
Avg. BW GB/s: 50,662.97
Max BW GB/s: 65,536.00

---Traffic---
In-Die bisection_bytes BW (GB/s): 2,048.00
Inter-board traffic (msg/ns): 0.00, per-link: 0.00
Inter-pack traffic (msg/ns): 0.00, per-link: 0.00
Inter-die traffic (msg/ns): 0.00, per-link: 0.00
Ruche traffic (msg/ns): 0.00, per-link: 0.00
All traffic (msg/ns): 52,259.98, per-link: 3.19
Inter-die reduction wrt all: inf
Inter-board reduction wrt inter-die: -nan

---Data Movement---
All traffic (msg): 9,431,932,769
Arith. Intensity FLOP/Loads: 0.41
Arith. Intensity FLOP/Msgs: 0.05
Arith. Intensity OPS/Loads: 1.78
Arith. Intensity OPS/Msgs: 0.22



===Core Utilization Total=== CORE-S:18;; TIME K cy:180 ;; Nodes Proc: 548,755 -- Edges Proc: 20,039,379
======== IT IS COLD ======= Only 56 Tiles active

===PRINTING FRAME STATS

FCollision In Avg:0, SD:0, Max:1, Min:0
FCollision Out Avg:0, SD:1, Max:17, Min:0
FCollision End Avg:0, SD:0, Max:17, Min:0
FTask1 Avg:0, SD:0, Max:8, Min:0
FTask2 Avg:0, SD:1, Max:54, Min:0
FTask3 Avg:1, SD:1, Max:5, Min:0
FCore Active Avg:1, SD:1, Max:57, Min:0
FRouter Active Avg:2, SD:2, Max:50, Min:0
T1 invocations: 193
T2 invocations: 640
T3 invocations: 2,782
T3b invocations: 40,969
Total3 invocations: 43,751
Total4 invocations: 167

T3/T2 ratio: 4
T3b/T3 ratio: 15

T1 avg ex cycles: 27
T2 avg ex cycles: 30
T3&b avg ex cycles: 6
T4 avg ex cycles: 20
Avg. hops NOC1: 13
Avg. latency NOC1 (T2): 2,783
Avg. hops NOC2: 14
Avg. latency NOC2 (T3): 49

===PRINTING ACUM STATS at pu_cycles: 190,075

ACollision In Avg:56, SD:21, Max:144, Min:8
ACollision Out Avg:53, SD:20, Max:138, Min:5
ACollision End Avg:2, SD:4, Max:65, Min:0
ATask1 Avg:3, SD:1, Max:14, Min:2
ATask2 Avg:6, SD:1, Max:10, Min:5
ATask3 Avg:53, SD:5, Max:69, Min:34
ACore Active Avg:63, SD:5, Max:80, Min:44
ARouter Active Avg:75, SD:5, Max:85, Min:54
T1 invocations: 3,215,615
T2 invocations: 5,069,642
T3 invocations: 23,392,740
T3b invocations: 287,349,621
Total3 invocations: 310,742,361
Total4 invocations: 283,672

T3/T2 ratio: 5
T3b/T3 ratio: 12

T1 avg ex cycles: 31
T2 avg ex cycles: 39
T3&b avg ex cycles: 6
T4 avg ex cycles: 105
Avg. hops NOC1: 25
Avg. latency NOC1 (T2): 7,613
Avg. hops NOC2: 15
Avg. latency NOC2 (T3): 1,885
Number of K Nodes Processed: 4,402
Number of K Edges Processed: 162,320
Node Re-explore factor: 1.05
Edge Re-explore factor: 1.27
Nodes/cy: 23
Edges/cy: 854
TEPS: 675

---Pcache---
Pcache Size: 1,821
Cached: 1
  PHits: 165,953,294
  PMisses: 121,168,199
  PHit Rate (hit/miss): 58%
  PEvictions: 96,063,367
  PEviction Rate (evict/misses): 79%

---Energy---
Leakage Energy (nJ): 134,011
PU Dyn E (nJ): 17,910,465
Mem Dyn E (nJ): 53,304,473
Route Dyn E (nJ): 28,313,374
Dynamic Energy (nJ): 99,528,313
Ratio of Dyn/Leak: 743
Total Energy (nJ): 99,662,324
Total Energy (nJ) 3D: 102,168,315
Cores Energy (nJ): 17,918,929
Route Energy (nJ): 28,318,247
Route Energy (nJ) 3D: 30,824,238
Mem Energy   (nJ): 53,425,148
Mem Energy   (nJ) 3D: 53,425,148
Avg. Power (mW): 524,331.57
Power Density (mW/mm2): 151.49

---Runtime---
Runtime in K cycles: 190.07
Microseconds: 190.07
Time per iteration (ms): 0.19

---Throughput---
GOP/s (aka OPS/ns): 10,725.63
GOP/s per core: 0.65
FLOP/s: 2,488.79
FLOP/s per core: 0.15
Max Peak FLOP/s: 16,384.00
Avg. BW GB/s: 48,129.94
Max BW GB/s: 65,536.00

---Traffic---
In-Die bisection_bytes BW (GB/s): 2,048.00
Inter-board traffic (msg/ns): 0.00, per-link: 0.00
Inter-pack traffic (msg/ns): 0.00, per-link: 0.00
Inter-die traffic (msg/ns): 0.00, per-link: 0.00
Ruche traffic (msg/ns): 0.00, per-link: 0.00
All traffic (msg/ns): 49,647.42, per-link: 3.03
Inter-die reduction wrt all: inf
Inter-board reduction wrt inter-die: -nan

---Data Movement---
All traffic (msg): 9,436,733,172
Arith. Intensity FLOP/Loads: 0.41
Arith. Intensity FLOP/Msgs: 0.05
Arith. Intensity OPS/Loads: 1.78
Arith. Intensity OPS/Msgs: 0.22



===Core Utilization Total=== CORE-S:19;; TIME K cy:190 ;; Nodes Proc: 548,834 -- Edges Proc: 20,042,360
======== IT IS COLD ======= Only 3 Tiles active
Epoch Done Router: 3
Epoch Done Router: 2
Epoch Done Router: 7
Epoch Done Router: 5
Epoch Done Router: 6
Epoch Done Router: 1
Epoch Done Router: 4
Epoch Done Router: 0
##EPOCH## 1 COMPLETED at Time (K cy): 200
Nodes processed until now: 4,402,654
Edges processed until now: 162,347,129
Program Done Worker Thread: 0
Program Done Router Thread: 4
Program Done Router Thread: 6
Program Done Router Thread: 1
Program Done Worker Thread: 6
Program Done Router Thread: 7
Program Done Worker Thread: 1
Program Done Worker Thread: 5
Program Done Router Thread: 2
Program Done Worker Thread: 7
Program Done Router Thread: 0
Program Done Worker Thread: 2
Program Done Worker Thread: 4
Program Done Router Thread: 3
Program Done Worker Thread: 3
Program Done Router Thread: 5

===PRINTING ACUM STATS at pu_cycles: 200,374

ACollision In Avg:53, SD:20, Max:137, Min:8
ACollision Out Avg:51, SD:19, Max:131, Min:5
ACollision End Avg:2, SD:4, Max:61, Min:0
ATask1 Avg:3, SD:1, Max:13, Min:2
ATask2 Avg:6, SD:1, Max:10, Min:4
ATask3 Avg:50, SD:4, Max:65, Min:33
ACore Active Avg:60, SD:5, Max:75, Min:42
ARouter Active Avg:71, SD:4, Max:81, Min:51
T1 invocations: 3,216,052
T2 invocations: 5,070,614
T3 invocations: 23,396,994
T3b invocations: 287,398,673
Total3 invocations: 310,795,667
Total4 invocations: 283,991

T3/T2 ratio: 5
T3b/T3 ratio: 12

T1 avg ex cycles: 31
T2 avg ex cycles: 39
T3&b avg ex cycles: 6
T4 avg ex cycles: 105
Avg. hops NOC1: 25
Avg. latency NOC1 (T2): 7,612
Avg. hops NOC2: 15
Avg. latency NOC2 (T3): 1,885

Runtime at program end in K cycles: 200
Runtime before cooldown in K cycles: 141


Number of K Nodes Processed: 4,402
Number of K Edges Processed: 162,347
Node Re-explore factor: 1.05
Edge Re-explore factor: 1.27
Nodes/cy: 22
Edges/cy: 810
TEPS: 640

---Pcache---
Pcache Size: 1,821
Cached: 1
  PHits: 165,982,227
  PMisses: 121,188,032
  PHit Rate (hit/miss): 58%
  PEvictions: 96,082,967
  PEviction Rate (evict/misses): 79%

---Energy---
Leakage Energy (nJ): 141,272
PU Dyn E (nJ): 17,913,641
Mem Dyn E (nJ): 53,313,896
Route Dyn E (nJ): 28,318,095
Dynamic Energy (nJ): 99,545,633
Ratio of Dyn/Leak: 705
Total Energy (nJ): 99,686,905
Total Energy (nJ) 3D: 102,193,314
Cores Energy (nJ): 17,922,564
Route Energy (nJ): 28,323,233
Route Energy (nJ) 3D: 30,829,642
Mem Energy   (nJ): 53,441,110
Mem Energy   (nJ) 3D: 53,441,110
Avg. Power (mW): 497,504.19
Power Density (mW/mm2): 143.74

---Runtime---
Runtime in K cycles: 200.37
Microseconds: 200.37
Time per iteration (ms): 0.20

---Inst---
K Loads: 1,143,143
K Stores: 1,144,336
K Instructions: 2,039,026

---Throughput---
GOP/s (aka OPS/ns): 10,176.10
GOP/s per core: 0.62
FLOP/s: 2,361.30
FLOP/s per core: 0.14
Max Peak FLOP/s: 16,384.00
Avg. BW GB/s: 45,664.21
Max BW GB/s: 65,536.00

---Traffic---
In-Die bisection_bytes BW (GB/s): 2,048.00
Inter-board traffic (msg/ns): 0.00, per-link: 0.00
Inter-pack traffic (msg/ns): 0.00, per-link: 0.00
Inter-die traffic (msg/ns): 0.00, per-link: 0.00
Ruche traffic (msg/ns): 0.00, per-link: 0.00
All traffic (msg/ns): 47,103.47, per-link: 2.87
Inter-die reduction wrt all: inf
Inter-board reduction wrt inter-die: -nan

---Data Movement---
All traffic (msg): 9,438,310,296
Arith. Intensity FLOP/Loads: 0.41
Arith. Intensity FLOP/Msgs: 0.05
Arith. Intensity OPS/Loads: 1.78
Arith. Intensity OPS/Msgs: 0.22

Simulation time: 743.74
Sim noc_cy/s: 269.42
Sim Msg/s: 12,690,394.59

Version 31

