Dataset:  Kron22/
Dry run: 0
Open Edge Count File succesfully
Edges Traversed BFS: 128309848
Found Vertices: 4194304, Edges: 128311436
avg degree 31
Array  Kron22/node_array.bin found
Malloc array of size 16777220 bytes
Readin array of size 16777216 bytes
Finished Reading Array Bytes
No reordering Array 32bit
Array  Kron22/edge_array.bin found
Malloc array of size 513245744 bytes
Readin array of size 513245744 bytes
Finished Reading Array Bytes
No reordering Array 32bit
Array  Kron22/edge_values.bin found
Malloc array of size 513245744 bytes
Readin array of size 513245744 bytes
Finished Reading Array Bytes
No reordering Array 32bit
Reading graph elapsed time: 0.283988s

Dataset Footprint: 1027 MiB
Dataset Footprint per Board: 8615.1 Mb
Dataset injection time (ms): 0.525824
Max Dataset Footprint: 1026 MiB

Dataset footprint per tile: 1027 KiB
Proxys footprint per tile: 0 KiB
Reserved SRAM per tile: 418 KiB

Ideal SRAM per tile: 1445 KiB
reserved_words_for_dataset:100608
dataset_words_per_tile:262912
remaining_sram_words:417242
min_dcache_sram_words_required:101787
dataset_words_per_tile:262912
min_pcache_sram_words_required:0
proxys_words_per_tile:0
Dcache footprint ratio: 1
Dataset Cached: 0
DCache: 262912 words, lines: 16432, sets: 16432
Proxys Cached: 0
Pcache: 0 words, sets: 0
Node per tile: 4,096
Edge per tile: 125,305
GRID_X: 32
GRID_SIZE: 1,024
smt_per_tile: 4
noc_freq: 1
pu_freq: 1
RUCHE_X: 4
PROXY_W: 32
DIE_W: 8
DIE_H: 8
DIES: 16
BORDER_TILES_PER_DIE: 32
PACK_W: 32
PACK_H: 32
DIES_PACK_FACTOR: 4
DIES_PER_PACK: 16
PACKAGES: 1
BOARD_W: 32
BOARD_H: 32
BOARDS: 1
MUX_BUS: 1
DCACHE: 1
PCACHE: 0
PROXY_FACTOR: 1
CACHE_WAYS: 1
TORUS: 1
PHY_NOCS: 1
WIDE_NOC_ID: 0
NOC_CONF: 1
noc_width: 32
hbm_channel_bit_width: 512
ld_st_op_byte_width: 4
PROXY_ROUTING: 0
WRITE_THROUGH: 0
ASSERT_MODE: 0
GLOBAL_BARRIER: 0
OQ flits: 144 ; 6,144 ; 2
IQ flits: 2,304 ; 98,304 ; 2
OQ messages: 48 ; 3,072 ; 1
IQ messages: 768 ; 49,152 ; 1
max_task2 size: 64
io_factor_t2: 16
io_factor_t3: 16
io_factor_t3b: 16

Active SRAM Storage per tile: 1,445 KiB
Total SRAM Storage per tile: 2,048 KiB
Agreggated SRAM Storage: 2,048 MiB

Active DRAM Storage per tile: 0 MiB
Total DRAM Storage per tile: 128 MiB
Agreggated DRAM Storage: 128 GiB

Inter-Die #links: 256
Inter-Die (Gbits): 8,192
Inter-Die (Gbits/mm): 245.576
Bisection BW of Board (Gbits): 8,192
Border IO #Dies: 16
Border IO Die BW (Gbits): 1,024
Off-Board BW Total (Gbits): 16,384
Off-Board BW Density (Gbits/mm): 72
Die side: 8.34 mm
Die border wire density: 245.58 Gbits/mm
HBM wire density: 491.15 Gbits/mm

Tiles per Die: 64 (8x8)
Tile Area: 0.76 mm2, side: 0.87 mm
- Core/Rout Area: 0.19 mm2
- SRAM Area: 0.57 mm2
- SRAM/Logic Ratio: 3.08x

Dies per Package: 16 (4x4)
Die Area: 69.55 mm2, side: 8.34 mm
- Tiles Area: 48.68 mm2
- PHY Area: 11.87 mm2
- MC Area: 9.00 mm2

Packages per Board: 1 (1x1)
Package Area: 3,192.77 mm2, side: 56.50 mm
- IOdie Area: 320.00 mm2
- Dies Area: 1,112.77 mm2
- HBM Area: 1,760.00 mm2

Boards: 1 (1x1)
Board Area: 3,192.77 mm2
Total Area: 3,192.77 mm2



ESTIMATED COST OF SILICON AND PACKAGING. ONLY VARIABLE, NO FIXED COSTS
Good dies per wafer 3d: 481
Good dies per wafer 2d: 802
--Dies 3D Cost: 201.15 $
--Dies 2.5D Cost: 120.64 $
--Dies 2D Cost: 120.64 $
--HBM Cost: 960.00 $
--IOdie Cost: 33.76 $
--Packaging Cost 3d: 41.27 $
--Packaging Cost 2.5d: 65.38 $
--Packaging Cost 2d: 23.16 $
SiP Cost 3d: 1,236.17 $
SiP Cost 2.5d: 1,179.78 $
SiP Cost 2d: 177.56 $
--Board Cost: 3.19 $
Total SiPs Cost 3d: 1,239.37 $
Total SiPs Cost 2.5d: 1,182.97 $
Total SiPs Cost 2d: 180.75 $

Perf counters initialized
Mesh connected
Cache structures initialized
proxys initialized
Dataset structures initialized


Starting Simulation
INIT epoch: 1
INIT epoch: 1
INIT epoch: 1
INIT epoch: 1
INIT epoch: 1
INIT epoch: 1
INIT epoch: 1
INIT epoch: 1

===PRINTING FRAME STATS

FCollision In Avg:-nan, SD:-nan, Max:434, Min:85
FCollision Out Avg:-nan, SD:-nan, Max:362, Min:41
FCollision End Avg:-nan, SD:-nan, Max:96, Min:0
FTask1 Avg:-nan, SD:-nan, Max:86, Min:10
FTask2 Avg:-nan, SD:-nan, Max:201, Min:0
FTask3 Avg:-nan, SD:-nan, Max:112, Min:32
FCore Active Avg:-nan, SD:-nan, Max:72, Min:13
FRouter Active Avg:-nan, SD:-nan, Max:96, Min:63
T1 invocations: 274,225
T2 invocations: 615,385
T3 invocations: 16,820,208
T3b invocations: 0
Total3 invocations: 16,820,208
Total4 invocations: 0

T3/T2 ratio: 27
T3b/T3 ratio: 0

T1 avg ex cycles: 126
T2 avg ex cycles: 134
T3&b avg ex cycles: 3
T4 avg ex cycles: -nan
Avg. hops NOC1: 5
Avg. latency NOC1 (T2): 39,359
Avg. hops NOC2: 11
Avg. latency NOC2 (T3): 14,166

===PRINTING ACUM STATS at pu_cycles: 100,777

ACollision In Avg:-nan, SD:-nan, Max:434, Min:85
ACollision Out Avg:-nan, SD:-nan, Max:362, Min:41
ACollision End Avg:-nan, SD:-nan, Max:96, Min:0
ATask1 Avg:-nan, SD:-nan, Max:86, Min:10
ATask2 Avg:-nan, SD:-nan, Max:201, Min:0
ATask3 Avg:-nan, SD:-nan, Max:112, Min:32
ACore Active Avg:-nan, SD:-nan, Max:72, Min:13
ARouter Active Avg:-nan, SD:-nan, Max:96, Min:63
T1 invocations: 274,896
T2 invocations: 616,902
T3 invocations: 16,856,680
T3b invocations: 0
Total3 invocations: 16,856,680
Total4 invocations: 0

T3/T2 ratio: 27
T3b/T3 ratio: 0

T1 avg ex cycles: 126
T2 avg ex cycles: 134
T3&b avg ex cycles: 3
T4 avg ex cycles: -nan
Avg. hops NOC1: 5
Avg. latency NOC1 (T2): 39,370
Avg. hops NOC2: 11
Avg. latency NOC2 (T3): 14,166
Number of K Nodes Processed: 17,572
Number of K Edges Processed: 20,465
Node Re-explore factor: 4.19
Edge Re-explore factor: 0.16
Nodes/cy: 174
Edges/cy: 203
TEPS: 1,273

---DCache---
DCache Size: 262,912
DRAM words: 0
  DHits: 0
  DMisses: 0

---Energy---
Leakage Energy (nJ): 98,581
PU Dyn E (nJ): 1,151,586
Mem Dyn E (nJ): 7,634,667
Route Dyn E (nJ): 2,455,454
Dynamic Energy (nJ): 11,241,707
Ratio of Dyn/Leak: 114
Total Energy (nJ): 11,340,288
Total Energy (nJ) 3D: 12,545,948
Cores Energy (nJ): 1,152,708
Route Energy (nJ): 2,459,715
Route Energy (nJ) 3D: 3,665,375
Mem Energy   (nJ): 7,727,865
Mem Energy   (nJ) 3D: 7,727,865
Avg. Power (mW): 112,528.53
Power Density (mW/mm2): 35.24

---Runtime---
Runtime in K cycles: 100.78
Microseconds: 100.78
Time per iteration (ms): 0.10

---Throughput---
GOP/s (aka OPS/ns): 1,066.77
GOP/s per core: 1.04
FLOP/s: 360.30
FLOP/s per core: 0.35
Max Peak FLOP/s: 4,096.00
Avg. BW GB/s: 7,607.02
Max BW GB/s: 16,384.00

---Traffic---
In-Die bisection_bytes BW (GB/s): 128.00
Inter-board traffic (msg/ns): 0.00, per-link: 0.00
Inter-pack traffic (msg/ns): 0.00, per-link: 0.00
Inter-die traffic (msg/ns): 246.67, per-link: 0.48
Ruche traffic (msg/ns): 384.73, per-link: 0.75
All traffic (msg/ns): 3,610.02, per-link: 3.53
Inter-die reduction wrt all: 14.64
Inter-board reduction wrt inter-die: inf

---Data Movement---
All traffic (msg): 363,806,798
Arith. Intensity FLOP/Loads: 0.38
Arith. Intensity FLOP/Msgs: 0.10
Arith. Intensity OPS/Loads: 1.12
Arith. Intensity OPS/Msgs: 0.30



===Core Utilization Total=== CORE-S:1;; TIME K cy:100 ;; Nodes Proc: 2,190,842 -- Edges Proc: 2,703,079

===PRINTING FRAME STATS

FCollision In Avg:184, SD:56, Max:410, Min:60
FCollision Out Avg:147, SD:44, Max:374, Min:12
FCollision End Avg:64, SD:43, Max:100, Min:0
FTask1 Avg:15, SD:13, Max:64, Min:0
FTask2 Avg:80, SD:54, Max:256, Min:0
FTask3 Avg:57, SD:10, Max:119, Min:36
FCore Active Avg:38, SD:15, Max:90, Min:10
FRouter Active Avg:91, SD:3, Max:99, Min:75
T1 invocations: 173,632
T2 invocations: 590,699
T3 invocations: 19,506,318
T3b invocations: 0
Total3 invocations: 19,506,318
Total4 invocations: 0

T3/T2 ratio: 33
T3b/T3 ratio: 0

T1 avg ex cycles: 88
T2 avg ex cycles: 138
T3&b avg ex cycles: 3
T4 avg ex cycles: -nan
Avg. hops NOC1: 2
Avg. latency NOC1 (T2): 95,365
Avg. hops NOC2: 11
Avg. latency NOC2 (T3): 14,207

===PRINTING ACUM STATS at pu_cycles: 201,479

ACollision In Avg:186, SD:55, Max:391, Min:72
ACollision Out Avg:149, SD:41, Max:360, Min:27
ACollision End Avg:61, SD:37, Max:97, Min:0
ATask1 Avg:25, SD:11, Max:55, Min:5
ATask2 Avg:82, SD:42, Max:210, Min:0
ATask3 Avg:54, SD:10, Max:115, Min:34
ACore Active Avg:40, SD:12, Max:77, Min:11
ARouter Active Avg:89, SD:3, Max:97, Min:69
T1 invocations: 459,877
T2 invocations: 1,235,501
T3 invocations: 36,971,009
T3b invocations: 0
Total3 invocations: 36,971,009
Total4 invocations: 0

T3/T2 ratio: 30
T3b/T3 ratio: 0

T1 avg ex cycles: 112
T2 avg ex cycles: 136
T3&b avg ex cycles: 3
T4 avg ex cycles: -nan
Avg. hops NOC1: 4
Avg. latency NOC1 (T2): 66,171
Avg. hops NOC2: 11
Avg. latency NOC2 (T3): 14,188
Number of K Nodes Processed: 37,098
Number of K Edges Processed: 39,703
Node Re-explore factor: 8.84
Edge Re-explore factor: 0.31
Nodes/cy: 184
Edges/cy: 197
TEPS: 637

---DCache---
DCache Size: 262,912
DRAM words: 0
  DHits: 0
  DMisses: 0

---Energy---
Leakage Energy (nJ): 197,088
PU Dyn E (nJ): 2,340,136
Mem Dyn E (nJ): 15,977,933
Route Dyn E (nJ): 5,321,469
Dynamic Energy (nJ): 23,639,538
Ratio of Dyn/Leak: 120
Total Energy (nJ): 23,836,626
Total Energy (nJ) 3D: 26,483,149
Cores Energy (nJ): 2,342,379
Route Energy (nJ): 5,329,987
Route Energy (nJ) 3D: 7,976,510
Mem Energy   (nJ): 16,164,261
Mem Energy   (nJ) 3D: 16,164,261
Avg. Power (mW): 118,308.24
Power Density (mW/mm2): 37.06

---Runtime---
Runtime in K cycles: 201.48
Microseconds: 201.48
Time per iteration (ms): 0.20

---Throughput---
GOP/s (aka OPS/ns): 1,029.25
GOP/s per core: 1.01
FLOP/s: 379.98
FLOP/s per core: 0.37
Max Peak FLOP/s: 4,096.00
Avg. BW GB/s: 7,963.16
Max BW GB/s: 16,384.00

---Traffic---
In-Die bisection_bytes BW (GB/s): 128.00
Inter-board traffic (msg/ns): 0.00, per-link: 0.00
Inter-pack traffic (msg/ns): 0.00, per-link: 0.00
Inter-die traffic (msg/ns): 256.55, per-link: 0.50
Ruche traffic (msg/ns): 408.74, per-link: 0.80
All traffic (msg/ns): 3,933.58, per-link: 3.84
Inter-die reduction wrt all: 15.33
Inter-board reduction wrt inter-die: inf

---Data Movement---
All traffic (msg): 792,534,280
Arith. Intensity FLOP/Loads: 0.38
Arith. Intensity FLOP/Msgs: 0.10
Arith. Intensity OPS/Loads: 1.04
Arith. Intensity OPS/Msgs: 0.26



===Core Utilization Total=== CORE-S:2;; TIME K cy:200 ;; Nodes Proc: 4,617,627 -- Edges Proc: 5,093,106

===PRINTING FRAME STATS

FCollision In Avg:171, SD:58, Max:443, Min:43
FCollision Out Avg:139, SD:54, Max:365, Min:4
FCollision End Avg:58, SD:44, Max:100, Min:0
FTask1 Avg:13, SD:12, Max:77, Min:0
FTask2 Avg:75, SD:57, Max:298, Min:0
FTask3 Avg:54, SD:10, Max:112, Min:34
FCore Active Avg:36, SD:16, Max:100, Min:9
FRouter Active Avg:91, SD:3, Max:98, Min:63
T1 invocations: 149,897
T2 invocations: 558,967
T3 invocations: 18,516,312
T3b invocations: 0
Total3 invocations: 18,516,312
Total4 invocations: 0

T3/T2 ratio: 33
T3b/T3 ratio: 0

T1 avg ex cycles: 90
T2 avg ex cycles: 138
T3&b avg ex cycles: 3
T4 avg ex cycles: -nan
Avg. hops NOC1: 2
Avg. latency NOC1 (T2): 102,083
Avg. hops NOC2: 11
Avg. latency NOC2 (T3): 13,525

===PRINTING ACUM STATS at pu_cycles: 301,289

ACollision In Avg:181, SD:53, Max:394, Min:70
ACollision Out Avg:145, SD:43, Max:358, Min:20
ACollision End Avg:60, SD:36, Max:98, Min:0
ATask1 Avg:21, SD:9, Max:39, Min:3
ATask2 Avg:80, SD:42, Max:179, Min:0
ATask3 Avg:54, SD:10, Max:114, Min:34
ACore Active Avg:39, SD:12, Max:71, Min:11
ARouter Active Avg:90, SD:3, Max:97, Min:72
T1 invocations: 610,451
T2 invocations: 1,797,564
T3 invocations: 55,578,679
T3b invocations: 0
Total3 invocations: 55,578,679
Total4 invocations: 0

T3/T2 ratio: 31
T3b/T3 ratio: 0

T1 avg ex cycles: 106
T2 avg ex cycles: 137
T3&b avg ex cycles: 3
T4 avg ex cycles: -nan
Avg. hops NOC1: 3
Avg. latency NOC1 (T2): 77,335
Avg. hops NOC2: 11
Avg. latency NOC2 (T3): 13,968
Number of K Nodes Processed: 55,630
Number of K Edges Processed: 57,854
Node Re-explore factor: 13.26
Edge Re-explore factor: 0.45
Nodes/cy: 185
Edges/cy: 192
TEPS: 426

---DCache---
DCache Size: 262,912
DRAM words: 0
  DHits: 0
  DMisses: 0

---Energy---
Leakage Energy (nJ): 294,723
PU Dyn E (nJ): 3,421,186
Mem Dyn E (nJ): 23,611,546
Route Dyn E (nJ): 7,999,176
Dynamic Energy (nJ): 35,031,909
Ratio of Dyn/Leak: 119
Total Energy (nJ): 35,326,632
Total Energy (nJ) 3D: 39,311,367
Cores Energy (nJ): 3,424,541
Route Energy (nJ): 8,011,913
Route Energy (nJ) 3D: 11,996,648
Mem Energy   (nJ): 23,890,178
Mem Energy   (nJ) 3D: 23,890,178
Avg. Power (mW): 117,251.65
Power Density (mW/mm2): 36.72

---Runtime---
Runtime in K cycles: 301.29
Microseconds: 301.29
Time per iteration (ms): 0.30

---Throughput---
GOP/s (aka OPS/ns): 986.62
GOP/s per core: 0.96
FLOP/s: 376.39
FLOP/s per core: 0.37
Max Peak FLOP/s: 4,096.00
Avg. BW GB/s: 7,869.35
Max BW GB/s: 16,384.00

---Traffic---
In-Die bisection_bytes BW (GB/s): 128.00
Inter-board traffic (msg/ns): 0.00, per-link: 0.00
Inter-pack traffic (msg/ns): 0.00, per-link: 0.00
Inter-die traffic (msg/ns): 257.79, per-link: 0.50
Ruche traffic (msg/ns): 408.48, per-link: 0.80
All traffic (msg/ns): 3,955.80, per-link: 3.86
Inter-die reduction wrt all: 15.34
Inter-board reduction wrt inter-die: inf

---Data Movement---
All traffic (msg): 1,191,839,845
Arith. Intensity FLOP/Loads: 0.38
Arith. Intensity FLOP/Msgs: 0.10
Arith. Intensity OPS/Loads: 1.00
Arith. Intensity OPS/Msgs: 0.25



===Core Utilization Total=== CORE-S:3;; TIME K cy:300 ;; Nodes Proc: 6,923,358 -- Edges Proc: 7,369,612

===PRINTING FRAME STATS

FCollision In Avg:152, SD:63, Max:426, Min:3
FCollision Out Avg:128, SD:63, Max:349, Min:0
FCollision End Avg:53, SD:46, Max:100, Min:0
FTask1 Avg:11, SD:12, Max:67, Min:0
FTask2 Avg:59, SD:52, Max:363, Min:0
FTask3 Avg:43, SD:8, Max:88, Min:10
FCore Active Avg:28, SD:14, Max:98, Min:7
FRouter Active Avg:85, SD:9, Max:98, Min:40
T1 invocations: 129,314
T2 invocations: 435,527
T3 invocations: 14,544,407
T3b invocations: 0
Total3 invocations: 14,544,407
Total4 invocations: 0

T3/T2 ratio: 33
T3b/T3 ratio: 0

T1 avg ex cycles: 88
T2 avg ex cycles: 139
T3&b avg ex cycles: 3
T4 avg ex cycles: -nan
Avg. hops NOC1: 2
Avg. latency NOC1 (T2): 116,718
Avg. hops NOC2: 11
Avg. latency NOC2 (T3): 14,768

===PRINTING ACUM STATS at pu_cycles: 401,697

ACollision In Avg:174, SD:52, Max:390, Min:53
ACollision Out Avg:141, SD:46, Max:356, Min:15
ACollision End Avg:58, SD:35, Max:99, Min:0
ATask1 Avg:19, SD:7, Max:30, Min:2
ATask2 Avg:75, SD:34, Max:134, Min:0
ATask3 Avg:51, SD:9, Max:108, Min:32
ACore Active Avg:36, SD:10, Max:57, Min:10
ARouter Active Avg:89, SD:4, Max:95, Min:67
T1 invocations: 739,013
T2 invocations: 2,231,544
T3 invocations: 70,020,169
T3b invocations: 0
Total3 invocations: 70,020,169
Total4 invocations: 0

T3/T2 ratio: 31
T3b/T3 ratio: 0

T1 avg ex cycles: 103
T2 avg ex cycles: 137
T3&b avg ex cycles: 3
T4 avg ex cycles: -nan
Avg. hops NOC1: 3
Avg. latency NOC1 (T2): 85,034
Avg. hops NOC2: 11
Avg. latency NOC2 (T3): 14,135
Number of K Nodes Processed: 70,117
Number of K Edges Processed: 72,222
Node Re-explore factor: 16.72
Edge Re-explore factor: 0.56
Nodes/cy: 175
Edges/cy: 180
TEPS: 319

---DCache---
DCache Size: 262,912
DRAM words: 0
  DHits: 0
  DMisses: 0

---Energy---
Leakage Energy (nJ): 392,942
PU Dyn E (nJ): 4,263,977
Mem Dyn E (nJ): 29,550,076
Route Dyn E (nJ): 10,150,615
Dynamic Energy (nJ): 43,964,669
Ratio of Dyn/Leak: 112
Total Energy (nJ): 44,357,611
Total Energy (nJ) 3D: 49,436,265
Cores Energy (nJ): 4,268,450
Route Energy (nJ): 10,167,597
Route Energy (nJ) 3D: 15,246,251
Mem Energy   (nJ): 29,921,565
Mem Energy   (nJ) 3D: 29,921,565
Avg. Power (mW): 110,425.55
Power Density (mW/mm2): 34.59

---Runtime---
Runtime in K cycles: 401.70
Microseconds: 401.70
Time per iteration (ms): 0.40

---Throughput---
GOP/s (aka OPS/ns): 915.35
GOP/s per core: 0.89
FLOP/s: 353.59
FLOP/s per core: 0.35
Max Peak FLOP/s: 4,096.00
Avg. BW GB/s: 7,386.84
Max BW GB/s: 16,384.00

---Traffic---
In-Die bisection_bytes BW (GB/s): 128.00
Inter-board traffic (msg/ns): 0.00, per-link: 0.00
Inter-pack traffic (msg/ns): 0.00, per-link: 0.00
Inter-die traffic (msg/ns): 247.71, per-link: 0.48
Ruche traffic (msg/ns): 380.08, per-link: 0.74
All traffic (msg/ns): 3,767.90, per-link: 3.68
Inter-die reduction wrt all: 15.21
Inter-board reduction wrt inter-die: inf

---Data Movement---
All traffic (msg): 1,513,554,334
Arith. Intensity FLOP/Loads: 0.38
Arith. Intensity FLOP/Msgs: 0.09
Arith. Intensity OPS/Loads: 0.99
Arith. Intensity OPS/Msgs: 0.24



===Core Utilization Total=== CORE-S:4;; TIME K cy:400 ;; Nodes Proc: 8,734,686 -- Edges Proc: 8,923,572

===PRINTING FRAME STATS

FCollision In Avg:132, SD:64, Max:380, Min:2
FCollision Out Avg:112, SD:68, Max:336, Min:0
FCollision End Avg:45, SD:44, Max:100, Min:0
FTask1 Avg:10, SD:13, Max:86, Min:0
FTask2 Avg:57, SD:51, Max:341, Min:0
FTask3 Avg:41, SD:8, Max:90, Min:5
FCore Active Avg:27, SD:14, Max:99, Min:7
FRouter Active Avg:84, SD:10, Max:97, Min:37
T1 invocations: 112,410
T2 invocations: 425,406
T3 invocations: 13,911,742
T3b invocations: 0
Total3 invocations: 13,911,742
Total4 invocations: 0

T3/T2 ratio: 33
T3b/T3 ratio: 0

T1 avg ex cycles: 92
T2 avg ex cycles: 138
T3&b avg ex cycles: 3
T4 avg ex cycles: -nan
Avg. hops NOC1: 2
Avg. latency NOC1 (T2): 118,640
Avg. hops NOC2: 11
Avg. latency NOC2 (T3): 14,550

===PRINTING ACUM STATS at pu_cycles: 501,278

ACollision In Avg:166, SD:51, Max:383, Min:43
ACollision Out Avg:135, SD:48, Max:352, Min:12
ACollision End Avg:56, SD:34, Max:99, Min:0
ATask1 Avg:17, SD:6, Max:24, Min:2
ATask2 Avg:71, SD:29, Max:108, Min:0
ATask3 Avg:49, SD:9, Max:103, Min:31
ACore Active Avg:34, SD:9, Max:53, Min:12
ARouter Active Avg:88, SD:4, Max:93, Min:63
T1 invocations: 852,294
T2 invocations: 2,662,720
T3 invocations: 84,022,107
T3b invocations: 0
Total3 invocations: 84,022,107
Total4 invocations: 0

T3/T2 ratio: 32
T3b/T3 ratio: 0

T1 avg ex cycles: 102
T2 avg ex cycles: 137
T3&b avg ex cycles: 3
T4 avg ex cycles: -nan
Avg. hops NOC1: 3
Avg. latency NOC1 (T2): 90,325
Avg. hops NOC2: 11
Avg. latency NOC2 (T3): 14,204
Number of K Nodes Processed: 84,045
Number of K Edges Processed: 86,094
Node Re-explore factor: 20.04
Edge Re-explore factor: 0.67
Nodes/cy: 168
Edges/cy: 172
TEPS: 256

---DCache---
DCache Size: 262,912
DRAM words: 0
  DHits: 0
  DMisses: 0

---Energy---
Leakage Energy (nJ): 490,353
PU Dyn E (nJ): 5,087,520
Mem Dyn E (nJ): 35,350,480
Route Dyn E (nJ): 12,246,626
Dynamic Energy (nJ): 52,684,627
Ratio of Dyn/Leak: 107
Total Energy (nJ): 53,174,980
Total Energy (nJ) 3D: 59,323,808
Cores Energy (nJ): 5,093,101
Route Energy (nJ): 12,267,818
Route Energy (nJ) 3D: 18,416,645
Mem Energy   (nJ): 35,814,062
Mem Energy   (nJ) 3D: 35,814,062
Avg. Power (mW): 106,078.82
Power Density (mW/mm2): 33.22

---Runtime---
Runtime in K cycles: 501.28
Microseconds: 501.28
Time per iteration (ms): 0.50

---Throughput---
GOP/s (aka OPS/ns): 870.20
GOP/s per core: 0.85
FLOP/s: 339.32
FLOP/s per core: 0.33
Max Peak FLOP/s: 4,096.00
Avg. BW GB/s: 7,081.35
Max BW GB/s: 16,384.00

---Traffic---
In-Die bisection_bytes BW (GB/s): 128.00
Inter-board traffic (msg/ns): 0.00, per-link: 0.00
Inter-pack traffic (msg/ns): 0.00, per-link: 0.00
Inter-die traffic (msg/ns): 240.59, per-link: 0.47
Ruche traffic (msg/ns): 361.45, per-link: 0.71
All traffic (msg/ns): 3,645.35, per-link: 3.56
Inter-die reduction wrt all: 15.15
Inter-board reduction wrt inter-die: inf

---Data Movement---
All traffic (msg): 1,827,334,914
Arith. Intensity FLOP/Loads: 0.38
Arith. Intensity FLOP/Msgs: 0.09
Arith. Intensity OPS/Loads: 0.98
Arith. Intensity OPS/Msgs: 0.24



===Core Utilization Total=== CORE-S:5;; TIME K cy:500 ;; Nodes Proc: 10,460,791 -- Edges Proc: 10,470,088

===PRINTING FRAME STATS

FCollision In Avg:109, SD:66, Max:363, Min:2
FCollision Out Avg:90, SD:71, Max:333, Min:0
FCollision End Avg:30, SD:40, Max:100, Min:0
FTask1 Avg:8, SD:14, Max:79, Min:0
FTask2 Avg:57, SD:55, Max:333, Min:0
FTask3 Avg:41, SD:8, Max:85, Min:5
FCore Active Avg:27, SD:15, Max:100, Min:7
FRouter Active Avg:84, SD:10, Max:97, Min:33
T1 invocations: 83,301
T2 invocations: 426,574
T3 invocations: 14,161,226
T3b invocations: 0
Total3 invocations: 14,161,226
Total4 invocations: 0

T3/T2 ratio: 33
T3b/T3 ratio: 0

T1 avg ex cycles: 101
T2 avg ex cycles: 138
T3&b avg ex cycles: 3
T4 avg ex cycles: -nan
Avg. hops NOC1: 2
Avg. latency NOC1 (T2): 111,666
Avg. hops NOC2: 11
Avg. latency NOC2 (T3): 13,998

===PRINTING ACUM STATS at pu_cycles: 600,770

ACollision In Avg:156, SD:51, Max:378, Min:37
ACollision Out Avg:128, SD:51, Max:349, Min:11
ACollision End Avg:51, SD:31, Max:99, Min:0
ATask1 Avg:15, SD:4, Max:22, Min:2
ATask2 Avg:69, SD:24, Max:90, Min:0
ATask3 Avg:48, SD:8, Max:100, Min:30
ACore Active Avg:33, SD:7, Max:48, Min:12
ARouter Active Avg:87, SD:5, Max:92, Min:60
T1 invocations: 934,852
T2 invocations: 3,084,588
T3 invocations: 98,046,737
T3b invocations: 0
Total3 invocations: 98,046,737
Total4 invocations: 0

T3/T2 ratio: 32
T3b/T3 ratio: 0

T1 avg ex cycles: 102
T2 avg ex cycles: 137
T3&b avg ex cycles: 3
T4 avg ex cycles: -nan
Avg. hops NOC1: 3
Avg. latency NOC1 (T2): 93,307
Avg. hops NOC2: 11
Avg. latency NOC2 (T3): 14,175
Number of K Nodes Processed: 98,186
Number of K Edges Processed: 99,945
Node Re-explore factor: 23.41
Edge Re-explore factor: 0.78
Nodes/cy: 163
Edges/cy: 166
TEPS: 214

---DCache---
DCache Size: 262,912
DRAM words: 0
  DHits: 0
  DMisses: 0

---Energy---
Leakage Energy (nJ): 587,677
PU Dyn E (nJ): 5,892,890
Mem Dyn E (nJ): 41,070,141
Route Dyn E (nJ): 14,326,587
Dynamic Energy (nJ): 61,289,619
Ratio of Dyn/Leak: 104
Total Energy (nJ): 61,877,296
Total Energy (nJ) 3D: 69,078,283
Cores Energy (nJ): 5,899,578
Route Energy (nJ): 14,351,985
Route Energy (nJ) 3D: 21,552,971
Mem Energy   (nJ): 41,625,733
Mem Energy   (nJ) 3D: 41,625,733
Avg. Power (mW): 102,996.65
Power Density (mW/mm2): 32.26

---Runtime---
Runtime in K cycles: 600.77
Microseconds: 600.77
Time per iteration (ms): 0.60

---Throughput---
GOP/s (aka OPS/ns): 835.88
GOP/s per core: 0.82
FLOP/s: 329.23
FLOP/s per core: 0.32
Max Peak FLOP/s: 4,096.00
Avg. BW GB/s: 6,864.66
Max BW GB/s: 16,384.00

---Traffic---
In-Die bisection_bytes BW (GB/s): 128.00
Inter-board traffic (msg/ns): 0.00, per-link: 0.00
Inter-pack traffic (msg/ns): 0.00, per-link: 0.00
Inter-die traffic (msg/ns): 235.82, per-link: 0.46
Ruche traffic (msg/ns): 350.33, per-link: 0.68
All traffic (msg/ns): 3,558.64, per-link: 3.48
Inter-die reduction wrt all: 15.09
Inter-board reduction wrt inter-die: inf

---Data Movement---
All traffic (msg): 2,137,927,061
Arith. Intensity FLOP/Loads: 0.38
Arith. Intensity FLOP/Msgs: 0.09
Arith. Intensity OPS/Loads: 0.98
Arith. Intensity OPS/Msgs: 0.23



===Core Utilization Total=== CORE-S:6;; TIME K cy:600 ;; Nodes Proc: 12,219,491 -- Edges Proc: 12,115,215

===PRINTING FRAME STATS

FCollision In Avg:71, SD:66, Max:339, Min:1
FCollision Out Avg:56, SD:65, Max:302, Min:0
FCollision End Avg:17, SD:34, Max:100, Min:0
FTask1 Avg:6, SD:12, Max:82, Min:0
FTask2 Avg:48, SD:60, Max:365, Min:0
FTask3 Avg:39, SD:7, Max:80, Min:0
FCore Active Avg:23, SD:16, Max:100, Min:6
FRouter Active Avg:80, SD:12, Max:98, Min:23
T1 invocations: 60,373
T2 invocations: 356,351
T3 invocations: 13,178,969
T3b invocations: 0
Total3 invocations: 13,178,969
Total4 invocations: 0

T3/T2 ratio: 37
T3b/T3 ratio: 0

T1 avg ex cycles: 94
T2 avg ex cycles: 138
T3&b avg ex cycles: 3
T4 avg ex cycles: -nan
Avg. hops NOC1: 2
Avg. latency NOC1 (T2): 130,292
Avg. hops NOC2: 11
Avg. latency NOC2 (T3): 11,393

===PRINTING ACUM STATS at pu_cycles: 700,926

ACollision In Avg:144, SD:50, Max:369, Min:32
ACollision Out Avg:117, SD:51, Max:341, Min:15
ACollision End Avg:46, SD:29, Max:99, Min:0
ATask1 Avg:14, SD:3, Max:19, Min:2
ATask2 Avg:66, SD:19, Max:77, Min:0
ATask3 Avg:47, SD:8, Max:97, Min:30
ACore Active Avg:32, SD:6, Max:45, Min:12
ARouter Active Avg:86, SD:6, Max:92, Min:56
T1 invocations: 993,440
T2 invocations: 3,439,893
T3 invocations: 111,038,400
T3b invocations: 0
Total3 invocations: 111,038,400
Total4 invocations: 0

T3/T2 ratio: 32
T3b/T3 ratio: 0

T1 avg ex cycles: 101
T2 avg ex cycles: 137
T3&b avg ex cycles: 3
T4 avg ex cycles: -nan
Avg. hops NOC1: 3
Avg. latency NOC1 (T2): 96,895
Avg. hops NOC2: 11
Avg. latency NOC2 (T3): 13,846
Number of K Nodes Processed: 111,306
Number of K Edges Processed: 112,114
Node Re-explore factor: 26.54
Edge Re-explore factor: 0.87
Nodes/cy: 159
Edges/cy: 160
TEPS: 183

---DCache---
DCache Size: 262,912
DRAM words: 0
  DHits: 0
  DMisses: 0

---Energy---
Leakage Energy (nJ): 685,650
PU Dyn E (nJ): 6,597,856
Mem Dyn E (nJ): 46,155,726
Route Dyn E (nJ): 16,202,719
Dynamic Energy (nJ): 68,956,301
Ratio of Dyn/Leak: 101
Total Energy (nJ): 69,641,951
Total Energy (nJ) 3D: 77,775,714
Cores Energy (nJ): 6,605,659
Route Energy (nJ): 16,232,351
Route Energy (nJ) 3D: 24,366,114
Mem Energy   (nJ): 46,803,942
Mem Energy   (nJ) 3D: 46,803,942
Avg. Power (mW): 99,357.07
Power Density (mW/mm2): 31.12

---Runtime---
Runtime in K cycles: 700.93
Microseconds: 700.93
Time per iteration (ms): 0.70

---Throughput---
GOP/s (aka OPS/ns): 797.26
GOP/s per core: 0.78
FLOP/s: 317.17
FLOP/s per core: 0.31
Max Peak FLOP/s: 4,096.00
Avg. BW GB/s: 6,612.35
Max BW GB/s: 16,384.00

---Traffic---
In-Die bisection_bytes BW (GB/s): 128.00
Inter-board traffic (msg/ns): 0.00, per-link: 0.00
Inter-pack traffic (msg/ns): 0.00, per-link: 0.00
Inter-die traffic (msg/ns): 229.10, per-link: 0.45
Ruche traffic (msg/ns): 340.76, per-link: 0.67
All traffic (msg/ns): 3,448.28, per-link: 3.37
Inter-die reduction wrt all: 15.05
Inter-board reduction wrt inter-die: inf

---Data Movement---
All traffic (msg): 2,416,986,492
Arith. Intensity FLOP/Loads: 0.38
Arith. Intensity FLOP/Msgs: 0.09
Arith. Intensity OPS/Loads: 0.97
Arith. Intensity OPS/Msgs: 0.23



===Core Utilization Total=== CORE-S:7;; TIME K cy:700 ;; Nodes Proc: 13,834,522 -- Edges Proc: 13,757,829
======== IT IS COLD ======= Only 58 Tiles active

===PRINTING FRAME STATS

FCollision In Avg:24, SD:38, Max:263, Min:1
FCollision Out Avg:17, SD:34, Max:222, Min:0
FCollision End Avg:8, SD:21, Max:100, Min:0
FTask1 Avg:7, SD:16, Max:81, Min:0
FTask2 Avg:44, SD:88, Max:360, Min:0
FTask3 Avg:33, SD:7, Max:104, Min:5
FCore Active Avg:21, SD:24, Max:100, Min:5
FRouter Active Avg:65, SD:14, Max:97, Min:28
T1 invocations: 59,725
T2 invocations: 326,211
T3 invocations: 11,166,495
T3b invocations: 0
Total3 invocations: 11,166,495
Total4 invocations: 0

T3/T2 ratio: 34
T3b/T3 ratio: 0

T1 avg ex cycles: 116
T2 avg ex cycles: 138
T3&b avg ex cycles: 3
T4 avg ex cycles: -nan
Avg. hops NOC1: 2
Avg. latency NOC1 (T2): 80,014
Avg. hops NOC2: 9
Avg. latency NOC2 (T3): 5,224

===PRINTING ACUM STATS at pu_cycles: 801,504

ACollision In Avg:129, SD:47, Max:334, Min:28
ACollision Out Avg:105, SD:48, Max:326, Min:13
ACollision End Avg:42, SD:26, Max:99, Min:0
ATask1 Avg:13, SD:2, Max:16, Min:2
ATask2 Avg:64, SD:9, Max:67, Min:0
ATask3 Avg:45, SD:8, Max:93, Min:27
ACore Active Avg:30, SD:3, Max:44, Min:13
ARouter Active Avg:83, SD:6, Max:91, Min:54
T1 invocations: 1,056,651
T2 invocations: 3,790,221
T3 invocations: 122,403,787
T3b invocations: 0
Total3 invocations: 122,403,787
Total4 invocations: 0

T3/T2 ratio: 32
T3b/T3 ratio: 0

T1 avg ex cycles: 102
T2 avg ex cycles: 137
T3&b avg ex cycles: 3
T4 avg ex cycles: -nan
Avg. hops NOC1: 3
Avg. latency NOC1 (T2): 95,259
Avg. hops NOC2: 11
Avg. latency NOC2 (T3): 13,057
Number of K Nodes Processed: 122,460
Number of K Edges Processed: 122,902
Node Re-explore factor: 29.20
Edge Re-explore factor: 0.96
Nodes/cy: 153
Edges/cy: 153
TEPS: 160

---DCache---
DCache Size: 262,912
DRAM words: 0
  DHits: 0
  DMisses: 0

---Energy---
Leakage Energy (nJ): 784,036
PU Dyn E (nJ): 7,261,401
Mem Dyn E (nJ): 50,845,836
Route Dyn E (nJ): 17,650,317
Dynamic Energy (nJ): 75,757,555
Ratio of Dyn/Leak: 97
Total Energy (nJ): 76,541,591
Total Energy (nJ) 3D: 85,348,517
Cores Energy (nJ): 7,270,324
Route Energy (nJ): 17,684,201
Route Energy (nJ) 3D: 26,491,127
Mem Energy   (nJ): 51,587,067
Mem Energy   (nJ) 3D: 51,587,067
Avg. Power (mW): 95,497.45
Power Density (mW/mm2): 29.91

---Runtime---
Runtime in K cycles: 801.50
Microseconds: 801.50
Time per iteration (ms): 0.80

---Throughput---
GOP/s (aka OPS/ns): 765.40
GOP/s per core: 0.75
FLOP/s: 305.75
FLOP/s per core: 0.30
Max Peak FLOP/s: 4,096.00
Avg. BW GB/s: 6,370.19
Max BW GB/s: 16,384.00

---Traffic---
In-Die bisection_bytes BW (GB/s): 128.00
Inter-board traffic (msg/ns): 0.00, per-link: 0.00
Inter-pack traffic (msg/ns): 0.00, per-link: 0.00
Inter-die traffic (msg/ns): 214.78, per-link: 0.42
Ruche traffic (msg/ns): 335.77, per-link: 0.66
All traffic (msg/ns): 3,281.76, per-link: 3.20
Inter-die reduction wrt all: 15.28
Inter-board reduction wrt inter-die: inf

---Data Movement---
All traffic (msg): 2,630,344,889
Arith. Intensity FLOP/Loads: 0.38
Arith. Intensity FLOP/Msgs: 0.09
Arith. Intensity OPS/Loads: 0.96
Arith. Intensity OPS/Msgs: 0.23



===Core Utilization Total=== CORE-S:8;; TIME K cy:800 ;; Nodes Proc: 15,243,536 -- Edges Proc: 15,268,270
======== IT IS COLD ======= Only 32 Tiles active

===PRINTING FRAME STATS

FCollision In Avg:5, SD:10, Max:106, Min:0
FCollision Out Avg:3, SD:10, Max:82, Min:0
FCollision End Avg:1, SD:7, Max:79, Min:0
FTask1 Avg:2, SD:11, Max:92, Min:0
FTask2 Avg:21, SD:59, Max:396, Min:0
FTask3 Avg:16, SD:5, Max:90, Min:0
FCore Active Avg:10, SD:16, Max:100, Min:3
FRouter Active Avg:35, SD:14, Max:98, Min:14
T1 invocations: 19,070
T2 invocations: 156,442
T3 invocations: 5,524,444
T3b invocations: 0
Total3 invocations: 5,524,444
Total4 invocations: 0

T3/T2 ratio: 35
T3b/T3 ratio: 0

T1 avg ex cycles: 131
T2 avg ex cycles: 137
T3&b avg ex cycles: 3
T4 avg ex cycles: -nan
Avg. hops NOC1: 2
Avg. latency NOC1 (T2): 28,801
Avg. hops NOC2: 8
Avg. latency NOC2 (T3): 5,011

===PRINTING ACUM STATS at pu_cycles: 900,843

ACollision In Avg:115, SD:42, Max:298, Min:25
ACollision Out Avg:93, SD:43, Max:297, Min:11
ACollision End Avg:37, SD:23, Max:92, Min:0
ATask1 Avg:12, SD:1, Max:14, Min:6
ATask2 Avg:59, SD:2, Max:60, Min:25
ATask3 Avg:42, SD:7, Max:87, Min:26
ACore Active Avg:28, SD:2, Max:40, Min:18
ARouter Active Avg:78, SD:6, Max:89, Min:52
T1 invocations: 1,076,363
T2 invocations: 3,953,862
T3 invocations: 127,964,327
T3b invocations: 0
Total3 invocations: 127,964,327
Total4 invocations: 0

T3/T2 ratio: 32
T3b/T3 ratio: 0

T1 avg ex cycles: 103
T2 avg ex cycles: 137
T3&b avg ex cycles: 3
T4 avg ex cycles: -nan
Avg. hops NOC1: 3
Avg. latency NOC1 (T2): 92,564
Avg. hops NOC2: 11
Avg. latency NOC2 (T3): 12,709
Number of K Nodes Processed: 127,968
Number of K Edges Processed: 128,003
Node Re-explore factor: 30.51
Edge Re-explore factor: 1.00
Nodes/cy: 142
Edges/cy: 142
TEPS: 142

---DCache---
DCache Size: 262,912
DRAM words: 0
  DHits: 0
  DMisses: 0

---Energy---
Leakage Energy (nJ): 881,210
PU Dyn E (nJ): 7,574,038
Mem Dyn E (nJ): 53,082,456
Route Dyn E (nJ): 18,293,710
Dynamic Energy (nJ): 78,950,204
Ratio of Dyn/Leak: 90
Total Energy (nJ): 79,831,414
Total Energy (nJ) 3D: 88,921,511
Cores Energy (nJ): 7,584,066
Route Energy (nJ): 18,331,793
Route Energy (nJ) 3D: 27,421,890
Mem Energy   (nJ): 53,915,556
Mem Energy   (nJ) 3D: 53,915,556
Avg. Power (mW): 88,618.57
Power Density (mW/mm2): 27.76

---Runtime---
Runtime in K cycles: 900.84
Microseconds: 900.84
Time per iteration (ms): 0.90

---Throughput---
GOP/s (aka OPS/ns): 709.02
GOP/s per core: 0.69
FLOP/s: 284.07
FLOP/s per core: 0.28
Max Peak FLOP/s: 4,096.00
Avg. BW GB/s: 5,917.05
Max BW GB/s: 16,384.00

---Traffic---
In-Die bisection_bytes BW (GB/s): 128.00
Inter-board traffic (msg/ns): 0.00, per-link: 0.00
Inter-pack traffic (msg/ns): 0.00, per-link: 0.00
Inter-die traffic (msg/ns): 196.35, per-link: 0.38
Ruche traffic (msg/ns): 316.17, per-link: 0.62
All traffic (msg/ns): 3,024.43, per-link: 2.95
Inter-die reduction wrt all: 15.40
Inter-board reduction wrt inter-die: inf

---Data Movement---
All traffic (msg): 2,724,538,934
Arith. Intensity FLOP/Loads: 0.38
Arith. Intensity FLOP/Msgs: 0.09
Arith. Intensity OPS/Loads: 0.96
Arith. Intensity OPS/Msgs: 0.23



===Core Utilization Total=== CORE-S:9;; TIME K cy:900 ;; Nodes Proc: 15,923,861 -- Edges Proc: 16,016,877
======== IT IS COLD ======= Only 3 Tiles active
Epoch Done Router: 7
Epoch Done Router: 2
Epoch Done Router: 5
Epoch Done Router: 3
Epoch Done Router: 0
##EPOCH## 1 COMPLETED at Time (K cy): 977
Nodes processed until now: 128,311,436
Edges processed until now: 128,311,436
Epoch Done Router: 1
Epoch Done Router: 6
Epoch Done Router: 4
Program Done Router Thread: 4
Program Done Router Thread: 2
Program Done Router Thread: 5
Program Done Router Thread: 3
Program Done Router Thread: 6
Program Done Worker Thread: 2
Program Done Router Thread: 0
Program Done Worker Thread: 7
Program Done Worker Thread: 4
Program Done Worker Thread: 1
Program Done Worker Thread: 5
Program Done Worker Thread: 0
Program Done Worker Thread: 6
Program Done Router Thread: 1
Program Done Router Thread: 7
Program Done Worker Thread: 3

===PRINTING ACUM STATS at pu_cycles: 977,399

ACollision In Avg:106, SD:39, Max:274, Min:23
ACollision Out Avg:86, SD:40, Max:274, Min:11
ACollision End Avg:34, SD:22, Max:85, Min:0
ATask1 Avg:11, SD:0, Max:13, Min:10
ATask2 Avg:54, SD:0, Max:55, Min:53
ATask3 Avg:38, SD:7, Max:80, Min:24
ACore Active Avg:26, SD:2, Max:37, Min:22
ARouter Active Avg:72, SD:5, Max:85, Min:48
T1 invocations: 1,077,820
T2 invocations: 3,964,364
T3 invocations: 128,311,436
T3b invocations: 0
Total3 invocations: 128,311,436
Total4 invocations: 0

T3/T2 ratio: 32
T3b/T3 ratio: 0

T1 avg ex cycles: 103
T2 avg ex cycles: 137
T3&b avg ex cycles: 3
T4 avg ex cycles: -nan
Avg. hops NOC1: 3
Avg. latency NOC1 (T2): 92,393
Avg. hops NOC2: 11
Avg. latency NOC2 (T3): 12,693

Runtime at program end in K cycles: 977
Runtime before cooldown in K cycles: 600


Number of K Nodes Processed: 128,311
Number of K Edges Processed: 128,311
Node Re-explore factor: 30.59
Edge Re-explore factor: 1.00
Nodes/cy: 131
Edges/cy: 131
TEPS: 131

---DCache---
DCache Size: 262,912
DRAM words: 0
  DHits: 0
  DMisses: 0

---Energy---
Leakage Energy (nJ): 956,098
PU Dyn E (nJ): 7,594,743
Mem Dyn E (nJ): 53,229,312
Route Dyn E (nJ): 18,330,655
Dynamic Energy (nJ): 79,154,710
Ratio of Dyn/Leak: 83
Total Energy (nJ): 80,110,808
Total Energy (nJ) 3D: 89,216,599
Cores Energy (nJ): 7,605,624
Route Energy (nJ): 18,371,974
Route Energy (nJ) 3D: 27,477,765
Mem Energy   (nJ): 54,133,210
Mem Energy   (nJ) 3D: 54,133,210
Avg. Power (mW): 81,963.26
Power Density (mW/mm2): 25.67

---Runtime---
Runtime in K cycles: 977.40
Microseconds: 977.40
Time per iteration (ms): 0.98

---Inst---
K Loads: 667,257
K Stores: 669,012
K Instructions: 640,365

---Throughput---
GOP/s (aka OPS/ns): 655.17
GOP/s per core: 0.64
FLOP/s: 262.56
FLOP/s per core: 0.26
Max Peak FLOP/s: 4,096.00
Avg. BW GB/s: 5,468.67
Max BW GB/s: 16,384.00

---Traffic---
In-Die bisection_bytes BW (GB/s): 128.00
Inter-board traffic (msg/ns): 0.00, per-link: 0.00
Inter-pack traffic (msg/ns): 0.00, per-link: 0.00
Inter-die traffic (msg/ns): 181.25, per-link: 0.35
Ruche traffic (msg/ns): 292.40, per-link: 0.57
All traffic (msg/ns): 2,793.07, per-link: 2.73
Inter-die reduction wrt all: 15.41
Inter-board reduction wrt inter-die: inf

---Data Movement---
All traffic (msg): 2,729,947,444
Arith. Intensity FLOP/Loads: 0.38
Arith. Intensity FLOP/Msgs: 0.09
Arith. Intensity OPS/Loads: 0.96
Arith. Intensity OPS/Msgs: 0.23

Simulation time: 131.81
Sim noc_cy/s: 7,415.30
Sim Msg/s: 20,711,473.48

Version 31

