Dataset:  wikipedia/
Dry run: 0
Open Edge Count File succesfully
Edges Traversed BFS: 95554407
Found Vertices: 4210688, Edges: 101311613
avg degree 25
Array  wikipedia/node_array.bin found
Malloc array of size 16842756 bytes
Readin array of size 16825160 bytes
Finished Reading Array Bytes
No reordering Array 32bit
Array  wikipedia/edge_array.bin found
Malloc array of size 405246452 bytes
Readin array of size 405246452 bytes
Finished Reading Array Bytes
No reordering Array 32bit
Array  wikipedia/edge_values.bin found
Malloc array of size 405246452 bytes
Readin array of size 405246452 bytes
Finished Reading Array Bytes
No reordering Array 32bit
Reading graph elapsed time: 0.222401s

Dataset Footprint: 822 MiB
Dataset Footprint per Board: 6895.44 Mb
Dataset injection time (ms): 0.105216
Max Dataset Footprint: 821 MiB

Dataset footprint per tile: 51 KiB
Proxys footprint per tile: 64 KiB
Reserved SRAM per tile: 41 KiB

Ideal SRAM per tile: 156 KiB
reserved_words_for_dataset:24103
dataset_words_per_tile:13152
remaining_sram_words:120518
min_dcache_sram_words_required:13152
dataset_words_per_tile:13152
min_pcache_sram_words_required:8
proxys_words_per_tile:16448
Dcache footprint ratio: 1
Pcache footprint ratio: 1
Dataset Cached: 0
DCache: 13152 words, lines: 822, sets: 822
Proxys Cached: 0
Pcache: 16448 words, sets: 16448
Node per tile: 257
Edge per tile: 6,184
GRID_X: 128
GRID_SIZE: 16,384
smt_per_tile: 1
noc_freq: 1
pu_freq: 1
RUCHE_X: 0
PROXY_W: 16
DIE_W: 128
DIE_H: 128
DIES: 1
BORDER_TILES_PER_DIE: 512
PACK_W: 128
PACK_H: 128
DIES_PACK_FACTOR: 1
DIES_PER_PACK: 1
PACKAGES: 1
BOARD_W: 128
BOARD_H: 128
BOARDS: 1
MUX_BUS: 1
DCACHE: 0
PCACHE: 1
PROXY_FACTOR: 8
CACHE_WAYS: 1
TORUS: 1
PHY_NOCS: 1
WIDE_NOC_ID: 0
NOC_CONF: 1
noc_width: 32
hbm_channel_bit_width: 512
ld_st_op_byte_width: 4
PROXY_ROUTING: 5
WRITE_THROUGH: 0
ASSERT_MODE: 0
GLOBAL_BARRIER: 0
OQ flits: 36 ; 192 ; 384
IQ flits: 576 ; 3,072 ; 6,144
OQ messages: 12 ; 96 ; 192
IQ messages: 192 ; 1,536 ; 3,072
max_task2 size: 64
io_factor_t2: 16
io_factor_t3: 16
io_factor_t3b: 16

Active SRAM Storage per tile: 156 KiB
Total SRAM Storage per tile: 512 KiB
Agreggated SRAM Storage: 8,192 MiB

Inter-Die #links: 4,096
Inter-Die (Gbits): 131,072
Inter-Die (Gbits/mm): 563.524
Bisection BW of Board (Gbits): 32,768
Border IO #Dies: 4
Border IO Die BW (Gbits): 16,384
Off-Board BW Total (Gbits): 65,536
Off-Board BW Density (Gbits/mm): 278
Die side: 58.15 mm
Die border wire density: 563.52 Gbits/mm
HBM wire density: 70.44 Gbits/mm

Tiles per Die: 16,384 (128x128)
Tile Area: 0.19 mm2, side: 0.44 mm
- Core/Rout Area: 0.05 mm2
- SRAM Area: 0.14 mm2
- SRAM/Logic Ratio: 2.80x

Dies per Package: 1 (1x1)
Die Area: 3,381.23 mm2, side: 58.15 mm
- Tiles Area: 3,191.28 mm2
- PHY Area: 189.96 mm2
- MC Area: 0.00 mm2

Packages per Board: 1 (1x1)
Package Area: 3,461.23 mm2, side: 58.83 mm
- IOdie Area: 80.00 mm2
- Dies Area: 3,381.23 mm2
- HBM Area: 0.00 mm2

Boards: 1 (1x1)
Board Area: 3,461.23 mm2
Total Area: 3,461.23 mm2



ESTIMATED COST OF SILICON AND PACKAGING. ONLY VARIABLE, NO FIXED COSTS
Good dies per wafer 3d: 5
Good dies per wafer 2d: 6
--Dies 3D Cost: 1,209.40 $
--Dies 2.5D Cost: 1,007.83 $
--Dies 2D Cost: 1,007.83 $
--HBM Cost: 60.00 $
--IOdie Cost: 8.44 $
--Packaging Cost 3d: 233.07 $
--Packaging Cost 2.5d: 505.18 $
--Packaging Cost 2d: 152.44 $
SiP Cost 3d: 1,510.91 $
SiP Cost 2.5d: 1,581.46 $
SiP Cost 2d: 1,168.71 $
--Board Cost: 3.46 $
Total SiPs Cost 3d: 1,514.37 $
Total SiPs Cost 2.5d: 1,584.92 $
Total SiPs Cost 2d: 1,172.18 $

Perf counters initialized
Mesh connected
Cache structures initialized
Allocated proxys
proxys initialized
Dataset structures initialized


Starting Simulation
INIT epoch: 1
INIT epoch: 1
INIT epoch: 1
INIT epoch: 1
INIT epoch: 1
INIT epoch: 1
INIT epoch: 1
INIT epoch: 1
INIT epoch: 1
INIT epoch: 1
INIT epoch: 1
INIT epoch: 1
INIT epoch: 1
INIT epoch: 1
INIT epoch: 1
INIT epoch: 1

===PRINTING FRAME STATS

FCollision In Avg:-nan, SD:-nan, Max:432, Min:1
FCollision Out Avg:-nan, SD:-nan, Max:250, Min:0
FCollision End Avg:-nan, SD:-nan, Max:62, Min:0
FTask1 Avg:-nan, SD:-nan, Max:87, Min:3
FTask2 Avg:-nan, SD:-nan, Max:96, Min:0
FTask3 Avg:-nan, SD:-nan, Max:83, Min:0
FCore Active Avg:-nan, SD:-nan, Max:100, Min:7
FRouter Active Avg:-nan, SD:-nan, Max:100, Min:6
T1 invocations: 63,840
T2 invocations: 156,630
T3 invocations: 162,318
T3b invocations: 2,559,830
Total3 invocations: 2,722,148
Total4 invocations: 0

T3/T2 ratio: 1
T3b/T3 ratio: 16

T1 avg ex cycles: 141
T2 avg ex cycles: 49
T3&b avg ex cycles: 2
T4 avg ex cycles: -nan
Avg. hops NOC1: 47
Avg. latency NOC1 (T2): 3,218
Avg. hops NOC2: 13
Avg. latency NOC2 (T3): 1,091

===PRINTING ACUM STATS at pu_cycles: 10,670

ACollision In Avg:-nan, SD:-nan, Max:432, Min:1
ACollision Out Avg:-nan, SD:-nan, Max:250, Min:0
ACollision End Avg:-nan, SD:-nan, Max:62, Min:0
ATask1 Avg:-nan, SD:-nan, Max:87, Min:3
ATask2 Avg:-nan, SD:-nan, Max:96, Min:0
ATask3 Avg:-nan, SD:-nan, Max:83, Min:0
ACore Active Avg:-nan, SD:-nan, Max:100, Min:7
ARouter Active Avg:-nan, SD:-nan, Max:100, Min:6
T1 invocations: 269,468
T2 invocations: 589,959
T3 invocations: 670,810
T3b invocations: 9,228,794
Total3 invocations: 9,899,604
Total4 invocations: 0

T3/T2 ratio: 1
T3b/T3 ratio: 14

T1 avg ex cycles: 142
T2 avg ex cycles: 48
T3&b avg ex cycles: 2
T4 avg ex cycles: -nan
Avg. hops NOC1: 51
Avg. latency NOC1 (T2): 3,196
Avg. hops NOC2: 12
Avg. latency NOC2 (T3): 1,244
Number of K Nodes Processed: 10,263
Number of K Edges Processed: 12,115
Node Re-explore factor: 2.44
Edge Re-explore factor: 0.12
Nodes/cy: 962
Edges/cy: 1,136
TEPS: 8,955

---Pcache---
Pcache Size: 16,448
Cached: 0
  PHits: 0
  PMisses: 0
  PHit Rate (hit/miss): -nan%
  PEvictions: 0
  PEviction Rate (evict/misses): -nan%

---Energy---
Leakage Energy (nJ): 17,793
PU Dyn E (nJ): 787,125
Mem Dyn E (nJ): 2,490,870
Route Dyn E (nJ): 1,010,775
Dynamic Energy (nJ): 4,288,770
Ratio of Dyn/Leak: 241
Total Energy (nJ): 4,306,563
Total Energy (nJ) 3D: 4,396,026
Cores Energy (nJ): 787,601
Route Energy (nJ): 1,011,049
Route Energy (nJ) 3D: 1,100,512
Mem Energy   (nJ): 2,507,914
Mem Energy   (nJ) 3D: 2,507,914
Avg. Power (mW): 403,614.18
Power Density (mW/mm2): 116.61

---Runtime---
Runtime in K cycles: 10.67
Microseconds: 10.67
Time per iteration (ms): 0.01

---Throughput---
GOP/s (aka OPS/ns): 8,062.72
GOP/s per core: 0.49
FLOP/s: 2,031.99
FLOP/s per core: 0.12
Max Peak FLOP/s: 16,384.00
Avg. BW GB/s: 44,781.31
Max BW GB/s: 65,536.00

---Traffic---
In-Die bisection_bytes BW (GB/s): 2,048.00
Inter-board traffic (msg/ns): 0.00, per-link: 0.00
Inter-pack traffic (msg/ns): 0.00, per-link: 0.00
Inter-die traffic (msg/ns): 0.00, per-link: 0.00
Ruche traffic (msg/ns): 0.00, per-link: 0.00
All traffic (msg/ns): 31,464.55, per-link: 1.92
Inter-die reduction wrt all: inf
Inter-board reduction wrt inter-die: -nan

---Data Movement---
All traffic (msg): 335,726,788
Arith. Intensity FLOP/Loads: 0.36
Arith. Intensity FLOP/Msgs: 0.06
Arith. Intensity OPS/Loads: 1.45
Arith. Intensity OPS/Msgs: 0.26



===Core Utilization Total=== CORE-S:1;; TIME K cy:10 ;; Nodes Proc: 642,554 -- Edges Proc: 753,748

===PRINTING FRAME STATS

FCollision In Avg:123, SD:43, Max:444, Min:0
FCollision Out Avg:109, SD:34, Max:289, Min:0
FCollision End Avg:0, SD:5, Max:100, Min:0
FTask1 Avg:5, SD:9, Max:68, Min:0
FTask2 Avg:14, SD:20, Max:100, Min:0
FTask3 Avg:12, SD:11, Max:100, Min:0
FCore Active Avg:31, SD:25, Max:100, Min:1
FRouter Active Avg:56, SD:22, Max:101, Min:3
T1 invocations: 17,750
T2 invocations: 107,339
T3 invocations: 163,686
T3b invocations: 2,343,365
Total3 invocations: 2,507,051
Total4 invocations: 0

T3/T2 ratio: 2
T3b/T3 ratio: 14

T1 avg ex cycles: 126
T2 avg ex cycles: 52
T3&b avg ex cycles: 2
T4 avg ex cycles: -nan
Avg. hops NOC1: 24
Avg. latency NOC1 (T2): 9,066
Avg. hops NOC2: 11
Avg. latency NOC2 (T3): 1,346

===PRINTING ACUM STATS at pu_cycles: 20,662

ACollision In Avg:132, SD:40, Max:424, Min:1
ACollision Out Avg:114, SD:32, Max:248, Min:0
ACollision End Avg:0, SD:4, Max:80, Min:0
ATask1 Avg:14, SD:9, Max:65, Min:2
ATask2 Avg:16, SD:16, Max:79, Min:0
ATask3 Avg:13, SD:9, Max:81, Min:0
ACore Active Avg:43, SD:21, Max:100, Min:5
ARouter Active Avg:66, SD:17, Max:100, Min:4
T1 invocations: 331,035
T2 invocations: 983,371
T3 invocations: 1,438,130
T3b invocations: 18,057,679
Total3 invocations: 19,495,809
Total4 invocations: 0

T3/T2 ratio: 1
T3b/T3 ratio: 13

T1 avg ex cycles: 137
T2 avg ex cycles: 50
T3&b avg ex cycles: 2
T4 avg ex cycles: -nan
Avg. hops NOC1: 40
Avg. latency NOC1 (T2): 5,698
Avg. hops NOC2: 12
Avg. latency NOC2 (T3): 1,419
Number of K Nodes Processed: 19,785
Number of K Edges Processed: 20,917
Node Re-explore factor: 4.70
Edge Re-explore factor: 0.21
Nodes/cy: 958
Edges/cy: 1,012
TEPS: 4,625

---Pcache---
Pcache Size: 16,448
Cached: 0
  PHits: 0
  PMisses: 0
  PHit Rate (hit/miss): -nan%
  PEvictions: 0
  PEviction Rate (evict/misses): -nan%

---Energy---
Leakage Energy (nJ): 34,456
PU Dyn E (nJ): 1,338,871
Mem Dyn E (nJ): 4,517,472
Route Dyn E (nJ): 1,691,549
Dynamic Energy (nJ): 7,547,892
Ratio of Dyn/Leak: 219
Total Energy (nJ): 7,582,348
Total Energy (nJ) 3D: 7,732,065
Cores Energy (nJ): 1,339,791
Route Energy (nJ): 1,692,079
Route Energy (nJ) 3D: 1,841,797
Mem Energy   (nJ): 4,550,478
Mem Energy   (nJ) 3D: 4,550,478
Avg. Power (mW): 366,970.67
Power Density (mW/mm2): 106.02

---Runtime---
Runtime in K cycles: 20.66
Microseconds: 20.66
Time per iteration (ms): 0.02

---Throughput---
GOP/s (aka OPS/ns): 6,451.12
GOP/s per core: 0.39
FLOP/s: 1,942.65
FLOP/s per core: 0.12
Max Peak FLOP/s: 16,384.00
Avg. BW GB/s: 41,944.03
Max BW GB/s: 65,536.00

---Traffic---
In-Die bisection_bytes BW (GB/s): 2,048.00
Inter-board traffic (msg/ns): 0.00, per-link: 0.00
Inter-pack traffic (msg/ns): 0.00, per-link: 0.00
Inter-die traffic (msg/ns): 0.00, per-link: 0.00
Ruche traffic (msg/ns): 0.00, per-link: 0.00
All traffic (msg/ns): 27,475.07, per-link: 1.68
Inter-die reduction wrt all: inf
Inter-board reduction wrt inter-die: -nan

---Data Movement---
All traffic (msg): 567,689,839
Arith. Intensity FLOP/Loads: 0.37
Arith. Intensity FLOP/Msgs: 0.07
Arith. Intensity OPS/Loads: 1.23
Arith. Intensity OPS/Msgs: 0.23



===Core Utilization Total=== CORE-S:2;; TIME K cy:20 ;; Nodes Proc: 1,264,255 -- Edges Proc: 1,313,271

===PRINTING FRAME STATS

FCollision In Avg:111, SD:41, Max:362, Min:0
FCollision Out Avg:102, SD:38, Max:291, Min:0
FCollision End Avg:0, SD:4, Max:100, Min:0
FTask1 Avg:9, SD:12, Max:79, Min:0
FTask2 Avg:13, SD:21, Max:100, Min:0
FTask3 Avg:12, SD:11, Max:99, Min:0
FCore Active Avg:35, SD:26, Max:100, Min:1
FRouter Active Avg:63, SD:20, Max:101, Min:3
T1 invocations: 27,735
T2 invocations: 109,653
T3 invocations: 205,063
T3b invocations: 2,328,476
Total3 invocations: 2,533,539
Total4 invocations: 0

T3/T2 ratio: 2
T3b/T3 ratio: 11

T1 avg ex cycles: 128
T2 avg ex cycles: 49
T3&b avg ex cycles: 2
T4 avg ex cycles: -nan
Avg. hops NOC1: 39
Avg. latency NOC1 (T2): 9,202
Avg. hops NOC2: 11
Avg. latency NOC2 (T3): 1,506

===PRINTING ACUM STATS at pu_cycles: 30,678

ACollision In Avg:125, SD:36, Max:360, Min:1
ACollision Out Avg:110, SD:31, Max:255, Min:0
ACollision End Avg:0, SD:3, Max:82, Min:0
ATask1 Avg:12, SD:8, Max:44, Min:1
ATask2 Avg:15, SD:14, Max:64, Min:0
ATask3 Avg:13, SD:9, Max:81, Min:1
ACore Active Avg:40, SD:20, Max:100, Min:6
ARouter Active Avg:65, SD:16, Max:100, Min:4
T1 invocations: 399,534
T2 invocations: 1,363,090
T3 invocations: 2,184,977
T3b invocations: 26,380,502
Total3 invocations: 28,565,479
Total4 invocations: 0

T3/T2 ratio: 2
T3b/T3 ratio: 12

T1 avg ex cycles: 136
T2 avg ex cycles: 50
T3&b avg ex cycles: 2
T4 avg ex cycles: -nan
Avg. hops NOC1: 37
Avg. latency NOC1 (T2): 7,319
Avg. hops NOC2: 11
Avg. latency NOC2 (T3): 1,447
Number of K Nodes Processed: 28,878
Number of K Edges Processed: 29,176
Node Re-explore factor: 6.86
Edge Re-explore factor: 0.29
Nodes/cy: 941
Edges/cy: 951
TEPS: 3,115

---Pcache---
Pcache Size: 16,448
Cached: 0
  PHits: 0
  PMisses: 0
  PHit Rate (hit/miss): -nan%
  PEvictions: 0
  PEviction Rate (evict/misses): -nan%

---Energy---
Leakage Energy (nJ): 51,159
PU Dyn E (nJ): 1,865,671
Mem Dyn E (nJ): 6,432,951
Route Dyn E (nJ): 2,389,967
Dynamic Energy (nJ): 10,688,590
Ratio of Dyn/Leak: 209
Total Energy (nJ): 10,739,749
Total Energy (nJ) 3D: 10,951,283
Cores Energy (nJ): 1,867,037
Route Energy (nJ): 2,390,754
Route Energy (nJ) 3D: 2,602,288
Mem Energy   (nJ): 6,481,958
Mem Energy   (nJ) 3D: 6,481,958
Avg. Power (mW): 350,079.82
Power Density (mW/mm2): 101.14

---Runtime---
Runtime in K cycles: 30.68
Microseconds: 30.68
Time per iteration (ms): 0.03

---Throughput---
GOP/s (aka OPS/ns): 5,854.33
GOP/s per core: 0.36
FLOP/s: 1,873.24
FLOP/s per core: 0.11
Max Peak FLOP/s: 16,384.00
Avg. BW GB/s: 40,229.47
Max BW GB/s: 65,536.00

---Traffic---
In-Die bisection_bytes BW (GB/s): 2,048.00
Inter-board traffic (msg/ns): 0.00, per-link: 0.00
Inter-pack traffic (msg/ns): 0.00, per-link: 0.00
Inter-die traffic (msg/ns): 0.00, per-link: 0.00
Ruche traffic (msg/ns): 0.00, per-link: 0.00
All traffic (msg/ns): 26,209.10, per-link: 1.60
Inter-die reduction wrt all: inf
Inter-board reduction wrt inter-die: -nan

---Data Movement---
All traffic (msg): 804,042,711
Arith. Intensity FLOP/Loads: 0.37
Arith. Intensity FLOP/Msgs: 0.07
Arith. Intensity OPS/Loads: 1.17
Arith. Intensity OPS/Msgs: 0.22



===Core Utilization Total=== CORE-S:3;; TIME K cy:30 ;; Nodes Proc: 1,884,128 -- Edges Proc: 1,885,219

===PRINTING FRAME STATS

FCollision In Avg:106, SD:45, Max:343, Min:0
FCollision Out Avg:96, SD:41, Max:275, Min:0
FCollision End Avg:0, SD:4, Max:97, Min:0
FTask1 Avg:10, SD:13, Max:68, Min:0
FTask2 Avg:14, SD:19, Max:97, Min:0
FTask3 Avg:14, SD:12, Max:100, Min:0
FCore Active Avg:39, SD:24, Max:100, Min:2
FRouter Active Avg:71, SD:18, Max:100, Min:5
T1 invocations: 32,484
T2 invocations: 114,311
T3 invocations: 252,877
T3b invocations: 2,643,021
Total3 invocations: 2,895,898
Total4 invocations: 0

T3/T2 ratio: 2
T3b/T3 ratio: 10

T1 avg ex cycles: 130
T2 avg ex cycles: 49
T3&b avg ex cycles: 2
T4 avg ex cycles: -nan
Avg. hops NOC1: 41
Avg. latency NOC1 (T2): 10,781
Avg. hops NOC2: 12
Avg. latency NOC2 (T3): 1,304

===PRINTING ACUM STATS at pu_cycles: 40,657

ACollision In Avg:120, SD:34, Max:308, Min:1
ACollision Out Avg:106, SD:30, Max:243, Min:0
ACollision End Avg:0, SD:3, Max:75, Min:0
ATask1 Avg:12, SD:6, Max:33, Min:1
ATask2 Avg:15, SD:12, Max:51, Min:0
ATask3 Avg:13, SD:9, Max:82, Min:2
ACore Active Avg:40, SD:18, Max:100, Min:5
ARouter Active Avg:66, SD:15, Max:99, Min:5
T1 invocations: 470,726
T2 invocations: 1,738,191
T3 invocations: 2,964,664
T3b invocations: 35,074,465
Total3 invocations: 38,039,129
Total4 invocations: 0

T3/T2 ratio: 2
T3b/T3 ratio: 12

T1 avg ex cycles: 134
T2 avg ex cycles: 51
T3&b avg ex cycles: 2
T4 avg ex cycles: -nan
Avg. hops NOC1: 35
Avg. latency NOC1 (T2): 8,606
Avg. hops NOC2: 12
Avg. latency NOC2 (T3): 1,410
Number of K Nodes Processed: 38,381
Number of K Edges Processed: 37,251
Node Re-explore factor: 9.12
Edge Re-explore factor: 0.37
Nodes/cy: 944
Edges/cy: 916
TEPS: 2,350

---Pcache---
Pcache Size: 16,448
Cached: 0
  PHits: 0
  PMisses: 0
  PHit Rate (hit/miss): -nan%
  PEvictions: 0
  PEviction Rate (evict/misses): -nan%

---Energy---
Leakage Energy (nJ): 67,800
PU Dyn E (nJ): 2,399,290
Mem Dyn E (nJ): 8,383,290
Route Dyn E (nJ): 3,149,061
Dynamic Energy (nJ): 13,931,641
Ratio of Dyn/Leak: 205
Total Energy (nJ): 13,999,441
Total Energy (nJ) 3D: 14,278,162
Cores Energy (nJ): 2,401,101
Route Energy (nJ): 3,150,103
Route Energy (nJ) 3D: 3,428,824
Mem Energy   (nJ): 8,448,237
Mem Energy   (nJ) 3D: 8,448,237
Avg. Power (mW): 344,330.39
Power Density (mW/mm2): 99.48

---Runtime---
Runtime in K cycles: 40.66
Microseconds: 40.66
Time per iteration (ms): 0.04

---Throughput---
GOP/s (aka OPS/ns): 5,573.14
GOP/s per core: 0.34
FLOP/s: 1,844.68
FLOP/s per core: 0.11
Max Peak FLOP/s: 16,384.00
Avg. BW GB/s: 39,559.23
Max BW GB/s: 65,536.00

---Traffic---
In-Die bisection_bytes BW (GB/s): 2,048.00
Inter-board traffic (msg/ns): 0.00, per-link: 0.00
Inter-pack traffic (msg/ns): 0.00, per-link: 0.00
Inter-die traffic (msg/ns): 0.00, per-link: 0.00
Ruche traffic (msg/ns): 0.00, per-link: 0.00
All traffic (msg/ns): 26,072.95, per-link: 1.59
Inter-die reduction wrt all: inf
Inter-board reduction wrt inter-die: -nan

---Data Movement---
All traffic (msg): 1,060,048,037
Arith. Intensity FLOP/Loads: 0.37
Arith. Intensity FLOP/Msgs: 0.07
Arith. Intensity OPS/Loads: 1.13
Arith. Intensity OPS/Msgs: 0.21



===Core Utilization Total=== CORE-S:4;; TIME K cy:40 ;; Nodes Proc: 2,523,929 -- Edges Proc: 2,373,381

===PRINTING FRAME STATS

FCollision In Avg:94, SD:51, Max:304, Min:0
FCollision Out Avg:85, SD:47, Max:255, Min:0
FCollision End Avg:0, SD:4, Max:99, Min:0
FTask1 Avg:8, SD:13, Max:70, Min:0
FTask2 Avg:13, SD:20, Max:100, Min:0
FTask3 Avg:16, SD:12, Max:100, Min:0
FCore Active Avg:40, SD:25, Max:100, Min:2
FRouter Active Avg:77, SD:16, Max:101, Min:6
T1 invocations: 25,863
T2 invocations: 109,337
T3 invocations: 329,769
T3b invocations: 2,930,194
Total3 invocations: 3,259,963
Total4 invocations: 0

T3/T2 ratio: 3
T3b/T3 ratio: 9

T1 avg ex cycles: 132
T2 avg ex cycles: 50
T3&b avg ex cycles: 2
T4 avg ex cycles: -nan
Avg. hops NOC1: 38
Avg. latency NOC1 (T2): 10,601
Avg. hops NOC2: 13
Avg. latency NOC2 (T3): 1,048

===PRINTING ACUM STATS at pu_cycles: 50,647

ACollision In Avg:115, SD:33, Max:281, Min:1
ACollision Out Avg:102, SD:31, Max:231, Min:0
ACollision End Avg:0, SD:3, Max:60, Min:0
ATask1 Avg:11, SD:5, Max:26, Min:1
ATask2 Avg:14, SD:11, Max:39, Min:0
ATask3 Avg:14, SD:9, Max:84, Min:2
ACore Active Avg:40, SD:16, Max:100, Min:6
ARouter Active Avg:68, SD:14, Max:99, Min:5
T1 invocations: 546,887
T2 invocations: 2,136,992
T3 invocations: 3,947,877
T3b invocations: 44,928,203
Total3 invocations: 48,876,080
Total4 invocations: 0

T3/T2 ratio: 2
T3b/T3 ratio: 11

T1 avg ex cycles: 133
T2 avg ex cycles: 51
T3&b avg ex cycles: 2
T4 avg ex cycles: -nan
Avg. hops NOC1: 35
Avg. latency NOC1 (T2): 9,661
Avg. hops NOC2: 12
Avg. latency NOC2 (T3): 1,339
Number of K Nodes Processed: 49,223
Number of K Edges Processed: 45,762
Node Re-explore factor: 11.69
Edge Re-explore factor: 0.45
Nodes/cy: 972
Edges/cy: 904
TEPS: 1,887

---Pcache---
Pcache Size: 16,448
Cached: 0
  PHits: 0
  PMisses: 0
  PHit Rate (hit/miss): -nan%
  PEvictions: 0
  PEviction Rate (evict/misses): -nan%

---Energy---
Leakage Energy (nJ): 84,459
PU Dyn E (nJ): 2,986,466
Mem Dyn E (nJ): 10,548,711
Route Dyn E (nJ): 4,051,731
Dynamic Energy (nJ): 17,586,908
Ratio of Dyn/Leak: 208
Total Energy (nJ): 17,671,367
Total Energy (nJ) 3D: 18,029,982
Cores Energy (nJ): 2,988,721
Route Energy (nJ): 4,053,030
Route Energy (nJ) 3D: 4,411,645
Mem Energy   (nJ): 10,629,617
Mem Energy   (nJ) 3D: 10,629,617
Avg. Power (mW): 348,912.42
Power Density (mW/mm2): 100.81

---Runtime---
Runtime in K cycles: 50.65
Microseconds: 50.65
Time per iteration (ms): 0.05

---Throughput---
GOP/s (aka OPS/ns): 5,489.72
GOP/s per core: 0.34
FLOP/s: 1,862.98
FLOP/s per core: 0.11
Max Peak FLOP/s: 16,384.00
Avg. BW GB/s: 39,959.48
Max BW GB/s: 65,536.00

---Traffic---
In-Die bisection_bytes BW (GB/s): 2,048.00
Inter-board traffic (msg/ns): 0.00, per-link: 0.00
Inter-pack traffic (msg/ns): 0.00, per-link: 0.00
Inter-die traffic (msg/ns): 0.00, per-link: 0.00
Ruche traffic (msg/ns): 0.00, per-link: 0.00
All traffic (msg/ns): 26,921.16, per-link: 1.64
Inter-die reduction wrt all: inf
Inter-board reduction wrt inter-die: -nan

---Data Movement---
All traffic (msg): 1,363,476,015
Arith. Intensity FLOP/Loads: 0.37
Arith. Intensity FLOP/Msgs: 0.07
Arith. Intensity OPS/Loads: 1.10
Arith. Intensity OPS/Msgs: 0.20



===Core Utilization Total=== CORE-S:5;; TIME K cy:50 ;; Nodes Proc: 3,183,558 -- Edges Proc: 2,863,408

===PRINTING FRAME STATS

FCollision In Avg:78, SD:52, Max:339, Min:0
FCollision Out Avg:70, SD:48, Max:256, Min:0
FCollision End Avg:0, SD:3, Max:100, Min:0
FTask1 Avg:6, SD:12, Max:70, Min:0
FTask2 Avg:11, SD:19, Max:100, Min:0
FTask3 Avg:16, SD:12, Max:100, Min:0
FCore Active Avg:38, SD:25, Max:100, Min:1
FRouter Active Avg:77, SD:18, Max:101, Min:11
T1 invocations: 20,060
T2 invocations: 88,170
T3 invocations: 360,561
T3b invocations: 2,996,724
Total3 invocations: 3,357,285
Total4 invocations: 0

T3/T2 ratio: 4
T3b/T3 ratio: 8

T1 avg ex cycles: 131
T2 avg ex cycles: 52
T3&b avg ex cycles: 2
T4 avg ex cycles: -nan
Avg. hops NOC1: 36
Avg. latency NOC1 (T2): 11,574
Avg. hops NOC2: 14
Avg. latency NOC2 (T3): 963

===PRINTING ACUM STATS at pu_cycles: 60,653

ACollision In Avg:109, SD:33, Max:268, Min:1
ACollision Out Avg:97, SD:31, Max:217, Min:0
ACollision End Avg:0, SD:2, Max:50, Min:0
ATask1 Avg:10, SD:4, Max:22, Min:1
ATask2 Avg:14, SD:9, Max:34, Min:0
ATask3 Avg:14, SD:8, Max:81, Min:2
ACore Active Avg:40, SD:14, Max:100, Min:6
ARouter Active Avg:70, SD:14, Max:99, Min:7
T1 invocations: 614,805
T2 invocations: 2,496,332
T3 invocations: 4,999,740
T3b invocations: 55,053,771
Total3 invocations: 60,053,511
Total4 invocations: 0

T3/T2 ratio: 2
T3b/T3 ratio: 11

T1 avg ex cycles: 132
T2 avg ex cycles: 51
T3&b avg ex cycles: 2
T4 avg ex cycles: -nan
Avg. hops NOC1: 34
Avg. latency NOC1 (T2): 10,231
Avg. hops NOC2: 12
Avg. latency NOC2 (T3): 1,285
Number of K Nodes Processed: 60,418
Number of K Edges Processed: 53,448
Node Re-explore factor: 14.35
Edge Re-explore factor: 0.53
Nodes/cy: 996
Edges/cy: 881
TEPS: 1,575

---Pcache---
Pcache Size: 16,448
Cached: 0
  PHits: 0
  PMisses: 0
  PHit Rate (hit/miss): -nan%
  PEvictions: 0
  PEviction Rate (evict/misses): -nan%

---Energy---
Leakage Energy (nJ): 101,145
PU Dyn E (nJ): 3,555,100
Mem Dyn E (nJ): 12,680,297
Route Dyn E (nJ): 5,001,380
Dynamic Energy (nJ): 21,236,777
Ratio of Dyn/Leak: 210
Total Energy (nJ): 21,337,922
Total Energy (nJ) 3D: 21,780,590
Cores Energy (nJ): 3,557,801
Route Energy (nJ): 5,002,935
Route Energy (nJ) 3D: 5,445,603
Mem Energy   (nJ): 12,777,187
Mem Energy   (nJ) 3D: 12,777,187
Avg. Power (mW): 351,803.24
Power Density (mW/mm2): 101.64

---Runtime---
Runtime in K cycles: 60.65
Microseconds: 60.65
Time per iteration (ms): 0.06

---Throughput---
GOP/s (aka OPS/ns): 5,395.12
GOP/s per core: 0.33
FLOP/s: 1,867.28
FLOP/s per core: 0.11
Max Peak FLOP/s: 16,384.00
Avg. BW GB/s: 40,110.22
Max BW GB/s: 65,536.00

---Traffic---
In-Die bisection_bytes BW (GB/s): 2,048.00
Inter-board traffic (msg/ns): 0.00, per-link: 0.00
Inter-pack traffic (msg/ns): 0.00, per-link: 0.00
Inter-die traffic (msg/ns): 0.00, per-link: 0.00
Ruche traffic (msg/ns): 0.00, per-link: 0.00
All traffic (msg/ns): 27,732.64, per-link: 1.69
Inter-die reduction wrt all: inf
Inter-board reduction wrt inter-die: -nan

---Data Movement---
All traffic (msg): 1,682,067,920
Arith. Intensity FLOP/Loads: 0.37
Arith. Intensity FLOP/Msgs: 0.07
Arith. Intensity OPS/Loads: 1.08
Arith. Intensity OPS/Msgs: 0.19



===Core Utilization Total=== CORE-S:6;; TIME K cy:60 ;; Nodes Proc: 3,860,104 -- Edges Proc: 3,329,000

===PRINTING FRAME STATS

FCollision In Avg:63, SD:50, Max:363, Min:0
FCollision Out Avg:55, SD:48, Max:274, Min:0
FCollision End Avg:0, SD:4, Max:100, Min:0
FTask1 Avg:5, SD:11, Max:86, Min:0
FTask2 Avg:9, SD:19, Max:100, Min:0
FTask3 Avg:17, SD:12, Max:100, Min:0
FCore Active Avg:36, SD:24, Max:100, Min:1
FRouter Active Avg:78, SD:18, Max:101, Min:8
T1 invocations: 15,758
T2 invocations: 70,075
T3 invocations: 462,252
T3b invocations: 3,014,996
Total3 invocations: 3,477,248
Total4 invocations: 0

T3/T2 ratio: 7
T3b/T3 ratio: 7

T1 avg ex cycles: 135
T2 avg ex cycles: 53
T3&b avg ex cycles: 2
T4 avg ex cycles: -nan
Avg. hops NOC1: 34
Avg. latency NOC1 (T2): 10,829
Avg. hops NOC2: 14
Avg. latency NOC2 (T3): 891

===PRINTING ACUM STATS at pu_cycles: 70,662

ACollision In Avg:102, SD:32, Max:272, Min:1
ACollision Out Avg:91, SD:31, Max:207, Min:0
ACollision End Avg:0, SD:2, Max:57, Min:0
ATask1 Avg:9, SD:3, Max:19, Min:1
ATask2 Avg:13, SD:8, Max:29, Min:0
ATask3 Avg:14, SD:8, Max:78, Min:2
ACore Active Avg:39, SD:13, Max:100, Min:7
ARouter Active Avg:71, SD:13, Max:99, Min:9
T1 invocations: 663,949
T2 invocations: 2,795,451
T3 invocations: 6,309,833
T3b invocations: 64,886,042
Total3 invocations: 71,195,875
Total4 invocations: 0

T3/T2 ratio: 2
T3b/T3 ratio: 10

T1 avg ex cycles: 132
T2 avg ex cycles: 51
T3&b avg ex cycles: 2
T4 avg ex cycles: -nan
Avg. hops NOC1: 33
Avg. latency NOC1 (T2): 10,659
Avg. hops NOC2: 12
Avg. latency NOC2 (T3): 1,236
Number of K Nodes Processed: 71,552
Number of K Edges Processed: 59,862
Node Re-explore factor: 16.99
Edge Re-explore factor: 0.59
Nodes/cy: 1,013
Edges/cy: 847
TEPS: 1,352

---Pcache---
Pcache Size: 16,448
Cached: 0
  PHits: 0
  PMisses: 0
  PHit Rate (hit/miss): -nan%
  PEvictions: 0
  PEviction Rate (evict/misses): -nan%

---Energy---
Leakage Energy (nJ): 117,836
PU Dyn E (nJ): 4,075,630
Mem Dyn E (nJ): 14,682,424
Route Dyn E (nJ): 5,926,657
Dynamic Energy (nJ): 24,684,712
Ratio of Dyn/Leak: 209
Total Energy (nJ): 24,802,548
Total Energy (nJ) 3D: 25,327,111
Cores Energy (nJ): 4,078,776
Route Energy (nJ): 5,928,469
Route Energy (nJ) 3D: 6,453,033
Mem Energy   (nJ): 14,795,303
Mem Energy   (nJ) 3D: 14,795,303
Avg. Power (mW): 351,002.63
Power Density (mW/mm2): 101.41

---Runtime---
Runtime in K cycles: 70.66
Microseconds: 70.66
Time per iteration (ms): 0.07

---Throughput---
GOP/s (aka OPS/ns): 5,251.33
GOP/s per core: 0.32
FLOP/s: 1,851.88
FLOP/s per core: 0.11
Max Peak FLOP/s: 16,384.00
Avg. BW GB/s: 39,865.16
Max BW GB/s: 65,536.00

---Traffic---
In-Die bisection_bytes BW (GB/s): 2,048.00
Inter-board traffic (msg/ns): 0.00, per-link: 0.00
Inter-pack traffic (msg/ns): 0.00, per-link: 0.00
Inter-die traffic (msg/ns): 0.00, per-link: 0.00
Ruche traffic (msg/ns): 0.00, per-link: 0.00
All traffic (msg/ns): 28,202.35, per-link: 1.72
Inter-die reduction wrt all: inf
Inter-board reduction wrt inter-die: -nan

---Data Movement---
All traffic (msg): 1,992,834,229
Arith. Intensity FLOP/Loads: 0.37
Arith. Intensity FLOP/Msgs: 0.07
Arith. Intensity OPS/Loads: 1.06
Arith. Intensity OPS/Msgs: 0.19



===Core Utilization Total=== CORE-S:7;; TIME K cy:70 ;; Nodes Proc: 4,497,529 -- Edges Proc: 3,739,950

===PRINTING FRAME STATS

FCollision In Avg:51, SD:43, Max:273, Min:0
FCollision Out Avg:40, SD:40, Max:237, Min:0
FCollision End Avg:0, SD:3, Max:100, Min:0
FTask1 Avg:6, SD:12, Max:80, Min:0
FTask2 Avg:10, SD:19, Max:100, Min:0
FTask3 Avg:19, SD:12, Max:100, Min:0
FCore Active Avg:41, SD:24, Max:100, Min:3
FRouter Active Avg:87, SD:12, Max:101, Min:20
T1 invocations: 18,720
T2 invocations: 78,796
T3 invocations: 529,017
T3b invocations: 3,320,997
Total3 invocations: 3,850,014
Total4 invocations: 0

T3/T2 ratio: 7
T3b/T3 ratio: 6

T1 avg ex cycles: 133
T2 avg ex cycles: 51
T3&b avg ex cycles: 2
T4 avg ex cycles: -nan
Avg. hops NOC1: 42
Avg. latency NOC1 (T2): 11,363
Avg. hops NOC2: 15
Avg. latency NOC2 (T3): 700

===PRINTING ACUM STATS at pu_cycles: 80,680

ACollision In Avg:96, SD:31, Max:265, Min:1
ACollision Out Avg:84, SD:30, Max:200, Min:0
ACollision End Avg:0, SD:2, Max:54, Min:0
ATask1 Avg:9, SD:2, Max:20, Min:1
ATask2 Avg:13, SD:7, Max:26, Min:0
ATask3 Avg:15, SD:8, Max:74, Min:3
ACore Active Avg:39, SD:12, Max:96, Min:7
ARouter Active Avg:73, SD:12, Max:99, Min:11
T1 invocations: 722,704
T2 invocations: 3,108,089
T3 invocations: 7,771,100
T3b invocations: 75,414,478
Total3 invocations: 83,185,578
Total4 invocations: 0

T3/T2 ratio: 3
T3b/T3 ratio: 10

T1 avg ex cycles: 132
T2 avg ex cycles: 51
T3&b avg ex cycles: 2
T4 avg ex cycles: -nan
Avg. hops NOC1: 33
Avg. latency NOC1 (T2): 11,012
Avg. hops NOC2: 12
Avg. latency NOC2 (T3): 1,167
Number of K Nodes Processed: 83,609
Number of K Edges Processed: 66,476
Node Re-explore factor: 19.86
Edge Re-explore factor: 0.66
Nodes/cy: 1,036
Edges/cy: 824
TEPS: 1,184

---Pcache---
Pcache Size: 16,448
Cached: 0
  PHits: 0
  PMisses: 0
  PHit Rate (hit/miss): -nan%
  PEvictions: 0
  PEviction Rate (evict/misses): -nan%

---Energy---
Leakage Energy (nJ): 134,542
PU Dyn E (nJ): 4,629,070
Mem Dyn E (nJ): 16,809,860
Route Dyn E (nJ): 7,012,561
Dynamic Energy (nJ): 28,451,491
Ratio of Dyn/Leak: 211
Total Energy (nJ): 28,586,033
Total Energy (nJ) 3D: 29,206,709
Cores Energy (nJ): 4,632,663
Route Energy (nJ): 7,014,630
Route Energy (nJ) 3D: 7,635,305
Mem Energy   (nJ): 16,938,741
Mem Energy   (nJ) 3D: 16,938,741
Avg. Power (mW): 354,313.75
Power Density (mW/mm2): 102.37

---Runtime---
Runtime in K cycles: 80.68
Microseconds: 80.68
Time per iteration (ms): 0.08

---Throughput---
GOP/s (aka OPS/ns): 5,183.58
GOP/s per core: 0.32
FLOP/s: 1,852.24
FLOP/s per core: 0.11
Max Peak FLOP/s: 16,384.00
Avg. BW GB/s: 39,974.41
Max BW GB/s: 65,536.00

---Traffic---
In-Die bisection_bytes BW (GB/s): 2,048.00
Inter-board traffic (msg/ns): 0.00, per-link: 0.00
Inter-pack traffic (msg/ns): 0.00, per-link: 0.00
Inter-die traffic (msg/ns): 0.00, per-link: 0.00
Ruche traffic (msg/ns): 0.00, per-link: 0.00
All traffic (msg/ns): 29,192.61, per-link: 1.78
Inter-die reduction wrt all: inf
Inter-board reduction wrt inter-die: -nan

---Data Movement---
All traffic (msg): 2,355,259,625
Arith. Intensity FLOP/Loads: 0.37
Arith. Intensity FLOP/Msgs: 0.06
Arith. Intensity OPS/Loads: 1.04
Arith. Intensity OPS/Msgs: 0.18



===Core Utilization Total=== CORE-S:8;; TIME K cy:80 ;; Nodes Proc: 5,326,596 -- Edges Proc: 4,140,134

===PRINTING FRAME STATS

FCollision In Avg:49, SD:42, Max:254, Min:0
FCollision Out Avg:36, SD:38, Max:217, Min:0
FCollision End Avg:0, SD:2, Max:92, Min:0
FTask1 Avg:3, SD:8, Max:59, Min:0
FTask2 Avg:10, SD:19, Max:100, Min:0
FTask3 Avg:21, SD:12, Max:100, Min:0
FCore Active Avg:40, SD:22, Max:100, Min:2
FRouter Active Avg:89, SD:10, Max:101, Min:18
T1 invocations: 8,288
T2 invocations: 71,267
T3 invocations: 541,986
T3b invocations: 3,737,697
Total3 invocations: 4,279,683
Total4 invocations: 0

T3/T2 ratio: 8
T3b/T3 ratio: 7

T1 avg ex cycles: 132
T2 avg ex cycles: 56
T3&b avg ex cycles: 2
T4 avg ex cycles: -nan
Avg. hops NOC1: 28
Avg. latency NOC1 (T2): 13,140
Avg. hops NOC2: 15
Avg. latency NOC2 (T3): 738

===PRINTING ACUM STATS at pu_cycles: 90,669

ACollision In Avg:91, SD:30, Max:245, Min:1
ACollision Out Avg:79, SD:29, Max:201, Min:0
ACollision End Avg:0, SD:2, Max:48, Min:0
ATask1 Avg:8, SD:2, Max:17, Min:1
ATask2 Avg:12, SD:6, Max:23, Min:0
ATask3 Avg:16, SD:8, Max:72, Min:3
ACore Active Avg:39, SD:11, Max:95, Min:7
ARouter Active Avg:75, SD:12, Max:99, Min:14
T1 invocations: 775,237
T2 invocations: 3,403,710
T3 invocations: 9,512,054
T3b invocations: 86,981,488
Total3 invocations: 96,493,542
Total4 invocations: 0

T3/T2 ratio: 3
T3b/T3 ratio: 9

T1 avg ex cycles: 131
T2 avg ex cycles: 51
T3&b avg ex cycles: 2
T4 avg ex cycles: -nan
Avg. hops NOC1: 33
Avg. latency NOC1 (T2): 11,320
Avg. hops NOC2: 13
Avg. latency NOC2 (T3): 1,107
Number of K Nodes Processed: 96,920
Number of K Edges Processed: 72,927
Node Re-explore factor: 23.02
Edge Re-explore factor: 0.72
Nodes/cy: 1,069
Edges/cy: 804
TEPS: 1,054

---Pcache---
Pcache Size: 16,448
Cached: 0
  PHits: 0
  PMisses: 0
  PHit Rate (hit/miss): -nan%
  PEvictions: 0
  PEviction Rate (evict/misses): -nan%

---Energy---
Leakage Energy (nJ): 151,200
PU Dyn E (nJ): 5,210,899
Mem Dyn E (nJ): 19,085,502
Route Dyn E (nJ): 8,217,466
Dynamic Energy (nJ): 32,513,868
Ratio of Dyn/Leak: 215
Total Energy (nJ): 32,665,068
Total Energy (nJ) 3D: 33,392,389
Cores Energy (nJ): 5,214,937
Route Energy (nJ): 8,219,791
Route Energy (nJ) 3D: 8,947,111
Mem Energy   (nJ): 19,230,341
Mem Energy   (nJ) 3D: 19,230,341
Avg. Power (mW): 360,267.21
Power Density (mW/mm2): 104.09

---Runtime---
Runtime in K cycles: 90.67
Microseconds: 90.67
Time per iteration (ms): 0.09

---Throughput---
GOP/s (aka OPS/ns): 5,148.52
GOP/s per core: 0.31
FLOP/s: 1,866.27
FLOP/s per core: 0.11
Max Peak FLOP/s: 16,384.00
Avg. BW GB/s: 40,386.02
Max BW GB/s: 65,536.00

---Traffic---
In-Die bisection_bytes BW (GB/s): 2,048.00
Inter-board traffic (msg/ns): 0.00, per-link: 0.00
Inter-pack traffic (msg/ns): 0.00, per-link: 0.00
Inter-die traffic (msg/ns): 0.00, per-link: 0.00
Ruche traffic (msg/ns): 0.00, per-link: 0.00
All traffic (msg/ns): 30,410.14, per-link: 1.86
Inter-die reduction wrt all: inf
Inter-board reduction wrt inter-die: -nan

---Data Movement---
All traffic (msg): 2,757,257,245
Arith. Intensity FLOP/Loads: 0.37
Arith. Intensity FLOP/Msgs: 0.06
Arith. Intensity OPS/Loads: 1.02
Arith. Intensity OPS/Msgs: 0.17



===Core Utilization Total=== CORE-S:9;; TIME K cy:90 ;; Nodes Proc: 6,250,224 -- Edges Proc: 4,553,287

===PRINTING FRAME STATS

FCollision In Avg:37, SD:39, Max:289, Min:0
FCollision Out Avg:26, SD:34, Max:208, Min:0
FCollision End Avg:0, SD:2, Max:76, Min:0
FTask1 Avg:2, SD:7, Max:77, Min:0
FTask2 Avg:7, SD:17, Max:100, Min:0
FTask3 Avg:19, SD:12, Max:100, Min:0
FCore Active Avg:34, SD:22, Max:100, Min:2
FRouter Active Avg:85, SD:11, Max:101, Min:30
T1 invocations: 6,162
T2 invocations: 53,177
T3 invocations: 552,414
T3b invocations: 3,271,410
Total3 invocations: 3,823,824
Total4 invocations: 0

T3/T2 ratio: 10
T3b/T3 ratio: 6

T1 avg ex cycles: 126
T2 avg ex cycles: 56
T3&b avg ex cycles: 2
T4 avg ex cycles: -nan
Avg. hops NOC1: 33
Avg. latency NOC1 (T2): 11,521
Avg. hops NOC2: 15
Avg. latency NOC2 (T3): 676

===PRINTING ACUM STATS at pu_cycles: 100,663

ACollision In Avg:85, SD:28, Max:222, Min:1
ACollision Out Avg:74, SD:27, Max:190, Min:0
ACollision End Avg:0, SD:2, Max:44, Min:0
ATask1 Avg:8, SD:1, Max:16, Min:0
ATask2 Avg:12, SD:5, Max:20, Min:0
ATask3 Avg:16, SD:8, Max:72, Min:4
ACore Active Avg:39, SD:10, Max:95, Min:8
ARouter Active Avg:76, SD:11, Max:99, Min:17
T1 invocations: 822,827
T2 invocations: 3,657,852
T3 invocations: 11,435,472
T3b invocations: 98,146,932
Total3 invocations: 109,582,404
Total4 invocations: 0

T3/T2 ratio: 3
T3b/T3 ratio: 9

T1 avg ex cycles: 131
T2 avg ex cycles: 51
T3&b avg ex cycles: 2
T4 avg ex cycles: -nan
Avg. hops NOC1: 33
Avg. latency NOC1 (T2): 11,606
Avg. hops NOC2: 13
Avg. latency NOC2 (T3): 1,061
Number of K Nodes Processed: 110,020
Number of K Edges Processed: 78,491
Node Re-explore factor: 26.13
Edge Re-explore factor: 0.77
Nodes/cy: 1,093
Edges/cy: 780
TEPS: 949

---Pcache---
Pcache Size: 16,448
Cached: 0
  PHits: 0
  PMisses: 0
  PHit Rate (hit/miss): -nan%
  PEvictions: 0
  PEviction Rate (evict/misses): -nan%

---Energy---
Leakage Energy (nJ): 167,866
PU Dyn E (nJ): 5,758,631
Mem Dyn E (nJ): 21,252,357
Route Dyn E (nJ): 9,427,178
Dynamic Energy (nJ): 36,438,166
Ratio of Dyn/Leak: 217
Total Energy (nJ): 36,606,032
Total Energy (nJ) 3D: 37,440,423
Cores Energy (nJ): 5,763,113
Route Energy (nJ): 9,429,759
Route Energy (nJ) 3D: 10,264,150
Mem Energy   (nJ): 21,413,160
Mem Energy   (nJ) 3D: 21,413,160
Avg. Power (mW): 363,649.32
Power Density (mW/mm2): 105.06

---Runtime---
Runtime in K cycles: 100.66
Microseconds: 100.66
Time per iteration (ms): 0.10

---Throughput---
GOP/s (aka OPS/ns): 5,089.42
GOP/s per core: 0.31
FLOP/s: 1,866.52
FLOP/s per core: 0.11
Max Peak FLOP/s: 16,384.00
Avg. BW GB/s: 40,506.56
Max BW GB/s: 65,536.00

---Traffic---
In-Die bisection_bytes BW (GB/s): 2,048.00
Inter-board traffic (msg/ns): 0.00, per-link: 0.00
Inter-pack traffic (msg/ns): 0.00, per-link: 0.00
Inter-die traffic (msg/ns): 0.00, per-link: 0.00
Ruche traffic (msg/ns): 0.00, per-link: 0.00
All traffic (msg/ns): 31,393.72, per-link: 1.92
Inter-die reduction wrt all: inf
Inter-board reduction wrt inter-die: -nan

---Data Movement---
All traffic (msg): 3,160,186,265
Arith. Intensity FLOP/Loads: 0.37
Arith. Intensity FLOP/Msgs: 0.06
Arith. Intensity OPS/Loads: 1.01
Arith. Intensity OPS/Msgs: 0.16



===Core Utilization Total=== CORE-S:10;; TIME K cy:100 ;; Nodes Proc: 7,150,513 -- Edges Proc: 4,916,549

===PRINTING FRAME STATS

FCollision In Avg:30, SD:38, Max:276, Min:0
FCollision Out Avg:23, SD:34, Max:183, Min:0
FCollision End Avg:0, SD:3, Max:98, Min:0
FTask1 Avg:1, SD:4, Max:82, Min:0
FTask2 Avg:6, SD:16, Max:100, Min:0
FTask3 Avg:18, SD:12, Max:100, Min:0
FCore Active Avg:30, SD:21, Max:100, Min:2
FRouter Active Avg:81, SD:13, Max:101, Min:34
T1 invocations: 2,245
T2 invocations: 45,510
T3 invocations: 570,236
T3b invocations: 3,012,783
Total3 invocations: 3,583,019
Total4 invocations: 0

T3/T2 ratio: 13
T3b/T3 ratio: 5

T1 avg ex cycles: 122
T2 avg ex cycles: 54
T3&b avg ex cycles: 2
T4 avg ex cycles: -nan
Avg. hops NOC1: 24
Avg. latency NOC1 (T2): 12,019
Avg. hops NOC2: 15
Avg. latency NOC2 (T3): 540

===PRINTING ACUM STATS at pu_cycles: 110,551

ACollision In Avg:80, SD:27, Max:205, Min:1
ACollision Out Avg:69, SD:27, Max:176, Min:0
ACollision End Avg:0, SD:2, Max:40, Min:0
ATask1 Avg:7, SD:1, Max:14, Min:1
ATask2 Avg:11, SD:4, Max:19, Min:0
ATask3 Avg:16, SD:7, Max:69, Min:4
ACore Active Avg:38, SD:10, Max:91, Min:9
ARouter Active Avg:76, SD:10, Max:98, Min:22
T1 invocations: 856,715
T2 invocations: 3,868,097
T3 invocations: 13,590,494
T3b invocations: 109,001,858
Total3 invocations: 122,592,352
Total4 invocations: 0

T3/T2 ratio: 4
T3b/T3 ratio: 8

T1 avg ex cycles: 131
T2 avg ex cycles: 51
T3&b avg ex cycles: 2
T4 avg ex cycles: -nan
Avg. hops NOC1: 33
Avg. latency NOC1 (T2): 11,796
Avg. hops NOC2: 13
Avg. latency NOC2 (T3): 1,017
Number of K Nodes Processed: 122,911
Number of K Edges Processed: 82,968
Node Re-explore factor: 29.19
Edge Re-explore factor: 0.82
Nodes/cy: 1,112
Edges/cy: 751
TEPS: 864

---Pcache---
Pcache Size: 16,448
Cached: 0
  PHits: 0
  PMisses: 0
  PHit Rate (hit/miss): -nan%
  PEvictions: 0
  PEviction Rate (evict/misses): -nan%

---Energy---
Leakage Energy (nJ): 184,355
PU Dyn E (nJ): 6,266,126
Mem Dyn E (nJ): 23,307,767
Route Dyn E (nJ): 10,614,873
Dynamic Energy (nJ): 40,188,767
Ratio of Dyn/Leak: 218
Total Energy (nJ): 40,373,122
Total Energy (nJ) 3D: 41,312,635
Cores Energy (nJ): 6,271,049
Route Energy (nJ): 10,617,708
Route Energy (nJ) 3D: 11,557,221
Mem Energy   (nJ): 23,484,366
Mem Energy   (nJ) 3D: 23,484,366
Avg. Power (mW): 365,199.07
Power Density (mW/mm2): 105.51

---Runtime---
Runtime in K cycles: 110.55
Microseconds: 110.55
Time per iteration (ms): 0.11

---Throughput---
GOP/s (aka OPS/ns): 5,006.48
GOP/s per core: 0.31
FLOP/s: 1,858.39
FLOP/s per core: 0.11
Max Peak FLOP/s: 16,384.00
Avg. BW GB/s: 40,450.91
Max BW GB/s: 65,536.00

---Traffic---
In-Die bisection_bytes BW (GB/s): 2,048.00
Inter-board traffic (msg/ns): 0.00, per-link: 0.00
Inter-pack traffic (msg/ns): 0.00, per-link: 0.00
Inter-die traffic (msg/ns): 0.00, per-link: 0.00
Ruche traffic (msg/ns): 0.00, per-link: 0.00
All traffic (msg/ns): 32,165.99, per-link: 1.96
Inter-die reduction wrt all: inf
Inter-board reduction wrt inter-die: -nan

---Data Movement---
All traffic (msg): 3,555,982,830
Arith. Intensity FLOP/Loads: 0.37
Arith. Intensity FLOP/Msgs: 0.06
Arith. Intensity OPS/Loads: 0.99
Arith. Intensity OPS/Msgs: 0.16



===Core Utilization Total=== CORE-S:11;; TIME K cy:110 ;; Nodes Proc: 8,029,666 -- Edges Proc: 5,204,257
======== IT IS COLD ======= Only 501 Tiles active

===PRINTING FRAME STATS

FCollision In Avg:18, SD:32, Max:272, Min:0
FCollision Out Avg:13, SD:27, Max:206, Min:0
FCollision End Avg:0, SD:3, Max:100, Min:0
FTask1 Avg:1, SD:5, Max:56, Min:0
FTask2 Avg:4, SD:13, Max:100, Min:0
FTask3 Avg:14, SD:10, Max:100, Min:0
FCore Active Avg:23, SD:18, Max:100, Min:2
FRouter Active Avg:71, SD:15, Max:101, Min:30
T1 invocations: 2,570
T2 invocations: 27,755
T3 invocations: 524,888
T3b invocations: 2,253,955
Total3 invocations: 2,778,843
Total4 invocations: 0

T3/T2 ratio: 19
T3b/T3 ratio: 4

T1 avg ex cycles: 137
T2 avg ex cycles: 54
T3&b avg ex cycles: 2
T4 avg ex cycles: -nan
Avg. hops NOC1: 26
Avg. latency NOC1 (T2): 11,493
Avg. hops NOC2: 15
Avg. latency NOC2 (T3): 427

===PRINTING ACUM STATS at pu_cycles: 120,651

ACollision In Avg:75, SD:26, Max:199, Min:1
ACollision Out Avg:64, SD:25, Max:169, Min:0
ACollision End Avg:0, SD:1, Max:36, Min:0
ATask1 Avg:7, SD:1, Max:13, Min:1
ATask2 Avg:11, SD:3, Max:17, Min:0
ATask3 Avg:16, SD:7, Max:66, Min:4
ACore Active Avg:37, SD:9, Max:87, Min:10
ARouter Active Avg:76, SD:9, Max:98, Min:26
T1 invocations: 880,497
T2 invocations: 4,020,937
T3 invocations: 15,610,674
T3b invocations: 118,140,551
Total3 invocations: 133,751,225
Total4 invocations: 0

T3/T2 ratio: 4
T3b/T3 ratio: 8

T1 avg ex cycles: 131
T2 avg ex cycles: 51
T3&b avg ex cycles: 2
T4 avg ex cycles: -nan
Avg. hops NOC1: 33
Avg. latency NOC1 (T2): 11,980
Avg. hops NOC2: 13
Avg. latency NOC2 (T3): 975
Number of K Nodes Processed: 134,086
Number of K Edges Processed: 86,267
Node Re-explore factor: 31.84
Edge Re-explore factor: 0.85
Nodes/cy: 1,111
Edges/cy: 715
TEPS: 792

---Pcache---
Pcache Size: 16,448
Cached: 0
  PHits: 0
  PMisses: 0
  PHit Rate (hit/miss): -nan%
  PEvictions: 0
  PEviction Rate (evict/misses): -nan%

---Energy---
Leakage Energy (nJ): 201,198
PU Dyn E (nJ): 6,681,139
Mem Dyn E (nJ): 25,014,037
Route Dyn E (nJ): 11,653,583
Dynamic Energy (nJ): 43,348,760
Ratio of Dyn/Leak: 215
Total Energy (nJ): 43,549,958
Total Energy (nJ) 3D: 44,581,406
Cores Energy (nJ): 6,686,512
Route Energy (nJ): 11,656,677
Route Energy (nJ) 3D: 12,688,125
Mem Energy   (nJ): 25,206,770
Mem Energy   (nJ) 3D: 25,206,770
Avg. Power (mW): 360,958.12
Power Density (mW/mm2): 104.29

---Runtime---
Runtime in K cycles: 120.65
Microseconds: 120.65
Time per iteration (ms): 0.12

---Throughput---
GOP/s (aka OPS/ns): 4,862.91
GOP/s per core: 0.30
FLOP/s: 1,822.67
FLOP/s per core: 0.11
Max Peak FLOP/s: 16,384.00
Avg. BW GB/s: 39,778.17
Max BW GB/s: 65,536.00

---Traffic---
In-Die bisection_bytes BW (GB/s): 2,048.00
Inter-board traffic (msg/ns): 0.00, per-link: 0.00
Inter-pack traffic (msg/ns): 0.00, per-link: 0.00
Inter-die traffic (msg/ns): 0.00, per-link: 0.00
Ruche traffic (msg/ns): 0.00, per-link: 0.00
All traffic (msg/ns): 32,337.89, per-link: 1.97
Inter-die reduction wrt all: inf
Inter-board reduction wrt inter-die: -nan

---Data Movement---
All traffic (msg): 3,901,599,109
Arith. Intensity FLOP/Loads: 0.37
Arith. Intensity FLOP/Msgs: 0.06
Arith. Intensity OPS/Loads: 0.98
Arith. Intensity OPS/Msgs: 0.15



===Core Utilization Total=== CORE-S:12;; TIME K cy:120 ;; Nodes Proc: 8,739,693 -- Edges Proc: 5,459,183
======== IT IS COLD ======= Only 337 Tiles active

===PRINTING FRAME STATS

FCollision In Avg:14, SD:27, Max:274, Min:0
FCollision Out Avg:8, SD:21, Max:176, Min:0
FCollision End Avg:0, SD:2, Max:93, Min:0
FTask1 Avg:1, SD:4, Max:66, Min:0
FTask2 Avg:4, SD:12, Max:100, Min:0
FTask3 Avg:14, SD:10, Max:100, Min:0
FCore Active Avg:23, SD:18, Max:100, Min:1
FRouter Active Avg:71, SD:15, Max:101, Min:34
T1 invocations: 1,709
T2 invocations: 27,225
T3 invocations: 509,713
T3b invocations: 2,262,773
Total3 invocations: 2,772,486
Total4 invocations: 0

T3/T2 ratio: 19
T3b/T3 ratio: 4

T1 avg ex cycles: 129
T2 avg ex cycles: 53
T3&b avg ex cycles: 2
T4 avg ex cycles: -nan
Avg. hops NOC1: 28
Avg. latency NOC1 (T2): 13,861
Avg. hops NOC2: 16
Avg. latency NOC2 (T3): 281

===PRINTING ACUM STATS at pu_cycles: 130,482

ACollision In Avg:70, SD:25, Max:193, Min:1
ACollision Out Avg:60, SD:24, Max:162, Min:0
ACollision End Avg:0, SD:1, Max:33, Min:0
ATask1 Avg:6, SD:1, Max:12, Min:2
ATask2 Avg:10, SD:3, Max:16, Min:0
ATask3 Avg:16, SD:7, Max:61, Min:4
ACore Active Avg:36, SD:9, Max:84, Min:12
ARouter Active Avg:75, SD:9, Max:98, Min:30
T1 invocations: 904,635
T2 invocations: 4,174,906
T3 invocations: 17,672,417
T3b invocations: 127,374,920
Total3 invocations: 145,047,337
Total4 invocations: 0

T3/T2 ratio: 4
T3b/T3 ratio: 7

T1 avg ex cycles: 131
T2 avg ex cycles: 51
T3&b avg ex cycles: 2
T4 avg ex cycles: -nan
Avg. hops NOC1: 33
Avg. latency NOC1 (T2): 12,092
Avg. hops NOC2: 13
Avg. latency NOC2 (T3): 930
Number of K Nodes Processed: 145,363
Number of K Edges Processed: 89,525
Node Re-explore factor: 34.52
Edge Re-explore factor: 0.88
Nodes/cy: 1,114
Edges/cy: 686
TEPS: 732

---Pcache---
Pcache Size: 16,448
Cached: 0
  PHits: 0
  PMisses: 0
  PHit Rate (hit/miss): -nan%
  PEvictions: 0
  PEviction Rate (evict/misses): -nan%

---Energy---
Leakage Energy (nJ): 217,592
PU Dyn E (nJ): 7,097,742
Mem Dyn E (nJ): 26,731,742
Route Dyn E (nJ): 12,733,489
Dynamic Energy (nJ): 46,562,974
Ratio of Dyn/Leak: 214
Total Energy (nJ): 46,780,566
Total Energy (nJ) 3D: 47,907,595
Cores Energy (nJ): 7,103,553
Route Energy (nJ): 12,736,835
Route Energy (nJ) 3D: 13,863,864
Mem Energy   (nJ): 26,940,179
Mem Energy   (nJ) 3D: 26,940,179
Avg. Power (mW): 358,521.22
Power Density (mW/mm2): 103.58

---Runtime---
Runtime in K cycles: 130.48
Microseconds: 130.48
Time per iteration (ms): 0.13

---Throughput---
GOP/s (aka OPS/ns): 4,751.80
GOP/s per core: 0.29
FLOP/s: 1,796.71
FLOP/s per core: 0.11
Max Peak FLOP/s: 16,384.00
Avg. BW GB/s: 39,307.01
Max BW GB/s: 65,536.00

---Traffic---
In-Die bisection_bytes BW (GB/s): 2,048.00
Inter-board traffic (msg/ns): 0.00, per-link: 0.00
Inter-pack traffic (msg/ns): 0.00, per-link: 0.00
Inter-die traffic (msg/ns): 0.00, per-link: 0.00
Ruche traffic (msg/ns): 0.00, per-link: 0.00
All traffic (msg/ns): 32,650.46, per-link: 1.99
Inter-die reduction wrt all: inf
Inter-board reduction wrt inter-die: -nan

---Data Movement---
All traffic (msg): 4,260,297,254
Arith. Intensity FLOP/Loads: 0.37
Arith. Intensity FLOP/Msgs: 0.06
Arith. Intensity OPS/Loads: 0.97
Arith. Intensity OPS/Msgs: 0.15



===Core Utilization Total=== CORE-S:13;; TIME K cy:130 ;; Nodes Proc: 9,401,753 -- Edges Proc: 5,643,064
======== IT IS COLD ======= Only 381 Tiles active

===PRINTING FRAME STATS

FCollision In Avg:18, SD:29, Max:231, Min:0
FCollision Out Avg:10, SD:20, Max:190, Min:0
FCollision End Avg:0, SD:2, Max:81, Min:0
FTask1 Avg:0, SD:4, Max:81, Min:0
FTask2 Avg:6, SD:17, Max:100, Min:0
FTask3 Avg:16, SD:11, Max:98, Min:0
FCore Active Avg:28, SD:21, Max:100, Min:2
FRouter Active Avg:77, SD:15, Max:101, Min:40
T1 invocations: 1,143
T2 invocations: 39,656
T3 invocations: 548,550
T3b invocations: 2,728,547
Total3 invocations: 3,277,097
Total4 invocations: 0

T3/T2 ratio: 14
T3b/T3 ratio: 5

T1 avg ex cycles: 122
T2 avg ex cycles: 57
T3&b avg ex cycles: 2
T4 avg ex cycles: -nan
Avg. hops NOC1: 23
Avg. latency NOC1 (T2): 8,237
Avg. hops NOC2: 15
Avg. latency NOC2 (T3): 324

===PRINTING ACUM STATS at pu_cycles: 140,491

ACollision In Avg:67, SD:24, Max:180, Min:1
ACollision Out Avg:56, SD:23, Max:150, Min:0
ACollision End Avg:0, SD:1, Max:31, Min:0
ATask1 Avg:6, SD:1, Max:12, Min:2
ATask2 Avg:10, SD:2, Max:15, Min:0
ATask3 Avg:16, SD:7, Max:58, Min:5
ACore Active Avg:35, SD:8, Max:81, Min:15
ARouter Active Avg:75, SD:9, Max:98, Min:35
T1 invocations: 934,245
T2 invocations: 4,340,248
T3 invocations: 19,979,093
T3b invocations: 137,816,621
Total3 invocations: 157,795,714
Total4 invocations: 0

T3/T2 ratio: 5
T3b/T3 ratio: 7

T1 avg ex cycles: 131
T2 avg ex cycles: 51
T3&b avg ex cycles: 2
T4 avg ex cycles: -nan
Avg. hops NOC1: 33
Avg. latency NOC1 (T2): 12,060
Avg. hops NOC2: 13
Avg. latency NOC2 (T3): 887
Number of K Nodes Processed: 158,021
Number of K Edges Processed: 93,189
Node Re-explore factor: 37.53
Edge Re-explore factor: 0.92
Nodes/cy: 1,125
Edges/cy: 663
TEPS: 680

---Pcache---
Pcache Size: 16,448
Cached: 0
  PHits: 0
  PMisses: 0
  PHit Rate (hit/miss): -nan%
  PEvictions: 0
  PEviction Rate (evict/misses): -nan%

---Energy---
Leakage Energy (nJ): 234,283
PU Dyn E (nJ): 7,572,198
Mem Dyn E (nJ): 28,678,677
Route Dyn E (nJ): 13,962,493
Dynamic Energy (nJ): 50,213,368
Ratio of Dyn/Leak: 214
Total Energy (nJ): 50,447,651
Total Energy (nJ) 3D: 51,683,459
Cores Energy (nJ): 7,578,454
Route Energy (nJ): 13,966,095
Route Energy (nJ) 3D: 15,201,902
Mem Energy   (nJ): 28,903,103
Mem Energy   (nJ) 3D: 28,903,103
Avg. Power (mW): 359,081.02
Power Density (mW/mm2): 103.74

---Runtime---
Runtime in K cycles: 140.49
Microseconds: 140.49
Time per iteration (ms): 0.14

---Throughput---
GOP/s (aka OPS/ns): 4,685.30
GOP/s per core: 0.29
FLOP/s: 1,786.00
FLOP/s per core: 0.11
Max Peak FLOP/s: 16,384.00
Avg. BW GB/s: 39,165.61
Max BW GB/s: 65,536.00

---Traffic---
In-Die bisection_bytes BW (GB/s): 2,048.00
Inter-board traffic (msg/ns): 0.00, per-link: 0.00
Inter-pack traffic (msg/ns): 0.00, per-link: 0.00
Inter-die traffic (msg/ns): 0.00, per-link: 0.00
Ruche traffic (msg/ns): 0.00, per-link: 0.00
All traffic (msg/ns): 33,228.28, per-link: 2.03
Inter-die reduction wrt all: inf
Inter-board reduction wrt inter-die: -nan

---Data Movement---
All traffic (msg): 4,668,274,840
Arith. Intensity FLOP/Loads: 0.37
Arith. Intensity FLOP/Msgs: 0.05
Arith. Intensity OPS/Loads: 0.96
Arith. Intensity OPS/Msgs: 0.14



===Core Utilization Total=== CORE-S:14;; TIME K cy:140 ;; Nodes Proc: 10,067,047 -- Edges Proc: 5,831,406
======== IT IS COLD ======= Only 286 Tiles active

===PRINTING FRAME STATS

FCollision In Avg:12, SD:24, Max:213, Min:0
FCollision Out Avg:6, SD:16, Max:190, Min:0
FCollision End Avg:0, SD:2, Max:100, Min:0
FTask1 Avg:0, SD:1, Max:86, Min:0
FTask2 Avg:3, SD:12, Max:100, Min:0
FTask3 Avg:13, SD:10, Max:100, Min:0
FCore Active Avg:20, SD:17, Max:100, Min:2
FRouter Active Avg:66, SD:17, Max:101, Min:27
T1 invocations: 127
T2 invocations: 20,895
T3 invocations: 527,403
T3b invocations: 2,075,582
Total3 invocations: 2,602,985
Total4 invocations: 0

T3/T2 ratio: 25
T3b/T3 ratio: 4

T1 avg ex cycles: 107
T2 avg ex cycles: 61
T3&b avg ex cycles: 2
T4 avg ex cycles: -nan
Avg. hops NOC1: 18
Avg. latency NOC1 (T2): 11,175
Avg. hops NOC2: 15
Avg. latency NOC2 (T3): 381

===PRINTING ACUM STATS at pu_cycles: 150,534

ACollision In Avg:63, SD:23, Max:169, Min:1
ACollision Out Avg:53, SD:21, Max:140, Min:0
ACollision End Avg:0, SD:1, Max:29, Min:0
ATask1 Avg:5, SD:0, Max:16, Min:4
ATask2 Avg:9, SD:2, Max:14, Min:0
ATask3 Avg:16, SD:7, Max:56, Min:5
ACore Active Avg:34, SD:8, Max:78, Min:15
ARouter Active Avg:75, SD:9, Max:97, Min:36
T1 invocations: 955,592
T2 invocations: 4,466,503
T3 invocations: 22,150,321
T3b invocations: 146,876,505
Total3 invocations: 169,026,826
Total4 invocations: 0

T3/T2 ratio: 5
T3b/T3 ratio: 7

T1 avg ex cycles: 131
T2 avg ex cycles: 51
T3&b avg ex cycles: 2
T4 avg ex cycles: -nan
Avg. hops NOC1: 33
Avg. latency NOC1 (T2): 12,076
Avg. hops NOC2: 14
Avg. latency NOC2 (T3): 854
Number of K Nodes Processed: 169,308
Number of K Edges Processed: 96,081
Node Re-explore factor: 40.21
Edge Re-explore factor: 0.95
Nodes/cy: 1,125
Edges/cy: 638
TEPS: 635

---Pcache---
Pcache Size: 16,448
Cached: 0
  PHits: 0
  PMisses: 0
  PHit Rate (hit/miss): -nan%
  PEvictions: 0
  PEviction Rate (evict/misses): -nan%

---Energy---
Leakage Energy (nJ): 251,031
PU Dyn E (nJ): 7,975,275
Mem Dyn E (nJ): 30,353,588
Route Dyn E (nJ): 15,059,716
Dynamic Energy (nJ): 53,388,580
Ratio of Dyn/Leak: 213
Total Energy (nJ): 53,639,611
Total Energy (nJ) 3D: 54,972,533
Cores Energy (nJ): 7,981,979
Route Energy (nJ): 15,063,576
Route Energy (nJ) 3D: 16,396,497
Mem Energy   (nJ): 30,594,057
Mem Energy   (nJ) 3D: 30,594,057
Avg. Power (mW): 356,328.88
Power Density (mW/mm2): 102.95

---Runtime---
Runtime in K cycles: 150.53
Microseconds: 150.53
Time per iteration (ms): 0.15

---Throughput---
GOP/s (aka OPS/ns): 4,585.62
GOP/s per core: 0.28
FLOP/s: 1,760.54
FLOP/s per core: 0.11
Max Peak FLOP/s: 16,384.00
Avg. BW GB/s: 38,687.51
Max BW GB/s: 65,536.00

---Traffic---
In-Die bisection_bytes BW (GB/s): 2,048.00
Inter-board traffic (msg/ns): 0.00, per-link: 0.00
Inter-pack traffic (msg/ns): 0.00, per-link: 0.00
Inter-die traffic (msg/ns): 0.00, per-link: 0.00
Ruche traffic (msg/ns): 0.00, per-link: 0.00
All traffic (msg/ns): 33,428.61, per-link: 2.04
Inter-die reduction wrt all: inf
Inter-board reduction wrt inter-die: -nan

---Data Movement---
All traffic (msg): 5,032,142,260
Arith. Intensity FLOP/Loads: 0.36
Arith. Intensity FLOP/Msgs: 0.05
Arith. Intensity OPS/Loads: 0.95
Arith. Intensity OPS/Msgs: 0.14



===Core Utilization Total=== CORE-S:15;; TIME K cy:150 ;; Nodes Proc: 10,650,329 -- Edges Proc: 5,995,290
======== IT IS COLD ======= Only 295 Tiles active

===PRINTING FRAME STATS

FCollision In Avg:8, SD:22, Max:194, Min:0
FCollision Out Avg:4, SD:16, Max:150, Min:0
FCollision End Avg:0, SD:2, Max:96, Min:0
FTask1 Avg:0, SD:0, Max:0, Min:0
FTask2 Avg:2, SD:11, Max:100, Min:0
FTask3 Avg:10, SD:9, Max:97, Min:0
FCore Active Avg:16, SD:16, Max:100, Min:1
FRouter Active Avg:55, SD:18, Max:101, Min:20
T1 invocations: 0
T2 invocations: 14,868
T3 invocations: 478,557
T3b invocations: 1,584,587
Total3 invocations: 2,063,144
Total4 invocations: 0

T3/T2 ratio: 32
T3b/T3 ratio: 3

T1 avg ex cycles: -nan
T2 avg ex cycles: 62
T3&b avg ex cycles: 2
T4 avg ex cycles: -nan
Avg. hops NOC1: 12
Avg. latency NOC1 (T2): 7,960
Avg. hops NOC2: 15
Avg. latency NOC2 (T3): 316

===PRINTING ACUM STATS at pu_cycles: 160,478

ACollision In Avg:60, SD:22, Max:171, Min:1
ACollision Out Avg:50, SD:20, Max:133, Min:0
ACollision End Avg:0, SD:1, Max:27, Min:0
ATask1 Avg:5, SD:0, Max:15, Min:4
ATask2 Avg:9, SD:1, Max:13, Min:0
ATask3 Avg:15, SD:7, Max:55, Min:5
ACore Active Avg:33, SD:8, Max:77, Min:14
ARouter Active Avg:74, SD:9, Max:96, Min:36
T1 invocations: 970,081
T2 invocations: 4,559,209
T3 invocations: 24,267,720
T3b invocations: 154,845,058
Total3 invocations: 179,112,778
Total4 invocations: 0

T3/T2 ratio: 5
T3b/T3 ratio: 6

T1 avg ex cycles: 131
T2 avg ex cycles: 51
T3&b avg ex cycles: 2
T4 avg ex cycles: -nan
Avg. hops NOC1: 33
Avg. latency NOC1 (T2): 12,017
Avg. hops NOC2: 14
Avg. latency NOC2 (T3): 832
Number of K Nodes Processed: 179,259
Number of K Edges Processed: 98,212
Node Re-explore factor: 42.57
Edge Re-explore factor: 0.97
Nodes/cy: 1,117
Edges/cy: 612
TEPS: 595

---Pcache---
Pcache Size: 16,448
Cached: 0
  PHits: 0
  PMisses: 0
  PHit Rate (hit/miss): -nan%
  PEvictions: 0
  PEviction Rate (evict/misses): -nan%

---Energy---
Leakage Energy (nJ): 267,614
PU Dyn E (nJ): 8,323,133
Mem Dyn E (nJ): 31,819,228
Route Dyn E (nJ): 16,021,104
Dynamic Energy (nJ): 56,163,465
Ratio of Dyn/Leak: 210
Total Energy (nJ): 56,431,079
Total Energy (nJ) 3D: 57,849,092
Cores Energy (nJ): 8,330,279
Route Energy (nJ): 16,025,218
Route Energy (nJ) 3D: 17,443,232
Mem Energy   (nJ): 32,075,582
Mem Energy   (nJ) 3D: 32,075,582
Avg. Power (mW): 351,643.71
Power Density (mW/mm2): 101.59

---Runtime---
Runtime in K cycles: 160.48
Microseconds: 160.48
Time per iteration (ms): 0.16

---Throughput---
GOP/s (aka OPS/ns): 4,471.35
GOP/s per core: 0.27
FLOP/s: 1,727.91
FLOP/s per core: 0.11
Max Peak FLOP/s: 16,384.00
Avg. BW GB/s: 38,042.62
Max BW GB/s: 65,536.00

---Traffic---
In-Die bisection_bytes BW (GB/s): 2,048.00
Inter-board traffic (msg/ns): 0.00, per-link: 0.00
Inter-pack traffic (msg/ns): 0.00, per-link: 0.00
Inter-die traffic (msg/ns): 0.00, per-link: 0.00
Ruche traffic (msg/ns): 0.00, per-link: 0.00
All traffic (msg/ns): 33,346.63, per-link: 2.04
Inter-die reduction wrt all: inf
Inter-board reduction wrt inter-die: -nan

---Data Movement---
All traffic (msg): 5,351,399,843
Arith. Intensity FLOP/Loads: 0.36
Arith. Intensity FLOP/Msgs: 0.05
Arith. Intensity OPS/Loads: 0.94
Arith. Intensity OPS/Msgs: 0.13



===Core Utilization Total=== CORE-S:16;; TIME K cy:160 ;; Nodes Proc: 11,177,798 -- Edges Proc: 6,130,790
======== IT IS COLD ======= Only 217 Tiles active

===PRINTING FRAME STATS

FCollision In Avg:5, SD:18, Max:240, Min:0
FCollision Out Avg:3, SD:12, Max:111, Min:0
FCollision End Avg:0, SD:1, Max:39, Min:0
FTask1 Avg:0, SD:0, Max:0, Min:0
FTask2 Avg:1, SD:9, Max:100, Min:0
FTask3 Avg:7, SD:7, Max:88, Min:0
FCore Active Avg:11, SD:12, Max:100, Min:1
FRouter Active Avg:42, SD:18, Max:101, Min:12
T1 invocations: 0
T2 invocations: 8,614
T3 invocations: 374,760
T3b invocations: 1,082,828
Total3 invocations: 1,457,588
Total4 invocations: 0

T3/T2 ratio: 44
T3b/T3 ratio: 3

T1 avg ex cycles: -nan
T2 avg ex cycles: 64
T3&b avg ex cycles: 2
T4 avg ex cycles: -nan
Avg. hops NOC1: 12
Avg. latency NOC1 (T2): 10,872
Avg. hops NOC2: 15
Avg. latency NOC2 (T3): 248

===PRINTING ACUM STATS at pu_cycles: 170,457

ACollision In Avg:56, SD:21, Max:169, Min:1
ACollision Out Avg:47, SD:19, Max:129, Min:0
ACollision End Avg:0, SD:1, Max:26, Min:0
ATask1 Avg:5, SD:0, Max:14, Min:4
ATask2 Avg:9, SD:1, Max:12, Min:1
ATask3 Avg:15, SD:7, Max:54, Min:4
ACore Active Avg:32, SD:8, Max:75, Min:15
ARouter Active Avg:72, SD:9, Max:97, Min:35
T1 invocations: 977,669
T2 invocations: 4,617,620
T3 invocations: 25,927,717
T3b invocations: 160,562,935
Total3 invocations: 186,490,652
Total4 invocations: 0

T3/T2 ratio: 6
T3b/T3 ratio: 6

T1 avg ex cycles: 131
T2 avg ex cycles: 51
T3&b avg ex cycles: 2
T4 avg ex cycles: -nan
Avg. hops NOC1: 33
Avg. latency NOC1 (T2): 11,992
Avg. hops NOC2: 14
Avg. latency NOC2 (T3): 814
Number of K Nodes Processed: 186,629
Number of K Edges Processed: 99,561
Node Re-explore factor: 44.32
Edge Re-explore factor: 0.98
Nodes/cy: 1,095
Edges/cy: 584
TEPS: 561

---Pcache---
Pcache Size: 16,448
Cached: 0
  PHits: 0
  PMisses: 0
  PHit Rate (hit/miss): -nan%
  PEvictions: 0
  PEviction Rate (evict/misses): -nan%

---Energy---
Leakage Energy (nJ): 284,255
PU Dyn E (nJ): 8,568,199
Mem Dyn E (nJ): 32,866,338
Route Dyn E (nJ): 16,732,969
Dynamic Energy (nJ): 58,167,506
Ratio of Dyn/Leak: 205
Total Energy (nJ): 58,451,761
Total Energy (nJ) 3D: 59,932,781
Cores Energy (nJ): 8,575,789
Route Energy (nJ): 16,737,340
Route Energy (nJ) 3D: 18,218,360
Mem Energy   (nJ): 33,138,633
Mem Energy   (nJ) 3D: 33,138,633
Avg. Power (mW): 342,912.06
Power Density (mW/mm2): 99.07

---Runtime---
Runtime in K cycles: 170.46
Microseconds: 170.46
Time per iteration (ms): 0.17

---Throughput---
GOP/s (aka OPS/ns): 4,320.57
GOP/s per core: 0.26
FLOP/s: 1,677.89
FLOP/s per core: 0.10
Max Peak FLOP/s: 16,384.00
Avg. BW GB/s: 36,994.19
Max BW GB/s: 65,536.00

---Traffic---
In-Die bisection_bytes BW (GB/s): 2,048.00
Inter-board traffic (msg/ns): 0.00, per-link: 0.00
Inter-pack traffic (msg/ns): 0.00, per-link: 0.00
Inter-die traffic (msg/ns): 0.00, per-link: 0.00
Ruche traffic (msg/ns): 0.00, per-link: 0.00
All traffic (msg/ns): 32,780.03, per-link: 2.00
Inter-die reduction wrt all: inf
Inter-board reduction wrt inter-die: -nan

---Data Movement---
All traffic (msg): 5,587,584,740
Arith. Intensity FLOP/Loads: 0.36
Arith. Intensity FLOP/Msgs: 0.05
Arith. Intensity OPS/Loads: 0.94
Arith. Intensity OPS/Msgs: 0.13



===Core Utilization Total=== CORE-S:17;; TIME K cy:170 ;; Nodes Proc: 11,588,781 -- Edges Proc: 6,212,280
======== IT IS COLD ======= Only 170 Tiles active

===PRINTING FRAME STATS

FCollision In Avg:3, SD:15, Max:197, Min:0
FCollision Out Avg:2, SD:10, Max:98, Min:0
FCollision End Avg:0, SD:0, Max:25, Min:0
FTask1 Avg:0, SD:0, Max:0, Min:0
FTask2 Avg:1, SD:7, Max:100, Min:0
FTask3 Avg:6, SD:6, Max:83, Min:0
FCore Active Avg:9, SD:11, Max:100, Min:0
FRouter Active Avg:37, SD:18, Max:101, Min:8
T1 invocations: 0
T2 invocations: 5,905
T3 invocations: 326,048
T3b invocations: 905,300
Total3 invocations: 1,231,348
Total4 invocations: 0

T3/T2 ratio: 55
T3b/T3 ratio: 3

T1 avg ex cycles: -nan
T2 avg ex cycles: 63
T3&b avg ex cycles: 2
T4 avg ex cycles: -nan
Avg. hops NOC1: 9
Avg. latency NOC1 (T2): 14,094
Avg. hops NOC2: 15
Avg. latency NOC2 (T3): 139

===PRINTING ACUM STATS at pu_cycles: 180,462

ACollision In Avg:53, SD:20, Max:165, Min:1
ACollision Out Avg:45, SD:18, Max:124, Min:0
ACollision End Avg:0, SD:1, Max:24, Min:0
ATask1 Avg:4, SD:0, Max:13, Min:4
ATask2 Avg:8, SD:1, Max:11, Min:2
ATask3 Avg:14, SD:6, Max:53, Min:4
ACore Active Avg:31, SD:8, Max:72, Min:16
ARouter Active Avg:70, SD:9, Max:97, Min:34
T1 invocations: 984,756
T2 invocations: 4,670,884
T3 invocations: 27,484,288
T3b invocations: 165,587,911
Total3 invocations: 193,072,199
Total4 invocations: 0

T3/T2 ratio: 6
T3b/T3 ratio: 6

T1 avg ex cycles: 132
T2 avg ex cycles: 51
T3&b avg ex cycles: 2
T4 avg ex cycles: -nan
Avg. hops NOC1: 33
Avg. latency NOC1 (T2): 11,979
Avg. hops NOC2: 14
Avg. latency NOC2 (T3): 796
Number of K Nodes Processed: 193,148
Number of K Edges Processed: 100,718
Node Re-explore factor: 45.87
Edge Re-explore factor: 0.99
Nodes/cy: 1,070
Edges/cy: 558
TEPS: 529

---Pcache---
Pcache Size: 16,448
Cached: 0
  PHits: 0
  PMisses: 0
  PHit Rate (hit/miss): -nan%
  PEvictions: 0
  PEviction Rate (evict/misses): -nan%

---Energy---
Leakage Energy (nJ): 300,939
PU Dyn E (nJ): 8,787,156
Mem Dyn E (nJ): 33,800,244
Route Dyn E (nJ): 17,372,651
Dynamic Energy (nJ): 59,960,052
Ratio of Dyn/Leak: 199
Total Energy (nJ): 60,260,991
Total Energy (nJ) 3D: 61,798,628
Cores Energy (nJ): 8,795,192
Route Energy (nJ): 17,377,278
Route Energy (nJ) 3D: 18,914,916
Mem Energy   (nJ): 34,088,521
Mem Energy   (nJ) 3D: 34,088,521
Avg. Power (mW): 333,926.21
Power Density (mW/mm2): 96.48

---Runtime---
Runtime in K cycles: 180.46
Microseconds: 180.46
Time per iteration (ms): 0.18

---Throughput---
GOP/s (aka OPS/ns): 4,175.21
GOP/s per core: 0.25
FLOP/s: 1,627.90
FLOP/s per core: 0.10
Max Peak FLOP/s: 16,384.00
Avg. BW GB/s: 35,936.17
Max BW GB/s: 65,536.00

---Traffic---
In-Die bisection_bytes BW (GB/s): 2,048.00
Inter-board traffic (msg/ns): 0.00, per-link: 0.00
Inter-pack traffic (msg/ns): 0.00, per-link: 0.00
Inter-die traffic (msg/ns): 0.00, per-link: 0.00
Ruche traffic (msg/ns): 0.00, per-link: 0.00
All traffic (msg/ns): 32,138.21, per-link: 1.96
Inter-die reduction wrt all: inf
Inter-board reduction wrt inter-die: -nan

---Data Movement---
All traffic (msg): 5,799,726,263
Arith. Intensity FLOP/Loads: 0.36
Arith. Intensity FLOP/Msgs: 0.05
Arith. Intensity OPS/Loads: 0.93
Arith. Intensity OPS/Msgs: 0.13



===Core Utilization Total=== CORE-S:18;; TIME K cy:180 ;; Nodes Proc: 11,952,607 -- Edges Proc: 6,277,654
======== IT IS COLD ======= Only 126 Tiles active

===PRINTING FRAME STATS

FCollision In Avg:1, SD:7, Max:161, Min:0
FCollision Out Avg:0, SD:4, Max:81, Min:0
FCollision End Avg:0, SD:0, Max:0, Min:0
FTask1 Avg:0, SD:0, Max:0, Min:0
FTask2 Avg:0, SD:4, Max:98, Min:0
FTask3 Avg:3, SD:4, Max:55, Min:0
FCore Active Avg:5, SD:7, Max:100, Min:0
FRouter Active Avg:21, SD:14, Max:98, Min:4
T1 invocations: 0
T2 invocations: 1,356
T3 invocations: 204,376
T3b invocations: 466,733
Total3 invocations: 671,109
Total4 invocations: 0

T3/T2 ratio: 151
T3b/T3 ratio: 2

T1 avg ex cycles: -nan
T2 avg ex cycles: 81
T3&b avg ex cycles: 2
T4 avg ex cycles: -nan
Avg. hops NOC1: 0
Avg. latency NOC1 (T2): 31,440
Avg. hops NOC2: 14
Avg. latency NOC2 (T3): 88

===PRINTING ACUM STATS at pu_cycles: 190,155

ACollision In Avg:51, SD:19, Max:157, Min:1
ACollision Out Avg:42, SD:17, Max:118, Min:0
ACollision End Avg:0, SD:1, Max:23, Min:0
ATask1 Avg:4, SD:0, Max:13, Min:4
ATask2 Avg:8, SD:1, Max:11, Min:2
ATask3 Avg:14, SD:6, Max:51, Min:4
ACore Active Avg:29, SD:7, Max:70, Min:16
ARouter Active Avg:67, SD:9, Max:96, Min:33
T1 invocations: 986,075
T2 invocations: 4,687,768
T3 invocations: 28,462,623
T3b invocations: 168,232,590
Total3 invocations: 196,695,213
Total4 invocations: 0

T3/T2 ratio: 6
T3b/T3 ratio: 6

T1 avg ex cycles: 132
T2 avg ex cycles: 51
T3&b avg ex cycles: 2
T4 avg ex cycles: -nan
Avg. hops NOC1: 33
Avg. latency NOC1 (T2): 11,982
Avg. hops NOC2: 14
Avg. latency NOC2 (T3): 787
Number of K Nodes Processed: 196,702
Number of K Edges Processed: 101,199
Node Re-explore factor: 46.72
Edge Re-explore factor: 1.00
Nodes/cy: 1,034
Edges/cy: 532
TEPS: 503

---Pcache---
Pcache Size: 16,448
Cached: 0
  PHits: 0
  PMisses: 0
  PHit Rate (hit/miss): -nan%
  PEvictions: 0
  PEviction Rate (evict/misses): -nan%

---Energy---
Leakage Energy (nJ): 317,103
PU Dyn E (nJ): 8,899,112
Mem Dyn E (nJ): 34,291,339
Route Dyn E (nJ): 17,719,422
Dynamic Energy (nJ): 60,909,874
Ratio of Dyn/Leak: 192
Total Energy (nJ): 61,226,977
Total Energy (nJ) 3D: 62,795,307
Cores Energy (nJ): 8,907,580
Route Energy (nJ): 17,724,297
Route Energy (nJ) 3D: 19,292,627
Mem Energy   (nJ): 34,595,100
Mem Energy   (nJ) 3D: 34,595,100
Avg. Power (mW): 321,984.58
Power Density (mW/mm2): 93.03

---Runtime---
Runtime in K cycles: 190.16
Microseconds: 190.16
Time per iteration (ms): 0.19

---Throughput---
GOP/s (aka OPS/ns): 4,006.60
GOP/s per core: 0.24
FLOP/s: 1,566.17
FLOP/s per core: 0.10
Max Peak FLOP/s: 16,384.00
Avg. BW GB/s: 34,599.89
Max BW GB/s: 65,536.00

---Traffic---
In-Die bisection_bytes BW (GB/s): 2,048.00
Inter-board traffic (msg/ns): 0.00, per-link: 0.00
Inter-pack traffic (msg/ns): 0.00, per-link: 0.00
Inter-die traffic (msg/ns): 0.00, per-link: 0.00
Ruche traffic (msg/ns): 0.00, per-link: 0.00
All traffic (msg/ns): 31,105.16, per-link: 1.90
Inter-die reduction wrt all: inf
Inter-board reduction wrt inter-die: -nan

---Data Movement---
All traffic (msg): 5,914,802,262
Arith. Intensity FLOP/Loads: 0.36
Arith. Intensity FLOP/Msgs: 0.05
Arith. Intensity OPS/Loads: 0.93
Arith. Intensity OPS/Msgs: 0.13



===Core Utilization Total=== CORE-S:19;; TIME K cy:190 ;; Nodes Proc: 12,169,461 -- Edges Proc: 6,319,188
======== IT IS COLD ======= Only 34 Tiles active

===PRINTING FRAME STATS

FCollision In Avg:0, SD:0, Max:6, Min:0
FCollision Out Avg:0, SD:0, Max:0, Min:0
FCollision End Avg:0, SD:0, Max:0, Min:0
FTask1 Avg:0, SD:0, Max:0, Min:0
FTask2 Avg:0, SD:1, Max:66, Min:0
FTask3 Avg:1, SD:1, Max:31, Min:0
FCore Active Avg:1, SD:2, Max:69, Min:0
FRouter Active Avg:5, SD:5, Max:65, Min:0
T1 invocations: 0
T2 invocations: 86
T3 invocations: 39,230
T3b invocations: 108,144
Total3 invocations: 147,374
Total4 invocations: 0

T3/T2 ratio: 456
T3b/T3 ratio: 3

T1 avg ex cycles: -nan
T2 avg ex cycles: 116
T3&b avg ex cycles: 2
T4 avg ex cycles: -nan
Avg. hops NOC1: 0
Avg. latency NOC1 (T2): 30,210
Avg. hops NOC2: 15
Avg. latency NOC2 (T3): 23

===PRINTING ACUM STATS at pu_cycles: 200,141

ACollision In Avg:48, SD:18, Max:149, Min:1
ACollision Out Avg:40, SD:16, Max:112, Min:0
ACollision End Avg:0, SD:1, Max:22, Min:0
ATask1 Avg:4, SD:0, Max:12, Min:3
ATask2 Avg:7, SD:1, Max:10, Min:7
ATask3 Avg:13, SD:6, Max:48, Min:4
ACore Active Avg:28, SD:7, Max:66, Min:16
ARouter Active Avg:64, SD:8, Max:92, Min:31
T1 invocations: 986,287
T2 invocations: 4,693,372
T3 invocations: 28,676,412
T3b invocations: 168,786,832
Total3 invocations: 197,463,244
Total4 invocations: 0

T3/T2 ratio: 6
T3b/T3 ratio: 6

T1 avg ex cycles: 132
T2 avg ex cycles: 51
T3&b avg ex cycles: 2
T4 avg ex cycles: -nan
Avg. hops NOC1: 33
Avg. latency NOC1 (T2): 11,986
Avg. hops NOC2: 14
Avg. latency NOC2 (T3): 784
Number of K Nodes Processed: 197,464
Number of K Edges Processed: 101,300
Node Re-explore factor: 46.90
Edge Re-explore factor: 1.00
Nodes/cy: 987
Edges/cy: 506
TEPS: 477

---Pcache---
Pcache Size: 16,448
Cached: 0
  PHits: 0
  PMisses: 0
  PHit Rate (hit/miss): -nan%
  PEvictions: 0
  PEviction Rate (evict/misses): -nan%

---Energy---
Leakage Energy (nJ): 333,756
PU Dyn E (nJ): 8,925,263
Mem Dyn E (nJ): 34,402,926
Route Dyn E (nJ): 17,793,987
Dynamic Energy (nJ): 61,122,177
Ratio of Dyn/Leak: 183
Total Energy (nJ): 61,455,933
Total Energy (nJ) 3D: 63,030,862
Cores Energy (nJ): 8,934,175
Route Energy (nJ): 17,799,118
Route Energy (nJ) 3D: 19,374,048
Mem Energy   (nJ): 34,722,640
Mem Energy   (nJ) 3D: 34,722,640
Avg. Power (mW): 307,063.18
Power Density (mW/mm2): 88.71

---Runtime---
Runtime in K cycles: 200.14
Microseconds: 200.14
Time per iteration (ms): 0.20

---Throughput---
GOP/s (aka OPS/ns): 3,816.51
GOP/s per core: 0.23
FLOP/s: 1,492.74
FLOP/s per core: 0.09
Max Peak FLOP/s: 16,384.00
Avg. BW GB/s: 32,980.52
Max BW GB/s: 65,536.00

---Traffic---
In-Die bisection_bytes BW (GB/s): 2,048.00
Inter-board traffic (msg/ns): 0.00, per-link: 0.00
Inter-pack traffic (msg/ns): 0.00, per-link: 0.00
Inter-die traffic (msg/ns): 0.00, per-link: 0.00
Ruche traffic (msg/ns): 0.00, per-link: 0.00
All traffic (msg/ns): 29,676.73, per-link: 1.81
Inter-die reduction wrt all: inf
Inter-board reduction wrt inter-die: -nan

---Data Movement---
All traffic (msg): 5,939,530,571
Arith. Intensity FLOP/Loads: 0.36
Arith. Intensity FLOP/Msgs: 0.05
Arith. Intensity OPS/Loads: 0.93
Arith. Intensity OPS/Msgs: 0.13



===Core Utilization Total=== CORE-S:20;; TIME K cy:200 ;; Nodes Proc: 12,224,676 -- Edges Proc: 6,330,204
======== IT IS COLD ======= Only 8 Tiles active
Epoch Done Router: 3
Epoch Done Router: 7
Epoch Done Router: 12
Epoch Done Router: 13
Epoch Done Router: 14
Epoch Done Router: 1
Epoch Done Router: 10
Epoch Done Router: 4
Epoch Done Router: 2
Epoch Done Router: 5
Epoch Done Router: 15
Epoch Done Router: 8
Epoch Done Router: 6
Epoch Done Router: 11
Epoch Done Router: 0
Epoch Done Router: 9
##EPOCH## 1 COMPLETED at Time (K cy): 209
Nodes processed until now: 197,549,379
Edges processed until now: 101,311,613
Program Done Worker Thread: 0
Program Done Router Thread: 6
Program Done Router Thread: 0
Program Done Router Thread: 7
Program Done Router Thread: 12
Program Done Router Thread: 15
Program Done Router Thread: 11
Program Done Worker Thread: 1
Program Done Worker Thread: 8
Program Done Router Thread: 10
Program Done Router Thread: 13
Program Done Router Thread: 4
Program Done Router Thread: 3
Program Done Router Thread: 8
Program Done Worker Thread: 5
Program Done Worker Thread: 7
Program Done Router Thread: 9
Program Done Worker Thread: 10
Program Done Worker Thread: 13
Program Done Worker Thread: 9
Program Done Worker Thread: 2
Program Done Worker Thread: 6
Program Done Worker Thread: 3
Program Done Worker Thread: 12
Program Done Worker Thread: 4
Program Done Router Thread: 14
Program Done Worker Thread: 14
Program Done Router Thread: 1
Program Done Worker Thread: 15
Program Done Router Thread: 5
Program Done Worker Thread: 11
Program Done Router Thread: 2

===PRINTING ACUM STATS at pu_cycles: 209,056

ACollision In Avg:46, SD:17, Max:143, Min:1
ACollision Out Avg:38, SD:16, Max:107, Min:0
ACollision End Avg:0, SD:1, Max:21, Min:0
ATask1 Avg:4, SD:0, Max:11, Min:3
ATask2 Avg:7, SD:1, Max:10, Min:6
ATask3 Avg:12, SD:6, Max:46, Min:4
ACore Active Avg:27, SD:7, Max:63, Min:15
ARouter Active Avg:61, SD:8, Max:88, Min:30
T1 invocations: 986,287
T2 invocations: 4,693,776
T3 invocations: 28,702,677
T3b invocations: 168,846,702
Total3 invocations: 197,549,379
Total4 invocations: 0

T3/T2 ratio: 6
T3b/T3 ratio: 6

T1 avg ex cycles: 132
T2 avg ex cycles: 51
T3&b avg ex cycles: 2
T4 avg ex cycles: -nan
Avg. hops NOC1: 33
Avg. latency NOC1 (T2): 11,986
Avg. hops NOC2: 14
Avg. latency NOC2 (T3): 784

Runtime at program end in K cycles: 209
Runtime before cooldown in K cycles: 100


Number of K Nodes Processed: 197,549
Number of K Edges Processed: 101,311
Node Re-explore factor: 46.92
Edge Re-explore factor: 1.00
Nodes/cy: 945
Edges/cy: 485
TEPS: 457

---Pcache---
Pcache Size: 16,448
Cached: 0
  PHits: 0
  PMisses: 0
  PHit Rate (hit/miss): -nan%
  PEvictions: 0
  PEviction Rate (evict/misses): -nan%

---Energy---
Leakage Energy (nJ): 348,622
PU Dyn E (nJ): 8,928,089
Mem Dyn E (nJ): 34,415,143
Route Dyn E (nJ): 17,802,156
Dynamic Energy (nJ): 61,145,389
Ratio of Dyn/Leak: 175
Total Energy (nJ): 61,494,011
Total Energy (nJ) 3D: 63,069,663
Cores Energy (nJ): 8,937,398
Route Energy (nJ): 17,807,516
Route Energy (nJ) 3D: 19,383,168
Mem Energy   (nJ): 34,749,098
Mem Energy   (nJ) 3D: 34,749,098
Avg. Power (mW): 294,150.90
Power Density (mW/mm2): 84.98

---Runtime---
Runtime in K cycles: 209.06
Microseconds: 209.06
Time per iteration (ms): 0.21

---Inst---
K Loads: 824,421
K Stores: 826,353
K Instructions: 764,048

---Throughput---
GOP/s (aka OPS/ns): 3,654.76
GOP/s per core: 0.22
FLOP/s: 1,429.57
FLOP/s per core: 0.09
Max Peak FLOP/s: 16,384.00
Avg. BW GB/s: 31,585.31
Max BW GB/s: 65,536.00

---Traffic---
In-Die bisection_bytes BW (GB/s): 2,048.00
Inter-board traffic (msg/ns): 0.00, per-link: 0.00
Inter-pack traffic (msg/ns): 0.00, per-link: 0.00
Inter-die traffic (msg/ns): 0.00, per-link: 0.00
Ruche traffic (msg/ns): 0.00, per-link: 0.00
All traffic (msg/ns): 28,424.17, per-link: 1.73
Inter-die reduction wrt all: inf
Inter-board reduction wrt inter-die: -nan

---Data Movement---
All traffic (msg): 5,942,243,019
Arith. Intensity FLOP/Loads: 0.36
Arith. Intensity FLOP/Msgs: 0.05
Arith. Intensity OPS/Loads: 0.93
Arith. Intensity OPS/Msgs: 0.13

Simulation time: 856.18
Sim noc_cy/s: 244.17
Sim Msg/s: 6,940,443.25

Version 31

