Dataset:  Kron22/
Dry run: 0
Open Edge Count File succesfully
Edges Traversed BFS: 128309848
Found Vertices: 4194304, Edges: 128311436
avg degree 31
Array  Kron22/node_array.bin found
Malloc array of size 16777220 bytes
Readin array of size 16777216 bytes
Finished Reading Array Bytes
No reordering Array 32bit
Array  Kron22/edge_array.bin found
Malloc array of size 513245744 bytes
Readin array of size 513245744 bytes
Finished Reading Array Bytes
No reordering Array 32bit
Reading graph elapsed time: 0.173259s

Dataset Footprint: 505 MiB
Dataset Footprint per Board: 4240.31 Mb
Dataset injection time (ms): 0.258808
Max Dataset Footprint: 1026 MiB

Dataset footprint per tile: 2021 KiB
Proxys footprint per tile: 0 KiB
Reserved SRAM per tile: 68 KiB

Ideal SRAM per tile: 2089 KiB
reserved_words_for_dataset:415916
dataset_words_per_tile:517616
remaining_sram_words:2079582
min_dcache_sram_words_required:517616
dataset_words_per_tile:517616
min_pcache_sram_words_required:0
proxys_words_per_tile:0
Dcache footprint ratio: 1
Dataset Cached: 0
DCache: 517616 words, lines: 32351, sets: 32351
Proxys Cached: 0
Pcache: 0 words, sets: 0
Node per tile: 16,384
Edge per tile: 501,217
GRID_X: 16
GRID_SIZE: 256
smt_per_tile: 16
noc_freq: 2
pu_freq: 1
RUCHE_X: 2
PROXY_W: 16
DIE_W: 4
DIE_H: 4
DIES: 16
BORDER_TILES_PER_DIE: 16
PACK_W: 16
PACK_H: 16
DIES_PACK_FACTOR: 4
DIES_PER_PACK: 16
PACKAGES: 1
BOARD_W: 16
BOARD_H: 16
BOARDS: 1
MUX_BUS: 1
DCACHE: 1
PCACHE: 0
PROXY_FACTOR: 1
CACHE_WAYS: 1
TORUS: 1
PHY_NOCS: 1
WIDE_NOC_ID: 0
NOC_CONF: 1
noc_width: 32
hbm_channel_bit_width: 512
ld_st_op_byte_width: 4
PROXY_ROUTING: 0
WRITE_THROUGH: 0
ASSERT_MODE: 0
GLOBAL_BARRIER: 0
OQ flits: 6 ; 1,024 ; 2
IQ flits: 6 ; 16,384 ; 32
OQ messages: 2 ; 512 ; 1
IQ messages: 2 ; 8,192 ; 16
max_task2 size: 64
io_factor_t2: 16
io_factor_t3: 16
io_factor_t3b: 16

Active SRAM Storage per tile: 2,090 KiB
Total SRAM Storage per tile: 8,192 KiB
Agreggated SRAM Storage: 2,048 MiB

Active DRAM Storage per tile: 0 MiB
Total DRAM Storage per tile: 512 MiB
Agreggated DRAM Storage: 128 GiB

Inter-Die #links: 128
Inter-Die (Gbits): 8,192
Inter-Die (Gbits/mm): 246.342
Bisection BW of Board (Gbits): 8,192
Border IO #Dies: 16
Border IO Die BW (Gbits): 1,024
Off-Board BW Total (Gbits): 16,384
Off-Board BW Density (Gbits/mm): 54
Die side: 8.31 mm
Die border wire density: 246.34 Gbits/mm
HBM wire density: 492.68 Gbits/mm

Tiles per Die: 16 (4x4)
Tile Area: 3.02 mm2, side: 1.74 mm
- Core/Rout Area: 0.72 mm2
- SRAM Area: 2.30 mm2
- SRAM/Logic Ratio: 3.19x

Dies per Package: 16 (4x4)
Die Area: 69.12 mm2, side: 8.31 mm
- Tiles Area: 48.24 mm2
- PHY Area: 11.87 mm2
- MC Area: 9.00 mm2

Packages per Board: 1 (1x1)
Package Area: 5,745.87 mm2, side: 75.80 mm
- IOdie Area: 2,880.00 mm2
- Dies Area: 1,105.87 mm2
- HBM Area: 1,760.00 mm2

Boards: 1 (1x1)
Board Area: 5,745.87 mm2
Total Area: 5,745.87 mm2



ESTIMATED COST OF SILICON AND PACKAGING. ONLY VARIABLE, NO FIXED COSTS
Good dies per wafer 3d: 483
Good dies per wafer 2d: 808
--Dies 3D Cost: 200.31 $
--Dies 2.5D Cost: 119.74 $
--Dies 2D Cost: 119.74 $
--HBM Cost: 960.00 $
--IOdie Cost: 417.03 $
--Packaging Cost 3d: 98.59 $
--Packaging Cost 2.5d: 122.43 $
--Packaging Cost 2d: 80.52 $
SiP Cost 3d: 1,675.94 $
SiP Cost 2.5d: 1,619.20 $
SiP Cost 2d: 617.29 $
--Board Cost: 5.75 $
Total SiPs Cost 3d: 1,681.68 $
Total SiPs Cost 2.5d: 1,624.95 $
Total SiPs Cost 2d: 623.04 $

Perf counters initialized
Mesh connected
Cache structures initialized
proxys initialized
Dataset structures initialized


Starting Simulation
INIT epoch: 1
INIT epoch: 1
INIT epoch: 1
INIT epoch: 1
INIT epoch: 1
INIT epoch: 1
INIT epoch: 1
INIT epoch: 1

===PRINTING FRAME STATS

FCollision In Avg:-nan, SD:-nan, Max:171, Min:63
FCollision Out Avg:-nan, SD:-nan, Max:98, Min:14
FCollision End Avg:-nan, SD:-nan, Max:0, Min:0
FTask1 Avg:-nan, SD:-nan, Max:1,184, Min:317
FTask2 Avg:-nan, SD:-nan, Max:0, Min:0
FTask3 Avg:-nan, SD:-nan, Max:337, Min:214
FCore Active Avg:-nan, SD:-nan, Max:90, Min:37
FRouter Active Avg:-nan, SD:-nan, Max:95, Min:81
T1 invocations: 2,196,551
T2 invocations: 0
T3 invocations: 16,704,950
T3b invocations: 0
Total3 invocations: 16,704,950
Total4 invocations: 0

T3/T2 ratio: inf
T3b/T3 ratio: 0

T1 avg ex cycles: 90
T2 avg ex cycles: -nan
T3&b avg ex cycles: 4
T4 avg ex cycles: -nan
Avg. hops NOC1: -nan
Avg. latency NOC1 (T2): -nan
Avg. hops NOC2: 6
Avg. latency NOC2 (T3): 805

===PRINTING ACUM STATS at pu_cycles: 100,609

ACollision In Avg:-nan, SD:-nan, Max:171, Min:63
ACollision Out Avg:-nan, SD:-nan, Max:98, Min:14
ACollision End Avg:-nan, SD:-nan, Max:0, Min:0
ATask1 Avg:-nan, SD:-nan, Max:1,184, Min:317
ATask2 Avg:-nan, SD:-nan, Max:0, Min:0
ATask3 Avg:-nan, SD:-nan, Max:337, Min:214
ACore Active Avg:-nan, SD:-nan, Max:90, Min:37
ARouter Active Avg:-nan, SD:-nan, Max:95, Min:81
T1 invocations: 2,196,551
T2 invocations: 0
T3 invocations: 16,704,950
T3b invocations: 0
Total3 invocations: 16,704,950
Total4 invocations: 0

T3/T2 ratio: inf
T3b/T3 ratio: 0

T1 avg ex cycles: 90
T2 avg ex cycles: -nan
T3&b avg ex cycles: 4
T4 avg ex cycles: -nan
Avg. hops NOC1: -nan
Avg. latency NOC1 (T2): -nan
Avg. hops NOC2: 6
Avg. latency NOC2 (T3): 805
Number of K Nodes Processed: 17,038
Number of K Edges Processed: 17,038
Node Re-explore factor: 4.06
Edge Re-explore factor: 0.13
Nodes/cy: 169
Edges/cy: 169
TEPS: 1,275

---DCache---
DCache Size: 517,616
DRAM words: 0
  DHits: 0
  DMisses: 0

---Energy---
Leakage Energy (nJ): 64,914
PU Dyn E (nJ): 1,000,308
Mem Dyn E (nJ): 11,556,102
Route Dyn E (nJ): 3,328,961
Dynamic Energy (nJ): 15,885,371
Ratio of Dyn/Leak: 245
Total Energy (nJ): 15,950,285
Total Energy (nJ) 3D: 17,537,954
Cores Energy (nJ): 1,001,428
Route Energy (nJ): 3,359,112
Route Energy (nJ) 3D: 4,946,781
Mem Energy   (nJ): 11,589,745
Mem Energy   (nJ) 3D: 11,589,745
Avg. Power (mW): 158,537.36
Power Density (mW/mm2): 27.59

---Runtime---
Runtime in K cycles: 100.61
Microseconds: 100.61
Time per iteration (ms): 0.10

---Throughput---
GOP/s (aka OPS/ns): 1,511.98
GOP/s per core: 5.91
FLOP/s: 167.54
FLOP/s per core: 0.65
Max Peak FLOP/s: 4,096.00
Avg. BW GB/s: 5,587.23
Max BW GB/s: 16,384.00

---Traffic---
In-Die bisection_bytes BW (GB/s): 256.00
Inter-board traffic (msg/ns): 0.00, per-link: 0.00
Inter-pack traffic (msg/ns): 0.00, per-link: 0.00
Inter-die traffic (msg/ns): 174.72, per-link: 0.68
Ruche traffic (msg/ns): 449.77, per-link: 1.76
All traffic (msg/ns): 2,133.29, per-link: 8.33
Inter-die reduction wrt all: 12.21
Inter-board reduction wrt inter-die: inf

---Data Movement---
All traffic (msg): 214,627,940
Arith. Intensity FLOP/Loads: 0.19
Arith. Intensity FLOP/Msgs: 0.08
Arith. Intensity OPS/Loads: 1.72
Arith. Intensity OPS/Msgs: 0.71



===Core Utilization Total=== CORE-S:1;; TIME K cy:100 ;; Nodes Proc: 2,153,680 -- Edges Proc: 0

===PRINTING FRAME STATS

FCollision In Avg:119, SD:29, Max:172, Min:69
FCollision Out Avg:48, SD:24, Max:102, Min:13
FCollision End Avg:0, SD:0, Max:0, Min:0
FTask1 Avg:787, SD:231, Max:1,187, Min:274
FTask2 Avg:0, SD:0, Max:0, Min:0
FTask3 Avg:270, SD:24, Max:339, Min:219
FCore Active Avg:66, SD:14, Max:92, Min:34
FRouter Active Avg:91, SD:3, Max:95, Min:81
T1 invocations: 2,240,835
T2 invocations: 0
T3 invocations: 17,251,394
T3b invocations: 0
Total3 invocations: 17,251,394
Total4 invocations: 0

T3/T2 ratio: inf
T3b/T3 ratio: 0

T1 avg ex cycles: 90
T2 avg ex cycles: -nan
T3&b avg ex cycles: 4
T4 avg ex cycles: -nan
Avg. hops NOC1: -nan
Avg. latency NOC1 (T2): -nan
Avg. hops NOC2: 6
Avg. latency NOC2 (T3): 811

===PRINTING ACUM STATS at pu_cycles: 200,640

ACollision In Avg:120, SD:29, Max:169, Min:67
ACollision Out Avg:49, SD:24, Max:99, Min:14
ACollision End Avg:0, SD:0, Max:0, Min:0
ATask1 Avg:786, SD:224, Max:1,185, Min:319
ATask2 Avg:0, SD:0, Max:0, Min:0
ATask3 Avg:268, SD:24, Max:338, Min:217
ACore Active Avg:66, SD:14, Max:90, Min:38
ARouter Active Avg:91, SD:2, Max:95, Min:81
T1 invocations: 4,450,693
T2 invocations: 0
T3 invocations: 34,075,965
T3b invocations: 0
Total3 invocations: 34,075,965
Total4 invocations: 0

T3/T2 ratio: inf
T3b/T3 ratio: 0

T1 avg ex cycles: 90
T2 avg ex cycles: -nan
T3&b avg ex cycles: 4
T4 avg ex cycles: -nan
Avg. hops NOC1: -nan
Avg. latency NOC1 (T2): -nan
Avg. hops NOC2: 6
Avg. latency NOC2 (T3): 808
Number of K Nodes Processed: 34,294
Number of K Edges Processed: 34,294
Node Re-explore factor: 8.18
Edge Re-explore factor: 0.27
Nodes/cy: 171
Edges/cy: 171
TEPS: 640

---DCache---
DCache Size: 517,616
DRAM words: 0
  DHits: 0
  DMisses: 0

---Energy---
Leakage Energy (nJ): 129,456
PU Dyn E (nJ): 2,030,160
Mem Dyn E (nJ): 23,532,583
Route Dyn E (nJ): 6,810,637
Dynamic Energy (nJ): 32,373,381
Ratio of Dyn/Leak: 250
Total Energy (nJ): 32,502,837
Total Energy (nJ) 3D: 35,778,548
Cores Energy (nJ): 2,032,394
Route Energy (nJ): 6,870,766
Route Energy (nJ) 3D: 10,146,477
Mem Energy   (nJ): 23,599,677
Mem Energy   (nJ) 3D: 23,599,677
Avg. Power (mW): 161,995.80
Power Density (mW/mm2): 28.19

---Runtime---
Runtime in K cycles: 200.64
Microseconds: 200.64
Time per iteration (ms): 0.20

---Throughput---
GOP/s (aka OPS/ns): 1,539.30
GOP/s per core: 6.01
FLOP/s: 170.36
FLOP/s per core: 0.67
Max Peak FLOP/s: 4,096.00
Avg. BW GB/s: 5,705.15
Max BW GB/s: 16,384.00

---Traffic---
In-Die bisection_bytes BW (GB/s): 256.00
Inter-board traffic (msg/ns): 0.00, per-link: 0.00
Inter-pack traffic (msg/ns): 0.00, per-link: 0.00
Inter-die traffic (msg/ns): 176.40, per-link: 0.69
Ruche traffic (msg/ns): 453.59, per-link: 1.77
All traffic (msg/ns): 2,187.08, per-link: 8.54
Inter-die reduction wrt all: 12.40
Inter-board reduction wrt inter-die: inf

---Data Movement---
All traffic (msg): 438,815,356
Arith. Intensity FLOP/Loads: 0.19
Arith. Intensity FLOP/Msgs: 0.08
Arith. Intensity OPS/Loads: 1.72
Arith. Intensity OPS/Msgs: 0.70



===Core Utilization Total=== CORE-S:2;; TIME K cy:200 ;; Nodes Proc: 4,339,559 -- Edges Proc: 0

===PRINTING FRAME STATS

FCollision In Avg:120, SD:29, Max:173, Min:72
FCollision Out Avg:49, SD:24, Max:100, Min:15
FCollision End Avg:0, SD:0, Max:0, Min:0
FTask1 Avg:780, SD:224, Max:1,184, Min:282
FTask2 Avg:0, SD:0, Max:0, Min:0
FTask3 Avg:267, SD:23, Max:334, Min:217
FCore Active Avg:65, SD:14, Max:90, Min:32
FRouter Active Avg:91, SD:2, Max:95, Min:83
T1 invocations: 2,223,527
T2 invocations: 0
T3 invocations: 17,056,153
T3b invocations: 0
Total3 invocations: 17,056,153
Total4 invocations: 0

T3/T2 ratio: inf
T3b/T3 ratio: 0

T1 avg ex cycles: 90
T2 avg ex cycles: -nan
T3&b avg ex cycles: 4
T4 avg ex cycles: -nan
Avg. hops NOC1: -nan
Avg. latency NOC1 (T2): -nan
Avg. hops NOC2: 6
Avg. latency NOC2 (T3): 815

===PRINTING ACUM STATS at pu_cycles: 300,630

ACollision In Avg:120, SD:29, Max:170, Min:69
ACollision Out Avg:49, SD:24, Max:97, Min:14
ACollision End Avg:0, SD:0, Max:0, Min:0
ATask1 Avg:784, SD:223, Max:1,185, Min:331
ATask2 Avg:0, SD:0, Max:0, Min:0
ATask3 Avg:267, SD:24, Max:337, Min:218
ACore Active Avg:66, SD:14, Max:90, Min:37
ARouter Active Avg:91, SD:2, Max:95, Min:82
T1 invocations: 6,638,589
T2 invocations: 0
T3 invocations: 50,898,574
T3b invocations: 0
Total3 invocations: 50,898,574
Total4 invocations: 0

T3/T2 ratio: inf
T3b/T3 ratio: 0

T1 avg ex cycles: 90
T2 avg ex cycles: -nan
T3&b avg ex cycles: 4
T4 avg ex cycles: -nan
Avg. hops NOC1: -nan
Avg. latency NOC1 (T2): -nan
Avg. hops NOC2: 6
Avg. latency NOC2 (T3): 811
Number of K Nodes Processed: 51,344
Number of K Edges Processed: 51,344
Node Re-explore factor: 12.24
Edge Re-explore factor: 0.40
Nodes/cy: 171
Edges/cy: 171
TEPS: 427

---DCache---
DCache Size: 517,616
DRAM words: 0
  DHits: 0
  DMisses: 0

---Energy---
Leakage Energy (nJ): 193,970
PU Dyn E (nJ): 3,028,483
Mem Dyn E (nJ): 35,135,046
Route Dyn E (nJ): 10,156,746
Dynamic Energy (nJ): 48,320,276
Ratio of Dyn/Leak: 249
Total Energy (nJ): 48,514,246
Total Energy (nJ) 3D: 53,390,661
Cores Energy (nJ): 3,031,830
Route Energy (nJ): 10,246,839
Route Energy (nJ) 3D: 15,123,255
Mem Energy   (nJ): 35,235,577
Mem Energy   (nJ) 3D: 35,235,577
Avg. Power (mW): 161,375.27
Power Density (mW/mm2): 28.09

---Runtime---
Runtime in K cycles: 300.63
Microseconds: 300.63
Time per iteration (ms): 0.30

---Throughput---
GOP/s (aka OPS/ns): 1,532.68
GOP/s per core: 5.99
FLOP/s: 169.57
FLOP/s per core: 0.66
Max Peak FLOP/s: 4,096.00
Avg. BW GB/s: 5,684.88
Max BW GB/s: 16,384.00

---Traffic---
In-Die bisection_bytes BW (GB/s): 256.00
Inter-board traffic (msg/ns): 0.00, per-link: 0.00
Inter-pack traffic (msg/ns): 0.00, per-link: 0.00
Inter-die traffic (msg/ns): 176.16, per-link: 0.69
Ruche traffic (msg/ns): 453.11, per-link: 1.77
All traffic (msg/ns): 2,177.42, per-link: 8.51
Inter-die reduction wrt all: 12.36
Inter-board reduction wrt inter-die: inf

---Data Movement---
All traffic (msg): 654,596,882
Arith. Intensity FLOP/Loads: 0.19
Arith. Intensity FLOP/Msgs: 0.08
Arith. Intensity OPS/Loads: 1.72
Arith. Intensity OPS/Msgs: 0.70



===Core Utilization Total=== CORE-S:3;; TIME K cy:300 ;; Nodes Proc: 6,499,294 -- Edges Proc: 0

===PRINTING FRAME STATS

FCollision In Avg:120, SD:29, Max:174, Min:68
FCollision Out Avg:51, SD:25, Max:102, Min:15
FCollision End Avg:0, SD:0, Max:0, Min:0
FTask1 Avg:755, SD:229, Max:1,152, Min:312
FTask2 Avg:0, SD:0, Max:0, Min:0
FTask3 Avg:258, SD:23, Max:331, Min:209
FCore Active Avg:63, SD:14, Max:90, Min:35
FRouter Active Avg:89, SD:3, Max:94, Min:77
T1 invocations: 2,152,896
T2 invocations: 0
T3 invocations: 16,541,905
T3b invocations: 0
Total3 invocations: 16,541,905
Total4 invocations: 0

T3/T2 ratio: inf
T3b/T3 ratio: 0

T1 avg ex cycles: 90
T2 avg ex cycles: -nan
T3&b avg ex cycles: 4
T4 avg ex cycles: -nan
Avg. hops NOC1: -nan
Avg. latency NOC1 (T2): -nan
Avg. hops NOC2: 6
Avg. latency NOC2 (T3): 835

===PRINTING ACUM STATS at pu_cycles: 400,661

ACollision In Avg:120, SD:29, Max:169, Min:70
ACollision Out Avg:49, SD:24, Max:98, Min:15
ACollision End Avg:0, SD:0, Max:0, Min:0
ATask1 Avg:777, SD:224, Max:1,149, Min:349
ATask2 Avg:0, SD:0, Max:0, Min:0
ATask3 Avg:265, SD:23, Max:336, Min:216
ACore Active Avg:65, SD:14, Max:89, Min:37
ARouter Active Avg:90, SD:3, Max:94, Min:81
T1 invocations: 8,832,454
T2 invocations: 0
T3 invocations: 67,669,170
T3b invocations: 0
Total3 invocations: 67,669,170
Total4 invocations: 0

T3/T2 ratio: inf
T3b/T3 ratio: 0

T1 avg ex cycles: 90
T2 avg ex cycles: -nan
T3&b avg ex cycles: 4
T4 avg ex cycles: -nan
Avg. hops NOC1: -nan
Avg. latency NOC1 (T2): -nan
Avg. hops NOC2: 6
Avg. latency NOC2 (T3): 817
Number of K Nodes Processed: 67,881
Number of K Edges Processed: 67,881
Node Re-explore factor: 16.18
Edge Re-explore factor: 0.53
Nodes/cy: 169
Edges/cy: 169
TEPS: 320

---DCache---
DCache Size: 517,616
DRAM words: 0
  DHits: 0
  DMisses: 0

---Energy---
Leakage Energy (nJ): 258,512
PU Dyn E (nJ): 4,028,972
Mem Dyn E (nJ): 46,721,859
Route Dyn E (nJ): 13,501,473
Dynamic Energy (nJ): 64,252,305
Ratio of Dyn/Leak: 249
Total Energy (nJ): 64,510,817
Total Energy (nJ) 3D: 71,011,772
Cores Energy (nJ): 4,033,432
Route Energy (nJ): 13,621,545
Route Energy (nJ) 3D: 20,122,500
Mem Energy   (nJ): 46,855,840
Mem Energy   (nJ) 3D: 46,855,840
Avg. Power (mW): 161,010.97
Power Density (mW/mm2): 28.02

---Runtime---
Runtime in K cycles: 400.66
Microseconds: 400.66
Time per iteration (ms): 0.40

---Throughput---
GOP/s (aka OPS/ns): 1,529.86
GOP/s per core: 5.98
FLOP/s: 169.29
FLOP/s per core: 0.66
Max Peak FLOP/s: 4,096.00
Avg. BW GB/s: 5,672.27
Max BW GB/s: 16,384.00

---Traffic---
In-Die bisection_bytes BW (GB/s): 256.00
Inter-board traffic (msg/ns): 0.00, per-link: 0.00
Inter-pack traffic (msg/ns): 0.00, per-link: 0.00
Inter-die traffic (msg/ns): 174.76, per-link: 0.68
Ruche traffic (msg/ns): 449.27, per-link: 1.75
All traffic (msg/ns): 2,171.72, per-link: 8.48
Inter-die reduction wrt all: 12.43
Inter-board reduction wrt inter-die: inf

---Data Movement---
All traffic (msg): 870,122,756
Arith. Intensity FLOP/Loads: 0.19
Arith. Intensity FLOP/Msgs: 0.08
Arith. Intensity OPS/Loads: 1.72
Arith. Intensity OPS/Msgs: 0.70



===Core Utilization Total=== CORE-S:4;; TIME K cy:400 ;; Nodes Proc: 8,593,336 -- Edges Proc: 0

===PRINTING FRAME STATS

FCollision In Avg:120, SD:29, Max:170, Min:69
FCollision Out Avg:50, SD:24, Max:102, Min:15
FCollision End Avg:0, SD:0, Max:0, Min:0
FTask1 Avg:776, SD:224, Max:1,168, Min:293
FTask2 Avg:0, SD:0, Max:0, Min:0
FTask3 Avg:266, SD:24, Max:335, Min:215
FCore Active Avg:65, SD:14, Max:90, Min:36
FRouter Active Avg:91, SD:3, Max:95, Min:81
T1 invocations: 2,213,765
T2 invocations: 0
T3 invocations: 17,000,164
T3b invocations: 0
Total3 invocations: 17,000,164
Total4 invocations: 0

T3/T2 ratio: inf
T3b/T3 ratio: 0

T1 avg ex cycles: 90
T2 avg ex cycles: -nan
T3&b avg ex cycles: 4
T4 avg ex cycles: -nan
Avg. hops NOC1: -nan
Avg. latency NOC1 (T2): -nan
Avg. hops NOC2: 6
Avg. latency NOC2 (T3): 818

===PRINTING ACUM STATS at pu_cycles: 500,663

ACollision In Avg:120, SD:29, Max:168, Min:70
ACollision Out Avg:49, SD:24, Max:98, Min:15
ACollision End Avg:0, SD:0, Max:0, Min:0
ATask1 Avg:777, SD:223, Max:1,139, Min:341
ATask2 Avg:0, SD:0, Max:0, Min:0
ATask3 Avg:265, SD:23, Max:335, Min:216
ACore Active Avg:65, SD:14, Max:88, Min:37
ARouter Active Avg:90, SD:3, Max:94, Min:81
T1 invocations: 11,071,273
T2 invocations: 0
T3 invocations: 84,879,207
T3b invocations: 0
Total3 invocations: 84,879,207
Total4 invocations: 0

T3/T2 ratio: inf
T3b/T3 ratio: 0

T1 avg ex cycles: 90
T2 avg ex cycles: -nan
T3&b avg ex cycles: 4
T4 avg ex cycles: -nan
Avg. hops NOC1: -nan
Avg. latency NOC1 (T2): -nan
Avg. hops NOC2: 6
Avg. latency NOC2 (T3): 817
Number of K Nodes Processed: 84,881
Number of K Edges Processed: 84,881
Node Re-explore factor: 20.24
Edge Re-explore factor: 0.66
Nodes/cy: 170
Edges/cy: 170
TEPS: 256

---DCache---
DCache Size: 517,616
DRAM words: 0
  DHits: 0
  DMisses: 0

---Energy---
Leakage Energy (nJ): 323,034
PU Dyn E (nJ): 5,050,881
Mem Dyn E (nJ): 58,593,712
Route Dyn E (nJ): 16,935,907
Dynamic Energy (nJ): 80,580,501
Ratio of Dyn/Leak: 249
Total Energy (nJ): 80,903,535
Total Energy (nJ) 3D: 89,070,625
Cores Energy (nJ): 5,056,454
Route Energy (nJ): 17,085,947
Route Energy (nJ) 3D: 25,253,038
Mem Energy   (nJ): 58,761,134
Mem Energy   (nJ) 3D: 58,761,134
Avg. Power (mW): 161,592.80
Power Density (mW/mm2): 28.12

---Runtime---
Runtime in K cycles: 500.66
Microseconds: 500.66
Time per iteration (ms): 0.50

---Throughput---
GOP/s (aka OPS/ns): 1,534.88
GOP/s per core: 6.00
FLOP/s: 169.82
FLOP/s per core: 0.66
Max Peak FLOP/s: 4,096.00
Avg. BW GB/s: 5,692.71
Max BW GB/s: 16,384.00

---Traffic---
In-Die bisection_bytes BW (GB/s): 256.00
Inter-board traffic (msg/ns): 0.00, per-link: 0.00
Inter-pack traffic (msg/ns): 0.00, per-link: 0.00
Inter-die traffic (msg/ns): 174.94, per-link: 0.68
Ruche traffic (msg/ns): 449.54, per-link: 1.76
All traffic (msg/ns): 2,179.94, per-link: 8.52
Inter-die reduction wrt all: 12.46
Inter-board reduction wrt inter-die: inf

---Data Movement---
All traffic (msg): 1,091,414,534
Arith. Intensity FLOP/Loads: 0.19
Arith. Intensity FLOP/Msgs: 0.08
Arith. Intensity OPS/Loads: 1.72
Arith. Intensity OPS/Msgs: 0.70



===Core Utilization Total=== CORE-S:5;; TIME K cy:500 ;; Nodes Proc: 10,744,284 -- Edges Proc: 0

===PRINTING FRAME STATS

FCollision In Avg:96, SD:39, Max:167, Min:19
FCollision Out Avg:36, SD:21, Max:102, Min:2
FCollision End Avg:0, SD:0, Max:0, Min:0
FTask1 Avg:711, SD:231, Max:1,069, Min:53
FTask2 Avg:0, SD:0, Max:0, Min:0
FTask3 Avg:254, SD:22, Max:322, Min:205
FCore Active Avg:60, SD:15, Max:86, Min:18
FRouter Active Avg:87, SD:7, Max:95, Min:64
T1 invocations: 1,940,302
T2 invocations: 0
T3 invocations: 16,278,266
T3b invocations: 0
Total3 invocations: 16,278,266
Total4 invocations: 0

T3/T2 ratio: inf
T3b/T3 ratio: 0

T1 avg ex cycles: 94
T2 avg ex cycles: -nan
T3&b avg ex cycles: 4
T4 avg ex cycles: -nan
Avg. hops NOC1: -nan
Avg. latency NOC1 (T2): -nan
Avg. hops NOC2: 6
Avg. latency NOC2 (T3): 721

===PRINTING ACUM STATS at pu_cycles: 600,655

ACollision In Avg:116, SD:30, Max:168, Min:63
ACollision Out Avg:47, SD:23, Max:98, Min:13
ACollision End Avg:0, SD:0, Max:0, Min:0
ATask1 Avg:766, SD:170, Max:970, Min:341
ATask2 Avg:0, SD:0, Max:0, Min:0
ATask3 Avg:263, SD:23, Max:332, Min:214
ACore Active Avg:64, SD:11, Max:81, Min:38
ARouter Active Avg:90, SD:3, Max:94, Min:81
T1 invocations: 12,878,131
T2 invocations: 0
T3 invocations: 99,915,748
T3b invocations: 0
Total3 invocations: 99,915,748
Total4 invocations: 0

T3/T2 ratio: inf
T3b/T3 ratio: 0

T1 avg ex cycles: 90
T2 avg ex cycles: -nan
T3&b avg ex cycles: 4
T4 avg ex cycles: -nan
Avg. hops NOC1: -nan
Avg. latency NOC1 (T2): -nan
Avg. hops NOC2: 6
Avg. latency NOC2 (T3): 802
Number of K Nodes Processed: 101,100
Number of K Edges Processed: 101,100
Node Re-explore factor: 24.10
Edge Re-explore factor: 0.79
Nodes/cy: 168
Edges/cy: 168
TEPS: 214

---DCache---
DCache Size: 517,616
DRAM words: 0
  DHits: 0
  DMisses: 0

---Energy---
Leakage Energy (nJ): 387,550
PU Dyn E (nJ): 5,925,132
Mem Dyn E (nJ): 68,882,514
Route Dyn E (nJ): 19,758,473
Dynamic Energy (nJ): 94,566,119
Ratio of Dyn/Leak: 244
Total Energy (nJ): 94,953,669
Total Energy (nJ) 3D: 104,370,493
Cores Energy (nJ): 5,931,819
Route Energy (nJ): 19,938,479
Route Energy (nJ) 3D: 29,355,302
Mem Energy   (nJ): 69,083,373
Mem Energy   (nJ) 3D: 69,083,373
Avg. Power (mW): 158,083.54
Power Density (mW/mm2): 27.51

---Runtime---
Runtime in K cycles: 600.65
Microseconds: 600.65
Time per iteration (ms): 0.60

---Throughput---
GOP/s (aka OPS/ns): 1,500.68
GOP/s per core: 5.86
FLOP/s: 166.08
FLOP/s per core: 0.65
Max Peak FLOP/s: 4,096.00
Avg. BW GB/s: 5,578.19
Max BW GB/s: 16,384.00

---Traffic---
In-Die bisection_bytes BW (GB/s): 256.00
Inter-board traffic (msg/ns): 0.00, per-link: 0.00
Inter-pack traffic (msg/ns): 0.00, per-link: 0.00
Inter-die traffic (msg/ns): 168.60, per-link: 0.66
Ruche traffic (msg/ns): 453.09, per-link: 1.77
All traffic (msg/ns): 2,123.42, per-link: 8.29
Inter-die reduction wrt all: 12.59
Inter-board reduction wrt inter-die: inf

---Data Movement---
All traffic (msg): 1,275,440,152
Arith. Intensity FLOP/Loads: 0.19
Arith. Intensity FLOP/Msgs: 0.08
Arith. Intensity OPS/Loads: 1.72
Arith. Intensity OPS/Msgs: 0.71



===Core Utilization Total=== CORE-S:6;; TIME K cy:600 ;; Nodes Proc: 12,796,344 -- Edges Proc: 0

===PRINTING FRAME STATS

FCollision In Avg:58, SD:33, Max:130, Min:10
FCollision Out Avg:17, SD:14, Max:55, Min:0
FCollision End Avg:0, SD:0, Max:0, Min:0
FTask1 Avg:673, SD:458, Max:1,227, Min:0
FTask2 Avg:0, SD:0, Max:0, Min:0
FTask3 Avg:236, SD:21, Max:301, Min:192
FCore Active Avg:57, SD:29, Max:94, Min:12
FRouter Active Avg:83, SD:13, Max:95, Min:57
T1 invocations: 1,679,726
T2 invocations: 0
T3 invocations: 15,124,360
T3b invocations: 0
Total3 invocations: 15,124,360
Total4 invocations: 0

T3/T2 ratio: inf
T3b/T3 ratio: 0

T1 avg ex cycles: 103
T2 avg ex cycles: -nan
T3&b avg ex cycles: 4
T4 avg ex cycles: -nan
Avg. hops NOC1: -nan
Avg. latency NOC1 (T2): -nan
Avg. hops NOC2: 6
Avg. latency NOC2 (T3): 573

===PRINTING ACUM STATS at pu_cycles: 700,663

ACollision In Avg:107, SD:29, Max:158, Min:55
ACollision Out Avg:43, SD:20, Max:78, Min:11
ACollision End Avg:0, SD:0, Max:0, Min:0
ATask1 Avg:756, SD:87, Max:835, Min:523
ATask2 Avg:0, SD:0, Max:0, Min:0
ATask3 Avg:259, SD:23, Max:327, Min:211
ACore Active Avg:63, SD:6, Max:72, Min:48
ARouter Active Avg:89, SD:4, Max:94, Min:81
T1 invocations: 14,713,959
T2 invocations: 0
T3 invocations: 116,098,811
T3b invocations: 0
Total3 invocations: 116,098,811
Total4 invocations: 0

T3/T2 ratio: inf
T3b/T3 ratio: 0

T1 avg ex cycles: 92
T2 avg ex cycles: -nan
T3&b avg ex cycles: 4
T4 avg ex cycles: -nan
Avg. hops NOC1: -nan
Avg. latency NOC1 (T2): -nan
Avg. hops NOC2: 6
Avg. latency NOC2 (T3): 771
Number of K Nodes Processed: 116,217
Number of K Edges Processed: 116,217
Node Re-explore factor: 27.71
Edge Re-explore factor: 0.91
Nodes/cy: 166
Edges/cy: 166
TEPS: 183

---DCache---
DCache Size: 517,616
DRAM words: 0
  DHits: 0
  DMisses: 0

---Energy---
Leakage Energy (nJ): 452,077
PU Dyn E (nJ): 6,885,222
Mem Dyn E (nJ): 80,011,608
Route Dyn E (nJ): 22,766,053
Dynamic Energy (nJ): 109,662,883
Ratio of Dyn/Leak: 243
Total Energy (nJ): 110,114,960
Total Energy (nJ) 3D: 120,957,622
Cores Energy (nJ): 6,893,022
Route Energy (nJ): 22,976,029
Route Energy (nJ) 3D: 33,818,691
Mem Energy   (nJ): 80,245,910
Mem Energy   (nJ) 3D: 80,245,910
Avg. Power (mW): 157,158.23
Power Density (mW/mm2): 27.35

---Runtime---
Runtime in K cycles: 700.66
Microseconds: 700.66
Time per iteration (ms): 0.70

---Throughput---
GOP/s (aka OPS/ns): 1,493.79
GOP/s per core: 5.84
FLOP/s: 165.73
FLOP/s per core: 0.65
Max Peak FLOP/s: 4,096.00
Avg. BW GB/s: 5,554.62
Max BW GB/s: 16,384.00

---Traffic---
In-Die bisection_bytes BW (GB/s): 256.00
Inter-board traffic (msg/ns): 0.00, per-link: 0.00
Inter-pack traffic (msg/ns): 0.00, per-link: 0.00
Inter-die traffic (msg/ns): 159.93, per-link: 0.62
Ruche traffic (msg/ns): 454.98, per-link: 1.78
All traffic (msg/ns): 2,100.23, per-link: 8.20
Inter-die reduction wrt all: 13.13
Inter-board reduction wrt inter-die: inf

---Data Movement---
All traffic (msg): 1,471,556,062
Arith. Intensity FLOP/Loads: 0.19
Arith. Intensity FLOP/Msgs: 0.08
Arith. Intensity OPS/Loads: 1.72
Arith. Intensity OPS/Msgs: 0.71



===Core Utilization Total=== CORE-S:7;; TIME K cy:700 ;; Nodes Proc: 14,710,131 -- Edges Proc: 0

===PRINTING FRAME STATS

FCollision In Avg:19, SD:12, Max:56, Min:6
FCollision Out Avg:4, SD:4, Max:16, Min:0
FCollision End Avg:0, SD:0, Max:0, Min:0
FTask1 Avg:456, SD:497, Max:1,228, Min:0
FTask2 Avg:0, SD:0, Max:0, Min:0
FTask3 Avg:162, SD:16, Max:254, Min:130
FCore Active Avg:39, SD:31, Max:88, Min:8
FRouter Active Avg:67, SD:18, Max:93, Min:42
T1 invocations: 1,055,137
T2 invocations: 0
T3 invocations: 10,377,731
T3b invocations: 0
Total3 invocations: 10,377,731
Total4 invocations: 0

T3/T2 ratio: inf
T3b/T3 ratio: 0

T1 avg ex cycles: 111
T2 avg ex cycles: -nan
T3&b avg ex cycles: 4
T4 avg ex cycles: -nan
Avg. hops NOC1: -nan
Avg. latency NOC1 (T2): -nan
Avg. hops NOC2: 6
Avg. latency NOC2 (T3): 447

===PRINTING ACUM STATS at pu_cycles: 800,642

ACollision In Avg:96, SD:27, Max:145, Min:49
ACollision Out Avg:38, SD:18, Max:78, Min:10
ACollision End Avg:0, SD:0, Max:0, Min:0
ATask1 Avg:718, SD:26, Max:734, Min:523
ATask2 Avg:0, SD:0, Max:0, Min:0
ATask3 Avg:247, SD:22, Max:312, Min:201
ACore Active Avg:60, SD:2, Max:65, Min:50
ARouter Active Avg:86, SD:5, Max:94, Min:76
T1 invocations: 15,778,930
T2 invocations: 0
T3 invocations: 126,529,341
T3b invocations: 0
Total3 invocations: 126,529,341
Total4 invocations: 0

T3/T2 ratio: inf
T3b/T3 ratio: 0

T1 avg ex cycles: 93
T2 avg ex cycles: -nan
T3&b avg ex cycles: 4
T4 avg ex cycles: -nan
Avg. hops NOC1: -nan
Avg. latency NOC1 (T2): -nan
Avg. hops NOC2: 6
Avg. latency NOC2 (T3): 745
Number of K Nodes Processed: 126,573
Number of K Edges Processed: 126,573
Node Re-explore factor: 30.18
Edge Re-explore factor: 0.99
Nodes/cy: 158
Edges/cy: 158
TEPS: 160

---DCache---
DCache Size: 517,616
DRAM words: 0
  DHits: 0
  DMisses: 0

---Energy---
Leakage Energy (nJ): 516,585
PU Dyn E (nJ): 7,491,744
Mem Dyn E (nJ): 87,127,078
Route Dyn E (nJ): 24,676,317
Dynamic Energy (nJ): 119,295,139
Ratio of Dyn/Leak: 231
Total Energy (nJ): 119,811,724
Total Energy (nJ) 3D: 131,522,268
Cores Energy (nJ): 7,500,657
Route Energy (nJ): 24,916,254
Route Energy (nJ) 3D: 36,626,798
Mem Energy   (nJ): 87,394,812
Mem Energy   (nJ) 3D: 87,394,812
Avg. Power (mW): 149,644.56
Power Density (mW/mm2): 26.04

---Runtime---
Runtime in K cycles: 800.64
Microseconds: 800.64
Time per iteration (ms): 0.80

---Throughput---
GOP/s (aka OPS/ns): 1,421.69
GOP/s per core: 5.55
FLOP/s: 157.99
FLOP/s per core: 0.62
Max Peak FLOP/s: 4,096.00
Avg. BW GB/s: 5,293.28
Max BW GB/s: 16,384.00

---Traffic---
In-Die bisection_bytes BW (GB/s): 256.00
Inter-board traffic (msg/ns): 0.00, per-link: 0.00
Inter-pack traffic (msg/ns): 0.00, per-link: 0.00
Inter-die traffic (msg/ns): 148.84, per-link: 0.58
Ruche traffic (msg/ns): 438.50, per-link: 1.71
All traffic (msg/ns): 1,994.08, per-link: 7.79
Inter-die reduction wrt all: 13.40
Inter-board reduction wrt inter-die: inf

---Data Movement---
All traffic (msg): 1,596,540,556
Arith. Intensity FLOP/Loads: 0.19
Arith. Intensity FLOP/Msgs: 0.08
Arith. Intensity OPS/Loads: 1.71
Arith. Intensity OPS/Msgs: 0.71



===Core Utilization Total=== CORE-S:8;; TIME K cy:800 ;; Nodes Proc: 16,023,363 -- Edges Proc: 0
======== IT IS COLD ======= Only 7 Tiles active
Epoch Done Router: 6
Epoch Done Router: 2
Epoch Done Router: 3
Epoch Done Router: 0
Epoch Done Router: 7
Epoch Done Router: 5
Epoch Done Router: 1
Epoch Done Router: 4
##EPOCH## 1 COMPLETED at Time (K cy): 888
Nodes processed until now: 128,311,436
Edges processed until now: 0
Program Done Worker Thread: 0
Program Done Router Thread: 2
Program Done Worker Thread: 7
Program Done Router Thread: 0
Program Done Router Thread: 1
Program Done Worker Thread: 2
Program Done Worker Thread: 1
Program Done Router Thread: 5
Program Done Router Thread: 3
Program Done Worker Thread: 5
Program Done Worker Thread: 4
Program Done Worker Thread: 6
Program Done Router Thread: 7
Program Done Worker Thread: 3
Program Done Router Thread: 4
Program Done Router Thread: 6

===PRINTING ACUM STATS at pu_cycles: 888,200

ACollision In Avg:87, SD:24, Max:131, Min:44
ACollision Out Avg:34, SD:16, Max:62, Min:9
ACollision End Avg:0, SD:0, Max:0, Min:0
ATask1 Avg:656, SD:3, Max:661, Min:647
ATask2 Avg:0, SD:0, Max:0, Min:0
ATask3 Avg:226, SD:20, Max:285, Min:183
ACore Active Avg:55, SD:1, Max:59, Min:52
ARouter Active Avg:79, SD:6, Max:89, Min:69
T1 invocations: 15,962,544
T2 invocations: 0
T3 invocations: 128,311,436
T3b invocations: 0
Total3 invocations: 128,311,436
Total4 invocations: 0

T3/T2 ratio: inf
T3b/T3 ratio: 0

T1 avg ex cycles: 93
T2 avg ex cycles: -nan
T3&b avg ex cycles: 4
T4 avg ex cycles: -nan
Avg. hops NOC1: -nan
Avg. latency NOC1 (T2): -nan
Avg. hops NOC2: 6
Avg. latency NOC2 (T3): 740

Runtime at program end in K cycles: 888
Runtime before cooldown in K cycles: 700


Number of K Nodes Processed: 128,311
Number of K Edges Processed: 128,311
Node Re-explore factor: 30.59
Edge Re-explore factor: 1.00
Nodes/cy: 144
Edges/cy: 144
TEPS: 144

---DCache---
DCache Size: 517,616
DRAM words: 0
  DHits: 0
  DMisses: 0

---Energy---
Leakage Energy (nJ): 573,078
PU Dyn E (nJ): 7,597,388
Mem Dyn E (nJ): 88,350,175
Route Dyn E (nJ): 24,997,202
Dynamic Energy (nJ): 120,944,766
Ratio of Dyn/Leak: 211
Total Energy (nJ): 121,517,844
Total Energy (nJ) 3D: 133,373,726
Cores Energy (nJ): 7,607,276
Route Energy (nJ): 25,263,379
Route Energy (nJ) 3D: 37,119,262
Mem Energy   (nJ): 88,647,189
Mem Energy   (nJ) 3D: 88,647,189
Avg. Power (mW): 136,813.61
Power Density (mW/mm2): 23.81

---Runtime---
Runtime in K cycles: 888.20
Microseconds: 888.20
Time per iteration (ms): 0.89

---Inst---
K Loads: 673,482
K Stores: 400,896
K Instructions: 1,154,191

---Throughput---
GOP/s (aka OPS/ns): 1,299.47
GOP/s per core: 5.08
FLOP/s: 144.46
FLOP/s per core: 0.56
Max Peak FLOP/s: 4,096.00
Avg. BW GB/s: 4,838.46
Max BW GB/s: 16,384.00

---Traffic---
In-Die bisection_bytes BW (GB/s): 256.00
Inter-board traffic (msg/ns): 0.00, per-link: 0.00
Inter-pack traffic (msg/ns): 0.00, per-link: 0.00
Inter-die traffic (msg/ns): 135.30, per-link: 0.53
Ruche traffic (msg/ns): 401.64, per-link: 1.57
All traffic (msg/ns): 1,821.21, per-link: 7.11
Inter-die reduction wrt all: 13.46
Inter-board reduction wrt inter-die: inf

---Data Movement---
All traffic (msg): 1,617,596,764
Arith. Intensity FLOP/Loads: 0.19
Arith. Intensity FLOP/Msgs: 0.08
Arith. Intensity OPS/Loads: 1.71
Arith. Intensity OPS/Msgs: 0.71

Simulation time: 101.36
Sim noc_cy/s: 17,525.71
Sim Msg/s: 15,958,984.21

Version 31

