Dataset:  wikipedia/
Dry run: 0
Open Edge Count File succesfully
Edges Traversed BFS: 95554407
Found Vertices: 4206336, Edges: 101311613
avg degree 25
Array  wikipedia/node_array.bin found
Malloc array of size 16825348 bytes
Readin array of size 16825160 bytes
Finished Reading Array Bytes
No reordering Array 32bit
Array  wikipedia/edge_array.bin found
Malloc array of size 405246452 bytes
Readin array of size 405246452 bytes
Finished Reading Array Bytes
No reordering Array 32bit
Array  wikipedia/edge_values.bin found
Malloc array of size 405246452 bytes
Readin array of size 405246452 bytes
Finished Reading Array Bytes
No reordering Array 32bit
Reading graph elapsed time: 0.161004s

Dataset Footprint: 419 MiB
Dataset Footprint per Board: 3519.68 Mb
Dataset injection time (ms): 0.214824
Max Dataset Footprint: 821 MiB

Dataset footprint per tile: 1678 KiB
Proxys footprint per tile: 0 KiB
Reserved SRAM per tile: 3476 KiB

Ideal SRAM per tile: 5154 KiB
reserved_words_for_dataset:791040
dataset_words_per_tile:429648
remaining_sram_words:1207082
min_dcache_sram_words_required:429648
dataset_words_per_tile:429648
min_pcache_sram_words_required:0
proxys_words_per_tile:0
Dcache footprint ratio: 1
Dataset Cached: 0
DCache: 429648 words, lines: 26853, sets: 26853
Proxys Cached: 0
Pcache: 0 words, sets: 0
Node per tile: 16,431
Edge per tile: 395,749
GRID_X: 16
GRID_SIZE: 256
smt_per_tile: 16
noc_freq: 2
pu_freq: 1
RUCHE_X: 2
PROXY_W: 16
DIE_W: 4
DIE_H: 4
DIES: 16
BORDER_TILES_PER_DIE: 16
PACK_W: 16
PACK_H: 16
DIES_PACK_FACTOR: 4
DIES_PER_PACK: 16
PACKAGES: 1
BOARD_W: 16
BOARD_H: 16
BOARDS: 1
MUX_BUS: 1
DCACHE: 1
PCACHE: 0
PROXY_FACTOR: 1
CACHE_WAYS: 1
TORUS: 1
PHY_NOCS: 1
WIDE_NOC_ID: 0
NOC_CONF: 1
noc_width: 32
hbm_channel_bit_width: 512
ld_st_op_byte_width: 4
PROXY_ROUTING: 0
WRITE_THROUGH: 1
ASSERT_MODE: 0
GLOBAL_BARRIER: 0
OQ flits: 576 ; 98,304 ; 2
IQ flits: 4,608 ; 786,432 ; 2
OQ messages: 192 ; 49,152 ; 1
IQ messages: 1,536 ; 393,216 ; 1
max_task2 size: 64
io_factor_t2: 8
io_factor_t3: 8
io_factor_t3b: 8

Active SRAM Storage per tile: 5,155 KiB
Total SRAM Storage per tile: 8,192 KiB
Agreggated SRAM Storage: 2,048 MiB

Active DRAM Storage per tile: 0 MiB
Total DRAM Storage per tile: 512 MiB
Agreggated DRAM Storage: 128 GiB

Inter-Die #links: 128
Inter-Die (Gbits): 8,192
Inter-Die (Gbits/mm): 246.342
Bisection BW of Board (Gbits): 8,192
Border IO #Dies: 16
Border IO Die BW (Gbits): 1,024
Off-Board BW Total (Gbits): 16,384
Off-Board BW Density (Gbits/mm): 54
Die side: 8.31 mm
Die border wire density: 246.34 Gbits/mm
HBM wire density: 492.68 Gbits/mm

Tiles per Die: 16 (4x4)
Tile Area: 3.02 mm2, side: 1.74 mm
- Core/Rout Area: 0.72 mm2
- SRAM Area: 2.30 mm2
- SRAM/Logic Ratio: 3.19x

Dies per Package: 16 (4x4)
Die Area: 69.12 mm2, side: 8.31 mm
- Tiles Area: 48.24 mm2
- PHY Area: 11.87 mm2
- MC Area: 9.00 mm2

Packages per Board: 1 (1x1)
Package Area: 5,745.87 mm2, side: 75.80 mm
- IOdie Area: 2,880.00 mm2
- Dies Area: 1,105.87 mm2
- HBM Area: 1,760.00 mm2

Boards: 1 (1x1)
Board Area: 5,745.87 mm2
Total Area: 5,745.87 mm2



ESTIMATED COST OF SILICON AND PACKAGING. ONLY VARIABLE, NO FIXED COSTS
Good dies per wafer 3d: 483
Good dies per wafer 2d: 808
--Dies 3D Cost: 200.31 $
--Dies 2.5D Cost: 119.74 $
--Dies 2D Cost: 119.74 $
--HBM Cost: 960.00 $
--IOdie Cost: 417.03 $
--Packaging Cost 3d: 98.59 $
--Packaging Cost 2.5d: 122.43 $
--Packaging Cost 2d: 80.52 $
SiP Cost 3d: 1,675.94 $
SiP Cost 2.5d: 1,619.20 $
SiP Cost 2d: 617.29 $
--Board Cost: 5.75 $
Total SiPs Cost 3d: 1,681.68 $
Total SiPs Cost 2.5d: 1,624.95 $
Total SiPs Cost 2d: 623.04 $

Perf counters initialized
Mesh connected
Cache structures initialized
Replicas initialized
Allocated Frontier List
Dataset structures initialized


Starting Simulation
INIT epoch: 1
INIT epoch: 1
INIT epoch: 1
INIT epoch: 1
INIT epoch: 1
INIT epoch: 1
INIT epoch: 1
INIT epoch: 1

===PRINTING FRAME STATS

FCollision In Avg:-nan, SD:-nan, Max:440, Min:13
FCollision Out Avg:-nan, SD:-nan, Max:247, Min:3
FCollision End Avg:-nan, SD:-nan, Max:82, Min:0
FTask1 Avg:-nan, SD:-nan, Max:317, Min:0
FTask2 Avg:-nan, SD:-nan, Max:560, Min:0
FTask3 Avg:-nan, SD:-nan, Max:1,264, Min:65
FCore Active Avg:-nan, SD:-nan, Max:88, Min:11
FRouter Active Avg:-nan, SD:-nan, Max:98, Min:29
T1 invocations: 418,596
T2 invocations: 442,833
T3 invocations: 9,517,950
T3b invocations: 0
Total3 invocations: 9,517,950
Total4 invocations: 15,139

T3/T2 ratio: 21
T3b/T3 ratio: 0

T1 avg ex cycles: 37
T2 avg ex cycles: 107
T3&b avg ex cycles: 9
T4 avg ex cycles: 303
Avg. hops NOC1: 5
Avg. latency NOC1 (T2): 8,176
Avg. hops NOC2: 5
Avg. latency NOC2 (T3): 25,264

===PRINTING ACUM STATS at pu_cycles: 100,547

ACollision In Avg:-nan, SD:-nan, Max:440, Min:13
ACollision Out Avg:-nan, SD:-nan, Max:247, Min:3
ACollision End Avg:-nan, SD:-nan, Max:82, Min:0
ATask1 Avg:-nan, SD:-nan, Max:317, Min:0
ATask2 Avg:-nan, SD:-nan, Max:560, Min:0
ATask3 Avg:-nan, SD:-nan, Max:1,264, Min:65
ACore Active Avg:-nan, SD:-nan, Max:88, Min:11
ARouter Active Avg:-nan, SD:-nan, Max:98, Min:29
T1 invocations: 418,596
T2 invocations: 442,833
T3 invocations: 9,517,950
T3b invocations: 0
Total3 invocations: 9,517,950
Total4 invocations: 15,139

T3/T2 ratio: 21
T3b/T3 ratio: 0

T1 avg ex cycles: 37
T2 avg ex cycles: 107
T3&b avg ex cycles: 9
T4 avg ex cycles: 303
Avg. hops NOC1: 5
Avg. latency NOC1 (T2): 8,176
Avg. hops NOC2: 5
Avg. latency NOC2 (T3): 25,264
Number of K Nodes Processed: 1,866
Number of K Edges Processed: 15,147
Node Re-explore factor: 0.44
Edge Re-explore factor: 0.15
Nodes/cy: 19
Edges/cy: 151
TEPS: 950

---DCache---
DCache Size: 429,648
DRAM words: 0
  DHits: 0
  DMisses: 0

---Energy---
Leakage Energy (nJ): 114,182
PU Dyn E (nJ): 817,528
Mem Dyn E (nJ): 9,345,961
Route Dyn E (nJ): 1,481,402
Dynamic Energy (nJ): 11,644,891
Ratio of Dyn/Leak: 102
Total Energy (nJ): 11,759,073
Total Energy (nJ) 3D: 12,444,213
Cores Energy (nJ): 818,647
Route Energy (nJ): 1,511,534
Route Energy (nJ) 3D: 2,196,674
Mem Energy   (nJ): 9,428,893
Mem Energy   (nJ) 3D: 9,428,893
Avg. Power (mW): 116,951.01
Power Density (mW/mm2): 20.35

---Runtime---
Runtime in K cycles: 100.55
Microseconds: 100.55
Time per iteration (ms): 0.10

---Throughput---
GOP/s (aka OPS/ns): 817.53
GOP/s per core: 3.19
FLOP/s: 241.74
FLOP/s per core: 0.94
Max Peak FLOP/s: 4,096.00
Avg. BW GB/s: 4,500.97
Max BW GB/s: 16,384.00

---Traffic---
In-Die bisection_bytes BW (GB/s): 256.00
Inter-board traffic (msg/ns): 0.00, per-link: 0.00
Inter-pack traffic (msg/ns): 0.00, per-link: 0.00
Inter-die traffic (msg/ns): 69.33, per-link: 0.27
Ruche traffic (msg/ns): 225.26, per-link: 0.88
All traffic (msg/ns): 1,005.24, per-link: 3.93
Inter-die reduction wrt all: 14.50
Inter-board reduction wrt inter-die: inf

---Data Movement---
All traffic (msg): 101,073,972
Arith. Intensity FLOP/Loads: 0.45
Arith. Intensity FLOP/Msgs: 0.24
Arith. Intensity OPS/Loads: 1.52
Arith. Intensity OPS/Msgs: 0.81



===Core Utilization Total=== CORE-S:1;; TIME K cy:100 ;; Nodes Proc: 240,682 -- Edges Proc: 1,778,936

===PRINTING FRAME STATS

FCollision In Avg:118, SD:77, Max:575, Min:0
FCollision Out Avg:103, SD:80, Max:326, Min:1
FCollision End Avg:15, SD:31, Max:100, Min:0
FTask1 Avg:33, SD:58, Max:259, Min:0
FTask2 Avg:98, SD:122, Max:561, Min:0
FTask3 Avg:223, SD:169, Max:1,086, Min:41
FCore Active Avg:23, SD:16, Max:74, Min:4
FRouter Active Avg:51, SD:23, Max:100, Min:8
T1 invocations: 234,587
T2 invocations: 276,351
T3 invocations: 8,130,924
T3b invocations: 0
Total3 invocations: 8,130,924
Total4 invocations: 4,376

T3/T2 ratio: 29
T3b/T3 ratio: 0

T1 avg ex cycles: 36
T2 avg ex cycles: 91
T3&b avg ex cycles: 7
T4 avg ex cycles: 494
Avg. hops NOC1: 3
Avg. latency NOC1 (T2): 21,037
Avg. hops NOC2: 5
Avg. latency NOC2 (T3): 33,160

===PRINTING ACUM STATS at pu_cycles: 200,534

ACollision In Avg:115, SD:65, Max:507, Min:7
ACollision Out Avg:95, SD:63, Max:286, Min:2
ACollision End Avg:12, SD:22, Max:89, Min:0
ATask1 Avg:47, SD:50, Max:221, Min:0
ATask2 Avg:144, SD:109, Max:561, Min:0
ATask3 Avg:284, SD:166, Max:1,175, Min:54
ACore Active Avg:31, SD:13, Max:78, Min:7
ARouter Active Avg:57, SD:18, Max:99, Min:22
T1 invocations: 636,465
T2 invocations: 707,906
T3 invocations: 17,303,691
T3b invocations: 0
Total3 invocations: 17,303,691
Total4 invocations: 19,129

T3/T2 ratio: 24
T3b/T3 ratio: 0

T1 avg ex cycles: 36
T2 avg ex cycles: 101
T3&b avg ex cycles: 8
T4 avg ex cycles: 344
Avg. hops NOC1: 4
Avg. latency NOC1 (T2): 13,273
Avg. hops NOC2: 5
Avg. latency NOC2 (T3): 29,146
Number of K Nodes Processed: 2,635
Number of K Edges Processed: 23,001
Node Re-explore factor: 0.63
Edge Re-explore factor: 0.23
Nodes/cy: 13
Edges/cy: 115
TEPS: 476

---DCache---
DCache Size: 429,648
DRAM words: 0
  DHits: 0
  DMisses: 0

---Energy---
Leakage Energy (nJ): 227,729
PU Dyn E (nJ): 1,311,823
Mem Dyn E (nJ): 15,135,394
Route Dyn E (nJ): 2,589,504
Dynamic Energy (nJ): 19,036,722
Ratio of Dyn/Leak: 84
Total Energy (nJ): 19,264,451
Total Energy (nJ) 3D: 20,441,166
Cores Energy (nJ): 1,314,056
Route Energy (nJ): 2,649,601
Route Energy (nJ) 3D: 3,826,316
Mem Energy   (nJ): 15,300,795
Mem Energy   (nJ) 3D: 15,300,795
Avg. Power (mW): 96,065.76
Power Density (mW/mm2): 16.72

---Runtime---
Runtime in K cycles: 200.53
Microseconds: 200.53
Time per iteration (ms): 0.20

---Throughput---
GOP/s (aka OPS/ns): 649.81
GOP/s per core: 2.54
FLOP/s: 196.48
FLOP/s per core: 0.77
Max Peak FLOP/s: 4,096.00
Avg. BW GB/s: 3,655.85
Max BW GB/s: 16,384.00

---Traffic---
In-Die bisection_bytes BW (GB/s): 256.00
Inter-board traffic (msg/ns): 0.00, per-link: 0.00
Inter-pack traffic (msg/ns): 0.00, per-link: 0.00
Inter-die traffic (msg/ns): 58.64, per-link: 0.23
Ruche traffic (msg/ns): 207.66, per-link: 0.81
All traffic (msg/ns): 887.02, per-link: 3.46
Inter-die reduction wrt all: 15.13
Inter-board reduction wrt inter-die: inf

---Data Movement---
All traffic (msg): 177,877,457
Arith. Intensity FLOP/Loads: 0.44
Arith. Intensity FLOP/Msgs: 0.22
Arith. Intensity OPS/Loads: 1.46
Arith. Intensity OPS/Msgs: 0.73



===Core Utilization Total=== CORE-S:2;; TIME K cy:200 ;; Nodes Proc: 318,727 -- Edges Proc: 2,626,300

===PRINTING FRAME STATS

FCollision In Avg:116, SD:71, Max:506, Min:5
FCollision Out Avg:102, SD:82, Max:284, Min:0
FCollision End Avg:16, SD:33, Max:100, Min:0
FTask1 Avg:40, SD:75, Max:386, Min:0
FTask2 Avg:90, SD:126, Max:583, Min:0
FTask3 Avg:189, SD:168, Max:1,008, Min:25
FCore Active Avg:21, SD:18, Max:92, Min:3
FRouter Active Avg:49, SD:22, Max:100, Min:5
T1 invocations: 284,497
T2 invocations: 318,405
T3 invocations: 7,633,701
T3b invocations: 0
Total3 invocations: 7,633,701
Total4 invocations: 7,048

T3/T2 ratio: 24
T3b/T3 ratio: 0

T1 avg ex cycles: 36
T2 avg ex cycles: 72
T3&b avg ex cycles: 6
T4 avg ex cycles: 382
Avg. hops NOC1: 3
Avg. latency NOC1 (T2): 19,890
Avg. hops NOC2: 5
Avg. latency NOC2 (T3): 36,465

===PRINTING ACUM STATS at pu_cycles: 300,731

ACollision In Avg:115, SD:66, Max:483, Min:21
ACollision Out Avg:97, SD:67, Max:281, Min:2
ACollision End Avg:13, SD:24, Max:92, Min:0
ATask1 Avg:46, SD:51, Max:205, Min:0
ATask2 Avg:126, SD:100, Max:477, Min:0
ATask3 Avg:253, SD:156, Max:1,119, Min:48
ACore Active Avg:27, SD:14, Max:78, Min:6
ARouter Active Avg:55, SD:19, Max:99, Min:17
T1 invocations: 967,937
T2 invocations: 1,062,665
T3 invocations: 25,801,043
T3b invocations: 0
Total3 invocations: 25,801,043
Total4 invocations: 26,912

T3/T2 ratio: 24
T3b/T3 ratio: 0

T1 avg ex cycles: 36
T2 avg ex cycles: 91
T3&b avg ex cycles: 8
T4 avg ex cycles: 360
Avg. hops NOC1: 4
Avg. latency NOC1 (T2): 14,879
Avg. hops NOC2: 5
Avg. latency NOC2 (T3): 30,788
Number of K Nodes Processed: 3,127
Number of K Edges Processed: 30,002
Node Re-explore factor: 0.74
Edge Re-explore factor: 0.30
Nodes/cy: 10
Edges/cy: 100
TEPS: 318

---DCache---
DCache Size: 429,648
DRAM words: 0
  DHits: 0
  DMisses: 0

---Energy---
Leakage Energy (nJ): 341,514
PU Dyn E (nJ): 1,852,683
Mem Dyn E (nJ): 21,325,624
Route Dyn E (nJ): 3,694,744
Dynamic Energy (nJ): 26,873,052
Ratio of Dyn/Leak: 79
Total Energy (nJ): 27,214,566
Total Energy (nJ) 3D: 28,908,403
Cores Energy (nJ): 1,856,031
Route Energy (nJ): 3,784,868
Route Energy (nJ) 3D: 5,478,705
Mem Energy   (nJ): 21,573,667
Mem Energy   (nJ) 3D: 21,573,667
Avg. Power (mW): 90,494.71
Power Density (mW/mm2): 15.75

---Runtime---
Runtime in K cycles: 300.73
Microseconds: 300.73
Time per iteration (ms): 0.30

---Throughput---
GOP/s (aka OPS/ns): 611.52
GOP/s per core: 2.39
FLOP/s: 185.15
FLOP/s per core: 0.72
Max Peak FLOP/s: 4,096.00
Avg. BW GB/s: 3,435.39
Max BW GB/s: 16,384.00

---Traffic---
In-Die bisection_bytes BW (GB/s): 256.00
Inter-board traffic (msg/ns): 0.00, per-link: 0.00
Inter-pack traffic (msg/ns): 0.00, per-link: 0.00
Inter-die traffic (msg/ns): 55.49, per-link: 0.22
Ruche traffic (msg/ns): 194.03, per-link: 0.76
All traffic (msg/ns): 851.70, per-link: 3.33
Inter-die reduction wrt all: 15.35
Inter-board reduction wrt inter-die: inf

---Data Movement---
All traffic (msg): 256,133,375
Arith. Intensity FLOP/Loads: 0.44
Arith. Intensity FLOP/Msgs: 0.22
Arith. Intensity OPS/Loads: 1.44
Arith. Intensity OPS/Msgs: 0.72



===Core Utilization Total=== CORE-S:3;; TIME K cy:300 ;; Nodes Proc: 368,519 -- Edges Proc: 3,444,256

===PRINTING FRAME STATS

FCollision In Avg:117, SD:69, Max:478, Min:3
FCollision Out Avg:96, SD:84, Max:367, Min:0
FCollision End Avg:16, SD:34, Max:100, Min:0
FTask1 Avg:37, SD:65, Max:346, Min:0
FTask2 Avg:92, SD:121, Max:602, Min:0
FTask3 Avg:174, SD:163, Max:1,030, Min:26
FCore Active Avg:20, SD:16, Max:83, Min:2
FRouter Active Avg:49, SD:22, Max:100, Min:6
T1 invocations: 262,976
T2 invocations: 303,019
T3 invocations: 7,184,546
T3b invocations: 0
Total3 invocations: 7,184,546
Total4 invocations: 12,312

T3/T2 ratio: 24
T3b/T3 ratio: 0

T1 avg ex cycles: 36
T2 avg ex cycles: 78
T3&b avg ex cycles: 6
T4 avg ex cycles: 211
Avg. hops NOC1: 4
Avg. latency NOC1 (T2): 22,988
Avg. hops NOC2: 5
Avg. latency NOC2 (T3): 38,874

===PRINTING ACUM STATS at pu_cycles: 400,551

ACollision In Avg:116, SD:65, Max:466, Min:27
ACollision Out Avg:97, SD:69, Max:300, Min:2
ACollision End Avg:14, SD:25, Max:93, Min:0
ATask1 Avg:43, SD:46, Max:172, Min:0
ATask2 Avg:118, SD:88, Max:420, Min:0
ATask3 Avg:234, SD:149, Max:1,097, Min:43
ACore Active Avg:25, SD:13, Max:75, Min:5
ARouter Active Avg:53, SD:18, Max:99, Min:14
T1 invocations: 1,229,825
T2 invocations: 1,359,583
T3 invocations: 32,979,329
T3b invocations: 0
Total3 invocations: 32,979,329
Total4 invocations: 39,207

T3/T2 ratio: 24
T3b/T3 ratio: 0

T1 avg ex cycles: 36
T2 avg ex cycles: 89
T3&b avg ex cycles: 7
T4 avg ex cycles: 313
Avg. hops NOC1: 4
Avg. latency NOC1 (T2): 16,675
Avg. hops NOC2: 5
Avg. latency NOC2 (T3): 32,510
Number of K Nodes Processed: 3,550
Number of K Edges Processed: 37,218
Node Re-explore factor: 0.84
Edge Re-explore factor: 0.37
Nodes/cy: 9
Edges/cy: 93
TEPS: 239

---DCache---
DCache Size: 429,648
DRAM words: 0
  DHits: 0
  DMisses: 0

---Energy---
Leakage Energy (nJ): 454,871
PU Dyn E (nJ): 2,316,611
Mem Dyn E (nJ): 26,643,210
Route Dyn E (nJ): 4,733,292
Dynamic Energy (nJ): 33,693,114
Ratio of Dyn/Leak: 74
Total Energy (nJ): 34,147,985
Total Energy (nJ) 3D: 36,313,913
Cores Energy (nJ): 2,321,070
Route Energy (nJ): 4,853,330
Route Energy (nJ) 3D: 7,019,259
Mem Energy   (nJ): 26,973,585
Mem Energy   (nJ) 3D: 26,973,585
Avg. Power (mW): 85,252.53
Power Density (mW/mm2): 14.84

---Runtime---
Runtime in K cycles: 400.55
Microseconds: 400.55
Time per iteration (ms): 0.40

---Throughput---
GOP/s (aka OPS/ns): 570.99
GOP/s per core: 2.23
FLOP/s: 174.59
FLOP/s per core: 0.68
Max Peak FLOP/s: 4,096.00
Avg. BW GB/s: 3,222.59
Max BW GB/s: 16,384.00

---Traffic---
In-Die bisection_bytes BW (GB/s): 256.00
Inter-board traffic (msg/ns): 0.00, per-link: 0.00
Inter-pack traffic (msg/ns): 0.00, per-link: 0.00
Inter-die traffic (msg/ns): 55.01, per-link: 0.21
Ruche traffic (msg/ns): 185.76, per-link: 0.73
All traffic (msg/ns): 818.84, per-link: 3.20
Inter-die reduction wrt all: 14.88
Inter-board reduction wrt inter-die: inf

---Data Movement---
All traffic (msg): 327,988,447
Arith. Intensity FLOP/Loads: 0.44
Arith. Intensity FLOP/Msgs: 0.21
Arith. Intensity OPS/Loads: 1.43
Arith. Intensity OPS/Msgs: 0.70



===Core Utilization Total=== CORE-S:4;; TIME K cy:400 ;; Nodes Proc: 412,659 -- Edges Proc: 3,980,424

===PRINTING FRAME STATS

FCollision In Avg:111, SD:63, Max:463, Min:3
FCollision Out Avg:91, SD:84, Max:334, Min:0
FCollision End Avg:16, SD:33, Max:100, Min:0
FTask1 Avg:38, SD:65, Max:452, Min:0
FTask2 Avg:94, SD:121, Max:723, Min:0
FTask3 Avg:183, SD:164, Max:967, Min:37
FCore Active Avg:20, SD:16, Max:80, Min:3
FRouter Active Avg:53, SD:20, Max:98, Min:11
T1 invocations: 270,484
T2 invocations: 329,607
T3 invocations: 7,753,399
T3b invocations: 0
Total3 invocations: 7,753,399
Total4 invocations: 13,633

T3/T2 ratio: 24
T3b/T3 ratio: 0

T1 avg ex cycles: 36
T2 avg ex cycles: 73
T3&b avg ex cycles: 6
T4 avg ex cycles: 195
Avg. hops NOC1: 3
Avg. latency NOC1 (T2): 32,158
Avg. hops NOC2: 5
Avg. latency NOC2 (T3): 41,450

===PRINTING ACUM STATS at pu_cycles: 500,544

ACollision In Avg:115, SD:62, Max:451, Min:23
ACollision Out Avg:96, SD:69, Max:307, Min:1
ACollision End Avg:14, SD:24, Max:94, Min:0
ATask1 Avg:43, SD:41, Max:153, Min:0
ATask2 Avg:114, SD:80, Max:342, Min:0
ATask3 Avg:224, SD:144, Max:1,071, Min:46
ACore Active Avg:25, SD:13, Max:73, Min:5
ARouter Active Avg:53, SD:18, Max:99, Min:13
T1 invocations: 1,496,957
T2 invocations: 1,670,924
T3 invocations: 40,494,690
T3b invocations: 0
Total3 invocations: 40,494,690
Total4 invocations: 52,788

T3/T2 ratio: 24
T3b/T3 ratio: 0

T1 avg ex cycles: 36
T2 avg ex cycles: 86
T3&b avg ex cycles: 7
T4 avg ex cycles: 282
Avg. hops NOC1: 4
Avg. latency NOC1 (T2): 19,695
Avg. hops NOC2: 5
Avg. latency NOC2 (T3): 34,150
Number of K Nodes Processed: 3,956
Number of K Edges Processed: 44,479
Node Re-explore factor: 0.94
Edge Re-explore factor: 0.44
Nodes/cy: 8
Edges/cy: 89
TEPS: 191

---DCache---
DCache Size: 429,648
DRAM words: 0
  DHits: 0
  DMisses: 0

---Energy---
Leakage Energy (nJ): 568,424
PU Dyn E (nJ): 2,788,870
Mem Dyn E (nJ): 32,063,837
Route Dyn E (nJ): 5,876,013
Dynamic Energy (nJ): 40,728,721
Ratio of Dyn/Leak: 72
Total Energy (nJ): 41,297,145
Total Energy (nJ) 3D: 43,985,169
Cores Energy (nJ): 2,794,442
Route Energy (nJ): 6,026,017
Route Energy (nJ) 3D: 8,714,042
Mem Energy   (nJ): 32,476,686
Mem Energy   (nJ) 3D: 32,476,686
Avg. Power (mW): 82,504.53
Power Density (mW/mm2): 14.36

---Runtime---
Runtime in K cycles: 500.54
Microseconds: 500.54
Time per iteration (ms): 0.50

---Throughput---
GOP/s (aka OPS/ns): 548.06
GOP/s per core: 2.14
FLOP/s: 168.70
FLOP/s per core: 0.66
Max Peak FLOP/s: 4,096.00
Avg. BW GB/s: 3,103.65
Max BW GB/s: 16,384.00

---Traffic---
In-Die bisection_bytes BW (GB/s): 256.00
Inter-board traffic (msg/ns): 0.00, per-link: 0.00
Inter-pack traffic (msg/ns): 0.00, per-link: 0.00
Inter-die traffic (msg/ns): 56.16, per-link: 0.22
Ruche traffic (msg/ns): 183.16, per-link: 0.72
All traffic (msg/ns): 811.58, per-link: 3.17
Inter-die reduction wrt all: 14.45
Inter-board reduction wrt inter-die: inf

---Data Movement---
All traffic (msg): 406,230,779
Arith. Intensity FLOP/Loads: 0.44
Arith. Intensity FLOP/Msgs: 0.21
Arith. Intensity OPS/Loads: 1.42
Arith. Intensity OPS/Msgs: 0.68



===Core Utilization Total=== CORE-S:5;; TIME K cy:500 ;; Nodes Proc: 460,583 -- Edges Proc: 4,518,617

===PRINTING FRAME STATS

FCollision In Avg:111, SD:61, Max:530, Min:0
FCollision Out Avg:86, SD:76, Max:299, Min:0
FCollision End Avg:13, SD:30, Max:100, Min:0
FTask1 Avg:44, SD:68, Max:397, Min:0
FTask2 Avg:98, SD:112, Max:503, Min:0
FTask3 Avg:180, SD:157, Max:967, Min:33
FCore Active Avg:21, SD:15, Max:78, Min:3
FRouter Active Avg:53, SD:20, Max:98, Min:11
T1 invocations: 320,165
T2 invocations: 352,740
T3 invocations: 7,850,184
T3b invocations: 0
Total3 invocations: 7,850,184
Total4 invocations: 13,986

T3/T2 ratio: 22
T3b/T3 ratio: 0

T1 avg ex cycles: 36
T2 avg ex cycles: 71
T3&b avg ex cycles: 6
T4 avg ex cycles: 223
Avg. hops NOC1: 4
Avg. latency NOC1 (T2): 27,403
Avg. hops NOC2: 5
Avg. latency NOC2 (T3): 41,631

===PRINTING ACUM STATS at pu_cycles: 600,542

ACollision In Avg:114, SD:60, Max:446, Min:24
ACollision Out Avg:94, SD:68, Max:296, Min:1
ACollision End Avg:14, SD:23, Max:95, Min:0
ATask1 Avg:43, SD:37, Max:129, Min:0
ATask2 Avg:111, SD:71, Max:289, Min:0
ATask3 Avg:217, SD:140, Max:1,054, Min:48
ACore Active Avg:24, SD:12, Max:74, Min:4
ARouter Active Avg:53, SD:17, Max:99, Min:13
T1 invocations: 1,837,518
T2 invocations: 2,046,734
T3 invocations: 48,743,765
T3b invocations: 0
Total3 invocations: 48,743,765
Total4 invocations: 67,095

T3/T2 ratio: 24
T3b/T3 ratio: 0

T1 avg ex cycles: 36
T2 avg ex cycles: 83
T3&b avg ex cycles: 7
T4 avg ex cycles: 271
Avg. hops NOC1: 4
Avg. latency NOC1 (T2): 20,853
Avg. hops NOC2: 5
Avg. latency NOC2 (T3): 35,373
Number of K Nodes Processed: 4,285
Number of K Edges Processed: 51,985
Node Re-explore factor: 1.02
Edge Re-explore factor: 0.51
Nodes/cy: 7
Edges/cy: 87
TEPS: 159

---DCache---
DCache Size: 429,648
DRAM words: 0
  DHits: 0
  DMisses: 0

---Energy---
Leakage Energy (nJ): 681,983
PU Dyn E (nJ): 3,318,751
Mem Dyn E (nJ): 38,077,907
Route Dyn E (nJ): 7,098,666
Dynamic Energy (nJ): 48,495,325
Ratio of Dyn/Leak: 71
Total Energy (nJ): 49,177,308
Total Energy (nJ) 3D: 52,447,860
Cores Energy (nJ): 3,325,437
Route Energy (nJ): 7,278,638
Route Energy (nJ) 3D: 10,549,190
Mem Energy   (nJ): 38,573,234
Mem Energy   (nJ) 3D: 38,573,234
Avg. Power (mW): 81,888.21
Power Density (mW/mm2): 14.25

---Runtime---
Runtime in K cycles: 600.54
Microseconds: 600.54
Time per iteration (ms): 0.60

---Throughput---
GOP/s (aka OPS/ns): 542.63
GOP/s per core: 2.12
FLOP/s: 167.56
FLOP/s per core: 0.65
Max Peak FLOP/s: 4,096.00
Avg. BW GB/s: 3,072.17
Max BW GB/s: 16,384.00

---Traffic---
In-Die bisection_bytes BW (GB/s): 256.00
Inter-board traffic (msg/ns): 0.00, per-link: 0.00
Inter-pack traffic (msg/ns): 0.00, per-link: 0.00
Inter-die traffic (msg/ns): 56.78, per-link: 0.22
Ruche traffic (msg/ns): 181.19, per-link: 0.71
All traffic (msg/ns): 816.62, per-link: 3.19
Inter-die reduction wrt all: 14.38
Inter-board reduction wrt inter-die: inf

---Data Movement---
All traffic (msg): 490,415,521
Arith. Intensity FLOP/Loads: 0.44
Arith. Intensity FLOP/Msgs: 0.21
Arith. Intensity OPS/Loads: 1.42
Arith. Intensity OPS/Msgs: 0.66



===Core Utilization Total=== CORE-S:6;; TIME K cy:600 ;; Nodes Proc: 500,387 -- Edges Proc: 5,126,004

===PRINTING FRAME STATS

FCollision In Avg:104, SD:63, Max:437, Min:1
FCollision Out Avg:83, SD:76, Max:311, Min:0
FCollision End Avg:13, SD:30, Max:100, Min:0
FTask1 Avg:42, SD:70, Max:435, Min:0
FTask2 Avg:89, SD:106, Max:576, Min:0
FTask3 Avg:156, SD:140, Max:995, Min:31
FCore Active Avg:19, SD:14, Max:73, Min:3
FRouter Active Avg:50, SD:19, Max:100, Min:13
T1 invocations: 301,751
T2 invocations: 325,729
T3 invocations: 6,877,888
T3b invocations: 0
Total3 invocations: 6,877,888
Total4 invocations: 16,301

T3/T2 ratio: 21
T3b/T3 ratio: 0

T1 avg ex cycles: 36
T2 avg ex cycles: 70
T3&b avg ex cycles: 6
T4 avg ex cycles: 184
Avg. hops NOC1: 4
Avg. latency NOC1 (T2): 27,285
Avg. hops NOC2: 5
Avg. latency NOC2 (T3): 41,546

===PRINTING ACUM STATS at pu_cycles: 700,551

ACollision In Avg:113, SD:58, Max:445, Min:25
ACollision Out Avg:93, SD:68, Max:293, Min:2
ACollision End Avg:14, SD:23, Max:95, Min:0
ATask1 Avg:43, SD:34, Max:116, Min:0
ATask2 Avg:108, SD:64, Max:269, Min:0
ATask3 Avg:208, SD:134, Max:1,045, Min:47
ACore Active Avg:23, SD:11, Max:72, Min:4
ARouter Active Avg:53, SD:17, Max:99, Min:14
T1 invocations: 2,123,982
T2 invocations: 2,367,695
T3 invocations: 55,481,216
T3b invocations: 0
Total3 invocations: 55,481,216
Total4 invocations: 83,145

T3/T2 ratio: 23
T3b/T3 ratio: 0

T1 avg ex cycles: 36
T2 avg ex cycles: 81
T3&b avg ex cycles: 7
T4 avg ex cycles: 253
Avg. hops NOC1: 4
Avg. latency NOC1 (T2): 21,692
Avg. hops NOC2: 5
Avg. latency NOC2 (T3): 36,125
Number of K Nodes Processed: 4,550
Number of K Edges Processed: 58,851
Node Re-explore factor: 1.08
Edge Re-explore factor: 0.58
Nodes/cy: 6
Edges/cy: 84
TEPS: 136

---DCache---
DCache Size: 429,648
DRAM words: 0
  DHits: 0
  DMisses: 0

---Energy---
Leakage Energy (nJ): 795,555
PU Dyn E (nJ): 3,756,181
Mem Dyn E (nJ): 43,025,787
Route Dyn E (nJ): 8,171,543
Dynamic Energy (nJ): 54,953,511
Ratio of Dyn/Leak: 69
Total Energy (nJ): 55,749,066
Total Energy (nJ) 3D: 59,516,646
Cores Energy (nJ): 3,763,980
Route Energy (nJ): 8,381,485
Route Energy (nJ) 3D: 12,149,065
Mem Energy   (nJ): 43,603,601
Mem Energy   (nJ) 3D: 43,603,601
Avg. Power (mW): 79,578.88
Power Density (mW/mm2): 13.85

---Runtime---
Runtime in K cycles: 700.55
Microseconds: 700.55
Time per iteration (ms): 0.70

---Throughput---
GOP/s (aka OPS/ns): 525.73
GOP/s per core: 2.05
FLOP/s: 162.76
FLOP/s per core: 0.64
Max Peak FLOP/s: 4,096.00
Avg. BW GB/s: 2,975.85
Max BW GB/s: 16,384.00

---Traffic---
In-Die bisection_bytes BW (GB/s): 256.00
Inter-board traffic (msg/ns): 0.00, per-link: 0.00
Inter-pack traffic (msg/ns): 0.00, per-link: 0.00
Inter-die traffic (msg/ns): 55.87, per-link: 0.22
Ruche traffic (msg/ns): 178.66, per-link: 0.70
All traffic (msg/ns): 804.09, per-link: 3.14
Inter-die reduction wrt all: 14.39
Inter-board reduction wrt inter-die: inf

---Data Movement---
All traffic (msg): 563,303,052
Arith. Intensity FLOP/Loads: 0.44
Arith. Intensity FLOP/Msgs: 0.20
Arith. Intensity OPS/Loads: 1.42
Arith. Intensity OPS/Msgs: 0.65



===Core Utilization Total=== CORE-S:7;; TIME K cy:700 ;; Nodes Proc: 527,145 -- Edges Proc: 5,893,035

===PRINTING FRAME STATS

FCollision In Avg:92, SD:72, Max:449, Min:0
FCollision Out Avg:85, SD:88, Max:339, Min:0
FCollision End Avg:13, SD:31, Max:100, Min:0
FTask1 Avg:30, SD:66, Max:417, Min:0
FTask2 Avg:65, SD:109, Max:639, Min:0
FTask3 Avg:115, SD:135, Max:1,013, Min:16
FCore Active Avg:14, SD:14, Max:82, Min:1
FRouter Active Avg:38, SD:22, Max:100, Min:4
T1 invocations: 213,471
T2 invocations: 230,370
T3 invocations: 5,183,186
T3b invocations: 0
Total3 invocations: 5,183,186
Total4 invocations: 14,445

T3/T2 ratio: 22
T3b/T3 ratio: 0

T1 avg ex cycles: 36
T2 avg ex cycles: 72
T3&b avg ex cycles: 6
T4 avg ex cycles: 150
Avg. hops NOC1: 4
Avg. latency NOC1 (T2): 15,477
Avg. hops NOC2: 5
Avg. latency NOC2 (T3): 31,632

===PRINTING ACUM STATS at pu_cycles: 800,591

ACollision In Avg:110, SD:58, Max:445, Min:22
ACollision Out Avg:91, SD:69, Max:296, Min:2
ACollision End Avg:14, SD:23, Max:96, Min:0
ATask1 Avg:41, SD:30, Max:103, Min:0
ATask2 Avg:102, SD:58, Max:235, Min:0
ATask3 Avg:197, SD:129, Max:1,041, Min:43
ACore Active Avg:22, SD:11, Max:72, Min:4
ARouter Active Avg:51, SD:17, Max:99, Min:12
T1 invocations: 2,354,178
T2 invocations: 2,603,264
T3 invocations: 60,763,780
T3b invocations: 0
Total3 invocations: 60,763,780
Total4 invocations: 98,321

T3/T2 ratio: 23
T3b/T3 ratio: 0

T1 avg ex cycles: 36
T2 avg ex cycles: 80
T3&b avg ex cycles: 7
T4 avg ex cycles: 238
Avg. hops NOC1: 4
Avg. latency NOC1 (T2): 21,089
Avg. hops NOC2: 5
Avg. latency NOC2 (T3): 35,816
Number of K Nodes Processed: 4,714
Number of K Edges Processed: 63,833
Node Re-explore factor: 1.12
Edge Re-explore factor: 0.63
Nodes/cy: 6
Edges/cy: 80
TEPS: 119

---DCache---
DCache Size: 429,648
DRAM words: 0
  DHits: 0
  DMisses: 0

---Energy---
Leakage Energy (nJ): 909,162
PU Dyn E (nJ): 4,098,641
Mem Dyn E (nJ): 46,886,467
Route Dyn E (nJ): 8,973,761
Dynamic Energy (nJ): 59,958,870
Ratio of Dyn/Leak: 66
Total Energy (nJ): 60,868,032
Total Energy (nJ) 3D: 65,007,546
Cores Energy (nJ): 4,107,554
Route Energy (nJ): 9,213,684
Route Energy (nJ) 3D: 13,353,198
Mem Energy   (nJ): 47,546,795
Mem Energy   (nJ) 3D: 47,546,795
Avg. Power (mW): 76,028.87
Power Density (mW/mm2): 13.23

---Runtime---
Runtime in K cycles: 800.59
Microseconds: 800.59
Time per iteration (ms): 0.80

---Throughput---
GOP/s (aka OPS/ns): 501.48
GOP/s per core: 1.96
FLOP/s: 155.53
FLOP/s per core: 0.61
Max Peak FLOP/s: 4,096.00
Avg. BW GB/s: 2,837.68
Max BW GB/s: 16,384.00

---Traffic---
In-Die bisection_bytes BW (GB/s): 256.00
Inter-board traffic (msg/ns): 0.00, per-link: 0.00
Inter-pack traffic (msg/ns): 0.00, per-link: 0.00
Inter-die traffic (msg/ns): 53.13, per-link: 0.21
Ruche traffic (msg/ns): 172.04, per-link: 0.67
All traffic (msg/ns): 772.28, per-link: 3.02
Inter-die reduction wrt all: 14.54
Inter-board reduction wrt inter-die: inf

---Data Movement---
All traffic (msg): 618,278,394
Arith. Intensity FLOP/Loads: 0.44
Arith. Intensity FLOP/Msgs: 0.20
Arith. Intensity OPS/Loads: 1.42
Arith. Intensity OPS/Msgs: 0.65



===Core Utilization Total=== CORE-S:8;; TIME K cy:800 ;; Nodes Proc: 548,281 -- Edges Proc: 6,221,841

===PRINTING FRAME STATS

FCollision In Avg:85, SD:65, Max:441, Min:0
FCollision Out Avg:75, SD:79, Max:293, Min:0
FCollision End Avg:12, SD:30, Max:100, Min:0
FTask1 Avg:27, SD:47, Max:344, Min:0
FTask2 Avg:60, SD:81, Max:545, Min:0
FTask3 Avg:116, SD:128, Max:994, Min:16
FCore Active Avg:13, SD:11, Max:73, Min:1
FRouter Active Avg:40, SD:19, Max:100, Min:9
T1 invocations: 195,261
T2 invocations: 228,338
T3 invocations: 5,273,937
T3b invocations: 0
Total3 invocations: 5,273,937
Total4 invocations: 16,816

T3/T2 ratio: 23
T3b/T3 ratio: 0

T1 avg ex cycles: 35
T2 avg ex cycles: 67
T3&b avg ex cycles: 6
T4 avg ex cycles: 123
Avg. hops NOC1: 3
Avg. latency NOC1 (T2): 40,116
Avg. hops NOC2: 5
Avg. latency NOC2 (T3): 51,513

===PRINTING ACUM STATS at pu_cycles: 900,656

ACollision In Avg:107, SD:58, Max:444, Min:20
ACollision Out Avg:90, SD:69, Max:287, Min:2
ACollision End Avg:14, SD:23, Max:96, Min:0
ATask1 Avg:40, SD:28, Max:92, Min:0
ATask2 Avg:98, SD:54, Max:212, Min:0
ATask3 Avg:187, SD:124, Max:1,036, Min:41
ACore Active Avg:21, SD:10, Max:69, Min:4
ARouter Active Avg:50, SD:16, Max:99, Min:12
T1 invocations: 2,547,775
T2 invocations: 2,834,516
T3 invocations: 66,098,716
T3b invocations: 0
Total3 invocations: 66,098,716
Total4 invocations: 115,111

T3/T2 ratio: 23
T3b/T3 ratio: 0

T1 avg ex cycles: 36
T2 avg ex cycles: 79
T3&b avg ex cycles: 7
T4 avg ex cycles: 221
Avg. hops NOC1: 4
Avg. latency NOC1 (T2): 22,619
Avg. hops NOC2: 5
Avg. latency NOC2 (T3): 37,035
Number of K Nodes Processed: 4,872
Number of K Edges Processed: 68,488
Node Re-explore factor: 1.16
Edge Re-explore factor: 0.68
Nodes/cy: 5
Edges/cy: 76
TEPS: 106

---DCache---
DCache Size: 429,648
DRAM words: 0
  DHits: 0
  DMisses: 0

---Energy---
Leakage Energy (nJ): 1,022,797
PU Dyn E (nJ): 4,421,621
Mem Dyn E (nJ): 50,576,468
Route Dyn E (nJ): 9,773,546
Dynamic Energy (nJ): 64,771,636
Ratio of Dyn/Leak: 63
Total Energy (nJ): 65,794,433
Total Energy (nJ) 3D: 70,305,884
Cores Energy (nJ): 4,431,648
Route Energy (nJ): 10,043,456
Route Energy (nJ) 3D: 14,554,907
Mem Energy   (nJ): 51,319,330
Mem Energy   (nJ) 3D: 51,319,330
Avg. Power (mW): 73,051.68
Power Density (mW/mm2): 12.71

---Runtime---
Runtime in K cycles: 900.66
Microseconds: 900.66
Time per iteration (ms): 0.90

---Throughput---
GOP/s (aka OPS/ns): 480.36
GOP/s per core: 1.88
FLOP/s: 149.28
FLOP/s per core: 0.58
Max Peak FLOP/s: 4,096.00
Avg. BW GB/s: 2,721.00
Max BW GB/s: 16,384.00

---Traffic---
In-Die bisection_bytes BW (GB/s): 256.00
Inter-board traffic (msg/ns): 0.00, per-link: 0.00
Inter-pack traffic (msg/ns): 0.00, per-link: 0.00
Inter-die traffic (msg/ns): 51.22, per-link: 0.20
Ruche traffic (msg/ns): 166.51, per-link: 0.65
All traffic (msg/ns): 747.47, per-link: 2.92
Inter-die reduction wrt all: 14.59
Inter-board reduction wrt inter-die: inf

---Data Movement---
All traffic (msg): 673,209,421
Arith. Intensity FLOP/Loads: 0.44
Arith. Intensity FLOP/Msgs: 0.20
Arith. Intensity OPS/Loads: 1.41
Arith. Intensity OPS/Msgs: 0.64



===Core Utilization Total=== CORE-S:9;; TIME K cy:900 ;; Nodes Proc: 563,383 -- Edges Proc: 6,647,693

===PRINTING FRAME STATS

FCollision In Avg:80, SD:64, Max:420, Min:0
FCollision Out Avg:67, SD:72, Max:271, Min:0
FCollision End Avg:11, SD:28, Max:100, Min:0
FTask1 Avg:32, SD:59, Max:315, Min:0
FTask2 Avg:72, SD:98, Max:604, Min:0
FTask3 Avg:124, SD:133, Max:987, Min:19
FCore Active Avg:15, SD:12, Max:66, Min:2
FRouter Active Avg:43, SD:20, Max:100, Min:8
T1 invocations: 233,119
T2 invocations: 269,828
T3 invocations: 5,604,431
T3b invocations: 0
Total3 invocations: 5,604,431
Total4 invocations: 20,347

T3/T2 ratio: 21
T3b/T3 ratio: 0

T1 avg ex cycles: 36
T2 avg ex cycles: 68
T3&b avg ex cycles: 6
T4 avg ex cycles: 121
Avg. hops NOC1: 4
Avg. latency NOC1 (T2): 32,510
Avg. hops NOC2: 5
Avg. latency NOC2 (T3): 43,628

===PRINTING ACUM STATS at pu_cycles: 1,000,852

ACollision In Avg:105, SD:57, Max:442, Min:18
ACollision Out Avg:88, SD:68, Max:279, Min:2
ACollision End Avg:13, SD:23, Max:97, Min:0
ATask1 Avg:39, SD:26, Max:84, Min:0
ATask2 Avg:95, SD:50, Max:194, Min:0
ATask3 Avg:181, SD:121, Max:1,031, Min:40
ACore Active Avg:20, SD:10, Max:69, Min:4
ARouter Active Avg:49, SD:16, Max:99, Min:13
T1 invocations: 2,780,598
T2 invocations: 3,099,354
T3 invocations: 71,371,886
T3b invocations: 0
Total3 invocations: 71,371,886
Total4 invocations: 134,825

T3/T2 ratio: 23
T3b/T3 ratio: 0

T1 avg ex cycles: 36
T2 avg ex cycles: 78
T3&b avg ex cycles: 6
T4 avg ex cycles: 207
Avg. hops NOC1: 4
Avg. latency NOC1 (T2): 23,490
Avg. hops NOC2: 5
Avg. latency NOC2 (T3): 37,499
Number of K Nodes Processed: 5,040
Number of K Edges Processed: 74,121
Node Re-explore factor: 1.20
Edge Re-explore factor: 0.73
Nodes/cy: 5
Edges/cy: 74
TEPS: 95

---DCache---
DCache Size: 429,648
DRAM words: 0
  DHits: 0
  DMisses: 0

---Energy---
Leakage Energy (nJ): 1,136,581
PU Dyn E (nJ): 4,769,335
Mem Dyn E (nJ): 54,491,051
Route Dyn E (nJ): 10,621,441
Dynamic Energy (nJ): 69,881,826
Ratio of Dyn/Leak: 61
Total Energy (nJ): 71,018,407
Total Energy (nJ) 3D: 75,911,598
Cores Energy (nJ): 4,780,476
Route Energy (nJ): 10,921,378
Route Energy (nJ) 3D: 15,814,569
Mem Energy   (nJ): 55,316,553
Mem Energy   (nJ) 3D: 55,316,553
Avg. Power (mW): 70,957.95
Power Density (mW/mm2): 12.35

---Runtime---
Runtime in K cycles: 1,000.85
Microseconds: 1,000.85
Time per iteration (ms): 1.00

---Throughput---
GOP/s (aka OPS/ns): 465.80
GOP/s per core: 1.82
FLOP/s: 145.01
FLOP/s per core: 0.57
Max Peak FLOP/s: 4,096.00
Avg. BW GB/s: 2,638.12
Max BW GB/s: 16,384.00

---Traffic---
In-Die bisection_bytes BW (GB/s): 256.00
Inter-board traffic (msg/ns): 0.00, per-link: 0.00
Inter-pack traffic (msg/ns): 0.00, per-link: 0.00
Inter-die traffic (msg/ns): 50.27, per-link: 0.20
Ruche traffic (msg/ns): 163.40, per-link: 0.64
All traffic (msg/ns): 730.16, per-link: 2.85
Inter-die reduction wrt all: 14.52
Inter-board reduction wrt inter-die: inf

---Data Movement---
All traffic (msg): 730,777,665
Arith. Intensity FLOP/Loads: 0.44
Arith. Intensity FLOP/Msgs: 0.20
Arith. Intensity OPS/Loads: 1.41
Arith. Intensity OPS/Msgs: 0.64



===Core Utilization Total=== CORE-S:10;; TIME K cy:1,000 ;; Nodes Proc: 586,391 -- Edges Proc: 7,465,416

===PRINTING FRAME STATS

FCollision In Avg:76, SD:59, Max:302, Min:0
FCollision Out Avg:58, SD:60, Max:244, Min:0
FCollision End Avg:7, SD:21, Max:100, Min:0
FTask1 Avg:44, SD:71, Max:406, Min:0
FTask2 Avg:100, SD:119, Max:638, Min:0
FTask3 Avg:165, SD:165, Max:924, Min:26
FCore Active Avg:20, SD:15, Max:77, Min:2
FRouter Active Avg:54, SD:21, Max:99, Min:8
T1 invocations: 316,918
T2 invocations: 367,589
T3 invocations: 7,484,580
T3b invocations: 0
Total3 invocations: 7,484,580
Total4 invocations: 27,325

T3/T2 ratio: 20
T3b/T3 ratio: 0

T1 avg ex cycles: 36
T2 avg ex cycles: 70
T3&b avg ex cycles: 6
T4 avg ex cycles: 122
Avg. hops NOC1: 4
Avg. latency NOC1 (T2): 23,820
Avg. hops NOC2: 5
Avg. latency NOC2 (T3): 37,073

===PRINTING ACUM STATS at pu_cycles: 1,100,659

ACollision In Avg:102, SD:55, Max:429, Min:18
ACollision Out Avg:85, SD:66, Max:268, Min:2
ACollision End Avg:13, SD:22, Max:96, Min:0
ATask1 Avg:40, SD:23, Max:78, Min:0
ATask2 Avg:96, SD:44, Max:180, Min:0
ATask3 Avg:180, SD:119, Max:1,021, Min:41
ACore Active Avg:20, SD:9, Max:67, Min:4
ARouter Active Avg:50, SD:15, Max:99, Min:15
T1 invocations: 3,113,657
T2 invocations: 3,476,565
T3 invocations: 79,177,208
T3b invocations: 0
Total3 invocations: 79,177,208
Total4 invocations: 162,592

T3/T2 ratio: 23
T3b/T3 ratio: 0

T1 avg ex cycles: 36
T2 avg ex cycles: 77
T3&b avg ex cycles: 6
T4 avg ex cycles: 193
Avg. hops NOC1: 4
Avg. latency NOC1 (T2): 23,452
Avg. hops NOC2: 5
Avg. latency NOC2 (T3): 37,514
Number of K Nodes Processed: 5,255
Number of K Edges Processed: 81,754
Node Re-explore factor: 1.25
Edge Re-explore factor: 0.81
Nodes/cy: 5
Edges/cy: 74
TEPS: 87

---DCache---
DCache Size: 429,648
DRAM words: 0
  DHits: 0
  DMisses: 0

---Energy---
Leakage Energy (nJ): 1,249,923
PU Dyn E (nJ): 5,276,946
Mem Dyn E (nJ): 60,216,925
Route Dyn E (nJ): 11,830,692
Dynamic Energy (nJ): 77,324,564
Ratio of Dyn/Leak: 62
Total Energy (nJ): 78,574,487
Total Energy (nJ) 3D: 84,037,768
Cores Energy (nJ): 5,289,199
Route Energy (nJ): 12,160,540
Route Energy (nJ) 3D: 17,623,821
Mem Energy   (nJ): 61,124,748
Mem Energy   (nJ) 3D: 61,124,748
Avg. Power (mW): 71,388.58
Power Density (mW/mm2): 12.42

---Runtime---
Runtime in K cycles: 1,100.66
Microseconds: 1,100.66
Time per iteration (ms): 1.10

---Throughput---
GOP/s (aka OPS/ns): 467.93
GOP/s per core: 1.83
FLOP/s: 146.08
FLOP/s per core: 0.57
Max Peak FLOP/s: 4,096.00
Avg. BW GB/s: 2,650.99
Max BW GB/s: 16,384.00

---Traffic---
In-Die bisection_bytes BW (GB/s): 256.00
Inter-board traffic (msg/ns): 0.00, per-link: 0.00
Inter-pack traffic (msg/ns): 0.00, per-link: 0.00
Inter-die traffic (msg/ns): 51.05, per-link: 0.20
Ruche traffic (msg/ns): 164.46, per-link: 0.64
All traffic (msg/ns): 738.98, per-link: 2.89
Inter-die reduction wrt all: 14.48
Inter-board reduction wrt inter-die: inf

---Data Movement---
All traffic (msg): 813,368,464
Arith. Intensity FLOP/Loads: 0.44
Arith. Intensity FLOP/Msgs: 0.20
Arith. Intensity OPS/Loads: 1.41
Arith. Intensity OPS/Msgs: 0.63



===Core Utilization Total=== CORE-S:11;; TIME K cy:1,100 ;; Nodes Proc: 610,983 -- Edges Proc: 8,819,376

===PRINTING FRAME STATS

FCollision In Avg:76, SD:64, Max:334, Min:0
FCollision Out Avg:55, SD:54, Max:217, Min:0
FCollision End Avg:6, SD:19, Max:99, Min:0
FTask1 Avg:42, SD:62, Max:346, Min:0
FTask2 Avg:92, SD:110, Max:605, Min:0
FTask3 Avg:158, SD:173, Max:972, Min:26
FCore Active Avg:19, SD:15, Max:85, Min:3
FRouter Active Avg:53, SD:20, Max:98, Min:13
T1 invocations: 299,032
T2 invocations: 335,190
T3 invocations: 7,180,022
T3b invocations: 0
Total3 invocations: 7,180,022
Total4 invocations: 27,387

T3/T2 ratio: 21
T3b/T3 ratio: 0

T1 avg ex cycles: 36
T2 avg ex cycles: 70
T3&b avg ex cycles: 6
T4 avg ex cycles: 118
Avg. hops NOC1: 4
Avg. latency NOC1 (T2): 21,027
Avg. hops NOC2: 5
Avg. latency NOC2 (T3): 33,319

===PRINTING ACUM STATS at pu_cycles: 1,200,873

ACollision In Avg:100, SD:54, Max:421, Min:17
ACollision Out Avg:82, SD:63, Max:256, Min:2
ACollision End Avg:12, SD:21, Max:92, Min:0
ATask1 Avg:40, SD:20, Max:73, Min:0
ATask2 Avg:95, SD:39, Max:168, Min:0
ATask3 Avg:178, SD:117, Max:1,010, Min:40
ACore Active Avg:20, SD:9, Max:67, Min:5
ARouter Active Avg:50, SD:14, Max:99, Min:17
T1 invocations: 3,425,280
T2 invocations: 3,814,712
T3 invocations: 86,393,119
T3b invocations: 0
Total3 invocations: 86,393,119
Total4 invocations: 190,177

T3/T2 ratio: 23
T3b/T3 ratio: 0

T1 avg ex cycles: 36
T2 avg ex cycles: 77
T3&b avg ex cycles: 6
T4 avg ex cycles: 182
Avg. hops NOC1: 4
Avg. latency NOC1 (T2): 23,220
Avg. hops NOC2: 5
Avg. latency NOC2 (T3): 37,144
Number of K Nodes Processed: 5,464
Number of K Edges Processed: 88,832
Node Re-explore factor: 1.30
Edge Re-explore factor: 0.88
Nodes/cy: 5
Edges/cy: 74
TEPS: 80

---DCache---
DCache Size: 429,648
DRAM words: 0
  DHits: 0
  DMisses: 0

---Energy---
Leakage Energy (nJ): 1,363,727
PU Dyn E (nJ): 5,744,255
Mem Dyn E (nJ): 65,482,428
Route Dyn E (nJ): 12,989,883
Dynamic Energy (nJ): 84,216,566
Ratio of Dyn/Leak: 62
Total Energy (nJ): 85,580,293
Total Energy (nJ) 3D: 91,586,989
Cores Energy (nJ): 5,757,623
Route Energy (nJ): 13,349,762
Route Energy (nJ) 3D: 19,356,458
Mem Energy   (nJ): 66,472,908
Mem Energy   (nJ) 3D: 66,472,908
Avg. Power (mW): 71,265.07
Power Density (mW/mm2): 12.40

---Runtime---
Runtime in K cycles: 1,200.87
Microseconds: 1,200.87
Time per iteration (ms): 1.20

---Throughput---
GOP/s (aka OPS/ns): 466.56
GOP/s per core: 1.82
FLOP/s: 145.82
FLOP/s per core: 0.57
Max Peak FLOP/s: 4,096.00
Avg. BW GB/s: 2,642.25
Max BW GB/s: 16,384.00

---Traffic---
In-Die bisection_bytes BW (GB/s): 256.00
Inter-board traffic (msg/ns): 0.00, per-link: 0.00
Inter-pack traffic (msg/ns): 0.00, per-link: 0.00
Inter-die traffic (msg/ns): 51.43, per-link: 0.20
Ruche traffic (msg/ns): 164.92, per-link: 0.64
All traffic (msg/ns): 742.75, per-link: 2.90
Inter-die reduction wrt all: 14.44
Inter-board reduction wrt inter-die: inf

---Data Movement---
All traffic (msg): 891,946,815
Arith. Intensity FLOP/Loads: 0.44
Arith. Intensity FLOP/Msgs: 0.20
Arith. Intensity OPS/Loads: 1.41
Arith. Intensity OPS/Msgs: 0.63



===Core Utilization Total=== CORE-S:12;; TIME K cy:1,200 ;; Nodes Proc: 650,092 -- Edges Proc: 9,822,094

===PRINTING FRAME STATS

FCollision In Avg:65, SD:62, Max:297, Min:0
FCollision Out Avg:46, SD:53, Max:213, Min:0
FCollision End Avg:7, SD:21, Max:99, Min:0
FTask1 Avg:42, SD:64, Max:347, Min:0
FTask2 Avg:85, SD:103, Max:448, Min:0
FTask3 Avg:152, SD:159, Max:895, Min:19
FCore Active Avg:18, SD:14, Max:70, Min:4
FRouter Active Avg:51, SD:21, Max:98, Min:9
T1 invocations: 299,791
T2 invocations: 320,834
T3 invocations: 6,955,230
T3b invocations: 0
Total3 invocations: 6,955,230
Total4 invocations: 30,634

T3/T2 ratio: 22
T3b/T3 ratio: 0

T1 avg ex cycles: 36
T2 avg ex cycles: 67
T3&b avg ex cycles: 6
T4 avg ex cycles: 105
Avg. hops NOC1: 4
Avg. latency NOC1 (T2): 17,193
Avg. hops NOC2: 5
Avg. latency NOC2 (T3): 31,081

===PRINTING ACUM STATS at pu_cycles: 1,300,793

ACollision In Avg:97, SD:52, Max:411, Min:16
ACollision Out Avg:80, SD:60, Max:251, Min:2
ACollision End Avg:12, SD:20, Max:92, Min:0
ATask1 Avg:40, SD:17, Max:68, Min:0
ATask2 Avg:95, SD:34, Max:158, Min:0
ATask3 Avg:176, SD:115, Max:1,002, Min:40
ACore Active Avg:20, SD:8, Max:67, Min:5
ARouter Active Avg:50, SD:14, Max:99, Min:19
T1 invocations: 3,725,151
T2 invocations: 4,137,846
T3 invocations: 93,296,885
T3b invocations: 0
Total3 invocations: 93,296,885
Total4 invocations: 220,876

T3/T2 ratio: 23
T3b/T3 ratio: 0

T1 avg ex cycles: 36
T2 avg ex cycles: 76
T3&b avg ex cycles: 6
T4 avg ex cycles: 172
Avg. hops NOC1: 4
Avg. latency NOC1 (T2): 22,741
Avg. hops NOC2: 5
Avg. latency NOC2 (T3): 36,683
Number of K Nodes Processed: 5,648
Number of K Edges Processed: 95,299
Node Re-explore factor: 1.34
Edge Re-explore factor: 0.94
Nodes/cy: 4
Edges/cy: 73
TEPS: 73

---DCache---
DCache Size: 429,648
DRAM words: 0
  DHits: 0
  DMisses: 0

---Energy---
Leakage Energy (nJ): 1,477,197
PU Dyn E (nJ): 6,185,047
Mem Dyn E (nJ): 70,446,304
Route Dyn E (nJ): 14,087,471
Dynamic Energy (nJ): 90,718,822
Ratio of Dyn/Leak: 61
Total Energy (nJ): 92,196,019
Total Energy (nJ) 3D: 98,712,799
Cores Energy (nJ): 6,199,528
Route Energy (nJ): 14,477,294
Route Energy (nJ) 3D: 20,994,074
Mem Energy   (nJ): 71,519,198
Mem Energy   (nJ) 3D: 71,519,198
Avg. Power (mW): 70,876.78
Power Density (mW/mm2): 12.34

---Runtime---
Runtime in K cycles: 1,300.79
Microseconds: 1,300.79
Time per iteration (ms): 1.30

---Throughput---
GOP/s (aka OPS/ns): 463.71
GOP/s per core: 1.81
FLOP/s: 144.96
FLOP/s per core: 0.57
Max Peak FLOP/s: 4,096.00
Avg. BW GB/s: 2,624.23
Max BW GB/s: 16,384.00

---Traffic---
In-Die bisection_bytes BW (GB/s): 256.00
Inter-board traffic (msg/ns): 0.00, per-link: 0.00
Inter-pack traffic (msg/ns): 0.00, per-link: 0.00
Inter-die traffic (msg/ns): 51.30, per-link: 0.20
Ruche traffic (msg/ns): 165.16, per-link: 0.65
All traffic (msg/ns): 743.02, per-link: 2.90
Inter-die reduction wrt all: 14.48
Inter-board reduction wrt inter-die: inf

---Data Movement---
All traffic (msg): 966,514,716
Arith. Intensity FLOP/Loads: 0.44
Arith. Intensity FLOP/Msgs: 0.20
Arith. Intensity OPS/Loads: 1.41
Arith. Intensity OPS/Msgs: 0.62



===Core Utilization Total=== CORE-S:13;; TIME K cy:1,300 ;; Nodes Proc: 681,618 -- Edges Proc: 10,876,130

===PRINTING FRAME STATS

FCollision In Avg:53, SD:55, Max:212, Min:0
FCollision Out Avg:35, SD:46, Max:198, Min:0
FCollision End Avg:5, SD:19, Max:97, Min:0
FTask1 Avg:43, SD:71, Max:338, Min:0
FTask2 Avg:83, SD:109, Max:463, Min:0
FTask3 Avg:143, SD:154, Max:901, Min:23
FCore Active Avg:18, SD:15, Max:73, Min:3
FRouter Active Avg:50, SD:22, Max:97, Min:9
T1 invocations: 309,584
T2 invocations: 335,612
T3 invocations: 6,635,198
T3b invocations: 0
Total3 invocations: 6,635,198
Total4 invocations: 31,896

T3/T2 ratio: 20
T3b/T3 ratio: 0

T1 avg ex cycles: 35
T2 avg ex cycles: 64
T3&b avg ex cycles: 6
T4 avg ex cycles: 105
Avg. hops NOC1: 4
Avg. latency NOC1 (T2): 12,441
Avg. hops NOC2: 5
Avg. latency NOC2 (T3): 26,311

===PRINTING ACUM STATS at pu_cycles: 1,400,558

ACollision In Avg:94, SD:51, Max:397, Min:15
ACollision Out Avg:76, SD:58, Max:245, Min:2
ACollision End Avg:11, SD:19, Max:92, Min:0
ATask1 Avg:40, SD:15, Max:64, Min:0
ATask2 Avg:94, SD:29, Max:148, Min:0
ATask3 Avg:174, SD:113, Max:990, Min:39
ACore Active Avg:20, SD:8, Max:67, Min:6
ARouter Active Avg:50, SD:14, Max:99, Min:21
T1 invocations: 4,019,758
T2 invocations: 4,453,334
T3 invocations: 99,649,151
T3b invocations: 0
Total3 invocations: 99,649,151
Total4 invocations: 251,887

T3/T2 ratio: 22
T3b/T3 ratio: 0

T1 avg ex cycles: 36
T2 avg ex cycles: 75
T3&b avg ex cycles: 6
T4 avg ex cycles: 163
Avg. hops NOC1: 4
Avg. latency NOC1 (T2): 22,059
Avg. hops NOC2: 5
Avg. latency NOC2 (T3): 36,026
Number of K Nodes Processed: 5,805
Number of K Edges Processed: 101,795
Node Re-explore factor: 1.38
Edge Re-explore factor: 1.00
Nodes/cy: 4
Edges/cy: 73
TEPS: 68

---DCache---
DCache Size: 429,648
DRAM words: 0
  DHits: 0
  DMisses: 0

---Energy---
Leakage Energy (nJ): 1,590,492
PU Dyn E (nJ): 6,590,862
Mem Dyn E (nJ): 74,993,042
Route Dyn E (nJ): 15,111,639
Dynamic Energy (nJ): 96,695,544
Ratio of Dyn/Leak: 61
Total Energy (nJ): 98,286,036
Total Energy (nJ) 3D: 105,252,161
Cores Energy (nJ): 6,606,453
Route Energy (nJ): 15,531,360
Route Energy (nJ) 3D: 22,497,485
Mem Energy   (nJ): 76,148,223
Mem Energy   (nJ) 3D: 76,148,223
Avg. Power (mW): 70,176.34
Power Density (mW/mm2): 12.21

---Runtime---
Runtime in K cycles: 1,400.56
Microseconds: 1,400.56
Time per iteration (ms): 1.40

---Throughput---
GOP/s (aka OPS/ns): 459.22
GOP/s per core: 1.79
FLOP/s: 143.40
FLOP/s per core: 0.56
Max Peak FLOP/s: 4,096.00
Avg. BW GB/s: 2,594.63
Max BW GB/s: 16,384.00

---Traffic---
In-Die bisection_bytes BW (GB/s): 256.00
Inter-board traffic (msg/ns): 0.00, per-link: 0.00
Inter-pack traffic (msg/ns): 0.00, per-link: 0.00
Inter-die traffic (msg/ns): 51.13, per-link: 0.20
Ruche traffic (msg/ns): 165.88, per-link: 0.65
All traffic (msg/ns): 739.73, per-link: 2.89
Inter-die reduction wrt all: 14.47
Inter-board reduction wrt inter-die: inf

---Data Movement---
All traffic (msg): 1,036,040,268
Arith. Intensity FLOP/Loads: 0.44
Arith. Intensity FLOP/Msgs: 0.19
Arith. Intensity OPS/Loads: 1.41
Arith. Intensity OPS/Msgs: 0.62



===Core Utilization Total=== CORE-S:14;; TIME K cy:1,400 ;; Nodes Proc: 707,107 -- Edges Proc: 11,754,010
======== IT IS COLD ======= Only 15 Tiles active

===PRINTING FRAME STATS

FCollision In Avg:38, SD:47, Max:262, Min:0
FCollision Out Avg:20, SD:34, Max:171, Min:0
FCollision End Avg:4, SD:16, Max:98, Min:0
FTask1 Avg:35, SD:68, Max:413, Min:0
FTask2 Avg:74, SD:114, Max:539, Min:0
FTask3 Avg:132, SD:159, Max:876, Min:17
FCore Active Avg:16, SD:16, Max:77, Min:2
FRouter Active Avg:47, SD:24, Max:96, Min:6
T1 invocations: 252,105
T2 invocations: 282,811
T3 invocations: 6,163,155
T3b invocations: 0
Total3 invocations: 6,163,155
Total4 invocations: 32,034

T3/T2 ratio: 22
T3b/T3 ratio: 0

T1 avg ex cycles: 35
T2 avg ex cycles: 67
T3&b avg ex cycles: 5
T4 avg ex cycles: 88
Avg. hops NOC1: 4
Avg. latency NOC1 (T2): 9,973
Avg. hops NOC2: 5
Avg. latency NOC2 (T3): 22,995

===PRINTING ACUM STATS at pu_cycles: 1,500,734

ACollision In Avg:90, SD:50, Max:384, Min:14
ACollision Out Avg:73, SD:56, Max:239, Min:2
ACollision End Avg:11, SD:18, Max:92, Min:0
ATask1 Avg:40, SD:12, Max:60, Min:0
ATask2 Avg:93, SD:24, Max:140, Min:0
ATask3 Avg:171, SD:111, Max:980, Min:37
ACore Active Avg:20, SD:7, Max:66, Min:6
ARouter Active Avg:50, SD:14, Max:98, Min:24
T1 invocations: 4,292,103
T2 invocations: 4,765,669
T3 invocations: 106,241,836
T3b invocations: 0
Total3 invocations: 106,241,836
Total4 invocations: 284,589

T3/T2 ratio: 22
T3b/T3 ratio: 0

T1 avg ex cycles: 36
T2 avg ex cycles: 75
T3&b avg ex cycles: 6
T4 avg ex cycles: 155
Avg. hops NOC1: 4
Avg. latency NOC1 (T2): 21,210
Avg. hops NOC2: 5
Avg. latency NOC2 (T3): 35,223
Number of K Nodes Processed: 5,936
Number of K Edges Processed: 107,426
Node Re-explore factor: 1.41
Edge Re-explore factor: 1.06
Nodes/cy: 4
Edges/cy: 72
TEPS: 64

---DCache---
DCache Size: 429,648
DRAM words: 0
  DHits: 0
  DMisses: 0

---Energy---
Leakage Energy (nJ): 1,704,253
PU Dyn E (nJ): 7,007,002
Mem Dyn E (nJ): 79,692,710
Route Dyn E (nJ): 16,192,810
Dynamic Energy (nJ): 102,892,523
Ratio of Dyn/Leak: 60
Total Energy (nJ): 104,596,776
Total Energy (nJ) 3D: 112,079,595
Cores Energy (nJ): 7,023,708
Route Energy (nJ): 16,642,552
Route Energy (nJ) 3D: 24,125,371
Mem Energy   (nJ): 80,930,516
Mem Energy   (nJ) 3D: 80,930,516
Avg. Power (mW): 69,697.08
Power Density (mW/mm2): 12.13

---Runtime---
Runtime in K cycles: 1,500.73
Microseconds: 1,500.73
Time per iteration (ms): 1.50

---Throughput---
GOP/s (aka OPS/ns): 455.32
GOP/s per core: 1.78
FLOP/s: 142.36
FLOP/s per core: 0.56
Max Peak FLOP/s: 4,096.00
Avg. BW GB/s: 2,573.21
Max BW GB/s: 16,384.00

---Traffic---
In-Die bisection_bytes BW (GB/s): 256.00
Inter-board traffic (msg/ns): 0.00, per-link: 0.00
Inter-pack traffic (msg/ns): 0.00, per-link: 0.00
Inter-die traffic (msg/ns): 50.27, per-link: 0.20
Ruche traffic (msg/ns): 165.79, per-link: 0.65
All traffic (msg/ns): 738.98, per-link: 2.89
Inter-die reduction wrt all: 14.70
Inter-board reduction wrt inter-die: inf

---Data Movement---
All traffic (msg): 1,109,014,850
Arith. Intensity FLOP/Loads: 0.44
Arith. Intensity FLOP/Msgs: 0.19
Arith. Intensity OPS/Loads: 1.41
Arith. Intensity OPS/Msgs: 0.62



===Core Utilization Total=== CORE-S:15;; TIME K cy:1,500 ;; Nodes Proc: 727,943 -- Edges Proc: 12,613,788
======== IT IS COLD ======= Only 13 Tiles active

===PRINTING FRAME STATS

FCollision In Avg:30, SD:48, Max:211, Min:0
FCollision Out Avg:18, SD:38, Max:215, Min:0
FCollision End Avg:4, SD:17, Max:99, Min:0
FTask1 Avg:22, SD:61, Max:352, Min:0
FTask2 Avg:43, SD:92, Max:556, Min:0
FTask3 Avg:78, SD:133, Max:910, Min:8
FCore Active Avg:9, SD:13, Max:78, Min:1
FRouter Active Avg:31, SD:23, Max:98, Min:3
T1 invocations: 162,441
T2 invocations: 173,045
T3 invocations: 3,675,369
T3b invocations: 0
Total3 invocations: 3,675,369
Total4 invocations: 17,898

T3/T2 ratio: 21
T3b/T3 ratio: 0

T1 avg ex cycles: 35
T2 avg ex cycles: 64
T3&b avg ex cycles: 5
T4 avg ex cycles: 99
Avg. hops NOC1: 5
Avg. latency NOC1 (T2): 9,960
Avg. hops NOC2: 5
Avg. latency NOC2 (T3): 22,087

===PRINTING ACUM STATS at pu_cycles: 1,600,573

ACollision In Avg:86, SD:48, Max:366, Min:13
ACollision Out Avg:69, SD:53, Max:235, Min:2
ACollision End Avg:10, SD:17, Max:92, Min:0
ATask1 Avg:39, SD:10, Max:56, Min:0
ATask2 Avg:90, SD:22, Max:132, Min:0
ATask3 Avg:165, SD:108, Max:948, Min:36
ACore Active Avg:19, SD:7, Max:64, Min:6
ARouter Active Avg:49, SD:13, Max:97, Min:26
T1 invocations: 4,451,705
T2 invocations: 4,938,153
T3 invocations: 109,864,420
T3b invocations: 0
Total3 invocations: 109,864,420
Total4 invocations: 302,321

T3/T2 ratio: 22
T3b/T3 ratio: 0

T1 avg ex cycles: 36
T2 avg ex cycles: 74
T3&b avg ex cycles: 6
T4 avg ex cycles: 152
Avg. hops NOC1: 4
Avg. latency NOC1 (T2): 20,818
Avg. hops NOC2: 5
Avg. latency NOC2 (T3): 34,777
Number of K Nodes Processed: 6,007
Number of K Edges Processed: 110,755
Node Re-explore factor: 1.43
Edge Re-explore factor: 1.09
Nodes/cy: 4
Edges/cy: 69
TEPS: 60

---DCache---
DCache Size: 429,648
DRAM words: 0
  DHits: 0
  DMisses: 0

---Energy---
Leakage Energy (nJ): 1,817,631
PU Dyn E (nJ): 7,233,406
Mem Dyn E (nJ): 82,237,824
Route Dyn E (nJ): 16,784,852
Dynamic Energy (nJ): 106,256,083
Ratio of Dyn/Leak: 58
Total Energy (nJ): 108,073,714
Total Energy (nJ) 3D: 115,830,714
Cores Energy (nJ): 7,251,224
Route Energy (nJ): 17,264,515
Route Energy (nJ) 3D: 25,021,514
Mem Energy   (nJ): 83,557,976
Mem Energy   (nJ) 3D: 83,557,976
Avg. Power (mW): 67,521.89
Power Density (mW/mm2): 11.75

---Runtime---
Runtime in K cycles: 1,600.57
Microseconds: 1,600.57
Time per iteration (ms): 1.60

---Throughput---
GOP/s (aka OPS/ns): 440.77
GOP/s per core: 1.72
FLOP/s: 137.77
FLOP/s per core: 0.54
Max Peak FLOP/s: 4,096.00
Avg. BW GB/s: 2,489.77
Max BW GB/s: 16,384.00

---Traffic---
In-Die bisection_bytes BW (GB/s): 256.00
Inter-board traffic (msg/ns): 0.00, per-link: 0.00
Inter-pack traffic (msg/ns): 0.00, per-link: 0.00
Inter-die traffic (msg/ns): 48.48, per-link: 0.19
Ruche traffic (msg/ns): 161.48, per-link: 0.63
All traffic (msg/ns): 717.89, per-link: 2.80
Inter-die reduction wrt all: 14.81
Inter-board reduction wrt inter-die: inf

---Data Movement---
All traffic (msg): 1,149,031,918
Arith. Intensity FLOP/Loads: 0.44
Arith. Intensity FLOP/Msgs: 0.19
Arith. Intensity OPS/Loads: 1.41
Arith. Intensity OPS/Msgs: 0.61



===Core Utilization Total=== CORE-S:16;; TIME K cy:1,600 ;; Nodes Proc: 739,410 -- Edges Proc: 13,204,996
======== IT IS COLD ======= Only 10 Tiles active

===PRINTING FRAME STATS

FCollision In Avg:20, SD:38, Max:206, Min:0
FCollision Out Avg:12, SD:27, Max:167, Min:0
FCollision End Avg:3, SD:13, Max:96, Min:0
FTask1 Avg:17, SD:45, Max:314, Min:0
FTask2 Avg:41, SD:90, Max:534, Min:0
FTask3 Avg:69, SD:118, Max:833, Min:8
FCore Active Avg:8, SD:12, Max:74, Min:1
FRouter Active Avg:28, SD:23, Max:98, Min:2
T1 invocations: 121,095
T2 invocations: 159,974
T3 invocations: 3,242,566
T3b invocations: 0
Total3 invocations: 3,242,566
Total4 invocations: 18,212

T3/T2 ratio: 20
T3b/T3 ratio: 0

T1 avg ex cycles: 35
T2 avg ex cycles: 66
T3&b avg ex cycles: 5
T4 avg ex cycles: 78
Avg. hops NOC1: 4
Avg. latency NOC1 (T2): 13,166
Avg. hops NOC2: 5
Avg. latency NOC2 (T3): 26,761

===PRINTING ACUM STATS at pu_cycles: 1,700,586

ACollision In Avg:83, SD:46, Max:354, Min:13
ACollision Out Avg:66, SD:51, Max:229, Min:2
ACollision End Avg:10, SD:17, Max:91, Min:0
ATask1 Avg:38, SD:8, Max:53, Min:0
ATask2 Avg:87, SD:19, Max:125, Min:0
ATask3 Avg:160, SD:105, Max:931, Min:34
ACore Active Avg:18, SD:7, Max:64, Min:7
ARouter Active Avg:47, SD:13, Max:96, Min:25
T1 invocations: 4,571,462
T2 invocations: 5,089,164
T3 invocations: 113,021,063
T3b invocations: 0
Total3 invocations: 113,021,063
Total4 invocations: 320,155

T3/T2 ratio: 22
T3b/T3 ratio: 0

T1 avg ex cycles: 36
T2 avg ex cycles: 74
T3&b avg ex cycles: 6
T4 avg ex cycles: 148
Avg. hops NOC1: 4
Avg. latency NOC1 (T2): 20,547
Avg. hops NOC2: 5
Avg. latency NOC2 (T3): 34,550
Number of K Nodes Processed: 6,067
Number of K Edges Processed: 113,909
Node Re-explore factor: 1.44
Edge Re-explore factor: 1.12
Nodes/cy: 4
Edges/cy: 67
TEPS: 56

---DCache---
DCache Size: 429,648
DRAM words: 0
  DHits: 0
  DMisses: 0

---Energy---
Leakage Energy (nJ): 1,931,208
PU Dyn E (nJ): 7,430,023
Mem Dyn E (nJ): 84,469,325
Route Dyn E (nJ): 17,262,689
Dynamic Energy (nJ): 109,162,038
Ratio of Dyn/Leak: 57
Total Energy (nJ): 111,093,246
Total Energy (nJ) 3D: 119,058,059
Cores Energy (nJ): 7,448,954
Route Energy (nJ): 17,772,324
Route Energy (nJ) 3D: 25,737,136
Mem Energy   (nJ): 85,871,969
Mem Energy   (nJ) 3D: 85,871,969
Avg. Power (mW): 65,326.45
Power Density (mW/mm2): 11.37

---Runtime---
Runtime in K cycles: 1,700.59
Microseconds: 1,700.59
Time per iteration (ms): 1.70

---Throughput---
GOP/s (aka OPS/ns): 425.86
GOP/s per core: 1.66
FLOP/s: 133.26
FLOP/s per core: 0.52
Max Peak FLOP/s: 4,096.00
Avg. BW GB/s: 2,406.94
Max BW GB/s: 16,384.00

---Traffic---
In-Die bisection_bytes BW (GB/s): 256.00
Inter-board traffic (msg/ns): 0.00, per-link: 0.00
Inter-pack traffic (msg/ns): 0.00, per-link: 0.00
Inter-die traffic (msg/ns): 46.77, per-link: 0.18
Ruche traffic (msg/ns): 157.07, per-link: 0.61
All traffic (msg/ns): 694.98, per-link: 2.71
Inter-die reduction wrt all: 14.86
Inter-board reduction wrt inter-die: inf

---Data Movement---
All traffic (msg): 1,181,872,845
Arith. Intensity FLOP/Loads: 0.44
Arith. Intensity FLOP/Msgs: 0.19
Arith. Intensity OPS/Loads: 1.41
Arith. Intensity OPS/Msgs: 0.61



===Core Utilization Total=== CORE-S:17;; TIME K cy:1,700 ;; Nodes Proc: 746,386 -- Edges Proc: 13,586,747
======== IT IS COLD ======= Only 5 Tiles active

===PRINTING FRAME STATS

FCollision In Avg:20, SD:42, Max:339, Min:0
FCollision Out Avg:13, SD:29, Max:188, Min:0
FCollision End Avg:2, SD:12, Max:97, Min:0
FTask1 Avg:11, SD:37, Max:368, Min:0
FTask2 Avg:27, SD:71, Max:593, Min:0
FTask3 Avg:51, SD:106, Max:980, Min:5
FCore Active Avg:6, SD:10, Max:69, Min:1
FRouter Active Avg:22, SD:19, Max:100, Min:2
T1 invocations: 79,731
T2 invocations: 95,559
T3 invocations: 2,386,592
T3b invocations: 0
Total3 invocations: 2,386,592
Total4 invocations: 16,840

T3/T2 ratio: 25
T3b/T3 ratio: 0

T1 avg ex cycles: 36
T2 avg ex cycles: 73
T3&b avg ex cycles: 5
T4 avg ex cycles: 61
Avg. hops NOC1: 5
Avg. latency NOC1 (T2): 14,222
Avg. hops NOC2: 5
Avg. latency NOC2 (T3): 26,140

===PRINTING ACUM STATS at pu_cycles: 1,800,702

ACollision In Avg:79, SD:45, Max:353, Min:12
ACollision Out Avg:63, SD:49, Max:224, Min:1
ACollision End Avg:9, SD:16, Max:90, Min:0
ATask1 Avg:36, SD:7, Max:51, Min:0
ATask2 Avg:83, SD:16, Max:118, Min:0
ATask3 Avg:153, SD:102, Max:934, Min:33
ACore Active Avg:18, SD:7, Max:64, Min:7
ARouter Active Avg:46, SD:13, Max:97, Min:25
T1 invocations: 4,662,125
T2 invocations: 5,187,318
T3 invocations: 115,496,301
T3b invocations: 0
Total3 invocations: 115,496,301
Total4 invocations: 337,317

T3/T2 ratio: 22
T3b/T3 ratio: 0

T1 avg ex cycles: 36
T2 avg ex cycles: 74
T3&b avg ex cycles: 6
T4 avg ex cycles: 144
Avg. hops NOC1: 4
Avg. latency NOC1 (T2): 20,394
Avg. hops NOC2: 5
Avg. latency NOC2 (T3): 34,379
Number of K Nodes Processed: 6,118
Number of K Edges Processed: 116,009
Node Re-explore factor: 1.45
Edge Re-explore factor: 1.15
Nodes/cy: 3
Edges/cy: 64
TEPS: 53

---DCache---
DCache Size: 429,648
DRAM words: 0
  DHits: 0
  DMisses: 0

---Energy---
Leakage Energy (nJ): 2,044,901
PU Dyn E (nJ): 7,582,736
Mem Dyn E (nJ): 86,203,542
Route Dyn E (nJ): 17,692,008
Dynamic Energy (nJ): 111,478,286
Ratio of Dyn/Leak: 55
Total Energy (nJ): 113,523,187
Total Energy (nJ) 3D: 121,694,581
Cores Energy (nJ): 7,602,781
Route Energy (nJ): 18,231,645
Route Energy (nJ) 3D: 26,403,039
Mem Energy   (nJ): 87,688,761
Mem Energy   (nJ) 3D: 87,688,761
Avg. Power (mW): 63,043.85
Power Density (mW/mm2): 10.97

---Runtime---
Runtime in K cycles: 1,800.70
Microseconds: 1,800.70
Time per iteration (ms): 1.80

---Throughput---
GOP/s (aka OPS/ns): 410.27
GOP/s per core: 1.60
FLOP/s: 128.48
FLOP/s per core: 0.50
Max Peak FLOP/s: 4,096.00
Avg. BW GB/s: 2,319.80
Max BW GB/s: 16,384.00

---Traffic---
In-Die bisection_bytes BW (GB/s): 256.00
Inter-board traffic (msg/ns): 0.00, per-link: 0.00
Inter-pack traffic (msg/ns): 0.00, per-link: 0.00
Inter-die traffic (msg/ns): 44.99, per-link: 0.18
Ruche traffic (msg/ns): 151.93, per-link: 0.59
All traffic (msg/ns): 672.23, per-link: 2.63
Inter-die reduction wrt all: 14.94
Inter-board reduction wrt inter-die: inf

---Data Movement---
All traffic (msg): 1,210,482,797
Arith. Intensity FLOP/Loads: 0.44
Arith. Intensity FLOP/Msgs: 0.19
Arith. Intensity OPS/Loads: 1.41
Arith. Intensity OPS/Msgs: 0.61



===Core Utilization Total=== CORE-S:18;; TIME K cy:1,800 ;; Nodes Proc: 750,838 -- Edges Proc: 13,719,885
======== IT IS COLD ======= Only 5 Tiles active

===PRINTING FRAME STATS

FCollision In Avg:12, SD:32, Max:300, Min:0
FCollision Out Avg:7, SD:18, Max:176, Min:0
FCollision End Avg:1, SD:7, Max:95, Min:0
FTask1 Avg:9, SD:32, Max:360, Min:0
FTask2 Avg:22, SD:54, Max:463, Min:0
FTask3 Avg:39, SD:82, Max:993, Min:4
FCore Active Avg:5, SD:8, Max:71, Min:0
FRouter Active Avg:17, SD:14, Max:100, Min:2
T1 invocations: 62,825
T2 invocations: 81,927
T3 invocations: 1,786,991
T3b invocations: 0
Total3 invocations: 1,786,991
Total4 invocations: 14,940

T3/T2 ratio: 22
T3b/T3 ratio: 0

T1 avg ex cycles: 36
T2 avg ex cycles: 69
T3&b avg ex cycles: 6
T4 avg ex cycles: 57
Avg. hops NOC1: 4
Avg. latency NOC1 (T2): 8,005
Avg. hops NOC2: 5
Avg. latency NOC2 (T3): 20,124

===PRINTING ACUM STATS at pu_cycles: 1,900,427

ACollision In Avg:76, SD:44, Max:350, Min:11
ACollision Out Avg:60, SD:47, Max:224, Min:1
ACollision End Avg:9, SD:15, Max:90, Min:0
ATask1 Avg:35, SD:6, Max:48, Min:0
ATask2 Avg:80, SD:14, Max:112, Min:5
ATask3 Avg:147, SD:99, Max:937, Min:44
ACore Active Avg:17, SD:6, Max:64, Min:8
ARouter Active Avg:44, SD:13, Max:97, Min:25
T1 invocations: 4,737,442
T2 invocations: 5,271,706
T3 invocations: 117,382,593
T3b invocations: 0
Total3 invocations: 117,382,593
Total4 invocations: 352,538

T3/T2 ratio: 22
T3b/T3 ratio: 0

T1 avg ex cycles: 36
T2 avg ex cycles: 74
T3&b avg ex cycles: 6
T4 avg ex cycles: 140
Avg. hops NOC1: 4
Avg. latency NOC1 (T2): 20,172
Avg. hops NOC2: 5
Avg. latency NOC2 (T3): 34,157
Number of K Nodes Processed: 6,163
Number of K Edges Processed: 117,666
Node Re-explore factor: 1.47
Edge Re-explore factor: 1.16
Nodes/cy: 3
Edges/cy: 62
TEPS: 50

---DCache---
DCache Size: 429,648
DRAM words: 0
  DHits: 0
  DMisses: 0

---Energy---
Leakage Energy (nJ): 2,158,150
PU Dyn E (nJ): 7,701,457
Mem Dyn E (nJ): 87,545,277
Route Dyn E (nJ): 17,987,864
Dynamic Energy (nJ): 113,234,598
Ratio of Dyn/Leak: 52
Total Energy (nJ): 115,392,748
Total Energy (nJ) 3D: 123,698,588
Cores Energy (nJ): 7,722,612
Route Energy (nJ): 18,557,386
Route Energy (nJ) 3D: 26,863,226
Mem Energy   (nJ): 89,112,749
Mem Energy   (nJ) 3D: 89,112,749
Avg. Power (mW): 60,719.38
Power Density (mW/mm2): 10.57

---Runtime---
Runtime in K cycles: 1,900.43
Microseconds: 1,900.43
Time per iteration (ms): 1.90

---Throughput---
GOP/s (aka OPS/ns): 394.81
GOP/s per core: 1.54
FLOP/s: 123.65
FLOP/s per core: 0.48
Max Peak FLOP/s: 4,096.00
Avg. BW GB/s: 2,232.28
Max BW GB/s: 16,384.00

---Traffic---
In-Die bisection_bytes BW (GB/s): 256.00
Inter-board traffic (msg/ns): 0.00, per-link: 0.00
Inter-pack traffic (msg/ns): 0.00, per-link: 0.00
Inter-die traffic (msg/ns): 43.19, per-link: 0.17
Ruche traffic (msg/ns): 146.61, per-link: 0.57
All traffic (msg/ns): 647.56, per-link: 2.53
Inter-die reduction wrt all: 14.99
Inter-board reduction wrt inter-die: inf

---Data Movement---
All traffic (msg): 1,230,634,776
Arith. Intensity FLOP/Loads: 0.44
Arith. Intensity FLOP/Msgs: 0.19
Arith. Intensity OPS/Loads: 1.41
Arith. Intensity OPS/Msgs: 0.61



===Core Utilization Total=== CORE-S:19;; TIME K cy:1,900 ;; Nodes Proc: 753,067 -- Edges Proc: 13,931,376
======== IT IS COLD ======= Only 4 Tiles active

===PRINTING FRAME STATS

FCollision In Avg:12, SD:29, Max:218, Min:0
FCollision Out Avg:7, SD:18, Max:126, Min:0
FCollision End Avg:1, SD:7, Max:88, Min:0
FTask1 Avg:11, SD:47, Max:455, Min:0
FTask2 Avg:23, SD:71, Max:519, Min:0
FTask3 Avg:37, SD:85, Max:898, Min:4
FCore Active Avg:5, SD:9, Max:71, Min:0
FRouter Active Avg:17, SD:16, Max:97, Min:1
T1 invocations: 76,450
T2 invocations: 82,541
T3 invocations: 1,716,631
T3b invocations: 0
Total3 invocations: 1,716,631
Total4 invocations: 14,589

T3/T2 ratio: 21
T3b/T3 ratio: 0

T1 avg ex cycles: 36
T2 avg ex cycles: 71
T3&b avg ex cycles: 6
T4 avg ex cycles: 65
Avg. hops NOC1: 5
Avg. latency NOC1 (T2): 5,526
Avg. hops NOC2: 5
Avg. latency NOC2 (T3): 15,625

===PRINTING ACUM STATS at pu_cycles: 2,000,436

ACollision In Avg:72, SD:43, Max:343, Min:11
ACollision Out Avg:57, SD:45, Max:203, Min:1
ACollision End Avg:8, SD:14, Max:81, Min:0
ATask1 Avg:34, SD:4, Max:46, Min:9
ATask2 Avg:77, SD:12, Max:107, Min:4
ATask3 Avg:142, SD:96, Max:935, Min:47
ACore Active Avg:16, SD:6, Max:65, Min:8
ARouter Active Avg:43, SD:12, Max:97, Min:24
T1 invocations: 4,816,892
T2 invocations: 5,356,246
T3 invocations: 119,130,829
T3b invocations: 0
Total3 invocations: 119,130,829
Total4 invocations: 367,174

T3/T2 ratio: 22
T3b/T3 ratio: 0

T1 avg ex cycles: 36
T2 avg ex cycles: 74
T3&b avg ex cycles: 6
T4 avg ex cycles: 137
Avg. hops NOC1: 4
Avg. latency NOC1 (T2): 19,942
Avg. hops NOC2: 5
Avg. latency NOC2 (T3): 33,883
Number of K Nodes Processed: 6,203
Number of K Edges Processed: 119,418
Node Re-explore factor: 1.47
Edge Re-explore factor: 1.18
Nodes/cy: 3
Edges/cy: 60
TEPS: 48

---DCache---
DCache Size: 429,648
DRAM words: 0
  DHits: 0
  DMisses: 0

---Energy---
Leakage Energy (nJ): 2,271,721
PU Dyn E (nJ): 7,817,184
Mem Dyn E (nJ): 88,840,873
Route Dyn E (nJ): 18,276,304
Dynamic Energy (nJ): 114,934,363
Ratio of Dyn/Leak: 51
Total Energy (nJ): 117,206,084
Total Energy (nJ) 3D: 125,643,408
Cores Energy (nJ): 7,839,453
Route Energy (nJ): 18,875,798
Route Energy (nJ) 3D: 27,313,122
Mem Energy   (nJ): 90,490,833
Mem Energy   (nJ) 3D: 90,490,833
Avg. Power (mW): 58,590.27
Power Density (mW/mm2): 10.20

---Runtime---
Runtime in K cycles: 2,000.44
Microseconds: 2,000.44
Time per iteration (ms): 2.00

---Throughput---
GOP/s (aka OPS/ns): 380.72
GOP/s per core: 1.49
FLOP/s: 119.23
FLOP/s per core: 0.47
Max Peak FLOP/s: 4,096.00
Avg. BW GB/s: 2,152.07
Max BW GB/s: 16,384.00

---Traffic---
In-Die bisection_bytes BW (GB/s): 256.00
Inter-board traffic (msg/ns): 0.00, per-link: 0.00
Inter-pack traffic (msg/ns): 0.00, per-link: 0.00
Inter-die traffic (msg/ns): 41.63, per-link: 0.16
Ruche traffic (msg/ns): 141.64, per-link: 0.55
All traffic (msg/ns): 624.92, per-link: 2.44
Inter-die reduction wrt all: 15.01
Inter-board reduction wrt inter-die: inf

---Data Movement---
All traffic (msg): 1,250,105,650
Arith. Intensity FLOP/Loads: 0.44
Arith. Intensity FLOP/Msgs: 0.19
Arith. Intensity OPS/Loads: 1.41
Arith. Intensity OPS/Msgs: 0.61



===Core Utilization Total=== CORE-S:20;; TIME K cy:2,000 ;; Nodes Proc: 755,969 -- Edges Proc: 14,229,228
======== IT IS COLD ======= Only 5 Tiles active

===PRINTING FRAME STATS

FCollision In Avg:7, SD:20, Max:162, Min:0
FCollision Out Avg:5, SD:14, Max:126, Min:0
FCollision End Avg:1, SD:6, Max:88, Min:0
FTask1 Avg:4, SD:16, Max:192, Min:0
FTask2 Avg:14, SD:51, Max:435, Min:0
FTask3 Avg:24, SD:67, Max:608, Min:1
FCore Active Avg:3, SD:6, Max:49, Min:0
FRouter Active Avg:11, SD:14, Max:83, Min:1
T1 invocations: 28,029
T2 invocations: 45,417
T3 invocations: 1,135,151
T3b invocations: 0
Total3 invocations: 1,135,151
Total4 invocations: 8,123

T3/T2 ratio: 25
T3b/T3 ratio: 0

T1 avg ex cycles: 36
T2 avg ex cycles: 81
T3&b avg ex cycles: 5
T4 avg ex cycles: 51
Avg. hops NOC1: 4
Avg. latency NOC1 (T2): 9,643
Avg. hops NOC2: 5
Avg. latency NOC2 (T3): 16,066

===PRINTING ACUM STATS at pu_cycles: 2,100,520

ACollision In Avg:69, SD:42, Max:334, Min:10
ACollision Out Avg:55, SD:43, Max:193, Min:1
ACollision End Avg:8, SD:14, Max:77, Min:0
ATask1 Avg:32, SD:4, Max:45, Min:9
ATask2 Avg:74, SD:11, Max:102, Min:4
ATask3 Avg:136, SD:93, Max:918, Min:45
ACore Active Avg:16, SD:6, Max:64, Min:8
ARouter Active Avg:42, SD:12, Max:96, Min:23
T1 invocations: 4,844,826
T2 invocations: 5,394,943
T3 invocations: 120,259,632
T3b invocations: 0
Total3 invocations: 120,259,632
Total4 invocations: 375,251

T3/T2 ratio: 22
T3b/T3 ratio: 0

T1 avg ex cycles: 36
T2 avg ex cycles: 74
T3&b avg ex cycles: 6
T4 avg ex cycles: 135
Avg. hops NOC1: 4
Avg. latency NOC1 (T2): 19,844
Avg. hops NOC2: 5
Avg. latency NOC2 (T3): 33,716
Number of K Nodes Processed: 6,223
Number of K Edges Processed: 120,470
Node Re-explore factor: 1.48
Edge Re-explore factor: 1.19
Nodes/cy: 3
Edges/cy: 57
TEPS: 45

---DCache---
DCache Size: 429,648
DRAM words: 0
  DHits: 0
  DMisses: 0

---Energy---
Leakage Energy (nJ): 2,385,378
PU Dyn E (nJ): 7,881,423
Mem Dyn E (nJ): 89,586,670
Route Dyn E (nJ): 18,451,507
Dynamic Energy (nJ): 115,919,600
Ratio of Dyn/Leak: 49
Total Energy (nJ): 118,304,978
Total Energy (nJ) 3D: 126,818,900
Cores Energy (nJ): 7,904,806
Route Energy (nJ): 19,080,994
Route Energy (nJ) 3D: 27,594,916
Mem Energy   (nJ): 91,319,178
Mem Energy   (nJ) 3D: 91,319,178
Avg. Power (mW): 56,321.76
Power Density (mW/mm2): 9.80

---Runtime---
Runtime in K cycles: 2,100.52
Microseconds: 2,100.52
Time per iteration (ms): 2.10

---Throughput---
GOP/s (aka OPS/ns): 365.42
GOP/s per core: 1.43
FLOP/s: 114.52
FLOP/s per core: 0.45
Max Peak FLOP/s: 4,096.00
Avg. BW GB/s: 2,066.74
Max BW GB/s: 16,384.00

---Traffic---
In-Die bisection_bytes BW (GB/s): 256.00
Inter-board traffic (msg/ns): 0.00, per-link: 0.00
Inter-pack traffic (msg/ns): 0.00, per-link: 0.00
Inter-die traffic (msg/ns): 40.02, per-link: 0.16
Ruche traffic (msg/ns): 136.35, per-link: 0.53
All traffic (msg/ns): 600.82, per-link: 2.35
Inter-die reduction wrt all: 15.01
Inter-board reduction wrt inter-die: inf

---Data Movement---
All traffic (msg): 1,262,038,538
Arith. Intensity FLOP/Loads: 0.44
Arith. Intensity FLOP/Msgs: 0.19
Arith. Intensity OPS/Loads: 1.41
Arith. Intensity OPS/Msgs: 0.61



===Core Utilization Total=== CORE-S:21;; TIME K cy:2,100 ;; Nodes Proc: 758,094 -- Edges Proc: 14,476,814
======== IT IS COLD ======= Only 4 Tiles active

===PRINTING FRAME STATS

FCollision In Avg:7, SD:27, Max:240, Min:0
FCollision Out Avg:3, SD:12, Max:77, Min:0
FCollision End Avg:0, SD:3, Max:40, Min:0
FTask1 Avg:3, SD:20, Max:254, Min:0
FTask2 Avg:12, SD:51, Max:437, Min:0
FTask3 Avg:19, SD:68, Max:977, Min:2
FCore Active Avg:2, SD:6, Max:77, Min:0
FRouter Active Avg:10, SD:14, Max:100, Min:1
T1 invocations: 21,951
T2 invocations: 29,978
T3 invocations: 925,729
T3b invocations: 0
Total3 invocations: 925,729
Total4 invocations: 7,155

T3/T2 ratio: 31
T3b/T3 ratio: 0

T1 avg ex cycles: 37
T2 avg ex cycles: 100
T3&b avg ex cycles: 5
T4 avg ex cycles: 44
Avg. hops NOC1: 5
Avg. latency NOC1 (T2): 5,723
Avg. hops NOC2: 6
Avg. latency NOC2 (T3): 20,236

===PRINTING ACUM STATS at pu_cycles: 2,200,190

ACollision In Avg:66, SD:40, Max:325, Min:10
ACollision Out Avg:52, SD:41, Max:185, Min:1
ACollision End Avg:8, SD:13, Max:74, Min:0
ATask1 Avg:31, SD:3, Max:43, Min:24
ATask2 Avg:71, SD:9, Max:97, Min:14
ATask3 Avg:131, SD:91, Max:921, Min:43
ACore Active Avg:15, SD:6, Max:64, Min:8
ARouter Active Avg:40, SD:12, Max:96, Min:22
T1 invocations: 4,872,988
T2 invocations: 5,430,224
T3 invocations: 121,202,022
T3b invocations: 0
Total3 invocations: 121,202,022
Total4 invocations: 382,523

T3/T2 ratio: 22
T3b/T3 ratio: 0

T1 avg ex cycles: 36
T2 avg ex cycles: 74
T3&b avg ex cycles: 6
T4 avg ex cycles: 134
Avg. hops NOC1: 4
Avg. latency NOC1 (T2): 19,755
Avg. hops NOC2: 5
Avg. latency NOC2 (T3): 33,610
Number of K Nodes Processed: 6,235
Number of K Edges Processed: 121,400
Node Re-explore factor: 1.48
Edge Re-explore factor: 1.20
Nodes/cy: 3
Edges/cy: 55
TEPS: 43

---DCache---
DCache Size: 429,648
DRAM words: 0
  DHits: 0
  DMisses: 0

---Energy---
Leakage Energy (nJ): 2,498,564
PU Dyn E (nJ): 7,943,227
Mem Dyn E (nJ): 90,293,097
Route Dyn E (nJ): 18,620,381
Dynamic Energy (nJ): 116,856,706
Ratio of Dyn/Leak: 47
Total Energy (nJ): 119,355,270
Total Energy (nJ) 3D: 127,948,646
Cores Energy (nJ): 7,967,720
Route Energy (nJ): 19,279,737
Route Energy (nJ) 3D: 27,873,113
Mem Energy   (nJ): 92,107,814
Mem Energy   (nJ) 3D: 92,107,814
Avg. Power (mW): 54,247.71
Power Density (mW/mm2): 9.44

---Runtime---
Runtime in K cycles: 2,200.19
Microseconds: 2,200.19
Time per iteration (ms): 2.20

---Throughput---
GOP/s (aka OPS/ns): 351.36
GOP/s per core: 1.37
FLOP/s: 110.25
FLOP/s per core: 0.43
Max Peak FLOP/s: 4,096.00
Avg. BW GB/s: 1,988.67
Max BW GB/s: 16,384.00

---Traffic---
In-Die bisection_bytes BW (GB/s): 256.00
Inter-board traffic (msg/ns): 0.00, per-link: 0.00
Inter-pack traffic (msg/ns): 0.00, per-link: 0.00
Inter-die traffic (msg/ns): 38.40, per-link: 0.15
Ruche traffic (msg/ns): 131.47, per-link: 0.51
All traffic (msg/ns): 578.69, per-link: 2.26
Inter-die reduction wrt all: 15.07
Inter-board reduction wrt inter-die: inf

---Data Movement---
All traffic (msg): 1,273,225,526
Arith. Intensity FLOP/Loads: 0.44
Arith. Intensity FLOP/Msgs: 0.19
Arith. Intensity OPS/Loads: 1.41
Arith. Intensity OPS/Msgs: 0.61



===Core Utilization Total=== CORE-S:22;; TIME K cy:2,200 ;; Nodes Proc: 759,164 -- Edges Proc: 14,771,666
======== IT IS COLD ======= Only 2 Tiles active

===PRINTING FRAME STATS

FCollision In Avg:3, SD:17, Max:180, Min:0
FCollision Out Avg:2, SD:10, Max:104, Min:0
FCollision End Avg:0, SD:4, Max:65, Min:0
FTask1 Avg:2, SD:13, Max:216, Min:0
FTask2 Avg:9, SD:44, Max:445, Min:0
FTask3 Avg:15, SD:62, Max:951, Min:2
FCore Active Avg:2, SD:6, Max:77, Min:0
FRouter Active Avg:7, SD:12, Max:98, Min:0
T1 invocations: 12,896
T2 invocations: 18,850
T3 invocations: 698,419
T3b invocations: 0
Total3 invocations: 698,419
Total4 invocations: 6,138

T3/T2 ratio: 37
T3b/T3 ratio: 0

T1 avg ex cycles: 39
T2 avg ex cycles: 119
T3&b avg ex cycles: 5
T4 avg ex cycles: 35
Avg. hops NOC1: 5
Avg. latency NOC1 (T2): 10,029
Avg. hops NOC2: 5
Avg. latency NOC2 (T3): 18,907

===PRINTING ACUM STATS at pu_cycles: 2,300,170

ACollision In Avg:64, SD:39, Max:315, Min:9
ACollision Out Avg:50, SD:40, Max:177, Min:1
ACollision End Avg:7, SD:13, Max:70, Min:0
ATask1 Avg:30, SD:3, Max:41, Min:23
ATask2 Avg:69, SD:8, Max:93, Min:33
ATask3 Avg:126, SD:89, Max:922, Min:41
ACore Active Avg:15, SD:6, Max:65, Min:8
ARouter Active Avg:39, SD:11, Max:96, Min:21
T1 invocations: 4,885,884
T2 invocations: 5,449,074
T3 invocations: 121,900,441
T3b invocations: 0
Total3 invocations: 121,900,441
Total4 invocations: 388,661

T3/T2 ratio: 22
T3b/T3 ratio: 0

T1 avg ex cycles: 36
T2 avg ex cycles: 74
T3&b avg ex cycles: 6
T4 avg ex cycles: 132
Avg. hops NOC1: 4
Avg. latency NOC1 (T2): 19,722
Avg. hops NOC2: 5
Avg. latency NOC2 (T3): 33,526
Number of K Nodes Processed: 6,243
Number of K Edges Processed: 122,101
Node Re-explore factor: 1.48
Edge Re-explore factor: 1.21
Nodes/cy: 3
Edges/cy: 53
TEPS: 42

---DCache---
DCache Size: 429,648
DRAM words: 0
  DHits: 0
  DMisses: 0

---Energy---
Leakage Energy (nJ): 2,612,103
PU Dyn E (nJ): 7,985,275
Mem Dyn E (nJ): 90,783,620
Route Dyn E (nJ): 18,738,858
Dynamic Energy (nJ): 117,507,753
Ratio of Dyn/Leak: 45
Total Energy (nJ): 120,119,856
Total Energy (nJ) 3D: 128,767,821
Cores Energy (nJ): 8,010,880
Route Energy (nJ): 19,428,176
Route Energy (nJ) 3D: 28,076,142
Mem Energy   (nJ): 92,680,800
Mem Energy   (nJ) 3D: 92,680,800
Avg. Power (mW): 52,222.16
Power Density (mW/mm2): 9.09

---Runtime---
Runtime in K cycles: 2,300.17
Microseconds: 2,300.17
Time per iteration (ms): 2.30

---Throughput---
GOP/s (aka OPS/ns): 337.67
GOP/s per core: 1.32
FLOP/s: 106.07
FLOP/s per core: 0.41
Max Peak FLOP/s: 4,096.00
Avg. BW GB/s: 1,912.56
Max BW GB/s: 16,384.00

---Traffic---
In-Die bisection_bytes BW (GB/s): 256.00
Inter-board traffic (msg/ns): 0.00, per-link: 0.00
Inter-pack traffic (msg/ns): 0.00, per-link: 0.00
Inter-die traffic (msg/ns): 36.85, per-link: 0.14
Ruche traffic (msg/ns): 126.67, per-link: 0.49
All traffic (msg/ns): 556.97, per-link: 2.18
Inter-die reduction wrt all: 15.11
Inter-board reduction wrt inter-die: inf

---Data Movement---
All traffic (msg): 1,281,134,406
Arith. Intensity FLOP/Loads: 0.44
Arith. Intensity FLOP/Msgs: 0.19
Arith. Intensity OPS/Loads: 1.41
Arith. Intensity OPS/Msgs: 0.61



===Core Utilization Total=== CORE-S:23;; TIME K cy:2,300 ;; Nodes Proc: 760,067 -- Edges Proc: 14,941,727
======== IT IS COLD ======= Only 1 Tiles active

===PRINTING FRAME STATS

FCollision In Avg:2, SD:13, Max:147, Min:0
FCollision Out Avg:1, SD:7, Max:76, Min:0
FCollision End Avg:0, SD:3, Max:40, Min:0
FTask1 Avg:1, SD:5, Max:73, Min:0
FTask2 Avg:7, SD:40, Max:540, Min:0
FTask3 Avg:14, SD:55, Max:854, Min:1
FCore Active Avg:1, SD:5, Max:60, Min:0
FRouter Active Avg:7, SD:11, Max:97, Min:0
T1 invocations: 9,706
T2 invocations: 16,384
T3 invocations: 656,868
T3b invocations: 0
Total3 invocations: 656,868
Total4 invocations: 6,362

T3/T2 ratio: 40
T3b/T3 ratio: 0

T1 avg ex cycles: 37
T2 avg ex cycles: 114
T3&b avg ex cycles: 5
T4 avg ex cycles: 30
Avg. hops NOC1: 4
Avg. latency NOC1 (T2): 20,987
Avg. hops NOC2: 5
Avg. latency NOC2 (T3): 15,893

===PRINTING ACUM STATS at pu_cycles: 2,400,197

ACollision In Avg:61, SD:38, Max:305, Min:9
ACollision Out Avg:48, SD:38, Max:169, Min:1
ACollision End Avg:7, SD:12, Max:67, Min:0
ATask1 Avg:28, SD:3, Max:39, Min:22
ATask2 Avg:66, SD:7, Max:89, Min:49
ATask3 Avg:121, SD:86, Max:919, Min:39
ACore Active Avg:14, SD:5, Max:64, Min:8
ARouter Active Avg:37, SD:11, Max:96, Min:20
T1 invocations: 4,895,590
T2 invocations: 5,465,458
T3 invocations: 122,557,309
T3b invocations: 0
Total3 invocations: 122,557,309
Total4 invocations: 395,023

T3/T2 ratio: 22
T3b/T3 ratio: 0

T1 avg ex cycles: 36
T2 avg ex cycles: 74
T3&b avg ex cycles: 6
T4 avg ex cycles: 131
Avg. hops NOC1: 4
Avg. latency NOC1 (T2): 19,725
Avg. hops NOC2: 5
Avg. latency NOC2 (T3): 33,431
Number of K Nodes Processed: 6,252
Number of K Edges Processed: 122,687
Node Re-explore factor: 1.49
Edge Re-explore factor: 1.21
Nodes/cy: 3
Edges/cy: 51
TEPS: 40

---DCache---
DCache Size: 429,648
DRAM words: 0
  DHits: 0
  DMisses: 0

---Energy---
Leakage Energy (nJ): 2,725,695
PU Dyn E (nJ): 8,022,701
Mem Dyn E (nJ): 91,224,485
Route Dyn E (nJ): 18,845,818
Dynamic Energy (nJ): 118,093,005
Ratio of Dyn/Leak: 43
Total Energy (nJ): 120,818,700
Total Energy (nJ) 3D: 129,515,689
Cores Energy (nJ): 8,049,420
Route Energy (nJ): 19,565,113
Route Energy (nJ) 3D: 28,262,102
Mem Energy   (nJ): 93,204,168
Mem Energy   (nJ) 3D: 93,204,168
Avg. Power (mW): 50,336.99
Power Density (mW/mm2): 8.76

---Runtime---
Runtime in K cycles: 2,400.20
Microseconds: 2,400.20
Time per iteration (ms): 2.40

---Throughput---
GOP/s (aka OPS/ns): 324.94
GOP/s per core: 1.27
FLOP/s: 102.16
FLOP/s per core: 0.40
Max Peak FLOP/s: 4,096.00
Avg. BW GB/s: 1,841.76
Max BW GB/s: 16,384.00

---Traffic---
In-Die bisection_bytes BW (GB/s): 256.00
Inter-board traffic (msg/ns): 0.00, per-link: 0.00
Inter-pack traffic (msg/ns): 0.00, per-link: 0.00
Inter-die traffic (msg/ns): 35.42, per-link: 0.14
Ruche traffic (msg/ns): 122.19, per-link: 0.48
All traffic (msg/ns): 536.76, per-link: 2.10
Inter-die reduction wrt all: 15.15
Inter-board reduction wrt inter-die: inf

---Data Movement---
All traffic (msg): 1,288,326,084
Arith. Intensity FLOP/Loads: 0.44
Arith. Intensity FLOP/Msgs: 0.19
Arith. Intensity OPS/Loads: 1.40
Arith. Intensity OPS/Msgs: 0.61



===Core Utilization Total=== CORE-S:24;; TIME K cy:2,400 ;; Nodes Proc: 760,910 -- Edges Proc: 15,080,323
======== IT IS COLD ======= Only 1 Tiles active
Epoch Done Router: 0
Epoch Done Router: 6
Epoch Done Router: 2
Epoch Done Router: 7
Epoch Done Router: 4
Epoch Done Router: 5
Epoch Done Router: 1
Epoch Done Router: 3
##EPOCH## 1 COMPLETED at Time (K cy): 2,452
Nodes processed until now: 6,253,386
Edges processed until now: 122,772,459
Program Done Worker Thread: 0
Program Done Router Thread: 4
Program Done Worker Thread: 2
Program Done Router Thread: 5
Program Done Router Thread: 2
Program Done Worker Thread: 5
Program Done Router Thread: 7
Program Done Worker Thread: 7
Program Done Router Thread: 6
Program Done Worker Thread: 3
Program Done Router Thread: 1
Program Done Worker Thread: 4
Program Done Worker Thread: 1
Program Done Router Thread: 3
Program Done Router Thread: 0
Program Done Worker Thread: 6

===PRINTING ACUM STATS at pu_cycles: 2,452,930

ACollision In Avg:60, SD:37, Max:298, Min:9
ACollision Out Avg:47, SD:37, Max:166, Min:1
ACollision End Avg:7, SD:12, Max:66, Min:0
ATask1 Avg:28, SD:3, Max:38, Min:21
ATask2 Avg:65, SD:6, Max:87, Min:48
ATask3 Avg:119, SD:85, Max:913, Min:38
ACore Active Avg:14, SD:5, Max:64, Min:8
ARouter Active Avg:37, SD:11, Max:95, Min:20
T1 invocations: 4,896,971
T2 invocations: 5,467,918
T3 invocations: 122,740,685
T3b invocations: 0
Total3 invocations: 122,740,685
Total4 invocations: 395,900

T3/T2 ratio: 22
T3b/T3 ratio: 0

T1 avg ex cycles: 36
T2 avg ex cycles: 74
T3&b avg ex cycles: 6
T4 avg ex cycles: 130
Avg. hops NOC1: 4
Avg. latency NOC1 (T2): 19,724
Avg. hops NOC2: 5
Avg. latency NOC2 (T3): 33,414

Runtime at program end in K cycles: 2,452
Runtime before cooldown in K cycles: 1,300


Number of K Nodes Processed: 6,253
Number of K Edges Processed: 122,772
Node Re-explore factor: 1.49
Edge Re-explore factor: 1.21
Nodes/cy: 3
Edges/cy: 50
TEPS: 39

---DCache---
DCache Size: 429,648
DRAM words: 0
  DHits: 0
  DMisses: 0

---Energy---
Leakage Energy (nJ): 2,785,579
PU Dyn E (nJ): 8,030,929
Mem Dyn E (nJ): 91,324,618
Route Dyn E (nJ): 18,874,332
Dynamic Energy (nJ): 118,229,880
Ratio of Dyn/Leak: 42
Total Energy (nJ): 121,015,459
Total Energy (nJ) 3D: 129,725,881
Cores Energy (nJ): 8,058,235
Route Energy (nJ): 19,609,430
Route Energy (nJ) 3D: 28,319,852
Mem Energy   (nJ): 93,347,795
Mem Energy   (nJ) 3D: 93,347,795
Avg. Power (mW): 49,335.06
Power Density (mW/mm2): 8.59

---Runtime---
Runtime in K cycles: 2,452.93
Microseconds: 2,452.93
Time per iteration (ms): 2.45

---Inst---
K Loads: 556,110
K Stores: 550,251
K Instructions: 780,663

---Throughput---
GOP/s (aka OPS/ns): 318.26
GOP/s per core: 1.24
FLOP/s: 100.08
FLOP/s per core: 0.39
Max Peak FLOP/s: 4,096.00
Avg. BW GB/s: 1,804.15
Max BW GB/s: 16,384.00

---Traffic---
In-Die bisection_bytes BW (GB/s): 256.00
Inter-board traffic (msg/ns): 0.00, per-link: 0.00
Inter-pack traffic (msg/ns): 0.00, per-link: 0.00
Inter-die traffic (msg/ns): 34.67, per-link: 0.14
Ruche traffic (msg/ns): 119.77, per-link: 0.47
All traffic (msg/ns): 526.00, per-link: 2.05
Inter-die reduction wrt all: 15.17
Inter-board reduction wrt inter-die: inf

---Data Movement---
All traffic (msg): 1,290,252,959
Arith. Intensity FLOP/Loads: 0.44
Arith. Intensity FLOP/Msgs: 0.19
Arith. Intensity OPS/Loads: 1.40
Arith. Intensity OPS/Msgs: 0.61

Simulation time: 312.42
Sim noc_cy/s: 15,702.96
Sim Msg/s: 4,129,915.94

Version 31

