Dataset:  Kron22/
Dry run: 0
Open Edge Count File succesfully
Edges Traversed BFS: 128309848
Found Vertices: 4194304, Edges: 128311436
avg degree 31
Array  Kron22/node_array.bin found
Malloc array of size 16777220 bytes
Readin array of size 16777216 bytes
Finished Reading Array Bytes
No reordering Array 32bit
Array  Kron22/edge_array.bin found
Malloc array of size 513245744 bytes
Readin array of size 513245744 bytes
Finished Reading Array Bytes
No reordering Array 32bit
Array  Kron22/edge_values.bin found
Malloc array of size 513245744 bytes
Readin array of size 513245744 bytes
Finished Reading Array Bytes
No reordering Array 32bit
Reading graph elapsed time: 0.231728s

Dataset Footprint: 1027 MiB
Dataset Footprint per Board: 8615.1 Mb
Dataset injection time (ms): 0.131456
Max Dataset Footprint: 1027 MiB

Dataset footprint per tile: 64 KiB
Proxys footprint per tile: 64 KiB
Reserved SRAM per tile: 41 KiB

Ideal SRAM per tile: 169 KiB
reserved_words_for_dataset:24103
dataset_words_per_tile:16432
remaining_sram_words:120518
min_dcache_sram_words_required:16432
dataset_words_per_tile:16432
min_pcache_sram_words_required:8
proxys_words_per_tile:16384
Dcache footprint ratio: 1
Pcache footprint ratio: 3
Dataset Cached: 0
DCache: 16432 words, lines: 1027, sets: 1027
Proxys Cached: 1
Pcache: 7711 words, sets: 7711
Node per tile: 256
Edge per tile: 7,832
GRID_X: 128
GRID_SIZE: 16,384
smt_per_tile: 1
noc_freq: 1
pu_freq: 1
RUCHE_X: 0
PROXY_W: 16
DIE_W: 128
DIE_H: 128
DIES: 1
BORDER_TILES_PER_DIE: 512
PACK_W: 128
PACK_H: 128
DIES_PACK_FACTOR: 1
DIES_PER_PACK: 1
PACKAGES: 1
BOARD_W: 128
BOARD_H: 128
BOARDS: 1
MUX_BUS: 1
DCACHE: 0
PCACHE: 1
PROXY_FACTOR: 8
CACHE_WAYS: 1
TORUS: 1
PHY_NOCS: 1
WIDE_NOC_ID: 0
NOC_CONF: 1
noc_width: 32
hbm_channel_bit_width: 512
ld_st_op_byte_width: 4
PROXY_ROUTING: 4
WRITE_THROUGH: 0
ASSERT_MODE: 0
GLOBAL_BARRIER: 0
OQ flits: 36 ; 192 ; 384
IQ flits: 576 ; 3,072 ; 6,144
OQ messages: 12 ; 96 ; 192
IQ messages: 192 ; 1,536 ; 3,072
max_task2 size: 64
io_factor_t2: 16
io_factor_t3: 16
io_factor_t3b: 16

Active SRAM Storage per tile: 137 KiB
Total SRAM Storage per tile: 512 KiB
Agreggated SRAM Storage: 8,192 MiB

Inter-Die #links: 4,096
Inter-Die (Gbits): 131,072
Inter-Die (Gbits/mm): 563.524
Bisection BW of Board (Gbits): 32,768
Border IO #Dies: 4
Border IO Die BW (Gbits): 16,384
Off-Board BW Total (Gbits): 65,536
Off-Board BW Density (Gbits/mm): 278
Die side: 58.15 mm
Die border wire density: 563.52 Gbits/mm
HBM wire density: 70.44 Gbits/mm

Tiles per Die: 16,384 (128x128)
Tile Area: 0.19 mm2, side: 0.44 mm
- Core/Rout Area: 0.05 mm2
- SRAM Area: 0.14 mm2
- SRAM/Logic Ratio: 2.80x

Dies per Package: 1 (1x1)
Die Area: 3,381.23 mm2, side: 58.15 mm
- Tiles Area: 3,191.28 mm2
- PHY Area: 189.96 mm2
- MC Area: 0.00 mm2

Packages per Board: 1 (1x1)
Package Area: 3,461.23 mm2, side: 58.83 mm
- IOdie Area: 80.00 mm2
- Dies Area: 3,381.23 mm2
- HBM Area: 0.00 mm2

Boards: 1 (1x1)
Board Area: 3,461.23 mm2
Total Area: 3,461.23 mm2



ESTIMATED COST OF SILICON AND PACKAGING. ONLY VARIABLE, NO FIXED COSTS
Good dies per wafer 3d: 5
Good dies per wafer 2d: 6
--Dies 3D Cost: 1,209.40 $
--Dies 2.5D Cost: 1,007.83 $
--Dies 2D Cost: 1,007.83 $
--HBM Cost: 60.00 $
--IOdie Cost: 8.44 $
--Packaging Cost 3d: 233.07 $
--Packaging Cost 2.5d: 505.18 $
--Packaging Cost 2d: 152.44 $
SiP Cost 3d: 1,510.91 $
SiP Cost 2.5d: 1,581.46 $
SiP Cost 2d: 1,168.71 $
--Board Cost: 3.46 $
Total SiPs Cost 3d: 1,514.37 $
Total SiPs Cost 2.5d: 1,584.92 $
Total SiPs Cost 2d: 1,172.18 $

Perf counters initialized
Mesh connected
Cache structures initialized
Allocated proxys
proxys initialized
Dataset structures initialized


Starting Simulation
INIT epoch: 1
INIT epoch: 1
INIT epoch: 1
INIT epoch: 1
INIT epoch: 1
INIT epoch: 1
INIT epoch: 1
INIT epoch: 1

===PRINTING FRAME STATS

FCollision In Avg:195, SD:63, Max:379, Min:1
FCollision Out Avg:96, SD:37, Max:182, Min:0
FCollision End Avg:1, SD:8, Max:70, Min:0
FTask1 Avg:25, SD:14, Max:75, Min:1
FTask2 Avg:21, SD:19, Max:97, Min:0
FTask3 Avg:16, SD:4, Max:30, Min:0
FCore Active Avg:62, SD:21, Max:100, Min:15
FRouter Active Avg:88, SD:10, Max:100, Min:42
T1 invocations: 83,296
T2 invocations: 134,823
T3 invocations: 72,465
T3b invocations: 3,198,010
Total3 invocations: 3,270,475
Total4 invocations: 0

T3/T2 ratio: 1
T3b/T3 ratio: 44

T1 avg ex cycles: 125
T2 avg ex cycles: 63
T3&b avg ex cycles: 2
T4 avg ex cycles: -nan
Avg. hops NOC1: 71
Avg. latency NOC1 (T2): 3,539
Avg. hops NOC2: 14
Avg. latency NOC2 (T3): 1,255

===PRINTING ACUM STATS at pu_cycles: 10,828

ACollision In Avg:195, SD:63, Max:379, Min:1
ACollision Out Avg:96, SD:37, Max:182, Min:0
ACollision End Avg:1, SD:8, Max:70, Min:0
ATask1 Avg:25, SD:14, Max:75, Min:1
ATask2 Avg:21, SD:19, Max:97, Min:0
ATask3 Avg:16, SD:4, Max:30, Min:0
ACore Active Avg:62, SD:21, Max:100, Min:15
ARouter Active Avg:88, SD:10, Max:100, Min:42
T1 invocations: 363,573
T2 invocations: 649,799
T3 invocations: 278,215
T3b invocations: 14,269,480
Total3 invocations: 14,547,695
Total4 invocations: 0

T3/T2 ratio: 0
T3b/T3 ratio: 51

T1 avg ex cycles: 132
T2 avg ex cycles: 63
T3&b avg ex cycles: 2
T4 avg ex cycles: -nan
Avg. hops NOC1: 48
Avg. latency NOC1 (T2): 3,643
Avg. hops NOC2: 15
Avg. latency NOC2 (T3): 1,464
Number of K Nodes Processed: 15,447
Number of K Edges Processed: 18,902
Node Re-explore factor: 3.68
Edge Re-explore factor: 0.15
Nodes/cy: 1,427
Edges/cy: 1,746
TEPS: 11,850

---Pcache---
Pcache Size: 7,711
Cached: 1
  PHits: 7,218,908
  PMisses: 7,916,853
  PHit Rate (hit/miss): 48%
  PEvictions: 764,234
  PEviction Rate (evict/misses): 10%

---Energy---
Leakage Energy (nJ): 15,950
PU Dyn E (nJ): 1,130,359
Mem Dyn E (nJ): 3,984,802
Route Dyn E (nJ): 1,570,115
Dynamic Energy (nJ): 6,685,277
Ratio of Dyn/Leak: 419
Total Energy (nJ): 6,701,227
Total Energy (nJ) 3D: 6,840,196
Cores Energy (nJ): 1,130,842
Route Energy (nJ): 1,570,393
Route Energy (nJ) 3D: 1,709,363
Mem Energy   (nJ): 3,999,992
Mem Energy   (nJ) 3D: 3,999,992
Avg. Power (mW): 618,879.49
Power Density (mW/mm2): 178.80

---Runtime---
Runtime in K cycles: 10.83
Microseconds: 10.83
Time per iteration (ms): 0.01

---Throughput---
GOP/s (aka OPS/ns): 10,877.71
GOP/s per core: 0.66
FLOP/s: 3,008.45
FLOP/s per core: 0.18
Max Peak FLOP/s: 16,384.00
Avg. BW GB/s: 65,348.47
Max BW GB/s: 65,536.00

---Traffic---
In-Die bisection_bytes BW (GB/s): 2,048.00
Inter-board traffic (msg/ns): 0.00, per-link: 0.00
Inter-pack traffic (msg/ns): 0.00, per-link: 0.00
Inter-die traffic (msg/ns): 0.00, per-link: 0.00
Ruche traffic (msg/ns): 0.00, per-link: 0.00
All traffic (msg/ns): 47,935.93, per-link: 2.93
Inter-die reduction wrt all: inf
Inter-board reduction wrt inter-die: -nan

---Data Movement---
All traffic (msg): 519,050,241
Arith. Intensity FLOP/Loads: 0.37
Arith. Intensity FLOP/Msgs: 0.06
Arith. Intensity OPS/Loads: 1.33
Arith. Intensity OPS/Msgs: 0.23



===Core Utilization Total=== CORE-S:1;; TIME K cy:10 ;; Nodes Proc: 1,980,738 -- Edges Proc: 2,396,239

===PRINTING FRAME STATS

FCollision In Avg:191, SD:65, Max:404, Min:0
FCollision Out Avg:115, SD:43, Max:257, Min:0
FCollision End Avg:2, SD:14, Max:101, Min:0
FTask1 Avg:5, SD:8, Max:50, Min:0
FTask2 Avg:22, SD:24, Max:100, Min:0
FTask3 Avg:23, SD:7, Max:55, Min:0
FCore Active Avg:51, SD:24, Max:100, Min:15
FRouter Active Avg:86, SD:10, Max:101, Min:42
T1 invocations: 19,629
T2 invocations: 128,786
T3 invocations: 122,236
T3b invocations: 4,542,576
Total3 invocations: 4,664,812
Total4 invocations: 0

T3/T2 ratio: 1
T3b/T3 ratio: 37

T1 avg ex cycles: 105
T2 avg ex cycles: 71
T3&b avg ex cycles: 2
T4 avg ex cycles: -nan
Avg. hops NOC1: 24
Avg. latency NOC1 (T2): 10,236
Avg. hops NOC2: 13
Avg. latency NOC2 (T3): 1,212

===PRINTING ACUM STATS at pu_cycles: 20,759

ACollision In Avg:193, SD:60, Max:350, Min:2
ACollision Out Avg:105, SD:38, Max:214, Min:0
ACollision End Avg:2, SD:10, Max:85, Min:0
ATask1 Avg:15, SD:8, Max:48, Min:1
ATask2 Avg:22, SD:19, Max:91, Min:0
ATask3 Avg:19, SD:4, Max:36, Min:0
ACore Active Avg:56, SD:20, Max:100, Min:18
ARouter Active Avg:87, SD:8, Max:100, Min:50
T1 invocations: 453,736
T2 invocations: 1,260,143
T3 invocations: 792,280
T3b invocations: 35,203,478
Total3 invocations: 35,995,758
Total4 invocations: 0

T3/T2 ratio: 1
T3b/T3 ratio: 44

T1 avg ex cycles: 126
T2 avg ex cycles: 68
T3&b avg ex cycles: 2
T4 avg ex cycles: -nan
Avg. hops NOC1: 33
Avg. latency NOC1 (T2): 6,825
Avg. hops NOC2: 14
Avg. latency NOC2 (T3): 1,547
Number of K Nodes Processed: 36,734
Number of K Edges Processed: 38,253
Node Re-explore factor: 8.76
Edge Re-explore factor: 0.30
Nodes/cy: 1,770
Edges/cy: 1,843
TEPS: 6,181

---Pcache---
Pcache Size: 7,711
Cached: 1
  PHits: 20,110,762
  PMisses: 15,781,221
  PHit Rate (hit/miss): 56%
  PEvictions: 2,916,439
  PEviction Rate (evict/misses): 18%

---Energy---
Leakage Energy (nJ): 30,579
PU Dyn E (nJ): 2,316,964
Mem Dyn E (nJ): 8,840,939
Route Dyn E (nJ): 3,350,998
Dynamic Energy (nJ): 14,508,901
Ratio of Dyn/Leak: 474
Total Energy (nJ): 14,539,480
Total Energy (nJ) 3D: 14,836,074
Cores Energy (nJ): 2,317,888
Route Energy (nJ): 3,351,531
Route Energy (nJ) 3D: 3,648,125
Mem Energy   (nJ): 8,870,061
Mem Energy   (nJ) 3D: 8,870,061
Avg. Power (mW): 700,394.04
Power Density (mW/mm2): 202.35

---Runtime---
Runtime in K cycles: 20.76
Microseconds: 20.76
Time per iteration (ms): 0.02

---Throughput---
GOP/s (aka OPS/ns): 10,315.08
GOP/s per core: 0.63
FLOP/s: 3,545.27
FLOP/s per core: 0.22
Max Peak FLOP/s: 16,384.00
Avg. BW GB/s: 75,211.18
Max BW GB/s: 65,536.00

---Traffic---
In-Die bisection_bytes BW (GB/s): 2,048.00
Inter-board traffic (msg/ns): 0.00, per-link: 0.00
Inter-pack traffic (msg/ns): 0.00, per-link: 0.00
Inter-die traffic (msg/ns): 0.00, per-link: 0.00
Ruche traffic (msg/ns): 0.00, per-link: 0.00
All traffic (msg/ns): 53,822.01, per-link: 3.29
Inter-die reduction wrt all: inf
Inter-board reduction wrt inter-die: -nan

---Data Movement---
All traffic (msg): 1,117,291,115
Arith. Intensity FLOP/Loads: 0.38
Arith. Intensity FLOP/Msgs: 0.07
Arith. Intensity OPS/Loads: 1.10
Arith. Intensity OPS/Msgs: 0.19



===Core Utilization Total=== CORE-S:2;; TIME K cy:20 ;; Nodes Proc: 4,592,592 -- Edges Proc: 4,729,744

===PRINTING FRAME STATS

FCollision In Avg:169, SD:69, Max:409, Min:1
FCollision Out Avg:110, SD:51, Max:281, Min:0
FCollision End Avg:2, SD:13, Max:101, Min:0
FTask1 Avg:4, SD:8, Max:66, Min:0
FTask2 Avg:18, SD:23, Max:100, Min:0
FTask3 Avg:22, SD:8, Max:71, Min:0
FCore Active Avg:45, SD:25, Max:100, Min:13
FRouter Active Avg:85, SD:10, Max:101, Min:45
T1 invocations: 16,328
T2 invocations: 103,853
T3 invocations: 145,024
T3b invocations: 4,355,670
Total3 invocations: 4,500,694
Total4 invocations: 0

T3/T2 ratio: 1
T3b/T3 ratio: 30

T1 avg ex cycles: 105
T2 avg ex cycles: 72
T3&b avg ex cycles: 2
T4 avg ex cycles: -nan
Avg. hops NOC1: 28
Avg. latency NOC1 (T2): 13,765
Avg. hops NOC2: 13
Avg. latency NOC2 (T3): 1,806

===PRINTING ACUM STATS at pu_cycles: 30,769

ACollision In Avg:185, SD:60, Max:352, Min:3
ACollision Out Avg:107, SD:40, Max:230, Min:0
ACollision End Avg:2, SD:10, Max:90, Min:0
ATask1 Avg:12, SD:6, Max:33, Min:0
ATask2 Avg:20, SD:17, Max:63, Min:0
ATask3 Avg:20, SD:3, Max:37, Min:5
ACore Active Avg:53, SD:19, Max:100, Min:17
ARouter Active Avg:86, SD:8, Max:100, Min:54
T1 invocations: 526,945
T2 invocations: 1,774,626
T3 invocations: 1,449,248
T3b invocations: 56,340,854
Total3 invocations: 57,790,102
Total4 invocations: 0

T3/T2 ratio: 1
T3b/T3 ratio: 39

T1 avg ex cycles: 123
T2 avg ex cycles: 69
T3&b avg ex cycles: 2
T4 avg ex cycles: -nan
Avg. hops NOC1: 29
Avg. latency NOC1 (T2): 9,044
Avg. hops NOC2: 13
Avg. latency NOC2 (T3): 1,977
Number of K Nodes Processed: 58,702
Number of K Edges Processed: 54,904
Node Re-explore factor: 14.00
Edge Re-explore factor: 0.43
Nodes/cy: 1,908
Edges/cy: 1,784
TEPS: 4,170

---Pcache---
Pcache Size: 7,711
Cached: 1
  PHits: 34,014,610
  PMisses: 23,166,100
  PHit Rate (hit/miss): 59%
  PEvictions: 5,651,348
  PEviction Rate (evict/misses): 24%

---Energy---
Leakage Energy (nJ): 45,324
PU Dyn E (nJ): 3,422,292
Mem Dyn E (nJ): 13,486,976
Route Dyn E (nJ): 5,026,014
Dynamic Energy (nJ): 21,935,283
Ratio of Dyn/Leak: 484
Total Energy (nJ): 21,980,607
Total Energy (nJ) 3D: 22,425,455
Cores Energy (nJ): 3,423,663
Route Energy (nJ): 5,026,804
Route Energy (nJ) 3D: 5,471,652
Mem Energy   (nJ): 13,530,142
Mem Energy   (nJ) 3D: 13,530,142
Avg. Power (mW): 714,375.09
Power Density (mW/mm2): 206.39

---Runtime---
Runtime in K cycles: 30.77
Microseconds: 30.77
Time per iteration (ms): 0.03

---Throughput---
GOP/s (aka OPS/ns): 9,841.53
GOP/s per core: 0.60
FLOP/s: 3,642.41
FLOP/s per core: 0.22
Max Peak FLOP/s: 16,384.00
Avg. BW GB/s: 77,113.65
Max BW GB/s: 65,536.00

---Traffic---
In-Die bisection_bytes BW (GB/s): 2,048.00
Inter-board traffic (msg/ns): 0.00, per-link: 0.00
Inter-pack traffic (msg/ns): 0.00, per-link: 0.00
Inter-die traffic (msg/ns): 0.00, per-link: 0.00
Ruche traffic (msg/ns): 0.00, per-link: 0.00
All traffic (msg/ns): 54,698.97, per-link: 3.34
Inter-die reduction wrt all: inf
Inter-board reduction wrt inter-die: -nan

---Data Movement---
All traffic (msg): 1,683,032,602
Arith. Intensity FLOP/Loads: 0.38
Arith. Intensity FLOP/Msgs: 0.07
Arith. Intensity OPS/Loads: 1.02
Arith. Intensity OPS/Msgs: 0.18



===Core Utilization Total=== CORE-S:3;; TIME K cy:30 ;; Nodes Proc: 7,280,269 -- Edges Proc: 6,743,536

===PRINTING FRAME STATS

FCollision In Avg:151, SD:71, Max:393, Min:0
FCollision Out Avg:96, SD:50, Max:274, Min:0
FCollision End Avg:2, SD:12, Max:101, Min:0
FTask1 Avg:3, SD:7, Max:51, Min:0
FTask2 Avg:17, SD:22, Max:100, Min:0
FTask3 Avg:24, SD:10, Max:100, Min:0
FCore Active Avg:46, SD:25, Max:100, Min:14
FRouter Active Avg:90, SD:7, Max:101, Min:54
T1 invocations: 13,214
T2 invocations: 93,981
T3 invocations: 225,283
T3b invocations: 4,630,279
Total3 invocations: 4,855,562
Total4 invocations: 0

T3/T2 ratio: 2
T3b/T3 ratio: 21

T1 avg ex cycles: 103
T2 avg ex cycles: 74
T3&b avg ex cycles: 2
T4 avg ex cycles: -nan
Avg. hops NOC1: 28
Avg. latency NOC1 (T2): 17,038
Avg. hops NOC2: 14
Avg. latency NOC2 (T3): 1,253

===PRINTING ACUM STATS at pu_cycles: 40,758

ACollision In Avg:176, SD:60, Max:339, Min:3
ACollision Out Avg:104, SD:41, Max:238, Min:0
ACollision End Avg:2, SD:10, Max:92, Min:0
ATask1 Avg:9, SD:4, Max:34, Min:0
ATask2 Avg:20, SD:15, Max:47, Min:0
ATask3 Avg:21, SD:3, Max:37, Min:8
ACore Active Avg:51, SD:18, Max:100, Min:18
ARouter Active Avg:87, SD:7, Max:99, Min:60
T1 invocations: 584,695
T2 invocations: 2,207,094
T3 invocations: 2,431,045
T3b invocations: 77,973,434
Total3 invocations: 80,404,479
Total4 invocations: 0

T3/T2 ratio: 1
T3b/T3 ratio: 32

T1 avg ex cycles: 121
T2 avg ex cycles: 70
T3&b avg ex cycles: 2
T4 avg ex cycles: -nan
Avg. hops NOC1: 27
Avg. latency NOC1 (T2): 10,942
Avg. hops NOC2: 13
Avg. latency NOC2 (T3): 1,867
Number of K Nodes Processed: 81,253
Number of K Edges Processed: 69,137
Node Re-explore factor: 19.37
Edge Re-explore factor: 0.54
Nodes/cy: 1,994
Edges/cy: 1,696
TEPS: 3,148

---Pcache---
Pcache Size: 7,711
Cached: 1
  PHits: 47,056,359
  PMisses: 31,665,831
  PHit Rate (hit/miss): 60%
  PEvictions: 8,650,651
  PEviction Rate (evict/misses): 27%

---Energy---
Leakage Energy (nJ): 60,038
PU Dyn E (nJ): 4,474,855
Mem Dyn E (nJ): 18,023,886
Route Dyn E (nJ): 6,876,419
Dynamic Energy (nJ): 29,375,161
Ratio of Dyn/Leak: 489
Total Energy (nJ): 29,435,199
Total Energy (nJ) 3D: 30,043,825
Cores Energy (nJ): 4,476,670
Route Energy (nJ): 6,877,465
Route Energy (nJ) 3D: 7,486,090
Mem Energy   (nJ): 18,081,065
Mem Energy   (nJ) 3D: 18,081,065
Avg. Power (mW): 722,194.40
Power Density (mW/mm2): 208.65

---Runtime---
Runtime in K cycles: 40.76
Microseconds: 40.76
Time per iteration (ms): 0.04

---Throughput---
GOP/s (aka OPS/ns): 9,471.19
GOP/s per core: 0.58
FLOP/s: 3,656.29
FLOP/s per core: 0.22
Max Peak FLOP/s: 16,384.00
Avg. BW GB/s: 77,585.41
Max BW GB/s: 65,536.00

---Traffic---
In-Die bisection_bytes BW (GB/s): 2,048.00
Inter-board traffic (msg/ns): 0.00, per-link: 0.00
Inter-pack traffic (msg/ns): 0.00, per-link: 0.00
Inter-die traffic (msg/ns): 0.00, per-link: 0.00
Ruche traffic (msg/ns): 0.00, per-link: 0.00
All traffic (msg/ns): 56,545.48, per-link: 3.45
Inter-die reduction wrt all: inf
Inter-board reduction wrt inter-die: -nan

---Data Movement---
All traffic (msg): 2,304,680,538
Arith. Intensity FLOP/Loads: 0.38
Arith. Intensity FLOP/Msgs: 0.06
Arith. Intensity OPS/Loads: 0.98
Arith. Intensity OPS/Msgs: 0.17



===Core Utilization Total=== CORE-S:4;; TIME K cy:40 ;; Nodes Proc: 10,031,556 -- Edges Proc: 8,511,644

===PRINTING FRAME STATS

FCollision In Avg:138, SD:71, Max:377, Min:2
FCollision Out Avg:86, SD:49, Max:219, Min:0
FCollision End Avg:1, SD:11, Max:101, Min:0
FTask1 Avg:4, SD:8, Max:82, Min:0
FTask2 Avg:16, SD:22, Max:100, Min:0
FTask3 Avg:25, SD:12, Max:96, Min:0
FCore Active Avg:49, SD:24, Max:100, Min:11
FRouter Active Avg:92, SD:7, Max:101, Min:54
T1 invocations: 16,141
T2 invocations: 89,938
T3 invocations: 303,268
T3b invocations: 4,832,469
Total3 invocations: 5,135,737
Total4 invocations: 0

T3/T2 ratio: 3
T3b/T3 ratio: 16

T1 avg ex cycles: 107
T2 avg ex cycles: 73
T3&b avg ex cycles: 2
T4 avg ex cycles: -nan
Avg. hops NOC1: 36
Avg. latency NOC1 (T2): 19,103
Avg. hops NOC2: 14
Avg. latency NOC2 (T3): 1,128

===PRINTING ACUM STATS at pu_cycles: 50,686

ACollision In Avg:169, SD:59, Max:318, Min:5
ACollision Out Avg:100, SD:40, Max:223, Min:0
ACollision End Avg:2, SD:10, Max:94, Min:0
ATask1 Avg:8, SD:3, Max:28, Min:0
ATask2 Avg:19, SD:13, Max:43, Min:0
ATask3 Avg:22, SD:4, Max:41, Min:11
ACore Active Avg:51, SD:16, Max:96, Min:17
ARouter Active Avg:88, SD:6, Max:99, Min:60
T1 invocations: 642,782
T2 invocations: 2,610,898
T3 invocations: 3,829,766
T3b invocations: 99,892,475
Total3 invocations: 103,722,241
Total4 invocations: 0

T3/T2 ratio: 1
T3b/T3 ratio: 26

T1 avg ex cycles: 120
T2 avg ex cycles: 71
T3&b avg ex cycles: 2
T4 avg ex cycles: -nan
Avg. hops NOC1: 26
Avg. latency NOC1 (T2): 12,570
Avg. hops NOC2: 13
Avg. latency NOC2 (T3): 1,720
Number of K Nodes Processed: 104,468
Number of K Edges Processed: 82,314
Node Re-explore factor: 24.91
Edge Re-explore factor: 0.64
Nodes/cy: 2,061
Edges/cy: 1,624
TEPS: 2,531

---Pcache---
Pcache Size: 7,711
Cached: 1
  PHits: 58,851,897
  PMisses: 41,676,034
  PHit Rate (hit/miss): 59%
  PEvictions: 11,386,975
  PEviction Rate (evict/misses): 27%

---Energy---
Leakage Energy (nJ): 74,663
PU Dyn E (nJ): 5,517,312
Mem Dyn E (nJ): 22,562,850
Route Dyn E (nJ): 8,919,904
Dynamic Energy (nJ): 37,000,067
Ratio of Dyn/Leak: 496
Total Energy (nJ): 37,074,730
Total Energy (nJ) 3D: 37,864,223
Cores Energy (nJ): 5,519,569
Route Energy (nJ): 8,921,204
Route Energy (nJ) 3D: 9,710,697
Mem Energy   (nJ): 22,633,957
Mem Energy   (nJ) 3D: 22,633,957
Avg. Power (mW): 731,458.98
Power Density (mW/mm2): 211.33

---Runtime---
Runtime in K cycles: 50.69
Microseconds: 50.69
Time per iteration (ms): 0.05

---Throughput---
GOP/s (aka OPS/ns): 9,242.00
GOP/s per core: 0.56
FLOP/s: 3,662.12
FLOP/s per core: 0.22
Max Peak FLOP/s: 16,384.00
Avg. BW GB/s: 77,953.37
Max BW GB/s: 65,536.00

---Traffic---
In-Die bisection_bytes BW (GB/s): 2,048.00
Inter-board traffic (msg/ns): 0.00, per-link: 0.00
Inter-pack traffic (msg/ns): 0.00, per-link: 0.00
Inter-die traffic (msg/ns): 0.00, per-link: 0.00
Ruche traffic (msg/ns): 0.00, per-link: 0.00
All traffic (msg/ns): 58,944.48, per-link: 3.60
Inter-die reduction wrt all: inf
Inter-board reduction wrt inter-die: -nan

---Data Movement---
All traffic (msg): 2,987,660,088
Arith. Intensity FLOP/Loads: 0.38
Arith. Intensity FLOP/Msgs: 0.06
Arith. Intensity OPS/Loads: 0.95
Arith. Intensity OPS/Msgs: 0.16



===Core Utilization Total=== CORE-S:5;; TIME K cy:50 ;; Nodes Proc: 12,860,962 -- Edges Proc: 10,113,956

===PRINTING FRAME STATS

FCollision In Avg:126, SD:69, Max:360, Min:3
FCollision Out Avg:76, SD:49, Max:210, Min:0
FCollision End Avg:1, SD:10, Max:101, Min:0
FTask1 Avg:5, SD:9, Max:93, Min:0
FTask2 Avg:17, SD:22, Max:100, Min:0
FTask3 Avg:28, SD:12, Max:92, Min:0
FCore Active Avg:54, SD:23, Max:100, Min:12
FRouter Active Avg:95, SD:5, Max:101, Min:68
T1 invocations: 17,782
T2 invocations: 92,647
T3 invocations: 375,395
T3b invocations: 5,355,986
Total3 invocations: 5,731,381
Total4 invocations: 0

T3/T2 ratio: 4
T3b/T3 ratio: 14

T1 avg ex cycles: 105
T2 avg ex cycles: 74
T3&b avg ex cycles: 2
T4 avg ex cycles: -nan
Avg. hops NOC1: 37
Avg. latency NOC1 (T2): 18,874
Avg. hops NOC2: 14
Avg. latency NOC2 (T3): 1,170

===PRINTING ACUM STATS at pu_cycles: 60,819

ACollision In Avg:161, SD:58, Max:315, Min:8
ACollision Out Avg:96, SD:39, Max:208, Min:0
ACollision End Avg:2, SD:9, Max:94, Min:0
ATask1 Avg:8, SD:3, Max:36, Min:0
ATask2 Avg:19, SD:10, Max:32, Min:0
ATask3 Avg:23, SD:5, Max:43, Min:13
ACore Active Avg:51, SD:15, Max:91, Min:17
ARouter Active Avg:89, SD:6, Max:99, Min:64
T1 invocations: 698,411
T2 invocations: 2,991,912
T3 invocations: 5,500,344
T3b invocations: 122,769,694
Total3 invocations: 128,270,038
Total4 invocations: 0

T3/T2 ratio: 2
T3b/T3 ratio: 22

T1 avg ex cycles: 119
T2 avg ex cycles: 71
T3&b avg ex cycles: 2
T4 avg ex cycles: -nan
Avg. hops NOC1: 26
Avg. latency NOC1 (T2): 13,706
Avg. hops NOC2: 14
Avg. latency NOC2 (T3): 1,614
Number of K Nodes Processed: 129,196
Number of K Edges Processed: 95,037
Node Re-explore factor: 30.80
Edge Re-explore factor: 0.74
Nodes/cy: 2,124
Edges/cy: 1,563
TEPS: 2,110

---Pcache---
Pcache Size: 7,711
Cached: 1
  PHits: 70,460,307
  PMisses: 53,099,340
  PHit Rate (hit/miss): 57%
  PEvictions: 14,048,627
  PEviction Rate (evict/misses): 26%

---Energy---
Leakage Energy (nJ): 89,589
PU Dyn E (nJ): 6,575,264
Mem Dyn E (nJ): 27,225,943
Route Dyn E (nJ): 11,077,978
Dynamic Energy (nJ): 44,879,185
Ratio of Dyn/Leak: 501
Total Energy (nJ): 44,968,774
Total Energy (nJ) 3D: 45,949,276
Cores Energy (nJ): 6,577,973
Route Energy (nJ): 11,079,537
Route Energy (nJ) 3D: 12,060,039
Mem Energy   (nJ): 27,311,265
Mem Energy   (nJ) 3D: 27,311,265
Avg. Power (mW): 739,386.94
Power Density (mW/mm2): 213.62

---Runtime---
Runtime in K cycles: 60.82
Microseconds: 60.82
Time per iteration (ms): 0.06

---Throughput---
GOP/s (aka OPS/ns): 9,071.28
GOP/s per core: 0.55
FLOP/s: 3,664.15
FLOP/s per core: 0.22
Max Peak FLOP/s: 16,384.00
Avg. BW GB/s: 78,253.05
Max BW GB/s: 65,536.00

---Traffic---
In-Die bisection_bytes BW (GB/s): 2,048.00
Inter-board traffic (msg/ns): 0.00, per-link: 0.00
Inter-pack traffic (msg/ns): 0.00, per-link: 0.00
Inter-die traffic (msg/ns): 0.00, per-link: 0.00
Ruche traffic (msg/ns): 0.00, per-link: 0.00
All traffic (msg/ns): 60,978.42, per-link: 3.72
Inter-die reduction wrt all: inf
Inter-board reduction wrt inter-die: -nan

---Data Movement---
All traffic (msg): 3,708,646,445
Arith. Intensity FLOP/Loads: 0.37
Arith. Intensity FLOP/Msgs: 0.06
Arith. Intensity OPS/Loads: 0.93
Arith. Intensity OPS/Msgs: 0.15



===Core Utilization Total=== CORE-S:6;; TIME K cy:60 ;; Nodes Proc: 15,875,139 -- Edges Proc: 11,707,183

===PRINTING FRAME STATS

FCollision In Avg:113, SD:64, Max:367, Min:0
FCollision Out Avg:73, SD:49, Max:213, Min:0
FCollision End Avg:1, SD:9, Max:100, Min:0
FTask1 Avg:3, SD:8, Max:63, Min:0
FTask2 Avg:16, SD:24, Max:100, Min:0
FTask3 Avg:30, SD:12, Max:82, Min:0
FCore Active Avg:55, SD:23, Max:100, Min:13
FRouter Active Avg:97, SD:4, Max:101, Min:75
T1 invocations: 12,352
T2 invocations: 87,603
T3 invocations: 427,719
T3b invocations: 5,612,019
Total3 invocations: 6,039,738
Total4 invocations: 0

T3/T2 ratio: 5
T3b/T3 ratio: 13

T1 avg ex cycles: 110
T2 avg ex cycles: 76
T3&b avg ex cycles: 2
T4 avg ex cycles: -nan
Avg. hops NOC1: 29
Avg. latency NOC1 (T2): 18,498
Avg. hops NOC2: 14
Avg. latency NOC2 (T3): 1,088

===PRINTING ACUM STATS at pu_cycles: 70,676

ACollision In Avg:154, SD:55, Max:321, Min:9
ACollision Out Avg:93, SD:38, Max:197, Min:1
ACollision End Avg:2, SD:9, Max:94, Min:0
ATask1 Avg:7, SD:2, Max:37, Min:0
ATask2 Avg:18, SD:8, Max:27, Min:0
ATask3 Avg:24, SD:5, Max:41, Min:12
ACore Active Avg:52, SD:13, Max:84, Min:16
ARouter Active Avg:90, SD:5, Max:99, Min:68
T1 invocations: 738,262
T2 invocations: 3,327,110
T3 invocations: 7,306,024
T3b invocations: 145,054,670
Total3 invocations: 152,360,694
Total4 invocations: 0

T3/T2 ratio: 2
T3b/T3 ratio: 20

T1 avg ex cycles: 118
T2 avg ex cycles: 72
T3&b avg ex cycles: 2
T4 avg ex cycles: -nan
Avg. hops NOC1: 26
Avg. latency NOC1 (T2): 14,376
Avg. hops NOC2: 14
Avg. latency NOC2 (T3): 1,527
Number of K Nodes Processed: 153,062
Number of K Edges Processed: 106,315
Node Re-explore factor: 36.49
Edge Re-explore factor: 0.83
Nodes/cy: 2,166
Edges/cy: 1,504
TEPS: 1,815

---Pcache---
Pcache Size: 7,711
Cached: 1
  PHits: 80,908,805
  PMisses: 64,717,713
  PHit Rate (hit/miss): 56%
  PEvictions: 16,442,714
  PEviction Rate (evict/misses): 25%

---Energy---
Leakage Energy (nJ): 104,109
PU Dyn E (nJ): 7,578,125
Mem Dyn E (nJ): 31,693,089
Route Dyn E (nJ): 13,219,544
Dynamic Energy (nJ): 52,490,758
Ratio of Dyn/Leak: 504
Total Energy (nJ): 52,594,867
Total Energy (nJ) 3D: 53,764,917
Cores Energy (nJ): 7,581,273
Route Energy (nJ): 13,221,356
Route Energy (nJ) 3D: 14,391,406
Mem Energy   (nJ): 31,792,239
Mem Energy   (nJ) 3D: 31,792,239
Avg. Power (mW): 744,168.70
Power Density (mW/mm2): 215.00

---Runtime---
Runtime in K cycles: 70.68
Microseconds: 70.68
Time per iteration (ms): 0.07

---Throughput---
GOP/s (aka OPS/ns): 8,910.60
GOP/s per core: 0.54
FLOP/s: 3,655.57
FLOP/s per core: 0.22
Max Peak FLOP/s: 16,384.00
Avg. BW GB/s: 78,292.97
Max BW GB/s: 65,536.00

---Traffic---
In-Die bisection_bytes BW (GB/s): 2,048.00
Inter-board traffic (msg/ns): 0.00, per-link: 0.00
Inter-pack traffic (msg/ns): 0.00, per-link: 0.00
Inter-die traffic (msg/ns): 0.00, per-link: 0.00
Ruche traffic (msg/ns): 0.00, per-link: 0.00
All traffic (msg/ns): 62,587.73, per-link: 3.82
Inter-die reduction wrt all: inf
Inter-board reduction wrt inter-die: -nan

---Data Movement---
All traffic (msg): 4,423,450,547
Arith. Intensity FLOP/Loads: 0.37
Arith. Intensity FLOP/Msgs: 0.06
Arith. Intensity OPS/Loads: 0.91
Arith. Intensity OPS/Msgs: 0.14



===Core Utilization Total=== CORE-S:7;; TIME K cy:70 ;; Nodes Proc: 18,788,511 -- Edges Proc: 13,088,645

===PRINTING FRAME STATS

FCollision In Avg:103, SD:56, Max:349, Min:4
FCollision Out Avg:64, SD:44, Max:202, Min:0
FCollision End Avg:1, SD:7, Max:100, Min:0
FTask1 Avg:3, SD:8, Max:73, Min:0
FTask2 Avg:15, SD:23, Max:100, Min:0
FTask3 Avg:30, SD:11, Max:86, Min:0
FCore Active Avg:55, SD:21, Max:100, Min:14
FRouter Active Avg:97, SD:3, Max:101, Min:78
T1 invocations: 10,904
T2 invocations: 82,502
T3 invocations: 474,622
T3b invocations: 5,689,144
Total3 invocations: 6,163,766
Total4 invocations: 0

T3/T2 ratio: 6
T3b/T3 ratio: 12

T1 avg ex cycles: 110
T2 avg ex cycles: 77
T3&b avg ex cycles: 2
T4 avg ex cycles: -nan
Avg. hops NOC1: 30
Avg. latency NOC1 (T2): 19,620
Avg. hops NOC2: 14
Avg. latency NOC2 (T3): 1,119

===PRINTING ACUM STATS at pu_cycles: 80,726

ACollision In Avg:148, SD:53, Max:312, Min:10
ACollision Out Avg:89, SD:37, Max:182, Min:1
ACollision End Avg:1, SD:8, Max:95, Min:0
ATask1 Avg:7, SD:2, Max:32, Min:0
ATask2 Avg:18, SD:6, Max:24, Min:0
ATask3 Avg:25, SD:5, Max:42, Min:14
ACore Active Avg:52, SD:11, Max:81, Min:17
ARouter Active Avg:91, SD:5, Max:99, Min:72
T1 invocations: 767,541
T2 invocations: 3,589,644
T3 invocations: 9,410,378
T3b invocations: 166,239,216
Total3 invocations: 175,649,594
Total4 invocations: 0

T3/T2 ratio: 3
T3b/T3 ratio: 18

T1 avg ex cycles: 118
T2 avg ex cycles: 72
T3&b avg ex cycles: 2
T4 avg ex cycles: -nan
Avg. hops NOC1: 25
Avg. latency NOC1 (T2): 14,748
Avg. hops NOC2: 14
Avg. latency NOC2 (T3): 1,461
Number of K Nodes Processed: 176,432
Number of K Edges Processed: 115,233
Node Re-explore factor: 42.06
Edge Re-explore factor: 0.90
Nodes/cy: 2,186
Edges/cy: 1,427
TEPS: 1,589

---Pcache---
Pcache Size: 7,711
Cached: 1
  PHits: 89,966,015
  PMisses: 76,895,824
  PHit Rate (hit/miss): 54%
  PEvictions: 18,604,281
  PEviction Rate (evict/misses): 24%

---Energy---
Leakage Energy (nJ): 118,913
PU Dyn E (nJ): 8,484,726
Mem Dyn E (nJ): 35,823,995
Route Dyn E (nJ): 15,336,011
Dynamic Energy (nJ): 59,644,733
Ratio of Dyn/Leak: 502
Total Energy (nJ): 59,763,646
Total Energy (nJ) 3D: 61,121,022
Cores Energy (nJ): 8,488,321
Route Energy (nJ): 15,338,081
Route Energy (nJ) 3D: 16,695,457
Mem Energy   (nJ): 35,937,244
Mem Energy   (nJ) 3D: 35,937,244
Avg. Power (mW): 740,327.11
Power Density (mW/mm2): 213.89

---Runtime---
Runtime in K cycles: 80.73
Microseconds: 80.73
Time per iteration (ms): 0.08

---Throughput---
GOP/s (aka OPS/ns): 8,667.47
GOP/s per core: 0.53
FLOP/s: 3,600.13
FLOP/s per core: 0.22
Max Peak FLOP/s: 16,384.00
Avg. BW GB/s: 77,375.45
Max BW GB/s: 65,536.00

---Traffic---
In-Die bisection_bytes BW (GB/s): 2,048.00
Inter-board traffic (msg/ns): 0.00, per-link: 0.00
Inter-pack traffic (msg/ns): 0.00, per-link: 0.00
Inter-die traffic (msg/ns): 0.00, per-link: 0.00
Ruche traffic (msg/ns): 0.00, per-link: 0.00
All traffic (msg/ns): 63,531.35, per-link: 3.88
Inter-die reduction wrt all: inf
Inter-board reduction wrt inter-die: -nan

---Data Movement---
All traffic (msg): 5,128,631,983
Arith. Intensity FLOP/Loads: 0.37
Arith. Intensity FLOP/Msgs: 0.06
Arith. Intensity OPS/Loads: 0.90
Arith. Intensity OPS/Msgs: 0.14



===Core Utilization Total=== CORE-S:8;; TIME K cy:80 ;; Nodes Proc: 21,623,026 -- Edges Proc: 14,216,416

===PRINTING FRAME STATS

FCollision In Avg:91, SD:46, Max:383, Min:1
FCollision Out Avg:52, SD:36, Max:214, Min:0
FCollision End Avg:0, SD:6, Max:100, Min:0
FTask1 Avg:3, SD:7, Max:53, Min:0
FTask2 Avg:14, SD:24, Max:100, Min:0
FTask3 Avg:30, SD:11, Max:88, Min:0
FCore Active Avg:53, SD:21, Max:100, Min:15
FRouter Active Avg:97, SD:3, Max:101, Min:73
T1 invocations: 9,356
T2 invocations: 73,602
T3 invocations: 515,730
T3b invocations: 5,543,855
Total3 invocations: 6,059,585
Total4 invocations: 0

T3/T2 ratio: 7
T3b/T3 ratio: 11

T1 avg ex cycles: 115
T2 avg ex cycles: 78
T3&b avg ex cycles: 2
T4 avg ex cycles: -nan
Avg. hops NOC1: 31
Avg. latency NOC1 (T2): 19,315
Avg. hops NOC2: 15
Avg. latency NOC2 (T3): 998

===PRINTING ACUM STATS at pu_cycles: 90,690

ACollision In Avg:142, SD:49, Max:307, Min:16
ACollision Out Avg:85, SD:35, Max:185, Min:1
ACollision End Avg:1, SD:7, Max:94, Min:0
ATask1 Avg:6, SD:1, Max:29, Min:0
ATask2 Avg:17, SD:5, Max:22, Min:0
ATask3 Avg:25, SD:5, Max:41, Min:15
ACore Active Avg:52, SD:9, Max:76, Min:18
ARouter Active Avg:92, SD:4, Max:99, Min:73
T1 invocations: 786,219
T2 invocations: 3,763,064
T3 invocations: 12,280,149
T3b invocations: 186,478,787
Total3 invocations: 198,758,936
Total4 invocations: 0

T3/T2 ratio: 3
T3b/T3 ratio: 15

T1 avg ex cycles: 118
T2 avg ex cycles: 72
T3&b avg ex cycles: 2
T4 avg ex cycles: -nan
Avg. hops NOC1: 25
Avg. latency NOC1 (T2): 14,967
Avg. hops NOC2: 14
Avg. latency NOC2 (T3): 1,395
Number of K Nodes Processed: 199,467
Number of K Edges Processed: 121,178
Node Re-explore factor: 47.56
Edge Re-explore factor: 0.94
Nodes/cy: 2,199
Edges/cy: 1,336
TEPS: 1,415

---Pcache---
Pcache Size: 7,711
Cached: 1
  PHits: 97,010,494
  PMisses: 89,990,606
  PHit Rate (hit/miss): 52%
  PEvictions: 20,344,386
  PEviction Rate (evict/misses): 23%

---Energy---
Leakage Energy (nJ): 133,590
PU Dyn E (nJ): 9,297,419
Mem Dyn E (nJ): 39,646,435
Route Dyn E (nJ): 17,500,865
Dynamic Energy (nJ): 66,444,720
Ratio of Dyn/Leak: 497
Total Energy (nJ): 66,578,310
Total Energy (nJ) 3D: 68,127,295
Cores Energy (nJ): 9,301,458
Route Energy (nJ): 17,503,190
Route Energy (nJ) 3D: 19,052,176
Mem Energy   (nJ): 39,773,662
Mem Energy   (nJ) 3D: 39,773,662
Avg. Power (mW): 734,130.67
Power Density (mW/mm2): 212.10

---Runtime---
Runtime in K cycles: 90.69
Microseconds: 90.69
Time per iteration (ms): 0.09

---Throughput---
GOP/s (aka OPS/ns): 8,397.14
GOP/s per core: 0.51
FLOP/s: 3,525.79
FLOP/s per core: 0.22
Max Peak FLOP/s: 16,384.00
Avg. BW GB/s: 76,126.69
Max BW GB/s: 65,536.00

---Traffic---
In-Die bisection_bytes BW (GB/s): 2,048.00
Inter-board traffic (msg/ns): 0.00, per-link: 0.00
Inter-pack traffic (msg/ns): 0.00, per-link: 0.00
Inter-die traffic (msg/ns): 0.00, per-link: 0.00
Ruche traffic (msg/ns): 0.00, per-link: 0.00
All traffic (msg/ns): 64,485.90, per-link: 3.94
Inter-die reduction wrt all: inf
Inter-board reduction wrt inter-die: -nan

---Data Movement---
All traffic (msg): 5,848,226,146
Arith. Intensity FLOP/Loads: 0.37
Arith. Intensity FLOP/Msgs: 0.05
Arith. Intensity OPS/Loads: 0.88
Arith. Intensity OPS/Msgs: 0.13



===Core Utilization Total=== CORE-S:9;; TIME K cy:90 ;; Nodes Proc: 24,379,218 -- Edges Proc: 14,988,131

===PRINTING FRAME STATS

FCollision In Avg:73, SD:35, Max:273, Min:0
FCollision Out Avg:36, SD:28, Max:184, Min:0
FCollision End Avg:0, SD:3, Max:100, Min:0
FTask1 Avg:2, SD:7, Max:65, Min:0
FTask2 Avg:12, SD:24, Max:100, Min:0
FTask3 Avg:29, SD:11, Max:78, Min:0
FCore Active Avg:51, SD:21, Max:100, Min:13
FRouter Active Avg:97, SD:3, Max:101, Min:79
T1 invocations: 6,008
T2 invocations: 61,543
T3 invocations: 613,563
T3b invocations: 5,244,884
Total3 invocations: 5,858,447
Total4 invocations: 0

T3/T2 ratio: 10
T3b/T3 ratio: 9

T1 avg ex cycles: 126
T2 avg ex cycles: 77
T3&b avg ex cycles: 2
T4 avg ex cycles: -nan
Avg. hops NOC1: 28
Avg. latency NOC1 (T2): 16,160
Avg. hops NOC2: 15
Avg. latency NOC2 (T3): 1,052

===PRINTING ACUM STATS at pu_cycles: 100,725

ACollision In Avg:135, SD:46, Max:298, Min:17
ACollision Out Avg:80, SD:33, Max:177, Min:1
ACollision End Avg:1, SD:7, Max:89, Min:0
ATask1 Avg:6, SD:1, Max:26, Min:1
ATask2 Avg:17, SD:3, Max:19, Min:0
ATask3 Avg:26, SD:4, Max:39, Min:15
ACore Active Avg:52, SD:7, Max:73, Min:26
ARouter Active Avg:92, SD:4, Max:99, Min:75
T1 invocations: 798,656
T2 invocations: 3,889,315
T3 invocations: 15,907,162
T3b invocations: 204,726,637
Total3 invocations: 220,633,799
Total4 invocations: 0

T3/T2 ratio: 4
T3b/T3 ratio: 13

T1 avg ex cycles: 118
T2 avg ex cycles: 72
T3&b avg ex cycles: 2
T4 avg ex cycles: -nan
Avg. hops NOC1: 25
Avg. latency NOC1 (T2): 15,055
Avg. hops NOC2: 14
Avg. latency NOC2 (T3): 1,326
Number of K Nodes Processed: 221,405
Number of K Edges Processed: 125,462
Node Re-explore factor: 52.79
Edge Re-explore factor: 0.98
Nodes/cy: 2,198
Edges/cy: 1,246
TEPS: 1,274

---Pcache---
Pcache Size: 7,711
Cached: 1
  PHits: 101,822,508
  PMisses: 103,445,313
  PHit Rate (hit/miss): 50%
  PEvictions: 21,423,287
  PEviction Rate (evict/misses): 21%

---Energy---
Leakage Energy (nJ): 148,372
PU Dyn E (nJ): 10,025,770
Mem Dyn E (nJ): 43,127,881
Route Dyn E (nJ): 19,600,486
Dynamic Energy (nJ): 72,754,137
Ratio of Dyn/Leak: 490
Total Energy (nJ): 72,902,509
Total Energy (nJ) 3D: 74,637,330
Cores Energy (nJ): 10,030,255
Route Energy (nJ): 19,603,069
Route Energy (nJ) 3D: 21,337,890
Mem Energy   (nJ): 43,269,186
Mem Energy   (nJ) 3D: 43,269,186
Avg. Power (mW): 723,777.70
Power Density (mW/mm2): 209.11

---Runtime---
Runtime in K cycles: 100.72
Microseconds: 100.72
Time per iteration (ms): 0.10

---Throughput---
GOP/s (aka OPS/ns): 8,106.44
GOP/s per core: 0.49
FLOP/s: 3,434.81
FLOP/s per core: 0.21
Max Peak FLOP/s: 16,384.00
Avg. BW GB/s: 74,492.56
Max BW GB/s: 65,536.00

---Traffic---
In-Die bisection_bytes BW (GB/s): 2,048.00
Inter-board traffic (msg/ns): 0.00, per-link: 0.00
Inter-pack traffic (msg/ns): 0.00, per-link: 0.00
Inter-die traffic (msg/ns): 0.00, per-link: 0.00
Ruche traffic (msg/ns): 0.00, per-link: 0.00
All traffic (msg/ns): 64,978.26, per-link: 3.97
Inter-die reduction wrt all: inf
Inter-board reduction wrt inter-die: -nan

---Data Movement---
All traffic (msg): 6,544,934,852
Arith. Intensity FLOP/Loads: 0.37
Arith. Intensity FLOP/Msgs: 0.05
Arith. Intensity OPS/Loads: 0.87
Arith. Intensity OPS/Msgs: 0.12



===Core Utilization Total=== CORE-S:10;; TIME K cy:100 ;; Nodes Proc: 27,005,377 -- Edges Proc: 15,572,916

===PRINTING FRAME STATS

FCollision In Avg:55, SD:29, Max:194, Min:0
FCollision Out Avg:21, SD:20, Max:144, Min:0
FCollision End Avg:0, SD:1, Max:76, Min:0
FTask1 Avg:1, SD:4, Max:56, Min:0
FTask2 Avg:6, SD:19, Max:100, Min:0
FTask3 Avg:25, SD:10, Max:74, Min:0
FCore Active Avg:42, SD:20, Max:100, Min:9
FRouter Active Avg:95, SD:5, Max:101, Min:58
T1 invocations: 1,854
T2 invocations: 32,699
T3 invocations: 733,777
T3b invocations: 4,332,534
Total3 invocations: 5,066,311
Total4 invocations: 0

T3/T2 ratio: 22
T3b/T3 ratio: 6

T1 avg ex cycles: 131
T2 avg ex cycles: 77
T3&b avg ex cycles: 2
T4 avg ex cycles: -nan
Avg. hops NOC1: 17
Avg. latency NOC1 (T2): 15,189
Avg. hops NOC2: 16
Avg. latency NOC2 (T3): 978

===PRINTING ACUM STATS at pu_cycles: 110,633

ACollision In Avg:128, SD:42, Max:288, Min:16
ACollision Out Avg:75, SD:30, Max:167, Min:1
ACollision End Avg:1, SD:6, Max:81, Min:0
ATask1 Avg:5, SD:1, Max:24, Min:3
ATask2 Avg:16, SD:1, Max:17, Min:2
ATask3 Avg:25, SD:4, Max:38, Min:15
ACore Active Avg:51, SD:6, Max:70, Min:30
ARouter Active Avg:92, SD:4, Max:99, Min:77
T1 invocations: 802,480
T2 invocations: 3,956,558
T3 invocations: 19,475,383
T3b invocations: 219,313,760
Total3 invocations: 238,789,143
Total4 invocations: 0

T3/T2 ratio: 5
T3b/T3 ratio: 11

T1 avg ex cycles: 118
T2 avg ex cycles: 73
T3&b avg ex cycles: 2
T4 avg ex cycles: -nan
Avg. hops NOC1: 25
Avg. latency NOC1 (T2): 15,060
Avg. hops NOC2: 14
Avg. latency NOC2 (T3): 1,270
Number of K Nodes Processed: 239,230
Number of K Edges Processed: 127,729
Node Re-explore factor: 57.04
Edge Re-explore factor: 1.00
Nodes/cy: 2,162
Edges/cy: 1,155
TEPS: 1,160

---Pcache---
Pcache Size: 7,711
Cached: 1
  PHits: 104,436,873
  PMisses: 115,130,689
  PHit Rate (hit/miss): 48%
  PEvictions: 21,971,255
  PEviction Rate (evict/misses): 19%

---Energy---
Leakage Energy (nJ): 162,967
PU Dyn E (nJ): 10,591,324
Mem Dyn E (nJ): 45,887,039
Route Dyn E (nJ): 21,346,290
Dynamic Energy (nJ): 77,824,653
Ratio of Dyn/Leak: 478
Total Energy (nJ): 77,987,620
Total Energy (nJ) 3D: 79,876,961
Cores Energy (nJ): 10,596,251
Route Energy (nJ): 21,349,126
Route Energy (nJ) 3D: 23,238,467
Mem Energy   (nJ): 46,042,244
Mem Energy   (nJ) 3D: 46,042,244
Avg. Power (mW): 704,921.86
Power Density (mW/mm2): 203.66

---Runtime---
Runtime in K cycles: 110.63
Microseconds: 110.63
Time per iteration (ms): 0.11

---Throughput---
GOP/s (aka OPS/ns): 7,760.75
GOP/s per core: 0.47
FLOP/s: 3,312.61
FLOP/s per core: 0.20
Max Peak FLOP/s: 16,384.00
Avg. BW GB/s: 72,120.66
Max BW GB/s: 65,536.00

---Traffic---
In-Die bisection_bytes BW (GB/s): 2,048.00
Inter-board traffic (msg/ns): 0.00, per-link: 0.00
Inter-pack traffic (msg/ns): 0.00, per-link: 0.00
Inter-die traffic (msg/ns): 0.00, per-link: 0.00
Ruche traffic (msg/ns): 0.00, per-link: 0.00
All traffic (msg/ns): 64,393.61, per-link: 3.93
Inter-die reduction wrt all: inf
Inter-board reduction wrt inter-die: -nan

---Data Movement---
All traffic (msg): 7,124,058,064
Arith. Intensity FLOP/Loads: 0.37
Arith. Intensity FLOP/Msgs: 0.05
Arith. Intensity OPS/Loads: 0.86
Arith. Intensity OPS/Msgs: 0.12



===Core Utilization Total=== CORE-S:11;; TIME K cy:110 ;; Nodes Proc: 29,171,714 -- Edges Proc: 15,920,180
======== IT IS COLD ======= Only 975 Tiles active

===PRINTING FRAME STATS

FCollision In Avg:22, SD:22, Max:156, Min:0
FCollision Out Avg:5, SD:8, Max:112, Min:0
FCollision End Avg:0, SD:0, Max:4, Min:0
FTask1 Avg:0, SD:1, Max:33, Min:0
FTask2 Avg:1, SD:9, Max:100, Min:0
FTask3 Avg:17, SD:10, Max:68, Min:0
FCore Active Avg:26, SD:17, Max:100, Min:2
FRouter Active Avg:81, SD:14, Max:173, Min:21
T1 invocations: 152
T2 invocations: 6,606
T3 invocations: 757,737
T3b invocations: 2,637,035
Total3 invocations: 3,394,772
Total4 invocations: 0

T3/T2 ratio: 115
T3b/T3 ratio: 3

T1 avg ex cycles: 139
T2 avg ex cycles: 78
T3&b avg ex cycles: 2
T4 avg ex cycles: -nan
Avg. hops NOC1: 10
Avg. latency NOC1 (T2): 15,911
Avg. hops NOC2: 17
Avg. latency NOC2 (T3): 709

===PRINTING ACUM STATS at pu_cycles: 120,374

ACollision In Avg:119, SD:39, Max:267, Min:15
ACollision Out Avg:69, SD:28, Max:157, Min:1
ACollision End Avg:1, SD:6, Max:74, Min:0
ATask1 Avg:5, SD:1, Max:22, Min:4
ATask2 Avg:15, SD:1, Max:16, Min:4
ATask3 Avg:25, SD:3, Max:35, Min:17
ACore Active Avg:49, SD:4, Max:67, Min:33
ARouter Active Avg:91, SD:3, Max:99, Min:77
T1 invocations: 802,958
T2 invocations: 3,971,696
T3 invocations: 22,347,239
T3b invocations: 228,359,746
Total3 invocations: 250,706,985
Total4 invocations: 0

T3/T2 ratio: 6
T3b/T3 ratio: 10

T1 avg ex cycles: 118
T2 avg ex cycles: 73
T3&b avg ex cycles: 2
T4 avg ex cycles: -nan
Avg. hops NOC1: 25
Avg. latency NOC1 (T2): 15,062
Avg. hops NOC2: 14
Avg. latency NOC2 (T3): 1,231
Number of K Nodes Processed: 250,776
Number of K Edges Processed: 128,267
Node Re-explore factor: 59.79
Edge Re-explore factor: 1.00
Nodes/cy: 2,083
Edges/cy: 1,066
TEPS: 1,066

---Pcache---
Pcache Size: 7,711
Cached: 1
  PHits: 105,258,877
  PMisses: 123,056,918
  PHit Rate (hit/miss): 46%
  PEvictions: 22,136,705
  PEviction Rate (evict/misses): 18%

---Energy---
Leakage Energy (nJ): 177,316
PU Dyn E (nJ): 10,932,945
Mem Dyn E (nJ): 47,597,001
Route Dyn E (nJ): 22,508,812
Dynamic Energy (nJ): 81,038,759
Ratio of Dyn/Leak: 457
Total Energy (nJ): 81,216,075
Total Energy (nJ) 3D: 83,208,309
Cores Energy (nJ): 10,938,305
Route Energy (nJ): 22,511,898
Route Energy (nJ) 3D: 24,504,133
Mem Energy   (nJ): 47,765,872
Mem Energy   (nJ) 3D: 47,765,872
Avg. Power (mW): 674,697.82
Power Density (mW/mm2): 194.93

---Runtime---
Runtime in K cycles: 120.37
Microseconds: 120.37
Time per iteration (ms): 0.12

---Throughput---
GOP/s (aka OPS/ns): 7,341.41
GOP/s per core: 0.45
FLOP/s: 3,148.09
FLOP/s per core: 0.19
Max Peak FLOP/s: 16,384.00
Avg. BW GB/s: 68,736.95
Max BW GB/s: 65,536.00

---Traffic---
In-Die bisection_bytes BW (GB/s): 2,048.00
Inter-board traffic (msg/ns): 0.00, per-link: 0.00
Inter-pack traffic (msg/ns): 0.00, per-link: 0.00
Inter-die traffic (msg/ns): 0.00, per-link: 0.00
Ruche traffic (msg/ns): 0.00, per-link: 0.00
All traffic (msg/ns): 62,382.75, per-link: 3.81
Inter-die reduction wrt all: inf
Inter-board reduction wrt inter-die: -nan

---Data Movement---
All traffic (msg): 7,509,261,015
Arith. Intensity FLOP/Loads: 0.37
Arith. Intensity FLOP/Msgs: 0.05
Arith. Intensity OPS/Loads: 0.86
Arith. Intensity OPS/Msgs: 0.12



===Core Utilization Total=== CORE-S:12;; TIME K cy:120 ;; Nodes Proc: 30,614,249 -- Edges Proc: 16,031,178
======== IT IS COLD ======= Only 296 Tiles active

===PRINTING FRAME STATS

FCollision In Avg:1, SD:5, Max:64, Min:0
FCollision Out Avg:0, SD:1, Max:13, Min:0
FCollision End Avg:0, SD:0, Max:0, Min:0
FTask1 Avg:0, SD:0, Max:0, Min:0
FTask2 Avg:0, SD:2, Max:65, Min:0
FTask3 Avg:3, SD:5, Max:56, Min:0
FCore Active Avg:4, SD:8, Max:93, Min:0
FRouter Active Avg:19, SD:14, Max:98, Min:1
T1 invocations: 0
T2 invocations: 562
T3 invocations: 166,411
T3b invocations: 401,424
Total3 invocations: 567,835
Total4 invocations: 0

T3/T2 ratio: 296
T3b/T3 ratio: 2

T1 avg ex cycles: -nan
T2 avg ex cycles: 77
T3&b avg ex cycles: 2
T4 avg ex cycles: -nan
Avg. hops NOC1: 4
Avg. latency NOC1 (T2): 9,445
Avg. hops NOC2: 17
Avg. latency NOC2 (T3): 387

===PRINTING ACUM STATS at pu_cycles: 130,004

ACollision In Avg:110, SD:36, Max:247, Min:14
ACollision Out Avg:64, SD:26, Max:145, Min:1
ACollision End Avg:1, SD:5, Max:68, Min:0
ATask1 Avg:4, SD:1, Max:20, Min:3
ATask2 Avg:14, SD:0, Max:15, Min:13
ATask3 Avg:23, SD:3, Max:33, Min:16
ACore Active Avg:46, SD:4, Max:62, Min:35
ARouter Active Avg:86, SD:3, Max:94, Min:72
T1 invocations: 802,978
T2 invocations: 3,973,463
T3 invocations: 22,914,507
T3b invocations: 229,836,873
Total3 invocations: 252,751,380
Total4 invocations: 0

T3/T2 ratio: 6
T3b/T3 ratio: 10

T1 avg ex cycles: 118
T2 avg ex cycles: 73
T3&b avg ex cycles: 2
T4 avg ex cycles: -nan
Avg. hops NOC1: 25
Avg. latency NOC1 (T2): 15,060
Avg. hops NOC2: 14
Avg. latency NOC2 (T3): 1,224
Number of K Nodes Processed: 252,795
Number of K Edges Processed: 128,310
Node Re-explore factor: 60.27
Edge Re-explore factor: 1.00
Nodes/cy: 1,945
Edges/cy: 987
TEPS: 987

---Pcache---
Pcache Size: 7,711
Cached: 1
  PHits: 105,326,884
  PMisses: 124,451,931
  PHit Rate (hit/miss): 46%
  PEvictions: 22,151,512
  PEviction Rate (evict/misses): 18%

---Energy---
Leakage Energy (nJ): 191,502
PU Dyn E (nJ): 10,990,677
Mem Dyn E (nJ): 47,886,993
Route Dyn E (nJ): 22,710,834
Dynamic Energy (nJ): 81,588,504
Ratio of Dyn/Leak: 426
Total Energy (nJ): 81,780,006
Total Energy (nJ) 3D: 83,790,121
Cores Energy (nJ): 10,996,466
Route Energy (nJ): 22,714,168
Route Energy (nJ) 3D: 24,724,283
Mem Energy   (nJ): 48,069,373
Mem Energy   (nJ) 3D: 48,069,373
Avg. Power (mW): 629,057.61
Power Density (mW/mm2): 181.74

---Runtime---
Runtime in K cycles: 130.00
Microseconds: 130.00
Time per iteration (ms): 0.13

---Throughput---
GOP/s (aka OPS/ns): 6,830.18
GOP/s per core: 0.42
FLOP/s: 2,931.12
FLOP/s per core: 0.18
Max Peak FLOP/s: 16,384.00
Avg. BW GB/s: 64,030.99
Max BW GB/s: 65,536.00

---Traffic---
In-Die bisection_bytes BW (GB/s): 2,048.00
Inter-board traffic (msg/ns): 0.00, per-link: 0.00
Inter-pack traffic (msg/ns): 0.00, per-link: 0.00
Inter-die traffic (msg/ns): 0.00, per-link: 0.00
Ruche traffic (msg/ns): 0.00, per-link: 0.00
All traffic (msg/ns): 58,276.25, per-link: 3.56
Inter-die reduction wrt all: inf
Inter-board reduction wrt inter-die: -nan

---Data Movement---
All traffic (msg): 7,576,145,384
Arith. Intensity FLOP/Loads: 0.37
Arith. Intensity FLOP/Msgs: 0.05
Arith. Intensity OPS/Loads: 0.85
Arith. Intensity OPS/Msgs: 0.12



===Core Utilization Total=== CORE-S:13;; TIME K cy:130 ;; Nodes Proc: 30,849,309 -- Edges Proc: 16,039,936
======== IT IS COLD ======= Only 0 Tiles active
Epoch Done Router: 7
Epoch Done Router: 6
Epoch Done Router: 5
Epoch Done Router: 1
Epoch Done Router: 2
Epoch Done Router: 4
Epoch Done Router: 3
Epoch Done Router: 0
##EPOCH## 1 COMPLETED at Time (K cy): 135
Nodes processed until now: 252,835,787
Edges processed until now: 128,311,436
Program Done Worker Thread: 0
Program Done Worker Thread: 4
Program Done Worker Thread: 2
Program Done Router Thread: 1
Program Done Worker Thread: 7
Program Done Worker Thread: 6
Program Done Router Thread: 3
Program Done Router Thread: 4
Program Done Router Thread: 0
Program Done Worker Thread: 1
Program Done Worker Thread: 5
Program Done Router Thread: 5
Program Done Worker Thread: 3
Program Done Router Thread: 6
Program Done Router Thread: 2
Program Done Router Thread: 7

===PRINTING ACUM STATS at pu_cycles: 135,133

ACollision In Avg:106, SD:35, Max:238, Min:13
ACollision Out Avg:61, SD:25, Max:140, Min:1
ACollision End Avg:1, SD:5, Max:66, Min:0
ATask1 Avg:4, SD:1, Max:19, Min:3
ATask2 Avg:13, SD:0, Max:14, Min:12
ATask3 Avg:22, SD:2, Max:32, Min:16
ACore Active Avg:44, SD:4, Max:60, Min:34
ARouter Active Avg:83, SD:3, Max:90, Min:69
T1 invocations: 802,978
T2 invocations: 3,973,577
T3 invocations: 22,934,309
T3b invocations: 229,901,478
Total3 invocations: 252,835,787
Total4 invocations: 0

T3/T2 ratio: 6
T3b/T3 ratio: 10

T1 avg ex cycles: 118
T2 avg ex cycles: 73
T3&b avg ex cycles: 2
T4 avg ex cycles: -nan
Avg. hops NOC1: 25
Avg. latency NOC1 (T2): 15,060
Avg. hops NOC2: 14
Avg. latency NOC2 (T3): 1,224

Runtime at program end in K cycles: 135
Runtime before cooldown in K cycles: 100


Number of K Nodes Processed: 252,835
Number of K Edges Processed: 128,311
Node Re-explore factor: 60.28
Edge Re-explore factor: 1.00
Nodes/cy: 1,871
Edges/cy: 950
TEPS: 950

---Pcache---
Pcache Size: 7,711
Cached: 1
  PHits: 105,327,144
  PMisses: 124,479,607
  PHit Rate (hit/miss): 46%
  PEvictions: 22,151,578
  PEviction Rate (evict/misses): 18%

---Energy---
Leakage Energy (nJ): 199,057
PU Dyn E (nJ): 10,993,140
Mem Dyn E (nJ): 47,898,575
Route Dyn E (nJ): 22,718,846
Dynamic Energy (nJ): 81,610,562
Ratio of Dyn/Leak: 410
Total Energy (nJ): 81,809,619
Total Energy (nJ) 3D: 83,820,443
Cores Energy (nJ): 10,999,158
Route Energy (nJ): 22,722,311
Route Energy (nJ) 3D: 24,733,135
Mem Energy   (nJ): 48,088,151
Mem Energy   (nJ) 3D: 48,088,151
Avg. Power (mW): 605,400.74
Power Density (mW/mm2): 174.91

---Runtime---
Runtime in K cycles: 135.13
Microseconds: 135.13
Time per iteration (ms): 0.14

---Inst---
K Loads: 1,040,011
K Stores: 1,041,588
K Instructions: 888,131

---Throughput---
GOP/s (aka OPS/ns): 6,572.28
GOP/s per core: 0.40
FLOP/s: 2,820.53
FLOP/s per core: 0.17
Max Peak FLOP/s: 16,384.00
Avg. BW GB/s: 61,616.35
Max BW GB/s: 65,536.00

---Traffic---
In-Die bisection_bytes BW (GB/s): 2,048.00
Inter-board traffic (msg/ns): 0.00, per-link: 0.00
Inter-pack traffic (msg/ns): 0.00, per-link: 0.00
Inter-die traffic (msg/ns): 0.00, per-link: 0.00
Ruche traffic (msg/ns): 0.00, per-link: 0.00
All traffic (msg/ns): 56,084.04, per-link: 3.42
Inter-die reduction wrt all: inf
Inter-board reduction wrt inter-die: -nan

---Data Movement---
All traffic (msg): 7,578,804,594
Arith. Intensity FLOP/Loads: 0.37
Arith. Intensity FLOP/Msgs: 0.05
Arith. Intensity OPS/Loads: 0.85
Arith. Intensity OPS/Msgs: 0.12

Simulation time: 931.73
Sim noc_cy/s: 145.03
Sim Msg/s: 8,134,148.16

Version 31

