Dataset:  Kron22/
Dry run: 0
Open Edge Count File succesfully
Edges Traversed BFS: 128309848
Found Vertices: 4194304, Edges: 128311436
avg degree 31
Array  Kron22/node_array.bin found
Malloc array of size 16777220 bytes
Readin array of size 16777216 bytes
Finished Reading Array Bytes
No reordering Array 32bit
Array  Kron22/edge_array.bin found
Malloc array of size 513245744 bytes
Readin array of size 513245744 bytes
Finished Reading Array Bytes
No reordering Array 32bit
Array  Kron22/edge_values.bin found
Malloc array of size 513245744 bytes
Readin array of size 513245744 bytes
Finished Reading Array Bytes
No reordering Array 32bit
Reading graph elapsed time: 0.239906s

Dataset Footprint: 525 MiB
Dataset Footprint per Board: 4404.02 Mb
Dataset injection time (ms): 0.0672
Max Dataset Footprint: 1027 MiB

Dataset footprint per tile: 32 KiB
Proxys footprint per tile: 64 KiB
Reserved SRAM per tile: 22 KiB

Ideal SRAM per tile: 118 KiB
reserved_words_for_dataset:25082
dataset_words_per_tile:8400
remaining_sram_words:125414
min_dcache_sram_words_required:8400
dataset_words_per_tile:8400
min_pcache_sram_words_required:8
proxys_words_per_tile:16384
Dcache footprint ratio: 1
Pcache footprint ratio: 19
Dataset Cached: 0
DCache: 8400 words, lines: 525, sets: 525
Proxys Cached: 1
Pcache: 886 words, sets: 886
Node per tile: 256
Edge per tile: 7,832
GRID_X: 128
GRID_SIZE: 16,384
smt_per_tile: 1
noc_freq: 1
pu_freq: 1
RUCHE_X: 0
PROXY_W: 16
DIE_W: 128
DIE_H: 128
DIES: 1
BORDER_TILES_PER_DIE: 512
PACK_W: 128
PACK_H: 128
DIES_PACK_FACTOR: 1
DIES_PER_PACK: 1
PACKAGES: 1
BOARD_W: 128
BOARD_H: 128
BOARDS: 1
MUX_BUS: 1
DCACHE: 0
PCACHE: 1
PROXY_FACTOR: 8
CACHE_WAYS: 1
TORUS: 1
PHY_NOCS: 1
WIDE_NOC_ID: 0
NOC_CONF: 1
noc_width: 32
hbm_channel_bit_width: 512
ld_st_op_byte_width: 4
PROXY_ROUTING: 4
WRITE_THROUGH: 1
ASSERT_MODE: 0
GLOBAL_BARRIER: 0
OQ flits: 36 ; 192 ; 384
IQ flits: 288 ; 1,536 ; 3,072
OQ messages: 12 ; 96 ; 192
IQ messages: 96 ; 768 ; 1,536
max_task2 size: 64
io_factor_t2: 8
io_factor_t3: 8
io_factor_t3b: 8

Active SRAM Storage per tile: 58 KiB
Total SRAM Storage per tile: 512 KiB
Agreggated SRAM Storage: 8,192 MiB

Inter-Die #links: 4,096
Inter-Die (Gbits): 131,072
Inter-Die (Gbits/mm): 563.524
Bisection BW of Board (Gbits): 32,768
Border IO #Dies: 4
Border IO Die BW (Gbits): 16,384
Off-Board BW Total (Gbits): 65,536
Off-Board BW Density (Gbits/mm): 278
Die side: 58.15 mm
Die border wire density: 563.52 Gbits/mm
HBM wire density: 70.44 Gbits/mm

Tiles per Die: 16,384 (128x128)
Tile Area: 0.19 mm2, side: 0.44 mm
- Core/Rout Area: 0.05 mm2
- SRAM Area: 0.14 mm2
- SRAM/Logic Ratio: 2.80x

Dies per Package: 1 (1x1)
Die Area: 3,381.23 mm2, side: 58.15 mm
- Tiles Area: 3,191.28 mm2
- PHY Area: 189.96 mm2
- MC Area: 0.00 mm2

Packages per Board: 1 (1x1)
Package Area: 3,461.23 mm2, side: 58.83 mm
- IOdie Area: 80.00 mm2
- Dies Area: 3,381.23 mm2
- HBM Area: 0.00 mm2

Boards: 1 (1x1)
Board Area: 3,461.23 mm2
Total Area: 3,461.23 mm2



ESTIMATED COST OF SILICON AND PACKAGING. ONLY VARIABLE, NO FIXED COSTS
Good dies per wafer 3d: 5
Good dies per wafer 2d: 6
--Dies 3D Cost: 1,209.40 $
--Dies 2.5D Cost: 1,007.83 $
--Dies 2D Cost: 1,007.83 $
--HBM Cost: 60.00 $
--IOdie Cost: 8.44 $
--Packaging Cost 3d: 233.07 $
--Packaging Cost 2.5d: 505.18 $
--Packaging Cost 2d: 152.44 $
SiP Cost 3d: 1,510.91 $
SiP Cost 2.5d: 1,581.46 $
SiP Cost 2d: 1,168.71 $
--Board Cost: 3.46 $
Total SiPs Cost 3d: 1,514.37 $
Total SiPs Cost 2.5d: 1,584.92 $
Total SiPs Cost 2d: 1,172.18 $

Perf counters initialized
Mesh connected
Cache structures initialized
Allocated proxys
Replicas initialized
Allocated Frontier List
Dataset structures initialized


Starting Simulation
INIT epoch: 1
INIT epoch: 1
INIT epoch: 1
INIT epoch: 1
INIT epoch: 1
INIT epoch: 1
INIT epoch: 1
INIT epoch: 1
INIT epoch: 1
INIT epoch: 1
INIT epoch: 1
INIT epoch: 1
INIT epoch: 1
INIT epoch: 1
INIT epoch: 1
INIT epoch: 1

===PRINTING FRAME STATS

FCollision In Avg:94, SD:40, Max:268, Min:11
FCollision Out Avg:71, SD:37, Max:204, Min:0
FCollision End Avg:1, SD:8, Max:83, Min:0
FTask1 Avg:2, SD:5, Max:90, Min:0
FTask2 Avg:9, SD:11, Max:64, Min:0
FTask3 Avg:72, SD:15, Max:97, Min:5
FCore Active Avg:84, SD:13, Max:98, Min:12
FRouter Active Avg:92, SD:3, Max:97, Min:68
T1 invocations: 16,678
T2 invocations: 55,577
T3 invocations: 460,940
T3b invocations: 4,163,926
Total3 invocations: 4,624,866
Total4 invocations: 2,972

T3/T2 ratio: 8
T3b/T3 ratio: 9

T1 avg ex cycles: 61
T2 avg ex cycles: 69
T3&b avg ex cycles: 6
T4 avg ex cycles: 37
Avg. hops NOC1: 62
Avg. latency NOC1 (T2): 3,471
Avg. hops NOC2: 19
Avg. latency NOC2 (T3): 1,635

===PRINTING ACUM STATS at pu_cycles: 10,618

ACollision In Avg:94, SD:40, Max:268, Min:11
ACollision Out Avg:71, SD:37, Max:204, Min:0
ACollision End Avg:1, SD:8, Max:83, Min:0
ATask1 Avg:2, SD:5, Max:90, Min:0
ATask2 Avg:9, SD:11, Max:64, Min:0
ATask3 Avg:72, SD:15, Max:97, Min:5
ACore Active Avg:84, SD:13, Max:98, Min:12
ARouter Active Avg:92, SD:3, Max:97, Min:68
T1 invocations: 72,224
T2 invocations: 230,016
T3 invocations: 1,449,097
T3b invocations: 16,460,850
Total3 invocations: 17,909,947
Total4 invocations: 12,655

T3/T2 ratio: 6
T3b/T3 ratio: 11

T1 avg ex cycles: 62
T2 avg ex cycles: 68
T3&b avg ex cycles: 6
T4 avg ex cycles: 43
Avg. hops NOC1: 46
Avg. latency NOC1 (T2): 3,252
Avg. hops NOC2: 19
Avg. latency NOC2 (T3): 1,445
Number of K Nodes Processed: 753
Number of K Edges Processed: 14,526
Node Re-explore factor: 0.18
Edge Re-explore factor: 0.11
Nodes/cy: 71
Edges/cy: 1,368
TEPS: 12,084

---Pcache---
Pcache Size: 886
Cached: 1
  PHits: 6,357,795
  PMisses: 10,461,018
  PHit Rate (hit/miss): 38%
  PEvictions: 3,572,591
  PEviction Rate (evict/misses): 34%

---Energy---
Leakage Energy (nJ): 7,051
PU Dyn E (nJ): 1,190,972
Mem Dyn E (nJ): 3,523,064
Route Dyn E (nJ): 2,155,599
Dynamic Energy (nJ): 6,869,636
Ratio of Dyn/Leak: 974
Total Energy (nJ): 6,876,687
Total Energy (nJ) 3D: 7,067,477
Cores Energy (nJ): 1,191,445
Route Energy (nJ): 2,155,872
Route Energy (nJ) 3D: 2,346,662
Mem Energy   (nJ): 3,529,370
Mem Energy   (nJ) 3D: 3,529,370
Avg. Power (mW): 647,644.31
Power Density (mW/mm2): 187.11

---Runtime---
Runtime in K cycles: 10.62
Microseconds: 10.62
Time per iteration (ms): 0.01

---Throughput---
GOP/s (aka OPS/ns): 12,548.50
GOP/s per core: 0.77
FLOP/s: 3,017.25
FLOP/s per core: 0.18
Max Peak FLOP/s: 16,384.00
Avg. BW GB/s: 57,515.17
Max BW GB/s: 65,536.00

---Traffic---
In-Die bisection_bytes BW (GB/s): 2,048.00
Inter-board traffic (msg/ns): 0.00, per-link: 0.00
Inter-pack traffic (msg/ns): 0.00, per-link: 0.00
Inter-die traffic (msg/ns): 0.00, per-link: 0.00
Ruche traffic (msg/ns): 0.00, per-link: 0.00
All traffic (msg/ns): 66,536.91, per-link: 4.06
Inter-die reduction wrt all: inf
Inter-board reduction wrt inter-die: -nan

---Data Movement---
All traffic (msg): 706,488,861
Arith. Intensity FLOP/Loads: 0.44
Arith. Intensity FLOP/Msgs: 0.05
Arith. Intensity OPS/Loads: 1.85
Arith. Intensity OPS/Msgs: 0.19



===Core Utilization Total=== CORE-S:1;; TIME K cy:10 ;; Nodes Proc: 47,588 -- Edges Proc: 905,939

===PRINTING FRAME STATS

FCollision In Avg:104, SD:39, Max:297, Min:4
FCollision Out Avg:83, SD:43, Max:248, Min:0
FCollision End Avg:1, SD:8, Max:101, Min:0
FTask1 Avg:1, SD:3, Max:51, Min:0
FTask2 Avg:8, SD:14, Max:82, Min:0
FTask3 Avg:62, SD:23, Max:100, Min:4
FCore Active Avg:71, SD:23, Max:100, Min:6
FRouter Active Avg:94, SD:6, Max:101, Min:51
T1 invocations: 6,548
T2 invocations: 47,179
T3 invocations: 477,923
T3b invocations: 3,788,392
Total3 invocations: 4,266,315
Total4 invocations: 167

T3/T2 ratio: 10
T3b/T3 ratio: 8

T1 avg ex cycles: 40
T2 avg ex cycles: 67
T3&b avg ex cycles: 6
T4 avg ex cycles: 390
Avg. hops NOC1: 16
Avg. latency NOC1 (T2): 9,193
Avg. hops NOC2: 20
Avg. latency NOC2 (T3): 3,924

===PRINTING ACUM STATS at pu_cycles: 20,972

ACollision In Avg:99, SD:35, Max:272, Min:11
ACollision Out Avg:77, SD:36, Max:203, Min:2
ACollision End Avg:1, SD:7, Max:91, Min:0
ATask1 Avg:2, SD:3, Max:45, Min:0
ATask2 Avg:9, SD:10, Max:49, Min:0
ATask3 Avg:67, SD:16, Max:98, Min:15
ACore Active Avg:78, SD:15, Max:99, Min:15
ARouter Active Avg:93, SD:4, Max:98, Min:68
T1 invocations: 113,614
T2 invocations: 433,242
T3 invocations: 3,233,387
T3b invocations: 31,497,422
Total3 invocations: 34,730,809
Total4 invocations: 13,799

T3/T2 ratio: 7
T3b/T3 ratio: 10

T1 avg ex cycles: 54
T2 avg ex cycles: 67
T3&b avg ex cycles: 6
T4 avg ex cycles: 68
Avg. hops NOC1: 32
Avg. latency NOC1 (T2): 5,929
Avg. hops NOC2: 19
Avg. latency NOC2 (T3): 2,525
Number of K Nodes Processed: 1,314
Number of K Edges Processed: 26,490
Node Re-explore factor: 0.31
Edge Re-explore factor: 0.21
Nodes/cy: 63
Edges/cy: 1,263
TEPS: 6,118

---Pcache---
Pcache Size: 886
Cached: 1
  PHits: 13,279,599
  PMisses: 18,557,300
  PHit Rate (hit/miss): 42%
  PEvictions: 9,288,021
  PEviction Rate (evict/misses): 50%

---Energy---
Leakage Energy (nJ): 13,927
PU Dyn E (nJ): 2,240,038
Mem Dyn E (nJ): 6,655,515
Route Dyn E (nJ): 4,211,914
Dynamic Energy (nJ): 13,107,468
Ratio of Dyn/Leak: 941
Total Energy (nJ): 13,121,395
Total Energy (nJ) 3D: 13,494,188
Cores Energy (nJ): 2,240,972
Route Energy (nJ): 4,212,452
Route Energy (nJ) 3D: 4,585,245
Mem Energy   (nJ): 6,667,971
Mem Energy   (nJ) 3D: 6,667,971
Avg. Power (mW): 625,662.56
Power Density (mW/mm2): 180.76

---Runtime---
Runtime in K cycles: 20.97
Microseconds: 20.97
Time per iteration (ms): 0.02

---Throughput---
GOP/s (aka OPS/ns): 11,830.91
GOP/s per core: 0.72
FLOP/s: 2,902.86
FLOP/s per core: 0.18
Max Peak FLOP/s: 16,384.00
Avg. BW GB/s: 55,031.74
Max BW GB/s: 65,536.00

---Traffic---
In-Die bisection_bytes BW (GB/s): 2,048.00
Inter-board traffic (msg/ns): 0.00, per-link: 0.00
Inter-pack traffic (msg/ns): 0.00, per-link: 0.00
Inter-die traffic (msg/ns): 0.00, per-link: 0.00
Ruche traffic (msg/ns): 0.00, per-link: 0.00
All traffic (msg/ns): 65,795.37, per-link: 4.02
Inter-die reduction wrt all: inf
Inter-board reduction wrt inter-die: -nan

---Data Movement---
All traffic (msg): 1,379,860,566
Arith. Intensity FLOP/Loads: 0.44
Arith. Intensity FLOP/Msgs: 0.04
Arith. Intensity OPS/Loads: 1.80
Arith. Intensity OPS/Msgs: 0.18



===Core Utilization Total=== CORE-S:2;; TIME K cy:20 ;; Nodes Proc: 82,678 -- Edges Proc: 1,651,750

===PRINTING FRAME STATS

FCollision In Avg:93, SD:41, Max:332, Min:2
FCollision Out Avg:85, SD:48, Max:286, Min:0
FCollision End Avg:2, SD:10, Max:101, Min:0
FTask1 Avg:2, SD:5, Max:37, Min:0
FTask2 Avg:4, SD:10, Max:75, Min:0
FTask3 Avg:63, SD:21, Max:100, Min:9
FCore Active Avg:69, SD:22, Max:100, Min:9
FRouter Active Avg:90, SD:6, Max:101, Min:62
T1 invocations: 19,063
T2 invocations: 27,502
T3 invocations: 581,842
T3b invocations: 3,828,483
Total3 invocations: 4,410,325
Total4 invocations: 430

T3/T2 ratio: 21
T3b/T3 ratio: 7

T1 avg ex cycles: 34
T2 avg ex cycles: 60
T3&b avg ex cycles: 6
T4 avg ex cycles: 477
Avg. hops NOC1: 41
Avg. latency NOC1 (T2): 10,375
Avg. hops NOC2: 17
Avg. latency NOC2 (T3): 6,433

===PRINTING ACUM STATS at pu_cycles: 31,094

ACollision In Avg:97, SD:31, Max:235, Min:9
ACollision Out Avg:79, SD:34, Max:222, Min:5
ACollision End Avg:2, SD:6, Max:94, Min:0
ATask1 Avg:2, SD:3, Max:31, Min:0
ATask2 Avg:7, SD:8, Max:41, Min:0
ATask3 Avg:66, SD:14, Max:97, Min:19
ACore Active Avg:75, SD:14, Max:99, Min:19
ARouter Active Avg:92, SD:4, Max:99, Min:67
T1 invocations: 173,588
T2 invocations: 548,500
T3 invocations: 5,607,123
T3b invocations: 46,978,056
Total3 invocations: 52,585,179
Total4 invocations: 15,367

T3/T2 ratio: 10
T3b/T3 ratio: 8

T1 avg ex cycles: 47
T2 avg ex cycles: 66
T3&b avg ex cycles: 6
T4 avg ex cycles: 104
Avg. hops NOC1: 30
Avg. latency NOC1 (T2): 6,928
Avg. hops NOC2: 18
Avg. latency NOC2 (T3): 3,763
Number of K Nodes Processed: 1,858
Number of K Edges Processed: 32,516
Node Re-explore factor: 0.44
Edge Re-explore factor: 0.25
Nodes/cy: 60
Edges/cy: 1,046
TEPS: 4,127

---Pcache---
Pcache Size: 886
Cached: 1
  PHits: 20,782,882
  PMisses: 26,719,834
  PHit Rate (hit/miss): 44%
  PEvictions: 16,024,683
  PEviction Rate (evict/misses): 60%

---Energy---
Leakage Energy (nJ): 20,649
PU Dyn E (nJ): 3,188,996
Mem Dyn E (nJ): 9,517,348
Route Dyn E (nJ): 6,043,502
Dynamic Energy (nJ): 18,749,847
Ratio of Dyn/Leak: 908
Total Energy (nJ): 18,770,496
Total Energy (nJ) 3D: 19,305,401
Cores Energy (nJ): 3,190,381
Route Energy (nJ): 6,044,300
Route Energy (nJ) 3D: 6,579,205
Mem Energy   (nJ): 9,535,816
Mem Energy   (nJ) 3D: 9,535,816
Avg. Power (mW): 603,669.39
Power Density (mW/mm2): 174.41

---Runtime---
Runtime in K cycles: 31.09
Microseconds: 31.09
Time per iteration (ms): 0.03

---Throughput---
GOP/s (aka OPS/ns): 11,598.76
GOP/s per core: 0.71
FLOP/s: 2,727.64
FLOP/s per core: 0.17
Max Peak FLOP/s: 16,384.00
Avg. BW GB/s: 52,900.06
Max BW GB/s: 65,536.00

---Traffic---
In-Die bisection_bytes BW (GB/s): 2,048.00
Inter-board traffic (msg/ns): 0.00, per-link: 0.00
Inter-pack traffic (msg/ns): 0.00, per-link: 0.00
Inter-die traffic (msg/ns): 0.00, per-link: 0.00
Ruche traffic (msg/ns): 0.00, per-link: 0.00
All traffic (msg/ns): 63,844.74, per-link: 3.90
Inter-die reduction wrt all: inf
Inter-board reduction wrt inter-die: -nan

---Data Movement---
All traffic (msg): 1,985,188,302
Arith. Intensity FLOP/Loads: 0.42
Arith. Intensity FLOP/Msgs: 0.04
Arith. Intensity OPS/Loads: 1.80
Arith. Intensity OPS/Msgs: 0.18



===Core Utilization Total=== CORE-S:3;; TIME K cy:30 ;; Nodes Proc: 116,490 -- Edges Proc: 2,007,855

===PRINTING FRAME STATS

FCollision In Avg:78, SD:47, Max:318, Min:2
FCollision Out Avg:91, SD:52, Max:263, Min:0
FCollision End Avg:3, SD:12, Max:101, Min:0
FTask1 Avg:2, SD:6, Max:38, Min:0
FTask2 Avg:4, SD:10, Max:79, Min:0
FTask3 Avg:69, SD:21, Max:100, Min:6
FCore Active Avg:76, SD:21, Max:100, Min:6
FRouter Active Avg:90, SD:6, Max:101, Min:65
T1 invocations: 30,144
T2 invocations: 32,864
T3 invocations: 535,714
T3b invocations: 4,318,032
Total3 invocations: 4,853,746
Total4 invocations: 1,012

T3/T2 ratio: 16
T3b/T3 ratio: 8

T1 avg ex cycles: 32
T2 avg ex cycles: 52
T3&b avg ex cycles: 6
T4 avg ex cycles: 359
Avg. hops NOC1: 44
Avg. latency NOC1 (T2): 9,490
Avg. hops NOC2: 14
Avg. latency NOC2 (T3): 5,424

===PRINTING ACUM STATS at pu_cycles: 41,084

ACollision In Avg:92, SD:29, Max:227, Min:11
ACollision Out Avg:82, SD:33, Max:220, Min:5
ACollision End Avg:2, SD:6, Max:94, Min:0
ATask1 Avg:2, SD:3, Max:24, Min:0
ATask2 Avg:6, SD:7, Max:37, Min:0
ATask3 Avg:67, SD:12, Max:94, Min:18
ACore Active Avg:75, SD:13, Max:99, Min:25
ARouter Active Avg:91, SD:4, Max:99, Min:70
T1 invocations: 279,146
T2 invocations: 689,406
T3 invocations: 7,898,681
T3b invocations: 65,024,459
Total3 invocations: 72,923,140
Total4 invocations: 18,670

T3/T2 ratio: 11
T3b/T3 ratio: 8

T1 avg ex cycles: 41
T2 avg ex cycles: 63
T3&b avg ex cycles: 6
T4 avg ex cycles: 155
Avg. hops NOC1: 30
Avg. latency NOC1 (T2): 7,519
Avg. hops NOC2: 17
Avg. latency NOC2 (T3): 4,212
Number of K Nodes Processed: 2,309
Number of K Edges Processed: 39,004
Node Re-explore factor: 0.55
Edge Re-explore factor: 0.30
Nodes/cy: 56
Edges/cy: 949
TEPS: 3,123

---Pcache---
Pcache Size: 886
Cached: 1
  PHits: 29,411,585
  PMisses: 36,054,417
  PHit Rate (hit/miss): 45%
  PEvictions: 24,363,234
  PEviction Rate (evict/misses): 68%

---Energy---
Leakage Energy (nJ): 27,283
PU Dyn E (nJ): 4,264,256
Mem Dyn E (nJ): 12,733,388
Route Dyn E (nJ): 7,865,099
Dynamic Energy (nJ): 24,862,743
Ratio of Dyn/Leak: 911
Total Energy (nJ): 24,890,026
Total Energy (nJ) 3D: 25,586,159
Cores Energy (nJ): 4,266,086
Route Energy (nJ): 7,866,152
Route Energy (nJ) 3D: 8,562,285
Mem Energy   (nJ): 12,757,788
Mem Energy   (nJ) 3D: 12,757,788
Avg. Power (mW): 605,832.59
Power Density (mW/mm2): 175.03

---Runtime---
Runtime in K cycles: 41.08
Microseconds: 41.08
Time per iteration (ms): 0.04

---Throughput---
GOP/s (aka OPS/ns): 11,921.48
GOP/s per core: 0.73
FLOP/s: 2,714.66
FLOP/s per core: 0.17
Max Peak FLOP/s: 16,384.00
Avg. BW GB/s: 53,429.04
Max BW GB/s: 65,536.00

---Traffic---
In-Die bisection_bytes BW (GB/s): 2,048.00
Inter-board traffic (msg/ns): 0.00, per-link: 0.00
Inter-pack traffic (msg/ns): 0.00, per-link: 0.00
Inter-die traffic (msg/ns): 0.00, per-link: 0.00
Ruche traffic (msg/ns): 0.00, per-link: 0.00
All traffic (msg/ns): 63,101.32, per-link: 3.85
Inter-die reduction wrt all: inf
Inter-board reduction wrt inter-die: -nan

---Data Movement---
All traffic (msg): 2,592,454,747
Arith. Intensity FLOP/Loads: 0.41
Arith. Intensity FLOP/Msgs: 0.04
Arith. Intensity OPS/Loads: 1.81
Arith. Intensity OPS/Msgs: 0.19



===Core Utilization Total=== CORE-S:4;; TIME K cy:40 ;; Nodes Proc: 144,408 -- Edges Proc: 2,431,914

===PRINTING FRAME STATS

FCollision In Avg:78, SD:53, Max:292, Min:2
FCollision Out Avg:106, SD:51, Max:297, Min:0
FCollision End Avg:4, SD:14, Max:101, Min:0
FTask1 Avg:2, SD:6, Max:38, Min:0
FTask2 Avg:5, SD:10, Max:82, Min:0
FTask3 Avg:71, SD:17, Max:100, Min:12
FCore Active Avg:78, SD:18, Max:100, Min:12
FRouter Active Avg:90, SD:5, Max:101, Min:67
T1 invocations: 29,095
T2 invocations: 39,420
T3 invocations: 510,579
T3b invocations: 4,517,941
Total3 invocations: 5,028,520
Total4 invocations: 963

T3/T2 ratio: 13
T3b/T3 ratio: 9

T1 avg ex cycles: 32
T2 avg ex cycles: 47
T3&b avg ex cycles: 6
T4 avg ex cycles: 401
Avg. hops NOC1: 33
Avg. latency NOC1 (T2): 10,167
Avg. hops NOC2: 14
Avg. latency NOC2 (T3): 3,633

===PRINTING ACUM STATS at pu_cycles: 51,094

ACollision In Avg:89, SD:28, Max:226, Min:10
ACollision Out Avg:87, SD:32, Max:216, Min:6
ACollision End Avg:2, SD:6, Max:95, Min:0
ATask1 Avg:2, SD:3, Max:19, Min:0
ATask2 Avg:6, SD:6, Max:34, Min:0
ATask3 Avg:67, SD:10, Max:91, Min:21
ACore Active Avg:76, SD:12, Max:99, Min:24
ARouter Active Avg:91, SD:4, Max:98, Min:70
T1 invocations: 413,667
T2 invocations: 879,178
T3 invocations: 10,057,112
T3b invocations: 83,732,527
Total3 invocations: 93,789,639
Total4 invocations: 22,425

T3/T2 ratio: 11
T3b/T3 ratio: 8

T1 avg ex cycles: 38
T2 avg ex cycles: 60
T3&b avg ex cycles: 6
T4 avg ex cycles: 197
Avg. hops NOC1: 28
Avg. latency NOC1 (T2): 7,950
Avg. hops NOC2: 17
Avg. latency NOC2 (T3): 4,071
Number of K Nodes Processed: 2,666
Number of K Edges Processed: 46,838
Node Re-explore factor: 0.64
Edge Re-explore factor: 0.37
Nodes/cy: 52
Edges/cy: 917
TEPS: 2,511

---Pcache---
Pcache Size: 886
Cached: 1
  PHits: 38,426,123
  PMisses: 45,547,442
  PHit Rate (hit/miss): 46%
  PEvictions: 33,240,066
  PEviction Rate (evict/misses): 73%

---Energy---
Leakage Energy (nJ): 33,931
PU Dyn E (nJ): 5,399,036
Mem Dyn E (nJ): 16,109,614
Route Dyn E (nJ): 9,744,457
Dynamic Energy (nJ): 31,253,107
Ratio of Dyn/Leak: 921
Total Energy (nJ): 31,287,038
Total Energy (nJ) 3D: 32,149,511
Cores Energy (nJ): 5,401,311
Route Energy (nJ): 9,745,767
Route Energy (nJ) 3D: 10,608,241
Mem Energy   (nJ): 16,139,960
Mem Energy   (nJ) 3D: 16,139,960
Avg. Power (mW): 612,342.70
Power Density (mW/mm2): 176.91

---Runtime---
Runtime in K cycles: 51.09
Microseconds: 51.09
Time per iteration (ms): 0.05

---Throughput---
GOP/s (aka OPS/ns): 12,214.80
GOP/s per core: 0.75
FLOP/s: 2,744.21
FLOP/s per core: 0.17
Max Peak FLOP/s: 16,384.00
Avg. BW GB/s: 54,285.66
Max BW GB/s: 65,536.00

---Traffic---
In-Die bisection_bytes BW (GB/s): 2,048.00
Inter-board traffic (msg/ns): 0.00, per-link: 0.00
Inter-pack traffic (msg/ns): 0.00, per-link: 0.00
Inter-die traffic (msg/ns): 0.00, per-link: 0.00
Ruche traffic (msg/ns): 0.00, per-link: 0.00
All traffic (msg/ns): 62,999.14, per-link: 3.85
Inter-die reduction wrt all: inf
Inter-board reduction wrt inter-die: -nan

---Data Movement---
All traffic (msg): 3,218,877,833
Arith. Intensity FLOP/Loads: 0.41
Arith. Intensity FLOP/Msgs: 0.04
Arith. Intensity OPS/Loads: 1.82
Arith. Intensity OPS/Msgs: 0.19



===Core Utilization Total=== CORE-S:5;; TIME K cy:50 ;; Nodes Proc: 166,195 -- Edges Proc: 2,927,853

===PRINTING FRAME STATS

FCollision In Avg:77, SD:54, Max:302, Min:1
FCollision Out Avg:107, SD:50, Max:324, Min:0
FCollision End Avg:4, SD:15, Max:101, Min:0
FTask1 Avg:2, SD:5, Max:50, Min:0
FTask2 Avg:5, SD:11, Max:88, Min:0
FTask3 Avg:67, SD:16, Max:100, Min:6
FCore Active Avg:75, SD:17, Max:100, Min:6
FRouter Active Avg:89, SD:7, Max:101, Min:66
T1 invocations: 32,014
T2 invocations: 45,765
T3 invocations: 466,446
T3b invocations: 4,312,238
Total3 invocations: 4,778,684
Total4 invocations: 994

T3/T2 ratio: 10
T3b/T3 ratio: 9

T1 avg ex cycles: 31
T2 avg ex cycles: 45
T3&b avg ex cycles: 6
T4 avg ex cycles: 386
Avg. hops NOC1: 28
Avg. latency NOC1 (T2): 12,323
Avg. hops NOC2: 14
Avg. latency NOC2 (T3): 2,319

===PRINTING ACUM STATS at pu_cycles: 61,079

ACollision In Avg:87, SD:26, Max:218, Min:10
ACollision Out Avg:90, SD:31, Max:211, Min:9
ACollision End Avg:3, SD:7, Max:95, Min:0
ATask1 Avg:2, SD:2, Max:16, Min:0
ATask2 Avg:6, SD:5, Max:28, Min:0
ATask3 Avg:67, SD:9, Max:88, Min:23
ACore Active Avg:76, SD:10, Max:98, Min:30
ARouter Active Avg:91, SD:3, Max:97, Min:70
T1 invocations: 558,118
T2 invocations: 1,083,798
T3 invocations: 12,026,146
T3b invocations: 102,039,186
Total3 invocations: 114,065,332
Total4 invocations: 26,880

T3/T2 ratio: 11
T3b/T3 ratio: 8

T1 avg ex cycles: 37
T2 avg ex cycles: 57
T3&b avg ex cycles: 6
T4 avg ex cycles: 225
Avg. hops NOC1: 27
Avg. latency NOC1 (T2): 8,368
Avg. hops NOC2: 16
Avg. latency NOC2 (T3): 3,835
Number of K Nodes Processed: 2,948
Number of K Edges Processed: 54,829
Node Re-explore factor: 0.70
Edge Re-explore factor: 0.43
Nodes/cy: 48
Edges/cy: 898
TEPS: 2,101

---Pcache---
Pcache Size: 886
Cached: 1
  PHits: 47,400,928
  PMisses: 54,764,365
  PHit Rate (hit/miss): 46%
  PEvictions: 42,066,455
  PEviction Rate (evict/misses): 77%

---Energy---
Leakage Energy (nJ): 40,562
PU Dyn E (nJ): 6,508,503
Mem Dyn E (nJ): 19,405,689
Route Dyn E (nJ): 11,552,227
Dynamic Energy (nJ): 37,466,419
Ratio of Dyn/Leak: 924
Total Energy (nJ): 37,506,981
Total Energy (nJ) 3D: 38,529,458
Cores Energy (nJ): 6,511,223
Route Energy (nJ): 11,553,794
Route Energy (nJ) 3D: 12,576,271
Mem Energy   (nJ): 19,441,965
Mem Energy   (nJ) 3D: 19,441,965
Avg. Power (mW): 614,073.26
Power Density (mW/mm2): 177.41

---Runtime---
Runtime in K cycles: 61.08
Microseconds: 61.08
Time per iteration (ms): 0.06

---Throughput---
GOP/s (aka OPS/ns): 12,360.61
GOP/s per core: 0.75
FLOP/s: 2,756.59
FLOP/s per core: 0.17
Max Peak FLOP/s: 16,384.00
Avg. BW GB/s: 54,650.61
Max BW GB/s: 65,536.00

---Traffic---
In-Die bisection_bytes BW (GB/s): 2,048.00
Inter-board traffic (msg/ns): 0.00, per-link: 0.00
Inter-pack traffic (msg/ns): 0.00, per-link: 0.00
Inter-die traffic (msg/ns): 0.00, per-link: 0.00
Ruche traffic (msg/ns): 0.00, per-link: 0.00
All traffic (msg/ns): 62,573.28, per-link: 3.82
Inter-die reduction wrt all: inf
Inter-board reduction wrt inter-die: -nan

---Data Movement---
All traffic (msg): 3,821,913,517
Arith. Intensity FLOP/Loads: 0.41
Arith. Intensity FLOP/Msgs: 0.04
Arith. Intensity OPS/Loads: 1.82
Arith. Intensity OPS/Msgs: 0.20



===Core Utilization Total=== CORE-S:6;; TIME K cy:60 ;; Nodes Proc: 183,900 -- Edges Proc: 3,405,641

===PRINTING FRAME STATS

FCollision In Avg:83, SD:55, Max:294, Min:2
FCollision Out Avg:97, SD:47, Max:336, Min:0
FCollision End Avg:4, SD:14, Max:101, Min:0
FTask1 Avg:3, SD:6, Max:38, Min:0
FTask2 Avg:7, SD:12, Max:82, Min:0
FTask3 Avg:71, SD:14, Max:100, Min:9
FCore Active Avg:82, SD:15, Max:100, Min:9
FRouter Active Avg:92, SD:5, Max:101, Min:71
T1 invocations: 40,060
T2 invocations: 64,349
T3 invocations: 444,080
T3b invocations: 4,685,549
Total3 invocations: 5,129,629
Total4 invocations: 1,106

T3/T2 ratio: 7
T3b/T3 ratio: 11

T1 avg ex cycles: 31
T2 avg ex cycles: 43
T3&b avg ex cycles: 6
T4 avg ex cycles: 324
Avg. hops NOC1: 30
Avg. latency NOC1 (T2): 12,705
Avg. hops NOC2: 15
Avg. latency NOC2 (T3): 1,657

===PRINTING ACUM STATS at pu_cycles: 71,086

ACollision In Avg:87, SD:26, Max:229, Min:11
ACollision Out Avg:91, SD:30, Max:203, Min:8
ACollision End Avg:3, SD:7, Max:89, Min:0
ATask1 Avg:2, SD:2, Max:14, Min:0
ATask2 Avg:6, SD:5, Max:24, Min:0
ATask3 Avg:68, SD:7, Max:87, Min:25
ACore Active Avg:76, SD:9, Max:99, Min:31
ARouter Active Avg:91, SD:3, Max:97, Min:71
T1 invocations: 717,024
T2 invocations: 1,329,900
T3 invocations: 13,862,527
T3b invocations: 120,752,445
Total3 invocations: 134,614,972
Total4 invocations: 31,711

T3/T2 ratio: 10
T3b/T3 ratio: 9

T1 avg ex cycles: 35
T2 avg ex cycles: 55
T3&b avg ex cycles: 6
T4 avg ex cycles: 237
Avg. hops NOC1: 26
Avg. latency NOC1 (T2): 8,913
Avg. hops NOC2: 16
Avg. latency NOC2 (T3): 3,569
Number of K Nodes Processed: 3,172
Number of K Edges Processed: 63,806
Node Re-explore factor: 0.76
Edge Re-explore factor: 0.50
Nodes/cy: 45
Edges/cy: 898
TEPS: 1,805

---Pcache---
Pcache Size: 886
Cached: 1
  PHits: 56,593,810
  PMisses: 64,128,894
  PHit Rate (hit/miss): 47%
  PEvictions: 51,155,169
  PEviction Rate (evict/misses): 80%

---Energy---
Leakage Energy (nJ): 47,207
PU Dyn E (nJ): 7,655,674
Mem Dyn E (nJ): 22,809,549
Route Dyn E (nJ): 13,425,750
Dynamic Energy (nJ): 43,890,973
Ratio of Dyn/Leak: 930
Total Energy (nJ): 43,938,180
Total Energy (nJ) 3D: 45,126,481
Cores Energy (nJ): 7,658,840
Route Energy (nJ): 13,427,573
Route Energy (nJ) 3D: 14,615,874
Mem Energy   (nJ): 22,851,768
Mem Energy   (nJ) 3D: 22,851,768
Avg. Power (mW): 618,098.92
Power Density (mW/mm2): 178.58

---Runtime---
Runtime in K cycles: 71.09
Microseconds: 71.09
Time per iteration (ms): 0.07

---Throughput---
GOP/s (aka OPS/ns): 12,498.50
GOP/s per core: 0.76
FLOP/s: 2,784.52
FLOP/s per core: 0.17
Max Peak FLOP/s: 16,384.00
Avg. BW GB/s: 55,164.36
Max BW GB/s: 65,536.00

---Traffic---
In-Die bisection_bytes BW (GB/s): 2,048.00
Inter-board traffic (msg/ns): 0.00, per-link: 0.00
Inter-pack traffic (msg/ns): 0.00, per-link: 0.00
Inter-die traffic (msg/ns): 0.00, per-link: 0.00
Ruche traffic (msg/ns): 0.00, per-link: 0.00
All traffic (msg/ns): 62,544.78, per-link: 3.82
Inter-die reduction wrt all: inf
Inter-board reduction wrt inter-die: -nan

---Data Movement---
All traffic (msg): 4,446,058,072
Arith. Intensity FLOP/Loads: 0.41
Arith. Intensity FLOP/Msgs: 0.04
Arith. Intensity OPS/Loads: 1.82
Arith. Intensity OPS/Msgs: 0.20



===Core Utilization Total=== CORE-S:7;; TIME K cy:70 ;; Nodes Proc: 197,686 -- Edges Proc: 3,983,177

===PRINTING FRAME STATS

FCollision In Avg:86, SD:56, Max:293, Min:2
FCollision Out Avg:91, SD:46, Max:272, Min:0
FCollision End Avg:3, SD:14, Max:107, Min:0
FTask1 Avg:3, SD:6, Max:35, Min:0
FTask2 Avg:7, SD:12, Max:78, Min:0
FTask3 Avg:71, SD:15, Max:100, Min:7
FCore Active Avg:82, SD:16, Max:100, Min:7
FRouter Active Avg:93, SD:6, Max:101, Min:66
T1 invocations: 38,252
T2 invocations: 70,782
T3 invocations: 440,188
T3b invocations: 4,741,104
Total3 invocations: 5,181,292
Total4 invocations: 1,168

T3/T2 ratio: 6
T3b/T3 ratio: 11

T1 avg ex cycles: 31
T2 avg ex cycles: 42
T3&b avg ex cycles: 6
T4 avg ex cycles: 293
Avg. hops NOC1: 28
Avg. latency NOC1 (T2): 11,721
Avg. hops NOC2: 15
Avg. latency NOC2 (T3): 1,501

===PRINTING ACUM STATS at pu_cycles: 81,084

ACollision In Avg:86, SD:25, Max:226, Min:12
ACollision Out Avg:91, SD:29, Max:198, Min:8
ACollision End Avg:3, SD:7, Max:78, Min:0
ATask1 Avg:2, SD:2, Max:14, Min:0
ATask2 Avg:6, SD:5, Max:22, Min:0
ATask3 Avg:68, SD:7, Max:88, Min:23
ACore Active Avg:77, SD:8, Max:99, Min:28
ARouter Active Avg:91, SD:3, Max:98, Min:71
T1 invocations: 876,179
T2 invocations: 1,586,648
T3 invocations: 15,664,082
T3b invocations: 139,431,623
Total3 invocations: 155,095,705
Total4 invocations: 37,381

T3/T2 ratio: 10
T3b/T3 ratio: 9

T1 avg ex cycles: 35
T2 avg ex cycles: 53
T3&b avg ex cycles: 6
T4 avg ex cycles: 241
Avg. hops NOC1: 25
Avg. latency NOC1 (T2): 9,362
Avg. hops NOC2: 16
Avg. latency NOC2 (T3): 3,343
Number of K Nodes Processed: 3,365
Number of K Edges Processed: 72,806
Node Re-explore factor: 0.80
Edge Re-explore factor: 0.57
Nodes/cy: 42
Edges/cy: 898
TEPS: 1,582

---Pcache---
Pcache Size: 886
Cached: 1
  PHits: 65,694,604
  PMisses: 73,503,697
  PHit Rate (hit/miss): 47%
  PEvictions: 60,327,811
  PEviction Rate (evict/misses): 82%

---Energy---
Leakage Energy (nJ): 53,847
PU Dyn E (nJ): 8,797,472
Mem Dyn E (nJ): 26,196,743
Route Dyn E (nJ): 15,290,608
Dynamic Energy (nJ): 50,284,824
Ratio of Dyn/Leak: 934
Total Energy (nJ): 50,338,671
Total Energy (nJ) 3D: 51,692,029
Cores Energy (nJ): 8,801,083
Route Energy (nJ): 15,292,687
Route Energy (nJ) 3D: 16,646,045
Mem Energy   (nJ): 26,244,901
Mem Energy   (nJ) 3D: 26,244,901
Avg. Power (mW): 620,821.25
Power Density (mW/mm2): 179.36

---Runtime---
Runtime in K cycles: 81.08
Microseconds: 81.08
Time per iteration (ms): 0.08

---Throughput---
GOP/s (aka OPS/ns): 12,593.88
GOP/s per core: 0.77
FLOP/s: 2,804.70
FLOP/s per core: 0.17
Max Peak FLOP/s: 16,384.00
Avg. BW GB/s: 55,522.07
Max BW GB/s: 65,536.00

---Traffic---
In-Die bisection_bytes BW (GB/s): 2,048.00
Inter-board traffic (msg/ns): 0.00, per-link: 0.00
Inter-pack traffic (msg/ns): 0.00, per-link: 0.00
Inter-die traffic (msg/ns): 0.00, per-link: 0.00
Ruche traffic (msg/ns): 0.00, per-link: 0.00
All traffic (msg/ns): 62,495.73, per-link: 3.81
Inter-die reduction wrt all: inf
Inter-board reduction wrt inter-die: -nan

---Data Movement---
All traffic (msg): 5,067,403,555
Arith. Intensity FLOP/Loads: 0.41
Arith. Intensity FLOP/Msgs: 0.04
Arith. Intensity OPS/Loads: 1.82
Arith. Intensity OPS/Msgs: 0.20



===Core Utilization Total=== CORE-S:8;; TIME K cy:80 ;; Nodes Proc: 209,586 -- Edges Proc: 4,543,974

===PRINTING FRAME STATS

FCollision In Avg:86, SD:56, Max:295, Min:2
FCollision Out Avg:90, SD:47, Max:265, Min:0
FCollision End Avg:3, SD:14, Max:101, Min:0
FTask1 Avg:3, SD:6, Max:42, Min:0
FTask2 Avg:7, SD:12, Max:77, Min:0
FTask3 Avg:69, SD:15, Max:100, Min:7
FCore Active Avg:79, SD:16, Max:100, Min:7
FRouter Active Avg:91, SD:7, Max:101, Min:69
T1 invocations: 40,368
T2 invocations: 67,771
T3 invocations: 437,135
T3b invocations: 4,585,362
Total3 invocations: 5,022,497
Total4 invocations: 1,516

T3/T2 ratio: 6
T3b/T3 ratio: 10

T1 avg ex cycles: 30
T2 avg ex cycles: 40
T3&b avg ex cycles: 6
T4 avg ex cycles: 235
Avg. hops NOC1: 26
Avg. latency NOC1 (T2): 11,118
Avg. hops NOC2: 15
Avg. latency NOC2 (T3): 1,531

===PRINTING ACUM STATS at pu_cycles: 91,069

ACollision In Avg:86, SD:26, Max:223, Min:18
ACollision Out Avg:91, SD:28, Max:192, Min:8
ACollision End Avg:3, SD:7, Max:74, Min:0
ATask1 Avg:2, SD:2, Max:13, Min:0
ATask2 Avg:6, SD:4, Max:19, Min:0
ATask3 Avg:68, SD:7, Max:89, Min:24
ACore Active Avg:77, SD:8, Max:99, Min:29
ARouter Active Avg:91, SD:3, Max:98, Min:72
T1 invocations: 1,059,526
T2 invocations: 1,883,745
T3 invocations: 17,438,478
T3b invocations: 158,561,881
Total3 invocations: 176,000,359
Total4 invocations: 44,306

T3/T2 ratio: 9
T3b/T3 ratio: 9

T1 avg ex cycles: 34
T2 avg ex cycles: 51
T3&b avg ex cycles: 6
T4 avg ex cycles: 238
Avg. hops NOC1: 24
Avg. latency NOC1 (T2): 9,675
Avg. hops NOC2: 16
Avg. latency NOC2 (T3): 3,150
Number of K Nodes Processed: 3,528
Number of K Edges Processed: 82,589
Node Re-explore factor: 0.84
Edge Re-explore factor: 0.64
Nodes/cy: 39
Edges/cy: 907
TEPS: 1,409

---Pcache---
Pcache Size: 886
Cached: 1
  PHits: 75,012,738
  PMisses: 83,160,073
  PHit Rate (hit/miss): 47%
  PEvictions: 69,821,223
  PEviction Rate (evict/misses): 84%

---Energy---
Leakage Energy (nJ): 60,477
PU Dyn E (nJ): 9,976,795
Mem Dyn E (nJ): 29,691,926
Route Dyn E (nJ): 17,212,804
Dynamic Energy (nJ): 56,881,526
Ratio of Dyn/Leak: 941
Total Energy (nJ): 56,942,003
Total Energy (nJ) 3D: 58,465,493
Cores Energy (nJ): 9,980,851
Route Energy (nJ): 17,215,140
Route Energy (nJ) 3D: 18,738,629
Mem Energy   (nJ): 29,746,014
Mem Energy   (nJ) 3D: 29,746,014
Avg. Power (mW): 625,262.20
Power Density (mW/mm2): 180.65

---Runtime---
Runtime in K cycles: 91.07
Microseconds: 91.07
Time per iteration (ms): 0.09

---Throughput---
GOP/s (aka OPS/ns): 12,709.61
GOP/s per core: 0.78
FLOP/s: 2,833.58
FLOP/s per core: 0.17
Max Peak FLOP/s: 16,384.00
Avg. BW GB/s: 56,014.95
Max BW GB/s: 65,536.00

---Traffic---
In-Die bisection_bytes BW (GB/s): 2,048.00
Inter-board traffic (msg/ns): 0.00, per-link: 0.00
Inter-pack traffic (msg/ns): 0.00, per-link: 0.00
Inter-die traffic (msg/ns): 0.00, per-link: 0.00
Ruche traffic (msg/ns): 0.00, per-link: 0.00
All traffic (msg/ns): 62,672.69, per-link: 3.83
Inter-die reduction wrt all: inf
Inter-board reduction wrt inter-die: -nan

---Data Movement---
All traffic (msg): 5,707,539,373
Arith. Intensity FLOP/Loads: 0.41
Arith. Intensity FLOP/Msgs: 0.05
Arith. Intensity OPS/Loads: 1.82
Arith. Intensity OPS/Msgs: 0.20



===Core Utilization Total=== CORE-S:9;; TIME K cy:90 ;; Nodes Proc: 219,879 -- Edges Proc: 5,211,589

===PRINTING FRAME STATS

FCollision In Avg:86, SD:56, Max:296, Min:2
FCollision Out Avg:79, SD:45, Max:293, Min:0
FCollision End Avg:3, SD:12, Max:104, Min:0
FTask1 Avg:3, SD:6, Max:39, Min:0
FTask2 Avg:7, SD:12, Max:80, Min:0
FTask3 Avg:72, SD:14, Max:100, Min:8
FCore Active Avg:84, SD:14, Max:100, Min:8
FRouter Active Avg:94, SD:5, Max:101, Min:73
T1 invocations: 46,735
T2 invocations: 81,049
T3 invocations: 439,042
T3b invocations: 4,833,744
Total3 invocations: 5,272,786
Total4 invocations: 1,543

T3/T2 ratio: 5
T3b/T3 ratio: 11

T1 avg ex cycles: 30
T2 avg ex cycles: 38
T3&b avg ex cycles: 6
T4 avg ex cycles: 214
Avg. hops NOC1: 31
Avg. latency NOC1 (T2): 10,827
Avg. hops NOC2: 15
Avg. latency NOC2 (T3): 1,411

===PRINTING ACUM STATS at pu_cycles: 101,013

ACollision In Avg:86, SD:26, Max:222, Min:18
ACollision Out Avg:90, SD:27, Max:188, Min:9
ACollision End Avg:3, SD:6, Max:76, Min:0
ATask1 Avg:2, SD:2, Max:12, Min:0
ATask2 Avg:6, SD:4, Max:18, Min:0
ATask3 Avg:69, SD:6, Max:89, Min:28
ACore Active Avg:78, SD:7, Max:99, Min:36
ARouter Active Avg:91, SD:3, Max:98, Min:73
T1 invocations: 1,257,594
T2 invocations: 2,198,946
T3 invocations: 19,234,963
T3b invocations: 178,153,475
Total3 invocations: 197,388,438
Total4 invocations: 52,286

T3/T2 ratio: 9
T3b/T3 ratio: 9

T1 avg ex cycles: 33
T2 avg ex cycles: 49
T3&b avg ex cycles: 6
T4 avg ex cycles: 231
Avg. hops NOC1: 24
Avg. latency NOC1 (T2): 9,861
Avg. hops NOC2: 16
Avg. latency NOC2 (T3): 2,990
Number of K Nodes Processed: 3,671
Number of K Edges Processed: 92,558
Node Re-explore factor: 0.88
Edge Re-explore factor: 0.72
Nodes/cy: 36
Edges/cy: 916
TEPS: 1,270

---Pcache---
Pcache Size: 886
Cached: 1
  PHits: 84,482,687
  PMisses: 93,036,084
  PHit Rate (hit/miss): 48%
  PEvictions: 79,560,546
  PEviction Rate (evict/misses): 86%

---Energy---
Leakage Energy (nJ): 67,081
PU Dyn E (nJ): 11,184,801
Mem Dyn E (nJ): 33,268,447
Route Dyn E (nJ): 19,182,871
Dynamic Energy (nJ): 63,636,119
Ratio of Dyn/Leak: 949
Total Energy (nJ): 63,703,200
Total Energy (nJ) 3D: 65,401,059
Cores Energy (nJ): 11,189,299
Route Energy (nJ): 19,185,461
Route Energy (nJ) 3D: 20,883,320
Mem Energy   (nJ): 33,328,440
Mem Energy   (nJ) 3D: 33,328,440
Avg. Power (mW): 630,643.58
Power Density (mW/mm2): 182.20

---Runtime---
Runtime in K cycles: 101.01
Microseconds: 101.01
Time per iteration (ms): 0.10

---Throughput---
GOP/s (aka OPS/ns): 12,839.79
GOP/s per core: 0.78
FLOP/s: 2,865.47
FLOP/s per core: 0.17
Max Peak FLOP/s: 16,384.00
Avg. BW GB/s: 56,573.98
Max BW GB/s: 65,536.00

---Traffic---
In-Die bisection_bytes BW (GB/s): 2,048.00
Inter-board traffic (msg/ns): 0.00, per-link: 0.00
Inter-pack traffic (msg/ns): 0.00, per-link: 0.00
Inter-die traffic (msg/ns): 0.00, per-link: 0.00
Ruche traffic (msg/ns): 0.00, per-link: 0.00
All traffic (msg/ns): 62,997.58, per-link: 3.85
Inter-die reduction wrt all: inf
Inter-board reduction wrt inter-die: -nan

---Data Movement---
All traffic (msg): 6,363,574,763
Arith. Intensity FLOP/Loads: 0.41
Arith. Intensity FLOP/Msgs: 0.05
Arith. Intensity OPS/Loads: 1.82
Arith. Intensity OPS/Msgs: 0.20



===Core Utilization Total=== CORE-S:10;; TIME K cy:100 ;; Nodes Proc: 228,985 -- Edges Proc: 5,891,968

===PRINTING FRAME STATS

FCollision In Avg:81, SD:56, Max:293, Min:2
FCollision Out Avg:70, SD:46, Max:262, Min:0
FCollision End Avg:2, SD:10, Max:101, Min:0
FTask1 Avg:4, SD:6, Max:64, Min:0
FTask2 Avg:7, SD:12, Max:77, Min:0
FTask3 Avg:72, SD:15, Max:100, Min:5
FCore Active Avg:84, SD:15, Max:100, Min:5
FRouter Active Avg:94, SD:5, Max:101, Min:75
T1 invocations: 49,800
T2 invocations: 81,215
T3 invocations: 436,408
T3b invocations: 4,791,518
Total3 invocations: 5,227,926
Total4 invocations: 2,256

T3/T2 ratio: 5
T3b/T3 ratio: 11

T1 avg ex cycles: 30
T2 avg ex cycles: 37
T3&b avg ex cycles: 6
T4 avg ex cycles: 179
Avg. hops NOC1: 33
Avg. latency NOC1 (T2): 9,400
Avg. hops NOC2: 15
Avg. latency NOC2 (T3): 1,565

===PRINTING ACUM STATS at pu_cycles: 110,983

ACollision In Avg:86, SD:26, Max:218, Min:17
ACollision Out Avg:88, SD:27, Max:183, Min:10
ACollision End Avg:3, SD:6, Max:70, Min:0
ATask1 Avg:3, SD:2, Max:13, Min:0
ATask2 Avg:6, SD:4, Max:16, Min:0
ATask3 Avg:69, SD:6, Max:89, Min:35
ACore Active Avg:79, SD:7, Max:97, Min:38
ARouter Active Avg:91, SD:3, Max:98, Min:73
T1 invocations: 1,456,867
T2 invocations: 2,521,031
T3 invocations: 21,021,628
T3b invocations: 197,531,626
Total3 invocations: 218,553,254
Total4 invocations: 61,948

T3/T2 ratio: 8
T3b/T3 ratio: 9

T1 avg ex cycles: 33
T2 avg ex cycles: 47
T3&b avg ex cycles: 6
T4 avg ex cycles: 220
Avg. hops NOC1: 24
Avg. latency NOC1 (T2): 9,870
Avg. hops NOC2: 16
Avg. latency NOC2 (T3): 2,869
Number of K Nodes Processed: 3,799
Number of K Edges Processed: 102,437
Node Re-explore factor: 0.91
Edge Re-explore factor: 0.80
Nodes/cy: 34
Edges/cy: 923
TEPS: 1,156

---Pcache---
Pcache Size: 886
Cached: 1
  PHits: 93,795,404
  PMisses: 102,867,308
  PHit Rate (hit/miss): 48%
  PEvictions: 89,287,797
  PEviction Rate (evict/misses): 87%

---Energy---
Leakage Energy (nJ): 73,702
PU Dyn E (nJ): 12,381,097
Mem Dyn E (nJ): 36,808,858
Route Dyn E (nJ): 21,145,110
Dynamic Energy (nJ): 70,335,066
Ratio of Dyn/Leak: 954
Total Energy (nJ): 70,408,768
Total Energy (nJ) 3D: 72,280,302
Cores Energy (nJ): 12,386,040
Route Energy (nJ): 21,147,956
Route Energy (nJ) 3D: 23,019,490
Mem Energy   (nJ): 36,874,773
Mem Energy   (nJ) 3D: 36,874,773
Avg. Power (mW): 634,410.39
Power Density (mW/mm2): 183.29

---Runtime---
Runtime in K cycles: 110.98
Microseconds: 110.98
Time per iteration (ms): 0.11

---Throughput---
GOP/s (aka OPS/ns): 12,931.52
GOP/s per core: 0.79
FLOP/s: 2,888.20
FLOP/s per core: 0.18
Max Peak FLOP/s: 16,384.00
Avg. BW GB/s: 56,963.84
Max BW GB/s: 65,536.00

---Traffic---
In-Die bisection_bytes BW (GB/s): 2,048.00
Inter-board traffic (msg/ns): 0.00, per-link: 0.00
Inter-pack traffic (msg/ns): 0.00, per-link: 0.00
Inter-die traffic (msg/ns): 0.00, per-link: 0.00
Ruche traffic (msg/ns): 0.00, per-link: 0.00
All traffic (msg/ns): 63,223.66, per-link: 3.86
Inter-die reduction wrt all: inf
Inter-board reduction wrt inter-die: -nan

---Data Movement---
All traffic (msg): 7,016,751,314
Arith. Intensity FLOP/Loads: 0.41
Arith. Intensity FLOP/Msgs: 0.05
Arith. Intensity OPS/Loads: 1.82
Arith. Intensity OPS/Msgs: 0.20



===Core Utilization Total=== CORE-S:11;; TIME K cy:110 ;; Nodes Proc: 236,613 -- Edges Proc: 6,462,513

===PRINTING FRAME STATS

FCollision In Avg:75, SD:56, Max:332, Min:2
FCollision Out Avg:67, SD:47, Max:246, Min:0
FCollision End Avg:2, SD:10, Max:101, Min:0
FTask1 Avg:4, SD:6, Max:45, Min:0
FTask2 Avg:7, SD:12, Max:73, Min:0
FTask3 Avg:72, SD:14, Max:100, Min:8
FCore Active Avg:84, SD:14, Max:100, Min:8
FRouter Active Avg:94, SD:4, Max:101, Min:74
T1 invocations: 53,460
T2 invocations: 82,027
T3 invocations: 447,782
T3b invocations: 4,787,074
Total3 invocations: 5,234,856
Total4 invocations: 3,060

T3/T2 ratio: 5
T3b/T3 ratio: 11

T1 avg ex cycles: 29
T2 avg ex cycles: 35
T3&b avg ex cycles: 6
T4 avg ex cycles: 143
Avg. hops NOC1: 33
Avg. latency NOC1 (T2): 8,855
Avg. hops NOC2: 15
Avg. latency NOC2 (T3): 1,716

===PRINTING ACUM STATS at pu_cycles: 121,019

ACollision In Avg:85, SD:26, Max:204, Min:16
ACollision Out Avg:86, SD:27, Max:176, Min:9
ACollision End Avg:3, SD:6, Max:65, Min:0
ATask1 Avg:3, SD:2, Max:12, Min:0
ATask2 Avg:6, SD:3, Max:15, Min:0
ATask3 Avg:69, SD:6, Max:90, Min:37
ACore Active Avg:79, SD:7, Max:97, Min:42
ARouter Active Avg:92, SD:3, Max:98, Min:74
T1 invocations: 1,669,400
T2 invocations: 2,837,278
T3 invocations: 22,834,943
T3b invocations: 216,719,013
Total3 invocations: 239,553,956
Total4 invocations: 74,565

T3/T2 ratio: 8
T3b/T3 ratio: 9

T1 avg ex cycles: 32
T2 avg ex cycles: 46
T3&b avg ex cycles: 6
T4 avg ex cycles: 207
Avg. hops NOC1: 24
Avg. latency NOC1 (T2): 9,797
Avg. hops NOC2: 16
Avg. latency NOC2 (T3): 2,776
Number of K Nodes Processed: 3,920
Number of K Edges Processed: 111,533
Node Re-explore factor: 0.93
Edge Re-explore factor: 0.87
Nodes/cy: 32
Edges/cy: 922
TEPS: 1,060

---Pcache---
Pcache Size: 886
Cached: 1
  PHits: 102,959,326
  PMisses: 112,697,269
  PHit Rate (hit/miss): 48%
  PEvictions: 99,035,923
  PEviction Rate (evict/misses): 88%

---Energy---
Leakage Energy (nJ): 80,367
PU Dyn E (nJ): 13,554,806
Mem Dyn E (nJ): 40,278,576
Route Dyn E (nJ): 23,045,222
Dynamic Energy (nJ): 76,878,605
Ratio of Dyn/Leak: 957
Total Energy (nJ): 76,958,972
Total Energy (nJ) 3D: 78,998,684
Cores Energy (nJ): 13,560,195
Route Energy (nJ): 23,048,325
Route Energy (nJ) 3D: 25,088,036
Mem Energy   (nJ): 40,350,452
Mem Energy   (nJ) 3D: 40,350,452
Avg. Power (mW): 635,924.70
Power Density (mW/mm2): 183.73

---Runtime---
Runtime in K cycles: 121.02
Microseconds: 121.02
Time per iteration (ms): 0.12

---Throughput---
GOP/s (aka OPS/ns): 12,990.83
GOP/s per core: 0.79
FLOP/s: 2,897.90
FLOP/s per core: 0.18
Max Peak FLOP/s: 16,384.00
Avg. BW GB/s: 57,152.24
Max BW GB/s: 65,536.00

---Traffic---
In-Die bisection_bytes BW (GB/s): 2,048.00
Inter-board traffic (msg/ns): 0.00, per-link: 0.00
Inter-pack traffic (msg/ns): 0.00, per-link: 0.00
Inter-die traffic (msg/ns): 0.00, per-link: 0.00
Ruche traffic (msg/ns): 0.00, per-link: 0.00
All traffic (msg/ns): 63,215.47, per-link: 3.86
Inter-die reduction wrt all: inf
Inter-board reduction wrt inter-die: -nan

---Data Movement---
All traffic (msg): 7,650,272,546
Arith. Intensity FLOP/Loads: 0.41
Arith. Intensity FLOP/Msgs: 0.05
Arith. Intensity OPS/Loads: 1.82
Arith. Intensity OPS/Msgs: 0.21



===Core Utilization Total=== CORE-S:12;; TIME K cy:120 ;; Nodes Proc: 244,230 -- Edges Proc: 7,022,474

===PRINTING FRAME STATS

FCollision In Avg:63, SD:53, Max:301, Min:1
FCollision Out Avg:58, SD:48, Max:230, Min:0
FCollision End Avg:2, SD:10, Max:101, Min:0
FTask1 Avg:4, SD:7, Max:39, Min:0
FTask2 Avg:7, SD:12, Max:79, Min:0
FTask3 Avg:69, SD:14, Max:100, Min:11
FCore Active Avg:81, SD:15, Max:100, Min:11
FRouter Active Avg:92, SD:5, Max:101, Min:68
T1 invocations: 62,535
T2 invocations: 82,670
T3 invocations: 425,281
T3b invocations: 4,588,920
Total3 invocations: 5,014,201
Total4 invocations: 4,549

T3/T2 ratio: 5
T3b/T3 ratio: 11

T1 avg ex cycles: 29
T2 avg ex cycles: 32
T3&b avg ex cycles: 6
T4 avg ex cycles: 121
Avg. hops NOC1: 34
Avg. latency NOC1 (T2): 7,577
Avg. hops NOC2: 14
Avg. latency NOC2 (T3): 1,483

===PRINTING ACUM STATS at pu_cycles: 130,966

ACollision In Avg:83, SD:26, Max:196, Min:15
ACollision Out Avg:84, SD:27, Max:173, Min:8
ACollision End Avg:3, SD:6, Max:67, Min:0
ATask1 Avg:3, SD:2, Max:13, Min:0
ATask2 Avg:6, SD:3, Max:14, Min:0
ATask3 Avg:69, SD:5, Max:88, Min:38
ACore Active Avg:79, SD:6, Max:97, Min:42
ARouter Active Avg:92, SD:3, Max:98, Min:73
T1 invocations: 1,899,505
T2 invocations: 3,169,474
T3 invocations: 24,560,895
T3b invocations: 235,204,893
Total3 invocations: 259,765,788
Total4 invocations: 91,509

T3/T2 ratio: 8
T3b/T3 ratio: 10

T1 avg ex cycles: 32
T2 avg ex cycles: 45
T3&b avg ex cycles: 6
T4 avg ex cycles: 192
Avg. hops NOC1: 24
Avg. latency NOC1 (T2): 9,661
Avg. hops NOC2: 15
Avg. latency NOC2 (T3): 2,684
Number of K Nodes Processed: 4,023
Number of K Edges Processed: 120,346
Node Re-explore factor: 0.96
Edge Re-explore factor: 0.94
Nodes/cy: 31
Edges/cy: 919
TEPS: 980

---Pcache---
Pcache Size: 886
Cached: 1
  PHits: 111,757,276
  PMisses: 122,164,876
  PHit Rate (hit/miss): 48%
  PEvictions: 108,435,526
  PEviction Rate (evict/misses): 89%

---Energy---
Leakage Energy (nJ): 86,972
PU Dyn E (nJ): 14,688,994
Mem Dyn E (nJ): 43,621,712
Route Dyn E (nJ): 24,869,912
Dynamic Energy (nJ): 83,180,618
Ratio of Dyn/Leak: 956
Total Energy (nJ): 83,267,590
Total Energy (nJ) 3D: 85,468,804
Cores Energy (nJ): 14,694,826
Route Energy (nJ): 24,873,270
Route Energy (nJ) 3D: 27,074,483
Mem Energy   (nJ): 43,699,495
Mem Energy   (nJ) 3D: 43,699,495
Avg. Power (mW): 635,795.48
Power Density (mW/mm2): 183.69

---Runtime---
Runtime in K cycles: 130.97
Microseconds: 130.97
Time per iteration (ms): 0.13

---Throughput---
GOP/s (aka OPS/ns): 13,019.08
GOP/s per core: 0.79
FLOP/s: 2,899.25
FLOP/s per core: 0.18
Max Peak FLOP/s: 16,384.00
Avg. BW GB/s: 57,186.32
Max BW GB/s: 65,536.00

---Traffic---
In-Die bisection_bytes BW (GB/s): 2,048.00
Inter-board traffic (msg/ns): 0.00, per-link: 0.00
Inter-pack traffic (msg/ns): 0.00, per-link: 0.00
Inter-die traffic (msg/ns): 0.00, per-link: 0.00
Ruche traffic (msg/ns): 0.00, per-link: 0.00
All traffic (msg/ns): 63,060.81, per-link: 3.85
Inter-die reduction wrt all: inf
Inter-board reduction wrt inter-die: -nan

---Data Movement---
All traffic (msg): 8,258,822,021
Arith. Intensity FLOP/Loads: 0.41
Arith. Intensity FLOP/Msgs: 0.05
Arith. Intensity OPS/Loads: 1.83
Arith. Intensity OPS/Msgs: 0.21



===Core Utilization Total=== CORE-S:13;; TIME K cy:130 ;; Nodes Proc: 250,787 -- Edges Proc: 7,563,808

===PRINTING FRAME STATS

FCollision In Avg:56, SD:53, Max:283, Min:1
FCollision Out Avg:50, SD:49, Max:275, Min:0
FCollision End Avg:2, SD:9, Max:104, Min:0
FTask1 Avg:4, SD:7, Max:45, Min:0
FTask2 Avg:7, SD:12, Max:79, Min:0
FTask3 Avg:66, SD:13, Max:100, Min:6
FCore Active Avg:78, SD:15, Max:100, Min:9
FRouter Active Avg:92, SD:6, Max:101, Min:67
T1 invocations: 60,061
T2 invocations: 87,371
T3 invocations: 401,797
T3b invocations: 4,426,409
Total3 invocations: 4,828,206
Total4 invocations: 5,556

T3/T2 ratio: 5
T3b/T3 ratio: 11

T1 avg ex cycles: 29
T2 avg ex cycles: 31
T3&b avg ex cycles: 6
T4 avg ex cycles: 97
Avg. hops NOC1: 35
Avg. latency NOC1 (T2): 6,226
Avg. hops NOC2: 14
Avg. latency NOC2 (T3): 1,125

===PRINTING ACUM STATS at pu_cycles: 140,910

ACollision In Avg:81, SD:26, Max:196, Min:14
ACollision Out Avg:81, SD:26, Max:176, Min:8
ACollision End Avg:3, SD:5, Max:70, Min:0
ATask1 Avg:3, SD:1, Max:13, Min:0
ATask2 Avg:6, SD:3, Max:13, Min:0
ATask3 Avg:69, SD:5, Max:87, Min:41
ACore Active Avg:79, SD:6, Max:96, Min:44
ARouter Active Avg:92, SD:3, Max:97, Min:73
T1 invocations: 2,141,719
T2 invocations: 3,526,285
T3 invocations: 26,205,245
T3b invocations: 253,201,024
Total3 invocations: 279,406,269
Total4 invocations: 112,760

T3/T2 ratio: 7
T3b/T3 ratio: 10

T1 avg ex cycles: 32
T2 avg ex cycles: 43
T3&b avg ex cycles: 6
T4 avg ex cycles: 175
Avg. hops NOC1: 24
Avg. latency NOC1 (T2): 9,401
Avg. hops NOC2: 15
Avg. latency NOC2 (T3): 2,592
Number of K Nodes Processed: 4,109
Number of K Edges Processed: 128,997
Node Re-explore factor: 0.98
Edge Re-explore factor: 1.01
Nodes/cy: 29
Edges/cy: 915
TEPS: 911

---Pcache---
Pcache Size: 886
Cached: 1
  PHits: 120,315,433
  PMisses: 131,330,635
  PHit Rate (hit/miss): 48%
  PEvictions: 117,543,639
  PEviction Rate (evict/misses): 90%

---Energy---
Leakage Energy (nJ): 93,576
PU Dyn E (nJ): 15,798,578
Mem Dyn E (nJ): 46,886,835
Route Dyn E (nJ): 26,662,469
Dynamic Energy (nJ): 89,347,883
Ratio of Dyn/Leak: 955
Total Energy (nJ): 89,441,459
Total Energy (nJ) 3D: 91,801,330
Cores Energy (nJ): 15,804,853
Route Energy (nJ): 26,666,082
Route Energy (nJ) 3D: 29,025,953
Mem Energy   (nJ): 46,970,524
Mem Energy   (nJ) 3D: 46,970,524
Avg. Power (mW): 634,741.74
Power Density (mW/mm2): 183.39

---Runtime---
Runtime in K cycles: 140.91
Microseconds: 140.91
Time per iteration (ms): 0.14

---Throughput---
GOP/s (aka OPS/ns): 13,023.11
GOP/s per core: 0.79
FLOP/s: 2,896.01
FLOP/s per core: 0.18
Max Peak FLOP/s: 16,384.00
Avg. BW GB/s: 57,124.78
Max BW GB/s: 65,536.00

---Traffic---
In-Die bisection_bytes BW (GB/s): 2,048.00
Inter-board traffic (msg/ns): 0.00, per-link: 0.00
Inter-pack traffic (msg/ns): 0.00, per-link: 0.00
Inter-die traffic (msg/ns): 0.00, per-link: 0.00
Ruche traffic (msg/ns): 0.00, per-link: 0.00
All traffic (msg/ns): 62,850.87, per-link: 3.84
Inter-die reduction wrt all: inf
Inter-board reduction wrt inter-die: -nan

---Data Movement---
All traffic (msg): 8,856,315,685
Arith. Intensity FLOP/Loads: 0.41
Arith. Intensity FLOP/Msgs: 0.05
Arith. Intensity OPS/Loads: 1.83
Arith. Intensity OPS/Msgs: 0.21



===Core Utilization Total=== CORE-S:14;; TIME K cy:140 ;; Nodes Proc: 256,296 -- Edges Proc: 8,154,179

===PRINTING FRAME STATS

FCollision In Avg:45, SD:47, Max:280, Min:1
FCollision Out Avg:37, SD:39, Max:225, Min:0
FCollision End Avg:2, SD:7, Max:110, Min:0
FTask1 Avg:5, SD:7, Max:38, Min:0
FTask2 Avg:7, SD:12, Max:77, Min:0
FTask3 Avg:65, SD:12, Max:100, Min:18
FCore Active Avg:78, SD:15, Max:100, Min:23
FRouter Active Avg:92, SD:6, Max:101, Min:68
T1 invocations: 72,897
T2 invocations: 96,356
T3 invocations: 390,257
T3b invocations: 4,355,434
Total3 invocations: 4,745,691
Total4 invocations: 7,147

T3/T2 ratio: 4
T3b/T3 ratio: 11

T1 avg ex cycles: 29
T2 avg ex cycles: 29
T3&b avg ex cycles: 6
T4 avg ex cycles: 90
Avg. hops NOC1: 38
Avg. latency NOC1 (T2): 5,782
Avg. hops NOC2: 14
Avg. latency NOC2 (T3): 974

===PRINTING ACUM STATS at pu_cycles: 150,852

ACollision In Avg:79, SD:26, Max:196, Min:13
ACollision Out Avg:78, SD:26, Max:176, Min:7
ACollision End Avg:3, SD:5, Max:67, Min:0
ATask1 Avg:3, SD:1, Max:13, Min:0
ATask2 Avg:6, SD:2, Max:12, Min:0
ATask3 Avg:69, SD:5, Max:87, Min:43
ACore Active Avg:79, SD:6, Max:96, Min:48
ARouter Active Avg:92, SD:3, Max:97, Min:73
T1 invocations: 2,403,507
T2 invocations: 3,892,217
T3 invocations: 27,823,936
T3b invocations: 270,862,057
Total3 invocations: 298,685,993
Total4 invocations: 139,788

T3/T2 ratio: 7
T3b/T3 ratio: 10

T1 avg ex cycles: 31
T2 avg ex cycles: 42
T3&b avg ex cycles: 6
T4 avg ex cycles: 158
Avg. hops NOC1: 25
Avg. latency NOC1 (T2): 9,107
Avg. hops NOC2: 15
Avg. latency NOC2 (T3): 2,503
Number of K Nodes Processed: 4,188
Number of K Edges Processed: 137,366
Node Re-explore factor: 1.00
Edge Re-explore factor: 1.07
Nodes/cy: 28
Edges/cy: 911
TEPS: 851

---Pcache---
Pcache Size: 886
Cached: 1
  PHits: 128,656,399
  PMisses: 140,362,697
  PHit Rate (hit/miss): 48%
  PEvictions: 126,528,391
  PEviction Rate (evict/misses): 90%

---Energy---
Leakage Energy (nJ): 100,178
PU Dyn E (nJ): 16,889,568
Mem Dyn E (nJ): 50,088,819
Route Dyn E (nJ): 28,415,355
Dynamic Energy (nJ): 95,393,743
Ratio of Dyn/Leak: 952
Total Energy (nJ): 95,493,921
Total Energy (nJ) 3D: 98,008,938
Cores Energy (nJ): 16,896,285
Route Energy (nJ): 28,419,223
Route Energy (nJ) 3D: 30,934,240
Mem Energy   (nJ): 50,178,413
Mem Energy   (nJ) 3D: 50,178,413
Avg. Power (mW): 633,030.53
Power Density (mW/mm2): 182.89

---Runtime---
Runtime in K cycles: 150.85
Microseconds: 150.85
Time per iteration (ms): 0.15

---Throughput---
GOP/s (aka OPS/ns): 13,017.61
GOP/s per core: 0.79
FLOP/s: 2,888.77
FLOP/s per core: 0.18
Max Peak FLOP/s: 16,384.00
Avg. BW GB/s: 57,000.75
Max BW GB/s: 65,536.00

---Traffic---
In-Die bisection_bytes BW (GB/s): 2,048.00
Inter-board traffic (msg/ns): 0.00, per-link: 0.00
Inter-pack traffic (msg/ns): 0.00, per-link: 0.00
Inter-die traffic (msg/ns): 0.00, per-link: 0.00
Ruche traffic (msg/ns): 0.00, per-link: 0.00
All traffic (msg/ns): 62,583.09, per-link: 3.82
Inter-die reduction wrt all: inf
Inter-board reduction wrt inter-die: -nan

---Data Movement---
All traffic (msg): 9,440,784,974
Arith. Intensity FLOP/Loads: 0.41
Arith. Intensity FLOP/Msgs: 0.05
Arith. Intensity OPS/Loads: 1.83
Arith. Intensity OPS/Msgs: 0.21



===Core Utilization Total=== CORE-S:15;; TIME K cy:150 ;; Nodes Proc: 261,162 -- Edges Proc: 8,689,759

===PRINTING FRAME STATS

FCollision In Avg:35, SD:43, Max:226, Min:1
FCollision Out Avg:28, SD:35, Max:201, Min:0
FCollision End Avg:1, SD:6, Max:101, Min:0
FTask1 Avg:5, SD:7, Max:41, Min:0
FTask2 Avg:6, SD:11, Max:80, Min:0
FTask3 Avg:58, SD:15, Max:100, Min:11
FCore Active Avg:69, SD:20, Max:100, Min:11
FRouter Active Avg:86, SD:10, Max:101, Min:57
T1 invocations: 64,973
T2 invocations: 83,907
T3 invocations: 358,930
T3b invocations: 3,846,425
Total3 invocations: 4,205,355
Total4 invocations: 8,278

T3/T2 ratio: 4
T3b/T3 ratio: 11

T1 avg ex cycles: 28
T2 avg ex cycles: 28
T3&b avg ex cycles: 6
T4 avg ex cycles: 71
Avg. hops NOC1: 39
Avg. latency NOC1 (T2): 4,333
Avg. hops NOC2: 14
Avg. latency NOC2 (T3): 831

===PRINTING ACUM STATS at pu_cycles: 161,035

ACollision In Avg:76, SD:25, Max:194, Min:12
ACollision Out Avg:75, SD:25, Max:169, Min:7
ACollision End Avg:2, SD:5, Max:63, Min:0
ATask1 Avg:3, SD:1, Max:14, Min:0
ATask2 Avg:6, SD:2, Max:11, Min:0
ATask3 Avg:68, SD:5, Max:87, Min:44
ACore Active Avg:78, SD:6, Max:96, Min:51
ARouter Active Avg:91, SD:3, Max:97, Min:72
T1 invocations: 2,655,197
T2 invocations: 4,252,350
T3 invocations: 29,352,318
T3b invocations: 287,612,926
Total3 invocations: 316,965,244
Total4 invocations: 171,620

T3/T2 ratio: 7
T3b/T3 ratio: 10

T1 avg ex cycles: 31
T2 avg ex cycles: 41
T3&b avg ex cycles: 6
T4 avg ex cycles: 142
Avg. hops NOC1: 25
Avg. latency NOC1 (T2): 8,764
Avg. hops NOC2: 15
Avg. latency NOC2 (T3): 2,418
Number of K Nodes Processed: 4,258
Number of K Edges Processed: 145,303
Node Re-explore factor: 1.02
Edge Re-explore factor: 1.13
Nodes/cy: 26
Edges/cy: 902
TEPS: 797

---Pcache---
Pcache Size: 886
Cached: 1
  PHits: 136,669,170
  PMisses: 149,149,623
  PHit Rate (hit/miss): 48%
  PEvictions: 135,287,566
  PEviction Rate (evict/misses): 91%

---Energy---
Leakage Energy (nJ): 106,941
PU Dyn E (nJ): 17,922,938
Mem Dyn E (nJ): 53,126,251
Route Dyn E (nJ): 30,066,720
Dynamic Energy (nJ): 101,115,909
Ratio of Dyn/Leak: 946
Total Energy (nJ): 101,222,850
Total Energy (nJ) 3D: 103,884,028
Cores Energy (nJ): 17,930,109
Route Energy (nJ): 30,070,849
Route Energy (nJ) 3D: 32,732,027
Mem Energy   (nJ): 53,221,893
Mem Energy   (nJ) 3D: 53,221,893
Avg. Power (mW): 628,576.70
Power Density (mW/mm2): 181.60

---Runtime---
Runtime in K cycles: 161.03
Microseconds: 161.03
Time per iteration (ms): 0.16

---Throughput---
GOP/s (aka OPS/ns): 12,953.57
GOP/s per core: 0.79
FLOP/s: 2,868.41
FLOP/s per core: 0.18
Max Peak FLOP/s: 16,384.00
Avg. BW GB/s: 56,624.35
Max BW GB/s: 65,536.00

---Traffic---
In-Die bisection_bytes BW (GB/s): 2,048.00
Inter-board traffic (msg/ns): 0.00, per-link: 0.00
Inter-pack traffic (msg/ns): 0.00, per-link: 0.00
Inter-die traffic (msg/ns): 0.00, per-link: 0.00
Ruche traffic (msg/ns): 0.00, per-link: 0.00
All traffic (msg/ns): 62,046.65, per-link: 3.79
Inter-die reduction wrt all: inf
Inter-board reduction wrt inter-die: -nan

---Data Movement---
All traffic (msg): 9,991,682,221
Arith. Intensity FLOP/Loads: 0.41
Arith. Intensity FLOP/Msgs: 0.05
Arith. Intensity OPS/Loads: 1.83
Arith. Intensity OPS/Msgs: 0.21



===Core Utilization Total=== CORE-S:16;; TIME K cy:160 ;; Nodes Proc: 265,456 -- Edges Proc: 9,139,537

===PRINTING FRAME STATS

FCollision In Avg:23, SD:36, Max:225, Min:0
FCollision Out Avg:17, SD:28, Max:147, Min:0
FCollision End Avg:1, SD:4, Max:100, Min:0
FTask1 Avg:3, SD:6, Max:43, Min:0
FTask2 Avg:4, SD:11, Max:70, Min:0
FTask3 Avg:48, SD:17, Max:100, Min:17
FCore Active Avg:57, SD:23, Max:100, Min:19
FRouter Active Avg:77, SD:17, Max:101, Min:42
T1 invocations: 48,365
T2 invocations: 67,462
T3 invocations: 305,009
T3b invocations: 3,189,210
Total3 invocations: 3,494,219
Total4 invocations: 9,113

T3/T2 ratio: 5
T3b/T3 ratio: 10

T1 avg ex cycles: 29
T2 avg ex cycles: 27
T3&b avg ex cycles: 6
T4 avg ex cycles: 53
Avg. hops NOC1: 38
Avg. latency NOC1 (T2): 3,987
Avg. hops NOC2: 14
Avg. latency NOC2 (T3): 703

===PRINTING ACUM STATS at pu_cycles: 171,017

ACollision In Avg:73, SD:24, Max:193, Min:12
ACollision Out Avg:72, SD:24, Max:159, Min:7
ACollision End Avg:2, SD:5, Max:60, Min:0
ATask1 Avg:3, SD:1, Max:15, Min:0
ATask2 Avg:6, SD:2, Max:11, Min:0
ATask3 Avg:67, SD:5, Max:86, Min:44
ACore Active Avg:77, SD:6, Max:96, Min:53
ARouter Active Avg:90, SD:4, Max:96, Min:70
T1 invocations: 2,873,858
T2 invocations: 4,571,488
T3 invocations: 30,686,114
T3b invocations: 302,076,643
Total3 invocations: 332,762,757
Total4 invocations: 209,020

T3/T2 ratio: 7
T3b/T3 ratio: 10

T1 avg ex cycles: 31
T2 avg ex cycles: 40
T3&b avg ex cycles: 6
T4 avg ex cycles: 127
Avg. hops NOC1: 25
Avg. latency NOC1 (T2): 8,446
Avg. hops NOC2: 15
Avg. latency NOC2 (T3): 2,343
Number of K Nodes Processed: 4,315
Number of K Edges Processed: 151,889
Node Re-explore factor: 1.03
Edge Re-explore factor: 1.18
Nodes/cy: 25
Edges/cy: 888
TEPS: 750

---Pcache---
Pcache Size: 886
Cached: 1
  PHits: 143,451,226
  PMisses: 156,556,093
  PHit Rate (hit/miss): 48%
  PEvictions: 142,680,207
  PEviction Rate (evict/misses): 91%

---Energy---
Leakage Energy (nJ): 113,570
PU Dyn E (nJ): 18,813,830
Mem Dyn E (nJ): 55,737,817
Route Dyn E (nJ): 31,484,617
Dynamic Energy (nJ): 106,036,265
Ratio of Dyn/Leak: 934
Total Energy (nJ): 106,149,835
Total Energy (nJ) 3D: 108,936,510
Cores Energy (nJ): 18,821,445
Route Energy (nJ): 31,489,002
Route Energy (nJ) 3D: 34,275,677
Mem Energy   (nJ): 55,839,387
Mem Energy   (nJ) 3D: 55,839,387
Avg. Power (mW): 620,697.56
Power Density (mW/mm2): 179.33

---Runtime---
Runtime in K cycles: 171.02
Microseconds: 171.02
Time per iteration (ms): 0.17

---Throughput---
GOP/s (aka OPS/ns): 12,815.61
GOP/s per core: 0.78
FLOP/s: 2,832.29
FLOP/s per core: 0.17
Max Peak FLOP/s: 16,384.00
Avg. BW GB/s: 55,938.63
Max BW GB/s: 65,536.00

---Traffic---
In-Die bisection_bytes BW (GB/s): 2,048.00
Inter-board traffic (msg/ns): 0.00, per-link: 0.00
Inter-pack traffic (msg/ns): 0.00, per-link: 0.00
Inter-die traffic (msg/ns): 0.00, per-link: 0.00
Ruche traffic (msg/ns): 0.00, per-link: 0.00
All traffic (msg/ns): 61,192.33, per-link: 3.73
Inter-die reduction wrt all: inf
Inter-board reduction wrt inter-die: -nan

---Data Movement---
All traffic (msg): 10,464,929,282
Arith. Intensity FLOP/Loads: 0.41
Arith. Intensity FLOP/Msgs: 0.05
Arith. Intensity OPS/Loads: 1.83
Arith. Intensity OPS/Msgs: 0.21



===Core Utilization Total=== CORE-S:17;; TIME K cy:170 ;; Nodes Proc: 269,081 -- Edges Proc: 9,521,964

===PRINTING FRAME STATS

FCollision In Avg:14, SD:28, Max:196, Min:0
FCollision Out Avg:12, SD:25, Max:111, Min:0
FCollision End Avg:0, SD:3, Max:93, Min:0
FTask1 Avg:3, SD:6, Max:44, Min:0
FTask2 Avg:3, SD:9, Max:78, Min:0
FTask3 Avg:32, SD:14, Max:100, Min:8
FCore Active Avg:38, SD:21, Max:100, Min:8
FRouter Active Avg:60, SD:20, Max:100, Min:21
T1 invocations: 37,767
T2 invocations: 45,272
T3 invocations: 210,047
T3b invocations: 2,108,678
Total3 invocations: 2,318,725
Total4 invocations: 7,476

T3/T2 ratio: 5
T3b/T3 ratio: 10

T1 avg ex cycles: 28
T2 avg ex cycles: 26
T3&b avg ex cycles: 6
T4 avg ex cycles: 50
Avg. hops NOC1: 39
Avg. latency NOC1 (T2): 3,162
Avg. hops NOC2: 14
Avg. latency NOC2 (T3): 480

===PRINTING ACUM STATS at pu_cycles: 180,937

ACollision In Avg:70, SD:24, Max:193, Min:11
ACollision Out Avg:69, SD:23, Max:155, Min:6
ACollision End Avg:2, SD:4, Max:56, Min:0
ATask1 Avg:3, SD:1, Max:15, Min:0
ATask2 Avg:6, SD:1, Max:11, Min:0
ATask3 Avg:65, SD:5, Max:83, Min:43
ACore Active Avg:75, SD:6, Max:95, Min:53
ARouter Active Avg:89, SD:4, Max:95, Min:69
T1 invocations: 3,032,951
T2 invocations: 4,800,477
T3 invocations: 31,646,448
T3b invocations: 312,430,268
Total3 invocations: 344,076,716
Total4 invocations: 242,671

T3/T2 ratio: 7
T3b/T3 ratio: 10

T1 avg ex cycles: 31
T2 avg ex cycles: 40
T3&b avg ex cycles: 6
T4 avg ex cycles: 116
Avg. hops NOC1: 25
Avg. latency NOC1 (T2): 8,234
Avg. hops NOC2: 15
Avg. latency NOC2 (T3): 2,287
Number of K Nodes Processed: 4,355
Number of K Edges Processed: 156,436
Node Re-explore factor: 1.04
Edge Re-explore factor: 1.22
Nodes/cy: 24
Edges/cy: 865
TEPS: 709

---Pcache---
Pcache Size: 886
Cached: 1
  PHits: 148,248,809
  PMisses: 161,771,586
  PHit Rate (hit/miss): 48%
  PEvictions: 147,892,131
  PEviction Rate (evict/misses): 91%

---Energy---
Leakage Energy (nJ): 120,157
PU Dyn E (nJ): 19,450,182
Mem Dyn E (nJ): 57,600,072
Route Dyn E (nJ): 32,495,477
Dynamic Energy (nJ): 109,545,732
Ratio of Dyn/Leak: 912
Total Energy (nJ): 109,665,889
Total Energy (nJ) 3D: 112,542,034
Cores Energy (nJ): 19,458,240
Route Energy (nJ): 32,500,116
Route Energy (nJ) 3D: 35,376,261
Mem Energy   (nJ): 57,707,534
Mem Energy   (nJ) 3D: 57,707,534
Avg. Power (mW): 606,099.85
Power Density (mW/mm2): 175.11

---Runtime---
Runtime in K cycles: 180.94
Microseconds: 180.94
Time per iteration (ms): 0.18

---Throughput---
GOP/s (aka OPS/ns): 12,531.49
GOP/s per core: 0.76
FLOP/s: 2,765.36
FLOP/s per core: 0.17
Max Peak FLOP/s: 16,384.00
Avg. BW GB/s: 54,639.51
Max BW GB/s: 65,536.00

---Traffic---
In-Die bisection_bytes BW (GB/s): 2,048.00
Inter-board traffic (msg/ns): 0.00, per-link: 0.00
Inter-pack traffic (msg/ns): 0.00, per-link: 0.00
Inter-die traffic (msg/ns): 0.00, per-link: 0.00
Ruche traffic (msg/ns): 0.00, per-link: 0.00
All traffic (msg/ns): 59,702.70, per-link: 3.64
Inter-die reduction wrt all: inf
Inter-board reduction wrt inter-die: -nan

---Data Movement---
All traffic (msg): 10,802,427,969
Arith. Intensity FLOP/Loads: 0.41
Arith. Intensity FLOP/Msgs: 0.05
Arith. Intensity OPS/Loads: 1.84
Arith. Intensity OPS/Msgs: 0.21



===Core Utilization Total=== CORE-S:18;; TIME K cy:180 ;; Nodes Proc: 271,594 -- Edges Proc: 9,771,738
======== IT IS COLD ======= Only 361 Tiles active

===PRINTING FRAME STATS

FCollision In Avg:7, SD:21, Max:200, Min:0
FCollision Out Avg:5, SD:17, Max:114, Min:0
FCollision End Avg:0, SD:2, Max:57, Min:0
FTask1 Avg:2, SD:5, Max:54, Min:0
FTask2 Avg:2, SD:8, Max:83, Min:0
FTask3 Avg:19, SD:11, Max:77, Min:4
FCore Active Avg:23, SD:17, Max:100, Min:4
FRouter Active Avg:42, SD:21, Max:99, Min:13
T1 invocations: 22,886
T2 invocations: 30,437
T3 invocations: 132,617
T3b invocations: 1,278,673
Total3 invocations: 1,411,290
Total4 invocations: 5,367

T3/T2 ratio: 4
T3b/T3 ratio: 10

T1 avg ex cycles: 29
T2 avg ex cycles: 25
T3&b avg ex cycles: 6
T4 avg ex cycles: 39
Avg. hops NOC1: 38
Avg. latency NOC1 (T2): 2,951
Avg. hops NOC2: 14
Avg. latency NOC2 (T3): 256

===PRINTING ACUM STATS at pu_cycles: 190,601

ACollision In Avg:66, SD:23, Max:189, Min:10
ACollision Out Avg:65, SD:23, Max:149, Min:6
ACollision End Avg:2, SD:4, Max:53, Min:0
ATask1 Avg:3, SD:1, Max:14, Min:0
ATask2 Avg:6, SD:1, Max:11, Min:0
ATask3 Avg:62, SD:6, Max:81, Min:42
ACore Active Avg:72, SD:6, Max:92, Min:51
ARouter Active Avg:86, SD:5, Max:95, Min:66
T1 invocations: 3,132,947
T2 invocations: 4,946,170
T3 invocations: 32,233,525
T3b invocations: 318,912,811
Total3 invocations: 351,146,336
Total4 invocations: 265,488

T3/T2 ratio: 7
T3b/T3 ratio: 10

T1 avg ex cycles: 31
T2 avg ex cycles: 39
T3&b avg ex cycles: 6
T4 avg ex cycles: 110
Avg. hops NOC1: 25
Avg. latency NOC1 (T2): 8,092
Avg. hops NOC2: 15
Avg. latency NOC2 (T3): 2,249
Number of K Nodes Processed: 4,377
Number of K Edges Processed: 159,336
Node Re-explore factor: 1.04
Edge Re-explore factor: 1.24
Nodes/cy: 23
Edges/cy: 836
TEPS: 673

---Pcache---
Pcache Size: 886
Cached: 1
  PHits: 151,239,384
  PMisses: 164,955,716
  PHit Rate (hit/miss): 48%
  PEvictions: 151,071,364
  PEviction Rate (evict/misses): 92%

---Energy---
Leakage Energy (nJ): 126,575
PU Dyn E (nJ): 19,849,975
Mem Dyn E (nJ): 58,768,974
Route Dyn E (nJ): 33,138,281
Dynamic Energy (nJ): 111,757,230
Ratio of Dyn/Leak: 883
Total Energy (nJ): 111,883,805
Total Energy (nJ) 3D: 114,816,844
Cores Energy (nJ): 19,858,462
Route Energy (nJ): 33,143,167
Route Energy (nJ) 3D: 36,076,206
Mem Energy   (nJ): 58,882,176
Mem Energy   (nJ) 3D: 58,882,176
Avg. Power (mW): 587,005.34
Power Density (mW/mm2): 169.59

---Runtime---
Runtime in K cycles: 190.60
Microseconds: 190.60
Time per iteration (ms): 0.19

---Throughput---
GOP/s (aka OPS/ns): 12,144.53
GOP/s per core: 0.74
FLOP/s: 2,678.13
FLOP/s per core: 0.16
Max Peak FLOP/s: 16,384.00
Avg. BW GB/s: 52,924.52
Max BW GB/s: 65,536.00

---Traffic---
In-Die bisection_bytes BW (GB/s): 2,048.00
Inter-board traffic (msg/ns): 0.00, per-link: 0.00
Inter-pack traffic (msg/ns): 0.00, per-link: 0.00
Inter-die traffic (msg/ns): 0.00, per-link: 0.00
Ruche traffic (msg/ns): 0.00, per-link: 0.00
All traffic (msg/ns): 57,800.29, per-link: 3.53
Inter-die reduction wrt all: inf
Inter-board reduction wrt inter-die: -nan

---Data Movement---
All traffic (msg): 11,016,793,208
Arith. Intensity FLOP/Loads: 0.41
Arith. Intensity FLOP/Msgs: 0.05
Arith. Intensity OPS/Loads: 1.84
Arith. Intensity OPS/Msgs: 0.21



===Core Utilization Total=== CORE-S:19;; TIME K cy:190 ;; Nodes Proc: 273,009 -- Edges Proc: 9,930,968
======== IT IS COLD ======= Only 252 Tiles active

===PRINTING FRAME STATS

FCollision In Avg:2, SD:10, Max:199, Min:0
FCollision Out Avg:2, SD:9, Max:165, Min:0
FCollision End Avg:0, SD:2, Max:99, Min:0
FTask1 Avg:1, SD:3, Max:52, Min:0
FTask2 Avg:1, SD:7, Max:87, Min:0
FTask3 Avg:11, SD:9, Max:76, Min:1
FCore Active Avg:13, SD:13, Max:100, Min:1
FRouter Active Avg:25, SD:21, Max:97, Min:4
T1 invocations: 7,708
T2 invocations: 15,840
T3 invocations: 65,070
T3b invocations: 728,180
Total3 invocations: 793,250
Total4 invocations: 2,656

T3/T2 ratio: 4
T3b/T3 ratio: 11

T1 avg ex cycles: 28
T2 avg ex cycles: 29
T3&b avg ex cycles: 6
T4 avg ex cycles: 31
Avg. hops NOC1: 30
Avg. latency NOC1 (T2): 3,819
Avg. hops NOC2: 15
Avg. latency NOC2 (T3): 188

===PRINTING ACUM STATS at pu_cycles: 200,591

ACollision In Avg:63, SD:22, Max:183, Min:10
ACollision Out Avg:62, SD:21, Max:142, Min:6
ACollision End Avg:2, SD:4, Max:51, Min:0
ATask1 Avg:3, SD:1, Max:13, Min:0
ATask2 Avg:6, SD:1, Max:10, Min:1
ATask3 Avg:60, SD:5, Max:79, Min:40
ACore Active Avg:69, SD:6, Max:89, Min:48
ARouter Active Avg:83, SD:5, Max:94, Min:63
T1 invocations: 3,176,635
T2 invocations: 5,015,335
T3 invocations: 32,531,609
T3b invocations: 322,212,034
Total3 invocations: 354,743,643
Total4 invocations: 277,549

T3/T2 ratio: 6
T3b/T3 ratio: 10

T1 avg ex cycles: 31
T2 avg ex cycles: 39
T3&b avg ex cycles: 6
T4 avg ex cycles: 107
Avg. hops NOC1: 25
Avg. latency NOC1 (T2): 8,023
Avg. hops NOC2: 15
Avg. latency NOC2 (T3): 2,228
Number of K Nodes Processed: 4,389
Number of K Edges Processed: 160,880
Node Re-explore factor: 1.05
Edge Re-explore factor: 1.25
Nodes/cy: 22
Edges/cy: 802
TEPS: 640

---Pcache---
Pcache Size: 886
Cached: 1
  PHits: 152,828,701
  PMisses: 166,619,806
  PHit Rate (hit/miss): 48%
  PEvictions: 152,731,799
  PEviction Rate (evict/misses): 92%

---Energy---
Leakage Energy (nJ): 133,209
PU Dyn E (nJ): 20,050,870
Mem Dyn E (nJ): 59,360,851
Route Dyn E (nJ): 33,469,186
Dynamic Energy (nJ): 112,880,908
Ratio of Dyn/Leak: 847
Total Energy (nJ): 113,014,117
Total Energy (nJ) 3D: 115,976,444
Cores Energy (nJ): 20,059,802
Route Energy (nJ): 33,474,329
Route Energy (nJ) 3D: 36,436,656
Mem Energy   (nJ): 59,479,986
Mem Energy   (nJ) 3D: 59,479,986
Avg. Power (mW): 563,405.72
Power Density (mW/mm2): 162.78

---Runtime---
Runtime in K cycles: 200.59
Microseconds: 200.59
Time per iteration (ms): 0.20

---Throughput---
GOP/s (aka OPS/ns): 11,657.97
GOP/s per core: 0.71
FLOP/s: 2,570.13
FLOP/s per core: 0.16
Max Peak FLOP/s: 16,384.00
Avg. BW GB/s: 50,794.21
Max BW GB/s: 65,536.00

---Traffic---
In-Die bisection_bytes BW (GB/s): 2,048.00
Inter-board traffic (msg/ns): 0.00, per-link: 0.00
Inter-pack traffic (msg/ns): 0.00, per-link: 0.00
Inter-die traffic (msg/ns): 0.00, per-link: 0.00
Ruche traffic (msg/ns): 0.00, per-link: 0.00
All traffic (msg/ns): 55,471.30, per-link: 3.39
Inter-die reduction wrt all: inf
Inter-board reduction wrt inter-die: -nan

---Data Movement---
All traffic (msg): 11,127,043,657
Arith. Intensity FLOP/Loads: 0.40
Arith. Intensity FLOP/Msgs: 0.05
Arith. Intensity OPS/Loads: 1.84
Arith. Intensity OPS/Msgs: 0.21



===Core Utilization Total=== CORE-S:20;; TIME K cy:200 ;; Nodes Proc: 273,772 -- Edges Proc: 10,017,799
======== IT IS COLD ======= Only 46 Tiles active

===PRINTING FRAME STATS

FCollision In Avg:0, SD:5, Max:98, Min:0
FCollision Out Avg:0, SD:4, Max:165, Min:0
FCollision End Avg:0, SD:2, Max:99, Min:0
FTask1 Avg:0, SD:1, Max:52, Min:0
FTask2 Avg:0, SD:3, Max:63, Min:0
FTask3 Avg:4, SD:4, Max:38, Min:0
FCore Active Avg:5, SD:6, Max:73, Min:0
FRouter Active Avg:10, SD:11, Max:85, Min:0
T1 invocations: 1,987
T2 invocations: 6,531
T3 invocations: 19,688
T3b invocations: 269,985
Total3 invocations: 289,673
Total4 invocations: 738

T3/T2 ratio: 3
T3b/T3 ratio: 14

T1 avg ex cycles: 28
T2 avg ex cycles: 25
T3&b avg ex cycles: 6
T4 avg ex cycles: 27
Avg. hops NOC1: 24
Avg. latency NOC1 (T2): 3,303
Avg. hops NOC2: 14
Avg. latency NOC2 (T3): 186

===PRINTING ACUM STATS at pu_cycles: 210,071

ACollision In Avg:61, SD:21, Max:176, Min:9
ACollision Out Avg:60, SD:21, Max:142, Min:5
ACollision End Avg:2, SD:4, Max:50, Min:0
ATask1 Avg:3, SD:1, Max:13, Min:1
ATask2 Avg:5, SD:1, Max:10, Min:1
ATask3 Avg:58, SD:5, Max:76, Min:38
ACore Active Avg:67, SD:6, Max:85, Min:46
ARouter Active Avg:80, SD:5, Max:93, Min:60
T1 invocations: 3,184,150
T2 invocations: 5,031,551
T3 invocations: 32,587,048
T3b invocations: 322,852,209
Total3 invocations: 355,439,257
Total4 invocations: 279,716

T3/T2 ratio: 6
T3b/T3 ratio: 10

T1 avg ex cycles: 31
T2 avg ex cycles: 39
T3&b avg ex cycles: 6
T4 avg ex cycles: 106
Avg. hops NOC1: 25
Avg. latency NOC1 (T2): 8,006
Avg. hops NOC2: 15
Avg. latency NOC2 (T3): 2,225
Number of K Nodes Processed: 4,391
Number of K Edges Processed: 161,190
Node Re-explore factor: 1.05
Edge Re-explore factor: 1.26
Nodes/cy: 21
Edges/cy: 767
TEPS: 611

---Pcache---
Pcache Size: 886
Cached: 1
  PHits: 153,149,643
  PMisses: 166,954,661
  PHit Rate (hit/miss): 48%
  PEvictions: 153,065,618
  PEviction Rate (evict/misses): 92%

---Energy---
Leakage Energy (nJ): 139,505
PU Dyn E (nJ): 20,090,827
Mem Dyn E (nJ): 59,479,435
Route Dyn E (nJ): 33,534,568
Dynamic Energy (nJ): 113,104,831
Ratio of Dyn/Leak: 811
Total Energy (nJ): 113,244,336
Total Energy (nJ) 3D: 116,212,450
Cores Energy (nJ): 20,100,182
Route Energy (nJ): 33,539,954
Route Energy (nJ) 3D: 36,508,068
Mem Energy   (nJ): 59,604,201
Mem Energy   (nJ) 3D: 59,604,201
Avg. Power (mW): 539,076.48
Power Density (mW/mm2): 155.75

---Runtime---
Runtime in K cycles: 210.07
Microseconds: 210.07
Time per iteration (ms): 0.21

---Throughput---
GOP/s (aka OPS/ns): 11,153.79
GOP/s per core: 0.68
FLOP/s: 2,459.11
FLOP/s per core: 0.15
Max Peak FLOP/s: 16,384.00
Avg. BW GB/s: 48,598.56
Max BW GB/s: 65,536.00

---Traffic---
In-Die bisection_bytes BW (GB/s): 2,048.00
Inter-board traffic (msg/ns): 0.00, per-link: 0.00
Inter-pack traffic (msg/ns): 0.00, per-link: 0.00
Inter-die traffic (msg/ns): 0.00, per-link: 0.00
Ruche traffic (msg/ns): 0.00, per-link: 0.00
All traffic (msg/ns): 53,071.60, per-link: 3.24
Inter-die reduction wrt all: inf
Inter-board reduction wrt inter-die: -nan

---Data Movement---
All traffic (msg): 11,148,804,798
Arith. Intensity FLOP/Loads: 0.40
Arith. Intensity FLOP/Msgs: 0.05
Arith. Intensity OPS/Loads: 1.84
Arith. Intensity OPS/Msgs: 0.21



===Core Utilization Total=== CORE-S:21;; TIME K cy:210 ;; Nodes Proc: 273,906 -- Edges Proc: 10,027,713
======== IT IS COLD ======= Only 1 Tiles active

===PRINTING FRAME STATS

FCollision In Avg:0, SD:3, Max:79, Min:0
FCollision Out Avg:0, SD:3, Max:127, Min:0
FCollision End Avg:0, SD:1, Max:91, Min:0
FTask1 Avg:0, SD:0, Max:23, Min:0
FTask2 Avg:0, SD:3, Max:74, Min:0
FTask3 Avg:2, SD:3, Max:30, Min:0
FCore Active Avg:2, SD:5, Max:78, Min:0
FRouter Active Avg:5, SD:9, Max:85, Min:0
T1 invocations: 381
T2 invocations: 4,598
T3 invocations: 7,738
T3b invocations: 146,983
Total3 invocations: 154,721
Total4 invocations: 227

T3/T2 ratio: 2
T3b/T3 ratio: 19

T1 avg ex cycles: 28
T2 avg ex cycles: 27
T3&b avg ex cycles: 5
T4 avg ex cycles: 23
Avg. hops NOC1: 18
Avg. latency NOC1 (T2): 5,167
Avg. hops NOC2: 15
Avg. latency NOC2 (T3): 261

===PRINTING ACUM STATS at pu_cycles: 220,001

ACollision In Avg:58, SD:20, Max:176, Min:9
ACollision Out Avg:57, SD:20, Max:135, Min:5
ACollision End Avg:2, SD:4, Max:46, Min:0
ATask1 Avg:3, SD:1, Max:12, Min:2
ATask2 Avg:5, SD:1, Max:10, Min:2
ATask3 Avg:56, SD:6, Max:76, Min:36
ACore Active Avg:64, SD:6, Max:85, Min:44
ARouter Active Avg:77, SD:6, Max:92, Min:57
T1 invocations: 3,185,093
T2 invocations: 5,033,635
T3 invocations: 32,593,675
T3b invocations: 322,908,574
Total3 invocations: 355,502,249
Total4 invocations: 280,023

T3/T2 ratio: 6
T3b/T3 ratio: 10

T1 avg ex cycles: 31
T2 avg ex cycles: 39
T3&b avg ex cycles: 6
T4 avg ex cycles: 106
Avg. hops NOC1: 25
Avg. latency NOC1 (T2): 8,006
Avg. hops NOC2: 15
Avg. latency NOC2 (T3): 2,224
Number of K Nodes Processed: 4,391
Number of K Edges Processed: 161,242
Node Re-explore factor: 1.05
Edge Re-explore factor: 1.26
Nodes/cy: 20
Edges/cy: 733
TEPS: 583

---Pcache---
Pcache Size: 886
Cached: 1
  PHits: 153,201,821
  PMisses: 167,004,352
  PHit Rate (hit/miss): 48%
  PEvictions: 153,115,187
  PEviction Rate (evict/misses): 92%

---Energy---
Leakage Energy (nJ): 146,099
PU Dyn E (nJ): 20,095,032
Mem Dyn E (nJ): 59,492,629
Route Dyn E (nJ): 33,540,124
Dynamic Energy (nJ): 113,127,785
Ratio of Dyn/Leak: 774
Total Energy (nJ): 113,273,884
Total Energy (nJ) 3D: 116,242,490
Cores Energy (nJ): 20,104,828
Route Energy (nJ): 33,545,764
Route Energy (nJ) 3D: 36,514,370
Mem Energy   (nJ): 59,623,292
Mem Energy   (nJ) 3D: 59,623,292
Avg. Power (mW): 514,878.95
Power Density (mW/mm2): 148.76

---Runtime---
Runtime in K cycles: 220.00
Microseconds: 220.00
Time per iteration (ms): 0.22

---Throughput---
GOP/s (aka OPS/ns): 10,652.41
GOP/s per core: 0.65
FLOP/s: 2,348.65
FLOP/s per core: 0.14
Max Peak FLOP/s: 16,384.00
Avg. BW GB/s: 46,414.75
Max BW GB/s: 65,536.00

---Traffic---
In-Die bisection_bytes BW (GB/s): 2,048.00
Inter-board traffic (msg/ns): 0.00, per-link: 0.00
Inter-pack traffic (msg/ns): 0.00, per-link: 0.00
Inter-die traffic (msg/ns): 0.00, per-link: 0.00
Ruche traffic (msg/ns): 0.00, per-link: 0.00
All traffic (msg/ns): 50,684.60, per-link: 3.09
Inter-die reduction wrt all: inf
Inter-board reduction wrt inter-die: -nan

---Data Movement---
All traffic (msg): 11,150,663,718
Arith. Intensity FLOP/Loads: 0.41
Arith. Intensity FLOP/Msgs: 0.05
Arith. Intensity OPS/Loads: 1.84
Arith. Intensity OPS/Msgs: 0.21



===Core Utilization Total=== CORE-S:22;; TIME K cy:220 ;; Nodes Proc: 273,935 -- Edges Proc: 10,027,752
======== IT IS COLD ======= Only 0 Tiles active
Epoch Done Router: 7
Epoch Done Router: 0
Epoch Done Router: 5
Epoch Done Router: 10
Epoch Done Router: 8
Epoch Done Router: 11
Epoch Done Router: 4
Epoch Done Router: 14
Epoch Done Router: 12
Epoch Done Router: 9
Epoch Done Router: 6
Epoch Done Router: 15
Epoch Done Router: 1
Epoch Done Router: 2
Epoch Done Router: 13
Epoch Done Router: 3
##EPOCH## 1 COMPLETED at Time (K cy): 220
Nodes processed until now: 4,391,842
Edges processed until now: 161,242,821
Program Done Worker Thread: 0
Program Done Router Thread: 8
Program Done Router Thread: 2
Program Done Router Thread: 10
Program Done Router Thread: 6
Program Done Worker Thread: 1
Program Done Router Thread: 11
Program Done Router Thread: 4
Program Done Router Thread: 3
Program Done Worker Thread: 6
Program Done Worker Thread: 13
Program Done Worker Thread: 7
Program Done Worker Thread: 8
Program Done Router Thread: 7
Program Done Router Thread: 12
Program Done Worker Thread: 2
Program Done Worker Thread: 4
Program Done Worker Thread: 9
Program Done Router Thread: 1
Program Done Router Thread: 0
Program Done Worker Thread: 5
Program Done Worker Thread: 3
Program Done Router Thread: 5
Program Done Worker Thread: 10
Program Done Worker Thread: 12
Program Done Router Thread: 13
Program Done Worker Thread: 15
Program Done Router Thread: 9
Program Done Worker Thread: 11
Program Done Worker Thread: 14
Program Done Router Thread: 14
Program Done Router Thread: 15

===PRINTING ACUM STATS at pu_cycles: 220,408

ACollision In Avg:57, SD:20, Max:168, Min:9
ACollision Out Avg:56, SD:19, Max:129, Min:5
ACollision End Avg:2, SD:4, Max:46, Min:0
ATask1 Avg:3, SD:1, Max:12, Min:2
ATask2 Avg:5, SD:1, Max:9, Min:4
ATask3 Avg:54, SD:5, Max:73, Min:36
ACore Active Avg:63, SD:5, Max:81, Min:44
ARouter Active Avg:76, SD:5, Max:89, Min:57
T1 invocations: 3,186,533
T2 invocations: 5,035,531
T3 invocations: 32,600,188
T3b invocations: 322,990,713
Total3 invocations: 355,590,901
Total4 invocations: 280,261

T3/T2 ratio: 6
T3b/T3 ratio: 10

T1 avg ex cycles: 31
T2 avg ex cycles: 39
T3&b avg ex cycles: 6
T4 avg ex cycles: 106
Avg. hops NOC1: 25
Avg. latency NOC1 (T2): 8,004
Avg. hops NOC2: 15
Avg. latency NOC2 (T3): 2,224

Runtime at program end in K cycles: 220
Runtime before cooldown in K cycles: 171


Number of K Nodes Processed: 4,391
Number of K Edges Processed: 161,242
Node Re-explore factor: 1.05
Edge Re-explore factor: 1.26
Nodes/cy: 20
Edges/cy: 732
TEPS: 582

---Pcache---
Pcache Size: 886
Cached: 1
  PHits: 153,201,823
  PMisses: 167,004,352
  PHit Rate (hit/miss): 48%
  PEvictions: 153,115,187
  PEviction Rate (evict/misses): 92%

---Energy---
Leakage Energy (nJ): 146,369
PU Dyn E (nJ): 20,100,102
Mem Dyn E (nJ): 59,505,930
Route Dyn E (nJ): 33,548,476
Dynamic Energy (nJ): 113,154,508
Ratio of Dyn/Leak: 773
Total Energy (nJ): 113,300,877
Total Energy (nJ) 3D: 116,270,222
Cores Energy (nJ): 20,109,917
Route Energy (nJ): 33,554,127
Route Energy (nJ) 3D: 36,523,472
Mem Energy   (nJ): 59,636,834
Mem Energy   (nJ) 3D: 59,636,834
Avg. Power (mW): 514,050.66
Power Density (mW/mm2): 148.52

---Runtime---
Runtime in K cycles: 220.41
Microseconds: 220.41
Time per iteration (ms): 0.22

---Inst---
K Loads: 1,276,132
K Stores: 1,277,328
K Instructions: 2,344,136

---Throughput---
GOP/s (aka OPS/ns): 10,635.44
GOP/s per core: 0.65
FLOP/s: 2,344.90
FLOP/s per core: 0.14
Max Peak FLOP/s: 16,384.00
Avg. BW GB/s: 46,340.62
Max BW GB/s: 65,536.00

---Traffic---
In-Die bisection_bytes BW (GB/s): 2,048.00
Inter-board traffic (msg/ns): 0.00, per-link: 0.00
Inter-pack traffic (msg/ns): 0.00, per-link: 0.00
Inter-die traffic (msg/ns): 0.00, per-link: 0.00
Ruche traffic (msg/ns): 0.00, per-link: 0.00
All traffic (msg/ns): 50,603.62, per-link: 3.09
Inter-die reduction wrt all: inf
Inter-board reduction wrt inter-die: -nan

---Data Movement---
All traffic (msg): 11,153,442,554
Arith. Intensity FLOP/Loads: 0.41
Arith. Intensity FLOP/Msgs: 0.05
Arith. Intensity OPS/Loads: 1.84
Arith. Intensity OPS/Msgs: 0.21

Simulation time: 237.06
Sim noc_cy/s: 929.74
Sim Msg/s: 47,048,114.92

Version 31

