Dataset:  Kron22/
Dry run: 0
Open Edge Count File succesfully
Edges Traversed BFS: 128309848
Found Vertices: 4194304, Edges: 128311436
avg degree 31
Array  Kron22/node_array.bin found
Malloc array of size 16777220 bytes
Readin array of size 16777216 bytes
Finished Reading Array Bytes
No reordering Array 32bit
Array  Kron22/edge_array.bin found
Malloc array of size 513245744 bytes
Readin array of size 513245744 bytes
Finished Reading Array Bytes
No reordering Array 32bit
Array  Kron22/edge_values.bin found
Malloc array of size 513245744 bytes
Readin array of size 513245744 bytes
Finished Reading Array Bytes
No reordering Array 32bit
Reading graph elapsed time: 0.214968s

Dataset Footprint: 525 MiB
Dataset Footprint per Board: 4404.02 Mb
Dataset injection time (ms): 0.0672
Max Dataset Footprint: 1027 MiB

Dataset footprint per tile: 32 KiB
Proxys footprint per tile: 64 KiB
Reserved SRAM per tile: 22 KiB

Ideal SRAM per tile: 118 KiB
reserved_words_for_dataset:25082
dataset_words_per_tile:8400
remaining_sram_words:125414
min_dcache_sram_words_required:8400
dataset_words_per_tile:8400
min_pcache_sram_words_required:8
proxys_words_per_tile:16384
Dcache footprint ratio: 1
Pcache footprint ratio: 3
Dataset Cached: 0
DCache: 8400 words, lines: 525, sets: 525
Proxys Cached: 1
Pcache: 7711 words, sets: 7711
Node per tile: 256
Edge per tile: 7,832
GRID_X: 128
GRID_SIZE: 16,384
smt_per_tile: 1
noc_freq: 1
pu_freq: 1
RUCHE_X: 0
PROXY_W: 16
DIE_W: 128
DIE_H: 128
DIES: 1
BORDER_TILES_PER_DIE: 512
PACK_W: 128
PACK_H: 128
DIES_PACK_FACTOR: 1
DIES_PER_PACK: 1
PACKAGES: 1
BOARD_W: 128
BOARD_H: 128
BOARDS: 1
MUX_BUS: 1
DCACHE: 0
PCACHE: 1
PROXY_FACTOR: 8
CACHE_WAYS: 1
TORUS: 1
PHY_NOCS: 1
WIDE_NOC_ID: 0
NOC_CONF: 1
noc_width: 32
hbm_channel_bit_width: 512
ld_st_op_byte_width: 4
PROXY_ROUTING: 4
WRITE_THROUGH: 1
ASSERT_MODE: 0
GLOBAL_BARRIER: 0
OQ flits: 36 ; 192 ; 384
IQ flits: 288 ; 1,536 ; 3,072
OQ messages: 12 ; 96 ; 192
IQ messages: 96 ; 768 ; 1,536
max_task2 size: 64
io_factor_t2: 8
io_factor_t3: 8
io_factor_t3b: 8

Active SRAM Storage per tile: 86 KiB
Total SRAM Storage per tile: 512 KiB
Agreggated SRAM Storage: 8,192 MiB

Inter-Die #links: 4,096
Inter-Die (Gbits): 131,072
Inter-Die (Gbits/mm): 563.524
Bisection BW of Board (Gbits): 32,768
Border IO #Dies: 4
Border IO Die BW (Gbits): 16,384
Off-Board BW Total (Gbits): 65,536
Off-Board BW Density (Gbits/mm): 278
Die side: 58.15 mm
Die border wire density: 563.52 Gbits/mm
HBM wire density: 70.44 Gbits/mm

Tiles per Die: 16,384 (128x128)
Tile Area: 0.19 mm2, side: 0.44 mm
- Core/Rout Area: 0.05 mm2
- SRAM Area: 0.14 mm2
- SRAM/Logic Ratio: 2.80x

Dies per Package: 1 (1x1)
Die Area: 3,381.23 mm2, side: 58.15 mm
- Tiles Area: 3,191.28 mm2
- PHY Area: 189.96 mm2
- MC Area: 0.00 mm2

Packages per Board: 1 (1x1)
Package Area: 3,461.23 mm2, side: 58.83 mm
- IOdie Area: 80.00 mm2
- Dies Area: 3,381.23 mm2
- HBM Area: 0.00 mm2

Boards: 1 (1x1)
Board Area: 3,461.23 mm2
Total Area: 3,461.23 mm2



ESTIMATED COST OF SILICON AND PACKAGING. ONLY VARIABLE, NO FIXED COSTS
Good dies per wafer 3d: 5
Good dies per wafer 2d: 6
--Dies 3D Cost: 1,209.40 $
--Dies 2.5D Cost: 1,007.83 $
--Dies 2D Cost: 1,007.83 $
--HBM Cost: 60.00 $
--IOdie Cost: 8.44 $
--Packaging Cost 3d: 233.07 $
--Packaging Cost 2.5d: 505.18 $
--Packaging Cost 2d: 152.44 $
SiP Cost 3d: 1,510.91 $
SiP Cost 2.5d: 1,581.46 $
SiP Cost 2d: 1,168.71 $
--Board Cost: 3.46 $
Total SiPs Cost 3d: 1,514.37 $
Total SiPs Cost 2.5d: 1,584.92 $
Total SiPs Cost 2d: 1,172.18 $

Perf counters initialized
Mesh connected
Cache structures initialized
Allocated proxys
Replicas initialized
Allocated Frontier List
Dataset structures initialized


Starting Simulation
INIT epoch: 1
INIT epoch: 1
INIT epoch: 1
INIT epoch: 1
INIT epoch: 1
INIT epoch: 1
INIT epoch: 1
INIT epoch: 1

===PRINTING FRAME STATS

FCollision In Avg:89, SD:41, Max:288, Min:5
FCollision Out Avg:66, SD:36, Max:188, Min:0
FCollision End Avg:1, SD:8, Max:85, Min:0
FTask1 Avg:3, SD:5, Max:52, Min:0
FTask2 Avg:9, SD:11, Max:62, Min:0
FTask3 Avg:74, SD:15, Max:97, Min:11
FCore Active Avg:86, SD:12, Max:97, Min:12
FRouter Active Avg:92, SD:3, Max:97, Min:68
T1 invocations: 17,935
T2 invocations: 54,856
T3 invocations: 454,327
T3b invocations: 4,314,375
Total3 invocations: 4,768,702
Total4 invocations: 3,021

T3/T2 ratio: 8
T3b/T3 ratio: 9

T1 avg ex cycles: 60
T2 avg ex cycles: 69
T3&b avg ex cycles: 6
T4 avg ex cycles: 41
Avg. hops NOC1: 64
Avg. latency NOC1 (T2): 3,448
Avg. hops NOC2: 18
Avg. latency NOC2 (T3): 1,599

===PRINTING ACUM STATS at pu_cycles: 10,812

ACollision In Avg:89, SD:41, Max:288, Min:5
ACollision Out Avg:66, SD:36, Max:188, Min:0
ACollision End Avg:1, SD:8, Max:85, Min:0
ATask1 Avg:3, SD:5, Max:52, Min:0
ATask2 Avg:9, SD:11, Max:62, Min:0
ATask3 Avg:74, SD:15, Max:97, Min:11
ACore Active Avg:86, SD:12, Max:97, Min:12
ARouter Active Avg:92, SD:3, Max:97, Min:68
T1 invocations: 77,108
T2 invocations: 231,559
T3 invocations: 1,442,911
T3b invocations: 17,106,058
Total3 invocations: 18,548,969
Total4 invocations: 12,904

T3/T2 ratio: 6
T3b/T3 ratio: 12

T1 avg ex cycles: 61
T2 avg ex cycles: 68
T3&b avg ex cycles: 6
T4 avg ex cycles: 47
Avg. hops NOC1: 47
Avg. latency NOC1 (T2): 3,225
Avg. hops NOC2: 18
Avg. latency NOC2 (T3): 1,416
Number of K Nodes Processed: 803
Number of K Edges Processed: 14,568
Node Re-explore factor: 0.19
Edge Re-explore factor: 0.11
Nodes/cy: 74
Edges/cy: 1,347
TEPS: 11,867

---Pcache---
Pcache Size: 7,711
Cached: 1
  PHits: 7,404,923
  PMisses: 10,181,687
  PHit Rate (hit/miss): 42%
  PEvictions: 810,922
  PEviction Rate (evict/misses): 8%

---Energy---
Leakage Energy (nJ): 10,280
PU Dyn E (nJ): 1,217,857
Mem Dyn E (nJ): 3,616,278
Route Dyn E (nJ): 2,160,359
Dynamic Energy (nJ): 6,994,495
Ratio of Dyn/Leak: 680
Total Energy (nJ): 7,004,775
Total Energy (nJ) 3D: 7,195,987
Cores Energy (nJ): 1,218,339
Route Energy (nJ): 2,160,637
Route Energy (nJ) 3D: 2,351,849
Mem Energy   (nJ): 3,625,800
Mem Energy   (nJ) 3D: 3,625,800
Avg. Power (mW): 647,870.43
Power Density (mW/mm2): 187.18

---Runtime---
Runtime in K cycles: 10.81
Microseconds: 10.81
Time per iteration (ms): 0.01

---Throughput---
GOP/s (aka OPS/ns): 12,601.39
GOP/s per core: 0.77
FLOP/s: 3,030.04
FLOP/s per core: 0.18
Max Peak FLOP/s: 16,384.00
Avg. BW GB/s: 57,885.19
Max BW GB/s: 65,536.00

---Traffic---
In-Die bisection_bytes BW (GB/s): 2,048.00
Inter-board traffic (msg/ns): 0.00, per-link: 0.00
Inter-pack traffic (msg/ns): 0.00, per-link: 0.00
Inter-die traffic (msg/ns): 0.00, per-link: 0.00
Ruche traffic (msg/ns): 0.00, per-link: 0.00
All traffic (msg/ns): 65,598.50, per-link: 4.00
Inter-die reduction wrt all: inf
Inter-board reduction wrt inter-die: -nan

---Data Movement---
All traffic (msg): 709,251,013
Arith. Intensity FLOP/Loads: 0.44
Arith. Intensity FLOP/Msgs: 0.05
Arith. Intensity OPS/Loads: 1.84
Arith. Intensity OPS/Msgs: 0.19



===Core Utilization Total=== CORE-S:1;; TIME K cy:10 ;; Nodes Proc: 100,792 -- Edges Proc: 1,827,883

===PRINTING FRAME STATS

FCollision In Avg:88, SD:45, Max:292, Min:3
FCollision Out Avg:76, SD:45, Max:235, Min:0
FCollision End Avg:2, SD:9, Max:101, Min:0
FTask1 Avg:2, SD:5, Max:58, Min:0
FTask2 Avg:8, SD:14, Max:78, Min:0
FTask3 Avg:73, SD:21, Max:100, Min:5
FCore Active Avg:83, SD:20, Max:100, Min:5
FRouter Active Avg:95, SD:6, Max:101, Min:63
T1 invocations: 19,208
T2 invocations: 49,774
T3 invocations: 435,501
T3b invocations: 4,656,138
Total3 invocations: 5,091,639
Total4 invocations: 514

T3/T2 ratio: 9
T3b/T3 ratio: 11

T1 avg ex cycles: 36
T2 avg ex cycles: 65
T3&b avg ex cycles: 6
T4 avg ex cycles: 483
Avg. hops NOC1: 29
Avg. latency NOC1 (T2): 8,502
Avg. hops NOC2: 16
Avg. latency NOC2 (T3): 3,271

===PRINTING ACUM STATS at pu_cycles: 21,094

ACollision In Avg:88, SD:37, Max:289, Min:8
ACollision Out Avg:71, SD:35, Max:194, Min:0
ACollision End Avg:2, SD:7, Max:93, Min:0
ATask1 Avg:2, SD:4, Max:45, Min:0
ATask2 Avg:9, SD:10, Max:44, Min:0
ATask3 Avg:73, SD:15, Max:98, Min:14
ACore Active Avg:84, SD:14, Max:99, Min:14
ARouter Active Avg:93, SD:4, Max:98, Min:71
T1 invocations: 149,012
T2 invocations: 452,615
T3 invocations: 3,162,422
T3b invocations: 35,699,271
Total3 invocations: 38,861,693
Total4 invocations: 14,909

T3/T2 ratio: 7
T3b/T3 ratio: 11

T1 avg ex cycles: 49
T2 avg ex cycles: 67
T3&b avg ex cycles: 6
T4 avg ex cycles: 96
Avg. hops NOC1: 34
Avg. latency NOC1 (T2): 5,773
Avg. hops NOC2: 18
Avg. latency NOC2 (T3): 2,300
Number of K Nodes Processed: 1,504
Number of K Edges Processed: 27,554
Node Re-explore factor: 0.36
Edge Re-explore factor: 0.21
Nodes/cy: 71
Edges/cy: 1,306
TEPS: 6,083

---Pcache---
Pcache Size: 7,711
Cached: 1
  PHits: 18,206,152
  PMisses: 18,412,490
  PHit Rate (hit/miss): 50%
  PEvictions: 2,764,572
  PEviction Rate (evict/misses): 15%

---Energy---
Leakage Energy (nJ): 20,056
PU Dyn E (nJ): 2,434,211
Mem Dyn E (nJ): 7,281,666
Route Dyn E (nJ): 4,277,077
Dynamic Energy (nJ): 13,992,955
Ratio of Dyn/Leak: 698
Total Energy (nJ): 14,013,011
Total Energy (nJ) 3D: 14,391,572
Cores Energy (nJ): 2,435,151
Route Energy (nJ): 4,277,619
Route Energy (nJ) 3D: 4,656,179
Mem Energy   (nJ): 7,300,242
Mem Energy   (nJ) 3D: 7,300,242
Avg. Power (mW): 664,312.66
Power Density (mW/mm2): 191.93

---Runtime---
Runtime in K cycles: 21.09
Microseconds: 21.09
Time per iteration (ms): 0.02

---Throughput---
GOP/s (aka OPS/ns): 12,837.00
GOP/s per core: 0.78
FLOP/s: 3,122.51
FLOP/s per core: 0.19
Max Peak FLOP/s: 16,384.00
Avg. BW GB/s: 59,587.34
Max BW GB/s: 65,536.00

---Traffic---
In-Die bisection_bytes BW (GB/s): 2,048.00
Inter-board traffic (msg/ns): 0.00, per-link: 0.00
Inter-pack traffic (msg/ns): 0.00, per-link: 0.00
Inter-die traffic (msg/ns): 0.00, per-link: 0.00
Ruche traffic (msg/ns): 0.00, per-link: 0.00
All traffic (msg/ns): 66,769.40, per-link: 4.08
Inter-die reduction wrt all: inf
Inter-board reduction wrt inter-die: -nan

---Data Movement---
All traffic (msg): 1,408,433,761
Arith. Intensity FLOP/Loads: 0.43
Arith. Intensity FLOP/Msgs: 0.05
Arith. Intensity OPS/Loads: 1.78
Arith. Intensity OPS/Msgs: 0.19



===Core Utilization Total=== CORE-S:2;; TIME K cy:20 ;; Nodes Proc: 188,842 -- Edges Proc: 3,453,039

===PRINTING FRAME STATS

FCollision In Avg:80, SD:46, Max:267, Min:3
FCollision Out Avg:88, SD:49, Max:295, Min:0
FCollision End Avg:3, SD:10, Max:101, Min:0
FTask1 Avg:3, SD:6, Max:36, Min:0
FTask2 Avg:7, SD:13, Max:76, Min:0
FTask3 Avg:73, SD:18, Max:100, Min:7
FCore Active Avg:84, SD:18, Max:100, Min:11
FRouter Active Avg:94, SD:5, Max:101, Min:55
T1 invocations: 34,050
T2 invocations: 50,028
T3 invocations: 461,171
T3b invocations: 4,842,725
Total3 invocations: 5,303,896
Total4 invocations: 778

T3/T2 ratio: 9
T3b/T3 ratio: 11

T1 avg ex cycles: 33
T2 avg ex cycles: 56
T3&b avg ex cycles: 6
T4 avg ex cycles: 489
Avg. hops NOC1: 35
Avg. latency NOC1 (T2): 8,696
Avg. hops NOC2: 15
Avg. latency NOC2 (T3): 4,112

===PRINTING ACUM STATS at pu_cycles: 31,058

ACollision In Avg:85, SD:33, Max:249, Min:8
ACollision Out Avg:76, SD:34, Max:201, Min:0
ACollision End Avg:2, SD:6, Max:81, Min:0
ATask1 Avg:2, SD:3, Max:30, Min:0
ATask2 Avg:8, SD:8, Max:42, Min:0
ATask3 Avg:73, SD:12, Max:97, Min:19
ACore Active Avg:84, SD:13, Max:99, Min:19
ARouter Active Avg:93, SD:4, Max:98, Min:66
T1 invocations: 269,794
T2 invocations: 629,296
T3 invocations: 5,117,113
T3b invocations: 55,250,694
Total3 invocations: 60,367,807
Total4 invocations: 17,836

T3/T2 ratio: 8
T3b/T3 ratio: 11

T1 avg ex cycles: 42
T2 avg ex cycles: 64
T3&b avg ex cycles: 6
T4 avg ex cycles: 158
Avg. hops NOC1: 32
Avg. latency NOC1 (T2): 6,912
Avg. hops NOC2: 16
Avg. latency NOC2 (T3): 2,969
Number of K Nodes Processed: 2,154
Number of K Edges Processed: 36,426
Node Re-explore factor: 0.51
Edge Re-explore factor: 0.28
Nodes/cy: 69
Edges/cy: 1,173
TEPS: 4,131

---Pcache---
Pcache Size: 7,711
Cached: 1
  PHits: 30,314,628
  PMisses: 25,905,253
  PHit Rate (hit/miss): 54%
  PEvictions: 5,446,897
  PEviction Rate (evict/misses): 21%

---Energy---
Leakage Energy (nJ): 29,530
PU Dyn E (nJ): 3,608,654
Mem Dyn E (nJ): 10,828,403
Route Dyn E (nJ): 6,163,648
Dynamic Energy (nJ): 20,600,706
Ratio of Dyn/Leak: 698
Total Energy (nJ): 20,630,236
Total Energy (nJ) 3D: 21,175,775
Cores Energy (nJ): 3,610,038
Route Energy (nJ): 6,164,444
Route Energy (nJ) 3D: 6,709,983
Mem Energy   (nJ): 10,855,754
Mem Energy   (nJ) 3D: 10,855,754
Avg. Power (mW): 664,248.70
Power Density (mW/mm2): 191.91

---Runtime---
Runtime in K cycles: 31.06
Microseconds: 31.06
Time per iteration (ms): 0.03

---Throughput---
GOP/s (aka OPS/ns): 13,098.04
GOP/s per core: 0.80
FLOP/s: 3,100.74
FLOP/s per core: 0.19
Max Peak FLOP/s: 16,384.00
Avg. BW GB/s: 60,028.76
Max BW GB/s: 65,536.00

---Traffic---
In-Die bisection_bytes BW (GB/s): 2,048.00
Inter-board traffic (msg/ns): 0.00, per-link: 0.00
Inter-pack traffic (msg/ns): 0.00, per-link: 0.00
Inter-die traffic (msg/ns): 0.00, per-link: 0.00
Ruche traffic (msg/ns): 0.00, per-link: 0.00
All traffic (msg/ns): 65,630.05, per-link: 4.01
Inter-die reduction wrt all: inf
Inter-board reduction wrt inter-die: -nan

---Data Movement---
All traffic (msg): 2,038,338,226
Arith. Intensity FLOP/Loads: 0.42
Arith. Intensity FLOP/Msgs: 0.05
Arith. Intensity OPS/Loads: 1.78
Arith. Intensity OPS/Msgs: 0.20



===Core Utilization Total=== CORE-S:3;; TIME K cy:30 ;; Nodes Proc: 269,259 -- Edges Proc: 4,507,022

===PRINTING FRAME STATS

FCollision In Avg:70, SD:51, Max:301, Min:1
FCollision Out Avg:94, SD:51, Max:273, Min:0
FCollision End Avg:4, SD:14, Max:101, Min:0
FTask1 Avg:3, SD:6, Max:44, Min:0
FTask2 Avg:6, SD:12, Max:77, Min:0
FTask3 Avg:71, SD:17, Max:100, Min:10
FCore Active Avg:82, SD:17, Max:100, Min:11
FRouter Active Avg:89, SD:7, Max:101, Min:67
T1 invocations: 37,312
T2 invocations: 53,196
T3 invocations: 397,810
T3b invocations: 4,919,220
Total3 invocations: 5,317,030
Total4 invocations: 1,128

T3/T2 ratio: 7
T3b/T3 ratio: 12

T1 avg ex cycles: 32
T2 avg ex cycles: 49
T3&b avg ex cycles: 5
T4 avg ex cycles: 450
Avg. hops NOC1: 31
Avg. latency NOC1 (T2): 9,258
Avg. hops NOC2: 13
Avg. latency NOC2 (T3): 3,237

===PRINTING ACUM STATS at pu_cycles: 41,073

ACollision In Avg:81, SD:30, Max:230, Min:7
ACollision Out Avg:81, SD:33, Max:197, Min:0
ACollision End Avg:2, SD:6, Max:81, Min:0
ATask1 Avg:2, SD:3, Max:23, Min:0
ATask2 Avg:8, SD:7, Max:39, Min:0
ATask3 Avg:73, SD:9, Max:93, Min:18
ACore Active Avg:84, SD:11, Max:99, Min:21
ARouter Active Avg:92, SD:4, Max:98, Min:67
T1 invocations: 428,141
T2 invocations: 859,418
T3 invocations: 6,850,920
T3b invocations: 75,734,933
Total3 invocations: 82,585,853
Total4 invocations: 22,118

T3/T2 ratio: 8
T3b/T3 ratio: 11

T1 avg ex cycles: 38
T2 avg ex cycles: 61
T3&b avg ex cycles: 6
T4 avg ex cycles: 216
Avg. hops NOC1: 29
Avg. latency NOC1 (T2): 7,828
Avg. hops NOC2: 16
Avg. latency NOC2 (T3): 3,006
Number of K Nodes Processed: 2,668
Number of K Edges Processed: 46,658
Node Re-explore factor: 0.64
Edge Re-explore factor: 0.36
Nodes/cy: 65
Edges/cy: 1,136
TEPS: 3,124

---Pcache---
Pcache Size: 7,711
Cached: 1
  PHits: 43,814,742
  PMisses: 32,903,432
  PHit Rate (hit/miss): 57%
  PEvictions: 8,706,534
  PEviction Rate (evict/misses): 26%

---Energy---
Leakage Energy (nJ): 39,052
PU Dyn E (nJ): 4,838,459
Mem Dyn E (nJ): 14,529,272
Route Dyn E (nJ): 7,999,604
Dynamic Energy (nJ): 27,367,336
Ratio of Dyn/Leak: 701
Total Energy (nJ): 27,406,388
Total Energy (nJ) 3D: 28,114,425
Cores Energy (nJ): 4,840,289
Route Energy (nJ): 8,000,657
Route Energy (nJ) 3D: 8,708,695
Mem Energy   (nJ): 14,565,443
Mem Energy   (nJ) 3D: 14,565,443
Avg. Power (mW): 667,260.45
Power Density (mW/mm2): 192.78

---Runtime---
Runtime in K cycles: 41.07
Microseconds: 41.07
Time per iteration (ms): 0.04

---Throughput---
GOP/s (aka OPS/ns): 13,328.85
GOP/s per core: 0.81
FLOP/s: 3,131.41
FLOP/s per core: 0.19
Max Peak FLOP/s: 16,384.00
Avg. BW GB/s: 60,816.91
Max BW GB/s: 65,536.00

---Traffic---
In-Die bisection_bytes BW (GB/s): 2,048.00
Inter-board traffic (msg/ns): 0.00, per-link: 0.00
Inter-pack traffic (msg/ns): 0.00, per-link: 0.00
Inter-die traffic (msg/ns): 0.00, per-link: 0.00
Ruche traffic (msg/ns): 0.00, per-link: 0.00
All traffic (msg/ns): 64,618.98, per-link: 3.94
Inter-die reduction wrt all: inf
Inter-board reduction wrt inter-die: -nan

---Data Movement---
All traffic (msg): 2,654,095,556
Arith. Intensity FLOP/Loads: 0.42
Arith. Intensity FLOP/Msgs: 0.05
Arith. Intensity OPS/Loads: 1.77
Arith. Intensity OPS/Msgs: 0.21



===Core Utilization Total=== CORE-S:4;; TIME K cy:40 ;; Nodes Proc: 332,603 -- Edges Proc: 5,661,570

===PRINTING FRAME STATS

FCollision In Avg:76, SD:54, Max:292, Min:1
FCollision Out Avg:93, SD:43, Max:234, Min:0
FCollision End Avg:5, SD:15, Max:101, Min:0
FTask1 Avg:4, SD:6, Max:39, Min:0
FTask2 Avg:8, SD:12, Max:67, Min:0
FTask3 Avg:68, SD:15, Max:100, Min:13
FCore Active Avg:80, SD:16, Max:100, Min:13
FRouter Active Avg:90, SD:7, Max:101, Min:61
T1 invocations: 48,197
T2 invocations: 67,733
T3 invocations: 329,345
T3b invocations: 4,801,573
Total3 invocations: 5,130,918
Total4 invocations: 1,480

T3/T2 ratio: 5
T3b/T3 ratio: 15

T1 avg ex cycles: 31
T2 avg ex cycles: 46
T3&b avg ex cycles: 5
T4 avg ex cycles: 377
Avg. hops NOC1: 33
Avg. latency NOC1 (T2): 10,589
Avg. hops NOC2: 13
Avg. latency NOC2 (T3): 1,830

===PRINTING ACUM STATS at pu_cycles: 51,070

ACollision In Avg:80, SD:28, Max:218, Min:9
ACollision Out Avg:83, SD:30, Max:182, Min:2
ACollision End Avg:3, SD:7, Max:72, Min:0
ATask1 Avg:3, SD:3, Max:18, Min:0
ATask2 Avg:8, SD:7, Max:34, Min:0
ATask3 Avg:72, SD:7, Max:90, Min:20
ACore Active Avg:83, SD:9, Max:99, Min:23
ARouter Active Avg:92, SD:4, Max:99, Min:68
T1 invocations: 625,586
T2 invocations: 1,160,674
T3 invocations: 8,263,059
T3b invocations: 96,196,855
Total3 invocations: 104,459,914
Total4 invocations: 27,217

T3/T2 ratio: 7
T3b/T3 ratio: 12

T1 avg ex cycles: 36
T2 avg ex cycles: 57
T3&b avg ex cycles: 6
T4 avg ex cycles: 252
Avg. hops NOC1: 27
Avg. latency NOC1 (T2): 8,458
Avg. hops NOC2: 15
Avg. latency NOC2 (T3): 2,805
Number of K Nodes Processed: 3,028
Number of K Edges Processed: 58,491
Node Re-explore factor: 0.72
Edge Re-explore factor: 0.46
Nodes/cy: 59
Edges/cy: 1,145
TEPS: 2,512

---Pcache---
Pcache Size: 7,711
Cached: 1
  PHits: 58,058,575
  PMisses: 39,069,016
  PHit Rate (hit/miss): 60%
  PEvictions: 12,156,821
  PEviction Rate (evict/misses): 31%

---Energy---
Leakage Energy (nJ): 48,558
PU Dyn E (nJ): 6,087,589
Mem Dyn E (nJ): 18,276,378
Route Dyn E (nJ): 9,843,708
Dynamic Energy (nJ): 34,207,675
Ratio of Dyn/Leak: 704
Total Energy (nJ): 34,256,233
Total Energy (nJ) 3D: 35,127,491
Cores Energy (nJ): 6,089,864
Route Energy (nJ): 9,845,017
Route Energy (nJ) 3D: 10,716,275
Mem Energy   (nJ): 18,321,352
Mem Energy   (nJ) 3D: 18,321,352
Avg. Power (mW): 670,770.17
Power Density (mW/mm2): 193.80

---Runtime---
Runtime in K cycles: 51.07
Microseconds: 51.07
Time per iteration (ms): 0.05

---Throughput---
GOP/s (aka OPS/ns): 13,449.73
GOP/s per core: 0.82
FLOP/s: 3,177.97
FLOP/s per core: 0.19
Max Peak FLOP/s: 16,384.00
Avg. BW GB/s: 61,491.56
Max BW GB/s: 65,536.00

---Traffic---
In-Die bisection_bytes BW (GB/s): 2,048.00
Inter-board traffic (msg/ns): 0.00, per-link: 0.00
Inter-pack traffic (msg/ns): 0.00, per-link: 0.00
Inter-die traffic (msg/ns): 0.00, per-link: 0.00
Ruche traffic (msg/ns): 0.00, per-link: 0.00
All traffic (msg/ns): 64,067.18, per-link: 3.91
Inter-die reduction wrt all: inf
Inter-board reduction wrt inter-die: -nan

---Data Movement---
All traffic (msg): 3,271,910,760
Arith. Intensity FLOP/Loads: 0.42
Arith. Intensity FLOP/Msgs: 0.05
Arith. Intensity OPS/Loads: 1.76
Arith. Intensity OPS/Msgs: 0.21



===Core Utilization Total=== CORE-S:5;; TIME K cy:50 ;; Nodes Proc: 377,573 -- Edges Proc: 7,193,351

===PRINTING FRAME STATS

FCollision In Avg:84, SD:53, Max:290, Min:1
FCollision Out Avg:82, SD:40, Max:260, Min:0
FCollision End Avg:4, SD:15, Max:101, Min:0
FTask1 Avg:4, SD:7, Max:35, Min:0
FTask2 Avg:10, SD:14, Max:77, Min:0
FTask3 Avg:69, SD:12, Max:100, Min:17
FCore Active Avg:84, SD:13, Max:100, Min:44
FRouter Active Avg:94, SD:5, Max:101, Min:66
T1 invocations: 53,628
T2 invocations: 93,283
T3 invocations: 309,198
T3b invocations: 5,106,982
Total3 invocations: 5,416,180
Total4 invocations: 1,488

T3/T2 ratio: 3
T3b/T3 ratio: 17

T1 avg ex cycles: 31
T2 avg ex cycles: 43
T3&b avg ex cycles: 5
T4 avg ex cycles: 313
Avg. hops NOC1: 29
Avg. latency NOC1 (T2): 10,417
Avg. hops NOC2: 14
Avg. latency NOC2 (T3): 1,302

===PRINTING ACUM STATS at pu_cycles: 61,082

ACollision In Avg:81, SD:27, Max:205, Min:13
ACollision Out Avg:83, SD:29, Max:191, Min:2
ACollision End Avg:3, SD:7, Max:76, Min:0
ATask1 Avg:3, SD:3, Max:16, Min:0
ATask2 Avg:8, SD:6, Max:34, Min:0
ATask3 Avg:71, SD:6, Max:89, Min:25
ACore Active Avg:83, SD:8, Max:99, Min:28
ARouter Active Avg:92, SD:4, Max:99, Min:69
T1 invocations: 839,274
T2 invocations: 1,518,538
T3 invocations: 9,542,401
T3b invocations: 116,897,318
Total3 invocations: 126,439,719
Total4 invocations: 33,444

T3/T2 ratio: 6
T3b/T3 ratio: 12

T1 avg ex cycles: 35
T2 avg ex cycles: 54
T3&b avg ex cycles: 6
T4 avg ex cycles: 265
Avg. hops NOC1: 26
Avg. latency NOC1 (T2): 8,817
Avg. hops NOC2: 15
Avg. latency NOC2 (T3): 2,596
Number of K Nodes Processed: 3,315
Number of K Edges Processed: 71,448
Node Re-explore factor: 0.79
Edge Re-explore factor: 0.56
Nodes/cy: 54
Edges/cy: 1,170
TEPS: 2,101

---Pcache---
Pcache Size: 7,711
Cached: 1
  PHits: 72,942,575
  PMisses: 44,883,042
  PHit Rate (hit/miss): 62%
  PEvictions: 15,805,307
  PEviction Rate (evict/misses): 35%

---Energy---
Leakage Energy (nJ): 58,077
PU Dyn E (nJ): 7,360,749
Mem Dyn E (nJ): 22,097,870
Route Dyn E (nJ): 11,731,320
Dynamic Energy (nJ): 41,189,939
Ratio of Dyn/Leak: 709
Total Energy (nJ): 41,248,016
Total Energy (nJ) 3D: 42,286,345
Cores Energy (nJ): 7,363,469
Route Energy (nJ): 11,732,886
Route Energy (nJ) 3D: 12,771,215
Mem Energy   (nJ): 22,151,661
Mem Energy   (nJ) 3D: 22,151,661
Avg. Power (mW): 675,289.22
Power Density (mW/mm2): 195.10

---Runtime---
Runtime in K cycles: 61.08
Microseconds: 61.08
Time per iteration (ms): 0.06

---Throughput---
GOP/s (aka OPS/ns): 13,535.72
GOP/s per core: 0.83
FLOP/s: 3,228.09
FLOP/s per core: 0.20
Max Peak FLOP/s: 16,384.00
Avg. BW GB/s: 62,143.79
Max BW GB/s: 65,536.00

---Traffic---
In-Die bisection_bytes BW (GB/s): 2,048.00
Inter-board traffic (msg/ns): 0.00, per-link: 0.00
Inter-pack traffic (msg/ns): 0.00, per-link: 0.00
Inter-die traffic (msg/ns): 0.00, per-link: 0.00
Ruche traffic (msg/ns): 0.00, per-link: 0.00
All traffic (msg/ns): 63,908.03, per-link: 3.90
Inter-die reduction wrt all: inf
Inter-board reduction wrt inter-die: -nan

---Data Movement---
All traffic (msg): 3,903,630,098
Arith. Intensity FLOP/Loads: 0.42
Arith. Intensity FLOP/Msgs: 0.05
Arith. Intensity OPS/Loads: 1.75
Arith. Intensity OPS/Msgs: 0.21



===Core Utilization Total=== CORE-S:6;; TIME K cy:60 ;; Nodes Proc: 413,740 -- Edges Proc: 8,765,740

===PRINTING FRAME STATS

FCollision In Avg:84, SD:55, Max:315, Min:1
FCollision Out Avg:77, SD:41, Max:266, Min:0
FCollision End Avg:4, SD:14, Max:142, Min:0
FTask1 Avg:5, SD:7, Max:42, Min:0
FTask2 Avg:9, SD:13, Max:78, Min:0
FTask3 Avg:66, SD:12, Max:100, Min:18
FCore Active Avg:81, SD:15, Max:100, Min:46
FRouter Active Avg:92, SD:6, Max:101, Min:64
T1 invocations: 61,188
T2 invocations: 92,018
T3 invocations: 288,215
T3b invocations: 4,913,212
Total3 invocations: 5,201,427
Total4 invocations: 2,119

T3/T2 ratio: 3
T3b/T3 ratio: 17

T1 avg ex cycles: 30
T2 avg ex cycles: 40
T3&b avg ex cycles: 5
T4 avg ex cycles: 243
Avg. hops NOC1: 31
Avg. latency NOC1 (T2): 9,370
Avg. hops NOC2: 13
Avg. latency NOC2 (T3): 1,204

===PRINTING ACUM STATS at pu_cycles: 71,036

ACollision In Avg:81, SD:27, Max:192, Min:14
ACollision Out Avg:82, SD:28, Max:189, Min:2
ACollision End Avg:3, SD:7, Max:80, Min:0
ATask1 Avg:3, SD:3, Max:16, Min:0
ATask2 Avg:8, SD:5, Max:35, Min:0
ATask3 Avg:71, SD:5, Max:89, Min:28
ACore Active Avg:83, SD:7, Max:99, Min:30
ARouter Active Avg:92, SD:4, Max:98, Min:69
T1 invocations: 1,081,227
T2 invocations: 1,907,396
T3 invocations: 10,733,337
T3b invocations: 137,468,571
Total3 invocations: 148,201,908
Total4 invocations: 41,953

T3/T2 ratio: 6
T3b/T3 ratio: 13

T1 avg ex cycles: 34
T2 avg ex cycles: 51
T3&b avg ex cycles: 6
T4 avg ex cycles: 259
Avg. hops NOC1: 25
Avg. latency NOC1 (T2): 8,916
Avg. hops NOC2: 15
Avg. latency NOC2 (T3): 2,430
Number of K Nodes Processed: 3,557
Number of K Edges Processed: 84,570
Node Re-explore factor: 0.85
Edge Re-explore factor: 0.66
Nodes/cy: 50
Edges/cy: 1,191
TEPS: 1,806

---Pcache---
Pcache Size: 7,711
Cached: 1
  PHits: 87,840,375
  PMisses: 50,442,908
  PHit Rate (hit/miss): 64%
  PEvictions: 19,579,003
  PEviction Rate (evict/misses): 39%

---Energy---
Leakage Energy (nJ): 67,541
PU Dyn E (nJ): 8,629,889
Mem Dyn E (nJ): 25,901,899
Route Dyn E (nJ): 13,593,212
Dynamic Energy (nJ): 48,125,000
Ratio of Dyn/Leak: 713
Total Energy (nJ): 48,192,541
Total Energy (nJ) 3D: 49,395,664
Cores Energy (nJ): 8,633,052
Route Energy (nJ): 13,595,033
Route Energy (nJ) 3D: 14,798,156
Mem Energy   (nJ): 25,964,456
Mem Energy   (nJ) 3D: 25,964,456
Avg. Power (mW): 678,424.20
Power Density (mW/mm2): 196.01

---Runtime---
Runtime in K cycles: 71.04
Microseconds: 71.04
Time per iteration (ms): 0.07

---Throughput---
GOP/s (aka OPS/ns): 13,593.41
GOP/s per core: 0.83
FLOP/s: 3,267.44
FLOP/s per core: 0.20
Max Peak FLOP/s: 16,384.00
Avg. BW GB/s: 62,628.74
Max BW GB/s: 65,536.00

---Traffic---
In-Die bisection_bytes BW (GB/s): 2,048.00
Inter-board traffic (msg/ns): 0.00, per-link: 0.00
Inter-pack traffic (msg/ns): 0.00, per-link: 0.00
Inter-die traffic (msg/ns): 0.00, per-link: 0.00
Ruche traffic (msg/ns): 0.00, per-link: 0.00
All traffic (msg/ns): 63,728.43, per-link: 3.89
Inter-die reduction wrt all: inf
Inter-board reduction wrt inter-die: -nan

---Data Movement---
All traffic (msg): 4,527,012,949
Arith. Intensity FLOP/Loads: 0.42
Arith. Intensity FLOP/Msgs: 0.05
Arith. Intensity OPS/Loads: 1.74
Arith. Intensity OPS/Msgs: 0.21



===Core Utilization Total=== CORE-S:7;; TIME K cy:70 ;; Nodes Proc: 443,852 -- Edges Proc: 10,442,581

===PRINTING FRAME STATS

FCollision In Avg:82, SD:55, Max:323, Min:1
FCollision Out Avg:70, SD:41, Max:302, Min:0
FCollision End Avg:3, SD:13, Max:101, Min:0
FTask1 Avg:5, SD:7, Max:44, Min:0
FTask2 Avg:9, SD:14, Max:85, Min:0
FTask3 Avg:65, SD:12, Max:100, Min:5
FCore Active Avg:81, SD:15, Max:100, Min:41
FRouter Active Avg:92, SD:6, Max:101, Min:61
T1 invocations: 66,875
T2 invocations: 104,404
T3 invocations: 274,621
T3b invocations: 4,869,064
Total3 invocations: 5,143,685
Total4 invocations: 3,041

T3/T2 ratio: 3
T3b/T3 ratio: 18

T1 avg ex cycles: 30
T2 avg ex cycles: 37
T3&b avg ex cycles: 5
T4 avg ex cycles: 175
Avg. hops NOC1: 31
Avg. latency NOC1 (T2): 8,465
Avg. hops NOC2: 14
Avg. latency NOC2 (T3): 1,062

===PRINTING ACUM STATS at pu_cycles: 81,095

ACollision In Avg:81, SD:27, Max:190, Min:16
ACollision Out Avg:80, SD:27, Max:190, Min:2
ACollision End Avg:3, SD:7, Max:82, Min:0
ATask1 Avg:3, SD:2, Max:14, Min:0
ATask2 Avg:8, SD:5, Max:30, Min:0
ATask3 Avg:70, SD:5, Max:87, Min:36
ACore Active Avg:83, SD:7, Max:99, Min:39
ARouter Active Avg:92, SD:4, Max:98, Min:70
T1 invocations: 1,354,405
T2 invocations: 2,330,844
T3 invocations: 11,854,883
T3b invocations: 157,836,396
Total3 invocations: 169,691,279
Total4 invocations: 54,050

T3/T2 ratio: 5
T3b/T3 ratio: 13

T1 avg ex cycles: 33
T2 avg ex cycles: 49
T3&b avg ex cycles: 6
T4 avg ex cycles: 244
Avg. hops NOC1: 25
Avg. latency NOC1 (T2): 8,840
Avg. hops NOC2: 15
Avg. latency NOC2 (T3): 2,294
Number of K Nodes Processed: 3,764
Number of K Edges Processed: 97,902
Node Re-explore factor: 0.90
Edge Re-explore factor: 0.76
Nodes/cy: 46
Edges/cy: 1,207
TEPS: 1,582

---Pcache---
Pcache Size: 7,711
Cached: 1
  PHits: 102,793,350
  PMisses: 55,883,453
  PHit Rate (hit/miss): 65%
  PEvictions: 23,490,160
  PEviction Rate (evict/misses): 42%

---Energy---
Leakage Energy (nJ): 77,105
PU Dyn E (nJ): 9,891,609
Mem Dyn E (nJ): 29,678,912
Route Dyn E (nJ): 15,430,006
Dynamic Energy (nJ): 55,000,528
Ratio of Dyn/Leak: 713
Total Energy (nJ): 55,077,633
Total Energy (nJ) 3D: 56,443,329
Cores Energy (nJ): 9,895,220
Route Energy (nJ): 15,432,086
Route Energy (nJ) 3D: 16,797,782
Mem Energy   (nJ): 29,750,328
Mem Energy   (nJ) 3D: 29,750,328
Avg. Power (mW): 679,174.22
Power Density (mW/mm2): 196.22

---Runtime---
Runtime in K cycles: 81.09
Microseconds: 81.09
Time per iteration (ms): 0.08

---Throughput---
GOP/s (aka OPS/ns): 13,607.69
GOP/s per core: 0.83
FLOP/s: 3,290.73
FLOP/s per core: 0.20
Max Peak FLOP/s: 16,384.00
Avg. BW GB/s: 62,852.05
Max BW GB/s: 65,536.00

---Traffic---
In-Die bisection_bytes BW (GB/s): 2,048.00
Inter-board traffic (msg/ns): 0.00, per-link: 0.00
Inter-pack traffic (msg/ns): 0.00, per-link: 0.00
Inter-die traffic (msg/ns): 0.00, per-link: 0.00
Ruche traffic (msg/ns): 0.00, per-link: 0.00
All traffic (msg/ns): 63,409.01, per-link: 3.87
Inter-die reduction wrt all: inf
Inter-board reduction wrt inter-die: -nan

---Data Movement---
All traffic (msg): 5,142,153,610
Arith. Intensity FLOP/Loads: 0.42
Arith. Intensity FLOP/Msgs: 0.05
Arith. Intensity OPS/Loads: 1.74
Arith. Intensity OPS/Msgs: 0.21



===Core Utilization Total=== CORE-S:8;; TIME K cy:80 ;; Nodes Proc: 469,520 -- Edges Proc: 12,114,002

===PRINTING FRAME STATS

FCollision In Avg:78, SD:56, Max:318, Min:1
FCollision Out Avg:64, SD:43, Max:250, Min:0
FCollision End Avg:3, SD:12, Max:101, Min:0
FTask1 Avg:5, SD:7, Max:39, Min:0
FTask2 Avg:9, SD:13, Max:84, Min:0
FTask3 Avg:62, SD:13, Max:100, Min:14
FCore Active Avg:77, SD:16, Max:100, Min:34
FRouter Active Avg:90, SD:8, Max:101, Min:52
T1 invocations: 67,834
T2 invocations: 107,353
T3 invocations: 255,984
T3b invocations: 4,659,832
Total3 invocations: 4,915,816
Total4 invocations: 4,395

T3/T2 ratio: 2
T3b/T3 ratio: 18

T1 avg ex cycles: 29
T2 avg ex cycles: 35
T3&b avg ex cycles: 5
T4 avg ex cycles: 134
Avg. hops NOC1: 31
Avg. latency NOC1 (T2): 8,306
Avg. hops NOC2: 13
Avg. latency NOC2 (T3): 1,009

===PRINTING ACUM STATS at pu_cycles: 91,078

ACollision In Avg:81, SD:28, Max:193, Min:14
ACollision Out Avg:79, SD:27, Max:178, Min:1
ACollision End Avg:3, SD:7, Max:75, Min:0
ATask1 Avg:4, SD:2, Max:14, Min:0
ATask2 Avg:8, SD:4, Max:27, Min:0
ATask3 Avg:69, SD:5, Max:86, Min:39
ACore Active Avg:82, SD:7, Max:99, Min:46
ARouter Active Avg:92, SD:4, Max:98, Min:69
T1 invocations: 1,646,153
T2 invocations: 2,771,550
T3 invocations: 12,919,963
T3b invocations: 177,705,819
Total3 invocations: 190,625,782
Total4 invocations: 70,477

T3/T2 ratio: 5
T3b/T3 ratio: 14

T1 avg ex cycles: 33
T2 avg ex cycles: 47
T3&b avg ex cycles: 5
T4 avg ex cycles: 223
Avg. hops NOC1: 24
Avg. latency NOC1 (T2): 8,668
Avg. hops NOC2: 15
Avg. latency NOC2 (T3): 2,183
Number of K Nodes Processed: 3,941
Number of K Edges Processed: 110,883
Node Re-explore factor: 0.94
Edge Re-explore factor: 0.86
Nodes/cy: 43
Edges/cy: 1,217
TEPS: 1,409

---Pcache---
Pcache Size: 7,711
Cached: 1
  PHits: 117,351,981
  PMisses: 61,104,957
  PHit Rate (hit/miss): 66%
  PEvictions: 27,412,067
  PEviction Rate (evict/misses): 45%

---Energy---
Leakage Energy (nJ): 86,597
PU Dyn E (nJ): 11,124,000
Mem Dyn E (nJ): 33,361,795
Route Dyn E (nJ): 17,199,817
Dynamic Energy (nJ): 61,685,612
Ratio of Dyn/Leak: 712
Total Energy (nJ): 61,772,209
Total Energy (nJ) 3D: 63,294,549
Cores Energy (nJ): 11,128,056
Route Energy (nJ): 17,202,152
Route Energy (nJ) 3D: 18,724,492
Mem Energy   (nJ): 33,442,002
Mem Energy   (nJ) 3D: 33,442,002
Avg. Power (mW): 678,234.14
Power Density (mW/mm2): 195.95

---Runtime---
Runtime in K cycles: 91.08
Microseconds: 91.08
Time per iteration (ms): 0.09

---Throughput---
GOP/s (aka OPS/ns): 13,594.44
GOP/s per core: 0.83
FLOP/s: 3,302.90
FLOP/s per core: 0.20
Max Peak FLOP/s: 16,384.00
Avg. BW GB/s: 62,906.20
Max BW GB/s: 65,536.00

---Traffic---
In-Die bisection_bytes BW (GB/s): 2,048.00
Inter-board traffic (msg/ns): 0.00, per-link: 0.00
Inter-pack traffic (msg/ns): 0.00, per-link: 0.00
Inter-die traffic (msg/ns): 0.00, per-link: 0.00
Ruche traffic (msg/ns): 0.00, per-link: 0.00
All traffic (msg/ns): 62,972.58, per-link: 3.84
Inter-die reduction wrt all: inf
Inter-board reduction wrt inter-die: -nan

---Data Movement---
All traffic (msg): 5,735,417,008
Arith. Intensity FLOP/Loads: 0.42
Arith. Intensity FLOP/Msgs: 0.05
Arith. Intensity OPS/Loads: 1.73
Arith. Intensity OPS/Msgs: 0.22



===Core Utilization Total=== CORE-S:9;; TIME K cy:90 ;; Nodes Proc: 491,447 -- Edges Proc: 13,738,964

===PRINTING FRAME STATS

FCollision In Avg:74, SD:55, Max:318, Min:0
FCollision Out Avg:59, SD:43, Max:267, Min:0
FCollision End Avg:3, SD:11, Max:101, Min:0
FTask1 Avg:5, SD:7, Max:42, Min:0
FTask2 Avg:9, SD:13, Max:79, Min:0
FTask3 Avg:57, SD:12, Max:100, Min:11
FCore Active Avg:72, SD:17, Max:100, Min:36
FRouter Active Avg:87, SD:9, Max:101, Min:49
T1 invocations: 65,117
T2 invocations: 108,236
T3 invocations: 231,977
T3b invocations: 4,358,702
Total3 invocations: 4,590,679
Total4 invocations: 5,630

T3/T2 ratio: 2
T3b/T3 ratio: 19

T1 avg ex cycles: 29
T2 avg ex cycles: 33
T3&b avg ex cycles: 5
T4 avg ex cycles: 102
Avg. hops NOC1: 30
Avg. latency NOC1 (T2): 7,367
Avg. hops NOC2: 13
Avg. latency NOC2 (T3): 860

===PRINTING ACUM STATS at pu_cycles: 101,036

ACollision In Avg:80, SD:28, Max:190, Min:13
ACollision Out Avg:77, SD:27, Max:169, Min:1
ACollision End Avg:3, SD:6, Max:69, Min:0
ATask1 Avg:4, SD:2, Max:13, Min:0
ATask2 Avg:8, SD:4, Max:25, Min:0
ATask3 Avg:68, SD:5, Max:84, Min:41
ACore Active Avg:81, SD:6, Max:99, Min:51
ARouter Active Avg:91, SD:4, Max:98, Min:67
T1 invocations: 1,959,896
T2 invocations: 3,241,830
T3 invocations: 13,903,595
T3b invocations: 196,857,163
Total3 invocations: 210,760,758
Total4 invocations: 91,875

T3/T2 ratio: 4
T3b/T3 ratio: 14

T1 avg ex cycles: 32
T2 avg ex cycles: 45
T3&b avg ex cycles: 5
T4 avg ex cycles: 200
Avg. hops NOC1: 24
Avg. latency NOC1 (T2): 8,429
Avg. hops NOC2: 14
Avg. latency NOC2 (T3): 2,087
Number of K Nodes Processed: 4,088
Number of K Edges Processed: 123,698
Node Re-explore factor: 0.97
Edge Re-explore factor: 0.96
Nodes/cy: 40
Edges/cy: 1,224
TEPS: 1,270

---Pcache---
Pcache Size: 7,711
Cached: 1
  PHits: 131,379,996
  PMisses: 66,094,826
  PHit Rate (hit/miss): 67%
  PEvictions: 31,272,792
  PEviction Rate (evict/misses): 47%

---Energy---
Leakage Energy (nJ): 96,065
PU Dyn E (nJ): 12,320,223
Mem Dyn E (nJ): 36,929,055
Route Dyn E (nJ): 18,911,033
Dynamic Energy (nJ): 68,160,312
Ratio of Dyn/Leak: 710
Total Energy (nJ): 68,256,377
Total Energy (nJ) 3D: 69,930,175
Cores Energy (nJ): 12,324,722
Route Energy (nJ): 18,913,624
Route Energy (nJ) 3D: 20,587,422
Mem Energy   (nJ): 37,018,032
Mem Energy   (nJ) 3D: 37,018,032
Avg. Power (mW): 675,564.92
Power Density (mW/mm2): 195.18

---Runtime---
Runtime in K cycles: 101.04
Microseconds: 101.04
Time per iteration (ms): 0.10

---Throughput---
GOP/s (aka OPS/ns): 13,546.18
GOP/s per core: 0.83
FLOP/s: 3,304.09
FLOP/s per core: 0.20
Max Peak FLOP/s: 16,384.00
Avg. BW GB/s: 62,773.83
Max BW GB/s: 65,536.00

---Traffic---
In-Die bisection_bytes BW (GB/s): 2,048.00
Inter-board traffic (msg/ns): 0.00, per-link: 0.00
Inter-pack traffic (msg/ns): 0.00, per-link: 0.00
Inter-die traffic (msg/ns): 0.00, per-link: 0.00
Ruche traffic (msg/ns): 0.00, per-link: 0.00
All traffic (msg/ns): 62,442.68, per-link: 3.81
Inter-die reduction wrt all: inf
Inter-board reduction wrt inter-die: -nan

---Data Movement---
All traffic (msg): 6,308,958,588
Arith. Intensity FLOP/Loads: 0.42
Arith. Intensity FLOP/Msgs: 0.05
Arith. Intensity OPS/Loads: 1.73
Arith. Intensity OPS/Msgs: 0.22



===Core Utilization Total=== CORE-S:10;; TIME K cy:100 ;; Nodes Proc: 509,856 -- Edges Proc: 15,366,125

===PRINTING FRAME STATS

FCollision In Avg:65, SD:53, Max:276, Min:0
FCollision Out Avg:50, SD:40, Max:195, Min:0
FCollision End Avg:2, SD:10, Max:101, Min:0
FTask1 Avg:6, SD:8, Max:43, Min:0
FTask2 Avg:8, SD:13, Max:84, Min:0
FTask3 Avg:52, SD:12, Max:100, Min:8
FCore Active Avg:67, SD:18, Max:100, Min:28
FRouter Active Avg:85, SD:11, Max:101, Min:44
T1 invocations: 79,044
T2 invocations: 109,143
T3 invocations: 214,163
T3b invocations: 3,965,576
Total3 invocations: 4,179,739
Total4 invocations: 7,495

T3/T2 ratio: 2
T3b/T3 ratio: 19

T1 avg ex cycles: 29
T2 avg ex cycles: 31
T3&b avg ex cycles: 5
T4 avg ex cycles: 92
Avg. hops NOC1: 33
Avg. latency NOC1 (T2): 6,833
Avg. hops NOC2: 13
Avg. latency NOC2 (T3): 726

===PRINTING ACUM STATS at pu_cycles: 111,086

ACollision In Avg:79, SD:28, Max:184, Min:13
ACollision Out Avg:74, SD:26, Max:168, Min:1
ACollision End Avg:3, SD:6, Max:70, Min:0
ATask1 Avg:4, SD:2, Max:14, Min:0
ATask2 Avg:8, SD:3, Max:23, Min:0
ATask3 Avg:66, SD:5, Max:83, Min:45
ACore Active Avg:80, SD:6, Max:99, Min:56
ARouter Active Avg:90, SD:4, Max:98, Min:65
T1 invocations: 2,294,119
T2 invocations: 3,726,612
T3 invocations: 14,823,751
T3b invocations: 215,086,907
Total3 invocations: 229,910,658
Total4 invocations: 121,915

T3/T2 ratio: 4
T3b/T3 ratio: 15

T1 avg ex cycles: 32
T2 avg ex cycles: 43
T3&b avg ex cycles: 5
T4 avg ex cycles: 175
Avg. hops NOC1: 24
Avg. latency NOC1 (T2): 8,126
Avg. hops NOC2: 14
Avg. latency NOC2 (T3): 2,003
Number of K Nodes Processed: 4,215
Number of K Edges Processed: 135,775
Node Re-explore factor: 1.00
Edge Re-explore factor: 1.06
Nodes/cy: 38
Edges/cy: 1,222
TEPS: 1,155

---Pcache---
Pcache Size: 7,711
Cached: 1
  PHits: 144,796,718
  PMisses: 70,875,726
  PHit Rate (hit/miss): 67%
  PEvictions: 35,063,358
  PEviction Rate (evict/misses): 49%

---Energy---
Leakage Energy (nJ): 105,621
PU Dyn E (nJ): 13,459,093
Mem Dyn E (nJ): 40,317,766
Route Dyn E (nJ): 20,521,164
Dynamic Energy (nJ): 74,298,025
Ratio of Dyn/Leak: 703
Total Energy (nJ): 74,403,646
Total Energy (nJ) 3D: 76,219,955
Cores Energy (nJ): 13,464,040
Route Energy (nJ): 20,524,013
Route Energy (nJ) 3D: 22,340,322
Mem Energy   (nJ): 40,415,593
Mem Energy   (nJ) 3D: 40,415,593
Avg. Power (mW): 669,784.18
Power Density (mW/mm2): 193.51

---Runtime---
Runtime in K cycles: 111.09
Microseconds: 111.09
Time per iteration (ms): 0.11

---Throughput---
GOP/s (aka OPS/ns): 13,447.16
GOP/s per core: 0.82
FLOP/s: 3,286.07
FLOP/s per core: 0.20
Max Peak FLOP/s: 16,384.00
Avg. BW GB/s: 62,333.56
Max BW GB/s: 65,536.00

---Traffic---
In-Die bisection_bytes BW (GB/s): 2,048.00
Inter-board traffic (msg/ns): 0.00, per-link: 0.00
Inter-pack traffic (msg/ns): 0.00, per-link: 0.00
Inter-die traffic (msg/ns): 0.00, per-link: 0.00
Ruche traffic (msg/ns): 0.00, per-link: 0.00
All traffic (msg/ns): 61,656.33, per-link: 3.76
Inter-die reduction wrt all: inf
Inter-board reduction wrt inter-die: -nan

---Data Movement---
All traffic (msg): 6,849,155,250
Arith. Intensity FLOP/Loads: 0.42
Arith. Intensity FLOP/Msgs: 0.05
Arith. Intensity OPS/Loads: 1.73
Arith. Intensity OPS/Msgs: 0.22



===Core Utilization Total=== CORE-S:11;; TIME K cy:110 ;; Nodes Proc: 525,619 -- Edges Proc: 16,856,198

===PRINTING FRAME STATS

FCollision In Avg:53, SD:52, Max:267, Min:0
FCollision Out Avg:38, SD:37, Max:196, Min:0
FCollision End Avg:2, SD:9, Max:101, Min:0
FTask1 Avg:5, SD:8, Max:62, Min:0
FTask2 Avg:7, SD:12, Max:88, Min:0
FTask3 Avg:44, SD:9, Max:94, Min:2
FCore Active Avg:59, SD:17, Max:100, Min:28
FRouter Active Avg:79, SD:11, Max:101, Min:41
T1 invocations: 77,917
T2 invocations: 102,742
T3 invocations: 180,296
T3b invocations: 3,391,649
Total3 invocations: 3,571,945
Total4 invocations: 9,951

T3/T2 ratio: 2
T3b/T3 ratio: 19

T1 avg ex cycles: 29
T2 avg ex cycles: 28
T3&b avg ex cycles: 5
T4 avg ex cycles: 73
Avg. hops NOC1: 36
Avg. latency NOC1 (T2): 6,191
Avg. hops NOC2: 13
Avg. latency NOC2 (T3): 551

===PRINTING ACUM STATS at pu_cycles: 121,054

ACollision In Avg:77, SD:28, Max:178, Min:12
ACollision Out Avg:71, SD:26, Max:168, Min:1
ACollision End Avg:3, SD:6, Max:72, Min:0
ATask1 Avg:4, SD:2, Max:17, Min:0
ATask2 Avg:8, SD:3, Max:22, Min:0
ATask3 Avg:65, SD:5, Max:82, Min:47
ACore Active Avg:78, SD:6, Max:98, Min:59
ARouter Active Avg:90, SD:5, Max:97, Min:63
T1 invocations: 2,627,888
T2 invocations: 4,204,316
T3 invocations: 15,641,401
T3b invocations: 231,522,918
Total3 invocations: 247,164,319
Total4 invocations: 162,470

T3/T2 ratio: 4
T3b/T3 ratio: 15

T1 avg ex cycles: 31
T2 avg ex cycles: 42
T3&b avg ex cycles: 5
T4 avg ex cycles: 150
Avg. hops NOC1: 24
Avg. latency NOC1 (T2): 7,779
Avg. hops NOC2: 14
Avg. latency NOC2 (T3): 1,923
Number of K Nodes Processed: 4,318
Number of K Edges Processed: 146,372
Node Re-explore factor: 1.03
Edge Re-explore factor: 1.14
Nodes/cy: 36
Edges/cy: 1,209
TEPS: 1,060

---Pcache---
Pcache Size: 7,711
Cached: 1
  PHits: 156,754,090
  PMisses: 75,153,279
  PHit Rate (hit/miss): 68%
  PEvictions: 38,529,558
  PEviction Rate (evict/misses): 51%

---Energy---
Leakage Energy (nJ): 115,099
PU Dyn E (nJ): 14,488,176
Mem Dyn E (nJ): 43,368,225
Route Dyn E (nJ): 21,964,571
Dynamic Energy (nJ): 79,820,972
Ratio of Dyn/Leak: 694
Total Energy (nJ): 79,936,071
Total Energy (nJ) 3D: 81,880,136
Cores Energy (nJ): 14,493,567
Route Energy (nJ): 21,967,675
Route Energy (nJ) 3D: 23,911,739
Mem Energy   (nJ): 43,474,830
Mem Energy   (nJ) 3D: 43,474,830
Avg. Power (mW): 660,333.99
Power Density (mW/mm2): 190.78

---Runtime---
Runtime in K cycles: 121.05
Microseconds: 121.05
Time per iteration (ms): 0.12

---Throughput---
GOP/s (aka OPS/ns): 13,281.19
GOP/s per core: 0.81
FLOP/s: 3,246.59
FLOP/s per core: 0.20
Max Peak FLOP/s: 16,384.00
Avg. BW GB/s: 61,533.58
Max BW GB/s: 65,536.00

---Traffic---
In-Die bisection_bytes BW (GB/s): 2,048.00
Inter-board traffic (msg/ns): 0.00, per-link: 0.00
Inter-pack traffic (msg/ns): 0.00, per-link: 0.00
Inter-die traffic (msg/ns): 0.00, per-link: 0.00
Ruche traffic (msg/ns): 0.00, per-link: 0.00
All traffic (msg/ns): 60,582.21, per-link: 3.70
Inter-die reduction wrt all: inf
Inter-board reduction wrt inter-die: -nan

---Data Movement---
All traffic (msg): 7,333,718,856
Arith. Intensity FLOP/Loads: 0.42
Arith. Intensity FLOP/Msgs: 0.05
Arith. Intensity OPS/Loads: 1.73
Arith. Intensity OPS/Msgs: 0.22



===Core Utilization Total=== CORE-S:12;; TIME K cy:120 ;; Nodes Proc: 538,559 -- Edges Proc: 18,079,611

===PRINTING FRAME STATS

FCollision In Avg:41, SD:47, Max:244, Min:0
FCollision Out Avg:26, SD:31, Max:199, Min:0
FCollision End Avg:1, SD:6, Max:100, Min:0
FTask1 Avg:5, SD:8, Max:52, Min:0
FTask2 Avg:7, SD:13, Max:88, Min:0
FTask3 Avg:40, SD:7, Max:83, Min:8
FCore Active Avg:53, SD:17, Max:100, Min:25
FRouter Active Avg:77, SD:13, Max:101, Min:35
T1 invocations: 71,607
T2 invocations: 102,010
T3 invocations: 158,228
T3b invocations: 3,091,571
Total3 invocations: 3,249,799
Total4 invocations: 10,527

T3/T2 ratio: 2
T3b/T3 ratio: 20

T1 avg ex cycles: 29
T2 avg ex cycles: 27
T3&b avg ex cycles: 5
T4 avg ex cycles: 58
Avg. hops NOC1: 37
Avg. latency NOC1 (T2): 4,876
Avg. hops NOC2: 13
Avg. latency NOC2 (T3): 400

===PRINTING ACUM STATS at pu_cycles: 131,056

ACollision In Avg:74, SD:28, Max:175, Min:11
ACollision Out Avg:68, SD:25, Max:170, Min:1
ACollision End Avg:3, SD:5, Max:75, Min:0
ATask1 Avg:4, SD:1, Max:17, Min:0
ATask2 Avg:8, SD:2, Max:20, Min:0
ATask3 Avg:63, SD:5, Max:80, Min:47
ACore Active Avg:76, SD:6, Max:95, Min:56
ARouter Active Avg:89, SD:5, Max:97, Min:61
T1 invocations: 2,941,635
T2 invocations: 4,656,071
T3 invocations: 16,337,273
T3b invocations: 245,716,651
Total3 invocations: 262,053,924
Total4 invocations: 211,795

T3/T2 ratio: 4
T3b/T3 ratio: 15

T1 avg ex cycles: 31
T2 avg ex cycles: 40
T3&b avg ex cycles: 5
T4 avg ex cycles: 129
Avg. hops NOC1: 24
Avg. latency NOC1 (T2): 7,440
Avg. hops NOC2: 14
Avg. latency NOC2 (T3): 1,849
Number of K Nodes Processed: 4,399
Number of K Edges Processed: 155,698
Node Re-explore factor: 1.05
Edge Re-explore factor: 1.21
Nodes/cy: 34
Edges/cy: 1,188
TEPS: 979

---Pcache---
Pcache Size: 7,711
Cached: 1
  PHits: 167,113,565
  PMisses: 78,836,839
  PHit Rate (hit/miss): 68%
  PEvictions: 41,563,504
  PEviction Rate (evict/misses): 53%

---Energy---
Leakage Energy (nJ): 124,608
PU Dyn E (nJ): 15,385,042
Mem Dyn E (nJ): 46,021,647
Route Dyn E (nJ): 23,230,736
Dynamic Energy (nJ): 84,637,425
Ratio of Dyn/Leak: 679
Total Energy (nJ): 84,762,033
Total Energy (nJ) 3D: 86,818,164
Cores Energy (nJ): 15,390,878
Route Energy (nJ): 23,234,097
Route Energy (nJ) 3D: 25,290,228
Mem Energy   (nJ): 46,137,060
Mem Energy   (nJ) 3D: 46,137,060
Avg. Power (mW): 646,761.95
Power Density (mW/mm2): 186.86

---Runtime---
Runtime in K cycles: 131.06
Microseconds: 131.06
Time per iteration (ms): 0.13

---Throughput---
GOP/s (aka OPS/ns): 13,026.65
GOP/s per core: 0.80
FLOP/s: 3,184.54
FLOP/s per core: 0.19
Max Peak FLOP/s: 16,384.00
Avg. BW GB/s: 60,320.81
Max BW GB/s: 65,536.00

---Traffic---
In-Die bisection_bytes BW (GB/s): 2,048.00
Inter-board traffic (msg/ns): 0.00, per-link: 0.00
Inter-pack traffic (msg/ns): 0.00, per-link: 0.00
Inter-die traffic (msg/ns): 0.00, per-link: 0.00
Ruche traffic (msg/ns): 0.00, per-link: 0.00
All traffic (msg/ns): 59,199.03, per-link: 3.61
Inter-die reduction wrt all: inf
Inter-board reduction wrt inter-die: -nan

---Data Movement---
All traffic (msg): 7,758,388,326
Arith. Intensity FLOP/Loads: 0.42
Arith. Intensity FLOP/Msgs: 0.05
Arith. Intensity OPS/Loads: 1.73
Arith. Intensity OPS/Msgs: 0.22



===Core Utilization Total=== CORE-S:13;; TIME K cy:130 ;; Nodes Proc: 548,610 -- Edges Proc: 19,280,236

===PRINTING FRAME STATS

FCollision In Avg:26, SD:39, Max:206, Min:0
FCollision Out Avg:16, SD:25, Max:141, Min:0
FCollision End Avg:1, SD:4, Max:100, Min:0
FTask1 Avg:4, SD:7, Max:51, Min:0
FTask2 Avg:5, SD:12, Max:80, Min:0
FTask3 Avg:29, SD:8, Max:70, Min:11
FCore Active Avg:38, SD:18, Max:100, Min:16
FRouter Active Avg:62, SD:17, Max:100, Min:23
T1 invocations: 51,238
T2 invocations: 76,351
T3 invocations: 99,601
T3b invocations: 2,236,311
Total3 invocations: 2,335,912
Total4 invocations: 8,059

T3/T2 ratio: 1
T3b/T3 ratio: 22

T1 avg ex cycles: 28
T2 avg ex cycles: 27
T3&b avg ex cycles: 5
T4 avg ex cycles: 57
Avg. hops NOC1: 40
Avg. latency NOC1 (T2): 3,880
Avg. hops NOC2: 13
Avg. latency NOC2 (T3): 384

===PRINTING ACUM STATS at pu_cycles: 140,929

ACollision In Avg:70, SD:28, Max:167, Min:10
ACollision Out Avg:64, SD:24, Max:164, Min:1
ACollision End Avg:3, SD:5, Max:76, Min:0
ATask1 Avg:4, SD:1, Max:18, Min:0
ATask2 Avg:8, SD:2, Max:18, Min:0
ATask3 Avg:60, SD:5, Max:79, Min:46
ACore Active Avg:73, SD:5, Max:93, Min:54
ARouter Active Avg:87, SD:5, Max:96, Min:59
T1 invocations: 3,139,237
T2 invocations: 4,949,722
T3 invocations: 16,776,827
T3b invocations: 254,733,197
Total3 invocations: 271,510,024
Total4 invocations: 253,933

T3/T2 ratio: 3
T3b/T3 ratio: 15

T1 avg ex cycles: 31
T2 avg ex cycles: 40
T3&b avg ex cycles: 5
T4 avg ex cycles: 115
Avg. hops NOC1: 24
Avg. latency NOC1 (T2): 7,216
Avg. hops NOC2: 14
Avg. latency NOC2 (T3): 1,799
Number of K Nodes Processed: 4,448
Number of K Edges Processed: 161,346
Node Re-explore factor: 1.06
Edge Re-explore factor: 1.26
Nodes/cy: 32
Edges/cy: 1,145
TEPS: 910

---Pcache---
Pcache Size: 7,711
Cached: 1
  PHits: 173,482,751
  PMisses: 81,111,333
  PHit Rate (hit/miss): 68%
  PEvictions: 43,457,124
  PEviction Rate (evict/misses): 54%

---Energy---
Leakage Energy (nJ): 133,996
PU Dyn E (nJ): 15,951,749
Mem Dyn E (nJ): 47,693,864
Route Dyn E (nJ): 24,035,952
Dynamic Energy (nJ): 87,681,566
Ratio of Dyn/Leak: 654
Total Energy (nJ): 87,815,562
Total Energy (nJ) 3D: 89,942,962
Cores Energy (nJ): 15,958,025
Route Energy (nJ): 24,039,565
Route Energy (nJ) 3D: 26,166,966
Mem Energy   (nJ): 47,817,972
Mem Energy   (nJ) 3D: 47,817,972
Avg. Power (mW): 623,119.17
Power Density (mW/mm2): 180.03

---Runtime---
Runtime in K cycles: 140.93
Microseconds: 140.93
Time per iteration (ms): 0.14

---Throughput---
GOP/s (aka OPS/ns): 12,561.69
GOP/s per core: 0.77
FLOP/s: 3,070.17
FLOP/s per core: 0.19
Max Peak FLOP/s: 16,384.00
Avg. BW GB/s: 58,142.27
Max BW GB/s: 65,536.00

---Traffic---
In-Die bisection_bytes BW (GB/s): 2,048.00
Inter-board traffic (msg/ns): 0.00, per-link: 0.00
Inter-pack traffic (msg/ns): 0.00, per-link: 0.00
Inter-die traffic (msg/ns): 0.00, per-link: 0.00
Ruche traffic (msg/ns): 0.00, per-link: 0.00
All traffic (msg/ns): 56,968.04, per-link: 3.48
Inter-die reduction wrt all: inf
Inter-board reduction wrt inter-die: -nan

---Data Movement---
All traffic (msg): 8,028,449,416
Arith. Intensity FLOP/Loads: 0.42
Arith. Intensity FLOP/Msgs: 0.05
Arith. Intensity OPS/Loads: 1.73
Arith. Intensity OPS/Msgs: 0.22



===Core Utilization Total=== CORE-S:14;; TIME K cy:140 ;; Nodes Proc: 554,707 -- Edges Proc: 20,026,971
======== IT IS COLD ======= Only 818 Tiles active

===PRINTING FRAME STATS

FCollision In Avg:10, SD:24, Max:202, Min:0
FCollision Out Avg:7, SD:16, Max:102, Min:0
FCollision End Avg:1, SD:3, Max:93, Min:0
FTask1 Avg:3, SD:7, Max:53, Min:0
FTask2 Avg:3, SD:11, Max:86, Min:0
FTask3 Avg:18, SD:7, Max:63, Min:4
FCore Active Avg:25, SD:17, Max:100, Min:6
FRouter Active Avg:45, SD:20, Max:99, Min:13
T1 invocations: 38,690
T2 invocations: 51,434
T3 invocations: 59,876
T3b invocations: 1,454,844
Total3 invocations: 1,514,720
Total4 invocations: 5,498

T3/T2 ratio: 1
T3b/T3 ratio: 24

T1 avg ex cycles: 28
T2 avg ex cycles: 27
T3&b avg ex cycles: 5
T4 avg ex cycles: 62
Avg. hops NOC1: 40
Avg. latency NOC1 (T2): 2,832
Avg. hops NOC2: 13
Avg. latency NOC2 (T3): 276

===PRINTING ACUM STATS at pu_cycles: 151,052

ACollision In Avg:66, SD:26, Max:159, Min:10
ACollision Out Avg:60, SD:23, Max:157, Min:1
ACollision End Avg:3, SD:5, Max:74, Min:0
ATask1 Avg:4, SD:1, Max:18, Min:0
ATask2 Avg:8, SD:2, Max:17, Min:0
ATask3 Avg:57, SD:5, Max:76, Min:44
ACore Active Avg:70, SD:5, Max:89, Min:56
ARouter Active Avg:84, SD:6, Max:94, Min:56
T1 invocations: 3,251,924
T2 invocations: 5,115,766
T3 invocations: 17,007,578
T3b invocations: 259,644,975
Total3 invocations: 276,652,553
Total4 invocations: 278,558

T3/T2 ratio: 3
T3b/T3 ratio: 15

T1 avg ex cycles: 31
T2 avg ex cycles: 39
T3&b avg ex cycles: 5
T4 avg ex cycles: 109
Avg. hops NOC1: 25
Avg. latency NOC1 (T2): 7,081
Avg. hops NOC2: 14
Avg. latency NOC2 (T3): 1,771
Number of K Nodes Processed: 4,472
Number of K Edges Processed: 164,580
Node Re-explore factor: 1.07
Edge Re-explore factor: 1.28
Nodes/cy: 30
Edges/cy: 1,090
TEPS: 849

---Pcache---
Pcache Size: 7,711
Cached: 1
  PHits: 177,046,799
  PMisses: 82,362,074
  PHit Rate (hit/miss): 68%
  PEvictions: 44,506,189
  PEviction Rate (evict/misses): 54%

---Energy---
Leakage Energy (nJ): 143,621
PU Dyn E (nJ): 16,263,377
Mem Dyn E (nJ): 48,614,069
Route Dyn E (nJ): 24,492,432
Dynamic Energy (nJ): 89,369,878
Ratio of Dyn/Leak: 622
Total Energy (nJ): 89,513,499
Total Energy (nJ) 3D: 91,681,302
Cores Energy (nJ): 16,270,103
Route Energy (nJ): 24,496,305
Route Energy (nJ) 3D: 26,664,108
Mem Energy   (nJ): 48,747,092
Mem Energy   (nJ) 3D: 48,747,092
Avg. Power (mW): 592,600.55
Power Density (mW/mm2): 171.21

---Runtime---
Runtime in K cycles: 151.05
Microseconds: 151.05
Time per iteration (ms): 0.15

---Throughput---
GOP/s (aka OPS/ns): 11,948.90
GOP/s per core: 0.73
FLOP/s: 2,920.35
FLOP/s per core: 0.18
Max Peak FLOP/s: 16,384.00
Avg. BW GB/s: 55,295.27
Max BW GB/s: 65,536.00

---Traffic---
In-Die bisection_bytes BW (GB/s): 2,048.00
Inter-board traffic (msg/ns): 0.00, per-link: 0.00
Inter-pack traffic (msg/ns): 0.00, per-link: 0.00
Inter-die traffic (msg/ns): 0.00, per-link: 0.00
Ruche traffic (msg/ns): 0.00, per-link: 0.00
All traffic (msg/ns): 54,160.89, per-link: 3.31
Inter-die reduction wrt all: inf
Inter-board reduction wrt inter-die: -nan

---Data Movement---
All traffic (msg): 8,181,110,490
Arith. Intensity FLOP/Loads: 0.42
Arith. Intensity FLOP/Msgs: 0.05
Arith. Intensity OPS/Loads: 1.73
Arith. Intensity OPS/Msgs: 0.22



===Core Utilization Total=== CORE-S:15;; TIME K cy:150 ;; Nodes Proc: 557,780 -- Edges Proc: 20,412,387
======== IT IS COLD ======= Only 270 Tiles active

===PRINTING FRAME STATS

FCollision In Avg:3, SD:13, Max:173, Min:0
FCollision Out Avg:2, SD:8, Max:76, Min:0
FCollision End Avg:0, SD:1, Max:48, Min:0
FTask1 Avg:1, SD:5, Max:62, Min:0
FTask2 Avg:1, SD:7, Max:98, Min:0
FTask3 Avg:7, SD:4, Max:30, Min:1
FCore Active Avg:10, SD:11, Max:100, Min:1
FRouter Active Avg:19, SD:15, Max:94, Min:4
T1 invocations: 13,906
T2 invocations: 17,927
T3 invocations: 23,653
T3b invocations: 549,456
Total3 invocations: 573,109
Total4 invocations: 2,555

T3/T2 ratio: 1
T3b/T3 ratio: 23

T1 avg ex cycles: 29
T2 avg ex cycles: 29
T3&b avg ex cycles: 5
T4 avg ex cycles: 43
Avg. hops NOC1: 42
Avg. latency NOC1 (T2): 2,115
Avg. hops NOC2: 13
Avg. latency NOC2 (T3): 191

===PRINTING ACUM STATS at pu_cycles: 160,278

ACollision In Avg:62, SD:25, Max:149, Min:9
ACollision Out Avg:57, SD:21, Max:148, Min:1
ACollision End Avg:2, SD:4, Max:70, Min:0
ATask1 Avg:4, SD:1, Max:17, Min:0
ATask2 Avg:7, SD:1, Max:16, Min:0
ATask3 Avg:54, SD:4, Max:72, Min:42
ACore Active Avg:66, SD:5, Max:85, Min:53
ARouter Active Avg:80, SD:6, Max:92, Min:53
T1 invocations: 3,290,224
T2 invocations: 5,180,593
T3 invocations: 17,109,220
T3b invocations: 261,706,465
Total3 invocations: 278,815,685
Total4 invocations: 290,274

T3/T2 ratio: 3
T3b/T3 ratio: 15

T1 avg ex cycles: 31
T2 avg ex cycles: 39
T3&b avg ex cycles: 5
T4 avg ex cycles: 106
Avg. hops NOC1: 25
Avg. latency NOC1 (T2): 7,026
Avg. hops NOC2: 14
Avg. latency NOC2 (T3): 1,759
Number of K Nodes Processed: 4,483
Number of K Edges Processed: 165,861
Node Re-explore factor: 1.07
Edge Re-explore factor: 1.29
Nodes/cy: 28
Edges/cy: 1,035
TEPS: 801

---Pcache---
Pcache Size: 7,711
Cached: 1
  PHits: 178,473,314
  PMisses: 82,843,604
  PHit Rate (hit/miss): 68%
  PEvictions: 44,912,410
  PEviction Rate (evict/misses): 54%

---Energy---
Leakage Energy (nJ): 152,393
PU Dyn E (nJ): 16,392,616
Mem Dyn E (nJ): 48,996,203
Route Dyn E (nJ): 24,681,367
Dynamic Energy (nJ): 90,070,186
Ratio of Dyn/Leak: 591
Total Energy (nJ): 90,222,579
Total Energy (nJ) 3D: 92,407,104
Cores Energy (nJ): 16,399,753
Route Energy (nJ): 24,685,476
Route Energy (nJ) 3D: 26,870,002
Mem Energy   (nJ): 49,137,350
Mem Energy   (nJ) 3D: 49,137,350
Avg. Power (mW): 562,913.06
Power Density (mW/mm2): 162.63

---Runtime---
Runtime in K cycles: 160.28
Microseconds: 160.28
Time per iteration (ms): 0.16

---Throughput---
GOP/s (aka OPS/ns): 11,349.80
GOP/s per core: 0.69
FLOP/s: 2,774.32
FLOP/s per core: 0.17
Max Peak FLOP/s: 16,384.00
Avg. BW GB/s: 52,525.23
Max BW GB/s: 65,536.00

---Traffic---
In-Die bisection_bytes BW (GB/s): 2,048.00
Inter-board traffic (msg/ns): 0.00, per-link: 0.00
Inter-pack traffic (msg/ns): 0.00, per-link: 0.00
Inter-die traffic (msg/ns): 0.00, per-link: 0.00
Ruche traffic (msg/ns): 0.00, per-link: 0.00
All traffic (msg/ns): 51,437.84, per-link: 3.14
Inter-die reduction wrt all: inf
Inter-board reduction wrt inter-die: -nan

---Data Movement---
All traffic (msg): 8,244,353,831
Arith. Intensity FLOP/Loads: 0.42
Arith. Intensity FLOP/Msgs: 0.05
Arith. Intensity OPS/Loads: 1.73
Arith. Intensity OPS/Msgs: 0.22



===Core Utilization Total=== CORE-S:16;; TIME K cy:160 ;; Nodes Proc: 559,104 -- Edges Proc: 20,586,209
======== IT IS COLD ======= Only 127 Tiles active

===PRINTING FRAME STATS

FCollision In Avg:0, SD:2, Max:35, Min:0
FCollision Out Avg:0, SD:2, Max:30, Min:0
FCollision End Avg:0, SD:0, Max:17, Min:0
FTask1 Avg:0, SD:1, Max:39, Min:0
FTask2 Avg:0, SD:4, Max:87, Min:0
FTask3 Avg:2, SD:3, Max:21, Min:0
FCore Active Avg:2, SD:5, Max:97, Min:0
FRouter Active Avg:4, SD:9, Max:86, Min:0
T1 invocations: 1,661
T2 invocations: 2,356
T3 invocations: 4,099
T3b invocations: 128,391
Total3 invocations: 132,490
Total4 invocations: 465

T3/T2 ratio: 2
T3b/T3 ratio: 31

T1 avg ex cycles: 29
T2 avg ex cycles: 43
T3&b avg ex cycles: 5
T4 avg ex cycles: 32
Avg. hops NOC1: 25
Avg. latency NOC1 (T2): 3,359
Avg. hops NOC2: 14
Avg. latency NOC2 (T3): 164

===PRINTING ACUM STATS at pu_cycles: 170,072

ACollision In Avg:59, SD:23, Max:140, Min:8
ACollision Out Avg:53, SD:20, Max:140, Min:1
ACollision End Avg:2, SD:4, Max:66, Min:0
ATask1 Avg:4, SD:1, Max:16, Min:2
ATask2 Avg:7, SD:1, Max:15, Min:4
ATask3 Avg:51, SD:4, Max:68, Min:39
ACore Active Avg:63, SD:4, Max:80, Min:50
ARouter Active Avg:75, SD:6, Max:89, Min:50
T1 invocations: 3,295,853
T2 invocations: 5,192,105
T3 invocations: 17,129,424
T3b invocations: 262,115,704
Total3 invocations: 279,245,128
Total4 invocations: 292,867

T3/T2 ratio: 3
T3b/T3 ratio: 15

T1 avg ex cycles: 31
T2 avg ex cycles: 39
T3&b avg ex cycles: 5
T4 avg ex cycles: 105
Avg. hops NOC1: 25
Avg. latency NOC1 (T2): 7,017
Avg. hops NOC2: 14
Avg. latency NOC2 (T3): 1,756
Number of K Nodes Processed: 4,485
Number of K Edges Processed: 166,115
Node Re-explore factor: 1.07
Edge Re-explore factor: 1.29
Nodes/cy: 26
Edges/cy: 977
TEPS: 754

---Pcache---
Pcache Size: 7,711
Cached: 1
  PHits: 178,789,632
  PMisses: 82,930,256
  PHit Rate (hit/miss): 68%
  PEvictions: 44,989,047
  PEviction Rate (evict/misses): 54%

---Energy---
Leakage Energy (nJ): 161,705
PU Dyn E (nJ): 16,417,956
Mem Dyn E (nJ): 49,071,879
Route Dyn E (nJ): 24,717,928
Dynamic Energy (nJ): 90,207,765
Ratio of Dyn/Leak: 558
Total Energy (nJ): 90,369,470
Total Energy (nJ) 3D: 92,557,231
Cores Energy (nJ): 16,425,530
Route Energy (nJ): 24,722,289
Route Energy (nJ) 3D: 26,910,050
Mem Energy   (nJ): 49,221,652
Mem Energy   (nJ) 3D: 49,221,652
Avg. Power (mW): 531,360.07
Power Density (mW/mm2): 153.52

---Runtime---
Runtime in K cycles: 170.07
Microseconds: 170.07
Time per iteration (ms): 0.17

---Throughput---
GOP/s (aka OPS/ns): 10,712.60
GOP/s per core: 0.65
FLOP/s: 2,618.62
FLOP/s per core: 0.16
Max Peak FLOP/s: 16,384.00
Avg. BW GB/s: 49,576.93
Max BW GB/s: 65,536.00

---Traffic---
In-Die bisection_bytes BW (GB/s): 2,048.00
Inter-board traffic (msg/ns): 0.00, per-link: 0.00
Inter-pack traffic (msg/ns): 0.00, per-link: 0.00
Inter-die traffic (msg/ns): 0.00, per-link: 0.00
Ruche traffic (msg/ns): 0.00, per-link: 0.00
All traffic (msg/ns): 48,547.74, per-link: 2.96
Inter-die reduction wrt all: inf
Inter-board reduction wrt inter-die: -nan

---Data Movement---
All traffic (msg): 8,256,610,926
Arith. Intensity FLOP/Loads: 0.42
Arith. Intensity FLOP/Msgs: 0.05
Arith. Intensity OPS/Loads: 1.73
Arith. Intensity OPS/Msgs: 0.22



===Core Utilization Total=== CORE-S:17;; TIME K cy:170 ;; Nodes Proc: 559,406 -- Edges Proc: 20,658,916
======== IT IS COLD ======= Only 23 Tiles active
Epoch Done Router: 7
Epoch Done Router: 6
Epoch Done Router: 3
Epoch Done Router: 5
Epoch Done Router: 0
Epoch Done Router: 2
Epoch Done Router: 1
Epoch Done Router: 4
##EPOCH## 1 COMPLETED at Time (K cy): 173
Nodes processed until now: 4,485,916
Edges processed until now: 166,118,759
Program Done Worker Thread: 0
Program Done Worker Thread: 1
Program Done Worker Thread: 6
Program Done Router Thread: 3
Program Done Worker Thread: 5
Program Done Router Thread: 5
Program Done Router Thread: 0
Program Done Worker Thread: 4
Program Done Router Thread: 2
Program Done Router Thread: 1
Program Done Router Thread: 6
Program Done Router Thread: 4
Program Done Router Thread: 7
Program Done Worker Thread: 7
Program Done Worker Thread: 3
Program Done Worker Thread: 2

===PRINTING ACUM STATS at pu_cycles: 173,123

ACollision In Avg:58, SD:23, Max:138, Min:8
ACollision Out Avg:52, SD:20, Max:137, Min:1
ACollision End Avg:2, SD:4, Max:65, Min:0
ATask1 Avg:3, SD:1, Max:16, Min:2
ATask2 Avg:7, SD:1, Max:15, Min:5
ATask3 Avg:50, SD:4, Max:67, Min:39
ACore Active Avg:61, SD:4, Max:79, Min:49
ARouter Active Avg:74, SD:6, Max:87, Min:49
T1 invocations: 3,295,925
T2 invocations: 5,192,446
T3 invocations: 17,129,675
T3b invocations: 262,123,119
Total3 invocations: 279,252,794
Total4 invocations: 292,915

T3/T2 ratio: 3
T3b/T3 ratio: 15

T1 avg ex cycles: 31
T2 avg ex cycles: 39
T3&b avg ex cycles: 5
T4 avg ex cycles: 105
Avg. hops NOC1: 25
Avg. latency NOC1 (T2): 7,017
Avg. hops NOC2: 14
Avg. latency NOC2 (T3): 1,756

Runtime at program end in K cycles: 173
Runtime before cooldown in K cycles: 131


Number of K Nodes Processed: 4,485
Number of K Edges Processed: 166,118
Node Re-explore factor: 1.07
Edge Re-explore factor: 1.29
Nodes/cy: 26
Edges/cy: 960
TEPS: 741

---Pcache---
Pcache Size: 7,711
Cached: 1
  PHits: 178,794,523
  PMisses: 82,932,423
  PHit Rate (hit/miss): 68%
  PEvictions: 44,990,691
  PEviction Rate (evict/misses): 54%

---Energy---
Leakage Energy (nJ): 164,606
PU Dyn E (nJ): 16,418,516
Mem Dyn E (nJ): 49,073,534
Route Dyn E (nJ): 24,718,516
Dynamic Energy (nJ): 90,210,567
Ratio of Dyn/Leak: 548
Total Energy (nJ): 90,375,173
Total Energy (nJ) 3D: 92,562,986
Cores Energy (nJ): 16,426,225
Route Energy (nJ): 24,722,955
Route Energy (nJ) 3D: 26,910,769
Mem Energy   (nJ): 49,225,993
Mem Energy   (nJ) 3D: 49,225,993
Avg. Power (mW): 522,028.69
Power Density (mW/mm2): 150.82

---Runtime---
Runtime in K cycles: 173.12
Microseconds: 173.12
Time per iteration (ms): 0.17

---Inst---
K Loads: 1,053,394
K Stores: 1,054,590
K Instructions: 1,821,968

---Throughput---
GOP/s (aka OPS/ns): 10,524.13
GOP/s per core: 0.64
FLOP/s: 2,572.57
FLOP/s per core: 0.16
Max Peak FLOP/s: 16,384.00
Avg. BW GB/s: 48,704.90
Max BW GB/s: 65,536.00

---Traffic---
In-Die bisection_bytes BW (GB/s): 2,048.00
Inter-board traffic (msg/ns): 0.00, per-link: 0.00
Inter-pack traffic (msg/ns): 0.00, per-link: 0.00
Inter-die traffic (msg/ns): 0.00, per-link: 0.00
Ruche traffic (msg/ns): 0.00, per-link: 0.00
All traffic (msg/ns): 47,693.32, per-link: 2.91
Inter-die reduction wrt all: inf
Inter-board reduction wrt inter-die: -nan

---Data Movement---
All traffic (msg): 8,256,810,028
Arith. Intensity FLOP/Loads: 0.42
Arith. Intensity FLOP/Msgs: 0.05
Arith. Intensity OPS/Loads: 1.73
Arith. Intensity OPS/Msgs: 0.22

Simulation time: 660.18
Sim noc_cy/s: 262.24
Sim Msg/s: 12,506,875.24

Version 31

