Dataset:  Kron22/
Dry run: 0
Open Edge Count File succesfully
Edges Traversed BFS: 128309848
Found Vertices: 4194304, Edges: 128311436
avg degree 31
Array  Kron22/node_array.bin found
Malloc array of size 16777220 bytes
Readin array of size 16777216 bytes
Finished Reading Array Bytes
No reordering Array 32bit
Array  Kron22/edge_array.bin found
Malloc array of size 513245744 bytes
Readin array of size 513245744 bytes
Finished Reading Array Bytes
No reordering Array 32bit
Array  Kron22/edge_values.bin found
Malloc array of size 513245744 bytes
Readin array of size 513245744 bytes
Finished Reading Array Bytes
No reordering Array 32bit
Reading graph elapsed time: 0.195038s

Dataset Footprint: 1011 MiB
Dataset Footprint per Board: 8488.88 Mb
Dataset injection time (ms): 0.51812
Max Dataset Footprint: 1026 MiB

Dataset footprint per tile: 4047 KiB
Proxys footprint per tile: 0 KiB
Reserved SRAM per tile: 3476 KiB

Ideal SRAM per tile: 7523 KiB
reserved_words_for_dataset:791040
dataset_words_per_tile:1036240
remaining_sram_words:1207082
min_dcache_sram_words_required:1036240
dataset_words_per_tile:1036240
min_pcache_sram_words_required:0
proxys_words_per_tile:0
Dcache footprint ratio: 1
Dataset Cached: 0
DCache: 1036240 words, lines: 64765, sets: 64765
Proxys Cached: 0
Pcache: 0 words, sets: 0
Node per tile: 16,384
Edge per tile: 501,217
GRID_X: 16
GRID_SIZE: 256
smt_per_tile: 16
noc_freq: 2
pu_freq: 1
RUCHE_X: 2
PROXY_W: 16
DIE_W: 4
DIE_H: 4
DIES: 16
BORDER_TILES_PER_DIE: 16
PACK_W: 16
PACK_H: 16
DIES_PACK_FACTOR: 4
DIES_PER_PACK: 16
PACKAGES: 1
BOARD_W: 16
BOARD_H: 16
BOARDS: 1
MUX_BUS: 1
DCACHE: 1
PCACHE: 0
PROXY_FACTOR: 1
CACHE_WAYS: 1
TORUS: 1
PHY_NOCS: 1
WIDE_NOC_ID: 0
NOC_CONF: 1
noc_width: 32
hbm_channel_bit_width: 512
ld_st_op_byte_width: 4
PROXY_ROUTING: 0
WRITE_THROUGH: 1
ASSERT_MODE: 0
GLOBAL_BARRIER: 0
OQ flits: 576 ; 98,304 ; 2
IQ flits: 4,608 ; 786,432 ; 2
OQ messages: 192 ; 49,152 ; 1
IQ messages: 1,536 ; 393,216 ; 1
max_task2 size: 64
io_factor_t2: 8
io_factor_t3: 8
io_factor_t3b: 8

Active SRAM Storage per tile: 7,524 KiB
Total SRAM Storage per tile: 8,192 KiB
Agreggated SRAM Storage: 2,048 MiB

Active DRAM Storage per tile: 0 MiB
Total DRAM Storage per tile: 512 MiB
Agreggated DRAM Storage: 128 GiB

Inter-Die #links: 128
Inter-Die (Gbits): 8,192
Inter-Die (Gbits/mm): 246.342
Bisection BW of Board (Gbits): 8,192
Border IO #Dies: 16
Border IO Die BW (Gbits): 1,024
Off-Board BW Total (Gbits): 16,384
Off-Board BW Density (Gbits/mm): 54
Die side: 8.31 mm
Die border wire density: 246.34 Gbits/mm
HBM wire density: 492.68 Gbits/mm

Tiles per Die: 16 (4x4)
Tile Area: 3.02 mm2, side: 1.74 mm
- Core/Rout Area: 0.72 mm2
- SRAM Area: 2.30 mm2
- SRAM/Logic Ratio: 3.19x

Dies per Package: 16 (4x4)
Die Area: 69.12 mm2, side: 8.31 mm
- Tiles Area: 48.24 mm2
- PHY Area: 11.87 mm2
- MC Area: 9.00 mm2

Packages per Board: 1 (1x1)
Package Area: 5,745.87 mm2, side: 75.80 mm
- IOdie Area: 2,880.00 mm2
- Dies Area: 1,105.87 mm2
- HBM Area: 1,760.00 mm2

Boards: 1 (1x1)
Board Area: 5,745.87 mm2
Total Area: 5,745.87 mm2



ESTIMATED COST OF SILICON AND PACKAGING. ONLY VARIABLE, NO FIXED COSTS
Good dies per wafer 3d: 483
Good dies per wafer 2d: 808
--Dies 3D Cost: 200.31 $
--Dies 2.5D Cost: 119.74 $
--Dies 2D Cost: 119.74 $
--HBM Cost: 960.00 $
--IOdie Cost: 417.03 $
--Packaging Cost 3d: 98.59 $
--Packaging Cost 2.5d: 122.43 $
--Packaging Cost 2d: 80.52 $
SiP Cost 3d: 1,675.94 $
SiP Cost 2.5d: 1,619.20 $
SiP Cost 2d: 617.29 $
--Board Cost: 5.75 $
Total SiPs Cost 3d: 1,681.68 $
Total SiPs Cost 2.5d: 1,624.95 $
Total SiPs Cost 2d: 623.04 $

Perf counters initialized
Mesh connected
Cache structures initialized
Replicas initialized
Allocated Frontier List
Dataset structures initialized


Starting Simulation
INIT epoch: 1
INIT epoch: 1
INIT epoch: 1
INIT epoch: 1
INIT epoch: 1
INIT epoch: 1
INIT epoch: 1
INIT epoch: 1

===PRINTING FRAME STATS

FCollision In Avg:-nan, SD:-nan, Max:260, Min:72
FCollision Out Avg:-nan, SD:-nan, Max:213, Min:25
FCollision End Avg:-nan, SD:-nan, Max:95, Min:0
FTask1 Avg:-nan, SD:-nan, Max:60, Min:0
FTask2 Avg:-nan, SD:-nan, Max:803, Min:1
FTask3 Avg:-nan, SD:-nan, Max:504, Min:337
FCore Active Avg:-nan, SD:-nan, Max:78, Min:31
FRouter Active Avg:-nan, SD:-nan, Max:88, Min:59
T1 invocations: 48,050
T2 invocations: 278,937
T3 invocations: 11,036,434
T3b invocations: 0
Total3 invocations: 11,036,434
Total4 invocations: 637

T3/T2 ratio: 40
T3b/T3 ratio: 0

T1 avg ex cycles: 71
T2 avg ex cycles: 378
T3&b avg ex cycles: 10
T4 avg ex cycles: 432
Avg. hops NOC1: 2
Avg. latency NOC1 (T2): 14,456
Avg. hops NOC2: 6
Avg. latency NOC2 (T3): 33,721

===PRINTING ACUM STATS at pu_cycles: 100,800

ACollision In Avg:-nan, SD:-nan, Max:260, Min:72
ACollision Out Avg:-nan, SD:-nan, Max:213, Min:25
ACollision End Avg:-nan, SD:-nan, Max:95, Min:0
ATask1 Avg:-nan, SD:-nan, Max:60, Min:0
ATask2 Avg:-nan, SD:-nan, Max:803, Min:1
ATask3 Avg:-nan, SD:-nan, Max:504, Min:337
ACore Active Avg:-nan, SD:-nan, Max:78, Min:31
ARouter Active Avg:-nan, SD:-nan, Max:88, Min:59
T1 invocations: 48,050
T2 invocations: 278,937
T3 invocations: 11,036,434
T3b invocations: 0
Total3 invocations: 11,036,434
Total4 invocations: 637

T3/T2 ratio: 40
T3b/T3 ratio: 0

T1 avg ex cycles: 71
T2 avg ex cycles: 378
T3&b avg ex cycles: 10
T4 avg ex cycles: 432
Avg. hops NOC1: 2
Avg. latency NOC1 (T2): 14,456
Avg. hops NOC2: 6
Avg. latency NOC2 (T3): 33,721
Number of K Nodes Processed: 2,581
Number of K Edges Processed: 17,504
Node Re-explore factor: 0.62
Edge Re-explore factor: 0.14
Nodes/cy: 26
Edges/cy: 174
TEPS: 1,273

---DCache---
DCache Size: 1,036,240
DRAM words: 0
  DHits: 0
  DMisses: 0

---Energy---
Leakage Energy (nJ): 152,677
PU Dyn E (nJ): 966,476
Mem Dyn E (nJ): 12,153,290
Route Dyn E (nJ): 2,237,153
Dynamic Energy (nJ): 15,356,919
Ratio of Dyn/Leak: 101
Total Energy (nJ): 15,509,596
Total Energy (nJ) 3D: 16,582,894
Cores Energy (nJ): 967,598
Route Energy (nJ): 2,267,361
Route Energy (nJ) 3D: 3,340,660
Mem Energy   (nJ): 12,274,637
Mem Energy   (nJ) 3D: 12,274,637
Avg. Power (mW): 153,865.04
Power Density (mW/mm2): 26.78

---Runtime---
Runtime in K cycles: 100.80
Microseconds: 100.80
Time per iteration (ms): 0.10

---Throughput---
GOP/s (aka OPS/ns): 984.23
GOP/s per core: 3.84
FLOP/s: 280.03
FLOP/s per core: 1.09
Max Peak FLOP/s: 4,096.00
Avg. BW GB/s: 5,848.29
Max BW GB/s: 16,384.00

---Traffic---
In-Die bisection_bytes BW (GB/s): 256.00
Inter-board traffic (msg/ns): 0.00, per-link: 0.00
Inter-pack traffic (msg/ns): 0.00, per-link: 0.00
Inter-die traffic (msg/ns): 117.59, per-link: 0.46
Ruche traffic (msg/ns): 296.40, per-link: 1.16
All traffic (msg/ns): 1,435.25, per-link: 5.61
Inter-die reduction wrt all: 12.21
Inter-board reduction wrt inter-die: inf

---Data Movement---
All traffic (msg): 144,673,379
Arith. Intensity FLOP/Loads: 0.36
Arith. Intensity FLOP/Msgs: 0.20
Arith. Intensity OPS/Loads: 1.26
Arith. Intensity OPS/Msgs: 0.69



===Core Utilization Total=== CORE-S:1;; TIME K cy:100 ;; Nodes Proc: 324,473 -- Edges Proc: 2,338,354

===PRINTING FRAME STATS

FCollision In Avg:129, SD:31, Max:243, Min:69
FCollision Out Avg:66, SD:38, Max:211, Min:16
FCollision End Avg:5, SD:19, Max:99, Min:0
FTask1 Avg:12, SD:14, Max:65, Min:0
FTask2 Avg:289, SD:147, Max:680, Min:0
FTask3 Avg:381, SD:31, Max:494, Min:308
FCore Active Avg:43, SD:10, Max:69, Min:21
FRouter Active Avg:84, SD:4, Max:92, Min:68
T1 invocations: 63,344
T2 invocations: 223,329
T3 invocations: 13,389,088
T3b invocations: 0
Total3 invocations: 13,389,088
Total4 invocations: 899

T3/T2 ratio: 60
T3b/T3 ratio: 0

T1 avg ex cycles: 50
T2 avg ex cycles: 331
T3&b avg ex cycles: 7
T4 avg ex cycles: 579
Avg. hops NOC1: 1
Avg. latency NOC1 (T2): 20,020
Avg. hops NOC2: 6
Avg. latency NOC2 (T3): 44,932

===PRINTING ACUM STATS at pu_cycles: 200,483

ACollision In Avg:128, SD:28, Max:251, Min:78
ACollision Out Avg:68, SD:36, Max:208, Min:22
ACollision End Avg:4, SD:17, Max:97, Min:0
ATask1 Avg:13, SD:9, Max:48, Min:0
ATask2 Avg:354, SD:123, Max:680, Min:0
ATask3 Avg:403, SD:19, Max:459, Min:355
ACore Active Avg:48, SD:8, Max:68, Min:27
ARouter Active Avg:81, SD:4, Max:89, Min:68
T1 invocations: 111,444
T2 invocations: 496,527
T3 invocations: 24,251,189
T3b invocations: 0
Total3 invocations: 24,251,189
Total4 invocations: 1,536

T3/T2 ratio: 49
T3b/T3 ratio: 0

T1 avg ex cycles: 59
T2 avg ex cycles: 357
T3&b avg ex cycles: 8
T4 avg ex cycles: 519
Avg. hops NOC1: 2
Avg. latency NOC1 (T2): 16,728
Avg. hops NOC2: 6
Avg. latency NOC2 (T3): 39,889
Number of K Nodes Processed: 4,079
Number of K Edges Processed: 29,185
Node Re-explore factor: 0.97
Edge Re-explore factor: 0.23
Nodes/cy: 20
Edges/cy: 146
TEPS: 640

---DCache---
DCache Size: 1,036,240
DRAM words: 0
  DHits: 0
  DMisses: 0

---Energy---
Leakage Energy (nJ): 303,662
PU Dyn E (nJ): 1,796,619
Mem Dyn E (nJ): 22,607,632
Route Dyn E (nJ): 4,872,414
Dynamic Energy (nJ): 29,276,665
Ratio of Dyn/Leak: 96
Total Energy (nJ): 29,580,327
Total Energy (nJ) 3D: 31,908,148
Cores Energy (nJ): 1,798,851
Route Energy (nJ): 4,932,495
Route Energy (nJ) 3D: 7,260,316
Mem Energy   (nJ): 22,848,982
Mem Energy   (nJ) 3D: 22,848,982
Avg. Power (mW): 147,545.31
Power Density (mW/mm2): 25.68

---Runtime---
Runtime in K cycles: 200.48
Microseconds: 200.48
Time per iteration (ms): 0.20

---Throughput---
GOP/s (aka OPS/ns): 907.55
GOP/s per core: 3.55
FLOP/s: 264.82
FLOP/s per core: 1.03
Max Peak FLOP/s: 4,096.00
Avg. BW GB/s: 5,471.02
Max BW GB/s: 16,384.00

---Traffic---
In-Die bisection_bytes BW (GB/s): 256.00
Inter-board traffic (msg/ns): 0.00, per-link: 0.00
Inter-pack traffic (msg/ns): 0.00, per-link: 0.00
Inter-die traffic (msg/ns): 127.93, per-link: 0.50
Ruche traffic (msg/ns): 329.20, per-link: 1.29
All traffic (msg/ns): 1,572.29, per-link: 6.14
Inter-die reduction wrt all: 12.29
Inter-board reduction wrt inter-die: inf

---Data Movement---
All traffic (msg): 315,218,037
Arith. Intensity FLOP/Loads: 0.36
Arith. Intensity FLOP/Msgs: 0.17
Arith. Intensity OPS/Loads: 1.22
Arith. Intensity OPS/Msgs: 0.58



===Core Utilization Total=== CORE-S:2;; TIME K cy:200 ;; Nodes Proc: 509,243 -- Edges Proc: 3,806,367

===PRINTING FRAME STATS

FCollision In Avg:127, SD:28, Max:245, Min:73
FCollision Out Avg:61, SD:38, Max:200, Min:7
FCollision End Avg:7, SD:23, Max:99, Min:0
FTask1 Avg:22, SD:23, Max:101, Min:0
FTask2 Avg:345, SD:158, Max:706, Min:0
FTask3 Avg:381, SD:26, Max:469, Min:322
FCore Active Avg:47, SD:11, Max:71, Min:22
FRouter Active Avg:88, SD:4, Max:94, Min:70
T1 invocations: 124,490
T2 invocations: 302,736
T3 invocations: 15,087,457
T3b invocations: 0
Total3 invocations: 15,087,457
Total4 invocations: 1,883

T3/T2 ratio: 50
T3b/T3 ratio: 0

T1 avg ex cycles: 44
T2 avg ex cycles: 292
T3&b avg ex cycles: 6
T4 avg ex cycles: 575
Avg. hops NOC1: 1
Avg. latency NOC1 (T2): 16,013
Avg. hops NOC2: 6
Avg. latency NOC2 (T3): 30,058

===PRINTING ACUM STATS at pu_cycles: 300,563

ACollision In Avg:128, SD:27, Max:249, Min:79
ACollision Out Avg:66, SD:36, Max:205, Min:18
ACollision End Avg:5, SD:18, Max:98, Min:0
ATask1 Avg:16, SD:12, Max:56, Min:0
ATask2 Avg:349, SD:116, Max:616, Min:2
ATask3 Avg:396, SD:19, Max:450, Min:353
ACore Active Avg:48, SD:8, Max:66, Min:26
ARouter Active Avg:84, SD:4, Max:91, Min:70
T1 invocations: 233,749
T2 invocations: 797,889
T3 invocations: 39,359,919
T3b invocations: 0
Total3 invocations: 39,359,919
Total4 invocations: 3,385

T3/T2 ratio: 49
T3b/T3 ratio: 0

T1 avg ex cycles: 51
T2 avg ex cycles: 332
T3&b avg ex cycles: 8
T4 avg ex cycles: 549
Avg. hops NOC1: 2
Avg. latency NOC1 (T2): 16,607
Avg. hops NOC2: 6
Avg. latency NOC2 (T3): 36,148
Number of K Nodes Processed: 5,172
Number of K Edges Processed: 43,575
Node Re-explore factor: 1.23
Edge Re-explore factor: 0.34
Nodes/cy: 17
Edges/cy: 145
TEPS: 427

---DCache---
DCache Size: 1,036,240
DRAM words: 0
  DHits: 0
  DMisses: 0

---Energy---
Leakage Energy (nJ): 455,249
PU Dyn E (nJ): 2,755,614
Mem Dyn E (nJ): 34,546,051
Route Dyn E (nJ): 7,858,256
Dynamic Energy (nJ): 45,159,921
Ratio of Dyn/Leak: 99
Total Energy (nJ): 45,615,170
Total Energy (nJ) 3D: 49,371,325
Cores Energy (nJ): 2,758,960
Route Energy (nJ): 7,948,330
Route Energy (nJ) 3D: 11,704,485
Mem Energy   (nJ): 34,907,880
Mem Energy   (nJ) 3D: 34,907,880
Avg. Power (mW): 151,765.75
Power Density (mW/mm2): 26.41

---Runtime---
Runtime in K cycles: 300.56
Microseconds: 300.56
Time per iteration (ms): 0.30

---Throughput---
GOP/s (aka OPS/ns): 914.45
GOP/s per core: 3.57
FLOP/s: 274.43
FLOP/s per core: 1.07
Max Peak FLOP/s: 4,096.00
Avg. BW GB/s: 5,576.89
Max BW GB/s: 16,384.00

---Traffic---
In-Die bisection_bytes BW (GB/s): 256.00
Inter-board traffic (msg/ns): 0.00, per-link: 0.00
Inter-pack traffic (msg/ns): 0.00, per-link: 0.00
Inter-die traffic (msg/ns): 135.56, per-link: 0.53
Ruche traffic (msg/ns): 355.73, per-link: 1.39
All traffic (msg/ns): 1,693.04, per-link: 6.61
Inter-die reduction wrt all: 12.49
Inter-board reduction wrt inter-die: inf

---Data Movement---
All traffic (msg): 508,865,878
Arith. Intensity FLOP/Loads: 0.36
Arith. Intensity FLOP/Msgs: 0.16
Arith. Intensity OPS/Loads: 1.20
Arith. Intensity OPS/Msgs: 0.54



===Core Utilization Total=== CORE-S:3;; TIME K cy:300 ;; Nodes Proc: 645,638 -- Edges Proc: 5,701,960

===PRINTING FRAME STATS

FCollision In Avg:124, SD:27, Max:184, Min:68
FCollision Out Avg:58, SD:41, Max:182, Min:3
FCollision End Avg:11, SD:27, Max:99, Min:0
FTask1 Avg:32, SD:33, Max:155, Min:0
FTask2 Avg:377, SD:159, Max:805, Min:0
FTask3 Avg:372, SD:29, Max:455, Min:308
FCore Active Avg:49, SD:11, Max:83, Min:22
FRouter Active Avg:89, SD:4, Max:95, Min:70
T1 invocations: 198,668
T2 invocations: 381,552
T3 invocations: 15,797,226
T3b invocations: 0
Total3 invocations: 15,797,226
Total4 invocations: 3,061

T3/T2 ratio: 41
T3b/T3 ratio: 0

T1 avg ex cycles: 41
T2 avg ex cycles: 253
T3&b avg ex cycles: 6
T4 avg ex cycles: 571
Avg. hops NOC1: 1
Avg. latency NOC1 (T2): 16,363
Avg. hops NOC2: 6
Avg. latency NOC2 (T3): 23,180

===PRINTING ACUM STATS at pu_cycles: 400,847

ACollision In Avg:127, SD:26, Max:233, Min:77
ACollision Out Avg:64, SD:36, Max:198, Min:15
ACollision End Avg:7, SD:19, Max:98, Min:0
ATask1 Avg:20, SD:17, Max:74, Min:0
ATask2 Avg:356, SD:113, Max:650, Min:2
ATask3 Avg:390, SD:21, Max:449, Min:343
ACore Active Avg:48, SD:8, Max:70, Min:25
ARouter Active Avg:85, SD:4, Max:92, Min:70
T1 invocations: 438,369
T2 invocations: 1,189,222
T3 invocations: 55,613,990
T3b invocations: 0
Total3 invocations: 55,613,990
Total4 invocations: 6,534

T3/T2 ratio: 47
T3b/T3 ratio: 0

T1 avg ex cycles: 47
T2 avg ex cycles: 307
T3&b avg ex cycles: 7
T4 avg ex cycles: 560
Avg. hops NOC1: 1
Avg. latency NOC1 (T2): 16,404
Avg. hops NOC2: 6
Avg. latency NOC2 (T3): 32,409
Number of K Nodes Processed: 5,976
Number of K Edges Processed: 59,212
Node Re-explore factor: 1.43
Edge Re-explore factor: 0.46
Nodes/cy: 15
Edges/cy: 148
TEPS: 320

---DCache---
DCache Size: 1,036,240
DRAM words: 0
  DHits: 0
  DMisses: 0

---Energy---
Leakage Energy (nJ): 607,144
PU Dyn E (nJ): 3,804,050
Mem Dyn E (nJ): 47,455,510
Route Dyn E (nJ): 11,071,372
Dynamic Energy (nJ): 62,330,933
Ratio of Dyn/Leak: 103
Total Energy (nJ): 62,938,077
Total Energy (nJ) 3D: 68,251,421
Cores Energy (nJ): 3,808,513
Route Energy (nJ): 11,191,499
Route Energy (nJ) 3D: 16,504,843
Mem Energy   (nJ): 47,938,066
Mem Energy   (nJ) 3D: 47,938,066
Avg. Power (mW): 157,012.72
Power Density (mW/mm2): 27.33

---Runtime---
Runtime in K cycles: 400.85
Microseconds: 400.85
Time per iteration (ms): 0.40

---Throughput---
GOP/s (aka OPS/ns): 937.43
GOP/s per core: 3.66
FLOP/s: 286.35
FLOP/s per core: 1.12
Max Peak FLOP/s: 4,096.00
Avg. BW GB/s: 5,744.57
Max BW GB/s: 16,384.00

---Traffic---
In-Die bisection_bytes BW (GB/s): 256.00
Inter-board traffic (msg/ns): 0.00, per-link: 0.00
Inter-pack traffic (msg/ns): 0.00, per-link: 0.00
Inter-die traffic (msg/ns): 140.65, per-link: 0.55
Ruche traffic (msg/ns): 374.21, per-link: 1.46
All traffic (msg/ns): 1,789.67, per-link: 6.99
Inter-die reduction wrt all: 12.72
Inter-board reduction wrt inter-die: inf

---Data Movement---
All traffic (msg): 717,382,496
Arith. Intensity FLOP/Loads: 0.36
Arith. Intensity FLOP/Msgs: 0.16
Arith. Intensity OPS/Loads: 1.19
Arith. Intensity OPS/Msgs: 0.52



===Core Utilization Total=== CORE-S:4;; TIME K cy:400 ;; Nodes Proc: 745,610 -- Edges Proc: 7,594,327

===PRINTING FRAME STATS

FCollision In Avg:121, SD:27, Max:214, Min:65
FCollision Out Avg:59, SD:43, Max:187, Min:6
FCollision End Avg:12, SD:29, Max:99, Min:0
FTask1 Avg:37, SD:36, Max:152, Min:0
FTask2 Avg:363, SD:166, Max:814, Min:0
FTask3 Avg:345, SD:29, Max:451, Min:274
FCore Active Avg:47, SD:12, Max:81, Min:21
FRouter Active Avg:87, SD:5, Max:94, Min:67
T1 invocations: 237,480
T2 invocations: 414,744
T3 invocations: 15,212,925
T3b invocations: 0
Total3 invocations: 15,212,925
Total4 invocations: 3,679

T3/T2 ratio: 37
T3b/T3 ratio: 0

T1 avg ex cycles: 40
T2 avg ex cycles: 224
T3&b avg ex cycles: 6
T4 avg ex cycles: 569
Avg. hops NOC1: 1
Avg. latency NOC1 (T2): 17,814
Avg. hops NOC2: 6
Avg. latency NOC2 (T3): 22,487

===PRINTING ACUM STATS at pu_cycles: 500,597

ACollision In Avg:126, SD:26, Max:218, Min:75
ACollision Out Avg:63, SD:36, Max:192, Min:13
ACollision End Avg:8, SD:19, Max:98, Min:0
ATask1 Avg:23, SD:19, Max:73, Min:0
ATask2 Avg:357, SD:116, Max:674, Min:1
ATask3 Avg:381, SD:22, Max:446, Min:332
ACore Active Avg:48, SD:8, Max:70, Min:25
ARouter Active Avg:85, SD:4, Max:92, Min:70
T1 invocations: 653,165
T2 invocations: 1,568,809
T3 invocations: 69,711,353
T3b invocations: 0
Total3 invocations: 69,711,353
Total4 invocations: 9,859

T3/T2 ratio: 44
T3b/T3 ratio: 0

T1 avg ex cycles: 44
T2 avg ex cycles: 286
T3&b avg ex cycles: 7
T4 avg ex cycles: 563
Avg. hops NOC1: 1
Avg. latency NOC1 (T2): 17,123
Avg. hops NOC2: 6
Avg. latency NOC2 (T3): 30,387
Number of K Nodes Processed: 6,564
Number of K Edges Processed: 74,153
Node Re-explore factor: 1.57
Edge Re-explore factor: 0.58
Nodes/cy: 13
Edges/cy: 148
TEPS: 256

---DCache---
DCache Size: 1,036,240
DRAM words: 0
  DHits: 0
  DMisses: 0

---Energy---
Leakage Energy (nJ): 758,231
PU Dyn E (nJ): 4,703,913
Mem Dyn E (nJ): 58,470,340
Route Dyn E (nJ): 13,873,373
Dynamic Energy (nJ): 77,047,626
Ratio of Dyn/Leak: 102
Total Energy (nJ): 77,805,857
Total Energy (nJ) 3D: 84,414,936
Cores Energy (nJ): 4,709,486
Route Energy (nJ): 14,023,393
Route Energy (nJ) 3D: 20,632,471
Mem Energy   (nJ): 59,072,978
Mem Energy   (nJ) 3D: 59,072,978
Avg. Power (mW): 155,426.13
Power Density (mW/mm2): 27.05

---Runtime---
Runtime in K cycles: 500.60
Microseconds: 500.60
Time per iteration (ms): 0.50

---Throughput---
GOP/s (aka OPS/ns): 923.81
GOP/s per core: 3.61
FLOP/s: 284.63
FLOP/s per core: 1.11
Max Peak FLOP/s: 4,096.00
Avg. BW GB/s: 5,667.74
Max BW GB/s: 16,384.00

---Traffic---
In-Die bisection_bytes BW (GB/s): 256.00
Inter-board traffic (msg/ns): 0.00, per-link: 0.00
Inter-pack traffic (msg/ns): 0.00, per-link: 0.00
Inter-die traffic (msg/ns): 143.06, per-link: 0.56
Ruche traffic (msg/ns): 381.16, per-link: 1.49
All traffic (msg/ns): 1,796.60, per-link: 7.02
Inter-die reduction wrt all: 12.56
Inter-board reduction wrt inter-die: inf

---Data Movement---
All traffic (msg): 899,374,763
Arith. Intensity FLOP/Loads: 0.37
Arith. Intensity FLOP/Msgs: 0.16
Arith. Intensity OPS/Loads: 1.19
Arith. Intensity OPS/Msgs: 0.51



===Core Utilization Total=== CORE-S:5;; TIME K cy:500 ;; Nodes Proc: 818,779 -- Edges Proc: 9,524,192

===PRINTING FRAME STATS

FCollision In Avg:121, SD:26, Max:177, Min:65
FCollision Out Avg:61, SD:45, Max:193, Min:5
FCollision End Avg:12, SD:29, Max:99, Min:0
FTask1 Avg:37, SD:34, Max:144, Min:0
FTask2 Avg:357, SD:166, Max:878, Min:0
FTask3 Avg:330, SD:28, Max:418, Min:262
FCore Active Avg:46, SD:12, Max:85, Min:18
FRouter Active Avg:86, SD:5, Max:93, Min:69
T1 invocations: 242,096
T2 invocations: 419,672
T3 invocations: 14,850,243
T3b invocations: 0
Total3 invocations: 14,850,243
Total4 invocations: 3,744

T3/T2 ratio: 35
T3b/T3 ratio: 0

T1 avg ex cycles: 39
T2 avg ex cycles: 218
T3&b avg ex cycles: 6
T4 avg ex cycles: 570
Avg. hops NOC1: 1
Avg. latency NOC1 (T2): 16,751
Avg. hops NOC2: 6
Avg. latency NOC2 (T3): 21,995

===PRINTING ACUM STATS at pu_cycles: 601,063

ACollision In Avg:125, SD:25, Max:208, Min:73
ACollision Out Avg:63, SD:37, Max:192, Min:12
ACollision End Avg:8, SD:20, Max:98, Min:0
ATask1 Avg:25, SD:20, Max:76, Min:0
ATask2 Avg:357, SD:120, Max:685, Min:1
ATask3 Avg:372, SD:23, Max:443, Min:323
ACore Active Avg:47, SD:9, Max:71, Min:24
ARouter Active Avg:85, SD:4, Max:92, Min:69
T1 invocations: 906,600
T2 invocations: 2,011,528
T3 invocations: 85,107,428
T3b invocations: 0
Total3 invocations: 85,107,428
Total4 invocations: 13,775

T3/T2 ratio: 42
T3b/T3 ratio: 0

T1 avg ex cycles: 43
T2 avg ex cycles: 271
T3&b avg ex cycles: 7
T4 avg ex cycles: 565
Avg. hops NOC1: 1
Avg. latency NOC1 (T2): 16,840
Avg. hops NOC2: 6
Avg. latency NOC2 (T3): 28,875
Number of K Nodes Processed: 7,064
Number of K Edges Processed: 88,902
Node Re-explore factor: 1.68
Edge Re-explore factor: 0.69
Nodes/cy: 12
Edges/cy: 148
TEPS: 213

---DCache---
DCache Size: 1,036,240
DRAM words: 0
  DHits: 0
  DMisses: 0

---Energy---
Leakage Energy (nJ): 910,402
PU Dyn E (nJ): 5,705,605
Mem Dyn E (nJ): 70,695,242
Route Dyn E (nJ): 16,937,980
Dynamic Energy (nJ): 93,338,829
Ratio of Dyn/Leak: 103
Total Energy (nJ): 94,249,231
Total Energy (nJ) 3D: 102,357,327
Cores Energy (nJ): 5,712,297
Route Energy (nJ): 17,118,108
Route Energy (nJ) 3D: 25,226,205
Mem Energy   (nJ): 71,418,826
Mem Energy   (nJ) 3D: 71,418,826
Avg. Power (mW): 156,804.25
Power Density (mW/mm2): 27.29

---Runtime---
Runtime in K cycles: 601.06
Microseconds: 601.06
Time per iteration (ms): 0.60

---Throughput---
GOP/s (aka OPS/ns): 929.50
GOP/s per core: 3.63
FLOP/s: 288.47
FLOP/s per core: 1.13
Max Peak FLOP/s: 4,096.00
Avg. BW GB/s: 5,707.42
Max BW GB/s: 16,384.00

---Traffic---
In-Die bisection_bytes BW (GB/s): 256.00
Inter-board traffic (msg/ns): 0.00, per-link: 0.00
Inter-pack traffic (msg/ns): 0.00, per-link: 0.00
Inter-die traffic (msg/ns): 144.13, per-link: 0.56
Ruche traffic (msg/ns): 383.86, per-link: 1.50
All traffic (msg/ns): 1,827.11, per-link: 7.14
Inter-die reduction wrt all: 12.68
Inter-board reduction wrt inter-die: inf

---Data Movement---
All traffic (msg): 1,098,205,689
Arith. Intensity FLOP/Loads: 0.37
Arith. Intensity FLOP/Msgs: 0.16
Arith. Intensity OPS/Loads: 1.19
Arith. Intensity OPS/Msgs: 0.51



===Core Utilization Total=== CORE-S:6;; TIME K cy:600 ;; Nodes Proc: 881,697 -- Edges Proc: 11,324,902

===PRINTING FRAME STATS

FCollision In Avg:123, SD:27, Max:211, Min:65
FCollision Out Avg:59, SD:43, Max:179, Min:3
FCollision End Avg:12, SD:29, Max:99, Min:0
FTask1 Avg:40, SD:34, Max:149, Min:0
FTask2 Avg:377, SD:167, Max:774, Min:0
FTask3 Avg:339, SD:29, Max:460, Min:278
FCore Active Avg:48, SD:12, Max:77, Min:22
FRouter Active Avg:87, SD:4, Max:94, Min:69
T1 invocations: 258,262
T2 invocations: 446,501
T3 invocations: 15,468,148
T3b invocations: 0
Total3 invocations: 15,468,148
Total4 invocations: 3,990

T3/T2 ratio: 35
T3b/T3 ratio: 0

T1 avg ex cycles: 39
T2 avg ex cycles: 216
T3&b avg ex cycles: 6
T4 avg ex cycles: 572
Avg. hops NOC1: 1
Avg. latency NOC1 (T2): 17,471
Avg. hops NOC2: 6
Avg. latency NOC2 (T3): 22,802

===PRINTING ACUM STATS at pu_cycles: 700,696

ACollision In Avg:125, SD:25, Max:209, Min:73
ACollision Out Avg:62, SD:38, Max:189, Min:11
ACollision End Avg:9, SD:21, Max:98, Min:0
ATask1 Avg:28, SD:21, Max:82, Min:0
ATask2 Avg:361, SD:123, Max:695, Min:1
ATask3 Avg:367, SD:23, Max:433, Min:317
ACore Active Avg:48, SD:9, Max:72, Min:24
ARouter Active Avg:86, SD:4, Max:92, Min:69
T1 invocations: 1,178,265
T2 invocations: 2,474,535
T3 invocations: 101,065,403
T3b invocations: 0
Total3 invocations: 101,065,403
Total4 invocations: 17,968

T3/T2 ratio: 41
T3b/T3 ratio: 0

T1 avg ex cycles: 42
T2 avg ex cycles: 261
T3&b avg ex cycles: 7
T4 avg ex cycles: 567
Avg. hops NOC1: 1
Avg. latency NOC1 (T2): 16,850
Avg. hops NOC2: 6
Avg. latency NOC2 (T3): 27,915
Number of K Nodes Processed: 7,534
Number of K Edges Processed: 104,410
Node Re-explore factor: 1.80
Edge Re-explore factor: 0.81
Nodes/cy: 11
Edges/cy: 149
TEPS: 183

---DCache---
DCache Size: 1,036,240
DRAM words: 0
  DHits: 0
  DMisses: 0

---Energy---
Leakage Energy (nJ): 1,061,311
PU Dyn E (nJ): 6,743,420
Mem Dyn E (nJ): 83,342,504
Route Dyn E (nJ): 20,094,053
Dynamic Energy (nJ): 110,179,977
Ratio of Dyn/Leak: 104
Total Energy (nJ): 111,241,288
Total Energy (nJ) 3D: 120,882,087
Cores Energy (nJ): 6,751,221
Route Energy (nJ): 20,304,039
Route Energy (nJ) 3D: 29,944,837
Mem Energy   (nJ): 84,186,030
Mem Energy   (nJ) 3D: 84,186,030
Avg. Power (mW): 158,758.28
Power Density (mW/mm2): 27.63

---Runtime---
Runtime in K cycles: 700.70
Microseconds: 700.70
Time per iteration (ms): 0.70

---Throughput---
GOP/s (aka OPS/ns): 939.41
GOP/s per core: 3.67
FLOP/s: 293.20
FLOP/s per core: 1.15
Max Peak FLOP/s: 4,096.00
Avg. BW GB/s: 5,771.82
Max BW GB/s: 16,384.00

---Traffic---
In-Die bisection_bytes BW (GB/s): 256.00
Inter-board traffic (msg/ns): 0.00, per-link: 0.00
Inter-pack traffic (msg/ns): 0.00, per-link: 0.00
Inter-die traffic (msg/ns): 145.70, per-link: 0.57
Ruche traffic (msg/ns): 389.18, per-link: 1.52
All traffic (msg/ns): 1,859.91, per-link: 7.27
Inter-die reduction wrt all: 12.77
Inter-board reduction wrt inter-die: inf

---Data Movement---
All traffic (msg): 1,303,231,342
Arith. Intensity FLOP/Loads: 0.37
Arith. Intensity FLOP/Msgs: 0.16
Arith. Intensity OPS/Loads: 1.19
Arith. Intensity OPS/Msgs: 0.51



===Core Utilization Total=== CORE-S:7;; TIME K cy:700 ;; Nodes Proc: 940,298 -- Edges Proc: 13,337,690

===PRINTING FRAME STATS

FCollision In Avg:122, SD:27, Max:228, Min:52
FCollision Out Avg:56, SD:42, Max:169, Min:3
FCollision End Avg:12, SD:29, Max:98, Min:0
FTask1 Avg:43, SD:35, Max:134, Min:0
FTask2 Avg:396, SD:169, Max:821, Min:0
FTask3 Avg:355, SD:29, Max:436, Min:294
FCore Active Avg:50, SD:12, Max:82, Min:23
FRouter Active Avg:90, SD:4, Max:96, Min:72
T1 invocations: 278,423
T2 invocations: 471,507
T3 invocations: 16,339,313
T3b invocations: 0
Total3 invocations: 16,339,313
Total4 invocations: 5,169

T3/T2 ratio: 35
T3b/T3 ratio: 0

T1 avg ex cycles: 39
T2 avg ex cycles: 215
T3&b avg ex cycles: 6
T4 avg ex cycles: 487
Avg. hops NOC1: 1
Avg. latency NOC1 (T2): 16,114
Avg. hops NOC2: 6
Avg. latency NOC2 (T3): 20,619

===PRINTING ACUM STATS at pu_cycles: 801,022

ACollision In Avg:124, SD:25, Max:211, Min:70
ACollision Out Avg:61, SD:38, Max:187, Min:10
ACollision End Avg:9, SD:22, Max:98, Min:0
ATask1 Avg:30, SD:22, Max:83, Min:0
ATask2 Avg:365, SD:125, Max:693, Min:1
ATask3 Avg:366, SD:24, Max:434, Min:315
ACore Active Avg:48, SD:9, Max:72, Min:24
ARouter Active Avg:86, SD:4, Max:93, Min:70
T1 invocations: 1,456,688
T2 invocations: 2,946,042
T3 invocations: 117,404,716
T3b invocations: 0
Total3 invocations: 117,404,716
Total4 invocations: 23,137

T3/T2 ratio: 40
T3b/T3 ratio: 0

T1 avg ex cycles: 42
T2 avg ex cycles: 254
T3&b avg ex cycles: 6
T4 avg ex cycles: 549
Avg. hops NOC1: 1
Avg. latency NOC1 (T2): 16,732
Avg. hops NOC2: 6
Avg. latency NOC2 (T3): 26,900
Number of K Nodes Processed: 7,987
Number of K Edges Processed: 120,680
Node Re-explore factor: 1.90
Edge Re-explore factor: 0.94
Nodes/cy: 10
Edges/cy: 151
TEPS: 160

---DCache---
DCache Size: 1,036,240
DRAM words: 0
  DHits: 0
  DMisses: 0

---Energy---
Leakage Energy (nJ): 1,213,270
PU Dyn E (nJ): 7,797,932
Mem Dyn E (nJ): 96,187,363
Route Dyn E (nJ): 23,324,862
Dynamic Energy (nJ): 127,310,157
Ratio of Dyn/Leak: 105
Total Energy (nJ): 128,523,427
Total Energy (nJ) 3D: 139,709,045
Cores Energy (nJ): 7,806,849
Route Energy (nJ): 23,564,914
Route Energy (nJ) 3D: 34,750,532
Mem Energy   (nJ): 97,151,665
Mem Energy   (nJ) 3D: 97,151,665
Avg. Power (mW): 160,449.31
Power Density (mW/mm2): 27.92

---Runtime---
Runtime in K cycles: 801.02
Microseconds: 801.02
Time per iteration (ms): 0.80

---Throughput---
GOP/s (aka OPS/ns): 947.89
GOP/s per core: 3.70
FLOP/s: 297.17
FLOP/s per core: 1.16
Max Peak FLOP/s: 4,096.00
Avg. BW GB/s: 5,827.13
Max BW GB/s: 16,384.00

---Traffic---
In-Die bisection_bytes BW (GB/s): 256.00
Inter-board traffic (msg/ns): 0.00, per-link: 0.00
Inter-pack traffic (msg/ns): 0.00, per-link: 0.00
Inter-die traffic (msg/ns): 147.70, per-link: 0.58
Ruche traffic (msg/ns): 395.92, per-link: 1.55
All traffic (msg/ns): 1,889.07, per-link: 7.38
Inter-die reduction wrt all: 12.79
Inter-board reduction wrt inter-die: inf

---Data Movement---
All traffic (msg): 1,513,187,073
Arith. Intensity FLOP/Loads: 0.37
Arith. Intensity FLOP/Msgs: 0.16
Arith. Intensity OPS/Loads: 1.19
Arith. Intensity OPS/Msgs: 0.50



===Core Utilization Total=== CORE-S:8;; TIME K cy:800 ;; Nodes Proc: 997,366 -- Edges Proc: 15,314,464

===PRINTING FRAME STATS

FCollision In Avg:123, SD:28, Max:230, Min:43
FCollision Out Avg:60, SD:41, Max:180, Min:8
FCollision End Avg:11, SD:27, Max:99, Min:0
FTask1 Avg:39, SD:32, Max:120, Min:0
FTask2 Avg:368, SD:161, Max:795, Min:0
FTask3 Avg:326, SD:27, Max:416, Min:258
FCore Active Avg:46, SD:11, Max:78, Min:21
FRouter Active Avg:86, SD:4, Max:94, Min:70
T1 invocations: 254,642
T2 invocations: 436,377
T3 invocations: 15,065,330
T3b invocations: 0
Total3 invocations: 15,065,330
Total4 invocations: 5,603

T3/T2 ratio: 35
T3b/T3 ratio: 0

T1 avg ex cycles: 39
T2 avg ex cycles: 216
T3&b avg ex cycles: 6
T4 avg ex cycles: 417
Avg. hops NOC1: 1
Avg. latency NOC1 (T2): 16,761
Avg. hops NOC2: 6
Avg. latency NOC2 (T3): 21,267

===PRINTING ACUM STATS at pu_cycles: 900,589

ACollision In Avg:124, SD:25, Max:213, Min:68
ACollision Out Avg:61, SD:38, Max:186, Min:10
ACollision End Avg:10, SD:22, Max:98, Min:0
ATask1 Avg:31, SD:22, Max:80, Min:0
ATask2 Avg:365, SD:126, Max:665, Min:1
ATask3 Avg:361, SD:24, Max:430, Min:310
ACore Active Avg:48, SD:9, Max:70, Min:24
ARouter Active Avg:86, SD:4, Max:93, Min:70
T1 invocations: 1,703,078
T2 invocations: 3,369,159
T3 invocations: 132,096,234
T3b invocations: 0
Total3 invocations: 132,096,234
Total4 invocations: 28,614

T3/T2 ratio: 39
T3b/T3 ratio: 0

T1 avg ex cycles: 41
T2 avg ex cycles: 249
T3&b avg ex cycles: 6
T4 avg ex cycles: 523
Avg. hops NOC1: 1
Avg. latency NOC1 (T2): 16,798
Avg. hops NOC2: 6
Avg. latency NOC2 (T3): 26,274
Number of K Nodes Processed: 8,388
Number of K Edges Processed: 135,778
Node Re-explore factor: 2.00
Edge Re-explore factor: 1.06
Nodes/cy: 9
Edges/cy: 151
TEPS: 142

---DCache---
DCache Size: 1,036,240
DRAM words: 0
  DHits: 0
  DMisses: 0

---Energy---
Leakage Energy (nJ): 1,364,080
PU Dyn E (nJ): 8,746,688
Mem Dyn E (nJ): 107,746,924
Route Dyn E (nJ): 26,238,190
Dynamic Energy (nJ): 142,731,803
Ratio of Dyn/Leak: 105
Total Energy (nJ): 144,095,883
Total Energy (nJ) 3D: 156,659,208
Cores Energy (nJ): 8,756,713
Route Energy (nJ): 26,508,080
Route Energy (nJ) 3D: 39,071,406
Mem Energy   (nJ): 108,831,089
Mem Energy   (nJ) 3D: 108,831,089
Avg. Power (mW): 160,001.82
Power Density (mW/mm2): 27.85

---Runtime---
Runtime in K cycles: 900.59
Microseconds: 900.59
Time per iteration (ms): 0.90

---Throughput---
GOP/s (aka OPS/ns): 943.87
GOP/s per core: 3.69
FLOP/s: 296.93
FLOP/s per core: 1.16
Max Peak FLOP/s: 4,096.00
Avg. BW GB/s: 5,805.81
Max BW GB/s: 16,384.00

---Traffic---
In-Die bisection_bytes BW (GB/s): 256.00
Inter-board traffic (msg/ns): 0.00, per-link: 0.00
Inter-pack traffic (msg/ns): 0.00, per-link: 0.00
Inter-die traffic (msg/ns): 147.97, per-link: 0.58
Ruche traffic (msg/ns): 397.61, per-link: 1.55
All traffic (msg/ns): 1,890.39, per-link: 7.38
Inter-die reduction wrt all: 12.78
Inter-board reduction wrt inter-die: inf

---Data Movement---
All traffic (msg): 1,702,468,419
Arith. Intensity FLOP/Loads: 0.37
Arith. Intensity FLOP/Msgs: 0.16
Arith. Intensity OPS/Loads: 1.18
Arith. Intensity OPS/Msgs: 0.50



===Core Utilization Total=== CORE-S:9;; TIME K cy:900 ;; Nodes Proc: 1,047,046 -- Edges Proc: 17,213,644

===PRINTING FRAME STATS

FCollision In Avg:122, SD:29, Max:227, Min:43
FCollision Out Avg:57, SD:41, Max:176, Min:6
FCollision End Avg:11, SD:29, Max:99, Min:0
FTask1 Avg:40, SD:31, Max:139, Min:0
FTask2 Avg:379, SD:165, Max:795, Min:0
FTask3 Avg:341, SD:30, Max:511, Min:282
FCore Active Avg:48, SD:11, Max:77, Min:21
FRouter Active Avg:88, SD:4, Max:94, Min:73
T1 invocations: 261,441
T2 invocations: 455,598
T3 invocations: 15,802,880
T3b invocations: 0
Total3 invocations: 15,802,880
Total4 invocations: 6,273

T3/T2 ratio: 35
T3b/T3 ratio: 0

T1 avg ex cycles: 39
T2 avg ex cycles: 213
T3&b avg ex cycles: 6
T4 avg ex cycles: 391
Avg. hops NOC1: 1
Avg. latency NOC1 (T2): 15,957
Avg. hops NOC2: 6
Avg. latency NOC2 (T3): 20,653

===PRINTING ACUM STATS at pu_cycles: 1,000,884

ACollision In Avg:124, SD:26, Max:215, Min:67
ACollision Out Avg:61, SD:38, Max:184, Min:10
ACollision End Avg:10, SD:22, Max:98, Min:0
ATask1 Avg:31, SD:22, Max:79, Min:0
ATask2 Avg:367, SD:127, Max:676, Min:1
ATask3 Avg:359, SD:24, Max:428, Min:307
ACore Active Avg:48, SD:9, Max:70, Min:24
ARouter Active Avg:86, SD:4, Max:93, Min:70
T1 invocations: 1,948,195
T2 invocations: 3,801,985
T3 invocations: 147,317,981
T3b invocations: 0
Total3 invocations: 147,317,981
Total4 invocations: 34,632

T3/T2 ratio: 39
T3b/T3 ratio: 0

T1 avg ex cycles: 41
T2 avg ex cycles: 245
T3&b avg ex cycles: 6
T4 avg ex cycles: 498
Avg. hops NOC1: 1
Avg. latency NOC1 (T2): 16,790
Avg. hops NOC2: 6
Avg. latency NOC2 (T3): 25,690
Number of K Nodes Processed: 8,785
Number of K Edges Processed: 151,437
Node Re-explore factor: 2.09
Edge Re-explore factor: 1.18
Nodes/cy: 9
Edges/cy: 151
TEPS: 128

---DCache---
DCache Size: 1,036,240
DRAM words: 0
  DHits: 0
  DMisses: 0

---Energy---
Leakage Energy (nJ): 1,515,992
PU Dyn E (nJ): 9,717,798
Mem Dyn E (nJ): 119,590,148
Route Dyn E (nJ): 29,260,590
Dynamic Energy (nJ): 158,568,536
Ratio of Dyn/Leak: 105
Total Energy (nJ): 160,084,528
Total Energy (nJ) 3D: 174,069,430
Cores Energy (nJ): 9,728,940
Route Energy (nJ): 29,560,537
Route Energy (nJ) 3D: 43,545,438
Mem Energy   (nJ): 120,795,052
Mem Energy   (nJ) 3D: 120,795,052
Avg. Power (mW): 159,943.14
Power Density (mW/mm2): 27.84

---Runtime---
Runtime in K cycles: 1,000.88
Microseconds: 1,000.88
Time per iteration (ms): 1.00

---Throughput---
GOP/s (aka OPS/ns): 941.93
GOP/s per core: 3.68
FLOP/s: 297.25
FLOP/s per core: 1.16
Max Peak FLOP/s: 4,096.00
Avg. BW GB/s: 5,798.29
Max BW GB/s: 16,384.00

---Traffic---
In-Die bisection_bytes BW (GB/s): 256.00
Inter-board traffic (msg/ns): 0.00, per-link: 0.00
Inter-pack traffic (msg/ns): 0.00, per-link: 0.00
Inter-die traffic (msg/ns): 148.86, per-link: 0.58
Ruche traffic (msg/ns): 400.60, per-link: 1.56
All traffic (msg/ns): 1,897.13, per-link: 7.41
Inter-die reduction wrt all: 12.74
Inter-board reduction wrt inter-die: inf

---Data Movement---
All traffic (msg): 1,898,802,296
Arith. Intensity FLOP/Loads: 0.37
Arith. Intensity FLOP/Msgs: 0.16
Arith. Intensity OPS/Loads: 1.18
Arith. Intensity OPS/Msgs: 0.50



===Core Utilization Total=== CORE-S:10;; TIME K cy:1,000 ;; Nodes Proc: 1,096,907 -- Edges Proc: 19,197,966

===PRINTING FRAME STATS

FCollision In Avg:119, SD:30, Max:234, Min:24
FCollision Out Avg:53, SD:39, Max:172, Min:2
FCollision End Avg:10, SD:27, Max:99, Min:0
FTask1 Avg:45, SD:34, Max:143, Min:0
FTask2 Avg:394, SD:159, Max:811, Min:0
FTask3 Avg:349, SD:32, Max:540, Min:281
FCore Active Avg:50, SD:11, Max:84, Min:22
FRouter Active Avg:89, SD:4, Max:95, Min:72
T1 invocations: 299,605
T2 invocations: 490,706
T3 invocations: 16,275,922
T3b invocations: 0
Total3 invocations: 16,275,922
Total4 invocations: 10,934

T3/T2 ratio: 33
T3b/T3 ratio: 0

T1 avg ex cycles: 39
T2 avg ex cycles: 206
T3&b avg ex cycles: 5
T4 avg ex cycles: 273
Avg. hops NOC1: 1
Avg. latency NOC1 (T2): 13,967
Avg. hops NOC2: 6
Avg. latency NOC2 (T3): 19,505

===PRINTING ACUM STATS at pu_cycles: 1,100,642

ACollision In Avg:124, SD:26, Max:216, Min:64
ACollision Out Avg:60, SD:38, Max:183, Min:9
ACollision End Avg:10, SD:22, Max:98, Min:0
ATask1 Avg:33, SD:23, Max:76, Min:0
ATask2 Avg:369, SD:126, Max:675, Min:1
ATask3 Avg:358, SD:25, Max:430, Min:305
ACore Active Avg:48, SD:9, Max:72, Min:24
ARouter Active Avg:87, SD:4, Max:93, Min:71
T1 invocations: 2,269,359
T2 invocations: 4,321,388
T3 invocations: 164,368,383
T3b invocations: 0
Total3 invocations: 164,368,383
Total4 invocations: 45,960

T3/T2 ratio: 38
T3b/T3 ratio: 0

T1 avg ex cycles: 41
T2 avg ex cycles: 240
T3&b avg ex cycles: 6
T4 avg ex cycles: 445
Avg. hops NOC1: 1
Avg. latency NOC1 (T2): 16,364
Avg. hops NOC2: 6
Avg. latency NOC2 (T3): 25,055
Number of K Nodes Processed: 9,168
Number of K Edges Processed: 167,635
Node Re-explore factor: 2.19
Edge Re-explore factor: 1.31
Nodes/cy: 8
Edges/cy: 152
TEPS: 117

---DCache---
DCache Size: 1,036,240
DRAM words: 0
  DHits: 0
  DMisses: 0

---Energy---
Leakage Energy (nJ): 1,667,091
PU Dyn E (nJ): 10,827,871
Mem Dyn E (nJ): 133,054,765
Route Dyn E (nJ): 32,606,526
Dynamic Energy (nJ): 176,489,162
Ratio of Dyn/Leak: 106
Total Energy (nJ): 178,156,253
Total Energy (nJ) 3D: 193,771,448
Cores Energy (nJ): 10,840,123
Route Energy (nJ): 32,936,368
Route Energy (nJ) 3D: 48,551,563
Mem Energy   (nJ): 134,379,762
Mem Energy   (nJ) 3D: 134,379,762
Avg. Power (mW): 161,865.76
Power Density (mW/mm2): 28.17

---Runtime---
Runtime in K cycles: 1,100.64
Microseconds: 1,100.64
Time per iteration (ms): 1.10

---Throughput---
GOP/s (aka OPS/ns): 953.59
GOP/s per core: 3.72
FLOP/s: 301.39
FLOP/s per core: 1.18
Max Peak FLOP/s: 4,096.00
Avg. BW GB/s: 5,866.45
Max BW GB/s: 16,384.00

---Traffic---
In-Die bisection_bytes BW (GB/s): 256.00
Inter-board traffic (msg/ns): 0.00, per-link: 0.00
Inter-pack traffic (msg/ns): 0.00, per-link: 0.00
Inter-die traffic (msg/ns): 149.84, per-link: 0.59
Ruche traffic (msg/ns): 404.75, per-link: 1.58
All traffic (msg/ns): 1,922.96, per-link: 7.51
Inter-die reduction wrt all: 12.83
Inter-board reduction wrt inter-die: inf

---Data Movement---
All traffic (msg): 2,116,495,563
Arith. Intensity FLOP/Loads: 0.37
Arith. Intensity FLOP/Msgs: 0.16
Arith. Intensity OPS/Loads: 1.18
Arith. Intensity OPS/Msgs: 0.50



===Core Utilization Total=== CORE-S:11;; TIME K cy:1,100 ;; Nodes Proc: 1,144,840 -- Edges Proc: 21,268,914

===PRINTING FRAME STATS

FCollision In Avg:115, SD:32, Max:226, Min:26
FCollision Out Avg:49, SD:37, Max:169, Min:4
FCollision End Avg:10, SD:27, Max:98, Min:0
FTask1 Avg:47, SD:33, Max:122, Min:0
FTask2 Avg:401, SD:152, Max:786, Min:0
FTask3 Avg:354, SD:31, Max:452, Min:260
FCore Active Avg:51, SD:11, Max:80, Min:23
FRouter Active Avg:89, SD:4, Max:95, Min:73
T1 invocations: 311,702
T2 invocations: 507,781
T3 invocations: 16,542,461
T3b invocations: 0
Total3 invocations: 16,542,461
Total4 invocations: 19,141

T3/T2 ratio: 33
T3b/T3 ratio: 0

T1 avg ex cycles: 39
T2 avg ex cycles: 202
T3&b avg ex cycles: 5
T4 avg ex cycles: 174
Avg. hops NOC1: 1
Avg. latency NOC1 (T2): 13,288
Avg. hops NOC2: 6
Avg. latency NOC2 (T3): 18,959

===PRINTING ACUM STATS at pu_cycles: 1,201,018

ACollision In Avg:123, SD:26, Max:217, Min:61
ACollision Out Avg:59, SD:37, Max:181, Min:9
ACollision End Avg:10, SD:22, Max:98, Min:0
ATask1 Avg:34, SD:23, Max:75, Min:0
ATask2 Avg:372, SD:124, Max:667, Min:1
ATask3 Avg:358, SD:25, Max:430, Min:304
ACore Active Avg:48, SD:9, Max:72, Min:24
ARouter Active Avg:87, SD:4, Max:93, Min:71
T1 invocations: 2,584,379
T2 invocations: 4,834,528
T3 invocations: 181,056,521
T3b invocations: 0
Total3 invocations: 181,056,521
Total4 invocations: 65,152

T3/T2 ratio: 37
T3b/T3 ratio: 0

T1 avg ex cycles: 40
T2 avg ex cycles: 236
T3&b avg ex cycles: 6
T4 avg ex cycles: 366
Avg. hops NOC1: 1
Avg. latency NOC1 (T2): 16,024
Avg. hops NOC2: 6
Avg. latency NOC2 (T3): 24,495
Number of K Nodes Processed: 9,542
Number of K Edges Processed: 184,081
Node Re-explore factor: 2.28
Edge Re-explore factor: 1.43
Nodes/cy: 8
Edges/cy: 153
TEPS: 107

---DCache---
DCache Size: 1,036,240
DRAM words: 0
  DHits: 0
  DMisses: 0

---Energy---
Leakage Energy (nJ): 1,819,126
PU Dyn E (nJ): 11,910,091
Mem Dyn E (nJ): 146,173,770
Route Dyn E (nJ): 35,870,678
Dynamic Energy (nJ): 193,954,539
Ratio of Dyn/Leak: 107
Total Energy (nJ): 195,773,665
Total Energy (nJ) 3D: 212,943,571
Cores Energy (nJ): 11,923,461
Route Energy (nJ): 36,230,601
Route Energy (nJ) 3D: 53,400,506
Mem Energy   (nJ): 147,619,604
Mem Energy   (nJ) 3D: 147,619,604
Avg. Power (mW): 163,006.44
Power Density (mW/mm2): 28.37

---Runtime---
Runtime in K cycles: 1,201.02
Microseconds: 1,201.02
Time per iteration (ms): 1.20

---Throughput---
GOP/s (aka OPS/ns): 960.73
GOP/s per core: 3.75
FLOP/s: 303.93
FLOP/s per core: 1.19
Max Peak FLOP/s: 4,096.00
Avg. BW GB/s: 5,906.28
Max BW GB/s: 16,384.00

---Traffic---
In-Die bisection_bytes BW (GB/s): 256.00
Inter-board traffic (msg/ns): 0.00, per-link: 0.00
Inter-pack traffic (msg/ns): 0.00, per-link: 0.00
Inter-die traffic (msg/ns): 150.46, per-link: 0.59
Ruche traffic (msg/ns): 409.21, per-link: 1.60
All traffic (msg/ns): 1,939.28, per-link: 7.58
Inter-die reduction wrt all: 12.89
Inter-board reduction wrt inter-die: inf

---Data Movement---
All traffic (msg): 2,329,107,701
Arith. Intensity FLOP/Loads: 0.37
Arith. Intensity FLOP/Msgs: 0.16
Arith. Intensity OPS/Loads: 1.18
Arith. Intensity OPS/Msgs: 0.50



===Core Utilization Total=== CORE-S:12;; TIME K cy:1,200 ;; Nodes Proc: 1,191,855 -- Edges Proc: 23,366,499

===PRINTING FRAME STATS

FCollision In Avg:109, SD:36, Max:218, Min:20
FCollision Out Avg:46, SD:36, Max:152, Min:2
FCollision End Avg:10, SD:27, Max:98, Min:0
FTask1 Avg:48, SD:35, Max:233, Min:0
FTask2 Avg:390, SD:153, Max:797, Min:0
FTask3 Avg:352, SD:30, Max:444, Min:285
FCore Active Avg:50, SD:10, Max:81, Min:23
FRouter Active Avg:88, SD:5, Max:95, Min:71
T1 invocations: 321,894
T2 invocations: 508,203
T3 invocations: 16,458,892
T3b invocations: 0
Total3 invocations: 16,458,892
Total4 invocations: 30,647

T3/T2 ratio: 32
T3b/T3 ratio: 0

T1 avg ex cycles: 38
T2 avg ex cycles: 196
T3&b avg ex cycles: 5
T4 avg ex cycles: 121
Avg. hops NOC1: 1
Avg. latency NOC1 (T2): 12,496
Avg. hops NOC2: 6
Avg. latency NOC2 (T3): 17,547

===PRINTING ACUM STATS at pu_cycles: 1,300,595

ACollision In Avg:122, SD:27, Max:216, Min:59
ACollision Out Avg:58, SD:37, Max:178, Min:9
ACollision End Avg:10, SD:23, Max:98, Min:0
ATask1 Avg:35, SD:23, Max:73, Min:0
ATask2 Avg:373, SD:121, Max:649, Min:0
ATask3 Avg:357, SD:25, Max:431, Min:303
ACore Active Avg:48, SD:9, Max:70, Min:24
ARouter Active Avg:87, SD:4, Max:93, Min:71
T1 invocations: 2,893,992
T2 invocations: 5,326,346
T3 invocations: 196,938,186
T3b invocations: 0
Total3 invocations: 196,938,186
Total4 invocations: 94,567

T3/T2 ratio: 37
T3b/T3 ratio: 0

T1 avg ex cycles: 40
T2 avg ex cycles: 233
T3&b avg ex cycles: 6
T4 avg ex cycles: 290
Avg. hops NOC1: 1
Avg. latency NOC1 (T2): 15,731
Avg. hops NOC2: 6
Avg. latency NOC2 (T3): 23,930
Number of K Nodes Processed: 9,899
Number of K Edges Processed: 200,149
Node Re-explore factor: 2.36
Edge Re-explore factor: 1.56
Nodes/cy: 8
Edges/cy: 154
TEPS: 99

---DCache---
DCache Size: 1,036,240
DRAM words: 0
  DHits: 0
  DMisses: 0

---Energy---
Leakage Energy (nJ): 1,969,950
PU Dyn E (nJ): 12,933,502
Mem Dyn E (nJ): 158,559,034
Route Dyn E (nJ): 38,942,664
Dynamic Energy (nJ): 210,435,200
Ratio of Dyn/Leak: 107
Total Energy (nJ): 212,405,150
Total Energy (nJ) 3D: 230,998,622
Cores Energy (nJ): 12,947,981
Route Energy (nJ): 39,332,428
Route Energy (nJ) 3D: 57,925,900
Mem Energy   (nJ): 160,124,742
Mem Energy   (nJ) 3D: 160,124,742
Avg. Power (mW): 163,313.83
Power Density (mW/mm2): 28.42

---Runtime---
Runtime in K cycles: 1,300.60
Microseconds: 1,300.60
Time per iteration (ms): 1.30

---Throughput---
GOP/s (aka OPS/ns): 963.38
GOP/s per core: 3.76
FLOP/s: 304.79
FLOP/s per core: 1.19
Max Peak FLOP/s: 4,096.00
Avg. BW GB/s: 5,916.24
Max BW GB/s: 16,384.00

---Traffic---
In-Die bisection_bytes BW (GB/s): 256.00
Inter-board traffic (msg/ns): 0.00, per-link: 0.00
Inter-pack traffic (msg/ns): 0.00, per-link: 0.00
Inter-die traffic (msg/ns): 150.39, per-link: 0.59
Ruche traffic (msg/ns): 413.49, per-link: 1.62
All traffic (msg/ns): 1,945.04, per-link: 7.60
Inter-die reduction wrt all: 12.93
Inter-board reduction wrt inter-die: inf

---Data Movement---
All traffic (msg): 2,529,705,306
Arith. Intensity FLOP/Loads: 0.37
Arith. Intensity FLOP/Msgs: 0.16
Arith. Intensity OPS/Loads: 1.18
Arith. Intensity OPS/Msgs: 0.50



===Core Utilization Total=== CORE-S:13;; TIME K cy:1,300 ;; Nodes Proc: 1,236,690 -- Edges Proc: 25,481,859

===PRINTING FRAME STATS

FCollision In Avg:101, SD:38, Max:204, Min:24
FCollision Out Avg:41, SD:31, Max:150, Min:3
FCollision End Avg:7, SD:23, Max:98, Min:0
FTask1 Avg:46, SD:31, Max:131, Min:0
FTask2 Avg:383, SD:153, Max:1,059, Min:0
FTask3 Avg:344, SD:30, Max:427, Min:279
FCore Active Avg:49, SD:10, Max:90, Min:23
FRouter Active Avg:87, SD:6, Max:95, Min:69
T1 invocations: 305,538
T2 invocations: 503,876
T3 invocations: 16,107,453
T3b invocations: 0
Total3 invocations: 16,107,453
Total4 invocations: 42,206

T3/T2 ratio: 32
T3b/T3 ratio: 0

T1 avg ex cycles: 38
T2 avg ex cycles: 194
T3&b avg ex cycles: 5
T4 avg ex cycles: 90
Avg. hops NOC1: 1
Avg. latency NOC1 (T2): 10,052
Avg. hops NOC2: 6
Avg. latency NOC2 (T3): 16,208

===PRINTING ACUM STATS at pu_cycles: 1,400,814

ACollision In Avg:120, SD:27, Max:214, Min:56
ACollision Out Avg:57, SD:36, Max:175, Min:8
ACollision End Avg:10, SD:22, Max:98, Min:0
ATask1 Avg:36, SD:22, Max:71, Min:0
ATask2 Avg:374, SD:114, Max:624, Min:0
ATask3 Avg:356, SD:26, Max:431, Min:301
ACore Active Avg:48, SD:8, Max:69, Min:24
ARouter Active Avg:87, SD:4, Max:93, Min:73
T1 invocations: 3,206,933
T2 invocations: 5,840,396
T3 invocations: 213,327,963
T3b invocations: 0
Total3 invocations: 213,327,963
Total4 invocations: 137,421

T3/T2 ratio: 37
T3b/T3 ratio: 0

T1 avg ex cycles: 40
T2 avg ex cycles: 229
T3&b avg ex cycles: 6
T4 avg ex cycles: 227
Avg. hops NOC1: 1
Avg. latency NOC1 (T2): 15,208
Avg. hops NOC2: 6
Avg. latency NOC2 (T3): 23,339
Number of K Nodes Processed: 10,235
Number of K Edges Processed: 215,901
Node Re-explore factor: 2.44
Edge Re-explore factor: 1.68
Nodes/cy: 7
Edges/cy: 154
TEPS: 92

---DCache---
DCache Size: 1,036,240
DRAM words: 0
  DHits: 0
  DMisses: 0

---Energy---
Leakage Energy (nJ): 2,121,747
PU Dyn E (nJ): 13,990,968
Mem Dyn E (nJ): 171,358,180
Route Dyn E (nJ): 42,102,135
Dynamic Energy (nJ): 227,451,283
Ratio of Dyn/Leak: 107
Total Energy (nJ): 229,573,030
Total Energy (nJ) 3D: 249,666,179
Cores Energy (nJ): 14,006,562
Route Energy (nJ): 42,521,934
Route Energy (nJ) 3D: 62,615,082
Mem Energy   (nJ): 173,044,536
Mem Energy   (nJ) 3D: 173,044,536
Avg. Power (mW): 163,885.45
Power Density (mW/mm2): 28.52

---Runtime---
Runtime in K cycles: 1,400.81
Microseconds: 1,400.81
Time per iteration (ms): 1.40

---Throughput---
GOP/s (aka OPS/ns): 967.52
GOP/s per core: 3.78
FLOP/s: 306.13
FLOP/s per core: 1.20
Max Peak FLOP/s: 4,096.00
Avg. BW GB/s: 5,936.41
Max BW GB/s: 16,384.00

---Traffic---
In-Die bisection_bytes BW (GB/s): 256.00
Inter-board traffic (msg/ns): 0.00, per-link: 0.00
Inter-pack traffic (msg/ns): 0.00, per-link: 0.00
Inter-die traffic (msg/ns): 149.89, per-link: 0.59
Ruche traffic (msg/ns): 416.61, per-link: 1.63
All traffic (msg/ns): 1,953.18, per-link: 7.63
Inter-die reduction wrt all: 13.03
Inter-board reduction wrt inter-die: inf

---Data Movement---
All traffic (msg): 2,736,040,934
Arith. Intensity FLOP/Loads: 0.37
Arith. Intensity FLOP/Msgs: 0.16
Arith. Intensity OPS/Loads: 1.18
Arith. Intensity OPS/Msgs: 0.50



===Core Utilization Total=== CORE-S:14;; TIME K cy:1,400 ;; Nodes Proc: 1,278,799 -- Edges Proc: 27,506,018

===PRINTING FRAME STATS

FCollision In Avg:95, SD:38, Max:186, Min:18
FCollision Out Avg:37, SD:29, Max:150, Min:2
FCollision End Avg:5, SD:20, Max:97, Min:0
FTask1 Avg:49, SD:28, Max:143, Min:0
FTask2 Avg:384, SD:154, Max:974, Min:0
FTask3 Avg:345, SD:32, Max:454, Min:208
FCore Active Avg:50, SD:10, Max:81, Min:23
FRouter Active Avg:87, SD:6, Max:96, Min:67
T1 invocations: 327,383
T2 invocations: 513,980
T3 invocations: 16,198,755
T3b invocations: 0
Total3 invocations: 16,198,755
Total4 invocations: 50,666

T3/T2 ratio: 32
T3b/T3 ratio: 0

T1 avg ex cycles: 38
T2 avg ex cycles: 191
T3&b avg ex cycles: 5
T4 avg ex cycles: 81
Avg. hops NOC1: 1
Avg. latency NOC1 (T2): 6,948
Avg. hops NOC2: 6
Avg. latency NOC2 (T3): 13,339

===PRINTING ACUM STATS at pu_cycles: 1,500,836

ACollision In Avg:118, SD:27, Max:213, Min:54
ACollision Out Avg:56, SD:35, Max:173, Min:8
ACollision End Avg:9, SD:22, Max:97, Min:0
ATask1 Avg:37, SD:21, Max:70, Min:0
ATask2 Avg:375, SD:106, Max:599, Min:0
ATask3 Avg:356, SD:26, Max:431, Min:300
ACore Active Avg:49, SD:8, Max:67, Min:26
ARouter Active Avg:87, SD:4, Max:93, Min:74
T1 invocations: 3,546,571
T2 invocations: 6,366,771
T3 invocations: 229,781,205
T3b invocations: 0
Total3 invocations: 229,781,205
Total4 invocations: 188,890

T3/T2 ratio: 36
T3b/T3 ratio: 0

T1 avg ex cycles: 40
T2 avg ex cycles: 226
T3&b avg ex cycles: 6
T4 avg ex cycles: 188
Avg. hops NOC1: 1
Avg. latency NOC1 (T2): 14,512
Avg. hops NOC2: 6
Avg. latency NOC2 (T3): 22,626
Number of K Nodes Processed: 10,557
Number of K Edges Processed: 231,653
Node Re-explore factor: 2.52
Edge Re-explore factor: 1.81
Nodes/cy: 7
Edges/cy: 154
TEPS: 85

---DCache---
DCache Size: 1,036,240
DRAM words: 0
  DHits: 0
  DMisses: 0

---Energy---
Leakage Energy (nJ): 2,273,246
PU Dyn E (nJ): 15,054,897
Mem Dyn E (nJ): 184,196,134
Route Dyn E (nJ): 45,261,024
Dynamic Energy (nJ): 244,512,055
Ratio of Dyn/Leak: 108
Total Energy (nJ): 246,785,301
Total Energy (nJ) 3D: 268,365,335
Cores Energy (nJ): 15,071,605
Route Energy (nJ): 45,710,797
Route Energy (nJ) 3D: 67,290,830
Mem Energy   (nJ): 186,002,900
Mem Energy   (nJ) 3D: 186,002,900
Avg. Power (mW): 164,431.89
Power Density (mW/mm2): 28.62

---Runtime---
Runtime in K cycles: 1,500.84
Microseconds: 1,500.84
Time per iteration (ms): 1.50

---Throughput---
GOP/s (aka OPS/ns): 972.06
GOP/s per core: 3.80
FLOP/s: 307.37
FLOP/s per core: 1.20
Max Peak FLOP/s: 4,096.00
Avg. BW GB/s: 5,955.93
Max BW GB/s: 16,384.00

---Traffic---
In-Die bisection_bytes BW (GB/s): 256.00
Inter-board traffic (msg/ns): 0.00, per-link: 0.00
Inter-pack traffic (msg/ns): 0.00, per-link: 0.00
Inter-die traffic (msg/ns): 149.22, per-link: 0.58
Ruche traffic (msg/ns): 420.27, per-link: 1.64
All traffic (msg/ns): 1,960.61, per-link: 7.66
Inter-die reduction wrt all: 13.14
Inter-board reduction wrt inter-die: inf

---Data Movement---
All traffic (msg): 2,942,547,794
Arith. Intensity FLOP/Loads: 0.37
Arith. Intensity FLOP/Msgs: 0.16
Arith. Intensity OPS/Loads: 1.19
Arith. Intensity OPS/Msgs: 0.50



===Core Utilization Total=== CORE-S:15;; TIME K cy:1,500 ;; Nodes Proc: 1,319,254 -- Edges Proc: 29,447,422

===PRINTING FRAME STATS

FCollision In Avg:96, SD:38, Max:181, Min:20
FCollision Out Avg:37, SD:28, Max:149, Min:3
FCollision End Avg:4, SD:19, Max:98, Min:0
FTask1 Avg:53, SD:31, Max:173, Min:0
FTask2 Avg:393, SD:160, Max:917, Min:0
FTask3 Avg:348, SD:32, Max:453, Min:242
FCore Active Avg:51, SD:11, Max:82, Min:23
FRouter Active Avg:88, SD:6, Max:96, Min:67
T1 invocations: 358,556
T2 invocations: 545,675
T3 invocations: 16,368,985
T3b invocations: 0
Total3 invocations: 16,368,985
Total4 invocations: 48,749

T3/T2 ratio: 30
T3b/T3 ratio: 0

T1 avg ex cycles: 38
T2 avg ex cycles: 184
T3&b avg ex cycles: 5
T4 avg ex cycles: 90
Avg. hops NOC1: 1
Avg. latency NOC1 (T2): 5,146
Avg. hops NOC2: 6
Avg. latency NOC2 (T3): 10,484

===PRINTING ACUM STATS at pu_cycles: 1,601,041

ACollision In Avg:117, SD:28, Max:211, Min:53
ACollision Out Avg:54, SD:34, Max:169, Min:8
ACollision End Avg:9, SD:21, Max:97, Min:0
ATask1 Avg:38, SD:20, Max:68, Min:0
ATask2 Avg:376, SD:100, Max:580, Min:0
ATask3 Avg:355, SD:26, Max:431, Min:298
ACore Active Avg:49, SD:7, Max:65, Min:26
ARouter Active Avg:87, SD:4, Max:93, Min:74
T1 invocations: 3,900,204
T2 invocations: 6,902,664
T3 invocations: 245,890,095
T3b invocations: 0
Total3 invocations: 245,890,095
Total4 invocations: 236,448

T3/T2 ratio: 36
T3b/T3 ratio: 0

T1 avg ex cycles: 40
T2 avg ex cycles: 223
T3&b avg ex cycles: 6
T4 avg ex cycles: 168
Avg. hops NOC1: 1
Avg. latency NOC1 (T2): 13,792
Avg. hops NOC2: 6
Avg. latency NOC2 (T3): 21,828
Number of K Nodes Processed: 10,869
Number of K Edges Processed: 247,642
Node Re-explore factor: 2.59
Edge Re-explore factor: 1.93
Nodes/cy: 7
Edges/cy: 155
TEPS: 80

---DCache---
DCache Size: 1,036,240
DRAM words: 0
  DHits: 0
  DMisses: 0

---Energy---
Leakage Energy (nJ): 2,425,022
PU Dyn E (nJ): 16,102,239
Mem Dyn E (nJ): 196,804,735
Route Dyn E (nJ): 48,347,075
Dynamic Energy (nJ): 261,254,050
Ratio of Dyn/Leak: 108
Total Energy (nJ): 263,679,072
Total Energy (nJ) 3D: 286,691,359
Cores Energy (nJ): 16,120,062
Route Energy (nJ): 48,826,878
Route Energy (nJ) 3D: 71,839,165
Mem Energy   (nJ): 198,732,132
Mem Energy   (nJ) 3D: 198,732,132
Avg. Power (mW): 164,692.27
Power Density (mW/mm2): 28.66

---Runtime---
Runtime in K cycles: 1,601.04
Microseconds: 1,601.04
Time per iteration (ms): 1.60

---Throughput---
GOP/s (aka OPS/ns): 975.15
GOP/s per core: 3.81
FLOP/s: 308.05
FLOP/s per core: 1.20
Max Peak FLOP/s: 4,096.00
Avg. BW GB/s: 5,965.37
Max BW GB/s: 16,384.00

---Traffic---
In-Die bisection_bytes BW (GB/s): 256.00
Inter-board traffic (msg/ns): 0.00, per-link: 0.00
Inter-pack traffic (msg/ns): 0.00, per-link: 0.00
Inter-die traffic (msg/ns): 148.78, per-link: 0.58
Ruche traffic (msg/ns): 423.36, per-link: 1.65
All traffic (msg/ns): 1,964.03, per-link: 7.67
Inter-die reduction wrt all: 13.20
Inter-board reduction wrt inter-die: inf

---Data Movement---
All traffic (msg): 3,144,491,557
Arith. Intensity FLOP/Loads: 0.38
Arith. Intensity FLOP/Msgs: 0.16
Arith. Intensity OPS/Loads: 1.19
Arith. Intensity OPS/Msgs: 0.50



===Core Utilization Total=== CORE-S:16;; TIME K cy:1,600 ;; Nodes Proc: 1,358,146 -- Edges Proc: 31,444,479

===PRINTING FRAME STATS

FCollision In Avg:88, SD:36, Max:170, Min:19
FCollision Out Avg:33, SD:26, Max:141, Min:2
FCollision End Avg:4, SD:18, Max:98, Min:0
FTask1 Avg:63, SD:40, Max:232, Min:0
FTask2 Avg:409, SD:158, Max:884, Min:0
FTask3 Avg:355, SD:32, Max:453, Min:260
FCore Active Avg:53, SD:10, Max:80, Min:25
FRouter Active Avg:88, SD:6, Max:95, Min:70
T1 invocations: 430,932
T2 invocations: 610,677
T3 invocations: 16,729,727
T3b invocations: 0
Total3 invocations: 16,729,727
Total4 invocations: 59,968

T3/T2 ratio: 27
T3b/T3 ratio: 0

T1 avg ex cycles: 38
T2 avg ex cycles: 172
T3&b avg ex cycles: 5
T4 avg ex cycles: 89
Avg. hops NOC1: 1
Avg. latency NOC1 (T2): 4,247
Avg. hops NOC2: 6
Avg. latency NOC2 (T3): 8,939

===PRINTING ACUM STATS at pu_cycles: 1,700,844

ACollision In Avg:115, SD:28, Max:204, Min:51
ACollision Out Avg:53, SD:33, Max:167, Min:8
ACollision End Avg:9, SD:20, Max:97, Min:0
ATask1 Avg:39, SD:19, Max:67, Min:0
ATask2 Avg:378, SD:94, Max:557, Min:3
ATask3 Avg:355, SD:27, Max:433, Min:298
ACore Active Avg:49, SD:7, Max:64, Min:27
ARouter Active Avg:87, SD:4, Max:93, Min:74
T1 invocations: 4,310,878
T2 invocations: 7,479,840
T3 invocations: 261,641,531
T3b invocations: 0
Total3 invocations: 261,641,531
Total4 invocations: 294,380

T3/T2 ratio: 35
T3b/T3 ratio: 0

T1 avg ex cycles: 40
T2 avg ex cycles: 219
T3&b avg ex cycles: 6
T4 avg ex cycles: 153
Avg. hops NOC1: 1
Avg. latency NOC1 (T2): 13,071
Avg. hops NOC2: 6
Avg. latency NOC2 (T3): 21,046
Number of K Nodes Processed: 11,171
Number of K Edges Processed: 264,387
Node Re-explore factor: 2.66
Edge Re-explore factor: 2.06
Nodes/cy: 7
Edges/cy: 155
TEPS: 75

---DCache---
DCache Size: 1,036,240
DRAM words: 0
  DHits: 0
  DMisses: 0

---Energy---
Leakage Energy (nJ): 2,576,188
PU Dyn E (nJ): 17,145,311
Mem Dyn E (nJ): 209,268,634
Route Dyn E (nJ): 51,362,233
Dynamic Energy (nJ): 277,776,179
Ratio of Dyn/Leak: 108
Total Energy (nJ): 280,352,367
Total Energy (nJ) 3D: 304,725,543
Cores Energy (nJ): 17,164,245
Route Energy (nJ): 51,871,945
Route Energy (nJ) 3D: 76,245,121
Mem Energy   (nJ): 211,316,178
Mem Energy   (nJ) 3D: 211,316,178
Avg. Power (mW): 164,831.32
Power Density (mW/mm2): 28.69

---Runtime---
Runtime in K cycles: 1,700.84
Microseconds: 1,700.84
Time per iteration (ms): 1.70

---Throughput---
GOP/s (aka OPS/ns): 978.72
GOP/s per core: 3.82
FLOP/s: 308.42
FLOP/s per core: 1.20
Max Peak FLOP/s: 4,096.00
Avg. BW GB/s: 5,970.98
Max BW GB/s: 16,384.00

---Traffic---
In-Die bisection_bytes BW (GB/s): 256.00
Inter-board traffic (msg/ns): 0.00, per-link: 0.00
Inter-pack traffic (msg/ns): 0.00, per-link: 0.00
Inter-die traffic (msg/ns): 148.71, per-link: 0.58
Ruche traffic (msg/ns): 426.84, per-link: 1.67
All traffic (msg/ns): 1,964.97, per-link: 7.68
Inter-die reduction wrt all: 13.21
Inter-board reduction wrt inter-die: inf

---Data Movement---
All traffic (msg): 3,342,102,349
Arith. Intensity FLOP/Loads: 0.38
Arith. Intensity FLOP/Msgs: 0.16
Arith. Intensity OPS/Loads: 1.19
Arith. Intensity OPS/Msgs: 0.50



===Core Utilization Total=== CORE-S:17;; TIME K cy:1,700 ;; Nodes Proc: 1,396,085 -- Edges Proc: 33,477,023

===PRINTING FRAME STATS

FCollision In Avg:72, SD:34, Max:138, Min:15
FCollision Out Avg:26, SD:24, Max:140, Min:1
FCollision End Avg:4, SD:16, Max:97, Min:0
FTask1 Avg:66, SD:42, Max:237, Min:0
FTask2 Avg:383, SD:182, Max:983, Min:0
FTask3 Avg:339, SD:31, Max:441, Min:277
FCore Active Avg:51, SD:12, Max:82, Min:24
FRouter Active Avg:86, SD:7, Max:95, Min:66
T1 invocations: 453,338
T2 invocations: 616,530
T3 invocations: 16,014,530
T3b invocations: 0
Total3 invocations: 16,014,530
Total4 invocations: 80,066

T3/T2 ratio: 26
T3b/T3 ratio: 0

T1 avg ex cycles: 37
T2 avg ex cycles: 159
T3&b avg ex cycles: 5
T4 avg ex cycles: 74
Avg. hops NOC1: 1
Avg. latency NOC1 (T2): 3,816
Avg. hops NOC2: 6
Avg. latency NOC2 (T3): 7,893

===PRINTING ACUM STATS at pu_cycles: 1,800,915

ACollision In Avg:113, SD:28, Max:196, Min:50
ACollision Out Avg:52, SD:32, Max:159, Min:7
ACollision End Avg:8, SD:20, Max:96, Min:0
ATask1 Avg:41, SD:16, Max:65, Min:0
ATask2 Avg:379, SD:86, Max:537, Min:3
ATask3 Avg:354, SD:27, Max:432, Min:297
ACore Active Avg:49, SD:6, Max:63, Min:27
ARouter Active Avg:87, SD:4, Max:93, Min:74
T1 invocations: 4,791,818
T2 invocations: 8,145,517
T3 invocations: 278,848,571
T3b invocations: 0
Total3 invocations: 278,848,571
Total4 invocations: 377,845

T3/T2 ratio: 34
T3b/T3 ratio: 0

T1 avg ex cycles: 39
T2 avg ex cycles: 214
T3&b avg ex cycles: 6
T4 avg ex cycles: 135
Avg. hops NOC1: 1
Avg. latency NOC1 (T2): 12,295
Avg. hops NOC2: 6
Avg. latency NOC2 (T3): 20,239
Number of K Nodes Processed: 11,444
Number of K Edges Processed: 279,989
Node Re-explore factor: 2.73
Edge Re-explore factor: 2.18
Nodes/cy: 6
Edges/cy: 155
TEPS: 71

---DCache---
DCache Size: 1,036,240
DRAM words: 0
  DHits: 0
  DMisses: 0

---Energy---
Leakage Energy (nJ): 2,727,761
PU Dyn E (nJ): 18,286,674
Mem Dyn E (nJ): 222,855,476
Route Dyn E (nJ): 54,661,221
Dynamic Energy (nJ): 295,803,372
Ratio of Dyn/Leak: 108
Total Energy (nJ): 298,531,133
Total Energy (nJ) 3D: 324,506,625
Cores Energy (nJ): 18,306,722
Route Energy (nJ): 55,200,922
Route Energy (nJ) 3D: 81,176,414
Mem Energy   (nJ): 225,023,489
Mem Energy   (nJ) 3D: 225,023,489
Avg. Power (mW): 165,766.37
Power Density (mW/mm2): 28.85

---Runtime---
Runtime in K cycles: 1,800.91
Microseconds: 1,800.91
Time per iteration (ms): 1.80

---Throughput---
GOP/s (aka OPS/ns): 987.75
GOP/s per core: 3.86
FLOP/s: 310.21
FLOP/s per core: 1.21
Max Peak FLOP/s: 4,096.00
Avg. BW GB/s: 6,005.35
Max BW GB/s: 16,384.00

---Traffic---
In-Die bisection_bytes BW (GB/s): 256.00
Inter-board traffic (msg/ns): 0.00, per-link: 0.00
Inter-pack traffic (msg/ns): 0.00, per-link: 0.00
Inter-die traffic (msg/ns): 148.17, per-link: 0.58
Ruche traffic (msg/ns): 428.72, per-link: 1.67
All traffic (msg/ns): 1,975.67, per-link: 7.72
Inter-die reduction wrt all: 13.33
Inter-board reduction wrt inter-die: inf

---Data Movement---
All traffic (msg): 3,558,009,472
Arith. Intensity FLOP/Loads: 0.37
Arith. Intensity FLOP/Msgs: 0.16
Arith. Intensity OPS/Loads: 1.19
Arith. Intensity OPS/Msgs: 0.50



===Core Utilization Total=== CORE-S:18;; TIME K cy:1,800 ;; Nodes Proc: 1,430,190 -- Edges Proc: 35,370,907

===PRINTING FRAME STATS

FCollision In Avg:48, SD:26, Max:121, Min:9
FCollision Out Avg:16, SD:17, Max:115, Min:1
FCollision End Avg:3, SD:12, Max:91, Min:0
FTask1 Avg:59, SD:49, Max:262, Min:0
FTask2 Avg:340, SD:214, Max:1,279, Min:0
FTask3 Avg:299, SD:31, Max:407, Min:131
FCore Active Avg:45, SD:14, Max:94, Min:22
FRouter Active Avg:82, SD:9, Max:95, Min:60
T1 invocations: 404,990
T2 invocations: 556,301
T3 invocations: 14,060,818
T3b invocations: 0
Total3 invocations: 14,060,818
Total4 invocations: 106,310

T3/T2 ratio: 25
T3b/T3 ratio: 0

T1 avg ex cycles: 37
T2 avg ex cycles: 157
T3&b avg ex cycles: 5
T4 avg ex cycles: 56
Avg. hops NOC1: 1
Avg. latency NOC1 (T2): 3,694
Avg. hops NOC2: 6
Avg. latency NOC2 (T3): 7,453

===PRINTING ACUM STATS at pu_cycles: 1,901,056

ACollision In Avg:110, SD:27, Max:188, Min:49
ACollision Out Avg:50, SD:31, Max:151, Min:7
ACollision End Avg:8, SD:19, Max:92, Min:0
ATask1 Avg:42, SD:14, Max:63, Min:0
ATask2 Avg:377, SD:79, Max:522, Min:3
ATask3 Avg:351, SD:27, Max:429, Min:294
ACore Active Avg:49, SD:6, Max:62, Min:27
ARouter Active Avg:87, SD:4, Max:93, Min:74
T1 invocations: 5,194,196
T2 invocations: 8,695,650
T3 invocations: 292,781,270
T3b invocations: 0
Total3 invocations: 292,781,270
Total4 invocations: 483,554

T3/T2 ratio: 34
T3b/T3 ratio: 0

T1 avg ex cycles: 39
T2 avg ex cycles: 211
T3&b avg ex cycles: 6
T4 avg ex cycles: 118
Avg. hops NOC1: 1
Avg. latency NOC1 (T2): 11,754
Avg. hops NOC2: 6
Avg. latency NOC2 (T3): 19,630
Number of K Nodes Processed: 11,683
Number of K Edges Processed: 293,724
Node Re-explore factor: 2.79
Edge Re-explore factor: 2.29
Nodes/cy: 6
Edges/cy: 155
TEPS: 67

---DCache---
DCache Size: 1,036,240
DRAM words: 0
  DHits: 0
  DMisses: 0

---Energy---
Leakage Energy (nJ): 2,879,440
PU Dyn E (nJ): 19,217,359
Mem Dyn E (nJ): 233,902,554
Route Dyn E (nJ): 57,310,075
Dynamic Energy (nJ): 310,429,988
Ratio of Dyn/Leak: 108
Total Energy (nJ): 313,309,428
Total Energy (nJ) 3D: 340,508,122
Cores Energy (nJ): 19,238,521
Route Energy (nJ): 57,879,786
Route Energy (nJ) 3D: 85,078,480
Mem Energy   (nJ): 236,191,121
Mem Energy   (nJ) 3D: 236,191,121
Avg. Power (mW): 164,808.10
Power Density (mW/mm2): 28.68

---Runtime---
Runtime in K cycles: 1,901.06
Microseconds: 1,901.06
Time per iteration (ms): 1.90

---Throughput---
GOP/s (aka OPS/ns): 985.07
GOP/s per core: 3.85
FLOP/s: 308.39
FLOP/s per core: 1.20
Max Peak FLOP/s: 4,096.00
Avg. BW GB/s: 5,971.04
Max BW GB/s: 16,384.00

---Traffic---
In-Die bisection_bytes BW (GB/s): 256.00
Inter-board traffic (msg/ns): 0.00, per-link: 0.00
Inter-pack traffic (msg/ns): 0.00, per-link: 0.00
Inter-die traffic (msg/ns): 146.46, per-link: 0.57
Ruche traffic (msg/ns): 427.99, per-link: 1.67
All traffic (msg/ns): 1,963.04, per-link: 7.67
Inter-die reduction wrt all: 13.40
Inter-board reduction wrt inter-die: inf

---Data Movement---
All traffic (msg): 3,731,845,632
Arith. Intensity FLOP/Loads: 0.37
Arith. Intensity FLOP/Msgs: 0.16
Arith. Intensity OPS/Loads: 1.20
Arith. Intensity OPS/Msgs: 0.50



===Core Utilization Total=== CORE-S:19;; TIME K cy:1,900 ;; Nodes Proc: 1,459,353 -- Edges Proc: 36,833,236
======== IT IS COLD ======= Only 15 Tiles active

===PRINTING FRAME STATS

FCollision In Avg:18, SD:18, Max:108, Min:3
FCollision Out Avg:8, SD:15, Max:105, Min:0
FCollision End Avg:3, SD:15, Max:94, Min:0
FTask1 Avg:31, SD:39, Max:301, Min:0
FTask2 Avg:184, SD:239, Max:1,533, Min:0
FTask3 Avg:166, SD:25, Max:317, Min:67
FCore Active Avg:25, SD:15, Max:100, Min:13
FRouter Active Avg:59, SD:14, Max:99, Min:31
T1 invocations: 214,837
T2 invocations: 288,522
T3 invocations: 7,789,876
T3b invocations: 0
Total3 invocations: 7,789,876
Total4 invocations: 86,329

T3/T2 ratio: 27
T3b/T3 ratio: 0

T1 avg ex cycles: 37
T2 avg ex cycles: 163
T3&b avg ex cycles: 5
T4 avg ex cycles: 41
Avg. hops NOC1: 2
Avg. latency NOC1 (T2): 5,929
Avg. hops NOC2: 6
Avg. latency NOC2 (T3): 9,198

===PRINTING ACUM STATS at pu_cycles: 2,000,548

ACollision In Avg:105, SD:26, Max:179, Min:47
ACollision Out Avg:48, SD:30, Max:144, Min:7
ACollision End Avg:8, SD:18, Max:87, Min:0
ATask1 Avg:41, SD:12, Max:61, Min:6
ATask2 Avg:367, SD:67, Max:500, Min:68
ATask3 Avg:342, SD:26, Max:418, Min:286
ACore Active Avg:48, SD:5, Max:59, Min:29
ARouter Active Avg:85, SD:4, Max:92, Min:75
T1 invocations: 5,410,540
T2 invocations: 8,989,167
T3 invocations: 300,570,740
T3b invocations: 0
Total3 invocations: 300,570,740
Total4 invocations: 569,309

T3/T2 ratio: 33
T3b/T3 ratio: 0

T1 avg ex cycles: 39
T2 avg ex cycles: 209
T3&b avg ex cycles: 6
T4 avg ex cycles: 107
Avg. hops NOC1: 1
Avg. latency NOC1 (T2): 11,561
Avg. hops NOC2: 6
Avg. latency NOC2 (T3): 19,360
Number of K Nodes Processed: 11,813
Number of K Edges Processed: 301,275
Node Re-explore factor: 2.82
Edge Re-explore factor: 2.35
Nodes/cy: 6
Edges/cy: 151
TEPS: 64

---DCache---
DCache Size: 1,036,240
DRAM words: 0
  DHits: 0
  DMisses: 0

---Energy---
Leakage Energy (nJ): 3,030,136
PU Dyn E (nJ): 19,735,727
Mem Dyn E (nJ): 240,060,322
Route Dyn E (nJ): 58,772,473
Dynamic Energy (nJ): 318,568,521
Ratio of Dyn/Leak: 105
Total Energy (nJ): 321,598,657
Total Energy (nJ) 3D: 349,473,471
Cores Energy (nJ): 19,757,997
Route Energy (nJ): 59,372,000
Route Energy (nJ) 3D: 87,246,813
Mem Energy   (nJ): 242,468,661
Mem Energy   (nJ) 3D: 242,468,661
Avg. Power (mW): 160,755.28
Power Density (mW/mm2): 27.98

---Runtime---
Runtime in K cycles: 2,000.55
Microseconds: 2,000.55
Time per iteration (ms): 2.00

---Throughput---
GOP/s (aka OPS/ns): 962.22
GOP/s per core: 3.76
FLOP/s: 300.74
FLOP/s per core: 1.17
Max Peak FLOP/s: 4,096.00
Avg. BW GB/s: 5,823.48
Max BW GB/s: 16,384.00

---Traffic---
In-Die bisection_bytes BW (GB/s): 256.00
Inter-board traffic (msg/ns): 0.00, per-link: 0.00
Inter-pack traffic (msg/ns): 0.00, per-link: 0.00
Inter-die traffic (msg/ns): 142.14, per-link: 0.56
Ruche traffic (msg/ns): 418.36, per-link: 1.63
All traffic (msg/ns): 1,913.47, per-link: 7.47
Inter-die reduction wrt all: 13.46
Inter-board reduction wrt inter-die: inf

---Data Movement---
All traffic (msg): 3,827,980,017
Arith. Intensity FLOP/Loads: 0.37
Arith. Intensity FLOP/Msgs: 0.16
Arith. Intensity OPS/Loads: 1.20
Arith. Intensity OPS/Msgs: 0.50



===Core Utilization Total=== CORE-S:20;; TIME K cy:2,000 ;; Nodes Proc: 1,476,114 -- Edges Proc: 37,853,277
======== IT IS COLD ======= Only 9 Tiles active

===PRINTING FRAME STATS

FCollision In Avg:4, SD:12, Max:94, Min:0
FCollision Out Avg:2, SD:12, Max:95, Min:0
FCollision End Avg:2, SD:12, Max:95, Min:0
FTask1 Avg:14, SD:26, Max:180, Min:0
FTask2 Avg:84, SD:189, Max:1,359, Min:2
FTask3 Avg:80, SD:13, Max:168, Min:64
FCore Active Avg:12, SD:13, Max:92, Min:7
FRouter Active Avg:36, SD:17, Max:100, Min:15
T1 invocations: 96,254
T2 invocations: 136,687
T3 invocations: 3,778,000
T3b invocations: 0
Total3 invocations: 3,778,000
Total4 invocations: 50,601

T3/T2 ratio: 28
T3b/T3 ratio: 0

T1 avg ex cycles: 37
T2 avg ex cycles: 157
T3&b avg ex cycles: 5
T4 avg ex cycles: 34
Avg. hops NOC1: 2
Avg. latency NOC1 (T2): 8,717
Avg. hops NOC2: 6
Avg. latency NOC2 (T3): 13,003

===PRINTING ACUM STATS at pu_cycles: 2,100,424

ACollision In Avg:100, SD:25, Max:171, Min:45
ACollision Out Avg:45, SD:28, Max:138, Min:7
ACollision End Avg:8, SD:17, Max:83, Min:0
ATask1 Avg:40, SD:11, Max:59, Min:13
ATask2 Avg:354, SD:58, Max:478, Min:124
ATask3 Avg:330, SD:25, Max:403, Min:275
ACore Active Avg:46, SD:5, Max:57, Min:33
ARouter Active Avg:83, SD:4, Max:90, Min:72
T1 invocations: 5,508,580
T2 invocations: 9,132,615
T3 invocations: 304,448,521
T3b invocations: 0
Total3 invocations: 304,448,521
Total4 invocations: 621,278

T3/T2 ratio: 33
T3b/T3 ratio: 0

T1 avg ex cycles: 39
T2 avg ex cycles: 208
T3&b avg ex cycles: 6
T4 avg ex cycles: 100
Avg. hops NOC1: 1
Avg. latency NOC1 (T2): 11,516
Avg. hops NOC2: 6
Avg. latency NOC2 (T3): 19,278
Number of K Nodes Processed: 11,875
Number of K Edges Processed: 304,665
Node Re-explore factor: 2.83
Edge Re-explore factor: 2.37
Nodes/cy: 6
Edges/cy: 145
TEPS: 61

---DCache---
DCache Size: 1,036,240
DRAM words: 0
  DHits: 0
  DMisses: 0

---Energy---
Leakage Energy (nJ): 3,181,413
PU Dyn E (nJ): 19,987,311
Mem Dyn E (nJ): 243,060,543
Route Dyn E (nJ): 59,470,097
Dynamic Energy (nJ): 322,517,952
Ratio of Dyn/Leak: 101
Total Energy (nJ): 325,699,365
Total Energy (nJ) 3D: 353,892,671
Cores Energy (nJ): 20,010,693
Route Energy (nJ): 60,099,555
Route Energy (nJ) 3D: 88,292,861
Mem Energy   (nJ): 245,589,117
Mem Energy   (nJ) 3D: 245,589,117
Avg. Power (mW): 155,063.63
Power Density (mW/mm2): 26.99

---Runtime---
Runtime in K cycles: 2,100.42
Microseconds: 2,100.42
Time per iteration (ms): 2.10

---Throughput---
GOP/s (aka OPS/ns): 928.51
GOP/s per core: 3.63
FLOP/s: 290.00
FLOP/s per core: 1.13
Max Peak FLOP/s: 4,096.00
Avg. BW GB/s: 5,615.91
Max BW GB/s: 16,384.00

---Traffic---
In-Die bisection_bytes BW (GB/s): 256.00
Inter-board traffic (msg/ns): 0.00, per-link: 0.00
Inter-pack traffic (msg/ns): 0.00, per-link: 0.00
Inter-die traffic (msg/ns): 136.67, per-link: 0.53
Ruche traffic (msg/ns): 403.97, per-link: 1.58
All traffic (msg/ns): 1,844.48, per-link: 7.20
Inter-die reduction wrt all: 13.50
Inter-board reduction wrt inter-die: inf

---Data Movement---
All traffic (msg): 3,874,186,783
Arith. Intensity FLOP/Loads: 0.37
Arith. Intensity FLOP/Msgs: 0.16
Arith. Intensity OPS/Loads: 1.20
Arith. Intensity OPS/Msgs: 0.50



===Core Utilization Total=== CORE-S:21;; TIME K cy:2,100 ;; Nodes Proc: 1,483,681 -- Edges Proc: 38,242,253
======== IT IS COLD ======= Only 3 Tiles active
Epoch Done Router: 5
Epoch Done Router: 0
Epoch Done Router: 7
Epoch Done Router: 1
Epoch Done Router: 4
Epoch Done Router: 6
Epoch Done Router: 2
Epoch Done Router: 3
##EPOCH## 1 COMPLETED at Time (K cy): 2,183
Nodes processed until now: 11,890,455
Edges processed until now: 305,437,080
Program Done Worker Thread: 0
Program Done Router Thread: 1
Program Done Router Thread: 4
Program Done Router Thread: 7
Program Done Worker Thread: 6
Program Done Worker Thread: 3
Program Done Router Thread: 2
Program Done Router Thread: 3
Program Done Worker Thread: 1
Program Done Worker Thread: 5
Program Done Worker Thread: 7
Program Done Router Thread: 5
Program Done Worker Thread: 2
Program Done Worker Thread: 4
Program Done Router Thread: 0
Program Done Router Thread: 6

===PRINTING ACUM STATS at pu_cycles: 2,183,238

ACollision In Avg:96, SD:24, Max:164, Min:43
ACollision Out Avg:44, SD:27, Max:133, Min:6
ACollision End Avg:7, SD:16, Max:80, Min:0
ATask1 Avg:39, SD:11, Max:57, Min:18
ATask2 Avg:341, SD:55, Max:461, Min:148
ATask3 Avg:318, SD:24, Max:389, Min:265
ACore Active Avg:44, SD:4, Max:55, Min:32
ARouter Active Avg:80, SD:4, Max:88, Min:69
T1 invocations: 5,532,636
T2 invocations: 9,168,542
T3 invocations: 305,437,080
T3b invocations: 0
Total3 invocations: 305,437,080
Total4 invocations: 635,458

T3/T2 ratio: 33
T3b/T3 ratio: 0

T1 avg ex cycles: 39
T2 avg ex cycles: 208
T3&b avg ex cycles: 6
T4 avg ex cycles: 99
Avg. hops NOC1: 1
Avg. latency NOC1 (T2): 11,500
Avg. hops NOC2: 6
Avg. latency NOC2 (T3): 19,256

Runtime at program end in K cycles: 2,183
Runtime before cooldown in K cycles: 1,800


Number of K Nodes Processed: 11,890
Number of K Edges Processed: 305,437
Node Re-explore factor: 2.83
Edge Re-explore factor: 2.38
Nodes/cy: 5
Edges/cy: 140
TEPS: 59

---DCache---
DCache Size: 1,036,240
DRAM words: 0
  DHits: 0
  DMisses: 0

---Energy---
Leakage Energy (nJ): 3,306,848
PU Dyn E (nJ): 20,047,209
Mem Dyn E (nJ): 243,775,503
Route Dyn E (nJ): 59,656,295
Dynamic Energy (nJ): 323,479,006
Ratio of Dyn/Leak: 98
Total Energy (nJ): 326,785,854
Total Energy (nJ) 3D: 355,064,056
Cores Energy (nJ): 20,071,513
Route Energy (nJ): 60,310,570
Route Energy (nJ) 3D: 88,588,772
Mem Energy   (nJ): 246,403,772
Mem Energy   (nJ) 3D: 246,403,772
Avg. Power (mW): 149,679.45
Power Density (mW/mm2): 26.05

---Runtime---
Runtime in K cycles: 2,183.24
Microseconds: 2,183.24
Time per iteration (ms): 2.18

---Inst---
K Loads: 1,630,841
K Stores: 1,326,781
K Instructions: 1,956,365

---Throughput---
GOP/s (aka OPS/ns): 896.08
GOP/s per core: 3.50
FLOP/s: 279.80
FLOP/s per core: 1.09
Max Peak FLOP/s: 4,096.00
Avg. BW GB/s: 5,418.78
Max BW GB/s: 16,384.00

---Traffic---
In-Die bisection_bytes BW (GB/s): 256.00
Inter-board traffic (msg/ns): 0.00, per-link: 0.00
Inter-pack traffic (msg/ns): 0.00, per-link: 0.00
Inter-die traffic (msg/ns): 131.84, per-link: 0.51
Ruche traffic (msg/ns): 390.05, per-link: 1.52
All traffic (msg/ns): 1,780.12, per-link: 6.95
Inter-die reduction wrt all: 13.50
Inter-board reduction wrt inter-die: inf

---Data Movement---
All traffic (msg): 3,886,419,871
Arith. Intensity FLOP/Loads: 0.37
Arith. Intensity FLOP/Msgs: 0.16
Arith. Intensity OPS/Loads: 1.20
Arith. Intensity OPS/Msgs: 0.50

Simulation time: 272.64
Sim noc_cy/s: 16,015.73
Sim Msg/s: 14,254,939.33

Version 31

