Dataset:  Kron22/
Dry run: 0
Open Edge Count File succesfully
Edges Traversed BFS: 128309848
Found Vertices: 4194304, Edges: 128311436
avg degree 31
Array  Kron22/node_array.bin found
Malloc array of size 16777220 bytes
Readin array of size 16777216 bytes
Finished Reading Array Bytes
No reordering Array 32bit
Array  Kron22/edge_array.bin found
Malloc array of size 513245744 bytes
Readin array of size 513245744 bytes
Finished Reading Array Bytes
No reordering Array 32bit
Reading graph elapsed time: 0.114761s

Dataset Footprint: 522 MiB
Dataset Footprint per Board: 4382.92 Mb
Dataset injection time (ms): 0.267512
Max Dataset Footprint: 1026 MiB

Dataset footprint per tile: 2089 KiB
Proxys footprint per tile: 0 KiB
Reserved SRAM per tile: 3476 KiB

Ideal SRAM per tile: 5565 KiB
reserved_words_for_dataset:791040
dataset_words_per_tile:535024
remaining_sram_words:1207082
min_dcache_sram_words_required:535024
dataset_words_per_tile:535024
min_pcache_sram_words_required:0
proxys_words_per_tile:0
Dcache footprint ratio: 1
Dataset Cached: 0
DCache: 535024 words, lines: 33439, sets: 33439
Proxys Cached: 0
Pcache: 0 words, sets: 0
Node per tile: 16,384
Edge per tile: 501,217
GRID_X: 16
GRID_SIZE: 256
smt_per_tile: 16
noc_freq: 2
pu_freq: 1
RUCHE_X: 2
PROXY_W: 16
DIE_W: 4
DIE_H: 4
DIES: 16
BORDER_TILES_PER_DIE: 16
PACK_W: 16
PACK_H: 16
DIES_PACK_FACTOR: 4
DIES_PER_PACK: 16
PACKAGES: 1
BOARD_W: 16
BOARD_H: 16
BOARDS: 1
MUX_BUS: 1
DCACHE: 1
PCACHE: 0
PROXY_FACTOR: 1
CACHE_WAYS: 1
TORUS: 1
PHY_NOCS: 1
WIDE_NOC_ID: 0
NOC_CONF: 1
noc_width: 32
hbm_channel_bit_width: 512
ld_st_op_byte_width: 4
PROXY_ROUTING: 0
WRITE_THROUGH: 1
ASSERT_MODE: 0
GLOBAL_BARRIER: 0
OQ flits: 576 ; 98,304 ; 2
IQ flits: 4,608 ; 786,432 ; 2
OQ messages: 192 ; 49,152 ; 1
IQ messages: 1,536 ; 393,216 ; 1
max_task2 size: 64
io_factor_t2: 8
io_factor_t3: 8
io_factor_t3b: 8

Active SRAM Storage per tile: 5,566 KiB
Total SRAM Storage per tile: 8,192 KiB
Agreggated SRAM Storage: 2,048 MiB

Active DRAM Storage per tile: 0 MiB
Total DRAM Storage per tile: 512 MiB
Agreggated DRAM Storage: 128 GiB

Inter-Die #links: 128
Inter-Die (Gbits): 8,192
Inter-Die (Gbits/mm): 246.342
Bisection BW of Board (Gbits): 8,192
Border IO #Dies: 16
Border IO Die BW (Gbits): 1,024
Off-Board BW Total (Gbits): 16,384
Off-Board BW Density (Gbits/mm): 54
Die side: 8.31 mm
Die border wire density: 246.34 Gbits/mm
HBM wire density: 492.68 Gbits/mm

Tiles per Die: 16 (4x4)
Tile Area: 3.02 mm2, side: 1.74 mm
- Core/Rout Area: 0.72 mm2
- SRAM Area: 2.30 mm2
- SRAM/Logic Ratio: 3.19x

Dies per Package: 16 (4x4)
Die Area: 69.12 mm2, side: 8.31 mm
- Tiles Area: 48.24 mm2
- PHY Area: 11.87 mm2
- MC Area: 9.00 mm2

Packages per Board: 1 (1x1)
Package Area: 5,745.87 mm2, side: 75.80 mm
- IOdie Area: 2,880.00 mm2
- Dies Area: 1,105.87 mm2
- HBM Area: 1,760.00 mm2

Boards: 1 (1x1)
Board Area: 5,745.87 mm2
Total Area: 5,745.87 mm2



ESTIMATED COST OF SILICON AND PACKAGING. ONLY VARIABLE, NO FIXED COSTS
Good dies per wafer 3d: 483
Good dies per wafer 2d: 808
--Dies 3D Cost: 200.31 $
--Dies 2.5D Cost: 119.74 $
--Dies 2D Cost: 119.74 $
--HBM Cost: 960.00 $
--IOdie Cost: 417.03 $
--Packaging Cost 3d: 98.59 $
--Packaging Cost 2.5d: 122.43 $
--Packaging Cost 2d: 80.52 $
SiP Cost 3d: 1,675.94 $
SiP Cost 2.5d: 1,619.20 $
SiP Cost 2d: 617.29 $
--Board Cost: 5.75 $
Total SiPs Cost 3d: 1,681.68 $
Total SiPs Cost 2.5d: 1,624.95 $
Total SiPs Cost 2d: 623.04 $

Perf counters initialized
Mesh connected
Cache structures initialized
Replicas initialized
Allocated Frontier List
Dataset structures initialized


Starting Simulation
INIT epoch: 1
INIT epoch: 1
INIT epoch: 1
INIT epoch: 1
INIT epoch: 1
INIT epoch: 1
INIT epoch: 1
INIT epoch: 1

===PRINTING FRAME STATS

FCollision In Avg:142, SD:43, Max:338, Min:71
FCollision Out Avg:89, SD:47, Max:184, Min:12
FCollision End Avg:33, SD:29, Max:90, Min:0
FTask1 Avg:512, SD:154, Max:840, Min:120
FTask2 Avg:331, SD:75, Max:473, Min:79
FTask3 Avg:548, SD:63, Max:683, Min:346
FCore Active Avg:87, SD:11, Max:100, Min:51
FRouter Active Avg:88, SD:4, Max:94, Min:76
T1 invocations: 2,289,117
T2 invocations: 1,135,626
T3 invocations: 14,284,488
T3b invocations: 0
Total3 invocations: 14,284,488
Total4 invocations: 1

T3/T2 ratio: 13
T3b/T3 ratio: 0

T1 avg ex cycles: 57
T2 avg ex cycles: 75
T3&b avg ex cycles: 10
T4 avg ex cycles: 648
Avg. hops NOC1: 2
Avg. latency NOC1 (T2): 18,300
Avg. hops NOC2: 7
Avg. latency NOC2 (T3): 40,106

===PRINTING ACUM STATS at pu_cycles: 100,220

ACollision In Avg:142, SD:43, Max:338, Min:71
ACollision Out Avg:89, SD:47, Max:184, Min:12
ACollision End Avg:33, SD:29, Max:90, Min:0
ATask1 Avg:512, SD:154, Max:840, Min:120
ATask2 Avg:331, SD:75, Max:473, Min:79
ATask3 Avg:548, SD:63, Max:683, Min:346
ACore Active Avg:87, SD:11, Max:100, Min:51
ARouter Active Avg:88, SD:4, Max:94, Min:76
T1 invocations: 2,289,117
T2 invocations: 1,135,626
T3 invocations: 14,284,488
T3b invocations: 0
Total3 invocations: 14,284,488
Total4 invocations: 1

T3/T2 ratio: 13
T3b/T3 ratio: 0

T1 avg ex cycles: 57
T2 avg ex cycles: 75
T3&b avg ex cycles: 10
T4 avg ex cycles: 648
Avg. hops NOC1: 2
Avg. latency NOC1 (T2): 18,300
Avg. hops NOC2: 7
Avg. latency NOC2 (T3): 40,106
Number of K Nodes Processed: 2,064
Number of K Edges Processed: 25,565
Node Re-explore factor: 0.49
Edge Re-explore factor: 0.20
Nodes/cy: 21
Edges/cy: 255
TEPS: 1,280

---DCache---
DCache Size: 535,024
DRAM words: 0
  DHits: 0
  DMisses: 0

---Energy---
Leakage Energy (nJ): 120,402
PU Dyn E (nJ): 1,273,584
Mem Dyn E (nJ): 16,064,892
Route Dyn E (nJ): 3,108,906
Dynamic Energy (nJ): 20,447,383
Ratio of Dyn/Leak: 170
Total Energy (nJ): 20,567,785
Total Energy (nJ) 3D: 22,084,312
Cores Energy (nJ): 1,274,700
Route Energy (nJ): 3,138,941
Route Energy (nJ) 3D: 4,655,468
Mem Energy   (nJ): 16,154,144
Mem Energy   (nJ) 3D: 16,154,144
Avg. Power (mW): 205,226.35
Power Density (mW/mm2): 35.72

---Runtime---
Runtime in K cycles: 100.22
Microseconds: 100.22
Time per iteration (ms): 0.10

---Throughput---
GOP/s (aka OPS/ns): 2,218.94
GOP/s per core: 8.67
FLOP/s: 142.53
FLOP/s per core: 0.56
Max Peak FLOP/s: 4,096.00
Avg. BW GB/s: 7,766.32
Max BW GB/s: 16,384.00

---Traffic---
In-Die bisection_bytes BW (GB/s): 256.00
Inter-board traffic (msg/ns): 0.00, per-link: 0.00
Inter-pack traffic (msg/ns): 0.00, per-link: 0.00
Inter-die traffic (msg/ns): 163.04, per-link: 0.64
Ruche traffic (msg/ns): 396.23, per-link: 1.55
All traffic (msg/ns): 2,006.68, per-link: 7.84
Inter-die reduction wrt all: 12.31
Inter-board reduction wrt inter-die: inf

---Data Movement---
All traffic (msg): 201,109,269
Arith. Intensity FLOP/Loads: 0.15
Arith. Intensity FLOP/Msgs: 0.07
Arith. Intensity OPS/Loads: 2.30
Arith. Intensity OPS/Msgs: 1.11



===Core Utilization Total=== CORE-S:1;; TIME K cy:100 ;; Nodes Proc: 255,900 -- Edges Proc: 3,244,996

===PRINTING FRAME STATS

FCollision In Avg:135, SD:31, Max:239, Min:73
FCollision Out Avg:76, SD:51, Max:218, Min:12
FCollision End Avg:17, SD:30, Max:100, Min:0
FTask1 Avg:210, SD:131, Max:568, Min:0
FTask2 Avg:122, SD:71, Max:371, Min:0
FTask3 Avg:499, SD:57, Max:707, Min:402
FCore Active Avg:52, SD:8, Max:71, Min:30
FRouter Active Avg:82, SD:4, Max:91, Min:71
T1 invocations: 926,292
T2 invocations: 683,220
T3 invocations: 14,379,934
T3b invocations: 0
Total3 invocations: 14,379,934
Total4 invocations: 377

T3/T2 ratio: 21
T3b/T3 ratio: 0

T1 avg ex cycles: 58
T2 avg ex cycles: 46
T3&b avg ex cycles: 9
T4 avg ex cycles: 586
Avg. hops NOC1: 1
Avg. latency NOC1 (T2): 26,484
Avg. hops NOC2: 6
Avg. latency NOC2 (T3): 55,865

===PRINTING ACUM STATS at pu_cycles: 200,779

ACollision In Avg:138, SD:33, Max:279, Min:74
ACollision Out Avg:83, SD:47, Max:193, Min:12
ACollision End Avg:25, SD:26, Max:95, Min:0
ATask1 Avg:361, SD:48, Max:437, Min:138
ATask2 Avg:226, SD:60, Max:394, Min:47
ATask3 Avg:523, SD:36, Max:626, Min:444
ACore Active Avg:69, SD:6, Max:82, Min:51
ARouter Active Avg:85, SD:4, Max:91, Min:74
T1 invocations: 3,215,409
T2 invocations: 1,818,846
T3 invocations: 28,664,422
T3b invocations: 0
Total3 invocations: 28,664,422
Total4 invocations: 378

T3/T2 ratio: 16
T3b/T3 ratio: 0

T1 avg ex cycles: 57
T2 avg ex cycles: 64
T3&b avg ex cycles: 9
T4 avg ex cycles: 586
Avg. hops NOC1: 1
Avg. latency NOC1 (T2): 21,375
Avg. hops NOC2: 6
Avg. latency NOC2 (T3): 48,012
Number of K Nodes Processed: 3,487
Number of K Edges Processed: 34,404
Node Re-explore factor: 0.83
Edge Re-explore factor: 0.27
Nodes/cy: 17
Edges/cy: 171
TEPS: 639

---DCache---
DCache Size: 535,024
DRAM words: 0
  DHits: 0
  DMisses: 0

---Energy---
Leakage Energy (nJ): 241,210
PU Dyn E (nJ): 2,167,085
Mem Dyn E (nJ): 26,211,940
Route Dyn E (nJ): 5,804,761
Dynamic Energy (nJ): 34,183,788
Ratio of Dyn/Leak: 142
Total Energy (nJ): 34,424,998
Total Energy (nJ) 3D: 37,235,742
Cores Energy (nJ): 2,169,321
Route Energy (nJ): 5,864,932
Route Energy (nJ) 3D: 8,675,676
Mem Energy   (nJ): 26,390,746
Mem Energy   (nJ) 3D: 26,390,746
Avg. Power (mW): 171,457.17
Power Density (mW/mm2): 29.84

---Runtime---
Runtime in K cycles: 200.78
Microseconds: 200.78
Time per iteration (ms): 0.20

---Throughput---
GOP/s (aka OPS/ns): 1,797.82
GOP/s per core: 7.02
FLOP/s: 142.77
FLOP/s per core: 0.56
Max Peak FLOP/s: 4,096.00
Avg. BW GB/s: 6,328.46
Max BW GB/s: 16,384.00

---Traffic---
In-Die bisection_bytes BW (GB/s): 256.00
Inter-board traffic (msg/ns): 0.00, per-link: 0.00
Inter-pack traffic (msg/ns): 0.00, per-link: 0.00
Inter-die traffic (msg/ns): 153.51, per-link: 0.60
Ruche traffic (msg/ns): 375.78, per-link: 1.47
All traffic (msg/ns): 1,885.88, per-link: 7.37
Inter-die reduction wrt all: 12.29
Inter-board reduction wrt inter-die: inf

---Data Movement---
All traffic (msg): 378,646,046
Arith. Intensity FLOP/Loads: 0.18
Arith. Intensity FLOP/Msgs: 0.08
Arith. Intensity OPS/Loads: 2.21
Arith. Intensity OPS/Msgs: 0.95



===Core Utilization Total=== CORE-S:2;; TIME K cy:200 ;; Nodes Proc: 430,797 -- Edges Proc: 4,432,230

===PRINTING FRAME STATS

FCollision In Avg:131, SD:30, Max:232, Min:68
FCollision Out Avg:67, SD:41, Max:203, Min:11
FCollision End Avg:8, SD:22, Max:100, Min:0
FTask1 Avg:39, SD:75, Max:408, Min:0
FTask2 Avg:148, SD:91, Max:383, Min:0
FTask3 Avg:454, SD:31, Max:647, Min:389
FCore Active Avg:40, SD:8, Max:71, Min:26
FRouter Active Avg:83, SD:4, Max:93, Min:67
T1 invocations: 172,000
T2 invocations: 283,847
T3 invocations: 13,106,255
T3b invocations: 0
Total3 invocations: 13,106,255
Total4 invocations: 1,049

T3/T2 ratio: 46
T3b/T3 ratio: 0

T1 avg ex cycles: 58
T2 avg ex cycles: 134
T3&b avg ex cycles: 9
T4 avg ex cycles: 579
Avg. hops NOC1: 1
Avg. latency NOC1 (T2): 21,789
Avg. hops NOC2: 6
Avg. latency NOC2 (T3): 45,285

===PRINTING ACUM STATS at pu_cycles: 300,681

ACollision In Avg:136, SD:31, Max:263, Min:75
ACollision Out Avg:77, SD:43, Max:195, Min:13
ACollision End Avg:19, SD:22, Max:95, Min:0
ATask1 Avg:254, SD:21, Max:418, Min:155
ATask2 Avg:201, SD:62, Max:374, Min:31
ATask3 Avg:500, SD:33, Max:596, Min:426
ACore Active Avg:60, SD:5, Max:78, Min:47
ARouter Active Avg:84, SD:4, Max:90, Min:73
T1 invocations: 3,382,684
T2 invocations: 2,097,665
T3 invocations: 41,631,948
T3b invocations: 0
Total3 invocations: 41,631,948
Total4 invocations: 1,423

T3/T2 ratio: 20
T3b/T3 ratio: 0

T1 avg ex cycles: 57
T2 avg ex cycles: 73
T3&b avg ex cycles: 9
T4 avg ex cycles: 581
Avg. hops NOC1: 1
Avg. latency NOC1 (T2): 21,459
Avg. hops NOC2: 6
Avg. latency NOC2 (T3): 47,193
Number of K Nodes Processed: 4,766
Number of K Edges Processed: 46,472
Node Re-explore factor: 1.14
Edge Re-explore factor: 0.36
Nodes/cy: 16
Edges/cy: 155
TEPS: 427

---DCache---
DCache Size: 535,024
DRAM words: 0
  DHits: 0
  DMisses: 0

---Energy---
Leakage Energy (nJ): 361,230
PU Dyn E (nJ): 2,850,325
Mem Dyn E (nJ): 35,664,813
Route Dyn E (nJ): 8,384,396
Dynamic Energy (nJ): 46,899,534
Ratio of Dyn/Leak: 130
Total Energy (nJ): 47,260,764
Total Energy (nJ) 3D: 51,305,482
Cores Energy (nJ): 2,853,672
Route Energy (nJ): 8,474,505
Route Energy (nJ) 3D: 12,519,223
Mem Energy   (nJ): 35,932,588
Mem Energy   (nJ) 3D: 35,932,588
Avg. Power (mW): 157,179.08
Power Density (mW/mm2): 27.36

---Runtime---
Runtime in K cycles: 300.68
Microseconds: 300.68
Time per iteration (ms): 0.30

---Throughput---
GOP/s (aka OPS/ns): 1,526.69
GOP/s per core: 5.96
FLOP/s: 138.46
FLOP/s per core: 0.54
Max Peak FLOP/s: 4,096.00
Avg. BW GB/s: 5,749.39
Max BW GB/s: 16,384.00

---Traffic---
In-Die bisection_bytes BW (GB/s): 256.00
Inter-board traffic (msg/ns): 0.00, per-link: 0.00
Inter-pack traffic (msg/ns): 0.00, per-link: 0.00
Inter-die traffic (msg/ns): 146.76, per-link: 0.57
Ruche traffic (msg/ns): 367.64, per-link: 1.44
All traffic (msg/ns): 1,815.32, per-link: 7.09
Inter-die reduction wrt all: 12.37
Inter-board reduction wrt inter-die: inf

---Data Movement---
All traffic (msg): 545,833,145
Arith. Intensity FLOP/Loads: 0.19
Arith. Intensity FLOP/Msgs: 0.08
Arith. Intensity OPS/Loads: 2.08
Arith. Intensity OPS/Msgs: 0.84



===Core Utilization Total=== CORE-S:3;; TIME K cy:300 ;; Nodes Proc: 591,170 -- Edges Proc: 6,073,433

===PRINTING FRAME STATS

FCollision In Avg:126, SD:28, Max:243, Min:68
FCollision Out Avg:58, SD:40, Max:193, Min:5
FCollision End Avg:9, SD:26, Max:99, Min:0
FTask1 Avg:27, SD:33, Max:217, Min:0
FTask2 Avg:180, SD:87, Max:374, Min:0
FTask3 Avg:463, SD:35, Max:581, Min:380
FCore Active Avg:42, SD:7, Max:59, Min:26
FRouter Active Avg:88, SD:4, Max:94, Min:68
T1 invocations: 134,095
T2 invocations: 317,302
T3 invocations: 15,330,449
T3b invocations: 0
Total3 invocations: 15,330,449
Total4 invocations: 1,930

T3/T2 ratio: 48
T3b/T3 ratio: 0

T1 avg ex cycles: 52
T2 avg ex cycles: 145
T3&b avg ex cycles: 8
T4 avg ex cycles: 574
Avg. hops NOC1: 1
Avg. latency NOC1 (T2): 17,815
Avg. hops NOC2: 6
Avg. latency NOC2 (T3): 37,312

===PRINTING ACUM STATS at pu_cycles: 400,689

ACollision In Avg:133, SD:29, Max:258, Min:73
ACollision Out Avg:73, SD:41, Max:190, Min:12
ACollision End Avg:17, SD:21, Max:93, Min:0
ATask1 Avg:200, SD:22, Max:295, Min:168
ATask2 Avg:196, SD:62, Max:357, Min:23
ATask3 Avg:491, SD:33, Max:583, Min:415
ACore Active Avg:56, SD:5, Max:67, Min:42
ARouter Active Avg:85, SD:3, Max:91, Min:74
T1 invocations: 3,511,007
T2 invocations: 2,404,550
T3 invocations: 56,427,637
T3b invocations: 0
Total3 invocations: 56,427,637
Total4 invocations: 3,267

T3/T2 ratio: 23
T3b/T3 ratio: 0

T1 avg ex cycles: 57
T2 avg ex cycles: 82
T3&b avg ex cycles: 9
T4 avg ex cycles: 577
Avg. hops NOC1: 1
Avg. latency NOC1 (T2): 21,055
Avg. hops NOC2: 6
Avg. latency NOC2 (T3): 44,524
Number of K Nodes Processed: 5,312
Number of K Edges Processed: 61,320
Node Re-explore factor: 1.27
Edge Re-explore factor: 0.48
Nodes/cy: 13
Edges/cy: 153
TEPS: 320

---DCache---
DCache Size: 535,024
DRAM words: 0
  DHits: 0
  DMisses: 0

---Energy---
Leakage Energy (nJ): 481,377
PU Dyn E (nJ): 3,580,975
Mem Dyn E (nJ): 45,912,057
Route Dyn E (nJ): 11,294,800
Dynamic Energy (nJ): 60,787,832
Ratio of Dyn/Leak: 126
Total Energy (nJ): 61,269,209
Total Energy (nJ) 3D: 66,673,069
Cores Energy (nJ): 3,585,436
Route Energy (nJ): 11,414,880
Route Energy (nJ) 3D: 16,818,740
Mem Energy   (nJ): 46,268,894
Mem Energy   (nJ) 3D: 46,268,894
Avg. Power (mW): 152,909.64
Power Density (mW/mm2): 26.61

---Runtime---
Runtime in K cycles: 400.69
Microseconds: 400.69
Time per iteration (ms): 0.40

---Throughput---
GOP/s (aka OPS/ns): 1,398.15
GOP/s per core: 5.46
FLOP/s: 140.83
FLOP/s per core: 0.55
Max Peak FLOP/s: 4,096.00
Avg. BW GB/s: 5,553.66
Max BW GB/s: 16,384.00

---Traffic---
In-Die bisection_bytes BW (GB/s): 256.00
Inter-board traffic (msg/ns): 0.00, per-link: 0.00
Inter-pack traffic (msg/ns): 0.00, per-link: 0.00
Inter-die traffic (msg/ns): 147.95, per-link: 0.58
Ruche traffic (msg/ns): 380.75, per-link: 1.49
All traffic (msg/ns): 1,834.01, per-link: 7.16
Inter-die reduction wrt all: 12.40
Inter-board reduction wrt inter-die: inf

---Data Movement---
All traffic (msg): 734,868,568
Arith. Intensity FLOP/Loads: 0.20
Arith. Intensity FLOP/Msgs: 0.08
Arith. Intensity OPS/Loads: 1.98
Arith. Intensity OPS/Msgs: 0.76



===Core Utilization Total=== CORE-S:4;; TIME K cy:400 ;; Nodes Proc: 659,195 -- Edges Proc: 7,985,125

===PRINTING FRAME STATS

FCollision In Avg:123, SD:27, Max:201, Min:62
FCollision Out Avg:57, SD:43, Max:183, Min:2
FCollision End Avg:12, SD:30, Max:99, Min:0
FTask1 Avg:41, SD:46, Max:227, Min:0
FTask2 Avg:197, SD:89, Max:401, Min:0
FTask3 Avg:470, SD:39, Max:611, Min:385
FCore Active Avg:45, SD:8, Max:68, Min:28
FRouter Active Avg:90, SD:4, Max:95, Min:69
T1 invocations: 219,417
T2 invocations: 402,613
T3 invocations: 16,313,040
T3b invocations: 0
Total3 invocations: 16,313,040
Total4 invocations: 3,390

T3/T2 ratio: 41
T3b/T3 ratio: 0

T1 avg ex cycles: 48
T2 avg ex cycles: 125
T3&b avg ex cycles: 7
T4 avg ex cycles: 570
Avg. hops NOC1: 1
Avg. latency NOC1 (T2): 18,087
Avg. hops NOC2: 6
Avg. latency NOC2 (T3): 26,298

===PRINTING ACUM STATS at pu_cycles: 501,028

ACollision In Avg:131, SD:28, Max:247, Min:78
ACollision Out Avg:69, SD:40, Max:185, Min:10
ACollision End Avg:16, SD:21, Max:95, Min:0
ATask1 Avg:166, SD:22, Max:255, Min:134
ATask2 Avg:196, SD:62, Max:338, Min:19
ATask3 Avg:486, SD:34, Max:587, Min:410
ACore Active Avg:53, SD:6, Max:66, Min:39
ARouter Active Avg:86, SD:4, Max:92, Min:73
T1 invocations: 3,740,561
T2 invocations: 2,825,908
T3 invocations: 73,435,989
T3b invocations: 0
Total3 invocations: 73,435,989
Total4 invocations: 6,812

T3/T2 ratio: 26
T3b/T3 ratio: 0

T1 avg ex cycles: 57
T2 avg ex cycles: 89
T3&b avg ex cycles: 8
T4 avg ex cycles: 574
Avg. hops NOC1: 1
Avg. latency NOC1 (T2): 20,499
Avg. hops NOC2: 6
Avg. latency NOC2 (T3): 40,408
Number of K Nodes Processed: 5,622
Number of K Edges Processed: 77,220
Node Re-explore factor: 1.34
Edge Re-explore factor: 0.60
Nodes/cy: 11
Edges/cy: 154
TEPS: 256

---DCache---
DCache Size: 535,024
DRAM words: 0
  DHits: 0
  DMisses: 0

---Energy---
Leakage Energy (nJ): 601,922
PU Dyn E (nJ): 4,429,179
Mem Dyn E (nJ): 57,734,642
Route Dyn E (nJ): 14,648,465
Dynamic Energy (nJ): 76,812,287
Ratio of Dyn/Leak: 128
Total Energy (nJ): 77,414,209
Total Energy (nJ) 3D: 84,453,154
Cores Energy (nJ): 4,434,757
Route Energy (nJ): 14,798,614
Route Energy (nJ) 3D: 21,837,559
Mem Energy   (nJ): 58,180,838
Mem Energy   (nJ) 3D: 58,180,838
Avg. Power (mW): 154,510.74
Power Density (mW/mm2): 26.89

---Runtime---
Runtime in K cycles: 501.03
Microseconds: 501.03
Time per iteration (ms): 0.50

---Throughput---
GOP/s (aka OPS/ns): 1,353.92
GOP/s per core: 5.29
FLOP/s: 146.57
FLOP/s per core: 0.57
Max Peak FLOP/s: 4,096.00
Avg. BW GB/s: 5,584.86
Max BW GB/s: 16,384.00

---Traffic---
In-Die bisection_bytes BW (GB/s): 256.00
Inter-board traffic (msg/ns): 0.00, per-link: 0.00
Inter-pack traffic (msg/ns): 0.00, per-link: 0.00
Inter-die traffic (msg/ns): 150.14, per-link: 0.59
Ruche traffic (msg/ns): 393.48, per-link: 1.54
All traffic (msg/ns): 1,901.29, per-link: 7.43
Inter-die reduction wrt all: 12.66
Inter-board reduction wrt inter-die: inf

---Data Movement---
All traffic (msg): 952,600,921
Arith. Intensity FLOP/Loads: 0.21
Arith. Intensity FLOP/Msgs: 0.08
Arith. Intensity OPS/Loads: 1.91
Arith. Intensity OPS/Msgs: 0.71



===Core Utilization Total=== CORE-S:5;; TIME K cy:500 ;; Nodes Proc: 697,896 -- Edges Proc: 10,004,143

===PRINTING FRAME STATS

FCollision In Avg:120, SD:28, Max:209, Min:27
FCollision Out Avg:60, SD:43, Max:186, Min:4
FCollision End Avg:12, SD:29, Max:99, Min:0
FTask1 Avg:47, SD:48, Max:190, Min:0
FTask2 Avg:182, SD:85, Max:422, Min:0
FTask3 Avg:415, SD:37, Max:540, Min:341
FCore Active Avg:41, SD:8, Max:67, Min:24
FRouter Active Avg:85, SD:5, Max:93, Min:66
T1 invocations: 254,548
T2 invocations: 424,160
T3 invocations: 14,658,780
T3b invocations: 0
Total3 invocations: 14,658,780
Total4 invocations: 6,055

T3/T2 ratio: 35
T3b/T3 ratio: 0

T1 avg ex cycles: 47
T2 avg ex cycles: 110
T3&b avg ex cycles: 7
T4 avg ex cycles: 381
Avg. hops NOC1: 1
Avg. latency NOC1 (T2): 19,216
Avg. hops NOC2: 6
Avg. latency NOC2 (T3): 24,792

===PRINTING ACUM STATS at pu_cycles: 600,599

ACollision In Avg:129, SD:27, Max:233, Min:74
ACollision Out Avg:68, SD:40, Max:183, Min:9
ACollision End Avg:15, SD:21, Max:95, Min:0
ATask1 Avg:146, SD:25, Max:217, Min:112
ATask2 Avg:194, SD:62, Max:345, Min:17
ATask3 Avg:475, SD:35, Max:575, Min:399
ACore Active Avg:51, SD:6, Max:66, Min:36
ARouter Active Avg:86, SD:4, Max:92, Min:72
T1 invocations: 3,992,742
T2 invocations: 3,246,786
T3 invocations: 88,016,650
T3b invocations: 0
Total3 invocations: 88,016,650
Total4 invocations: 12,832

T3/T2 ratio: 27
T3b/T3 ratio: 0

T1 avg ex cycles: 56
T2 avg ex cycles: 92
T3&b avg ex cycles: 8
T4 avg ex cycles: 483
Avg. hops NOC1: 1
Avg. latency NOC1 (T2): 20,352
Avg. hops NOC2: 6
Avg. latency NOC2 (T3): 37,822
Number of K Nodes Processed: 5,808
Number of K Edges Processed: 91,758
Node Re-explore factor: 1.38
Edge Re-explore factor: 0.72
Nodes/cy: 10
Edges/cy: 153
TEPS: 214

---DCache---
DCache Size: 535,024
DRAM words: 0
  DHits: 0
  DMisses: 0

---Energy---
Leakage Energy (nJ): 721,543
PU Dyn E (nJ): 5,164,379
Mem Dyn E (nJ): 67,901,277
Route Dyn E (nJ): 17,526,189
Dynamic Energy (nJ): 90,591,845
Ratio of Dyn/Leak: 126
Total Energy (nJ): 91,313,388
Total Energy (nJ) 3D: 99,724,239
Cores Energy (nJ): 5,171,065
Route Energy (nJ): 17,706,178
Route Energy (nJ) 3D: 26,117,029
Mem Energy   (nJ): 68,436,146
Mem Energy   (nJ) 3D: 68,436,146
Avg. Power (mW): 152,037.20
Power Density (mW/mm2): 26.46

---Runtime---
Runtime in K cycles: 600.60
Microseconds: 600.60
Time per iteration (ms): 0.60

---Throughput---
GOP/s (aka OPS/ns): 1,301.01
GOP/s per core: 5.08
FLOP/s: 146.55
FLOP/s per core: 0.57
Max Peak FLOP/s: 4,096.00
Avg. BW GB/s: 5,479.22
Max BW GB/s: 16,384.00

---Traffic---
In-Die bisection_bytes BW (GB/s): 256.00
Inter-board traffic (msg/ns): 0.00, per-link: 0.00
Inter-pack traffic (msg/ns): 0.00, per-link: 0.00
Inter-die traffic (msg/ns): 149.08, per-link: 0.58
Ruche traffic (msg/ns): 394.92, per-link: 1.54
All traffic (msg/ns): 1,897.57, per-link: 7.41
Inter-die reduction wrt all: 12.73
Inter-board reduction wrt inter-die: inf

---Data Movement---
All traffic (msg): 1,139,680,730
Arith. Intensity FLOP/Loads: 0.21
Arith. Intensity FLOP/Msgs: 0.08
Arith. Intensity OPS/Loads: 1.87
Arith. Intensity OPS/Msgs: 0.69



===Core Utilization Total=== CORE-S:6;; TIME K cy:600 ;; Nodes Proc: 721,176 -- Edges Proc: 11,987,799

===PRINTING FRAME STATS

FCollision In Avg:112, SD:34, Max:190, Min:16
FCollision Out Avg:55, SD:43, Max:191, Min:3
FCollision End Avg:12, SD:29, Max:99, Min:0
FTask1 Avg:49, SD:47, Max:175, Min:0
FTask2 Avg:166, SD:91, Max:429, Min:0
FTask3 Avg:390, SD:34, Max:494, Min:310
FCore Active Avg:38, SD:8, Max:64, Min:23
FRouter Active Avg:83, SD:6, Max:94, Min:61
T1 invocations: 272,592
T2 invocations: 435,773
T3 invocations: 13,857,457
T3b invocations: 0
Total3 invocations: 13,857,457
Total4 invocations: 11,646

T3/T2 ratio: 32
T3b/T3 ratio: 0

T1 avg ex cycles: 46
T2 avg ex cycles: 97
T3&b avg ex cycles: 7
T4 avg ex cycles: 224
Avg. hops NOC1: 1
Avg. latency NOC1 (T2): 18,246
Avg. hops NOC2: 6
Avg. latency NOC2 (T3): 26,518

===PRINTING ACUM STATS at pu_cycles: 700,587

ACollision In Avg:127, SD:28, Max:225, Min:66
ACollision Out Avg:66, SD:39, Max:180, Min:9
ACollision End Avg:15, SD:22, Max:96, Min:0
ATask1 Avg:132, SD:26, Max:190, Min:96
ATask2 Avg:190, SD:60, Max:323, Min:15
ATask3 Avg:462, SD:34, Max:564, Min:387
ACore Active Avg:49, SD:6, Max:64, Min:35
ARouter Active Avg:86, SD:4, Max:92, Min:71
T1 invocations: 4,267,877
T2 invocations: 3,685,529
T3 invocations: 101,959,116
T3b invocations: 0
Total3 invocations: 101,959,116
Total4 invocations: 24,516

T3/T2 ratio: 28
T3b/T3 ratio: 0

T1 avg ex cycles: 55
T2 avg ex cycles: 92
T3&b avg ex cycles: 8
T4 avg ex cycles: 360
Avg. hops NOC1: 1
Avg. latency NOC1 (T2): 20,087
Avg. hops NOC2: 6
Avg. latency NOC2 (T3): 36,274
Number of K Nodes Processed: 5,942
Number of K Edges Processed: 104,890
Node Re-explore factor: 1.42
Edge Re-explore factor: 0.82
Nodes/cy: 8
Edges/cy: 150
TEPS: 183

---DCache---
DCache Size: 535,024
DRAM words: 0
  DHits: 0
  DMisses: 0

---Energy---
Leakage Energy (nJ): 841,666
PU Dyn E (nJ): 5,870,787
Mem Dyn E (nJ): 77,496,815
Route Dyn E (nJ): 20,243,975
Dynamic Energy (nJ): 103,611,577
Ratio of Dyn/Leak: 123
Total Energy (nJ): 104,453,243
Total Energy (nJ) 3D: 114,154,615
Cores Energy (nJ): 5,878,586
Route Energy (nJ): 20,453,928
Route Energy (nJ) 3D: 30,155,300
Mem Energy   (nJ): 78,120,730
Mem Energy   (nJ) 3D: 78,120,730
Avg. Power (mW): 149,093.89
Power Density (mW/mm2): 25.95

---Runtime---
Runtime in K cycles: 700.59
Microseconds: 700.59
Time per iteration (ms): 0.70

---Throughput---
GOP/s (aka OPS/ns): 1,257.02
GOP/s per core: 4.91
FLOP/s: 145.53
FLOP/s per core: 0.57
Max Peak FLOP/s: 4,096.00
Avg. BW GB/s: 5,360.98
Max BW GB/s: 16,384.00

---Traffic---
In-Die bisection_bytes BW (GB/s): 256.00
Inter-board traffic (msg/ns): 0.00, per-link: 0.00
Inter-pack traffic (msg/ns): 0.00, per-link: 0.00
Inter-die traffic (msg/ns): 146.38, per-link: 0.57
Ruche traffic (msg/ns): 393.83, per-link: 1.54
All traffic (msg/ns): 1,879.63, per-link: 7.34
Inter-die reduction wrt all: 12.84
Inter-board reduction wrt inter-die: inf

---Data Movement---
All traffic (msg): 1,316,847,153
Arith. Intensity FLOP/Loads: 0.21
Arith. Intensity FLOP/Msgs: 0.08
Arith. Intensity OPS/Loads: 1.85
Arith. Intensity OPS/Msgs: 0.67



===Core Utilization Total=== CORE-S:7;; TIME K cy:700 ;; Nodes Proc: 738,080 -- Edges Proc: 13,641,810

===PRINTING FRAME STATS

FCollision In Avg:96, SD:39, Max:204, Min:12
FCollision Out Avg:43, SD:38, Max:160, Min:1
FCollision End Avg:10, SD:26, Max:99, Min:0
FTask1 Avg:50, SD:43, Max:245, Min:0
FTask2 Avg:170, SD:98, Max:441, Min:0
FTask3 Avg:396, SD:35, Max:496, Min:322
FCore Active Avg:39, SD:8, Max:64, Min:24
FRouter Active Avg:82, SD:9, Max:93, Min:56
T1 invocations: 278,354
T2 invocations: 447,176
T3 invocations: 14,150,292
T3b invocations: 0
Total3 invocations: 14,150,292
Total4 invocations: 20,328

T3/T2 ratio: 32
T3b/T3 ratio: 0

T1 avg ex cycles: 46
T2 avg ex cycles: 98
T3&b avg ex cycles: 7
T4 avg ex cycles: 139
Avg. hops NOC1: 1
Avg. latency NOC1 (T2): 13,940
Avg. hops NOC2: 6
Avg. latency NOC2 (T3): 22,243

===PRINTING ACUM STATS at pu_cycles: 800,918

ACollision In Avg:123, SD:28, Max:222, Min:60
ACollision Out Avg:63, SD:38, Max:176, Min:8
ACollision End Avg:14, SD:22, Max:96, Min:0
ATask1 Avg:122, SD:25, Max:168, Min:85
ATask2 Avg:188, SD:53, Max:300, Min:13
ATask3 Avg:454, SD:34, Max:555, Min:380
ACore Active Avg:48, SD:5, Max:60, Min:34
ARouter Active Avg:85, SD:4, Max:92, Min:70
T1 invocations: 4,546,679
T2 invocations: 4,134,045
T3 invocations: 116,156,080
T3b invocations: 0
Total3 invocations: 116,156,080
Total4 invocations: 44,851

T3/T2 ratio: 28
T3b/T3 ratio: 0

T1 avg ex cycles: 55
T2 avg ex cycles: 93
T3&b avg ex cycles: 8
T4 avg ex cycles: 260
Avg. hops NOC1: 1
Avg. latency NOC1 (T2): 19,416
Avg. hops NOC2: 6
Avg. latency NOC2 (T3): 34,560
Number of K Nodes Processed: 6,052
Number of K Edges Processed: 118,397
Node Re-explore factor: 1.44
Edge Re-explore factor: 0.92
Nodes/cy: 8
Edges/cy: 148
TEPS: 160

---DCache---
DCache Size: 535,024
DRAM words: 0
  DHits: 0
  DMisses: 0

---Energy---
Leakage Energy (nJ): 962,201
PU Dyn E (nJ): 6,589,920
Mem Dyn E (nJ): 87,274,509
Route Dyn E (nJ): 22,937,107
Dynamic Energy (nJ): 116,801,537
Ratio of Dyn/Leak: 121
Total Energy (nJ): 117,763,738
Total Energy (nJ) 3D: 128,716,078
Cores Energy (nJ): 6,598,836
Route Energy (nJ): 23,177,128
Route Energy (nJ) 3D: 34,129,468
Mem Energy   (nJ): 87,987,775
Mem Energy   (nJ) 3D: 87,987,775
Avg. Power (mW): 147,035.95
Power Density (mW/mm2): 25.59

---Runtime---
Runtime in K cycles: 800.92
Microseconds: 800.92
Time per iteration (ms): 0.80

---Throughput---
GOP/s (aka OPS/ns): 1,225.72
GOP/s per core: 4.79
FLOP/s: 145.03
FLOP/s per core: 0.57
Max Peak FLOP/s: 4,096.00
Avg. BW GB/s: 5,281.03
Max BW GB/s: 16,384.00

---Traffic---
In-Die bisection_bytes BW (GB/s): 256.00
Inter-board traffic (msg/ns): 0.00, per-link: 0.00
Inter-pack traffic (msg/ns): 0.00, per-link: 0.00
Inter-die traffic (msg/ns): 142.75, per-link: 0.56
Ruche traffic (msg/ns): 396.50, per-link: 1.55
All traffic (msg/ns): 1,864.48, per-link: 7.28
Inter-die reduction wrt all: 13.06
Inter-board reduction wrt inter-die: inf

---Data Movement---
All traffic (msg): 1,493,296,632
Arith. Intensity FLOP/Loads: 0.22
Arith. Intensity FLOP/Msgs: 0.08
Arith. Intensity OPS/Loads: 1.83
Arith. Intensity OPS/Msgs: 0.66



===Core Utilization Total=== CORE-S:8;; TIME K cy:800 ;; Nodes Proc: 751,968 -- Edges Proc: 15,288,454

===PRINTING FRAME STATS

FCollision In Avg:86, SD:39, Max:177, Min:13
FCollision Out Avg:34, SD:30, Max:147, Min:2
FCollision End Avg:6, SD:20, Max:98, Min:0
FTask1 Avg:53, SD:42, Max:181, Min:0
FTask2 Avg:178, SD:104, Max:479, Min:0
FTask3 Avg:411, SD:35, Max:509, Min:338
FCore Active Avg:41, SD:8, Max:60, Min:24
FRouter Active Avg:83, SD:10, Max:93, Min:58
T1 invocations: 294,603
T2 invocations: 476,741
T3 invocations: 14,727,221
T3b invocations: 0
Total3 invocations: 14,727,221
Total4 invocations: 24,993

T3/T2 ratio: 31
T3b/T3 ratio: 0

T1 avg ex cycles: 46
T2 avg ex cycles: 95
T3&b avg ex cycles: 7
T4 avg ex cycles: 122
Avg. hops NOC1: 1
Avg. latency NOC1 (T2): 8,955
Avg. hops NOC2: 6
Avg. latency NOC2 (T3): 14,597

===PRINTING ACUM STATS at pu_cycles: 900,815

ACollision In Avg:119, SD:29, Max:217, Min:56
ACollision Out Avg:60, SD:37, Max:170, Min:7
ACollision End Avg:13, SD:21, Max:96, Min:0
ATask1 Avg:114, SD:21, Max:151, Min:77
ATask2 Avg:186, SD:45, Max:267, Min:11
ATask3 Avg:449, SD:35, Max:555, Min:375
ACore Active Avg:47, SD:5, Max:59, Min:33
ARouter Active Avg:85, SD:4, Max:92, Min:69
T1 invocations: 4,837,378
T2 invocations: 4,606,208
T3 invocations: 130,758,667
T3b invocations: 0
Total3 invocations: 130,758,667
Total4 invocations: 69,783

T3/T2 ratio: 28
T3b/T3 ratio: 0

T1 avg ex cycles: 54
T2 avg ex cycles: 93
T3&b avg ex cycles: 8
T4 avg ex cycles: 210
Avg. hops NOC1: 1
Avg. latency NOC1 (T2): 18,352
Avg. hops NOC2: 6
Avg. latency NOC2 (T3): 32,323
Number of K Nodes Processed: 6,148
Number of K Edges Processed: 132,481
Node Re-explore factor: 1.47
Edge Re-explore factor: 1.03
Nodes/cy: 7
Edges/cy: 147
TEPS: 142

---DCache---
DCache Size: 535,024
DRAM words: 0
  DHits: 0
  DMisses: 0

---Energy---
Leakage Energy (nJ): 1,082,215
PU Dyn E (nJ): 7,330,207
Mem Dyn E (nJ): 97,320,475
Route Dyn E (nJ): 25,677,683
Dynamic Energy (nJ): 130,328,365
Ratio of Dyn/Leak: 120
Total Energy (nJ): 131,410,580
Total Energy (nJ) 3D: 143,619,423
Cores Energy (nJ): 7,340,235
Route Energy (nJ): 25,947,641
Route Energy (nJ) 3D: 38,156,484
Mem Energy   (nJ): 98,122,705
Mem Energy   (nJ) 3D: 98,122,705
Avg. Power (mW): 145,879.65
Power Density (mW/mm2): 25.39

---Runtime---
Runtime in K cycles: 900.82
Microseconds: 900.82
Time per iteration (ms): 0.90

---Throughput---
GOP/s (aka OPS/ns): 1,205.31
GOP/s per core: 4.71
FLOP/s: 145.16
FLOP/s per core: 0.57
Max Peak FLOP/s: 4,096.00
Avg. BW GB/s: 5,235.84
Max BW GB/s: 16,384.00

---Traffic---
In-Die bisection_bytes BW (GB/s): 256.00
Inter-board traffic (msg/ns): 0.00, per-link: 0.00
Inter-pack traffic (msg/ns): 0.00, per-link: 0.00
Inter-die traffic (msg/ns): 139.93, per-link: 0.55
Ruche traffic (msg/ns): 401.30, per-link: 1.57
All traffic (msg/ns): 1,857.50, per-link: 7.26
Inter-die reduction wrt all: 13.27
Inter-board reduction wrt inter-die: inf

---Data Movement---
All traffic (msg): 1,673,264,344
Arith. Intensity FLOP/Loads: 0.22
Arith. Intensity FLOP/Msgs: 0.08
Arith. Intensity OPS/Loads: 1.82
Arith. Intensity OPS/Msgs: 0.65



===Core Utilization Total=== CORE-S:9;; TIME K cy:900 ;; Nodes Proc: 764,099 -- Edges Proc: 17,155,211

===PRINTING FRAME STATS

FCollision In Avg:78, SD:37, Max:152, Min:10
FCollision Out Avg:31, SD:27, Max:147, Min:1
FCollision End Avg:4, SD:18, Max:97, Min:0
FTask1 Avg:62, SD:60, Max:301, Min:0
FTask2 Avg:174, SD:104, Max:597, Min:0
FTask3 Avg:405, SD:38, Max:554, Min:322
FCore Active Avg:41, SD:9, Max:64, Min:25
FRouter Active Avg:82, SD:8, Max:93, Min:57
T1 invocations: 350,034
T2 invocations: 513,523
T3 invocations: 14,551,091
T3b invocations: 0
Total3 invocations: 14,551,091
Total4 invocations: 26,616

T3/T2 ratio: 28
T3b/T3 ratio: 0

T1 avg ex cycles: 46
T2 avg ex cycles: 87
T3&b avg ex cycles: 7
T4 avg ex cycles: 134
Avg. hops NOC1: 1
Avg. latency NOC1 (T2): 5,397
Avg. hops NOC2: 6
Avg. latency NOC2 (T3): 11,211

===PRINTING ACUM STATS at pu_cycles: 1,000,856

ACollision In Avg:115, SD:29, Max:211, Min:53
ACollision Out Avg:57, SD:35, Max:164, Min:7
ACollision End Avg:12, SD:20, Max:95, Min:0
ATask1 Avg:110, SD:18, Max:148, Min:71
ATask2 Avg:185, SD:39, Max:241, Min:11
ATask3 Avg:445, SD:35, Max:548, Min:371
ACore Active Avg:47, SD:4, Max:56, Min:33
ARouter Active Avg:85, SD:5, Max:92, Min:69
T1 invocations: 5,160,986
T2 invocations: 5,075,041
T3 invocations: 143,879,596
T3b invocations: 0
Total3 invocations: 143,879,596
Total4 invocations: 94,741

T3/T2 ratio: 28
T3b/T3 ratio: 0

T1 avg ex cycles: 54
T2 avg ex cycles: 92
T3&b avg ex cycles: 8
T4 avg ex cycles: 190
Avg. hops NOC1: 1
Avg. latency NOC1 (T2): 17,158
Avg. hops NOC2: 6
Avg. latency NOC2 (T3): 30,365
Number of K Nodes Processed: 6,227
Number of K Edges Processed: 146,640
Node Re-explore factor: 1.48
Edge Re-explore factor: 1.14
Nodes/cy: 6
Edges/cy: 147
TEPS: 128

---DCache---
DCache Size: 535,024
DRAM words: 0
  DHits: 0
  DMisses: 0

---Energy---
Leakage Energy (nJ): 1,202,401
PU Dyn E (nJ): 8,006,148
Mem Dyn E (nJ): 106,336,189
Route Dyn E (nJ): 28,117,800
Dynamic Energy (nJ): 142,460,137
Ratio of Dyn/Leak: 118
Total Energy (nJ): 143,662,538
Total Energy (nJ) 3D: 156,923,888
Cores Energy (nJ): 8,017,290
Route Energy (nJ): 28,417,738
Route Energy (nJ) 3D: 41,679,088
Mem Energy   (nJ): 107,227,511
Mem Energy   (nJ) 3D: 107,227,511
Avg. Power (mW): 143,539.67
Power Density (mW/mm2): 24.98

---Runtime---
Runtime in K cycles: 1,000.86
Microseconds: 1,000.86
Time per iteration (ms): 1.00

---Throughput---
GOP/s (aka OPS/ns): 1,180.62
GOP/s per core: 4.61
FLOP/s: 143.76
FLOP/s per core: 0.56
Max Peak FLOP/s: 4,096.00
Avg. BW GB/s: 5,149.06
Max BW GB/s: 16,384.00

---Traffic---
In-Die bisection_bytes BW (GB/s): 256.00
Inter-board traffic (msg/ns): 0.00, per-link: 0.00
Inter-pack traffic (msg/ns): 0.00, per-link: 0.00
Inter-die traffic (msg/ns): 138.07, per-link: 0.54
Ruche traffic (msg/ns): 403.70, per-link: 1.58
All traffic (msg/ns): 1,832.52, per-link: 7.16
Inter-die reduction wrt all: 13.27
Inter-board reduction wrt inter-die: inf

---Data Movement---
All traffic (msg): 1,834,092,200
Arith. Intensity FLOP/Loads: 0.22
Arith. Intensity FLOP/Msgs: 0.08
Arith. Intensity OPS/Loads: 1.81
Arith. Intensity OPS/Msgs: 0.64



===Core Utilization Total=== CORE-S:10;; TIME K cy:1,000 ;; Nodes Proc: 773,918 -- Edges Proc: 18,884,611

===PRINTING FRAME STATS

FCollision In Avg:52, SD:30, Max:142, Min:7
FCollision Out Avg:20, SD:21, Max:120, Min:0
FCollision End Avg:4, SD:16, Max:98, Min:0
FTask1 Avg:74, SD:83, Max:317, Min:0
FTask2 Avg:171, SD:144, Max:628, Min:0
FTask3 Avg:384, SD:37, Max:508, Min:306
FCore Active Avg:40, SD:12, Max:66, Min:22
FRouter Active Avg:81, SD:10, Max:94, Min:54
T1 invocations: 423,173
T2 invocations: 573,162
T3 invocations: 13,832,671
T3b invocations: 0
Total3 invocations: 13,832,671
Total4 invocations: 33,921

T3/T2 ratio: 24
T3b/T3 ratio: 0

T1 avg ex cycles: 45
T2 avg ex cycles: 77
T3&b avg ex cycles: 7
T4 avg ex cycles: 128
Avg. hops NOC1: 1
Avg. latency NOC1 (T2): 4,399
Avg. hops NOC2: 6
Avg. latency NOC2 (T3): 9,659

===PRINTING ACUM STATS at pu_cycles: 1,100,674

ACollision In Avg:109, SD:29, Max:195, Min:50
ACollision Out Avg:54, SD:33, Max:150, Min:7
ACollision End Avg:12, SD:19, Max:95, Min:0
ATask1 Avg:106, SD:11, Max:126, Min:67
ATask2 Avg:184, SD:29, Max:224, Min:29
ATask3 Avg:439, SD:35, Max:543, Min:365
ACore Active Avg:46, SD:3, Max:54, Min:34
ARouter Active Avg:84, SD:5, Max:91, Min:70
T1 invocations: 5,621,072
T2 invocations: 5,695,332
T3 invocations: 158,545,573
T3b invocations: 0
Total3 invocations: 158,545,573
Total4 invocations: 129,428

T3/T2 ratio: 28
T3b/T3 ratio: 0

T1 avg ex cycles: 53
T2 avg ex cycles: 91
T3&b avg ex cycles: 8
T4 avg ex cycles: 175
Avg. hops NOC1: 1
Avg. latency NOC1 (T2): 15,745
Avg. hops NOC2: 6
Avg. latency NOC2 (T3): 28,454
Number of K Nodes Processed: 6,290
Number of K Edges Processed: 160,201
Node Re-explore factor: 1.50
Edge Re-explore factor: 1.25
Nodes/cy: 6
Edges/cy: 146
TEPS: 117

---DCache---
DCache Size: 535,024
DRAM words: 0
  DHits: 0
  DMisses: 0

---Energy---
Leakage Energy (nJ): 1,322,320
PU Dyn E (nJ): 8,787,010
Mem Dyn E (nJ): 116,781,478
Route Dyn E (nJ): 30,903,396
Dynamic Energy (nJ): 156,471,884
Ratio of Dyn/Leak: 118
Total Energy (nJ): 157,794,204
Total Energy (nJ) 3D: 172,389,955
Cores Energy (nJ): 8,799,263
Route Energy (nJ): 31,233,248
Route Energy (nJ) 3D: 45,828,998
Mem Energy   (nJ): 117,761,695
Mem Energy   (nJ) 3D: 117,761,695
Avg. Power (mW): 143,361.43
Power Density (mW/mm2): 24.95

---Runtime---
Runtime in K cycles: 1,100.67
Microseconds: 1,100.67
Time per iteration (ms): 1.10

---Throughput---
GOP/s (aka OPS/ns): 1,175.96
GOP/s per core: 4.59
FLOP/s: 144.04
FLOP/s per core: 0.56
Max Peak FLOP/s: 4,096.00
Avg. BW GB/s: 5,142.00
Max BW GB/s: 16,384.00

---Traffic---
In-Die bisection_bytes BW (GB/s): 256.00
Inter-board traffic (msg/ns): 0.00, per-link: 0.00
Inter-pack traffic (msg/ns): 0.00, per-link: 0.00
Inter-die traffic (msg/ns): 135.90, per-link: 0.53
Ruche traffic (msg/ns): 404.09, per-link: 1.58
All traffic (msg/ns): 1,832.43, per-link: 7.16
Inter-die reduction wrt all: 13.48
Inter-board reduction wrt inter-die: inf

---Data Movement---
All traffic (msg): 2,016,905,663
Arith. Intensity FLOP/Loads: 0.22
Arith. Intensity FLOP/Msgs: 0.08
Arith. Intensity OPS/Loads: 1.81
Arith. Intensity OPS/Msgs: 0.64



===Core Utilization Total=== CORE-S:11;; TIME K cy:1,100 ;; Nodes Proc: 781,767 -- Edges Proc: 20,284,788
======== IT IS COLD ======= Only 13 Tiles active

===PRINTING FRAME STATS

FCollision In Avg:10, SD:19, Max:124, Min:1
FCollision Out Avg:5, SD:17, Max:117, Min:0
FCollision End Avg:4, SD:16, Max:95, Min:0
FTask1 Avg:34, SD:64, Max:345, Min:0
FTask2 Avg:68, SD:141, Max:759, Min:0
FTask3 Avg:164, SD:29, Max:418, Min:128
FCore Active Avg:17, SD:11, Max:58, Min:9
FRouter Active Avg:48, SD:19, Max:100, Min:17
T1 invocations: 194,133
T2 invocations: 253,415
T3 invocations: 5,915,660
T3b invocations: 0
Total3 invocations: 5,915,660
Total4 invocations: 21,235

T3/T2 ratio: 23
T3b/T3 ratio: 0

T1 avg ex cycles: 44
T2 avg ex cycles: 68
T3&b avg ex cycles: 7
T4 avg ex cycles: 98
Avg. hops NOC1: 2
Avg. latency NOC1 (T2): 8,078
Avg. hops NOC2: 6
Avg. latency NOC2 (T3): 14,649

===PRINTING ACUM STATS at pu_cycles: 1,200,564

ACollision In Avg:101, SD:26, Max:179, Min:46
ACollision Out Avg:50, SD:30, Max:149, Min:6
ACollision End Avg:11, SD:17, Max:94, Min:0
ATask1 Avg:101, SD:7, Max:116, Min:67
ATask2 Avg:175, SD:18, Max:208, Min:76
ATask3 Avg:416, SD:33, Max:515, Min:345
ACore Active Avg:44, SD:2, Max:51, Min:34
ARouter Active Avg:81, SD:5, Max:89, Min:70
T1 invocations: 5,852,623
T2 invocations: 5,984,129
T3 invocations: 164,953,520
T3b invocations: 0
Total3 invocations: 164,953,520
Total4 invocations: 151,444

T3/T2 ratio: 28
T3b/T3 ratio: 0

T1 avg ex cycles: 53
T2 avg ex cycles: 90
T3&b avg ex cycles: 8
T4 avg ex cycles: 166
Avg. hops NOC1: 1
Avg. latency NOC1 (T2): 15,296
Avg. hops NOC2: 6
Avg. latency NOC2 (T3): 27,904
Number of K Nodes Processed: 6,315
Number of K Edges Processed: 165,489
Node Re-explore factor: 1.51
Edge Re-explore factor: 1.29
Nodes/cy: 5
Edges/cy: 138
TEPS: 107

---DCache---
DCache Size: 535,024
DRAM words: 0
  DHits: 0
  DMisses: 0

---Energy---
Leakage Energy (nJ): 1,442,325
PU Dyn E (nJ): 9,133,026
Mem Dyn E (nJ): 121,299,247
Route Dyn E (nJ): 32,129,264
Dynamic Energy (nJ): 162,561,538
Ratio of Dyn/Leak: 113
Total Energy (nJ): 164,003,863
Total Energy (nJ) 3D: 179,195,755
Cores Energy (nJ): 9,146,391
Route Energy (nJ): 32,489,051
Route Energy (nJ) 3D: 47,680,943
Mem Energy   (nJ): 122,368,422
Mem Energy   (nJ) 3D: 122,368,422
Avg. Power (mW): 136,605.68
Power Density (mW/mm2): 23.77

---Runtime---
Runtime in K cycles: 1,200.56
Microseconds: 1,200.56
Time per iteration (ms): 1.20

---Throughput---
GOP/s (aka OPS/ns): 1,120.02
GOP/s per core: 4.38
FLOP/s: 137.40
FLOP/s per core: 0.54
Max Peak FLOP/s: 4,096.00
Avg. BW GB/s: 4,896.55
Max BW GB/s: 16,384.00

---Traffic---
In-Die bisection_bytes BW (GB/s): 256.00
Inter-board traffic (msg/ns): 0.00, per-link: 0.00
Inter-pack traffic (msg/ns): 0.00, per-link: 0.00
Inter-die traffic (msg/ns): 128.27, per-link: 0.50
Ruche traffic (msg/ns): 385.32, per-link: 1.51
All traffic (msg/ns): 1,746.92, per-link: 6.82
Inter-die reduction wrt all: 13.62
Inter-board reduction wrt inter-die: inf

---Data Movement---
All traffic (msg): 2,097,284,391
Arith. Intensity FLOP/Loads: 0.22
Arith. Intensity FLOP/Msgs: 0.08
Arith. Intensity OPS/Loads: 1.81
Arith. Intensity OPS/Msgs: 0.64



===Core Utilization Total=== CORE-S:12;; TIME K cy:1,200 ;; Nodes Proc: 784,838 -- Edges Proc: 20,911,639
======== IT IS COLD ======= Only 5 Tiles active

===PRINTING FRAME STATS

FCollision In Avg:3, SD:13, Max:89, Min:0
FCollision Out Avg:2, SD:13, Max:93, Min:0
FCollision End Avg:2, SD:13, Max:93, Min:0
FTask1 Avg:9, SD:38, Max:261, Min:0
FTask2 Avg:23, SD:107, Max:651, Min:0
FTask3 Avg:54, SD:7, Max:130, Min:42
FCore Active Avg:5, SD:8, Max:44, Min:3
FRouter Active Avg:21, SD:19, Max:100, Min:4
T1 invocations: 50,775
T2 invocations: 71,747
T3 invocations: 1,930,954
T3b invocations: 0
Total3 invocations: 1,930,954
Total4 invocations: 7,913

T3/T2 ratio: 27
T3b/T3 ratio: 0

T1 avg ex cycles: 45
T2 avg ex cycles: 81
T3&b avg ex cycles: 7
T4 avg ex cycles: 72
Avg. hops NOC1: 2
Avg. latency NOC1 (T2): 17,904
Avg. hops NOC2: 6
Avg. latency NOC2 (T3): 21,630

===PRINTING ACUM STATS at pu_cycles: 1,300,567

ACollision In Avg:93, SD:24, Max:165, Min:43
ACollision Out Avg:46, SD:27, Max:127, Min:6
ACollision End Avg:10, SD:16, Max:80, Min:0
ATask1 Avg:94, SD:5, Max:107, Min:65
ATask2 Avg:164, SD:13, Max:206, Min:92
ATask3 Avg:388, SD:31, Max:481, Min:322
ACore Active Avg:41, SD:2, Max:47, Min:34
ARouter Active Avg:77, SD:5, Max:86, Min:67
T1 invocations: 5,915,334
T2 invocations: 6,066,818
T3 invocations: 166,936,996
T3b invocations: 0
Total3 invocations: 166,936,996
Total4 invocations: 159,516

T3/T2 ratio: 28
T3b/T3 ratio: 0

T1 avg ex cycles: 53
T2 avg ex cycles: 90
T3&b avg ex cycles: 8
T4 avg ex cycles: 162
Avg. hops NOC1: 1
Avg. latency NOC1 (T2): 15,294
Avg. hops NOC2: 6
Avg. latency NOC2 (T3): 27,827
Number of K Nodes Processed: 6,323
Number of K Edges Processed: 167,251
Node Re-explore factor: 1.51
Edge Re-explore factor: 1.30
Nodes/cy: 5
Edges/cy: 129
TEPS: 99

---DCache---
DCache Size: 535,024
DRAM words: 0
  DHits: 0
  DMisses: 0

---Energy---
Leakage Energy (nJ): 1,562,466
PU Dyn E (nJ): 9,238,954
Mem Dyn E (nJ): 122,717,368
Route Dyn E (nJ): 32,507,667
Dynamic Energy (nJ): 164,463,990
Ratio of Dyn/Leak: 105
Total Energy (nJ): 166,026,456
Total Energy (nJ) 3D: 181,394,920
Cores Energy (nJ): 9,253,433
Route Energy (nJ): 32,897,423
Route Energy (nJ) 3D: 48,265,887
Mem Energy   (nJ): 123,875,601
Mem Energy   (nJ) 3D: 123,875,601
Avg. Power (mW): 127,656.98
Power Density (mW/mm2): 22.22

---Runtime---
Runtime in K cycles: 1,300.57
Microseconds: 1,300.57
Time per iteration (ms): 1.30

---Throughput---
GOP/s (aka OPS/ns): 1,045.68
GOP/s per core: 4.08
FLOP/s: 128.36
FLOP/s per core: 0.50
Max Peak FLOP/s: 4,096.00
Avg. BW GB/s: 4,572.89
Max BW GB/s: 16,384.00

---Traffic---
In-Die bisection_bytes BW (GB/s): 256.00
Inter-board traffic (msg/ns): 0.00, per-link: 0.00
Inter-pack traffic (msg/ns): 0.00, per-link: 0.00
Inter-die traffic (msg/ns): 119.52, per-link: 0.47
Ruche traffic (msg/ns): 360.31, per-link: 1.41
All traffic (msg/ns): 1,631.68, per-link: 6.37
Inter-die reduction wrt all: 13.65
Inter-board reduction wrt inter-die: inf

---Data Movement---
All traffic (msg): 2,122,110,645
Arith. Intensity FLOP/Loads: 0.22
Arith. Intensity FLOP/Msgs: 0.08
Arith. Intensity OPS/Loads: 1.81
Arith. Intensity OPS/Msgs: 0.64



===Core Utilization Total=== CORE-S:13;; TIME K cy:1,300 ;; Nodes Proc: 785,865 -- Edges Proc: 21,033,894
======== IT IS COLD ======= Only 1 Tiles active

===PRINTING FRAME STATS

FCollision In Avg:2, SD:11, Max:89, Min:0
FCollision Out Avg:2, SD:12, Max:93, Min:0
FCollision End Avg:2, SD:12, Max:93, Min:0
FTask1 Avg:7, SD:35, Max:301, Min:0
FTask2 Avg:19, SD:96, Max:651, Min:0
FTask3 Avg:42, SD:15, Max:68, Min:18
FCore Active Avg:4, SD:7, Max:44, Min:1
FRouter Active Avg:17, SD:18, Max:100, Min:2
T1 invocations: 42,575
T2 invocations: 60,508
T3 invocations: 1,503,554
T3b invocations: 0
Total3 invocations: 1,503,554
Total4 invocations: 6,170

T3/T2 ratio: 25
T3b/T3 ratio: 0

T1 avg ex cycles: 45
T2 avg ex cycles: 80
T3&b avg ex cycles: 7
T4 avg ex cycles: 75
Avg. hops NOC1: 2
Avg. latency NOC1 (T2): 16,173
Avg. hops NOC2: 6
Avg. latency NOC2 (T3): 21,503

===PRINTING ACUM STATS at pu_cycles: 1,400,007

ACollision In Avg:87, SD:23, Max:153, Min:40
ACollision Out Avg:43, SD:25, Max:118, Min:5
ACollision End Avg:10, SD:15, Max:75, Min:0
ATask1 Avg:87, SD:4, Max:99, Min:80
ATask2 Avg:152, SD:11, Max:196, Min:121
ATask3 Avg:362, SD:29, Max:448, Min:300
ACore Active Avg:38, SD:2, Max:44, Min:33
ARouter Active Avg:72, SD:5, Max:83, Min:62
T1 invocations: 5,933,609
T2 invocations: 6,098,257
T3 invocations: 167,769,733
T3b invocations: 0
Total3 invocations: 167,769,733
Total4 invocations: 162,891

T3/T2 ratio: 28
T3b/T3 ratio: 0

T1 avg ex cycles: 53
T2 avg ex cycles: 90
T3&b avg ex cycles: 8
T4 avg ex cycles: 160
Avg. hops NOC1: 1
Avg. latency NOC1 (T2): 15,270
Avg. hops NOC2: 6
Avg. latency NOC2 (T3): 27,792
Number of K Nodes Processed: 6,326
Number of K Edges Processed: 167,809
Node Re-explore factor: 1.51
Edge Re-explore factor: 1.31
Nodes/cy: 5
Edges/cy: 120
TEPS: 92

---DCache---
DCache Size: 535,024
DRAM words: 0
  DHits: 0
  DMisses: 0

---Energy---
Leakage Energy (nJ): 1,681,931
PU Dyn E (nJ): 9,280,694
Mem Dyn E (nJ): 123,247,326
Route Dyn E (nJ): 32,664,244
Dynamic Energy (nJ): 165,192,265
Ratio of Dyn/Leak: 98
Total Energy (nJ): 166,874,196
Total Energy (nJ) 3D: 182,313,937
Cores Energy (nJ): 9,296,279
Route Energy (nJ): 33,083,800
Route Energy (nJ) 3D: 48,523,542
Mem Energy   (nJ): 124,494,116
Mem Energy   (nJ) 3D: 124,494,116
Avg. Power (mW): 119,195.26
Power Density (mW/mm2): 20.74

---Runtime---
Runtime in K cycles: 1,400.01
Microseconds: 1,400.01
Time per iteration (ms): 1.40

---Throughput---
GOP/s (aka OPS/ns): 975.57
GOP/s per core: 3.81
FLOP/s: 119.83
FLOP/s per core: 0.47
Max Peak FLOP/s: 4,096.00
Avg. BW GB/s: 4,266.44
Max BW GB/s: 16,384.00

---Traffic---
In-Die bisection_bytes BW (GB/s): 256.00
Inter-board traffic (msg/ns): 0.00, per-link: 0.00
Inter-pack traffic (msg/ns): 0.00, per-link: 0.00
Inter-die traffic (msg/ns): 111.53, per-link: 0.44
Ruche traffic (msg/ns): 336.52, per-link: 1.31
All traffic (msg/ns): 1,523.14, per-link: 5.95
Inter-die reduction wrt all: 13.66
Inter-board reduction wrt inter-die: inf

---Data Movement---
All traffic (msg): 2,132,404,619
Arith. Intensity FLOP/Loads: 0.22
Arith. Intensity FLOP/Msgs: 0.08
Arith. Intensity OPS/Loads: 1.81
Arith. Intensity OPS/Msgs: 0.64



===Core Utilization Total=== CORE-S:14;; TIME K cy:1,400 ;; Nodes Proc: 786,260 -- Edges Proc: 21,034,357
======== IT IS COLD ======= Only 1 Tiles active
Epoch Done Router: 5
Epoch Done Router: 3
##EPOCH## 1 COMPLETED at Time (K cy): 1,419
Nodes processed until now: 6,326,599
Edges processed until now: 167,809,730
Epoch Done Router: 2
Epoch Done Router: 7
Epoch Done Router: 6
Epoch Done Router: 1
Epoch Done Router: 4
Epoch Done Router: 0
Program Done Router Thread: 0
Program Done Router Thread: 3
Program Done Router Thread: 6
Program Done Router Thread: 1
Program Done Worker Thread: 1
Program Done Worker Thread: 5
Program Done Router Thread: 2
Program Done Router Thread: 7
Program Done Worker Thread: 6
Program Done Worker Thread: 3
Program Done Worker Thread: 2
Program Done Router Thread: 5
Program Done Worker Thread: 7
Program Done Worker Thread: 0
Program Done Router Thread: 4
Program Done Worker Thread: 4

===PRINTING ACUM STATS at pu_cycles: 1,419,998

ACollision In Avg:85, SD:22, Max:151, Min:39
ACollision Out Avg:42, SD:25, Max:117, Min:5
ACollision End Avg:9, SD:14, Max:74, Min:0
ATask1 Avg:86, SD:4, Max:98, Min:79
ATask2 Avg:150, SD:11, Max:193, Min:120
ATask3 Avg:357, SD:29, Max:442, Min:296
ACore Active Avg:38, SD:2, Max:43, Min:32
ARouter Active Avg:71, SD:5, Max:82, Min:62
T1 invocations: 5,933,755
T2 invocations: 6,098,403
T3 invocations: 167,809,730
T3b invocations: 0
Total3 invocations: 167,809,730
Total4 invocations: 163,037

T3/T2 ratio: 28
T3b/T3 ratio: 0

T1 avg ex cycles: 53
T2 avg ex cycles: 90
T3&b avg ex cycles: 8
T4 avg ex cycles: 159
Avg. hops NOC1: 1
Avg. latency NOC1 (T2): 15,269
Avg. hops NOC2: 6
Avg. latency NOC2 (T3): 27,791

Runtime at program end in K cycles: 1,419
Runtime before cooldown in K cycles: 1,000


Number of K Nodes Processed: 6,326
Number of K Edges Processed: 167,809
Node Re-explore factor: 1.51
Edge Re-explore factor: 1.31
Nodes/cy: 4
Edges/cy: 118
TEPS: 90

---DCache---
DCache Size: 535,024
DRAM words: 0
  DHits: 0
  DMisses: 0

---Energy---
Leakage Energy (nJ): 1,705,947
PU Dyn E (nJ): 9,282,384
Mem Dyn E (nJ): 123,264,193
Route Dyn E (nJ): 32,671,859
Dynamic Energy (nJ): 165,218,436
Ratio of Dyn/Leak: 97
Total Energy (nJ): 166,924,383
Total Energy (nJ) 3D: 182,367,599
Cores Energy (nJ): 9,298,191
Route Energy (nJ): 33,097,406
Route Energy (nJ) 3D: 48,540,622
Mem Energy   (nJ): 124,528,787
Mem Energy   (nJ) 3D: 124,528,787
Avg. Power (mW): 117,552.55
Power Density (mW/mm2): 20.46

---Runtime---
Runtime in K cycles: 1,420.00
Microseconds: 1,420.00
Time per iteration (ms): 1.42

---Inst---
K Loads: 756,231
K Stores: 737,234
K Instructions: 1,366,012

---Throughput---
GOP/s (aka OPS/ns): 961.98
GOP/s per core: 3.76
FLOP/s: 118.18
FLOP/s per core: 0.46
Max Peak FLOP/s: 4,096.00
Avg. BW GB/s: 4,206.95
Max BW GB/s: 16,384.00

---Traffic---
In-Die bisection_bytes BW (GB/s): 256.00
Inter-board traffic (msg/ns): 0.00, per-link: 0.00
Inter-pack traffic (msg/ns): 0.00, per-link: 0.00
Inter-die traffic (msg/ns): 109.99, per-link: 0.43
Ruche traffic (msg/ns): 331.86, per-link: 1.30
All traffic (msg/ns): 1,502.04, per-link: 5.87
Inter-die reduction wrt all: 13.66
Inter-board reduction wrt inter-die: inf

---Data Movement---
All traffic (msg): 2,132,900,058
Arith. Intensity FLOP/Loads: 0.22
Arith. Intensity FLOP/Msgs: 0.08
Arith. Intensity OPS/Loads: 1.81
Arith. Intensity OPS/Msgs: 0.64

Simulation time: 183.05
Sim noc_cy/s: 15,514.83
Sim Msg/s: 11,651,983.55

Version 31

