Dataset:  Kron22/
Dry run: 0
Open Edge Count File succesfully
Edges Traversed BFS: 128309848
Found Vertices: 4194304, Edges: 128311436
avg degree 31
Array  Kron22/node_array.bin found
Malloc array of size 16777220 bytes
Readin array of size 16777216 bytes
Finished Reading Array Bytes
No reordering Array 32bit
Array  Kron22/edge_array.bin found
Malloc array of size 513245744 bytes
Readin array of size 513245744 bytes
Finished Reading Array Bytes
No reordering Array 32bit
Reading graph elapsed time: 0.162277s

Dataset Footprint: 505 MiB
Dataset Footprint per Board: 4240.44 Mb
Dataset injection time (ms): 0.258816
Max Dataset Footprint: 1026 MiB

Dataset footprint per tile: 505 KiB
Proxys footprint per tile: 0 KiB
Reserved SRAM per tile: 17 KiB

Ideal SRAM per tile: 522 KiB
reserved_words_for_dataset:103954
dataset_words_per_tile:129408
remaining_sram_words:519774
min_dcache_sram_words_required:129408
dataset_words_per_tile:129408
min_pcache_sram_words_required:0
proxys_words_per_tile:0
Dcache footprint ratio: 1
Dataset Cached: 0
DCache: 129408 words, lines: 8088, sets: 8088
Proxys Cached: 0
Pcache: 0 words, sets: 0
Node per tile: 4,096
Edge per tile: 125,305
GRID_X: 32
GRID_SIZE: 1,024
smt_per_tile: 4
noc_freq: 1
pu_freq: 1
RUCHE_X: 4
PROXY_W: 32
DIE_W: 8
DIE_H: 8
DIES: 16
BORDER_TILES_PER_DIE: 32
PACK_W: 32
PACK_H: 32
DIES_PACK_FACTOR: 4
DIES_PER_PACK: 16
PACKAGES: 1
BOARD_W: 32
BOARD_H: 32
BOARDS: 1
MUX_BUS: 1
DCACHE: 1
PCACHE: 0
PROXY_FACTOR: 1
CACHE_WAYS: 1
TORUS: 1
PHY_NOCS: 1
WIDE_NOC_ID: 0
NOC_CONF: 1
noc_width: 32
hbm_channel_bit_width: 512
ld_st_op_byte_width: 4
PROXY_ROUTING: 0
WRITE_THROUGH: 0
ASSERT_MODE: 0
GLOBAL_BARRIER: 0
OQ flits: 6 ; 256 ; 2
IQ flits: 6 ; 4,096 ; 32
OQ messages: 2 ; 128 ; 1
IQ messages: 2 ; 2,048 ; 16
max_task2 size: 64
io_factor_t2: 16
io_factor_t3: 16
io_factor_t3b: 16

Active SRAM Storage per tile: 523 KiB
Total SRAM Storage per tile: 2,048 KiB
Agreggated SRAM Storage: 2,048 MiB

Active DRAM Storage per tile: 0 MiB
Total DRAM Storage per tile: 128 MiB
Agreggated DRAM Storage: 128 GiB

Inter-Die #links: 256
Inter-Die (Gbits): 8,192
Inter-Die (Gbits/mm): 245.576
Bisection BW of Board (Gbits): 8,192
Border IO #Dies: 16
Border IO Die BW (Gbits): 1,024
Off-Board BW Total (Gbits): 16,384
Off-Board BW Density (Gbits/mm): 72
Die side: 8.34 mm
Die border wire density: 245.58 Gbits/mm
HBM wire density: 491.15 Gbits/mm

Tiles per Die: 64 (8x8)
Tile Area: 0.76 mm2, side: 0.87 mm
- Core/Rout Area: 0.19 mm2
- SRAM Area: 0.57 mm2
- SRAM/Logic Ratio: 3.08x

Dies per Package: 16 (4x4)
Die Area: 69.55 mm2, side: 8.34 mm
- Tiles Area: 48.68 mm2
- PHY Area: 11.87 mm2
- MC Area: 9.00 mm2

Packages per Board: 1 (1x1)
Package Area: 3,192.77 mm2, side: 56.50 mm
- IOdie Area: 320.00 mm2
- Dies Area: 1,112.77 mm2
- HBM Area: 1,760.00 mm2

Boards: 1 (1x1)
Board Area: 3,192.77 mm2
Total Area: 3,192.77 mm2



ESTIMATED COST OF SILICON AND PACKAGING. ONLY VARIABLE, NO FIXED COSTS
Good dies per wafer 3d: 481
Good dies per wafer 2d: 802
--Dies 3D Cost: 201.15 $
--Dies 2.5D Cost: 120.64 $
--Dies 2D Cost: 120.64 $
--HBM Cost: 960.00 $
--IOdie Cost: 33.76 $
--Packaging Cost 3d: 41.27 $
--Packaging Cost 2.5d: 65.38 $
--Packaging Cost 2d: 23.16 $
SiP Cost 3d: 1,236.17 $
SiP Cost 2.5d: 1,179.78 $
SiP Cost 2d: 177.56 $
--Board Cost: 3.19 $
Total SiPs Cost 3d: 1,239.37 $
Total SiPs Cost 2.5d: 1,182.97 $
Total SiPs Cost 2d: 180.75 $

Perf counters initialized
Mesh connected
Cache structures initialized
proxys initialized
Dataset structures initialized


Starting Simulation
INIT epoch: 1
INIT epoch: 1
INIT epoch: 1
INIT epoch: 1
INIT epoch: 1
INIT epoch: 1
INIT epoch: 1
INIT epoch: 1

===PRINTING FRAME STATS

FCollision In Avg:-nan, SD:-nan, Max:240, Min:45
FCollision Out Avg:-nan, SD:-nan, Max:172, Min:12
FCollision End Avg:-nan, SD:-nan, Max:0, Min:0
FTask1 Avg:-nan, SD:-nan, Max:344, Min:11
FTask2 Avg:-nan, SD:-nan, Max:0, Min:0
FTask3 Avg:-nan, SD:-nan, Max:124, Min:38
FCore Active Avg:-nan, SD:-nan, Max:100, Min:16
FRouter Active Avg:-nan, SD:-nan, Max:99, Min:77
T1 invocations: 1,951,375
T2 invocations: 0
T3 invocations: 20,616,260
T3b invocations: 0
Total3 invocations: 20,616,260
Total4 invocations: 0

T3/T2 ratio: inf
T3b/T3 ratio: 0

T1 avg ex cycles: 97
T2 avg ex cycles: -nan
T3&b avg ex cycles: 3
T4 avg ex cycles: -nan
Avg. hops NOC1: -nan
Avg. latency NOC1 (T2): -nan
Avg. hops NOC2: 11
Avg. latency NOC2 (T3): 1,225

===PRINTING ACUM STATS at pu_cycles: 100,601

ACollision In Avg:-nan, SD:-nan, Max:240, Min:45
ACollision Out Avg:-nan, SD:-nan, Max:172, Min:12
ACollision End Avg:-nan, SD:-nan, Max:0, Min:0
ATask1 Avg:-nan, SD:-nan, Max:344, Min:11
ATask2 Avg:-nan, SD:-nan, Max:0, Min:0
ATask3 Avg:-nan, SD:-nan, Max:124, Min:38
ACore Active Avg:-nan, SD:-nan, Max:100, Min:16
ARouter Active Avg:-nan, SD:-nan, Max:99, Min:77
T1 invocations: 1,951,375
T2 invocations: 0
T3 invocations: 20,616,260
T3b invocations: 0
Total3 invocations: 20,616,260
Total4 invocations: 0

T3/T2 ratio: inf
T3b/T3 ratio: 0

T1 avg ex cycles: 97
T2 avg ex cycles: -nan
T3&b avg ex cycles: 3
T4 avg ex cycles: -nan
Avg. hops NOC1: -nan
Avg. latency NOC1 (T2): -nan
Avg. hops NOC2: 11
Avg. latency NOC2 (T3): 1,225
Number of K Nodes Processed: 20,656
Number of K Edges Processed: 20,656
Node Re-explore factor: 4.93
Edge Re-explore factor: 0.16
Nodes/cy: 205
Edges/cy: 205
TEPS: 1,275

---DCache---
DCache Size: 129,408
DRAM words: 0
  DHits: 0
  DMisses: 0

---Energy---
Leakage Energy (nJ): 39,046
PU Dyn E (nJ): 1,210,832
Mem Dyn E (nJ): 6,769,826
Route Dyn E (nJ): 2,930,159
Dynamic Energy (nJ): 10,910,818
Ratio of Dyn/Leak: 279
Total Energy (nJ): 10,949,864
Total Energy (nJ) 3D: 12,402,247
Cores Energy (nJ): 1,211,952
Route Energy (nJ): 2,934,413
Route Energy (nJ) 3D: 4,386,796
Mem Energy   (nJ): 6,803,499
Mem Energy   (nJ) 3D: 6,803,499
Avg. Power (mW): 108,844.48
Power Density (mW/mm2): 34.09

---Runtime---
Runtime in K cycles: 100.60
Microseconds: 100.60
Time per iteration (ms): 0.10

---Throughput---
GOP/s (aka OPS/ns): 1,810.97
GOP/s per core: 1.77
FLOP/s: 207.66
FLOP/s per core: 0.20
Max Peak FLOP/s: 4,096.00
Avg. BW GB/s: 6,812.36
Max BW GB/s: 16,384.00

---Traffic---
In-Die bisection_bytes BW (GB/s): 128.00
Inter-board traffic (msg/ns): 0.00, per-link: 0.00
Inter-pack traffic (msg/ns): 0.00, per-link: 0.00
Inter-die traffic (msg/ns): 279.70, per-link: 0.55
Ruche traffic (msg/ns): 459.51, per-link: 0.90
All traffic (msg/ns): 4,317.65, per-link: 4.22
Inter-die reduction wrt all: 15.44
Inter-board reduction wrt inter-die: inf

---Data Movement---
All traffic (msg): 434,360,256
Arith. Intensity FLOP/Loads: 0.19
Arith. Intensity FLOP/Msgs: 0.05
Arith. Intensity OPS/Loads: 1.69
Arith. Intensity OPS/Msgs: 0.42



===Core Utilization Total=== CORE-S:1;; TIME K cy:100 ;; Nodes Proc: 2,560,191 -- Edges Proc: 0

===PRINTING FRAME STATS

FCollision In Avg:108, SD:26, Max:230, Min:48
FCollision Out Avg:50, SD:31, Max:166, Min:12
FCollision End Avg:0, SD:0, Max:0, Min:0
FTask1 Avg:184, SD:83, Max:344, Min:12
FTask2 Avg:0, SD:0, Max:0, Min:0
FTask3 Avg:61, SD:11, Max:129, Min:37
FCore Active Avg:61, SD:21, Max:100, Min:15
FRouter Active Avg:93, SD:3, Max:99, Min:79
T1 invocations: 1,945,288
T2 invocations: 0
T3 invocations: 20,798,546
T3b invocations: 0
Total3 invocations: 20,798,546
Total4 invocations: 0

T3/T2 ratio: inf
T3b/T3 ratio: 0

T1 avg ex cycles: 97
T2 avg ex cycles: -nan
T3&b avg ex cycles: 3
T4 avg ex cycles: -nan
Avg. hops NOC1: -nan
Avg. latency NOC1 (T2): -nan
Avg. hops NOC2: 11
Avg. latency NOC2 (T3): 1,294

===PRINTING ACUM STATS at pu_cycles: 200,596

ACollision In Avg:108, SD:25, Max:210, Min:50
ACollision Out Avg:50, SD:30, Max:162, Min:15
ACollision End Avg:0, SD:0, Max:0, Min:0
ATask1 Avg:184, SD:82, Max:344, Min:14
ATask2 Avg:0, SD:0, Max:0, Min:0
ATask3 Avg:61, SD:11, Max:127, Min:38
ACore Active Avg:61, SD:21, Max:100, Min:16
ARouter Active Avg:93, SD:3, Max:99, Min:78
T1 invocations: 3,882,016
T2 invocations: 0
T3 invocations: 41,301,175
T3b invocations: 0
Total3 invocations: 41,301,175
Total4 invocations: 0

T3/T2 ratio: inf
T3b/T3 ratio: 0

T1 avg ex cycles: 97
T2 avg ex cycles: -nan
T3&b avg ex cycles: 3
T4 avg ex cycles: -nan
Avg. hops NOC1: -nan
Avg. latency NOC1 (T2): -nan
Avg. hops NOC2: 11
Avg. latency NOC2 (T3): 1,257
Number of K Nodes Processed: 41,452
Number of K Edges Processed: 41,452
Node Re-explore factor: 9.88
Edge Re-explore factor: 0.32
Nodes/cy: 207
Edges/cy: 207
TEPS: 640

---DCache---
DCache Size: 129,408
DRAM words: 0
  DHits: 0
  DMisses: 0

---Energy---
Leakage Energy (nJ): 77,857
PU Dyn E (nJ): 2,410,008
Mem Dyn E (nJ): 13,534,090
Route Dyn E (nJ): 5,863,946
Dynamic Energy (nJ): 21,808,044
Ratio of Dyn/Leak: 280
Total Energy (nJ): 21,885,901
Total Energy (nJ) 3D: 24,790,814
Cores Energy (nJ): 2,412,241
Route Energy (nJ): 5,872,426
Route Energy (nJ) 3D: 8,777,339
Mem Energy   (nJ): 13,601,233
Mem Energy   (nJ) 3D: 13,601,233
Avg. Power (mW): 109,104.37
Power Density (mW/mm2): 34.17

---Runtime---
Runtime in K cycles: 200.60
Microseconds: 200.60
Time per iteration (ms): 0.20

---Throughput---
GOP/s (aka OPS/ns): 1,808.74
GOP/s per core: 1.77
FLOP/s: 207.02
FLOP/s per core: 0.20
Max Peak FLOP/s: 4,096.00
Avg. BW GB/s: 6,829.82
Max BW GB/s: 16,384.00

---Traffic---
In-Die bisection_bytes BW (GB/s): 128.00
Inter-board traffic (msg/ns): 0.00, per-link: 0.00
Inter-pack traffic (msg/ns): 0.00, per-link: 0.00
Inter-die traffic (msg/ns): 281.32, per-link: 0.55
Ruche traffic (msg/ns): 461.54, per-link: 0.90
All traffic (msg/ns): 4,332.95, per-link: 4.23
Inter-die reduction wrt all: 15.40
Inter-board reduction wrt inter-die: inf

---Data Movement---
All traffic (msg): 869,171,644
Arith. Intensity FLOP/Loads: 0.19
Arith. Intensity FLOP/Msgs: 0.05
Arith. Intensity OPS/Loads: 1.69
Arith. Intensity OPS/Msgs: 0.42



===Core Utilization Total=== CORE-S:2;; TIME K cy:200 ;; Nodes Proc: 5,150,408 -- Edges Proc: 0

===PRINTING FRAME STATS

FCollision In Avg:109, SD:26, Max:227, Min:44
FCollision Out Avg:50, SD:32, Max:167, Min:16
FCollision End Avg:0, SD:0, Max:0, Min:0
FTask1 Avg:184, SD:84, Max:346, Min:10
FTask2 Avg:0, SD:0, Max:0, Min:0
FTask3 Avg:61, SD:11, Max:128, Min:39
FCore Active Avg:61, SD:21, Max:100, Min:15
FRouter Active Avg:93, SD:3, Max:99, Min:78
T1 invocations: 1,954,835
T2 invocations: 0
T3 invocations: 20,947,631
T3b invocations: 0
Total3 invocations: 20,947,631
Total4 invocations: 0

T3/T2 ratio: inf
T3b/T3 ratio: 0

T1 avg ex cycles: 97
T2 avg ex cycles: -nan
T3&b avg ex cycles: 3
T4 avg ex cycles: -nan
Avg. hops NOC1: -nan
Avg. latency NOC1 (T2): -nan
Avg. hops NOC2: 11
Avg. latency NOC2 (T3): 1,289

===PRINTING ACUM STATS at pu_cycles: 300,589

ACollision In Avg:108, SD:25, Max:211, Min:48
ACollision Out Avg:50, SD:31, Max:163, Min:16
ACollision End Avg:0, SD:0, Max:0, Min:0
ATask1 Avg:184, SD:82, Max:341, Min:14
ATask2 Avg:0, SD:0, Max:0, Min:0
ATask3 Avg:61, SD:11, Max:127, Min:39
ACore Active Avg:61, SD:21, Max:100, Min:15
ARouter Active Avg:93, SD:3, Max:99, Min:78
T1 invocations: 5,846,958
T2 invocations: 0
T3 invocations: 62,327,440
T3b invocations: 0
Total3 invocations: 62,327,440
Total4 invocations: 0

T3/T2 ratio: inf
T3b/T3 ratio: 0

T1 avg ex cycles: 97
T2 avg ex cycles: -nan
T3&b avg ex cycles: 3
T4 avg ex cycles: -nan
Avg. hops NOC1: -nan
Avg. latency NOC1 (T2): -nan
Avg. hops NOC2: 11
Avg. latency NOC2 (T3): 1,271
Number of K Nodes Processed: 62,402
Number of K Edges Processed: 62,402
Node Re-explore factor: 14.88
Edge Re-explore factor: 0.49
Nodes/cy: 208
Edges/cy: 208
TEPS: 427

---DCache---
DCache Size: 129,408
DRAM words: 0
  DHits: 0
  DMisses: 0

---Energy---
Leakage Energy (nJ): 116,666
PU Dyn E (nJ): 3,632,521
Mem Dyn E (nJ): 20,416,126
Route Dyn E (nJ): 8,846,588
Dynamic Energy (nJ): 32,895,235
Ratio of Dyn/Leak: 282
Total Energy (nJ): 33,011,901
Total Energy (nJ) 3D: 37,400,248
Cores Energy (nJ): 3,635,867
Route Energy (nJ): 8,859,296
Route Energy (nJ) 3D: 13,247,643
Mem Energy   (nJ): 20,516,739
Mem Energy   (nJ) 3D: 20,516,739
Avg. Power (mW): 109,824.05
Power Density (mW/mm2): 34.40

---Runtime---
Runtime in K cycles: 300.59
Microseconds: 300.59
Time per iteration (ms): 0.30

---Throughput---
GOP/s (aka OPS/ns): 1,819.50
GOP/s per core: 1.78
FLOP/s: 208.20
FLOP/s per core: 0.20
Max Peak FLOP/s: 4,096.00
Avg. BW GB/s: 6,875.42
Max BW GB/s: 16,384.00

---Traffic---
In-Die bisection_bytes BW (GB/s): 128.00
Inter-board traffic (msg/ns): 0.00, per-link: 0.00
Inter-pack traffic (msg/ns): 0.00, per-link: 0.00
Inter-die traffic (msg/ns): 282.59, per-link: 0.55
Ruche traffic (msg/ns): 463.05, per-link: 0.90
All traffic (msg/ns): 4,364.50, per-link: 4.26
Inter-die reduction wrt all: 15.44
Inter-board reduction wrt inter-die: inf

---Data Movement---
All traffic (msg): 1,311,920,320
Arith. Intensity FLOP/Loads: 0.19
Arith. Intensity FLOP/Msgs: 0.05
Arith. Intensity OPS/Loads: 1.69
Arith. Intensity OPS/Msgs: 0.42



===Core Utilization Total=== CORE-S:3;; TIME K cy:300 ;; Nodes Proc: 7,765,219 -- Edges Proc: 0

===PRINTING FRAME STATS

FCollision In Avg:96, SD:34, Max:216, Min:20
FCollision Out Avg:46, SD:34, Max:164, Min:6
FCollision End Avg:0, SD:0, Max:0, Min:0
FTask1 Avg:156, SD:58, Max:316, Min:10
FTask2 Avg:0, SD:0, Max:0, Min:0
FTask3 Avg:52, SD:9, Max:107, Min:33
FCore Active Avg:52, SD:15, Max:92, Min:13
FRouter Active Avg:89, SD:5, Max:96, Min:62
T1 invocations: 1,697,047
T2 invocations: 0
T3 invocations: 17,772,544
T3b invocations: 0
Total3 invocations: 17,772,544
Total4 invocations: 0

T3/T2 ratio: inf
T3b/T3 ratio: 0

T1 avg ex cycles: 94
T2 avg ex cycles: -nan
T3&b avg ex cycles: 3
T4 avg ex cycles: -nan
Avg. hops NOC1: -nan
Avg. latency NOC1 (T2): -nan
Avg. hops NOC2: 11
Avg. latency NOC2 (T3): 1,205

===PRINTING ACUM STATS at pu_cycles: 400,619

ACollision In Avg:105, SD:27, Max:209, Min:42
ACollision Out Avg:49, SD:31, Max:161, Min:13
ACollision End Avg:0, SD:0, Max:0, Min:0
ATask1 Avg:177, SD:71, Max:277, Min:15
ATask2 Avg:0, SD:0, Max:0, Min:0
ATask3 Avg:59, SD:10, Max:122, Min:37
ACore Active Avg:59, SD:18, Max:94, Min:15
ARouter Active Avg:92, SD:2, Max:97, Min:78
T1 invocations: 7,550,656
T2 invocations: 0
T3 invocations: 80,154,272
T3b invocations: 0
Total3 invocations: 80,154,272
Total4 invocations: 0

T3/T2 ratio: inf
T3b/T3 ratio: 0

T1 avg ex cycles: 96
T2 avg ex cycles: -nan
T3&b avg ex cycles: 3
T4 avg ex cycles: -nan
Avg. hops NOC1: -nan
Avg. latency NOC1 (T2): -nan
Avg. hops NOC2: 11
Avg. latency NOC2 (T3): 1,256
Number of K Nodes Processed: 80,169
Number of K Edges Processed: 80,169
Node Re-explore factor: 19.11
Edge Re-explore factor: 0.62
Nodes/cy: 200
Edges/cy: 200
TEPS: 320

---DCache---
DCache Size: 129,408
DRAM words: 0
  DHits: 0
  DMisses: 0

---Energy---
Leakage Energy (nJ): 155,491
PU Dyn E (nJ): 4,664,836
Mem Dyn E (nJ): 26,246,029
Route Dyn E (nJ): 11,423,404
Dynamic Energy (nJ): 42,334,270
Ratio of Dyn/Leak: 272
Total Energy (nJ): 42,489,761
Total Energy (nJ) 3D: 48,177,335
Cores Energy (nJ): 4,669,296
Route Energy (nJ): 11,440,341
Route Energy (nJ) 3D: 17,127,915
Mem Energy   (nJ): 26,380,124
Mem Energy   (nJ) 3D: 26,380,124
Avg. Power (mW): 106,060.27
Power Density (mW/mm2): 33.22

---Runtime---
Runtime in K cycles: 400.62
Microseconds: 400.62
Time per iteration (ms): 0.40

---Throughput---
GOP/s (aka OPS/ns): 1,753.72
GOP/s per core: 1.71
FLOP/s: 200.47
FLOP/s per core: 0.20
Max Peak FLOP/s: 4,096.00
Avg. BW GB/s: 6,631.72
Max BW GB/s: 16,384.00

---Traffic---
In-Die bisection_bytes BW (GB/s): 128.00
Inter-board traffic (msg/ns): 0.00, per-link: 0.00
Inter-pack traffic (msg/ns): 0.00, per-link: 0.00
Inter-die traffic (msg/ns): 275.56, per-link: 0.54
Ruche traffic (msg/ns): 440.85, per-link: 0.86
All traffic (msg/ns): 4,232.44, per-link: 4.13
Inter-die reduction wrt all: 15.36
Inter-board reduction wrt inter-die: inf

---Data Movement---
All traffic (msg): 1,695,595,304
Arith. Intensity FLOP/Loads: 0.19
Arith. Intensity FLOP/Msgs: 0.05
Arith. Intensity OPS/Loads: 1.69
Arith. Intensity OPS/Msgs: 0.41



===Core Utilization Total=== CORE-S:4;; TIME K cy:400 ;; Nodes Proc: 9,978,338 -- Edges Proc: 0

===PRINTING FRAME STATS

FCollision In Avg:81, SD:48, Max:202, Min:1
FCollision Out Avg:41, SD:36, Max:153, Min:0
FCollision End Avg:0, SD:0, Max:0, Min:0
FTask1 Avg:116, SD:80, Max:350, Min:0
FTask2 Avg:0, SD:0, Max:0, Min:0
FTask3 Avg:38, SD:7, Max:78, Min:24
FCore Active Avg:39, SD:20, Max:100, Min:6
FRouter Active Avg:81, SD:14, Max:92, Min:22
T1 invocations: 1,360,795
T2 invocations: 0
T3 invocations: 13,031,926
T3b invocations: 0
Total3 invocations: 13,031,926
Total4 invocations: 0

T3/T2 ratio: inf
T3b/T3 ratio: 0

T1 avg ex cycles: 87
T2 avg ex cycles: -nan
T3&b avg ex cycles: 3
T4 avg ex cycles: -nan
Avg. hops NOC1: -nan
Avg. latency NOC1 (T2): -nan
Avg. hops NOC2: 11
Avg. latency NOC2 (T3): 1,061

===PRINTING ACUM STATS at pu_cycles: 500,579

ACollision In Avg:100, SD:29, Max:200, Min:34
ACollision Out Avg:47, SD:32, Max:156, Min:10
ACollision End Avg:0, SD:0, Max:0, Min:0
ATask1 Avg:165, SD:57, Max:225, Min:15
ATask2 Avg:0, SD:0, Max:0, Min:0
ATask3 Avg:55, SD:10, Max:113, Min:35
ACore Active Avg:55, SD:14, Max:79, Min:14
ARouter Active Avg:90, SD:4, Max:95, Min:70
T1 invocations: 8,902,714
T2 invocations: 0
T3 invocations: 93,126,943
T3b invocations: 0
Total3 invocations: 93,126,943
Total4 invocations: 0

T3/T2 ratio: inf
T3b/T3 ratio: 0

T1 avg ex cycles: 95
T2 avg ex cycles: -nan
T3&b avg ex cycles: 3
T4 avg ex cycles: -nan
Avg. hops NOC1: -nan
Avg. latency NOC1 (T2): -nan
Avg. hops NOC2: 11
Avg. latency NOC2 (T3): 1,229
Number of K Nodes Processed: 93,178
Number of K Edges Processed: 93,178
Node Re-explore factor: 22.22
Edge Re-explore factor: 0.73
Nodes/cy: 186
Edges/cy: 186
TEPS: 256

---DCache---
DCache Size: 129,408
DRAM words: 0
  DHits: 0
  DMisses: 0

---Energy---
Leakage Energy (nJ): 194,288
PU Dyn E (nJ): 5,420,258
Mem Dyn E (nJ): 30,501,939
Route Dyn E (nJ): 13,399,324
Dynamic Energy (nJ): 49,321,522
Ratio of Dyn/Leak: 254
Total Energy (nJ): 49,515,810
Total Energy (nJ) 3D: 56,225,283
Cores Energy (nJ): 5,425,831
Route Energy (nJ): 13,420,487
Route Energy (nJ) 3D: 20,129,959
Mem Energy   (nJ): 30,669,493
Mem Energy   (nJ) 3D: 30,669,493
Avg. Power (mW): 98,917.07
Power Density (mW/mm2): 30.98

---Runtime---
Runtime in K cycles: 500.58
Microseconds: 500.58
Time per iteration (ms): 0.50

---Throughput---
GOP/s (aka OPS/ns): 1,631.62
GOP/s per core: 1.59
FLOP/s: 186.21
FLOP/s per core: 0.18
Max Peak FLOP/s: 4,096.00
Avg. BW GB/s: 6,168.03
Max BW GB/s: 16,384.00

---Traffic---
In-Die bisection_bytes BW (GB/s): 128.00
Inter-board traffic (msg/ns): 0.00, per-link: 0.00
Inter-pack traffic (msg/ns): 0.00, per-link: 0.00
Inter-die traffic (msg/ns): 261.82, per-link: 0.51
Ruche traffic (msg/ns): 401.96, per-link: 0.79
All traffic (msg/ns): 3,977.57, per-link: 3.88
Inter-die reduction wrt all: 15.19
Inter-board reduction wrt inter-die: inf

---Data Movement---
All traffic (msg): 1,991,088,776
Arith. Intensity FLOP/Loads: 0.19
Arith. Intensity FLOP/Msgs: 0.05
Arith. Intensity OPS/Loads: 1.69
Arith. Intensity OPS/Msgs: 0.41



===Core Utilization Total=== CORE-S:5;; TIME K cy:500 ;; Nodes Proc: 11,593,318 -- Edges Proc: 0

===PRINTING FRAME STATS

FCollision In Avg:78, SD:50, Max:208, Min:0
FCollision Out Avg:40, SD:36, Max:154, Min:0
FCollision End Avg:0, SD:0, Max:0, Min:0
FTask1 Avg:109, SD:79, Max:248, Min:0
FTask2 Avg:0, SD:0, Max:0, Min:0
FTask3 Avg:36, SD:6, Max:75, Min:22
FCore Active Avg:36, SD:20, Max:72, Min:6
FRouter Active Avg:80, SD:16, Max:95, Min:13
T1 invocations: 1,281,502
T2 invocations: 0
T3 invocations: 12,218,479
T3b invocations: 0
Total3 invocations: 12,218,479
Total4 invocations: 0

T3/T2 ratio: inf
T3b/T3 ratio: 0

T1 avg ex cycles: 87
T2 avg ex cycles: -nan
T3&b avg ex cycles: 3
T4 avg ex cycles: -nan
Avg. hops NOC1: -nan
Avg. latency NOC1 (T2): -nan
Avg. hops NOC2: 12
Avg. latency NOC2 (T3): 924

===PRINTING ACUM STATS at pu_cycles: 600,550

ACollision In Avg:97, SD:32, Max:201, Min:28
ACollision Out Avg:46, SD:32, Max:155, Min:9
ACollision End Avg:0, SD:0, Max:0, Min:0
ATask1 Avg:156, SD:49, Max:191, Min:14
ATask2 Avg:0, SD:0, Max:0, Min:0
ATask3 Avg:51, SD:9, Max:107, Min:33
ACore Active Avg:52, SD:12, Max:68, Min:13
ARouter Active Avg:88, SD:6, Max:93, Min:62
T1 invocations: 10,171,635
T2 invocations: 0
T3 invocations: 105,237,451
T3b invocations: 0
Total3 invocations: 105,237,451
Total4 invocations: 0

T3/T2 ratio: inf
T3b/T3 ratio: 0

T1 avg ex cycles: 94
T2 avg ex cycles: -nan
T3&b avg ex cycles: 3
T4 avg ex cycles: -nan
Avg. hops NOC1: -nan
Avg. latency NOC1 (T2): -nan
Avg. hops NOC2: 11
Avg. latency NOC2 (T3): 1,194
Number of K Nodes Processed: 105,386
Number of K Edges Processed: 105,386
Node Re-explore factor: 25.13
Edge Re-explore factor: 0.82
Nodes/cy: 175
Edges/cy: 175
TEPS: 214

---DCache---
DCache Size: 129,408
DRAM words: 0
  DHits: 0
  DMisses: 0

---Energy---
Leakage Energy (nJ): 233,089
PU Dyn E (nJ): 6,126,381
Mem Dyn E (nJ): 34,476,914
Route Dyn E (nJ): 15,286,381
Dynamic Energy (nJ): 55,889,677
Ratio of Dyn/Leak: 240
Total Energy (nJ): 56,122,766
Total Energy (nJ) 3D: 63,813,493
Cores Energy (nJ): 6,133,067
Route Energy (nJ): 15,311,769
Route Energy (nJ) 3D: 23,002,497
Mem Energy   (nJ): 34,677,930
Mem Energy   (nJ) 3D: 34,677,930
Avg. Power (mW): 93,452.28
Power Density (mW/mm2): 29.27

---Runtime---
Runtime in K cycles: 600.55
Microseconds: 600.55
Time per iteration (ms): 0.60

---Throughput---
GOP/s (aka OPS/ns): 1,537.74
GOP/s per core: 1.50
FLOP/s: 175.30
FLOP/s per core: 0.17
Max Peak FLOP/s: 4,096.00
Avg. BW GB/s: 5,811.26
Max BW GB/s: 16,384.00

---Traffic---
In-Die bisection_bytes BW (GB/s): 128.00
Inter-board traffic (msg/ns): 0.00, per-link: 0.00
Inter-pack traffic (msg/ns): 0.00, per-link: 0.00
Inter-die traffic (msg/ns): 251.74, per-link: 0.49
Ruche traffic (msg/ns): 372.51, per-link: 0.73
All traffic (msg/ns): 3,785.35, per-link: 3.70
Inter-die reduction wrt all: 15.04
Inter-board reduction wrt inter-die: inf

---Data Movement---
All traffic (msg): 2,273,291,558
Arith. Intensity FLOP/Loads: 0.19
Arith. Intensity FLOP/Msgs: 0.05
Arith. Intensity OPS/Loads: 1.69
Arith. Intensity OPS/Msgs: 0.41



===Core Utilization Total=== CORE-S:6;; TIME K cy:600 ;; Nodes Proc: 13,113,034 -- Edges Proc: 0

===PRINTING FRAME STATS

FCollision In Avg:31, SD:31, Max:178, Min:0
FCollision Out Avg:14, SD:18, Max:120, Min:0
FCollision End Avg:0, SD:0, Max:0, Min:0
FTask1 Avg:94, SD:97, Max:335, Min:0
FTask2 Avg:0, SD:0, Max:0, Min:0
FTask3 Avg:32, SD:6, Max:69, Min:21
FCore Active Avg:32, SD:24, Max:91, Min:5
FRouter Active Avg:70, SD:15, Max:93, Min:12
T1 invocations: 850,278
T2 invocations: 0
T3 invocations: 11,055,231
T3b invocations: 0
Total3 invocations: 11,055,231
Total4 invocations: 0

T3/T2 ratio: inf
T3b/T3 ratio: 0

T1 avg ex cycles: 113
T2 avg ex cycles: -nan
T3&b avg ex cycles: 3
T4 avg ex cycles: -nan
Avg. hops NOC1: -nan
Avg. latency NOC1 (T2): -nan
Avg. hops NOC2: 10
Avg. latency NOC2 (T3): 1,088

===PRINTING ACUM STATS at pu_cycles: 700,571

ACollision In Avg:87, SD:31, Max:187, Min:24
ACollision Out Avg:42, SD:30, Max:143, Min:8
ACollision End Avg:0, SD:0, Max:0, Min:0
ATask1 Avg:147, SD:32, Max:165, Min:40
ATask2 Avg:0, SD:0, Max:0, Min:0
ATask3 Avg:49, SD:9, Max:101, Min:31
ACore Active Avg:49, SD:8, Max:66, Min:19
ARouter Active Avg:86, SD:7, Max:93, Min:56
T1 invocations: 11,032,206
T2 invocations: 0
T3 invocations: 116,300,267
T3b invocations: 0
Total3 invocations: 116,300,267
Total4 invocations: 0

T3/T2 ratio: inf
T3b/T3 ratio: 0

T1 avg ex cycles: 95
T2 avg ex cycles: -nan
T3&b avg ex cycles: 3
T4 avg ex cycles: -nan
Avg. hops NOC1: -nan
Avg. latency NOC1 (T2): -nan
Avg. hops NOC2: 11
Avg. latency NOC2 (T3): 1,184
Number of K Nodes Processed: 116,418
Number of K Edges Processed: 116,418
Node Re-explore factor: 27.76
Edge Re-explore factor: 0.91
Nodes/cy: 166
Edges/cy: 166
TEPS: 183

---DCache---
DCache Size: 129,408
DRAM words: 0
  DHits: 0
  DMisses: 0

---Energy---
Leakage Energy (nJ): 271,910
PU Dyn E (nJ): 6,759,973
Mem Dyn E (nJ): 38,071,759
Route Dyn E (nJ): 16,847,711
Dynamic Energy (nJ): 61,679,444
Ratio of Dyn/Leak: 227
Total Energy (nJ): 61,951,354
Total Energy (nJ) 3D: 70,407,600
Cores Energy (nJ): 6,767,772
Route Energy (nJ): 16,877,328
Route Energy (nJ) 3D: 25,333,574
Mem Energy   (nJ): 38,306,255
Mem Energy   (nJ) 3D: 38,306,255
Avg. Power (mW): 88,429.80
Power Density (mW/mm2): 27.70

---Runtime---
Runtime in K cycles: 700.57
Microseconds: 700.57
Time per iteration (ms): 0.70

---Throughput---
GOP/s (aka OPS/ns): 1,453.86
GOP/s per core: 1.42
FLOP/s: 165.98
FLOP/s per core: 0.16
Max Peak FLOP/s: 4,096.00
Avg. BW GB/s: 5,500.97
Max BW GB/s: 16,384.00

---Traffic---
In-Die bisection_bytes BW (GB/s): 128.00
Inter-board traffic (msg/ns): 0.00, per-link: 0.00
Inter-pack traffic (msg/ns): 0.00, per-link: 0.00
Inter-die traffic (msg/ns): 236.84, per-link: 0.46
Ruche traffic (msg/ns): 356.23, per-link: 0.70
All traffic (msg/ns): 3,574.25, per-link: 3.49
Inter-die reduction wrt all: 15.09
Inter-board reduction wrt inter-die: inf

---Data Movement---
All traffic (msg): 2,504,017,664
Arith. Intensity FLOP/Loads: 0.19
Arith. Intensity FLOP/Msgs: 0.05
Arith. Intensity OPS/Loads: 1.69
Arith. Intensity OPS/Msgs: 0.41



===Core Utilization Total=== CORE-S:7;; TIME K cy:700 ;; Nodes Proc: 14,496,268 -- Edges Proc: 0
======== IT IS COLD ======= Only 25 Tiles active

===PRINTING FRAME STATS

FCollision In Avg:5, SD:5, Max:97, Min:0
FCollision Out Avg:0, SD:2, Max:44, Min:0
FCollision End Avg:0, SD:0, Max:0, Min:0
FTask1 Avg:70, SD:146, Max:384, Min:0
FTask2 Avg:0, SD:0, Max:0, Min:0
FTask3 Avg:24, SD:4, Max:50, Min:16
FCore Active Avg:24, SD:36, Max:100, Min:4
FRouter Active Avg:52, SD:17, Max:91, Min:8
T1 invocations: 517,330
T2 invocations: 0
T3 invocations: 8,232,382
T3b invocations: 0
Total3 invocations: 8,232,382
Total4 invocations: 0

T3/T2 ratio: inf
T3b/T3 ratio: 0

T1 avg ex cycles: 138
T2 avg ex cycles: -nan
T3&b avg ex cycles: 3
T4 avg ex cycles: -nan
Avg. hops NOC1: -nan
Avg. latency NOC1 (T2): -nan
Avg. hops NOC2: 9
Avg. latency NOC2 (T3): 2,823

===PRINTING ACUM STATS at pu_cycles: 800,605

ACollision In Avg:77, SD:27, Max:167, Min:21
ACollision Out Avg:36, SD:26, Max:125, Min:7
ACollision End Avg:0, SD:0, Max:0, Min:0
ATask1 Avg:137, SD:11, Max:144, Min:75
ATask2 Avg:0, SD:0, Max:0, Min:0
ATask3 Avg:46, SD:8, Max:95, Min:29
ACore Active Avg:46, SD:3, Max:60, Min:29
ARouter Active Avg:81, SD:8, Max:92, Min:51
T1 invocations: 11,570,906
T2 invocations: 0
T3 invocations: 124,626,855
T3b invocations: 0
Total3 invocations: 124,626,855
Total4 invocations: 0

T3/T2 ratio: inf
T3b/T3 ratio: 0

T1 avg ex cycles: 97
T2 avg ex cycles: -nan
T3&b avg ex cycles: 3
T4 avg ex cycles: -nan
Avg. hops NOC1: -nan
Avg. latency NOC1 (T2): -nan
Avg. hops NOC2: 11
Avg. latency NOC2 (T3): 1,293
Number of K Nodes Processed: 124,648
Number of K Edges Processed: 124,648
Node Re-explore factor: 29.72
Edge Re-explore factor: 0.97
Nodes/cy: 156
Edges/cy: 156
TEPS: 160

---DCache---
DCache Size: 129,408
DRAM words: 0
  DHits: 0
  DMisses: 0

---Energy---
Leakage Energy (nJ): 310,736
PU Dyn E (nJ): 7,244,084
Mem Dyn E (nJ): 40,783,550
Route Dyn E (nJ): 17,879,448
Dynamic Energy (nJ): 65,907,083
Ratio of Dyn/Leak: 212
Total Energy (nJ): 66,217,819
Total Energy (nJ) 3D: 75,143,307
Cores Energy (nJ): 7,252,997
Route Energy (nJ): 17,913,293
Route Energy (nJ) 3D: 26,838,781
Mem Energy   (nJ): 41,051,529
Mem Energy   (nJ) 3D: 41,051,529
Avg. Power (mW): 82,709.72
Power Density (mW/mm2): 25.91

---Runtime---
Runtime in K cycles: 800.61
Microseconds: 800.61
Time per iteration (ms): 0.80

---Throughput---
GOP/s (aka OPS/ns): 1,362.30
GOP/s per core: 1.33
FLOP/s: 155.89
FLOP/s per core: 0.15
Max Peak FLOP/s: 4,096.00
Avg. BW GB/s: 5,156.55
Max BW GB/s: 16,384.00

---Traffic---
In-Die bisection_bytes BW (GB/s): 128.00
Inter-board traffic (msg/ns): 0.00, per-link: 0.00
Inter-pack traffic (msg/ns): 0.00, per-link: 0.00
Inter-die traffic (msg/ns): 217.07, per-link: 0.42
Ruche traffic (msg/ns): 340.65, per-link: 0.67
All traffic (msg/ns): 3,315.85, per-link: 3.24
Inter-die reduction wrt all: 15.28
Inter-board reduction wrt inter-die: inf

---Data Movement---
All traffic (msg): 2,654,683,850
Arith. Intensity FLOP/Loads: 0.19
Arith. Intensity FLOP/Msgs: 0.05
Arith. Intensity OPS/Loads: 1.69
Arith. Intensity OPS/Msgs: 0.41



===Core Utilization Total=== CORE-S:8;; TIME K cy:800 ;; Nodes Proc: 15,510,054 -- Edges Proc: 0
======== IT IS COLD ======= Only 27 Tiles active

===PRINTING FRAME STATS

FCollision In Avg:1, SD:1, Max:11, Min:0
FCollision Out Avg:0, SD:0, Max:2, Min:0
FCollision End Avg:0, SD:0, Max:0, Min:0
FTask1 Avg:29, SD:75, Max:384, Min:0
FTask2 Avg:0, SD:0, Max:0, Min:0
FTask3 Avg:11, SD:3, Max:32, Min:6
FCore Active Avg:10, SD:19, Max:100, Min:2
FRouter Active Avg:23, SD:11, Max:81, Min:3
T1 invocations: 211,780
T2 invocations: 0
T3 invocations: 3,625,472
T3b invocations: 0
Total3 invocations: 3,625,472
Total4 invocations: 0

T3/T2 ratio: inf
T3b/T3 ratio: 0

T1 avg ex cycles: 138
T2 avg ex cycles: -nan
T3&b avg ex cycles: 3
T4 avg ex cycles: -nan
Avg. hops NOC1: -nan
Avg. latency NOC1 (T2): -nan
Avg. hops NOC2: 8
Avg. latency NOC2 (T3): 2,912

===PRINTING ACUM STATS at pu_cycles: 900,489

ACollision In Avg:69, SD:24, Max:148, Min:19
ACollision Out Avg:32, SD:23, Max:122, Min:6
ACollision End Avg:0, SD:0, Max:0, Min:0
ATask1 Avg:125, SD:3, Max:128, Min:84
ATask2 Avg:0, SD:0, Max:0, Min:0
ATask3 Avg:42, SD:7, Max:87, Min:27
ACore Active Avg:42, SD:2, Max:54, Min:32
ARouter Active Avg:75, SD:8, Max:88, Min:46
T1 invocations: 11,782,674
T2 invocations: 0
T3 invocations: 128,248,623
T3b invocations: 0
Total3 invocations: 128,248,623
Total4 invocations: 0

T3/T2 ratio: inf
T3b/T3 ratio: 0

T1 avg ex cycles: 98
T2 avg ex cycles: -nan
T3&b avg ex cycles: 3
T4 avg ex cycles: -nan
Avg. hops NOC1: -nan
Avg. latency NOC1 (T2): -nan
Avg. hops NOC2: 11
Avg. latency NOC2 (T3): 1,339
Number of K Nodes Processed: 128,259
Number of K Edges Processed: 128,259
Node Re-explore factor: 30.58
Edge Re-explore factor: 1.00
Nodes/cy: 142
Edges/cy: 142
TEPS: 142

---DCache---
DCache Size: 129,408
DRAM words: 0
  DHits: 0
  DMisses: 0

---Energy---
Leakage Energy (nJ): 349,503
PU Dyn E (nJ): 7,438,146
Mem Dyn E (nJ): 41,933,851
Route Dyn E (nJ): 18,282,304
Dynamic Energy (nJ): 67,654,302
Ratio of Dyn/Leak: 194
Total Energy (nJ): 68,003,805
Total Energy (nJ) 3D: 77,107,110
Cores Energy (nJ): 7,448,171
Route Energy (nJ): 18,320,372
Route Energy (nJ) 3D: 27,423,677
Mem Energy   (nJ): 42,235,263
Mem Energy   (nJ) 3D: 42,235,263
Avg. Power (mW): 75,518.75
Power Density (mW/mm2): 23.65

---Runtime---
Runtime in K cycles: 900.49
Microseconds: 900.49
Time per iteration (ms): 0.90

---Throughput---
GOP/s (aka OPS/ns): 1,243.54
GOP/s per core: 1.21
FLOP/s: 142.34
FLOP/s per core: 0.14
Max Peak FLOP/s: 4,096.00
Avg. BW GB/s: 4,713.82
Max BW GB/s: 16,384.00

---Traffic---
In-Die bisection_bytes BW (GB/s): 128.00
Inter-board traffic (msg/ns): 0.00, per-link: 0.00
Inter-pack traffic (msg/ns): 0.00, per-link: 0.00
Inter-die traffic (msg/ns): 196.28, per-link: 0.38
Ruche traffic (msg/ns): 313.71, per-link: 0.61
All traffic (msg/ns): 3,013.57, per-link: 2.94
Inter-die reduction wrt all: 15.35
Inter-board reduction wrt inter-die: inf

---Data Movement---
All traffic (msg): 2,713,689,188
Arith. Intensity FLOP/Loads: 0.19
Arith. Intensity FLOP/Msgs: 0.05
Arith. Intensity OPS/Loads: 1.68
Arith. Intensity OPS/Msgs: 0.41



===Core Utilization Total=== CORE-S:9;; TIME K cy:900 ;; Nodes Proc: 15,959,189 -- Edges Proc: 0
======== IT IS COLD ======= Only 3 Tiles active
Epoch Done Router: 2
Epoch Done Router: 3
Epoch Done Router: 1
Epoch Done Router: 5
Epoch Done Router: 6
Epoch Done Router: 7
Epoch Done Router: 0
Epoch Done Router: 4
##EPOCH## 1 COMPLETED at Time (K cy): 914
Nodes processed until now: 128,311,436
Edges processed until now: 0
Program Done Worker Thread: 0
Program Done Router Thread: 0
Program Done Router Thread: 2
Program Done Router Thread: 5
Program Done Worker Thread: 3
Program Done Worker Thread: 6
Program Done Worker Thread: 4
Program Done Worker Thread: 1
Program Done Router Thread: 3
Program Done Worker Thread: 5
Program Done Router Thread: 1
Program Done Router Thread: 6
Program Done Worker Thread: 7
Program Done Router Thread: 7
Program Done Worker Thread: 2
Program Done Router Thread: 4

===PRINTING ACUM STATS at pu_cycles: 914,582

ACollision In Avg:67, SD:24, Max:146, Min:19
ACollision Out Avg:32, SD:23, Max:109, Min:6
ACollision End Avg:0, SD:0, Max:0, Min:0
ATask1 Avg:123, SD:2, Max:126, Min:119
ATask2 Avg:0, SD:0, Max:0, Min:0
ATask3 Avg:41, SD:7, Max:85, Min:26
ACore Active Avg:41, SD:2, Max:53, Min:37
ARouter Active Avg:74, SD:7, Max:86, Min:45
T1 invocations: 11,791,451
T2 invocations: 0
T3 invocations: 128,311,436
T3b invocations: 0
Total3 invocations: 128,311,436
Total4 invocations: 0

T3/T2 ratio: inf
T3b/T3 ratio: 0

T1 avg ex cycles: 98
T2 avg ex cycles: -nan
T3&b avg ex cycles: 3
T4 avg ex cycles: -nan
Avg. hops NOC1: -nan
Avg. latency NOC1 (T2): -nan
Avg. hops NOC2: 11
Avg. latency NOC2 (T3): 1,340

Runtime at program end in K cycles: 914
Runtime before cooldown in K cycles: 600


Number of K Nodes Processed: 128,311
Number of K Edges Processed: 128,311
Node Re-explore factor: 30.59
Edge Re-explore factor: 1.00
Nodes/cy: 140
Edges/cy: 140
TEPS: 140

---DCache---
DCache Size: 129,408
DRAM words: 0
  DHits: 0
  DMisses: 0

---Energy---
Leakage Energy (nJ): 354,973
PU Dyn E (nJ): 7,445,346
Mem Dyn E (nJ): 41,960,583
Route Dyn E (nJ): 18,290,353
Dynamic Energy (nJ): 67,696,282
Ratio of Dyn/Leak: 191
Total Energy (nJ): 68,051,255
Total Energy (nJ) 3D: 77,158,553
Cores Energy (nJ): 7,455,527
Route Energy (nJ): 18,329,017
Route Energy (nJ) 3D: 27,436,315
Mem Energy   (nJ): 42,266,711
Mem Energy   (nJ) 3D: 42,266,711
Avg. Power (mW): 74,406.95
Power Density (mW/mm2): 23.30

---Runtime---
Runtime in K cycles: 914.58
Microseconds: 914.58
Time per iteration (ms): 0.91

---Inst---
K Loads: 665,140
K Stores: 396,725
K Instructions: 1,120,822

---Throughput---
GOP/s (aka OPS/ns): 1,225.50
GOP/s per core: 1.20
FLOP/s: 140.30
FLOP/s per core: 0.14
Max Peak FLOP/s: 4,096.00
Avg. BW GB/s: 4,644.16
Max BW GB/s: 16,384.00

---Traffic---
In-Die bisection_bytes BW (GB/s): 128.00
Inter-board traffic (msg/ns): 0.00, per-link: 0.00
Inter-pack traffic (msg/ns): 0.00, per-link: 0.00
Inter-die traffic (msg/ns): 193.30, per-link: 0.38
Ruche traffic (msg/ns): 309.06, per-link: 0.60
All traffic (msg/ns): 2,968.45, per-link: 2.90
Inter-die reduction wrt all: 15.36
Inter-board reduction wrt inter-die: inf

---Data Movement---
All traffic (msg): 2,714,895,072
Arith. Intensity FLOP/Loads: 0.19
Arith. Intensity FLOP/Msgs: 0.05
Arith. Intensity OPS/Loads: 1.69
Arith. Intensity OPS/Msgs: 0.41

Simulation time: 132.10
Sim noc_cy/s: 6,923.58
Sim Msg/s: 20,552,324.13

Version 31

