Dataset:  Kron22/
Dry run: 0
Open Edge Count File succesfully
Edges Traversed BFS: 128309848
Found Vertices: 4194304, Edges: 128311436
avg degree 31
Array  Kron22/node_array.bin found
Malloc array of size 16777220 bytes
Readin array of size 16777216 bytes
Finished Reading Array Bytes
No reordering Array 32bit
Array  Kron22/edge_array.bin found
Malloc array of size 513245744 bytes
Readin array of size 513245744 bytes
Finished Reading Array Bytes
No reordering Array 32bit
Array  Kron22/edge_values.bin found
Malloc array of size 513245744 bytes
Readin array of size 513245744 bytes
Finished Reading Array Bytes
No reordering Array 32bit
Reading graph elapsed time: 0.215499s

Dataset Footprint: 525 MiB
Dataset Footprint per Board: 4404.02 Mb
Dataset injection time (ms): 0.0672
Max Dataset Footprint: 1027 MiB

Dataset footprint per tile: 32 KiB
Proxys footprint per tile: 64 KiB
Reserved SRAM per tile: 22 KiB

Ideal SRAM per tile: 118 KiB
reserved_words_for_dataset:25082
dataset_words_per_tile:8400
remaining_sram_words:125414
min_dcache_sram_words_required:8400
dataset_words_per_tile:8400
min_pcache_sram_words_required:8
proxys_words_per_tile:16384
Dcache footprint ratio: 1
Pcache footprint ratio: 1
Dataset Cached: 0
DCache: 8400 words, lines: 525, sets: 525
Proxys Cached: 0
Pcache: 16384 words, sets: 16384
Node per tile: 256
Edge per tile: 7,832
GRID_X: 128
GRID_SIZE: 16,384
smt_per_tile: 1
noc_freq: 1
pu_freq: 1
RUCHE_X: 0
PROXY_W: 16
DIE_W: 128
DIE_H: 128
DIES: 1
BORDER_TILES_PER_DIE: 512
PACK_W: 128
PACK_H: 128
DIES_PACK_FACTOR: 1
DIES_PER_PACK: 1
PACKAGES: 1
BOARD_W: 128
BOARD_H: 128
BOARDS: 1
MUX_BUS: 1
DCACHE: 0
PCACHE: 1
PROXY_FACTOR: 8
CACHE_WAYS: 1
TORUS: 1
PHY_NOCS: 1
WIDE_NOC_ID: 0
NOC_CONF: 1
noc_width: 32
hbm_channel_bit_width: 512
ld_st_op_byte_width: 4
PROXY_ROUTING: 5
WRITE_THROUGH: 0
ASSERT_MODE: 0
GLOBAL_BARRIER: 0
OQ flits: 36 ; 192 ; 384
IQ flits: 288 ; 1,536 ; 3,072
OQ messages: 12 ; 96 ; 192
IQ messages: 96 ; 768 ; 1,536
max_task2 size: 64
io_factor_t2: 8
io_factor_t3: 8
io_factor_t3b: 8

Active SRAM Storage per tile: 118 KiB
Total SRAM Storage per tile: 512 KiB
Agreggated SRAM Storage: 8,192 MiB

Inter-Die #links: 4,096
Inter-Die (Gbits): 131,072
Inter-Die (Gbits/mm): 563.524
Bisection BW of Board (Gbits): 32,768
Border IO #Dies: 4
Border IO Die BW (Gbits): 16,384
Off-Board BW Total (Gbits): 65,536
Off-Board BW Density (Gbits/mm): 278
Die side: 58.15 mm
Die border wire density: 563.52 Gbits/mm
HBM wire density: 70.44 Gbits/mm

Tiles per Die: 16,384 (128x128)
Tile Area: 0.19 mm2, side: 0.44 mm
- Core/Rout Area: 0.05 mm2
- SRAM Area: 0.14 mm2
- SRAM/Logic Ratio: 2.80x

Dies per Package: 1 (1x1)
Die Area: 3,381.23 mm2, side: 58.15 mm
- Tiles Area: 3,191.28 mm2
- PHY Area: 189.96 mm2
- MC Area: 0.00 mm2

Packages per Board: 1 (1x1)
Package Area: 3,461.23 mm2, side: 58.83 mm
- IOdie Area: 80.00 mm2
- Dies Area: 3,381.23 mm2
- HBM Area: 0.00 mm2

Boards: 1 (1x1)
Board Area: 3,461.23 mm2
Total Area: 3,461.23 mm2



ESTIMATED COST OF SILICON AND PACKAGING. ONLY VARIABLE, NO FIXED COSTS
Good dies per wafer 3d: 5
Good dies per wafer 2d: 6
--Dies 3D Cost: 1,209.40 $
--Dies 2.5D Cost: 1,007.83 $
--Dies 2D Cost: 1,007.83 $
--HBM Cost: 60.00 $
--IOdie Cost: 8.44 $
--Packaging Cost 3d: 233.07 $
--Packaging Cost 2.5d: 505.18 $
--Packaging Cost 2d: 152.44 $
SiP Cost 3d: 1,510.91 $
SiP Cost 2.5d: 1,581.46 $
SiP Cost 2d: 1,168.71 $
--Board Cost: 3.46 $
Total SiPs Cost 3d: 1,514.37 $
Total SiPs Cost 2.5d: 1,584.92 $
Total SiPs Cost 2d: 1,172.18 $

Perf counters initialized
Mesh connected
Cache structures initialized
Allocated proxys
Replicas initialized
Allocated Frontier List
Dataset structures initialized


Starting Simulation
INIT epoch: 1
INIT epoch: 1
INIT epoch: 1
INIT epoch: 1
INIT epoch: 1
INIT epoch: 1
INIT epoch: 1
INIT epoch: 1
INIT epoch: 1
INIT epoch: 1
INIT epoch: 1
INIT epoch: 1
INIT epoch: 1
INIT epoch: 1
INIT epoch: 1
INIT epoch: 1

===PRINTING FRAME STATS

FCollision In Avg:-nan, SD:-nan, Max:281, Min:3
FCollision Out Avg:-nan, SD:-nan, Max:155, Min:0
FCollision End Avg:-nan, SD:-nan, Max:84, Min:0
FTask1 Avg:-nan, SD:-nan, Max:43, Min:0
FTask2 Avg:-nan, SD:-nan, Max:61, Min:0
FTask3 Avg:-nan, SD:-nan, Max:94, Min:23
FCore Active Avg:-nan, SD:-nan, Max:97, Min:37
FRouter Active Avg:-nan, SD:-nan, Max:97, Min:63
T1 invocations: 29,431
T2 invocations: 62,401
T3 invocations: 264,529
T3b invocations: 4,919,430
Total3 invocations: 5,183,959
Total4 invocations: 5,346

T3/T2 ratio: 4
T3b/T3 ratio: 19

T1 avg ex cycles: 56
T2 avg ex cycles: 68
T3&b avg ex cycles: 4
T4 avg ex cycles: 52
Avg. hops NOC1: 73
Avg. latency NOC1 (T2): 3,308
Avg. hops NOC2: 14
Avg. latency NOC2 (T3): 826

===PRINTING ACUM STATS at pu_cycles: 10,524

ACollision In Avg:-nan, SD:-nan, Max:281, Min:3
ACollision Out Avg:-nan, SD:-nan, Max:155, Min:0
ACollision End Avg:-nan, SD:-nan, Max:84, Min:0
ATask1 Avg:-nan, SD:-nan, Max:43, Min:0
ATask2 Avg:-nan, SD:-nan, Max:61, Min:0
ATask3 Avg:-nan, SD:-nan, Max:94, Min:23
ACore Active Avg:-nan, SD:-nan, Max:97, Min:37
ARouter Active Avg:-nan, SD:-nan, Max:97, Min:63
T1 invocations: 111,562
T2 invocations: 262,659
T3 invocations: 814,786
T3b invocations: 19,676,195
Total3 invocations: 20,490,981
Total4 invocations: 23,104

T3/T2 ratio: 3
T3b/T3 ratio: 24

T1 avg ex cycles: 59
T2 avg ex cycles: 68
T3&b avg ex cycles: 4
T4 avg ex cycles: 45
Avg. hops NOC1: 52
Avg. latency NOC1 (T2): 3,069
Avg. hops NOC2: 14
Avg. latency NOC2 (T3): 793
Number of K Nodes Processed: 383
Number of K Edges Processed: 16,358
Node Re-explore factor: 0.09
Edge Re-explore factor: 0.13
Nodes/cy: 36
Edges/cy: 1,554
TEPS: 12,192

---Pcache---
Pcache Size: 16,384
Cached: 0
  PHits: 0
  PMisses: 0
  PHit Rate (hit/miss): -nan%
  PEvictions: 0
  PEviction Rate (evict/misses): -nan%

---Energy---
Leakage Energy (nJ): 13,455
PU Dyn E (nJ): 1,173,984
Mem Dyn E (nJ): 3,603,296
Route Dyn E (nJ): 1,883,591
Dynamic Energy (nJ): 6,660,872
Ratio of Dyn/Leak: 495
Total Energy (nJ): 6,674,327
Total Energy (nJ) 3D: 6,841,042
Cores Energy (nJ): 1,174,453
Route Energy (nJ): 1,883,861
Route Energy (nJ) 3D: 2,050,576
Mem Energy   (nJ): 3,616,013
Mem Energy   (nJ) 3D: 3,616,013
Avg. Power (mW): 634,200.57
Power Density (mW/mm2): 183.23

---Runtime---
Runtime in K cycles: 10.52
Microseconds: 10.52
Time per iteration (ms): 0.01

---Throughput---
GOP/s (aka OPS/ns): 10,577.65
GOP/s per core: 0.65
FLOP/s: 3,476.37
FLOP/s per core: 0.21
Max Peak FLOP/s: 16,384.00
Avg. BW GB/s: 65,447.83
Max BW GB/s: 65,536.00

---Traffic---
In-Die bisection_bytes BW (GB/s): 2,048.00
Inter-board traffic (msg/ns): 0.00, per-link: 0.00
Inter-pack traffic (msg/ns): 0.00, per-link: 0.00
Inter-die traffic (msg/ns): 0.00, per-link: 0.00
Ruche traffic (msg/ns): 0.00, per-link: 0.00
All traffic (msg/ns): 59,597.71, per-link: 3.64
Inter-die reduction wrt all: inf
Inter-board reduction wrt inter-die: -nan

---Data Movement---
All traffic (msg): 627,206,297
Arith. Intensity FLOP/Loads: 0.45
Arith. Intensity FLOP/Msgs: 0.06
Arith. Intensity OPS/Loads: 1.38
Arith. Intensity OPS/Msgs: 0.18



===Core Utilization Total=== CORE-S:1;; TIME K cy:10 ;; Nodes Proc: 24,922 -- Edges Proc: 999,181

===PRINTING FRAME STATS

FCollision In Avg:76, SD:45, Max:299, Min:0
FCollision Out Avg:86, SD:43, Max:209, Min:0
FCollision End Avg:2, SD:12, Max:101, Min:0
FTask1 Avg:2, SD:4, Max:45, Min:0
FTask2 Avg:11, SD:12, Max:70, Min:0
FTask3 Avg:61, SD:14, Max:100, Min:25
FCore Active Avg:79, SD:14, Max:100, Min:32
FRouter Active Avg:95, SD:4, Max:101, Min:61
T1 invocations: 20,483
T2 invocations: 66,059
T3 invocations: 257,339
T3b invocations: 5,759,230
Total3 invocations: 6,016,569
Total4 invocations: 1,395

T3/T2 ratio: 4
T3b/T3 ratio: 22

T1 avg ex cycles: 41
T2 avg ex cycles: 66
T3&b avg ex cycles: 4
T4 avg ex cycles: 170
Avg. hops NOC1: 28
Avg. latency NOC1 (T2): 9,380
Avg. hops NOC2: 14
Avg. latency NOC2 (T3): 1,092

===PRINTING ACUM STATS at pu_cycles: 20,874

ACollision In Avg:73, SD:36, Max:246, Min:4
ACollision Out Avg:77, SD:35, Max:164, Min:0
ACollision End Avg:2, SD:9, Max:91, Min:0
ATask1 Avg:3, SD:4, Max:36, Min:0
ATask2 Avg:11, SD:10, Max:51, Min:0
ATask3 Avg:57, SD:10, Max:94, Min:27
ACore Active Avg:76, SD:11, Max:98, Min:38
ARouter Active Avg:93, SD:4, Max:98, Min:67
T1 invocations: 191,953
T2 invocations: 537,796
T3 invocations: 1,800,750
T3b invocations: 42,921,601
Total3 invocations: 44,722,351
Total4 invocations: 30,349

T3/T2 ratio: 3
T3b/T3 ratio: 24

T1 avg ex cycles: 52
T2 avg ex cycles: 67
T3&b avg ex cycles: 4
T4 avg ex cycles: 65
Avg. hops NOC1: 36
Avg. latency NOC1 (T2): 6,098
Avg. hops NOC2: 14
Avg. latency NOC2 (T3): 947
Number of K Nodes Processed: 717
Number of K Edges Processed: 33,065
Node Re-explore factor: 0.17
Edge Re-explore factor: 0.26
Nodes/cy: 34
Edges/cy: 1,584
TEPS: 6,147

---Pcache---
Pcache Size: 16,384
Cached: 0
  PHits: 0
  PMisses: 0
  PHit Rate (hit/miss): -nan%
  PEvictions: 0
  PEviction Rate (evict/misses): -nan%

---Energy---
Leakage Energy (nJ): 26,687
PU Dyn E (nJ): 2,469,593
Mem Dyn E (nJ): 7,559,717
Route Dyn E (nJ): 3,937,630
Dynamic Energy (nJ): 13,966,941
Ratio of Dyn/Leak: 523
Total Energy (nJ): 13,993,628
Total Energy (nJ) 3D: 14,342,144
Cores Energy (nJ): 2,470,523
Route Energy (nJ): 3,938,166
Route Energy (nJ) 3D: 4,286,682
Mem Energy   (nJ): 7,584,940
Mem Energy   (nJ) 3D: 7,584,940
Avg. Power (mW): 670,385.55
Power Density (mW/mm2): 193.68

---Runtime---
Runtime in K cycles: 20.87
Microseconds: 20.87
Time per iteration (ms): 0.02

---Throughput---
GOP/s (aka OPS/ns): 11,179.39
GOP/s per core: 0.68
FLOP/s: 3,696.65
FLOP/s per core: 0.23
Max Peak FLOP/s: 16,384.00
Avg. BW GB/s: 69,294.22
Max BW GB/s: 65,536.00

---Traffic---
In-Die bisection_bytes BW (GB/s): 2,048.00
Inter-board traffic (msg/ns): 0.00, per-link: 0.00
Inter-pack traffic (msg/ns): 0.00, per-link: 0.00
Inter-die traffic (msg/ns): 0.00, per-link: 0.00
Ruche traffic (msg/ns): 0.00, per-link: 0.00
All traffic (msg/ns): 62,992.60, per-link: 3.84
Inter-die reduction wrt all: inf
Inter-board reduction wrt inter-die: -nan

---Data Movement---
All traffic (msg): 1,314,907,572
Arith. Intensity FLOP/Loads: 0.45
Arith. Intensity FLOP/Msgs: 0.06
Arith. Intensity OPS/Loads: 1.35
Arith. Intensity OPS/Msgs: 0.18



===Core Utilization Total=== CORE-S:2;; TIME K cy:20 ;; Nodes Proc: 45,578 -- Edges Proc: 2,028,902

===PRINTING FRAME STATS

FCollision In Avg:76, SD:47, Max:306, Min:0
FCollision Out Avg:88, SD:44, Max:238, Min:0
FCollision End Avg:3, SD:13, Max:101, Min:0
FTask1 Avg:2, SD:4, Max:27, Min:0
FTask2 Avg:10, SD:13, Max:68, Min:0
FTask3 Avg:59, SD:15, Max:100, Min:25
FCore Active Avg:77, SD:16, Max:100, Min:29
FRouter Active Avg:95, SD:5, Max:101, Min:65
T1 invocations: 23,010
T2 invocations: 64,385
T3 invocations: 272,232
T3b invocations: 5,588,892
Total3 invocations: 5,861,124
Total4 invocations: 1,210

T3/T2 ratio: 4
T3b/T3 ratio: 21

T1 avg ex cycles: 36
T2 avg ex cycles: 63
T3&b avg ex cycles: 4
T4 avg ex cycles: 215
Avg. hops NOC1: 27
Avg. latency NOC1 (T2): 12,910
Avg. hops NOC2: 14
Avg. latency NOC2 (T3): 1,162

===PRINTING ACUM STATS at pu_cycles: 31,014

ACollision In Avg:74, SD:35, Max:260, Min:5
ACollision Out Avg:80, SD:34, Max:166, Min:0
ACollision End Avg:2, SD:9, Max:94, Min:0
ATask1 Avg:3, SD:3, Max:28, Min:0
ATask2 Avg:10, SD:9, Max:42, Min:0
ATask3 Avg:58, SD:9, Max:89, Min:32
ACore Active Avg:76, SD:10, Max:99, Min:38
ARouter Active Avg:93, SD:4, Max:98, Min:72
T1 invocations: 287,251
T2 invocations: 812,391
T3 invocations: 2,850,026
T3b invocations: 65,881,782
Total3 invocations: 68,731,808
Total4 invocations: 36,501

T3/T2 ratio: 4
T3b/T3 ratio: 23

T1 avg ex cycles: 47
T2 avg ex cycles: 66
T3&b avg ex cycles: 4
T4 avg ex cycles: 83
Avg. hops NOC1: 31
Avg. latency NOC1 (T2): 8,198
Avg. hops NOC2: 14
Avg. latency NOC2 (T3): 1,037
Number of K Nodes Processed: 1,015
Number of K Edges Processed: 48,612
Node Re-explore factor: 0.24
Edge Re-explore factor: 0.38
Nodes/cy: 33
Edges/cy: 1,567
TEPS: 4,137

---Pcache---
Pcache Size: 16,384
Cached: 0
  PHits: 0
  PMisses: 0
  PHit Rate (hit/miss): -nan%
  PEvictions: 0
  PEviction Rate (evict/misses): -nan%

---Energy---
Leakage Energy (nJ): 39,651
PU Dyn E (nJ): 3,735,715
Mem Dyn E (nJ): 11,408,387
Route Dyn E (nJ): 5,966,811
Dynamic Energy (nJ): 21,110,913
Ratio of Dyn/Leak: 532
Total Energy (nJ): 21,150,564
Total Energy (nJ) 3D: 21,678,681
Cores Energy (nJ): 3,737,096
Route Energy (nJ): 5,967,607
Route Energy (nJ) 3D: 6,495,724
Mem Energy   (nJ): 11,445,862
Mem Energy   (nJ) 3D: 11,445,862
Avg. Power (mW): 681,968.27
Power Density (mW/mm2): 197.03

---Runtime---
Runtime in K cycles: 31.01
Microseconds: 31.01
Time per iteration (ms): 0.03

---Throughput---
GOP/s (aka OPS/ns): 11,397.40
GOP/s per core: 0.70
FLOP/s: 3,759.73
FLOP/s per core: 0.23
Max Peak FLOP/s: 16,384.00
Avg. BW GB/s: 70,415.35
Max BW GB/s: 65,536.00

---Traffic---
In-Die bisection_bytes BW (GB/s): 2,048.00
Inter-board traffic (msg/ns): 0.00, per-link: 0.00
Inter-pack traffic (msg/ns): 0.00, per-link: 0.00
Inter-die traffic (msg/ns): 0.00, per-link: 0.00
Ruche traffic (msg/ns): 0.00, per-link: 0.00
All traffic (msg/ns): 64,307.64, per-link: 3.93
Inter-die reduction wrt all: inf
Inter-board reduction wrt inter-die: -nan

---Data Movement---
All traffic (msg): 1,994,437,032
Arith. Intensity FLOP/Loads: 0.44
Arith. Intensity FLOP/Msgs: 0.06
Arith. Intensity OPS/Loads: 1.35
Arith. Intensity OPS/Msgs: 0.18



===Core Utilization Total=== CORE-S:3;; TIME K cy:30 ;; Nodes Proc: 64,467 -- Edges Proc: 2,963,384

===PRINTING FRAME STATS

FCollision In Avg:76, SD:47, Max:302, Min:1
FCollision Out Avg:86, SD:45, Max:251, Min:0
FCollision End Avg:2, SD:13, Max:101, Min:0
FTask1 Avg:2, SD:5, Max:40, Min:0
FTask2 Avg:10, SD:12, Max:80, Min:0
FTask3 Avg:58, SD:16, Max:100, Min:20
FCore Active Avg:76, SD:16, Max:100, Min:27
FRouter Active Avg:95, SD:4, Max:101, Min:72
T1 invocations: 27,234
T2 invocations: 67,199
T3 invocations: 279,184
T3b invocations: 5,482,979
Total3 invocations: 5,762,163
Total4 invocations: 1,132

T3/T2 ratio: 4
T3b/T3 ratio: 20

T1 avg ex cycles: 34
T2 avg ex cycles: 59
T3&b avg ex cycles: 4
T4 avg ex cycles: 263
Avg. hops NOC1: 29
Avg. latency NOC1 (T2): 13,961
Avg. hops NOC2: 14
Avg. latency NOC2 (T3): 1,176

===PRINTING ACUM STATS at pu_cycles: 41,089

ACollision In Avg:74, SD:33, Max:269, Min:8
ACollision Out Avg:82, SD:33, Max:172, Min:0
ACollision End Avg:2, SD:9, Max:94, Min:0
ATask1 Avg:3, SD:3, Max:31, Min:0
ATask2 Avg:10, SD:8, Max:40, Min:0
ATask3 Avg:58, SD:8, Max:88, Min:34
ACore Active Avg:76, SD:10, Max:99, Min:37
ARouter Active Avg:94, SD:3, Max:99, Min:73
T1 invocations: 404,776
T2 invocations: 1,098,123
T3 invocations: 3,946,835
T3b invocations: 88,553,526
Total3 invocations: 92,500,361
Total4 invocations: 42,221

T3/T2 ratio: 4
T3b/T3 ratio: 22

T1 avg ex cycles: 44
T2 avg ex cycles: 64
T3&b avg ex cycles: 4
T4 avg ex cycles: 102
Avg. hops NOC1: 28
Avg. latency NOC1 (T2): 9,492
Avg. hops NOC2: 14
Avg. latency NOC2 (T3): 1,099
Number of K Nodes Processed: 1,295
Number of K Edges Processed: 63,676
Node Re-explore factor: 0.31
Edge Re-explore factor: 0.50
Nodes/cy: 32
Edges/cy: 1,550
TEPS: 3,123

---Pcache---
Pcache Size: 16,384
Cached: 0
  PHits: 0
  PMisses: 0
  PHit Rate (hit/miss): -nan%
  PEvictions: 0
  PEviction Rate (evict/misses): -nan%

---Energy---
Leakage Energy (nJ): 52,532
PU Dyn E (nJ): 4,985,657
Mem Dyn E (nJ): 15,194,300
Route Dyn E (nJ): 7,993,708
Dynamic Energy (nJ): 28,173,665
Ratio of Dyn/Leak: 536
Total Energy (nJ): 28,226,197
Total Energy (nJ) 3D: 28,933,713
Cores Energy (nJ): 4,987,487
Route Energy (nJ): 7,994,761
Route Energy (nJ) 3D: 8,702,277
Mem Energy   (nJ): 15,243,949
Mem Energy   (nJ) 3D: 15,243,949
Avg. Power (mW): 686,952.63
Power Density (mW/mm2): 198.47

---Runtime---
Runtime in K cycles: 41.09
Microseconds: 41.09
Time per iteration (ms): 0.04

---Throughput---
GOP/s (aka OPS/ns): 11,507.00
GOP/s per core: 0.70
FLOP/s: 3,780.92
FLOP/s per core: 0.23
Max Peak FLOP/s: 16,384.00
Avg. BW GB/s: 70,807.53
Max BW GB/s: 65,536.00

---Traffic---
In-Die bisection_bytes BW (GB/s): 2,048.00
Inter-board traffic (msg/ns): 0.00, per-link: 0.00
Inter-pack traffic (msg/ns): 0.00, per-link: 0.00
Inter-die traffic (msg/ns): 0.00, per-link: 0.00
Ruche traffic (msg/ns): 0.00, per-link: 0.00
All traffic (msg/ns): 65,049.24, per-link: 3.97
Inter-die reduction wrt all: inf
Inter-board reduction wrt inter-die: -nan

---Data Movement---
All traffic (msg): 2,672,808,126
Arith. Intensity FLOP/Loads: 0.44
Arith. Intensity FLOP/Msgs: 0.06
Arith. Intensity OPS/Loads: 1.35
Arith. Intensity OPS/Msgs: 0.18



===Core Utilization Total=== CORE-S:4;; TIME K cy:40 ;; Nodes Proc: 82,329 -- Edges Proc: 3,884,002

===PRINTING FRAME STATS

FCollision In Avg:76, SD:47, Max:288, Min:0
FCollision Out Avg:80, SD:44, Max:293, Min:0
FCollision End Avg:3, SD:12, Max:101, Min:0
FTask1 Avg:3, SD:5, Max:36, Min:0
FTask2 Avg:10, SD:13, Max:71, Min:0
FTask3 Avg:58, SD:16, Max:100, Min:13
FCore Active Avg:77, SD:16, Max:100, Min:28
FRouter Active Avg:96, SD:4, Max:101, Min:72
T1 invocations: 32,699
T2 invocations: 72,386
T3 invocations: 288,718
T3b invocations: 5,536,109
Total3 invocations: 5,824,827
Total4 invocations: 1,232

T3/T2 ratio: 4
T3b/T3 ratio: 19

T1 avg ex cycles: 33
T2 avg ex cycles: 55
T3&b avg ex cycles: 4
T4 avg ex cycles: 262
Avg. hops NOC1: 31
Avg. latency NOC1 (T2): 13,116
Avg. hops NOC2: 14
Avg. latency NOC2 (T3): 1,197

===PRINTING ACUM STATS at pu_cycles: 50,891

ACollision In Avg:74, SD:32, Max:238, Min:9
ACollision Out Avg:81, SD:32, Max:183, Min:0
ACollision End Avg:2, SD:8, Max:94, Min:0
ATask1 Avg:3, SD:2, Max:32, Min:0
ATask2 Avg:10, SD:7, Max:40, Min:0
ATask3 Avg:58, SD:7, Max:85, Min:34
ACore Active Avg:76, SD:9, Max:99, Min:37
ARouter Active Avg:94, SD:3, Max:99, Min:75
T1 invocations: 539,944
T2 invocations: 1,398,470
T3 invocations: 5,069,889
T3b invocations: 111,293,798
Total3 invocations: 116,363,687
Total4 invocations: 47,932

T3/T2 ratio: 4
T3b/T3 ratio: 22

T1 avg ex cycles: 41
T2 avg ex cycles: 63
T3&b avg ex cycles: 4
T4 avg ex cycles: 117
Avg. hops NOC1: 27
Avg. latency NOC1 (T2): 10,188
Avg. hops NOC2: 14
Avg. latency NOC2 (T3): 1,152
Number of K Nodes Processed: 1,550
Number of K Edges Processed: 78,111
Node Re-explore factor: 0.37
Edge Re-explore factor: 0.61
Nodes/cy: 30
Edges/cy: 1,535
TEPS: 2,521

---Pcache---
Pcache Size: 16,384
Cached: 0
  PHits: 0
  PMisses: 0
  PHit Rate (hit/miss): -nan%
  PEvictions: 0
  PEviction Rate (evict/misses): -nan%

---Energy---
Leakage Energy (nJ): 65,063
PU Dyn E (nJ): 6,235,715
Mem Dyn E (nJ): 18,970,739
Route Dyn E (nJ): 10,021,901
Dynamic Energy (nJ): 35,228,355
Ratio of Dyn/Leak: 541
Total Energy (nJ): 35,293,418
Total Energy (nJ) 3D: 36,180,447
Cores Energy (nJ): 6,237,981
Route Energy (nJ): 10,023,206
Route Energy (nJ) 3D: 10,910,235
Mem Energy   (nJ): 19,032,231
Mem Energy   (nJ) 3D: 19,032,231
Avg. Power (mW): 693,510.02
Power Density (mW/mm2): 200.36

---Runtime---
Runtime in K cycles: 50.89
Microseconds: 50.89
Time per iteration (ms): 0.05

---Throughput---
GOP/s (aka OPS/ns): 11,645.20
GOP/s per core: 0.71
FLOP/s: 3,811.81
FLOP/s per core: 0.23
Max Peak FLOP/s: 16,384.00
Avg. BW GB/s: 71,393.55
Max BW GB/s: 65,536.00

---Traffic---
In-Die bisection_bytes BW (GB/s): 2,048.00
Inter-board traffic (msg/ns): 0.00, per-link: 0.00
Inter-pack traffic (msg/ns): 0.00, per-link: 0.00
Inter-die traffic (msg/ns): 0.00, per-link: 0.00
Ruche traffic (msg/ns): 0.00, per-link: 0.00
All traffic (msg/ns): 65,862.64, per-link: 4.02
Inter-die reduction wrt all: inf
Inter-board reduction wrt inter-die: -nan

---Data Movement---
All traffic (msg): 3,351,815,595
Arith. Intensity FLOP/Loads: 0.44
Arith. Intensity FLOP/Msgs: 0.06
Arith. Intensity OPS/Loads: 1.35
Arith. Intensity OPS/Msgs: 0.18



===Core Utilization Total=== CORE-S:5;; TIME K cy:50 ;; Nodes Proc: 98,724 -- Edges Proc: 4,789,930

===PRINTING FRAME STATS

FCollision In Avg:74, SD:47, Max:289, Min:1
FCollision Out Avg:76, SD:43, Max:219, Min:0
FCollision End Avg:3, SD:12, Max:101, Min:0
FTask1 Avg:3, SD:5, Max:40, Min:0
FTask2 Avg:9, SD:13, Max:70, Min:0
FTask3 Avg:57, SD:16, Max:100, Min:10
FCore Active Avg:76, SD:17, Max:100, Min:26
FRouter Active Avg:96, SD:4, Max:101, Min:75
T1 invocations: 34,484
T2 invocations: 75,201
T3 invocations: 297,471
T3b invocations: 5,463,058
Total3 invocations: 5,760,529
Total4 invocations: 1,229

T3/T2 ratio: 4
T3b/T3 ratio: 18

T1 avg ex cycles: 32
T2 avg ex cycles: 51
T3&b avg ex cycles: 4
T4 avg ex cycles: 272
Avg. hops NOC1: 29
Avg. latency NOC1 (T2): 12,642
Avg. hops NOC2: 14
Avg. latency NOC2 (T3): 1,186

===PRINTING ACUM STATS at pu_cycles: 61,001

ACollision In Avg:74, SD:31, Max:218, Min:10
ACollision Out Avg:80, SD:32, Max:177, Min:0
ACollision End Avg:2, SD:8, Max:84, Min:0
ATask1 Avg:3, SD:2, Max:29, Min:0
ATask2 Avg:10, SD:6, Max:34, Min:0
ATask3 Avg:58, SD:7, Max:82, Min:32
ACore Active Avg:76, SD:8, Max:99, Min:39
ARouter Active Avg:94, SD:3, Max:99, Min:76
T1 invocations: 689,292
T2 invocations: 1,708,455
T3 invocations: 6,246,292
T3b invocations: 133,864,040
Total3 invocations: 140,110,332
Total4 invocations: 53,941

T3/T2 ratio: 4
T3b/T3 ratio: 21

T1 avg ex cycles: 40
T2 avg ex cycles: 61
T3&b avg ex cycles: 4
T4 avg ex cycles: 130
Avg. hops NOC1: 26
Avg. latency NOC1 (T2): 10,552
Avg. hops NOC2: 14
Avg. latency NOC2 (T3): 1,189
Number of K Nodes Processed: 1,805
Number of K Edges Processed: 92,397
Node Re-explore factor: 0.43
Edge Re-explore factor: 0.72
Nodes/cy: 30
Edges/cy: 1,515
TEPS: 2,103

---Pcache---
Pcache Size: 16,384
Cached: 0
  PHits: 0
  PMisses: 0
  PHit Rate (hit/miss): -nan%
  PEvictions: 0
  PEviction Rate (evict/misses): -nan%

---Energy---
Leakage Energy (nJ): 77,989
PU Dyn E (nJ): 7,468,518
Mem Dyn E (nJ): 22,693,301
Route Dyn E (nJ): 12,047,656
Dynamic Energy (nJ): 42,209,475
Ratio of Dyn/Leak: 541
Total Energy (nJ): 42,287,464
Total Energy (nJ) 3D: 43,353,791
Cores Energy (nJ): 7,471,235
Route Energy (nJ): 12,049,220
Route Energy (nJ) 3D: 13,115,547
Mem Energy   (nJ): 22,767,010
Mem Energy   (nJ) 3D: 22,767,010
Avg. Power (mW): 693,225.75
Power Density (mW/mm2): 200.28

---Runtime---
Runtime in K cycles: 61.00
Microseconds: 61.00
Time per iteration (ms): 0.06

---Throughput---
GOP/s (aka OPS/ns): 11,667.77
GOP/s per core: 0.71
FLOP/s: 3,800.79
FLOP/s per core: 0.23
Max Peak FLOP/s: 16,384.00
Avg. BW GB/s: 71,260.96
Max BW GB/s: 65,536.00

---Traffic---
In-Die bisection_bytes BW (GB/s): 2,048.00
Inter-board traffic (msg/ns): 0.00, per-link: 0.00
Inter-pack traffic (msg/ns): 0.00, per-link: 0.00
Inter-die traffic (msg/ns): 0.00, per-link: 0.00
Ruche traffic (msg/ns): 0.00, per-link: 0.00
All traffic (msg/ns): 66,062.21, per-link: 4.03
Inter-die reduction wrt all: inf
Inter-board reduction wrt inter-die: -nan

---Data Movement---
All traffic (msg): 4,029,860,912
Arith. Intensity FLOP/Loads: 0.44
Arith. Intensity FLOP/Msgs: 0.06
Arith. Intensity OPS/Loads: 1.35
Arith. Intensity OPS/Msgs: 0.18



===Core Utilization Total=== CORE-S:6;; TIME K cy:60 ;; Nodes Proc: 114,199 -- Edges Proc: 5,680,654

===PRINTING FRAME STATS

FCollision In Avg:71, SD:46, Max:267, Min:0
FCollision Out Avg:71, SD:42, Max:200, Min:0
FCollision End Avg:3, SD:11, Max:101, Min:0
FTask1 Avg:3, SD:6, Max:52, Min:0
FTask2 Avg:9, SD:13, Max:73, Min:0
FTask3 Avg:57, SD:17, Max:100, Min:14
FCore Active Avg:77, SD:17, Max:100, Min:22
FRouter Active Avg:96, SD:4, Max:101, Min:76
T1 invocations: 41,940
T2 invocations: 79,313
T3 invocations: 318,315
T3b invocations: 5,410,545
Total3 invocations: 5,728,860
Total4 invocations: 1,498

T3/T2 ratio: 4
T3b/T3 ratio: 17

T1 avg ex cycles: 32
T2 avg ex cycles: 47
T3&b avg ex cycles: 4
T4 avg ex cycles: 259
Avg. hops NOC1: 33
Avg. latency NOC1 (T2): 11,049
Avg. hops NOC2: 14
Avg. latency NOC2 (T3): 1,165

===PRINTING ACUM STATS at pu_cycles: 71,065

ACollision In Avg:74, SD:30, Max:206, Min:10
ACollision Out Avg:79, SD:31, Max:169, Min:0
ACollision End Avg:2, SD:7, Max:87, Min:0
ATask1 Avg:3, SD:2, Max:26, Min:0
ATask2 Avg:10, SD:5, Max:29, Min:0
ATask3 Avg:58, SD:6, Max:81, Min:33
ACore Active Avg:76, SD:8, Max:99, Min:41
ARouter Active Avg:95, SD:3, Max:99, Min:78
T1 invocations: 858,720
T2 invocations: 2,030,768
T3 invocations: 7,475,834
T3b invocations: 156,176,723
Total3 invocations: 163,652,557
Total4 invocations: 60,418

T3/T2 ratio: 4
T3b/T3 ratio: 21

T1 avg ex cycles: 38
T2 avg ex cycles: 59
T3&b avg ex cycles: 4
T4 avg ex cycles: 142
Avg. hops NOC1: 25
Avg. latency NOC1 (T2): 10,631
Avg. hops NOC2: 14
Avg. latency NOC2 (T3): 1,214
Number of K Nodes Processed: 2,050
Number of K Edges Processed: 106,078
Node Re-explore factor: 0.49
Edge Re-explore factor: 0.83
Nodes/cy: 29
Edges/cy: 1,493
TEPS: 1,806

---Pcache---
Pcache Size: 16,384
Cached: 0
  PHits: 0
  PMisses: 0
  PHit Rate (hit/miss): -nan%
  PEvictions: 0
  PEviction Rate (evict/misses): -nan%

---Energy---
Leakage Energy (nJ): 90,855
PU Dyn E (nJ): 8,685,666
Mem Dyn E (nJ): 26,366,029
Route Dyn E (nJ): 14,073,154
Dynamic Energy (nJ): 49,124,850
Ratio of Dyn/Leak: 541
Total Energy (nJ): 49,215,705
Total Energy (nJ) 3D: 50,461,307
Cores Energy (nJ): 8,688,831
Route Energy (nJ): 14,074,976
Route Energy (nJ) 3D: 15,320,578
Mem Energy   (nJ): 26,451,898
Mem Energy   (nJ) 3D: 26,451,898
Avg. Power (mW): 692,544.93
Power Density (mW/mm2): 200.09

---Runtime---
Runtime in K cycles: 71.06
Microseconds: 71.06
Time per iteration (ms): 0.07

---Throughput---
GOP/s (aka OPS/ns): 11,681.38
GOP/s per core: 0.71
FLOP/s: 3,785.79
FLOP/s per core: 0.23
Max Peak FLOP/s: 16,384.00
Avg. BW GB/s: 71,078.84
Max BW GB/s: 65,536.00

---Traffic---
In-Die bisection_bytes BW (GB/s): 2,048.00
Inter-board traffic (msg/ns): 0.00, per-link: 0.00
Inter-pack traffic (msg/ns): 0.00, per-link: 0.00
Inter-die traffic (msg/ns): 0.00, per-link: 0.00
Ruche traffic (msg/ns): 0.00, per-link: 0.00
All traffic (msg/ns): 66,241.53, per-link: 4.04
Inter-die reduction wrt all: inf
Inter-board reduction wrt inter-die: -nan

---Data Movement---
All traffic (msg): 4,707,454,547
Arith. Intensity FLOP/Loads: 0.44
Arith. Intensity FLOP/Msgs: 0.06
Arith. Intensity OPS/Loads: 1.35
Arith. Intensity OPS/Msgs: 0.18



===Core Utilization Total=== CORE-S:7;; TIME K cy:70 ;; Nodes Proc: 129,104 -- Edges Proc: 6,524,844

===PRINTING FRAME STATS

FCollision In Avg:69, SD:48, Max:301, Min:0
FCollision Out Avg:69, SD:46, Max:252, Min:0
FCollision End Avg:3, SD:12, Max:101, Min:0
FTask1 Avg:3, SD:6, Max:48, Min:0
FTask2 Avg:9, SD:13, Max:68, Min:0
FTask3 Avg:57, SD:17, Max:100, Min:13
FCore Active Avg:76, SD:17, Max:100, Min:22
FRouter Active Avg:96, SD:4, Max:101, Min:78
T1 invocations: 44,190
T2 invocations: 82,808
T3 invocations: 330,327
T3b invocations: 5,381,003
Total3 invocations: 5,711,330
Total4 invocations: 1,670

T3/T2 ratio: 4
T3b/T3 ratio: 16

T1 avg ex cycles: 31
T2 avg ex cycles: 44
T3&b avg ex cycles: 4
T4 avg ex cycles: 234
Avg. hops NOC1: 29
Avg. latency NOC1 (T2): 9,731
Avg. hops NOC2: 14
Avg. latency NOC2 (T3): 1,189

===PRINTING ACUM STATS at pu_cycles: 81,091

ACollision In Avg:73, SD:29, Max:197, Min:9
ACollision Out Avg:78, SD:31, Max:160, Min:0
ACollision End Avg:2, SD:7, Max:87, Min:0
ATask1 Avg:3, SD:2, Max:23, Min:0
ATask2 Avg:10, SD:5, Max:29, Min:0
ATask3 Avg:58, SD:6, Max:81, Min:33
ACore Active Avg:76, SD:8, Max:98, Min:44
ARouter Active Avg:95, SD:3, Max:99, Min:79
T1 invocations: 1,048,307
T2 invocations: 2,371,461
T3 invocations: 8,753,378
T3b invocations: 178,378,454
Total3 invocations: 187,131,832
Total4 invocations: 67,304

T3/T2 ratio: 4
T3b/T3 ratio: 20

T1 avg ex cycles: 37
T2 avg ex cycles: 57
T3&b avg ex cycles: 4
T4 avg ex cycles: 151
Avg. hops NOC1: 25
Avg. latency NOC1 (T2): 10,543
Avg. hops NOC2: 14
Avg. latency NOC2 (T3): 1,232
Number of K Nodes Processed: 2,286
Number of K Edges Processed: 119,460
Node Re-explore factor: 0.55
Edge Re-explore factor: 0.93
Nodes/cy: 28
Edges/cy: 1,473
TEPS: 1,582

---Pcache---
Pcache Size: 16,384
Cached: 0
  PHits: 0
  PMisses: 0
  PHit Rate (hit/miss): -nan%
  PEvictions: 0
  PEviction Rate (evict/misses): -nan%

---Energy---
Leakage Energy (nJ): 103,673
PU Dyn E (nJ): 9,897,004
Mem Dyn E (nJ): 30,020,254
Route Dyn E (nJ): 16,098,211
Dynamic Energy (nJ): 56,015,469
Ratio of Dyn/Leak: 540
Total Energy (nJ): 56,119,142
Total Energy (nJ) 3D: 57,543,980
Cores Energy (nJ): 9,900,615
Route Energy (nJ): 16,100,290
Route Energy (nJ) 3D: 17,525,128
Mem Energy   (nJ): 30,118,238
Mem Energy   (nJ) 3D: 30,118,238
Avg. Power (mW): 692,051.43
Power Density (mW/mm2): 199.94

---Runtime---
Runtime in K cycles: 81.09
Microseconds: 81.09
Time per iteration (ms): 0.08

---Throughput---
GOP/s (aka OPS/ns): 11,698.20
GOP/s per core: 0.71
FLOP/s: 3,772.08
FLOP/s per core: 0.23
Max Peak FLOP/s: 16,384.00
Avg. BW GB/s: 70,931.82
Max BW GB/s: 65,536.00

---Traffic---
In-Die bisection_bytes BW (GB/s): 2,048.00
Inter-board traffic (msg/ns): 0.00, per-link: 0.00
Inter-pack traffic (msg/ns): 0.00, per-link: 0.00
Inter-die traffic (msg/ns): 0.00, per-link: 0.00
Ruche traffic (msg/ns): 0.00, per-link: 0.00
All traffic (msg/ns): 66,404.91, per-link: 4.05
Inter-die reduction wrt all: inf
Inter-board reduction wrt inter-die: -nan

---Data Movement---
All traffic (msg): 5,384,840,309
Arith. Intensity FLOP/Loads: 0.44
Arith. Intensity FLOP/Msgs: 0.06
Arith. Intensity OPS/Loads: 1.35
Arith. Intensity OPS/Msgs: 0.18



===Core Utilization Total=== CORE-S:8;; TIME K cy:80 ;; Nodes Proc: 143,042 -- Edges Proc: 7,342,019

===PRINTING FRAME STATS

FCollision In Avg:67, SD:48, Max:295, Min:0
FCollision Out Avg:64, SD:44, Max:229, Min:0
FCollision End Avg:2, SD:10, Max:101, Min:0
FTask1 Avg:4, SD:6, Max:42, Min:0
FTask2 Avg:9, SD:13, Max:72, Min:0
FTask3 Avg:56, SD:17, Max:100, Min:14
FCore Active Avg:76, SD:17, Max:100, Min:25
FRouter Active Avg:96, SD:4, Max:101, Min:77
T1 invocations: 48,214
T2 invocations: 85,322
T3 invocations: 348,247
T3b invocations: 5,329,074
Total3 invocations: 5,677,321
Total4 invocations: 1,830

T3/T2 ratio: 4
T3b/T3 ratio: 15

T1 avg ex cycles: 31
T2 avg ex cycles: 42
T3&b avg ex cycles: 4
T4 avg ex cycles: 217
Avg. hops NOC1: 32
Avg. latency NOC1 (T2): 8,896
Avg. hops NOC2: 14
Avg. latency NOC2 (T3): 1,140

===PRINTING ACUM STATS at pu_cycles: 91,073

ACollision In Avg:72, SD:29, Max:192, Min:11
ACollision Out Avg:76, SD:30, Max:157, Min:0
ACollision End Avg:2, SD:6, Max:78, Min:0
ATask1 Avg:3, SD:2, Max:23, Min:0
ATask2 Avg:10, SD:4, Max:29, Min:0
ATask3 Avg:57, SD:6, Max:81, Min:33
ACore Active Avg:76, SD:7, Max:99, Min:47
ARouter Active Avg:95, SD:3, Max:99, Min:79
T1 invocations: 1,243,386
T2 invocations: 2,720,683
T3 invocations: 10,105,457
T3b invocations: 200,542,994
Total3 invocations: 210,648,451
Total4 invocations: 74,577

T3/T2 ratio: 4
T3b/T3 ratio: 20

T1 avg ex cycles: 36
T2 avg ex cycles: 55
T3&b avg ex cycles: 4
T4 avg ex cycles: 159
Avg. hops NOC1: 25
Avg. latency NOC1 (T2): 10,329
Avg. hops NOC2: 14
Avg. latency NOC2 (T3): 1,242
Number of K Nodes Processed: 2,521
Number of K Edges Processed: 132,265
Node Re-explore factor: 0.60
Edge Re-explore factor: 1.03
Nodes/cy: 28
Edges/cy: 1,452
TEPS: 1,409

---Pcache---
Pcache Size: 16,384
Cached: 0
  PHits: 0
  PMisses: 0
  PHit Rate (hit/miss): -nan%
  PEvictions: 0
  PEviction Rate (evict/misses): -nan%

---Energy---
Leakage Energy (nJ): 116,435
PU Dyn E (nJ): 11,098,596
Mem Dyn E (nJ): 33,652,018
Route Dyn E (nJ): 18,133,363
Dynamic Energy (nJ): 62,883,977
Ratio of Dyn/Leak: 540
Total Energy (nJ): 63,000,412
Total Energy (nJ) 3D: 64,605,380
Cores Energy (nJ): 11,102,652
Route Energy (nJ): 18,135,698
Route Energy (nJ) 3D: 19,740,665
Mem Energy   (nJ): 33,762,063
Mem Energy   (nJ) 3D: 33,762,063
Avg. Power (mW): 691,757.30
Power Density (mW/mm2): 199.86

---Runtime---
Runtime in K cycles: 91.07
Microseconds: 91.07
Time per iteration (ms): 0.09

---Throughput---
GOP/s (aka OPS/ns): 11,713.86
GOP/s per core: 0.71
FLOP/s: 3,758.11
FLOP/s per core: 0.23
Max Peak FLOP/s: 16,384.00
Avg. BW GB/s: 70,805.04
Max BW GB/s: 65,536.00

---Traffic---
In-Die bisection_bytes BW (GB/s): 2,048.00
Inter-board traffic (msg/ns): 0.00, per-link: 0.00
Inter-pack traffic (msg/ns): 0.00, per-link: 0.00
Inter-die traffic (msg/ns): 0.00, per-link: 0.00
Ruche traffic (msg/ns): 0.00, per-link: 0.00
All traffic (msg/ns): 66,600.02, per-link: 4.06
Inter-die reduction wrt all: inf
Inter-board reduction wrt inter-die: -nan

---Data Movement---
All traffic (msg): 6,065,463,784
Arith. Intensity FLOP/Loads: 0.43
Arith. Intensity FLOP/Msgs: 0.06
Arith. Intensity OPS/Loads: 1.35
Arith. Intensity OPS/Msgs: 0.18



===Core Utilization Total=== CORE-S:9;; TIME K cy:90 ;; Nodes Proc: 157,966 -- Edges Proc: 8,084,768

===PRINTING FRAME STATS

FCollision In Avg:63, SD:47, Max:278, Min:0
FCollision Out Avg:60, SD:43, Max:251, Min:0
FCollision End Avg:2, SD:10, Max:150, Min:0
FTask1 Avg:4, SD:7, Max:55, Min:0
FTask2 Avg:9, SD:12, Max:69, Min:0
FTask3 Avg:57, SD:17, Max:100, Min:13
FCore Active Avg:77, SD:16, Max:100, Min:25
FRouter Active Avg:96, SD:3, Max:101, Min:81
T1 invocations: 53,016
T2 invocations: 91,529
T3 invocations: 370,678
T3b invocations: 5,358,854
Total3 invocations: 5,729,532
Total4 invocations: 2,053

T3/T2 ratio: 4
T3b/T3 ratio: 14

T1 avg ex cycles: 30
T2 avg ex cycles: 39
T3&b avg ex cycles: 4
T4 avg ex cycles: 213
Avg. hops NOC1: 33
Avg. latency NOC1 (T2): 7,946
Avg. hops NOC2: 14
Avg. latency NOC2 (T3): 1,101

===PRINTING ACUM STATS at pu_cycles: 101,029

ACollision In Avg:71, SD:28, Max:193, Min:11
ACollision Out Avg:75, SD:30, Max:156, Min:1
ACollision End Avg:2, SD:6, Max:77, Min:0
ATask1 Avg:3, SD:2, Max:21, Min:0
ATask2 Avg:10, SD:4, Max:26, Min:0
ATask3 Avg:57, SD:5, Max:81, Min:32
ACore Active Avg:76, SD:7, Max:98, Min:46
ARouter Active Avg:95, SD:3, Max:99, Min:80
T1 invocations: 1,459,168
T2 invocations: 3,083,408
T3 invocations: 11,553,276
T3b invocations: 222,593,477
Total3 invocations: 234,146,753
Total4 invocations: 82,771

T3/T2 ratio: 4
T3b/T3 ratio: 19

T1 avg ex cycles: 35
T2 avg ex cycles: 54
T3&b avg ex cycles: 4
T4 avg ex cycles: 165
Avg. hops NOC1: 25
Avg. latency NOC1 (T2): 10,039
Avg. hops NOC2: 14
Avg. latency NOC2 (T3): 1,245
Number of K Nodes Processed: 2,755
Number of K Edges Processed: 144,638
Node Re-explore factor: 0.66
Edge Re-explore factor: 1.13
Nodes/cy: 27
Edges/cy: 1,432
TEPS: 1,270

---Pcache---
Pcache Size: 16,384
Cached: 0
  PHits: 0
  PMisses: 0
  PHit Rate (hit/miss): -nan%
  PEvictions: 0
  PEviction Rate (evict/misses): -nan%

---Energy---
Leakage Energy (nJ): 129,164
PU Dyn E (nJ): 12,293,021
Mem Dyn E (nJ): 37,263,707
Route Dyn E (nJ): 20,191,105
Dynamic Energy (nJ): 69,747,833
Ratio of Dyn/Leak: 540
Total Energy (nJ): 69,876,997
Total Energy (nJ) 3D: 71,664,093
Cores Energy (nJ): 12,297,520
Route Energy (nJ): 20,193,696
Route Energy (nJ) 3D: 21,980,792
Mem Energy   (nJ): 37,385,782
Mem Energy   (nJ) 3D: 37,385,782
Avg. Power (mW): 691,652.86
Power Density (mW/mm2): 199.83

---Runtime---
Runtime in K cycles: 101.03
Microseconds: 101.03
Time per iteration (ms): 0.10

---Throughput---
GOP/s (aka OPS/ns): 11,731.71
GOP/s per core: 0.72
FLOP/s: 3,743.40
FLOP/s per core: 0.23
Max Peak FLOP/s: 16,384.00
Avg. BW GB/s: 70,683.97
Max BW GB/s: 65,536.00

---Traffic---
In-Die bisection_bytes BW (GB/s): 2,048.00
Inter-board traffic (msg/ns): 0.00, per-link: 0.00
Inter-pack traffic (msg/ns): 0.00, per-link: 0.00
Inter-die traffic (msg/ns): 0.00, per-link: 0.00
Ruche traffic (msg/ns): 0.00, per-link: 0.00
All traffic (msg/ns): 66,843.31, per-link: 4.08
Inter-die reduction wrt all: inf
Inter-board reduction wrt inter-die: -nan

---Data Movement---
All traffic (msg): 6,753,112,524
Arith. Intensity FLOP/Loads: 0.43
Arith. Intensity FLOP/Msgs: 0.06
Arith. Intensity OPS/Loads: 1.36
Arith. Intensity OPS/Msgs: 0.18



===Core Utilization Total=== CORE-S:10;; TIME K cy:100 ;; Nodes Proc: 172,326 -- Edges Proc: 8,811,271

===PRINTING FRAME STATS

FCollision In Avg:57, SD:43, Max:266, Min:0
FCollision Out Avg:52, SD:40, Max:220, Min:0
FCollision End Avg:2, SD:8, Max:101, Min:0
FTask1 Avg:4, SD:7, Max:44, Min:0
FTask2 Avg:8, SD:12, Max:74, Min:0
FTask3 Avg:57, SD:17, Max:100, Min:18
FCore Active Avg:77, SD:15, Max:100, Min:27
FRouter Active Avg:96, SD:3, Max:101, Min:77
T1 invocations: 56,900
T2 invocations: 93,234
T3 invocations: 383,833
T3b invocations: 5,346,798
Total3 invocations: 5,730,631
Total4 invocations: 2,362

T3/T2 ratio: 4
T3b/T3 ratio: 14

T1 avg ex cycles: 29
T2 avg ex cycles: 37
T3&b avg ex cycles: 4
T4 avg ex cycles: 202
Avg. hops NOC1: 34
Avg. latency NOC1 (T2): 6,853
Avg. hops NOC2: 14
Avg. latency NOC2 (T3): 1,083

===PRINTING ACUM STATS at pu_cycles: 111,040

ACollision In Avg:70, SD:28, Max:193, Min:12
ACollision Out Avg:72, SD:29, Max:158, Min:1
ACollision End Avg:2, SD:6, Max:79, Min:0
ATask1 Avg:3, SD:2, Max:20, Min:0
ATask2 Avg:9, SD:3, Max:24, Min:0
ATask3 Avg:57, SD:5, Max:80, Min:32
ACore Active Avg:77, SD:6, Max:96, Min:47
ARouter Active Avg:95, SD:3, Max:99, Min:81
T1 invocations: 1,690,522
T2 invocations: 3,461,648
T3 invocations: 13,073,217
T3b invocations: 244,697,632
Total3 invocations: 257,770,849
Total4 invocations: 91,806

T3/T2 ratio: 4
T3b/T3 ratio: 19

T1 avg ex cycles: 34
T2 avg ex cycles: 52
T3&b avg ex cycles: 4
T4 avg ex cycles: 170
Avg. hops NOC1: 25
Avg. latency NOC1 (T2): 9,672
Avg. hops NOC2: 14
Avg. latency NOC2 (T3): 1,245
Number of K Nodes Processed: 2,984
Number of K Edges Processed: 156,634
Node Re-explore factor: 0.71
Edge Re-explore factor: 1.22
Nodes/cy: 27
Edges/cy: 1,411
TEPS: 1,156

---Pcache---
Pcache Size: 16,384
Cached: 0
  PHits: 0
  PMisses: 0
  PHit Rate (hit/miss): -nan%
  PEvictions: 0
  PEviction Rate (evict/misses): -nan%

---Energy---
Leakage Energy (nJ): 141,963
PU Dyn E (nJ): 13,484,907
Mem Dyn E (nJ): 40,869,566
Route Dyn E (nJ): 22,262,551
Dynamic Energy (nJ): 76,617,024
Ratio of Dyn/Leak: 540
Total Energy (nJ): 76,758,987
Total Energy (nJ) 3D: 78,729,425
Cores Energy (nJ): 13,489,852
Route Energy (nJ): 22,265,398
Route Energy (nJ) 3D: 24,235,836
Mem Energy   (nJ): 41,003,737
Mem Energy   (nJ) 3D: 41,003,737
Avg. Power (mW): 691,273.30
Power Density (mW/mm2): 199.72

---Runtime---
Runtime in K cycles: 111.04
Microseconds: 111.04
Time per iteration (ms): 0.11

---Throughput---
GOP/s (aka OPS/ns): 11,745.69
GOP/s per core: 0.72
FLOP/s: 3,726.94
FLOP/s per core: 0.23
Max Peak FLOP/s: 16,384.00
Avg. BW GB/s: 70,540.41
Max BW GB/s: 65,536.00

---Traffic---
In-Die bisection_bytes BW (GB/s): 2,048.00
Inter-board traffic (msg/ns): 0.00, per-link: 0.00
Inter-pack traffic (msg/ns): 0.00, per-link: 0.00
Inter-die traffic (msg/ns): 0.00, per-link: 0.00
Ruche traffic (msg/ns): 0.00, per-link: 0.00
All traffic (msg/ns): 67,050.78, per-link: 4.09
Inter-die reduction wrt all: inf
Inter-board reduction wrt inter-die: -nan

---Data Movement---
All traffic (msg): 7,445,318,496
Arith. Intensity FLOP/Loads: 0.43
Arith. Intensity FLOP/Msgs: 0.06
Arith. Intensity OPS/Loads: 1.36
Arith. Intensity OPS/Msgs: 0.18



===Core Utilization Total=== CORE-S:11;; TIME K cy:110 ;; Nodes Proc: 186,810 -- Edges Proc: 9,543,066

===PRINTING FRAME STATS

FCollision In Avg:53, SD:38, Max:253, Min:0
FCollision Out Avg:44, SD:36, Max:201, Min:0
FCollision End Avg:1, SD:7, Max:101, Min:0
FTask1 Avg:4, SD:7, Max:49, Min:0
FTask2 Avg:8, SD:12, Max:73, Min:0
FTask3 Avg:56, SD:16, Max:100, Min:12
FCore Active Avg:77, SD:14, Max:100, Min:27
FRouter Active Avg:96, SD:3, Max:101, Min:79
T1 invocations: 59,710
T2 invocations: 94,380
T3 invocations: 417,102
T3b invocations: 5,281,637
Total3 invocations: 5,698,739
Total4 invocations: 2,616

T3/T2 ratio: 4
T3b/T3 ratio: 13

T1 avg ex cycles: 29
T2 avg ex cycles: 35
T3&b avg ex cycles: 4
T4 avg ex cycles: 182
Avg. hops NOC1: 32
Avg. latency NOC1 (T2): 5,582
Avg. hops NOC2: 14
Avg. latency NOC2 (T3): 991

===PRINTING ACUM STATS at pu_cycles: 121,055

ACollision In Avg:69, SD:27, Max:186, Min:12
ACollision Out Avg:70, SD:28, Max:150, Min:1
ACollision End Avg:2, SD:5, Max:74, Min:0
ATask1 Avg:3, SD:1, Max:20, Min:0
ATask2 Avg:9, SD:3, Max:22, Min:0
ATask3 Avg:57, SD:5, Max:78, Min:37
ACore Active Avg:77, SD:6, Max:95, Min:52
ARouter Active Avg:95, SD:3, Max:99, Min:81
T1 invocations: 1,920,396
T2 invocations: 3,834,521
T3 invocations: 14,717,114
T3b invocations: 266,348,326
Total3 invocations: 281,065,440
Total4 invocations: 101,588

T3/T2 ratio: 4
T3b/T3 ratio: 18

T1 avg ex cycles: 34
T2 avg ex cycles: 51
T3&b avg ex cycles: 4
T4 avg ex cycles: 172
Avg. hops NOC1: 24
Avg. latency NOC1 (T2): 9,255
Avg. hops NOC2: 14
Avg. latency NOC2 (T3): 1,236
Number of K Nodes Processed: 3,218
Number of K Edges Processed: 167,501
Node Re-explore factor: 0.77
Edge Re-explore factor: 1.31
Nodes/cy: 27
Edges/cy: 1,384
TEPS: 1,060

---Pcache---
Pcache Size: 16,384
Cached: 0
  PHits: 0
  PMisses: 0
  PHit Rate (hit/miss): -nan%
  PEvictions: 0
  PEviction Rate (evict/misses): -nan%

---Energy---
Leakage Energy (nJ): 154,767
PU Dyn E (nJ): 14,638,530
Mem Dyn E (nJ): 44,374,571
Route Dyn E (nJ): 24,315,902
Dynamic Energy (nJ): 83,329,003
Ratio of Dyn/Leak: 538
Total Energy (nJ): 83,483,770
Total Energy (nJ) 3D: 85,635,949
Cores Energy (nJ): 14,643,921
Route Energy (nJ): 24,319,005
Route Energy (nJ) 3D: 26,471,184
Mem Energy   (nJ): 44,520,844
Mem Energy   (nJ) 3D: 44,520,844
Avg. Power (mW): 689,635.04
Power Density (mW/mm2): 199.25

---Runtime---
Runtime in K cycles: 121.06
Microseconds: 121.06
Time per iteration (ms): 0.12

---Throughput---
GOP/s (aka OPS/ns): 11,735.08
GOP/s per core: 0.72
FLOP/s: 3,701.21
FLOP/s per core: 0.23
Max Peak FLOP/s: 16,384.00
Avg. BW GB/s: 70,259.63
Max BW GB/s: 65,536.00

---Traffic---
In-Die bisection_bytes BW (GB/s): 2,048.00
Inter-board traffic (msg/ns): 0.00, per-link: 0.00
Inter-pack traffic (msg/ns): 0.00, per-link: 0.00
Inter-die traffic (msg/ns): 0.00, per-link: 0.00
Ruche traffic (msg/ns): 0.00, per-link: 0.00
All traffic (msg/ns): 67,169.68, per-link: 4.10
Inter-die reduction wrt all: inf
Inter-board reduction wrt inter-die: -nan

---Data Movement---
All traffic (msg): 8,131,225,368
Arith. Intensity FLOP/Loads: 0.43
Arith. Intensity FLOP/Msgs: 0.06
Arith. Intensity OPS/Loads: 1.36
Arith. Intensity OPS/Msgs: 0.17



===Core Utilization Total=== CORE-S:12;; TIME K cy:120 ;; Nodes Proc: 200,794 -- Edges Proc: 10,210,319

===PRINTING FRAME STATS

FCollision In Avg:48, SD:31, Max:225, Min:1
FCollision Out Avg:37, SD:30, Max:193, Min:0
FCollision End Avg:1, SD:6, Max:100, Min:0
FTask1 Avg:4, SD:7, Max:52, Min:0
FTask2 Avg:7, SD:12, Max:79, Min:0
FTask3 Avg:54, SD:16, Max:100, Min:15
FCore Active Avg:75, SD:14, Max:100, Min:29
FRouter Active Avg:96, SD:3, Max:101, Min:73
T1 invocations: 62,715
T2 invocations: 88,859
T3 invocations: 465,511
T3b invocations: 5,042,486
Total3 invocations: 5,507,997
Total4 invocations: 3,032

T3/T2 ratio: 5
T3b/T3 ratio: 11

T1 avg ex cycles: 29
T2 avg ex cycles: 32
T3&b avg ex cycles: 4
T4 avg ex cycles: 181
Avg. hops NOC1: 33
Avg. latency NOC1 (T2): 4,004
Avg. hops NOC2: 14
Avg. latency NOC2 (T3): 854

===PRINTING ACUM STATS at pu_cycles: 131,023

ACollision In Avg:67, SD:26, Max:178, Min:13
ACollision Out Avg:68, SD:27, Max:144, Min:1
ACollision End Avg:2, SD:5, Max:69, Min:0
ATask1 Avg:3, SD:1, Max:20, Min:0
ATask2 Avg:9, SD:3, Max:20, Min:0
ATask3 Avg:57, SD:5, Max:76, Min:38
ACore Active Avg:76, SD:6, Max:94, Min:53
ARouter Active Avg:95, SD:3, Max:99, Min:82
T1 invocations: 2,162,176
T2 invocations: 4,198,644
T3 invocations: 16,517,775
T3b invocations: 287,202,843
Total3 invocations: 303,720,618
Total4 invocations: 112,524

T3/T2 ratio: 4
T3b/T3 ratio: 17

T1 avg ex cycles: 33
T2 avg ex cycles: 49
T3&b avg ex cycles: 4
T4 avg ex cycles: 175
Avg. hops NOC1: 24
Avg. latency NOC1 (T2): 8,783
Avg. hops NOC2: 14
Avg. latency NOC2 (T3): 1,218
Number of K Nodes Processed: 3,455
Number of K Edges Processed: 176,971
Node Re-explore factor: 0.82
Edge Re-explore factor: 1.38
Nodes/cy: 26
Edges/cy: 1,351
TEPS: 979

---Pcache---
Pcache Size: 16,384
Cached: 0
  PHits: 0
  PMisses: 0
  PHit Rate (hit/miss): -nan%
  PEvictions: 0
  PEviction Rate (evict/misses): -nan%

---Energy---
Leakage Energy (nJ): 167,511
PU Dyn E (nJ): 15,738,945
Mem Dyn E (nJ): 47,730,141
Route Dyn E (nJ): 26,351,159
Dynamic Energy (nJ): 89,820,246
Ratio of Dyn/Leak: 536
Total Energy (nJ): 89,987,757
Total Energy (nJ) 3D: 92,320,074
Cores Energy (nJ): 15,744,779
Route Energy (nJ): 26,354,519
Route Energy (nJ) 3D: 28,686,836
Mem Energy   (nJ): 47,888,459
Mem Energy   (nJ) 3D: 47,888,459
Avg. Power (mW): 686,808.86
Power Density (mW/mm2): 198.43

---Runtime---
Runtime in K cycles: 131.02
Microseconds: 131.02
Time per iteration (ms): 0.13

---Throughput---
GOP/s (aka OPS/ns): 11,702.67
GOP/s per core: 0.71
FLOP/s: 3,665.36
FLOP/s per core: 0.22
Max Peak FLOP/s: 16,384.00
Avg. BW GB/s: 69,829.22
Max BW GB/s: 65,536.00

---Traffic---
In-Die bisection_bytes BW (GB/s): 2,048.00
Inter-board traffic (msg/ns): 0.00, per-link: 0.00
Inter-pack traffic (msg/ns): 0.00, per-link: 0.00
Inter-die traffic (msg/ns): 0.00, per-link: 0.00
Ruche traffic (msg/ns): 0.00, per-link: 0.00
All traffic (msg/ns): 67,241.66, per-link: 4.10
Inter-die reduction wrt all: inf
Inter-board reduction wrt inter-die: -nan

---Data Movement---
All traffic (msg): 8,810,203,632
Arith. Intensity FLOP/Loads: 0.43
Arith. Intensity FLOP/Msgs: 0.05
Arith. Intensity OPS/Loads: 1.36
Arith. Intensity OPS/Msgs: 0.17



===Core Utilization Total=== CORE-S:13;; TIME K cy:130 ;; Nodes Proc: 215,371 -- Edges Proc: 10,827,152

===PRINTING FRAME STATS

FCollision In Avg:40, SD:24, Max:167, Min:1
FCollision Out Avg:27, SD:24, Max:181, Min:0
FCollision End Avg:1, SD:4, Max:101, Min:0
FTask1 Avg:5, SD:7, Max:45, Min:0
FTask2 Avg:6, SD:11, Max:83, Min:0
FTask3 Avg:53, SD:15, Max:100, Min:11
FCore Active Avg:74, SD:14, Max:100, Min:29
FRouter Active Avg:96, SD:3, Max:101, Min:80
T1 invocations: 68,158
T2 invocations: 91,773
T3 invocations: 543,682
T3b invocations: 4,814,751
Total3 invocations: 5,358,433
Total4 invocations: 4,215

T3/T2 ratio: 6
T3b/T3 ratio: 9

T1 avg ex cycles: 28
T2 avg ex cycles: 27
T3&b avg ex cycles: 4
T4 avg ex cycles: 153
Avg. hops NOC1: 35
Avg. latency NOC1 (T2): 2,282
Avg. hops NOC2: 15
Avg. latency NOC2 (T3): 733

===PRINTING ACUM STATS at pu_cycles: 141,094

ACollision In Avg:65, SD:24, Max:167, Min:14
ACollision Out Avg:65, SD:26, Max:141, Min:1
ACollision End Avg:2, SD:5, Max:64, Min:0
ATask1 Avg:3, SD:1, Max:18, Min:0
ATask2 Avg:9, SD:2, Max:19, Min:0
ATask3 Avg:57, SD:4, Max:74, Min:41
ACore Active Avg:76, SD:5, Max:93, Min:55
ARouter Active Avg:95, SD:3, Max:99, Min:83
T1 invocations: 2,426,627
T2 invocations: 4,563,953
T3 invocations: 18,565,930
T3b invocations: 307,323,963
Total3 invocations: 325,889,893
Total4 invocations: 126,419

T3/T2 ratio: 4
T3b/T3 ratio: 17

T1 avg ex cycles: 33
T2 avg ex cycles: 47
T3&b avg ex cycles: 4
T4 avg ex cycles: 175
Avg. hops NOC1: 24
Avg. latency NOC1 (T2): 8,263
Avg. hops NOC2: 14
Avg. latency NOC2 (T3): 1,193
Number of K Nodes Processed: 3,705
Number of K Edges Processed: 185,236
Node Re-explore factor: 0.88
Edge Re-explore factor: 1.44
Nodes/cy: 26
Edges/cy: 1,313
TEPS: 909

---Pcache---
Pcache Size: 16,384
Cached: 0
  PHits: 0
  PMisses: 0
  PHit Rate (hit/miss): -nan%
  PEvictions: 0
  PEviction Rate (evict/misses): -nan%

---Energy---
Leakage Energy (nJ): 180,386
PU Dyn E (nJ): 16,796,868
Mem Dyn E (nJ): 50,967,543
Route Dyn E (nJ): 28,394,427
Dynamic Energy (nJ): 96,158,838
Ratio of Dyn/Leak: 533
Total Energy (nJ): 96,339,224
Total Energy (nJ) 3D: 98,852,389
Cores Energy (nJ): 16,803,151
Route Energy (nJ): 28,398,044
Route Energy (nJ) 3D: 30,911,209
Mem Energy   (nJ): 51,138,030
Mem Energy   (nJ) 3D: 51,138,030
Avg. Power (mW): 682,801.71
Power Density (mW/mm2): 197.27

---Runtime---
Runtime in K cycles: 141.09
Microseconds: 141.09
Time per iteration (ms): 0.14

---Throughput---
GOP/s (aka OPS/ns): 11,649.22
GOP/s per core: 0.71
FLOP/s: 3,619.68
FLOP/s per core: 0.22
Max Peak FLOP/s: 16,384.00
Avg. BW GB/s: 69,249.27
Max BW GB/s: 65,536.00

---Traffic---
In-Die bisection_bytes BW (GB/s): 2,048.00
Inter-board traffic (msg/ns): 0.00, per-link: 0.00
Inter-pack traffic (msg/ns): 0.00, per-link: 0.00
Inter-die traffic (msg/ns): 0.00, per-link: 0.00
Ruche traffic (msg/ns): 0.00, per-link: 0.00
All traffic (msg/ns): 67,265.11, per-link: 4.11
Inter-die reduction wrt all: inf
Inter-board reduction wrt inter-die: -nan

---Data Movement---
All traffic (msg): 9,490,703,152
Arith. Intensity FLOP/Loads: 0.42
Arith. Intensity FLOP/Msgs: 0.05
Arith. Intensity OPS/Loads: 1.37
Arith. Intensity OPS/Msgs: 0.17



===Core Utilization Total=== CORE-S:14;; TIME K cy:140 ;; Nodes Proc: 230,802 -- Edges Proc: 11,399,654

===PRINTING FRAME STATS

FCollision In Avg:34, SD:20, Max:155, Min:1
FCollision Out Avg:20, SD:19, Max:151, Min:0
FCollision End Avg:1, SD:3, Max:80, Min:0
FTask1 Avg:6, SD:7, Max:40, Min:0
FTask2 Avg:5, SD:10, Max:80, Min:0
FTask3 Avg:51, SD:14, Max:100, Min:3
FCore Active Avg:73, SD:13, Max:100, Min:29
FRouter Active Avg:96, SD:3, Max:101, Min:84
T1 invocations: 82,299
T2 invocations: 88,528
T3 invocations: 628,729
T3b invocations: 4,583,982
Total3 invocations: 5,212,711
Total4 invocations: 6,131

T3/T2 ratio: 7
T3b/T3 ratio: 7

T1 avg ex cycles: 28
T2 avg ex cycles: 23
T3&b avg ex cycles: 4
T4 avg ex cycles: 132
Avg. hops NOC1: 37
Avg. latency NOC1 (T2): 1,258
Avg. hops NOC2: 15
Avg. latency NOC2 (T3): 636

===PRINTING ACUM STATS at pu_cycles: 151,014

ACollision In Avg:63, SD:23, Max:157, Min:14
ACollision Out Avg:62, SD:24, Max:135, Min:1
ACollision End Avg:2, SD:4, Max:59, Min:0
ATask1 Avg:4, SD:1, Max:17, Min:0
ATask2 Avg:9, SD:2, Max:17, Min:0
ATask3 Avg:56, SD:4, Max:74, Min:41
ACore Active Avg:76, SD:5, Max:92, Min:56
ARouter Active Avg:95, SD:3, Max:99, Min:83
T1 invocations: 2,732,672
T2 invocations: 4,948,042
T3 invocations: 20,868,338
T3b invocations: 326,862,712
Total3 invocations: 347,731,050
Total4 invocations: 143,975

T3/T2 ratio: 4
T3b/T3 ratio: 16

T1 avg ex cycles: 32
T2 avg ex cycles: 46
T3&b avg ex cycles: 4
T4 avg ex cycles: 174
Avg. hops NOC1: 24
Avg. latency NOC1 (T2): 7,724
Avg. hops NOC2: 14
Avg. latency NOC2 (T3): 1,166
Number of K Nodes Processed: 3,947
Number of K Edges Processed: 192,589
Node Re-explore factor: 0.94
Edge Re-explore factor: 1.50
Nodes/cy: 26
Edges/cy: 1,275
TEPS: 850

---Pcache---
Pcache Size: 16,384
Cached: 0
  PHits: 0
  PMisses: 0
  PHit Rate (hit/miss): -nan%
  PEvictions: 0
  PEviction Rate (evict/misses): -nan%

---Energy---
Leakage Energy (nJ): 193,069
PU Dyn E (nJ): 17,829,575
Mem Dyn E (nJ): 54,130,731
Route Dyn E (nJ): 30,453,659
Dynamic Energy (nJ): 102,413,966
Ratio of Dyn/Leak: 530
Total Energy (nJ): 102,607,035
Total Energy (nJ) 3D: 105,302,460
Cores Energy (nJ): 17,836,300
Route Energy (nJ): 30,457,531
Route Energy (nJ) 3D: 33,152,957
Mem Energy   (nJ): 54,313,204
Mem Energy   (nJ) 3D: 54,313,204
Avg. Power (mW): 679,453.79
Power Density (mW/mm2): 196.30

---Runtime---
Runtime in K cycles: 151.01
Microseconds: 151.01
Time per iteration (ms): 0.15

---Throughput---
GOP/s (aka OPS/ns): 11,609.58
GOP/s per core: 0.71
FLOP/s: 3,575.73
FLOP/s per core: 0.22
Max Peak FLOP/s: 16,384.00
Avg. BW GB/s: 68,721.55
Max BW GB/s: 65,536.00

---Traffic---
In-Die bisection_bytes BW (GB/s): 2,048.00
Inter-board traffic (msg/ns): 0.00, per-link: 0.00
Inter-pack traffic (msg/ns): 0.00, per-link: 0.00
Inter-die traffic (msg/ns): 0.00, per-link: 0.00
Ruche traffic (msg/ns): 0.00, per-link: 0.00
All traffic (msg/ns): 67,381.60, per-link: 4.11
Inter-die reduction wrt all: inf
Inter-board reduction wrt inter-die: -nan

---Data Movement---
All traffic (msg): 10,175,564,875
Arith. Intensity FLOP/Loads: 0.42
Arith. Intensity FLOP/Msgs: 0.05
Arith. Intensity OPS/Loads: 1.37
Arith. Intensity OPS/Msgs: 0.17



===Core Utilization Total=== CORE-S:15;; TIME K cy:150 ;; Nodes Proc: 245,668 -- Edges Proc: 11,820,993

===PRINTING FRAME STATS

FCollision In Avg:28, SD:21, Max:145, Min:1
FCollision Out Avg:17, SD:19, Max:143, Min:0
FCollision End Avg:1, SD:2, Max:40, Min:0
FTask1 Avg:6, SD:7, Max:48, Min:0
FTask2 Avg:4, SD:9, Max:79, Min:0
FTask3 Avg:49, SD:12, Max:100, Min:11
FCore Active Avg:71, SD:13, Max:100, Min:23
FRouter Active Avg:95, SD:3, Max:101, Min:82
T1 invocations: 87,717
T2 invocations: 89,972
T3 invocations: 723,646
T3b invocations: 4,330,658
Total3 invocations: 5,054,304
Total4 invocations: 9,036

T3/T2 ratio: 8
T3b/T3 ratio: 6

T1 avg ex cycles: 28
T2 avg ex cycles: 20
T3&b avg ex cycles: 4
T4 avg ex cycles: 101
Avg. hops NOC1: 37
Avg. latency NOC1 (T2): 871
Avg. hops NOC2: 16
Avg. latency NOC2 (T3): 523

===PRINTING ACUM STATS at pu_cycles: 161,079

ACollision In Avg:61, SD:21, Max:148, Min:14
ACollision Out Avg:59, SD:23, Max:130, Min:1
ACollision End Avg:2, SD:4, Max:56, Min:0
ATask1 Avg:4, SD:1, Max:16, Min:0
ATask2 Avg:8, SD:2, Max:16, Min:0
ATask3 Avg:56, SD:4, Max:73, Min:41
ACore Active Avg:76, SD:4, Max:91, Min:58
ARouter Active Avg:95, SD:3, Max:99, Min:83
T1 invocations: 3,067,087
T2 invocations: 5,350,530
T3 invocations: 23,432,575
T3b invocations: 345,879,113
Total3 invocations: 369,311,688
Total4 invocations: 167,969

T3/T2 ratio: 4
T3b/T3 ratio: 15

T1 avg ex cycles: 32
T2 avg ex cycles: 44
T3&b avg ex cycles: 4
T4 avg ex cycles: 169
Avg. hops NOC1: 25
Avg. latency NOC1 (T2): 7,224
Avg. hops NOC2: 14
Avg. latency NOC2 (T3): 1,138
Number of K Nodes Processed: 4,166
Number of K Edges Processed: 199,581
Node Re-explore factor: 0.99
Edge Re-explore factor: 1.56
Nodes/cy: 26
Edges/cy: 1,239
TEPS: 797

---Pcache---
Pcache Size: 16,384
Cached: 0
  PHits: 0
  PMisses: 0
  PHit Rate (hit/miss): -nan%
  PEvictions: 0
  PEviction Rate (evict/misses): -nan%

---Energy---
Leakage Energy (nJ): 205,937
PU Dyn E (nJ): 18,846,135
Mem Dyn E (nJ): 57,245,096
Route Dyn E (nJ): 32,513,399
Dynamic Energy (nJ): 108,604,631
Ratio of Dyn/Leak: 527
Total Energy (nJ): 108,810,568
Total Energy (nJ) 3D: 111,688,299
Cores Energy (nJ): 18,853,308
Route Energy (nJ): 32,517,529
Route Energy (nJ) 3D: 35,395,260
Mem Energy   (nJ): 57,439,731
Mem Energy   (nJ) 3D: 57,439,731
Avg. Power (mW): 675,510.57
Power Density (mW/mm2): 195.16

---Runtime---
Runtime in K cycles: 161.08
Microseconds: 161.08
Time per iteration (ms): 0.16

---Throughput---
GOP/s (aka OPS/ns): 11,560.22
GOP/s per core: 0.71
FLOP/s: 3,529.55
FLOP/s per core: 0.22
Max Peak FLOP/s: 16,384.00
Avg. BW GB/s: 68,139.47
Max BW GB/s: 65,536.00

---Traffic---
In-Die bisection_bytes BW (GB/s): 2,048.00
Inter-board traffic (msg/ns): 0.00, per-link: 0.00
Inter-pack traffic (msg/ns): 0.00, per-link: 0.00
Inter-die traffic (msg/ns): 0.00, per-link: 0.00
Ruche traffic (msg/ns): 0.00, per-link: 0.00
All traffic (msg/ns): 67,421.07, per-link: 4.12
Inter-die reduction wrt all: inf
Inter-board reduction wrt inter-die: -nan

---Data Movement---
All traffic (msg): 10,860,118,349
Arith. Intensity FLOP/Loads: 0.42
Arith. Intensity FLOP/Msgs: 0.05
Arith. Intensity OPS/Loads: 1.37
Arith. Intensity OPS/Msgs: 0.17



===Core Utilization Total=== CORE-S:16;; TIME K cy:160 ;; Nodes Proc: 259,139 -- Edges Proc: 12,238,751

===PRINTING FRAME STATS

FCollision In Avg:21, SD:18, Max:165, Min:1
FCollision Out Avg:10, SD:15, Max:101, Min:0
FCollision End Avg:1, SD:2, Max:41, Min:0
FTask1 Avg:6, SD:6, Max:48, Min:0
FTask2 Avg:4, SD:7, Max:82, Min:0
FTask3 Avg:47, SD:10, Max:100, Min:8
FCore Active Avg:67, SD:14, Max:100, Min:27
FRouter Active Avg:94, SD:4, Max:101, Min:75
T1 invocations: 84,878
T2 invocations: 87,433
T3 invocations: 794,597
T3b invocations: 4,004,958
Total3 invocations: 4,799,555
Total4 invocations: 11,820

T3/T2 ratio: 9
T3b/T3 ratio: 5

T1 avg ex cycles: 27
T2 avg ex cycles: 17
T3&b avg ex cycles: 4
T4 avg ex cycles: 76
Avg. hops NOC1: 37
Avg. latency NOC1 (T2): 508
Avg. hops NOC2: 16
Avg. latency NOC2 (T3): 397

===PRINTING ACUM STATS at pu_cycles: 170,829

ACollision In Avg:59, SD:20, Max:140, Min:14
ACollision Out Avg:56, SD:22, Max:125, Min:1
ACollision End Avg:2, SD:4, Max:52, Min:0
ATask1 Avg:4, SD:1, Max:15, Min:0
ATask2 Avg:8, SD:2, Max:15, Min:0
ATask3 Avg:55, SD:4, Max:71, Min:42
ACore Active Avg:75, SD:4, Max:89, Min:59
ARouter Active Avg:95, SD:2, Max:99, Min:83
T1 invocations: 3,395,727
T2 invocations: 5,742,014
T3 invocations: 26,229,094
T3b invocations: 363,828,131
Total3 invocations: 390,057,225
Total4 invocations: 200,321

T3/T2 ratio: 5
T3b/T3 ratio: 14

T1 avg ex cycles: 31
T2 avg ex cycles: 43
T3&b avg ex cycles: 4
T4 avg ex cycles: 158
Avg. hops NOC1: 25
Avg. latency NOC1 (T2): 6,796
Avg. hops NOC2: 14
Avg. latency NOC2 (T3): 1,111
Number of K Nodes Processed: 4,345
Number of K Edges Processed: 205,185
Node Re-explore factor: 1.04
Edge Re-explore factor: 1.60
Nodes/cy: 25
Edges/cy: 1,201
TEPS: 751

---Pcache---
Pcache Size: 16,384
Cached: 0
  PHits: 0
  PMisses: 0
  PHit Rate (hit/miss): -nan%
  PEvictions: 0
  PEviction Rate (evict/misses): -nan%

---Energy---
Leakage Energy (nJ): 218,402
PU Dyn E (nJ): 19,801,451
Mem Dyn E (nJ): 60,187,702
Route Dyn E (nJ): 34,497,513
Dynamic Energy (nJ): 114,486,668
Ratio of Dyn/Leak: 524
Total Energy (nJ): 114,705,070
Total Energy (nJ) 3D: 117,758,413
Cores Energy (nJ): 19,809,058
Route Energy (nJ): 34,501,893
Route Energy (nJ) 3D: 37,555,237
Mem Energy   (nJ): 60,394,119
Mem Energy   (nJ) 3D: 60,394,119
Avg. Power (mW): 671,461.34
Power Density (mW/mm2): 193.99

---Runtime---
Runtime in K cycles: 170.83
Microseconds: 170.83
Time per iteration (ms): 0.17

---Throughput---
GOP/s (aka OPS/ns): 11,506.07
GOP/s per core: 0.70
FLOP/s: 3,483.53
FLOP/s per core: 0.21
Max Peak FLOP/s: 16,384.00
Avg. BW GB/s: 67,558.44
Max BW GB/s: 65,536.00

---Traffic---
In-Die bisection_bytes BW (GB/s): 2,048.00
Inter-board traffic (msg/ns): 0.00, per-link: 0.00
Inter-pack traffic (msg/ns): 0.00, per-link: 0.00
Inter-die traffic (msg/ns): 0.00, per-link: 0.00
Ruche traffic (msg/ns): 0.00, per-link: 0.00
All traffic (msg/ns): 67,432.72, per-link: 4.12
Inter-die reduction wrt all: inf
Inter-board reduction wrt inter-die: -nan

---Data Movement---
All traffic (msg): 11,519,463,715
Arith. Intensity FLOP/Loads: 0.42
Arith. Intensity FLOP/Msgs: 0.05
Arith. Intensity OPS/Loads: 1.38
Arith. Intensity OPS/Msgs: 0.17



===Core Utilization Total=== CORE-S:17;; TIME K cy:170 ;; Nodes Proc: 270,175 -- Edges Proc: 12,578,296

===PRINTING FRAME STATS

FCollision In Avg:14, SD:16, Max:126, Min:1
FCollision Out Avg:6, SD:11, Max:130, Min:0
FCollision End Avg:0, SD:2, Max:41, Min:0
FTask1 Avg:4, SD:6, Max:55, Min:0
FTask2 Avg:3, SD:7, Max:80, Min:0
FTask3 Avg:43, SD:9, Max:95, Min:13
FCore Active Avg:61, SD:14, Max:100, Min:23
FRouter Active Avg:92, SD:5, Max:101, Min:76
T1 invocations: 63,491
T2 invocations: 74,562
T3 invocations: 859,892
T3b invocations: 3,634,366
Total3 invocations: 4,494,258
Total4 invocations: 14,163

T3/T2 ratio: 12
T3b/T3 ratio: 4

T1 avg ex cycles: 27
T2 avg ex cycles: 16
T3&b avg ex cycles: 4
T4 avg ex cycles: 52
Avg. hops NOC1: 34
Avg. latency NOC1 (T2): 405
Avg. hops NOC2: 16
Avg. latency NOC2 (T3): 266

===PRINTING ACUM STATS at pu_cycles: 180,784

ACollision In Avg:56, SD:19, Max:133, Min:13
ACollision Out Avg:53, SD:21, Max:121, Min:1
ACollision End Avg:2, SD:4, Max:50, Min:0
ATask1 Avg:4, SD:1, Max:15, Min:1
ATask2 Avg:8, SD:2, Max:14, Min:0
ATask3 Avg:55, SD:4, Max:69, Min:42
ACore Active Avg:74, SD:4, Max:89, Min:59
ARouter Active Avg:95, SD:2, Max:99, Min:83
T1 invocations: 3,700,661
T2 invocations: 6,092,360
T3 invocations: 29,336,317
T3b invocations: 379,993,501
Total3 invocations: 409,329,818
Total4 invocations: 243,681

T3/T2 ratio: 5
T3b/T3 ratio: 13

T1 avg ex cycles: 31
T2 avg ex cycles: 41
T3&b avg ex cycles: 4
T4 avg ex cycles: 143
Avg. hops NOC1: 24
Avg. latency NOC1 (T2): 6,441
Avg. hops NOC2: 14
Avg. latency NOC2 (T3): 1,080
Number of K Nodes Processed: 4,494
Number of K Edges Processed: 209,467
Node Re-explore factor: 1.07
Edge Re-explore factor: 1.63
Nodes/cy: 25
Edges/cy: 1,159
TEPS: 710

---Pcache---
Pcache Size: 16,384
Cached: 0
  PHits: 0
  PMisses: 0
  PHit Rate (hit/miss): -nan%
  PEvictions: 0
  PEviction Rate (evict/misses): -nan%

---Energy---
Leakage Energy (nJ): 231,129
PU Dyn E (nJ): 20,662,009
Mem Dyn E (nJ): 62,862,085
Route Dyn E (nJ): 36,368,765
Dynamic Energy (nJ): 119,892,861
Ratio of Dyn/Leak: 519
Total Energy (nJ): 120,123,990
Total Energy (nJ) 3D: 123,342,956
Cores Energy (nJ): 20,670,060
Route Energy (nJ): 36,373,400
Route Energy (nJ) 3D: 39,592,367
Mem Energy   (nJ): 63,080,530
Mem Energy   (nJ) 3D: 63,080,530
Avg. Power (mW): 664,461.40
Power Density (mW/mm2): 191.97

---Runtime---
Runtime in K cycles: 180.78
Microseconds: 180.78
Time per iteration (ms): 0.18

---Throughput---
GOP/s (aka OPS/ns): 11,395.04
GOP/s per core: 0.70
FLOP/s: 3,422.25
FLOP/s per core: 0.21
Max Peak FLOP/s: 16,384.00
Avg. BW GB/s: 66,680.06
Max BW GB/s: 65,536.00

---Traffic---
In-Die bisection_bytes BW (GB/s): 2,048.00
Inter-board traffic (msg/ns): 0.00, per-link: 0.00
Inter-pack traffic (msg/ns): 0.00, per-link: 0.00
Inter-die traffic (msg/ns): 0.00, per-link: 0.00
Ruche traffic (msg/ns): 0.00, per-link: 0.00
All traffic (msg/ns): 67,155.62, per-link: 4.10
Inter-die reduction wrt all: inf
Inter-board reduction wrt inter-die: -nan

---Data Movement---
All traffic (msg): 12,140,661,118
Arith. Intensity FLOP/Loads: 0.41
Arith. Intensity FLOP/Msgs: 0.05
Arith. Intensity OPS/Loads: 1.38
Arith. Intensity OPS/Msgs: 0.17



===Core Utilization Total=== CORE-S:18;; TIME K cy:180 ;; Nodes Proc: 279,609 -- Edges Proc: 12,858,459

===PRINTING FRAME STATS

FCollision In Avg:9, SD:13, Max:119, Min:1
FCollision Out Avg:3, SD:10, Max:75, Min:0
FCollision End Avg:0, SD:1, Max:21, Min:0
FTask1 Avg:2, SD:3, Max:36, Min:0
FTask2 Avg:2, SD:6, Max:84, Min:0
FTask3 Avg:32, SD:9, Max:86, Min:5
FCore Active Avg:44, SD:15, Max:100, Min:15
FRouter Active Avg:80, SD:11, Max:101, Min:52
T1 invocations: 29,597
T2 invocations: 39,795
T3 invocations: 744,685
T3b invocations: 2,689,157
Total3 invocations: 3,433,842
Total4 invocations: 12,147

T3/T2 ratio: 19
T3b/T3 ratio: 4

T1 avg ex cycles: 27
T2 avg ex cycles: 17
T3&b avg ex cycles: 4
T4 avg ex cycles: 33
Avg. hops NOC1: 32
Avg. latency NOC1 (T2): 529
Avg. hops NOC2: 15
Avg. latency NOC2 (T3): 156

===PRINTING ACUM STATS at pu_cycles: 190,634

ACollision In Avg:54, SD:18, Max:127, Min:13
ACollision Out Avg:51, SD:20, Max:115, Min:1
ACollision End Avg:2, SD:3, Max:48, Min:0
ATask1 Avg:4, SD:1, Max:15, Min:1
ATask2 Avg:8, SD:1, Max:14, Min:0
ATask3 Avg:53, SD:4, Max:68, Min:41
ACore Active Avg:73, SD:4, Max:87, Min:57
ARouter Active Avg:94, SD:3, Max:98, Min:81
T1 invocations: 3,911,360
T2 invocations: 6,333,557
T3 invocations: 32,313,356
T3b invocations: 392,497,386
Total3 invocations: 424,810,742
Total4 invocations: 289,933

T3/T2 ratio: 5
T3b/T3 ratio: 12

T1 avg ex cycles: 31
T2 avg ex cycles: 40
T3&b avg ex cycles: 4
T4 avg ex cycles: 129
Avg. hops NOC1: 24
Avg. latency NOC1 (T2): 6,217
Avg. hops NOC2: 14
Avg. latency NOC2 (T3): 1,052
Number of K Nodes Processed: 4,590
Number of K Edges Processed: 212,162
Node Re-explore factor: 1.09
Edge Re-explore factor: 1.65
Nodes/cy: 24
Edges/cy: 1,113
TEPS: 673

---Pcache---
Pcache Size: 16,384
Cached: 0
  PHits: 0
  PMisses: 0
  PHit Rate (hit/miss): -nan%
  PEvictions: 0
  PEviction Rate (evict/misses): -nan%

---Energy---
Leakage Energy (nJ): 243,722
PU Dyn E (nJ): 21,327,554
Mem Dyn E (nJ): 64,963,581
Route Dyn E (nJ): 37,881,025
Dynamic Energy (nJ): 124,172,160
Ratio of Dyn/Leak: 509
Total Energy (nJ): 124,415,882
Total Energy (nJ) 3D: 127,768,697
Cores Energy (nJ): 21,336,042
Route Energy (nJ): 37,885,913
Route Energy (nJ) 3D: 41,238,728
Mem Energy   (nJ): 65,193,927
Mem Energy   (nJ) 3D: 65,193,927
Avg. Power (mW): 652,642.67
Power Density (mW/mm2): 188.56

---Runtime---
Runtime in K cycles: 190.63
Microseconds: 190.63
Time per iteration (ms): 0.19

---Throughput---
GOP/s (aka OPS/ns): 11,189.51
GOP/s per core: 0.68
FLOP/s: 3,341.17
FLOP/s per core: 0.20
Max Peak FLOP/s: 16,384.00
Avg. BW GB/s: 65,352.70
Max BW GB/s: 65,536.00

---Traffic---
In-Die bisection_bytes BW (GB/s): 2,048.00
Inter-board traffic (msg/ns): 0.00, per-link: 0.00
Inter-pack traffic (msg/ns): 0.00, per-link: 0.00
Inter-die traffic (msg/ns): 0.00, per-link: 0.00
Ruche traffic (msg/ns): 0.00, per-link: 0.00
All traffic (msg/ns): 66,317.50, per-link: 4.05
Inter-die reduction wrt all: inf
Inter-board reduction wrt inter-die: -nan

---Data Movement---
All traffic (msg): 12,642,369,873
Arith. Intensity FLOP/Loads: 0.41
Arith. Intensity FLOP/Msgs: 0.05
Arith. Intensity OPS/Loads: 1.38
Arith. Intensity OPS/Msgs: 0.17



===Core Utilization Total=== CORE-S:19;; TIME K cy:190 ;; Nodes Proc: 285,486 -- Edges Proc: 13,028,478
======== IT IS COLD ======= Only 434 Tiles active

===PRINTING FRAME STATS

FCollision In Avg:2, SD:3, Max:41, Min:0
FCollision Out Avg:0, SD:2, Max:28, Min:0
FCollision End Avg:0, SD:0, Max:18, Min:0
FTask1 Avg:1, SD:1, Max:16, Min:0
FTask2 Avg:1, SD:3, Max:83, Min:0
FTask3 Avg:16, SD:7, Max:56, Min:4
FCore Active Avg:21, SD:10, Max:100, Min:5
FRouter Active Avg:48, SD:14, Max:95, Min:24
T1 invocations: 10,023
T2 invocations: 13,677
T3 invocations: 432,538
T3b invocations: 1,268,732
Total3 invocations: 1,701,270
Total4 invocations: 6,674

T3/T2 ratio: 32
T3b/T3 ratio: 3

T1 avg ex cycles: 27
T2 avg ex cycles: 15
T3&b avg ex cycles: 4
T4 avg ex cycles: 25
Avg. hops NOC1: 27
Avg. latency NOC1 (T2): 622
Avg. hops NOC2: 15
Avg. latency NOC2 (T3): 97

===PRINTING ACUM STATS at pu_cycles: 200,302

ACollision In Avg:51, SD:17, Max:121, Min:12
ACollision Out Avg:48, SD:19, Max:109, Min:1
ACollision End Avg:2, SD:3, Max:45, Min:0
ATask1 Avg:4, SD:1, Max:14, Min:2
ATask2 Avg:7, SD:1, Max:13, Min:4
ATask3 Avg:52, SD:4, Max:66, Min:39
ACore Active Avg:70, SD:4, Max:85, Min:55
ARouter Active Avg:92, SD:3, Max:96, Min:79
T1 invocations: 4,012,248
T2 invocations: 6,450,521
T3 invocations: 34,233,670
T3b invocations: 399,519,830
Total3 invocations: 433,753,500
Total4 invocations: 320,226

T3/T2 ratio: 5
T3b/T3 ratio: 12

T1 avg ex cycles: 31
T2 avg ex cycles: 40
T3&b avg ex cycles: 4
T4 avg ex cycles: 120
Avg. hops NOC1: 24
Avg. latency NOC1 (T2): 6,115
Avg. hops NOC2: 14
Avg. latency NOC2 (T3): 1,035
Number of K Nodes Processed: 4,632
Number of K Edges Processed: 213,492
Node Re-explore factor: 1.10
Edge Re-explore factor: 1.66
Nodes/cy: 23
Edges/cy: 1,066
TEPS: 641

---Pcache---
Pcache Size: 16,384
Cached: 0
  PHits: 0
  PMisses: 0
  PHit Rate (hit/miss): -nan%
  PEvictions: 0
  PEviction Rate (evict/misses): -nan%

---Energy---
Leakage Energy (nJ): 256,083
PU Dyn E (nJ): 21,699,787
Mem Dyn E (nJ): 66,157,515
Route Dyn E (nJ): 38,755,283
Dynamic Energy (nJ): 126,612,585
Ratio of Dyn/Leak: 494
Total Energy (nJ): 126,868,668
Total Energy (nJ) 3D: 130,298,863
Cores Energy (nJ): 21,708,706
Route Energy (nJ): 38,760,418
Route Energy (nJ) 3D: 42,190,613
Mem Energy   (nJ): 66,399,544
Mem Energy   (nJ) 3D: 66,399,544
Avg. Power (mW): 633,386.92
Power Density (mW/mm2): 182.99

---Runtime---
Runtime in K cycles: 200.30
Microseconds: 200.30
Time per iteration (ms): 0.20

---Throughput---
GOP/s (aka OPS/ns): 10,852.38
GOP/s per core: 0.66
FLOP/s: 3,231.13
FLOP/s per core: 0.20
Max Peak FLOP/s: 16,384.00
Avg. BW GB/s: 63,343.54
Max BW GB/s: 65,536.00

---Traffic---
In-Die bisection_bytes BW (GB/s): 2,048.00
Inter-board traffic (msg/ns): 0.00, per-link: 0.00
Inter-pack traffic (msg/ns): 0.00, per-link: 0.00
Inter-die traffic (msg/ns): 0.00, per-link: 0.00
Ruche traffic (msg/ns): 0.00, per-link: 0.00
All traffic (msg/ns): 64,564.17, per-link: 3.94
Inter-die reduction wrt all: inf
Inter-board reduction wrt inter-die: -nan

---Data Movement---
All traffic (msg): 12,932,332,984
Arith. Intensity FLOP/Loads: 0.41
Arith. Intensity FLOP/Msgs: 0.05
Arith. Intensity OPS/Loads: 1.38
Arith. Intensity OPS/Msgs: 0.17



===Core Utilization Total=== CORE-S:20;; TIME K cy:200 ;; Nodes Proc: 288,094 -- Edges Proc: 13,150,419
======== IT IS COLD ======= Only 216 Tiles active

===PRINTING FRAME STATS

FCollision In Avg:0, SD:0, Max:2, Min:0
FCollision Out Avg:0, SD:0, Max:0, Min:0
FCollision End Avg:0, SD:0, Max:0, Min:0
FTask1 Avg:0, SD:0, Max:1, Min:0
FTask2 Avg:0, SD:0, Max:27, Min:0
FTask3 Avg:3, SD:2, Max:21, Min:0
FCore Active Avg:3, SD:3, Max:36, Min:0
FRouter Active Avg:10, SD:6, Max:35, Min:3
T1 invocations: 1,050
T2 invocations: 1,303
T3 invocations: 81,547
T3b invocations: 212,672
Total3 invocations: 294,219
Total4 invocations: 1,004

T3/T2 ratio: 63
T3b/T3 ratio: 3

T1 avg ex cycles: 27
T2 avg ex cycles: 11
T3&b avg ex cycles: 4
T4 avg ex cycles: 21
Avg. hops NOC1: 28
Avg. latency NOC1 (T2): 205
Avg. hops NOC2: 15
Avg. latency NOC2 (T3): 33

===PRINTING ACUM STATS at pu_cycles: 210,098

ACollision In Avg:49, SD:16, Max:115, Min:11
ACollision Out Avg:46, SD:18, Max:104, Min:1
ACollision End Avg:2, SD:3, Max:43, Min:0
ATask1 Avg:3, SD:1, Max:13, Min:2
ATask2 Avg:7, SD:1, Max:12, Min:4
ATask3 Avg:49, SD:4, Max:63, Min:37
ACore Active Avg:67, SD:4, Max:81, Min:52
ARouter Active Avg:88, SD:3, Max:93, Min:76
T1 invocations: 4,025,183
T2 invocations: 6,468,930
T3 invocations: 34,619,198
T3b invocations: 400,873,577
Total3 invocations: 435,492,775
Total4 invocations: 325,300

T3/T2 ratio: 5
T3b/T3 ratio: 12

T1 avg ex cycles: 31
T2 avg ex cycles: 40
T3&b avg ex cycles: 4
T4 avg ex cycles: 119
Avg. hops NOC1: 24
Avg. latency NOC1 (T2): 6,102
Avg. hops NOC2: 14
Avg. latency NOC2 (T3): 1,031
Number of K Nodes Processed: 4,637
Number of K Edges Processed: 213,765
Node Re-explore factor: 1.11
Edge Re-explore factor: 1.67
Nodes/cy: 22
Edges/cy: 1,017
TEPS: 611

---Pcache---
Pcache Size: 16,384
Cached: 0
  PHits: 0
  PMisses: 0
  PHit Rate (hit/miss): -nan%
  PEvictions: 0
  PEviction Rate (evict/misses): -nan%

---Energy---
Leakage Energy (nJ): 268,607
PU Dyn E (nJ): 21,771,743
Mem Dyn E (nJ): 66,391,642
Route Dyn E (nJ): 38,925,569
Dynamic Energy (nJ): 127,088,955
Ratio of Dyn/Leak: 473
Total Energy (nJ): 127,357,562
Total Energy (nJ) 3D: 130,802,829
Cores Energy (nJ): 21,781,099
Route Energy (nJ): 38,930,956
Route Energy (nJ) 3D: 42,376,222
Mem Energy   (nJ): 66,645,508
Mem Energy   (nJ) 3D: 66,645,508
Avg. Power (mW): 606,181.70
Power Density (mW/mm2): 175.13

---Runtime---
Runtime in K cycles: 210.10
Microseconds: 210.10
Time per iteration (ms): 0.21

---Throughput---
GOP/s (aka OPS/ns): 10,382.61
GOP/s per core: 0.63
FLOP/s: 3,090.21
FLOP/s per core: 0.19
Max Peak FLOP/s: 16,384.00
Avg. BW GB/s: 60,604.08
Max BW GB/s: 65,536.00

---Traffic---
In-Die bisection_bytes BW (GB/s): 2,048.00
Inter-board traffic (msg/ns): 0.00, per-link: 0.00
Inter-pack traffic (msg/ns): 0.00, per-link: 0.00
Inter-die traffic (msg/ns): 0.00, per-link: 0.00
Ruche traffic (msg/ns): 0.00, per-link: 0.00
All traffic (msg/ns): 61,822.55, per-link: 3.77
Inter-die reduction wrt all: inf
Inter-board reduction wrt inter-die: -nan

---Data Movement---
All traffic (msg): 12,988,793,270
Arith. Intensity FLOP/Loads: 0.41
Arith. Intensity FLOP/Msgs: 0.05
Arith. Intensity OPS/Loads: 1.38
Arith. Intensity OPS/Msgs: 0.17



===Core Utilization Total=== CORE-S:21;; TIME K cy:210 ;; Nodes Proc: 288,378 -- Edges Proc: 13,203,778
======== IT IS COLD ======= Only 44 Tiles active
Epoch Done Router: 15
Epoch Done Router: 7
Epoch Done Router: 11
Epoch Done Router: 2
Epoch Done Router: 3
Epoch Done Router: 4
Epoch Done Router: 6
Epoch Done Router: 12
Epoch Done Router: 8
Epoch Done Router: 9
Epoch Done Router: 14
Epoch Done Router: 10
Epoch Done Router: 1
Epoch Done Router: 0
Epoch Done Router: 13
Epoch Done Router: 5
##EPOCH## 1 COMPLETED at Time (K cy): 220
Nodes processed until now: 4,638,316
Edges processed until now: 213,796,540
Program Done Worker Thread: 0
Program Done Router Thread: 8
Program Done Router Thread: 10
Program Done Router Thread: 13
Program Done Router Thread: 14
Program Done Worker Thread: 14
Program Done Worker Thread: 11
Program Done Router Thread: 1
Program Done Router Thread: 4
Program Done Router Thread: 9
Program Done Worker Thread: 4
Program Done Worker Thread: 3
Program Done Worker Thread: 8
Program Done Worker Thread: 13
Program Done Worker Thread: 5
Program Done Worker Thread: 2
Program Done Router Thread: 7
Program Done Router Thread: 2
Program Done Router Thread: 15
Program Done Worker Thread: 7
Program Done Worker Thread: 6
Program Done Worker Thread: 9
Program Done Worker Thread: 1
Program Done Worker Thread: 15
Program Done Worker Thread: 12
Program Done Worker Thread: 10
Program Done Router Thread: 11
Program Done Router Thread: 3
Program Done Router Thread: 12
Program Done Router Thread: 5
Program Done Router Thread: 0
Program Done Router Thread: 6

===PRINTING ACUM STATS at pu_cycles: 220,018

ACollision In Avg:46, SD:16, Max:110, Min:11
ACollision Out Avg:44, SD:17, Max:99, Min:1
ACollision End Avg:1, SD:3, Max:41, Min:0
ATask1 Avg:3, SD:1, Max:13, Min:2
ATask2 Avg:7, SD:1, Max:12, Min:4
ATask3 Avg:47, SD:3, Max:60, Min:36
ACore Active Avg:64, SD:4, Max:78, Min:50
ARouter Active Avg:84, SD:2, Max:89, Min:73
T1 invocations: 4,025,753
T2 invocations: 6,470,243
T3 invocations: 34,654,607
T3b invocations: 401,005,622
Total3 invocations: 435,660,229
Total4 invocations: 325,735

T3/T2 ratio: 5
T3b/T3 ratio: 12

T1 avg ex cycles: 31
T2 avg ex cycles: 40
T3&b avg ex cycles: 4
T4 avg ex cycles: 119
Avg. hops NOC1: 24
Avg. latency NOC1 (T2): 6,101
Avg. hops NOC2: 14
Avg. latency NOC2 (T3): 1,031

Runtime at program end in K cycles: 220
Runtime before cooldown in K cycles: 180


Number of K Nodes Processed: 4,638
Number of K Edges Processed: 213,796
Node Re-explore factor: 1.11
Edge Re-explore factor: 1.67
Nodes/cy: 21
Edges/cy: 972
TEPS: 583

---Pcache---
Pcache Size: 16,384
Cached: 0
  PHits: 0
  PMisses: 0
  PHit Rate (hit/miss): -nan%
  PEvictions: 0
  PEviction Rate (evict/misses): -nan%

---Energy---
Leakage Energy (nJ): 281,289
PU Dyn E (nJ): 21,778,826
Mem Dyn E (nJ): 66,414,865
Route Dyn E (nJ): 38,941,936
Dynamic Energy (nJ): 127,135,628
Ratio of Dyn/Leak: 452
Total Energy (nJ): 127,416,917
Total Energy (nJ) 3D: 130,863,632
Cores Energy (nJ): 21,788,623
Route Energy (nJ): 38,947,577
Route Energy (nJ) 3D: 42,394,292
Mem Energy   (nJ): 66,680,717
Mem Energy   (nJ) 3D: 66,680,717
Avg. Power (mW): 579,120.42
Power Density (mW/mm2): 167.32

---Runtime---
Runtime in K cycles: 220.02
Microseconds: 220.02
Time per iteration (ms): 0.22

---Inst---
K Loads: 1,578,835
K Stores: 1,605,476
K Instructions: 2,182,082

---Throughput---
GOP/s (aka OPS/ns): 9,917.74
GOP/s per core: 0.61
FLOP/s: 2,951.83
FLOP/s per core: 0.18
Max Peak FLOP/s: 16,384.00
Avg. BW GB/s: 57,891.85
Max BW GB/s: 65,536.00

---Traffic---
In-Die bisection_bytes BW (GB/s): 2,048.00
Inter-board traffic (msg/ns): 0.00, per-link: 0.00
Inter-pack traffic (msg/ns): 0.00, per-link: 0.00
Inter-die traffic (msg/ns): 0.00, per-link: 0.00
Ruche traffic (msg/ns): 0.00, per-link: 0.00
All traffic (msg/ns): 59,059.80, per-link: 3.60
Inter-die reduction wrt all: inf
Inter-board reduction wrt inter-die: -nan

---Data Movement---
All traffic (msg): 12,994,219,189
Arith. Intensity FLOP/Loads: 0.41
Arith. Intensity FLOP/Msgs: 0.05
Arith. Intensity OPS/Loads: 1.38
Arith. Intensity OPS/Msgs: 0.17

Simulation time: 1,312.29
Sim noc_cy/s: 167.66
Sim Msg/s: 9,901,957.17

Version 31

