Dataset:  wikipedia/
Dry run: 0
Open Edge Count File succesfully
Edges Traversed BFS: 95554407
Found Vertices: 4210688, Edges: 101311613
avg degree 25
Array  wikipedia/node_array.bin found
Malloc array of size 16842756 bytes
Readin array of size 16825160 bytes
Finished Reading Array Bytes
No reordering Array 32bit
Array  wikipedia/edge_array.bin found
Malloc array of size 405246452 bytes
Readin array of size 405246452 bytes
Finished Reading Array Bytes
No reordering Array 32bit
Reading graph elapsed time: 0.135681s

Dataset Footprint: 403 MiB
Dataset Footprint per Board: 3380.61 Mb
Dataset injection time (ms): 0.051584
Max Dataset Footprint: 821 MiB

Dataset footprint per tile: 25 KiB
Proxys footprint per tile: 64 KiB
Reserved SRAM per tile: 7 KiB

Ideal SRAM per tile: 96 KiB
reserved_words_for_dataset:25855
dataset_words_per_tile:6448
remaining_sram_words:129278
min_dcache_sram_words_required:6448
dataset_words_per_tile:6448
min_pcache_sram_words_required:8
proxys_words_per_tile:16448
Dcache footprint ratio: 1
Pcache footprint ratio: 3
Dataset Cached: 0
DCache: 6448 words, lines: 403, sets: 403
Proxys Cached: 1
Pcache: 7741 words, sets: 7741
Node per tile: 257
Edge per tile: 6,184
GRID_X: 128
GRID_SIZE: 16,384
smt_per_tile: 1
noc_freq: 1
pu_freq: 1
RUCHE_X: 0
PROXY_W: 16
DIE_W: 128
DIE_H: 128
DIES: 1
BORDER_TILES_PER_DIE: 512
PACK_W: 128
PACK_H: 128
DIES_PACK_FACTOR: 1
DIES_PER_PACK: 1
PACKAGES: 1
BOARD_W: 128
BOARD_H: 128
BOARDS: 1
MUX_BUS: 1
DCACHE: 0
PCACHE: 1
PROXY_FACTOR: 8
CACHE_WAYS: 1
TORUS: 1
PHY_NOCS: 1
WIDE_NOC_ID: 0
NOC_CONF: 1
noc_width: 32
hbm_channel_bit_width: 512
ld_st_op_byte_width: 4
PROXY_ROUTING: 4
WRITE_THROUGH: 0
ASSERT_MODE: 0
GLOBAL_BARRIER: 0
OQ flits: 6 ; 32 ; 64
IQ flits: 6 ; 512 ; 1,024
OQ messages: 2 ; 16 ; 32
IQ messages: 2 ; 256 ; 512
max_task2 size: 64
io_factor_t2: 16
io_factor_t3: 16
io_factor_t3b: 16

Active SRAM Storage per tile: 64 KiB
Total SRAM Storage per tile: 512 KiB
Agreggated SRAM Storage: 8,192 MiB

Inter-Die #links: 4,096
Inter-Die (Gbits): 131,072
Inter-Die (Gbits/mm): 563.524
Bisection BW of Board (Gbits): 32,768
Border IO #Dies: 4
Border IO Die BW (Gbits): 16,384
Off-Board BW Total (Gbits): 65,536
Off-Board BW Density (Gbits/mm): 278
Die side: 58.15 mm
Die border wire density: 563.52 Gbits/mm
HBM wire density: 70.44 Gbits/mm

Tiles per Die: 16,384 (128x128)
Tile Area: 0.19 mm2, side: 0.44 mm
- Core/Rout Area: 0.05 mm2
- SRAM Area: 0.14 mm2
- SRAM/Logic Ratio: 2.80x

Dies per Package: 1 (1x1)
Die Area: 3,381.23 mm2, side: 58.15 mm
- Tiles Area: 3,191.28 mm2
- PHY Area: 189.96 mm2
- MC Area: 0.00 mm2

Packages per Board: 1 (1x1)
Package Area: 3,461.23 mm2, side: 58.83 mm
- IOdie Area: 80.00 mm2
- Dies Area: 3,381.23 mm2
- HBM Area: 0.00 mm2

Boards: 1 (1x1)
Board Area: 3,461.23 mm2
Total Area: 3,461.23 mm2



ESTIMATED COST OF SILICON AND PACKAGING. ONLY VARIABLE, NO FIXED COSTS
Good dies per wafer 3d: 5
Good dies per wafer 2d: 6
--Dies 3D Cost: 1,209.40 $
--Dies 2.5D Cost: 1,007.83 $
--Dies 2D Cost: 1,007.83 $
--HBM Cost: 60.00 $
--IOdie Cost: 8.44 $
--Packaging Cost 3d: 233.07 $
--Packaging Cost 2.5d: 505.18 $
--Packaging Cost 2d: 152.44 $
SiP Cost 3d: 1,510.91 $
SiP Cost 2.5d: 1,581.46 $
SiP Cost 2d: 1,168.71 $
--Board Cost: 3.46 $
Total SiPs Cost 3d: 1,514.37 $
Total SiPs Cost 2.5d: 1,584.92 $
Total SiPs Cost 2d: 1,172.18 $

Perf counters initialized
Mesh connected
Cache structures initialized
Allocated proxys
proxys initialized
Dataset structures initialized


Starting Simulation
INIT epoch: 1
INIT epoch: 1
INIT epoch: 1
INIT epoch: 1
INIT epoch: 1
INIT epoch: 1
INIT epoch: 1
INIT epoch: 1

===PRINTING FRAME STATS

FCollision In Avg:46, SD:42, Max:275, Min:0
FCollision Out Avg:26, SD:30, Max:102, Min:0
FCollision End Avg:0, SD:1, Max:39, Min:0
FTask1 Avg:70, SD:25, Max:100, Min:4
FTask2 Avg:0, SD:0, Max:0, Min:0
FTask3 Avg:16, SD:13, Max:94, Min:0
FCore Active Avg:87, SD:22, Max:100, Min:10
FRouter Active Avg:78, SD:16, Max:101, Min:23
T1 invocations: 174,871
T2 invocations: 0
T3 invocations: 179,072
T3b invocations: 3,196,520
Total3 invocations: 3,375,592
Total4 invocations: 0

T3/T2 ratio: inf
T3b/T3 ratio: 18

T1 avg ex cycles: 166
T2 avg ex cycles: -nan
T3&b avg ex cycles: 2
T4 avg ex cycles: -nan
Avg. hops NOC1: -nan
Avg. latency NOC1 (T2): -nan
Avg. hops NOC2: 16
Avg. latency NOC2 (T3): 1,905

===PRINTING ACUM STATS at pu_cycles: 10,401

ACollision In Avg:46, SD:42, Max:275, Min:0
ACollision Out Avg:26, SD:30, Max:102, Min:0
ACollision End Avg:0, SD:1, Max:39, Min:0
ATask1 Avg:70, SD:25, Max:100, Min:4
ATask2 Avg:0, SD:0, Max:0, Min:0
ATask3 Avg:16, SD:13, Max:94, Min:0
ACore Active Avg:87, SD:22, Max:100, Min:10
ARouter Active Avg:78, SD:16, Max:101, Min:23
T1 invocations: 634,806
T2 invocations: 0
T3 invocations: 738,506
T3b invocations: 11,582,405
Total3 invocations: 12,320,911
Total4 invocations: 0

T3/T2 ratio: inf
T3b/T3 ratio: 16

T1 avg ex cycles: 161
T2 avg ex cycles: -nan
T3&b avg ex cycles: 2
T4 avg ex cycles: -nan
Avg. hops NOC1: -nan
Avg. latency NOC1 (T2): -nan
Avg. hops NOC2: 15
Avg. latency NOC2 (T3): 1,662
Number of K Nodes Processed: 12,611
Number of K Edges Processed: 12,611
Node Re-explore factor: 3.00
Edge Re-explore factor: 0.12
Nodes/cy: 1,213
Edges/cy: 1,213
TEPS: 9,187

---Pcache---
Pcache Size: 7,741
Cached: 1
  PHits: 6,817,270
  PMisses: 4,983,432
  PHit Rate (hit/miss): 58%
  PEvictions: 233,090
  PEviction Rate (evict/misses): 5%

---Energy---
Leakage Energy (nJ): 7,546
PU Dyn E (nJ): 868,595
Mem Dyn E (nJ): 2,441,776
Route Dyn E (nJ): 1,101,609
Dynamic Energy (nJ): 4,411,980
Ratio of Dyn/Leak: 585
Total Energy (nJ): 4,419,526
Total Energy (nJ) 3D: 4,517,029
Cores Energy (nJ): 869,059
Route Energy (nJ): 1,101,876
Route Energy (nJ) 3D: 1,199,378
Mem Energy   (nJ): 2,448,592
Mem Energy   (nJ) 3D: 2,448,592
Avg. Power (mW): 424,913.58
Power Density (mW/mm2): 122.76

---Runtime---
Runtime in K cycles: 10.40
Microseconds: 10.40
Time per iteration (ms): 0.01

---Throughput---
GOP/s (aka OPS/ns): 12,140.10
GOP/s per core: 0.74
FLOP/s: 1,547.11
FLOP/s per core: 0.09
Max Peak FLOP/s: 16,384.00
Avg. BW GB/s: 41,539.41
Max BW GB/s: 65,536.00

---Traffic---
In-Die bisection_bytes BW (GB/s): 2,048.00
Inter-board traffic (msg/ns): 0.00, per-link: 0.00
Inter-pack traffic (msg/ns): 0.00, per-link: 0.00
Inter-die traffic (msg/ns): 0.00, per-link: 0.00
Ruche traffic (msg/ns): 0.00, per-link: 0.00
All traffic (msg/ns): 35,288.09, per-link: 2.15
Inter-die reduction wrt all: inf
Inter-board reduction wrt inter-die: -nan

---Data Movement---
All traffic (msg): 367,031,414
Arith. Intensity FLOP/Loads: 0.23
Arith. Intensity FLOP/Msgs: 0.04
Arith. Intensity OPS/Loads: 1.79
Arith. Intensity OPS/Msgs: 0.34



===Core Utilization Total=== CORE-S:1;; TIME K cy:10 ;; Nodes Proc: 1,543,428 -- Edges Proc: 0

===PRINTING FRAME STATS

FCollision In Avg:47, SD:45, Max:292, Min:0
FCollision Out Avg:27, SD:33, Max:101, Min:0
FCollision End Avg:0, SD:1, Max:45, Min:0
FTask1 Avg:64, SD:27, Max:100, Min:0
FTask2 Avg:0, SD:0, Max:0, Min:0
FTask3 Avg:21, SD:13, Max:100, Min:0
FCore Active Avg:85, SD:26, Max:100, Min:5
FRouter Active Avg:77, SD:16, Max:101, Min:26
T1 invocations: 159,249
T2 invocations: 0
T3 invocations: 250,143
T3b invocations: 3,958,074
Total3 invocations: 4,208,217
Total4 invocations: 0

T3/T2 ratio: inf
T3b/T3 ratio: 16

T1 avg ex cycles: 165
T2 avg ex cycles: -nan
T3&b avg ex cycles: 2
T4 avg ex cycles: -nan
Avg. hops NOC1: -nan
Avg. latency NOC1 (T2): -nan
Avg. hops NOC2: 13
Avg. latency NOC2 (T3): 2,787

===PRINTING ACUM STATS at pu_cycles: 20,401

ACollision In Avg:46, SD:43, Max:276, Min:0
ACollision Out Avg:26, SD:31, Max:97, Min:0
ACollision End Avg:0, SD:1, Max:38, Min:0
ATask1 Avg:67, SD:25, Max:100, Min:2
ATask2 Avg:0, SD:0, Max:0, Min:0
ATask3 Avg:18, SD:13, Max:97, Min:0
ACore Active Avg:86, SD:23, Max:100, Min:7
ARouter Active Avg:77, SD:16, Max:100, Min:24
T1 invocations: 1,206,898
T2 invocations: 0
T3 invocations: 1,655,556
T3b invocations: 25,303,695
Total3 invocations: 26,959,251
Total4 invocations: 0

T3/T2 ratio: inf
T3b/T3 ratio: 15

T1 avg ex cycles: 160
T2 avg ex cycles: -nan
T3&b avg ex cycles: 2
T4 avg ex cycles: -nan
Avg. hops NOC1: -nan
Avg. latency NOC1 (T2): -nan
Avg. hops NOC2: 13
Avg. latency NOC2 (T3): 2,152
Number of K Nodes Processed: 27,250
Number of K Edges Processed: 27,250
Node Re-explore factor: 6.47
Edge Re-explore factor: 0.27
Nodes/cy: 1,336
Edges/cy: 1,336
TEPS: 4,684

---Pcache---
Pcache Size: 7,741
Cached: 1
  PHits: 16,508,806
  PMisses: 8,926,440
  PHit Rate (hit/miss): 65%
  PEvictions: 742,336
  PEviction Rate (evict/misses): 8%

---Energy---
Leakage Energy (nJ): 14,801
PU Dyn E (nJ): 1,673,630
Mem Dyn E (nJ): 5,134,638
Route Dyn E (nJ): 2,146,100
Dynamic Energy (nJ): 8,954,369
Ratio of Dyn/Leak: 605
Total Energy (nJ): 8,969,170
Total Energy (nJ) 3D: 9,159,119
Cores Energy (nJ): 1,674,539
Route Energy (nJ): 2,146,623
Route Energy (nJ) 3D: 2,336,573
Mem Energy   (nJ): 5,148,008
Mem Energy   (nJ) 3D: 5,148,008
Avg. Power (mW): 439,643.66
Power Density (mW/mm2): 127.02

---Runtime---
Runtime in K cycles: 20.40
Microseconds: 20.40
Time per iteration (ms): 0.02

---Throughput---
GOP/s (aka OPS/ns): 12,049.49
GOP/s per core: 0.74
FLOP/s: 1,488.88
FLOP/s per core: 0.09
Max Peak FLOP/s: 16,384.00
Avg. BW GB/s: 44,336.16
Max BW GB/s: 65,536.00

---Traffic---
In-Die bisection_bytes BW (GB/s): 2,048.00
Inter-board traffic (msg/ns): 0.00, per-link: 0.00
Inter-pack traffic (msg/ns): 0.00, per-link: 0.00
Inter-die traffic (msg/ns): 0.00, per-link: 0.00
Ruche traffic (msg/ns): 0.00, per-link: 0.00
All traffic (msg/ns): 35,338.71, per-link: 2.16
Inter-die reduction wrt all: inf
Inter-board reduction wrt inter-die: -nan

---Data Movement---
All traffic (msg): 720,944,944
Arith. Intensity FLOP/Loads: 0.21
Arith. Intensity FLOP/Msgs: 0.04
Arith. Intensity OPS/Loads: 1.71
Arith. Intensity OPS/Msgs: 0.34



===Core Utilization Total=== CORE-S:2;; TIME K cy:20 ;; Nodes Proc: 3,379,469 -- Edges Proc: 0

===PRINTING FRAME STATS

FCollision In Avg:48, SD:45, Max:286, Min:0
FCollision Out Avg:27, SD:33, Max:116, Min:0
FCollision End Avg:0, SD:1, Max:44, Min:0
FTask1 Avg:63, SD:27, Max:99, Min:0
FTask2 Avg:0, SD:0, Max:0, Min:0
FTask3 Avg:21, SD:13, Max:100, Min:1
FCore Active Avg:84, SD:27, Max:100, Min:7
FRouter Active Avg:78, SD:16, Max:101, Min:28
T1 invocations: 158,171
T2 invocations: 0
T3 invocations: 281,279
T3b invocations: 3,954,390
Total3 invocations: 4,235,669
Total4 invocations: 0

T3/T2 ratio: inf
T3b/T3 ratio: 14

T1 avg ex cycles: 164
T2 avg ex cycles: -nan
T3&b avg ex cycles: 2
T4 avg ex cycles: -nan
Avg. hops NOC1: -nan
Avg. latency NOC1 (T2): -nan
Avg. hops NOC2: 13
Avg. latency NOC2 (T3): 2,931

===PRINTING ACUM STATS at pu_cycles: 30,401

ACollision In Avg:47, SD:43, Max:275, Min:0
ACollision Out Avg:26, SD:31, Max:98, Min:0
ACollision End Avg:0, SD:1, Max:40, Min:0
ATask1 Avg:66, SD:25, Max:98, Min:2
ATask2 Avg:0, SD:0, Max:0, Min:0
ATask3 Avg:19, SD:12, Max:98, Min:1
ACore Active Avg:85, SD:24, Max:100, Min:8
ARouter Active Avg:78, SD:15, Max:100, Min:26
T1 invocations: 1,752,748
T2 invocations: 0
T3 invocations: 2,641,808
T3b invocations: 38,591,189
Total3 invocations: 41,232,997
Total4 invocations: 0

T3/T2 ratio: inf
T3b/T3 ratio: 15

T1 avg ex cycles: 159
T2 avg ex cycles: -nan
T3&b avg ex cycles: 2
T4 avg ex cycles: -nan
Avg. hops NOC1: -nan
Avg. latency NOC1 (T2): -nan
Avg. hops NOC2: 13
Avg. latency NOC2 (T3): 2,328
Number of K Nodes Processed: 41,511
Number of K Edges Processed: 41,511
Node Re-explore factor: 9.86
Edge Re-explore factor: 0.41
Nodes/cy: 1,365
Edges/cy: 1,365
TEPS: 3,143

---Pcache---
Pcache Size: 7,741
Cached: 1
  PHits: 26,461,623
  PMisses: 12,162,375
  PHit Rate (hit/miss): 69%
  PEvictions: 1,396,789
  PEviction Rate (evict/misses): 11%

---Energy---
Leakage Energy (nJ): 22,057
PU Dyn E (nJ): 2,440,841
Mem Dyn E (nJ): 7,742,704
Route Dyn E (nJ): 3,168,760
Dynamic Energy (nJ): 13,352,306
Ratio of Dyn/Leak: 605
Total Energy (nJ): 13,374,363
Total Energy (nJ) 3D: 13,654,827
Cores Energy (nJ): 2,442,196
Route Energy (nJ): 3,169,540
Route Energy (nJ) 3D: 3,450,004
Mem Energy   (nJ): 7,762,627
Mem Energy   (nJ) 3D: 7,762,627
Avg. Power (mW): 439,931.67
Power Density (mW/mm2): 127.10

---Runtime---
Runtime in K cycles: 30.40
Microseconds: 30.40
Time per iteration (ms): 0.03

---Throughput---
GOP/s (aka OPS/ns): 11,842.29
GOP/s per core: 0.72
FLOP/s: 1,444.74
FLOP/s per core: 0.09
Max Peak FLOP/s: 16,384.00
Avg. BW GB/s: 44,801.08
Max BW GB/s: 65,536.00

---Traffic---
In-Die bisection_bytes BW (GB/s): 2,048.00
Inter-board traffic (msg/ns): 0.00, per-link: 0.00
Inter-pack traffic (msg/ns): 0.00, per-link: 0.00
Inter-die traffic (msg/ns): 0.00, per-link: 0.00
Ruche traffic (msg/ns): 0.00, per-link: 0.00
All traffic (msg/ns): 35,108.84, per-link: 2.14
Inter-die reduction wrt all: inf
Inter-board reduction wrt inter-die: -nan

---Data Movement---
All traffic (msg): 1,067,343,910
Arith. Intensity FLOP/Loads: 0.20
Arith. Intensity FLOP/Msgs: 0.04
Arith. Intensity OPS/Loads: 1.67
Arith. Intensity OPS/Msgs: 0.34



===Core Utilization Total=== CORE-S:3;; TIME K cy:30 ;; Nodes Proc: 5,181,710 -- Edges Proc: 0

===PRINTING FRAME STATS

FCollision In Avg:47, SD:45, Max:291, Min:0
FCollision Out Avg:26, SD:33, Max:110, Min:0
FCollision End Avg:0, SD:1, Max:53, Min:0
FTask1 Avg:64, SD:26, Max:100, Min:0
FTask2 Avg:0, SD:0, Max:0, Min:0
FTask3 Avg:21, SD:13, Max:100, Min:0
FCore Active Avg:85, SD:26, Max:100, Min:6
FRouter Active Avg:79, SD:15, Max:101, Min:31
T1 invocations: 159,822
T2 invocations: 0
T3 invocations: 291,103
T3b invocations: 3,974,797
Total3 invocations: 4,265,900
Total4 invocations: 0

T3/T2 ratio: inf
T3b/T3 ratio: 14

T1 avg ex cycles: 163
T2 avg ex cycles: -nan
T3&b avg ex cycles: 2
T4 avg ex cycles: -nan
Avg. hops NOC1: -nan
Avg. latency NOC1 (T2): -nan
Avg. hops NOC2: 13
Avg. latency NOC2 (T3): 2,957

===PRINTING ACUM STATS at pu_cycles: 40,401

ACollision In Avg:47, SD:43, Max:278, Min:0
ACollision Out Avg:26, SD:31, Max:97, Min:0
ACollision End Avg:0, SD:1, Max:40, Min:0
ATask1 Avg:65, SD:25, Max:97, Min:2
ATask2 Avg:0, SD:0, Max:0, Min:0
ATask3 Avg:20, SD:12, Max:98, Min:2
ACore Active Avg:85, SD:24, Max:100, Min:7
ARouter Active Avg:78, SD:15, Max:100, Min:27
T1 invocations: 2,266,562
T2 invocations: 0
T3 invocations: 3,639,994
T3b invocations: 51,293,300
Total3 invocations: 54,933,294
Total4 invocations: 0

T3/T2 ratio: inf
T3b/T3 ratio: 14

T1 avg ex cycles: 159
T2 avg ex cycles: -nan
T3&b avg ex cycles: 2
T4 avg ex cycles: -nan
Avg. hops NOC1: -nan
Avg. latency NOC1 (T2): -nan
Avg. hops NOC2: 13
Avg. latency NOC2 (T3): 2,432
Number of K Nodes Processed: 55,212
Number of K Edges Processed: 55,212
Node Re-explore factor: 13.11
Edge Re-explore factor: 0.54
Nodes/cy: 1,367
Edges/cy: 1,367
TEPS: 2,365

---Pcache---
Pcache Size: 7,741
Cached: 1
  PHits: 36,290,366
  PMisses: 14,961,337
  PHit Rate (hit/miss): 71%
  PEvictions: 2,131,410
  PEviction Rate (evict/misses): 14%

---Energy---
Leakage Energy (nJ): 29,312
PU Dyn E (nJ): 3,166,085
Mem Dyn E (nJ): 10,235,492
Route Dyn E (nJ): 4,149,495
Dynamic Energy (nJ): 17,551,072
Ratio of Dyn/Leak: 599
Total Energy (nJ): 17,580,384
Total Energy (nJ) 3D: 17,947,652
Cores Energy (nJ): 3,167,885
Route Energy (nJ): 4,150,531
Route Energy (nJ) 3D: 4,517,799
Mem Energy   (nJ): 10,261,969
Mem Energy   (nJ) 3D: 10,261,969
Avg. Power (mW): 435,147.25
Power Density (mW/mm2): 125.72

---Runtime---
Runtime in K cycles: 40.40
Microseconds: 40.40
Time per iteration (ms): 0.04

---Throughput---
GOP/s (aka OPS/ns): 11,586.98
GOP/s per core: 0.71
FLOP/s: 1,403.13
FLOP/s per core: 0.09
Max Peak FLOP/s: 16,384.00
Avg. BW GB/s: 44,531.08
Max BW GB/s: 65,536.00

---Traffic---
In-Die bisection_bytes BW (GB/s): 2,048.00
Inter-board traffic (msg/ns): 0.00, per-link: 0.00
Inter-pack traffic (msg/ns): 0.00, per-link: 0.00
Inter-die traffic (msg/ns): 0.00, per-link: 0.00
Ruche traffic (msg/ns): 0.00, per-link: 0.00
All traffic (msg/ns): 34,641.85, per-link: 2.11
Inter-die reduction wrt all: inf
Inter-board reduction wrt inter-die: -nan

---Data Movement---
All traffic (msg): 1,399,565,320
Arith. Intensity FLOP/Loads: 0.20
Arith. Intensity FLOP/Msgs: 0.04
Arith. Intensity OPS/Loads: 1.66
Arith. Intensity OPS/Msgs: 0.33



===Core Utilization Total=== CORE-S:4;; TIME K cy:40 ;; Nodes Proc: 7,011,443 -- Edges Proc: 0

===PRINTING FRAME STATS

FCollision In Avg:55, SD:37, Max:302, Min:1
FCollision Out Avg:32, SD:27, Max:145, Min:0
FCollision End Avg:0, SD:1, Max:47, Min:0
FTask1 Avg:50, SD:23, Max:99, Min:0
FTask2 Avg:0, SD:0, Max:0, Min:0
FTask3 Avg:25, SD:11, Max:92, Min:1
FCore Active Avg:78, SD:22, Max:100, Min:6
FRouter Active Avg:91, SD:7, Max:101, Min:51
T1 invocations: 134,395
T2 invocations: 0
T3 invocations: 705,489
T3b invocations: 4,443,199
Total3 invocations: 5,148,688
Total4 invocations: 0

T3/T2 ratio: inf
T3b/T3 ratio: 6

T1 avg ex cycles: 153
T2 avg ex cycles: -nan
T3&b avg ex cycles: 2
T4 avg ex cycles: -nan
Avg. hops NOC1: -nan
Avg. latency NOC1 (T2): -nan
Avg. hops NOC2: 14
Avg. latency NOC2 (T3): 2,706

===PRINTING ACUM STATS at pu_cycles: 50,401

ACollision In Avg:48, SD:40, Max:278, Min:1
ACollision Out Avg:27, SD:29, Max:102, Min:0
ACollision End Avg:0, SD:1, Max:38, Min:0
ATask1 Avg:62, SD:21, Max:80, Min:1
ATask2 Avg:0, SD:0, Max:0, Min:0
ATask3 Avg:21, SD:11, Max:96, Min:4
ACore Active Avg:84, SD:22, Max:100, Min:8
ARouter Active Avg:80, SD:13, Max:100, Min:36
T1 invocations: 2,755,598
T2 invocations: 0
T3 invocations: 5,839,816
T3b invocations: 65,989,640
Total3 invocations: 71,829,456
Total4 invocations: 0

T3/T2 ratio: inf
T3b/T3 ratio: 11

T1 avg ex cycles: 157
T2 avg ex cycles: -nan
T3&b avg ex cycles: 2
T4 avg ex cycles: -nan
Avg. hops NOC1: -nan
Avg. latency NOC1 (T2): -nan
Avg. hops NOC2: 13
Avg. latency NOC2 (T3): 2,429
Number of K Nodes Processed: 72,196
Number of K Edges Processed: 72,196
Node Re-explore factor: 17.15
Edge Re-explore factor: 0.71
Nodes/cy: 1,432
Edges/cy: 1,432
TEPS: 1,896

---Pcache---
Pcache Size: 7,741
Cached: 1
  PHits: 46,211,865
  PMisses: 19,781,852
  PHit Rate (hit/miss): 70%
  PEvictions: 3,105,980
  PEviction Rate (evict/misses): 16%

---Energy---
Leakage Energy (nJ): 36,567
PU Dyn E (nJ): 3,858,166
Mem Dyn E (nJ): 13,115,148
Route Dyn E (nJ): 5,600,480
Dynamic Energy (nJ): 22,573,794
Ratio of Dyn/Leak: 617
Total Energy (nJ): 22,610,361
Total Energy (nJ) 3D: 23,106,055
Cores Energy (nJ): 3,860,411
Route Energy (nJ): 5,601,772
Route Energy (nJ) 3D: 6,097,466
Mem Energy   (nJ): 13,148,179
Mem Energy   (nJ) 3D: 13,148,179
Avg. Power (mW): 448,609.37
Power Density (mW/mm2): 129.61

---Runtime---
Runtime in K cycles: 50.40
Microseconds: 50.40
Time per iteration (ms): 0.05

---Throughput---
GOP/s (aka OPS/ns): 11,395.45
GOP/s per core: 0.70
FLOP/s: 1,351.31
FLOP/s per core: 0.08
Max Peak FLOP/s: 16,384.00
Avg. BW GB/s: 45,670.36
Max BW GB/s: 65,536.00

---Traffic---
In-Die bisection_bytes BW (GB/s): 2,048.00
Inter-board traffic (msg/ns): 0.00, per-link: 0.00
Inter-pack traffic (msg/ns): 0.00, per-link: 0.00
Inter-die traffic (msg/ns): 0.00, per-link: 0.00
Ruche traffic (msg/ns): 0.00, per-link: 0.00
All traffic (msg/ns): 37,386.88, per-link: 2.28
Inter-die reduction wrt all: inf
Inter-board reduction wrt inter-die: -nan

---Data Movement---
All traffic (msg): 1,884,336,206
Arith. Intensity FLOP/Loads: 0.19
Arith. Intensity FLOP/Msgs: 0.04
Arith. Intensity OPS/Loads: 1.61
Arith. Intensity OPS/Msgs: 0.30



===Core Utilization Total=== CORE-S:5;; TIME K cy:50 ;; Nodes Proc: 9,243,570 -- Edges Proc: 0

===PRINTING FRAME STATS

FCollision In Avg:61, SD:33, Max:341, Min:0
FCollision Out Avg:41, SD:27, Max:148, Min:0
FCollision End Avg:0, SD:2, Max:48, Min:0
FTask1 Avg:28, SD:31, Max:100, Min:0
FTask2 Avg:0, SD:0, Max:0, Min:0
FTask3 Avg:23, SD:12, Max:70, Min:0
FCore Active Avg:57, SD:27, Max:100, Min:5
FRouter Active Avg:89, SD:10, Max:101, Min:40
T1 invocations: 78,853
T2 invocations: 0
T3 invocations: 835,666
T3b invocations: 3,862,624
Total3 invocations: 4,698,290
Total4 invocations: 0

T3/T2 ratio: inf
T3b/T3 ratio: 5

T1 avg ex cycles: 148
T2 avg ex cycles: -nan
T3&b avg ex cycles: 2
T4 avg ex cycles: -nan
Avg. hops NOC1: -nan
Avg. latency NOC1 (T2): -nan
Avg. hops NOC2: 15
Avg. latency NOC2 (T3): 1,384

===PRINTING ACUM STATS at pu_cycles: 60,400

ACollision In Avg:50, SD:36, Max:282, Min:3
ACollision Out Avg:30, SD:26, Max:103, Min:0
ACollision End Avg:0, SD:1, Max:33, Min:0
ATask1 Avg:57, SD:15, Max:68, Min:3
ATask2 Avg:0, SD:0, Max:0, Min:0
ATask3 Avg:21, SD:10, Max:90, Min:4
ACore Active Avg:79, SD:18, Max:100, Min:8
ARouter Active Avg:82, SD:12, Max:100, Min:41
T1 invocations: 3,118,204
T2 invocations: 0
T3 invocations: 8,811,364
T3b invocations: 80,744,709
Total3 invocations: 89,556,073
Total4 invocations: 0

T3/T2 ratio: inf
T3b/T3 ratio: 9

T1 avg ex cycles: 156
T2 avg ex cycles: -nan
T3&b avg ex cycles: 2
T4 avg ex cycles: -nan
Avg. hops NOC1: -nan
Avg. latency NOC1 (T2): -nan
Avg. hops NOC2: 13
Avg. latency NOC2 (T3): 2,238
Number of K Nodes Processed: 89,897
Number of K Edges Processed: 89,897
Node Re-explore factor: 21.35
Edge Re-explore factor: 0.89
Nodes/cy: 1,488
Edges/cy: 1,488
TEPS: 1,582

---Pcache---
Pcache Size: 7,741
Cached: 1
  PHits: 53,914,636
  PMisses: 26,802,187
  PHit Rate (hit/miss): 67%
  PEvictions: 4,078,925
  PEviction Rate (evict/misses): 15%

---Energy---
Leakage Energy (nJ): 43,822
PU Dyn E (nJ): 4,410,694
Mem Dyn E (nJ): 15,967,983
Route Dyn E (nJ): 7,187,239
Dynamic Energy (nJ): 27,565,917
Ratio of Dyn/Leak: 629
Total Energy (nJ): 27,609,739
Total Energy (nJ) 3D: 28,245,875
Cores Energy (nJ): 4,413,384
Route Energy (nJ): 7,188,788
Route Energy (nJ) 3D: 7,824,924
Mem Energy   (nJ): 16,007,567
Mem Energy   (nJ) 3D: 16,007,567
Avg. Power (mW): 457,114.88
Power Density (mW/mm2): 132.07

---Runtime---
Runtime in K cycles: 60.40
Microseconds: 60.40
Time per iteration (ms): 0.06

---Throughput---
GOP/s (aka OPS/ns): 10,967.59
GOP/s per core: 0.67
FLOP/s: 1,264.88
FLOP/s per core: 0.08
Max Peak FLOP/s: 16,384.00
Avg. BW GB/s: 46,323.75
Max BW GB/s: 65,536.00

---Traffic---
In-Die bisection_bytes BW (GB/s): 2,048.00
Inter-board traffic (msg/ns): 0.00, per-link: 0.00
Inter-pack traffic (msg/ns): 0.00, per-link: 0.00
Inter-die traffic (msg/ns): 0.00, per-link: 0.00
Ruche traffic (msg/ns): 0.00, per-link: 0.00
All traffic (msg/ns): 39,949.80, per-link: 2.44
Inter-die reduction wrt all: inf
Inter-board reduction wrt inter-die: -nan

---Data Movement---
All traffic (msg): 2,412,967,930
Arith. Intensity FLOP/Loads: 0.18
Arith. Intensity FLOP/Msgs: 0.03
Arith. Intensity OPS/Loads: 1.55
Arith. Intensity OPS/Msgs: 0.27



===Core Utilization Total=== CORE-S:6;; TIME K cy:60 ;; Nodes Proc: 11,289,105 -- Edges Proc: 0

===PRINTING FRAME STATS

FCollision In Avg:52, SD:40, Max:333, Min:0
FCollision Out Avg:36, SD:32, Max:164, Min:0
FCollision End Avg:0, SD:3, Max:75, Min:0
FTask1 Avg:17, SD:28, Max:100, Min:0
FTask2 Avg:0, SD:0, Max:0, Min:0
FTask3 Avg:20, SD:11, Max:69, Min:0
FCore Active Avg:44, SD:26, Max:100, Min:2
FRouter Active Avg:84, SD:12, Max:101, Min:38
T1 invocations: 46,747
T2 invocations: 0
T3 invocations: 814,791
T3b invocations: 3,214,866
Total3 invocations: 4,029,657
Total4 invocations: 0

T3/T2 ratio: inf
T3b/T3 ratio: 4

T1 avg ex cycles: 153
T2 avg ex cycles: -nan
T3&b avg ex cycles: 2
T4 avg ex cycles: -nan
Avg. hops NOC1: -nan
Avg. latency NOC1 (T2): -nan
Avg. hops NOC2: 16
Avg. latency NOC2 (T3): 916

===PRINTING ACUM STATS at pu_cycles: 70,401

ACollision In Avg:51, SD:34, Max:288, Min:3
ACollision Out Avg:31, SD:25, Max:101, Min:0
ACollision End Avg:0, SD:1, Max:29, Min:0
ATask1 Avg:51, SD:11, Max:59, Min:3
ATask2 Avg:0, SD:0, Max:0, Min:0
ATask3 Avg:21, SD:10, Max:82, Min:4
ACore Active Avg:74, SD:15, Max:100, Min:8
ARouter Active Avg:82, SD:11, Max:100, Min:43
T1 invocations: 3,386,615
T2 invocations: 0
T3 invocations: 11,743,653
T3b invocations: 93,706,436
Total3 invocations: 105,450,089
Total4 invocations: 0

T3/T2 ratio: inf
T3b/T3 ratio: 8

T1 avg ex cycles: 155
T2 avg ex cycles: -nan
T3&b avg ex cycles: 2
T4 avg ex cycles: -nan
Avg. hops NOC1: -nan
Avg. latency NOC1 (T2): -nan
Avg. hops NOC2: 14
Avg. latency NOC2 (T3): 2,063
Number of K Nodes Processed: 105,753
Number of K Edges Processed: 105,753
Node Re-explore factor: 25.12
Edge Re-explore factor: 1.04
Nodes/cy: 1,502
Edges/cy: 1,502
TEPS: 1,357

---Pcache---
Pcache Size: 7,741
Cached: 1
  PHits: 59,311,562
  PMisses: 34,323,622
  PHit Rate (hit/miss): 63%
  PEvictions: 4,789,245
  PEviction Rate (evict/misses): 14%

---Energy---
Leakage Energy (nJ): 51,078
PU Dyn E (nJ): 4,850,719
Mem Dyn E (nJ): 18,471,017
Route Dyn E (nJ): 8,656,383
Dynamic Energy (nJ): 31,978,119
Ratio of Dyn/Leak: 626
Total Energy (nJ): 32,029,197
Total Energy (nJ) 3D: 32,795,366
Cores Energy (nJ): 4,853,854
Route Energy (nJ): 8,658,188
Route Energy (nJ) 3D: 9,424,356
Mem Energy   (nJ): 18,517,155
Mem Energy   (nJ) 3D: 18,517,155
Avg. Power (mW): 454,953.72
Power Density (mW/mm2): 131.44

---Runtime---
Runtime in K cycles: 70.40
Microseconds: 70.40
Time per iteration (ms): 0.07

---Throughput---
GOP/s (aka OPS/ns): 10,425.43
GOP/s per core: 0.64
FLOP/s: 1,174.17
FLOP/s per core: 0.07
Max Peak FLOP/s: 16,384.00
Avg. BW GB/s: 45,919.01
Max BW GB/s: 65,536.00

---Traffic---
In-Die bisection_bytes BW (GB/s): 2,048.00
Inter-board traffic (msg/ns): 0.00, per-link: 0.00
Inter-pack traffic (msg/ns): 0.00, per-link: 0.00
Inter-die traffic (msg/ns): 0.00, per-link: 0.00
Ruche traffic (msg/ns): 0.00, per-link: 0.00
All traffic (msg/ns): 41,212.17, per-link: 2.52
Inter-die reduction wrt all: inf
Inter-board reduction wrt inter-die: -nan

---Data Movement---
All traffic (msg): 2,901,378,276
Arith. Intensity FLOP/Loads: 0.17
Arith. Intensity FLOP/Msgs: 0.03
Arith. Intensity OPS/Loads: 1.50
Arith. Intensity OPS/Msgs: 0.25



===Core Utilization Total=== CORE-S:7;; TIME K cy:70 ;; Nodes Proc: 12,970,099 -- Edges Proc: 0

===PRINTING FRAME STATS

FCollision In Avg:39, SD:39, Max:362, Min:0
FCollision Out Avg:27, SD:30, Max:153, Min:0
FCollision End Avg:0, SD:3, Max:80, Min:0
FTask1 Avg:13, SD:26, Max:100, Min:0
FTask2 Avg:0, SD:0, Max:0, Min:0
FTask3 Avg:17, SD:10, Max:80, Min:0
FCore Active Avg:36, SD:25, Max:100, Min:3
FRouter Active Avg:79, SD:13, Max:101, Min:29
T1 invocations: 32,981
T2 invocations: 0
T3 invocations: 768,934
T3b invocations: 2,693,175
Total3 invocations: 3,462,109
Total4 invocations: 0

T3/T2 ratio: inf
T3b/T3 ratio: 4

T1 avg ex cycles: 158
T2 avg ex cycles: -nan
T3&b avg ex cycles: 2
T4 avg ex cycles: -nan
Avg. hops NOC1: -nan
Avg. latency NOC1 (T2): -nan
Avg. hops NOC2: 16
Avg. latency NOC2 (T3): 699

===PRINTING ACUM STATS at pu_cycles: 80,401

ACollision In Avg:49, SD:32, Max:283, Min:3
ACollision Out Avg:30, SD:23, Max:100, Min:0
ACollision End Avg:0, SD:1, Max:26, Min:0
ATask1 Avg:46, SD:7, Max:51, Min:4
ATask2 Avg:0, SD:0, Max:0, Min:0
ATask3 Avg:20, SD:9, Max:79, Min:4
ACore Active Avg:69, SD:13, Max:100, Min:9
ARouter Active Avg:82, SD:10, Max:100, Min:43
T1 invocations: 3,592,152
T2 invocations: 0
T3 invocations: 14,593,112
T3b invocations: 105,358,134
Total3 invocations: 119,951,246
Total4 invocations: 0

T3/T2 ratio: inf
T3b/T3 ratio: 7

T1 avg ex cycles: 155
T2 avg ex cycles: -nan
T3&b avg ex cycles: 2
T4 avg ex cycles: -nan
Avg. hops NOC1: -nan
Avg. latency NOC1 (T2): -nan
Avg. hops NOC2: 14
Avg. latency NOC2 (T3): 1,925
Number of K Nodes Processed: 120,241
Number of K Edges Processed: 120,241
Node Re-explore factor: 28.56
Edge Re-explore factor: 1.19
Nodes/cy: 1,496
Edges/cy: 1,496
TEPS: 1,188

---Pcache---
Pcache Size: 7,741
Cached: 1
  PHits: 63,335,895
  PMisses: 41,936,045
  PHit Rate (hit/miss): 60%
  PEvictions: 5,305,434
  PEviction Rate (evict/misses): 13%

---Energy---
Leakage Energy (nJ): 58,333
PU Dyn E (nJ): 5,218,494
Mem Dyn E (nJ): 20,721,618
Route Dyn E (nJ): 9,990,876
Dynamic Energy (nJ): 35,930,989
Ratio of Dyn/Leak: 616
Total Energy (nJ): 35,989,322
Total Energy (nJ) 3D: 36,873,605
Cores Energy (nJ): 5,222,075
Route Energy (nJ): 9,992,938
Route Energy (nJ) 3D: 10,877,221
Mem Energy   (nJ): 20,774,309
Mem Energy   (nJ) 3D: 20,774,309
Avg. Power (mW): 447,622.81
Power Density (mW/mm2): 129.32

---Runtime---
Runtime in K cycles: 80.40
Microseconds: 80.40
Time per iteration (ms): 0.08

---Throughput---
GOP/s (aka OPS/ns): 9,883.57
GOP/s per core: 0.60
FLOP/s: 1,090.41
FLOP/s per core: 0.07
Max Peak FLOP/s: 16,384.00
Avg. BW GB/s: 45,065.32
Max BW GB/s: 65,536.00

---Traffic---
In-Die bisection_bytes BW (GB/s): 2,048.00
Inter-board traffic (msg/ns): 0.00, per-link: 0.00
Inter-pack traffic (msg/ns): 0.00, per-link: 0.00
Inter-die traffic (msg/ns): 0.00, per-link: 0.00
Ruche traffic (msg/ns): 0.00, per-link: 0.00
All traffic (msg/ns): 41,605.86, per-link: 2.54
Inter-die reduction wrt all: inf
Inter-board reduction wrt inter-die: -nan

---Data Movement---
All traffic (msg): 3,345,152,722
Arith. Intensity FLOP/Loads: 0.16
Arith. Intensity FLOP/Msgs: 0.03
Arith. Intensity OPS/Loads: 1.47
Arith. Intensity OPS/Msgs: 0.24



===Core Utilization Total=== CORE-S:8;; TIME K cy:80 ;; Nodes Proc: 14,536,017 -- Edges Proc: 0

===PRINTING FRAME STATS

FCollision In Avg:25, SD:34, Max:288, Min:0
FCollision Out Avg:17, SD:27, Max:174, Min:0
FCollision End Avg:0, SD:2, Max:78, Min:0
FTask1 Avg:9, SD:23, Max:100, Min:0
FTask2 Avg:0, SD:0, Max:0, Min:0
FTask3 Avg:15, SD:10, Max:79, Min:0
FCore Active Avg:30, SD:24, Max:100, Min:2
FRouter Active Avg:74, SD:14, Max:101, Min:29
T1 invocations: 22,808
T2 invocations: 0
T3 invocations: 747,264
T3b invocations: 2,342,022
Total3 invocations: 3,089,286
Total4 invocations: 0

T3/T2 ratio: inf
T3b/T3 ratio: 3

T1 avg ex cycles: 164
T2 avg ex cycles: -nan
T3&b avg ex cycles: 2
T4 avg ex cycles: -nan
Avg. hops NOC1: -nan
Avg. latency NOC1 (T2): -nan
Avg. hops NOC2: 15
Avg. latency NOC2 (T3): 557

===PRINTING ACUM STATS at pu_cycles: 90,401

ACollision In Avg:46, SD:31, Max:279, Min:3
ACollision Out Avg:29, SD:22, Max:98, Min:0
ACollision End Avg:0, SD:1, Max:23, Min:0
ATask1 Avg:42, SD:5, Max:46, Min:5
ATask2 Avg:0, SD:0, Max:0, Min:0
ATask3 Avg:20, SD:9, Max:74, Min:4
ACore Active Avg:65, SD:11, Max:100, Min:10
ARouter Active Avg:81, SD:10, Max:100, Min:44
T1 invocations: 3,756,290
T2 invocations: 0
T3 invocations: 17,497,127
T3b invocations: 116,384,455
Total3 invocations: 133,881,582
Total4 invocations: 0

T3/T2 ratio: inf
T3b/T3 ratio: 7

T1 avg ex cycles: 156
T2 avg ex cycles: -nan
T3&b avg ex cycles: 2
T4 avg ex cycles: -nan
Avg. hops NOC1: -nan
Avg. latency NOC1 (T2): -nan
Avg. hops NOC2: 14
Avg. latency NOC2 (T3): 1,810
Number of K Nodes Processed: 134,154
Number of K Edges Processed: 134,154
Node Re-explore factor: 31.86
Edge Re-explore factor: 1.32
Nodes/cy: 1,484
Edges/cy: 1,484
TEPS: 1,057

---Pcache---
Pcache Size: 7,741
Cached: 1
  PHits: 66,463,502
  PMisses: 49,815,746
  PHit Rate (hit/miss): 57%
  PEvictions: 5,696,604
  PEviction Rate (evict/misses): 11%

---Energy---
Leakage Energy (nJ): 65,588
PU Dyn E (nJ): 5,543,554
Mem Dyn E (nJ): 22,854,984
Route Dyn E (nJ): 11,309,317
Dynamic Energy (nJ): 39,707,856
Ratio of Dyn/Leak: 605
Total Energy (nJ): 39,773,444
Total Energy (nJ) 3D: 40,774,421
Cores Energy (nJ): 5,547,580
Route Energy (nJ): 11,311,635
Route Energy (nJ) 3D: 12,312,613
Mem Energy   (nJ): 22,914,230
Mem Energy   (nJ) 3D: 22,914,230
Avg. Power (mW): 439,966.86
Power Density (mW/mm2): 127.11

---Runtime---
Runtime in K cycles: 90.40
Microseconds: 90.40
Time per iteration (ms): 0.09

---Throughput---
GOP/s (aka OPS/ns): 9,392.86
GOP/s per core: 0.57
FLOP/s: 1,016.44
FLOP/s per core: 0.06
Max Peak FLOP/s: 16,384.00
Avg. BW GB/s: 44,173.52
Max BW GB/s: 65,536.00

---Traffic---
In-Die bisection_bytes BW (GB/s): 2,048.00
Inter-board traffic (msg/ns): 0.00, per-link: 0.00
Inter-pack traffic (msg/ns): 0.00, per-link: 0.00
Inter-die traffic (msg/ns): 0.00, per-link: 0.00
Ruche traffic (msg/ns): 0.00, per-link: 0.00
All traffic (msg/ns): 41,844.63, per-link: 2.55
Inter-die reduction wrt all: inf
Inter-board reduction wrt inter-die: -nan

---Data Movement---
All traffic (msg): 3,782,796,104
Arith. Intensity FLOP/Loads: 0.15
Arith. Intensity FLOP/Msgs: 0.02
Arith. Intensity OPS/Loads: 1.43
Arith. Intensity OPS/Msgs: 0.22



===Core Utilization Total=== CORE-S:9;; TIME K cy:90 ;; Nodes Proc: 15,995,796 -- Edges Proc: 0

===PRINTING FRAME STATS

FCollision In Avg:19, SD:31, Max:286, Min:0
FCollision Out Avg:12, SD:25, Max:148, Min:0
FCollision End Avg:0, SD:2, Max:74, Min:0
FTask1 Avg:6, SD:20, Max:100, Min:0
FTask2 Avg:0, SD:0, Max:0, Min:0
FTask3 Avg:14, SD:9, Max:84, Min:0
FCore Active Avg:25, SD:22, Max:100, Min:2
FRouter Active Avg:69, SD:16, Max:101, Min:23
T1 invocations: 15,107
T2 invocations: 0
T3 invocations: 705,262
T3b invocations: 2,108,544
Total3 invocations: 2,813,806
Total4 invocations: 0

T3/T2 ratio: inf
T3b/T3 ratio: 3

T1 avg ex cycles: 174
T2 avg ex cycles: -nan
T3&b avg ex cycles: 2
T4 avg ex cycles: -nan
Avg. hops NOC1: -nan
Avg. latency NOC1 (T2): -nan
Avg. hops NOC2: 15
Avg. latency NOC2 (T3): 499

===PRINTING ACUM STATS at pu_cycles: 100,401

ACollision In Avg:44, SD:29, Max:265, Min:2
ACollision Out Avg:27, SD:21, Max:96, Min:0
ACollision End Avg:0, SD:1, Max:22, Min:0
ATask1 Avg:39, SD:3, Max:41, Min:6
ATask2 Avg:0, SD:0, Max:0, Min:0
ATask3 Avg:19, SD:8, Max:70, Min:5
ACore Active Avg:61, SD:10, Max:100, Min:14
ARouter Active Avg:79, SD:10, Max:100, Min:44
T1 invocations: 3,879,475
T2 invocations: 0
T3 invocations: 20,394,524
T3b invocations: 126,269,001
Total3 invocations: 146,663,525
Total4 invocations: 0

T3/T2 ratio: inf
T3b/T3 ratio: 6

T1 avg ex cycles: 156
T2 avg ex cycles: -nan
T3&b avg ex cycles: 2
T4 avg ex cycles: -nan
Avg. hops NOC1: -nan
Avg. latency NOC1 (T2): -nan
Avg. hops NOC2: 14
Avg. latency NOC2 (T3): 1,719
Number of K Nodes Processed: 146,905
Number of K Edges Processed: 146,905
Node Re-explore factor: 34.89
Edge Re-explore factor: 1.45
Nodes/cy: 1,463
Edges/cy: 1,463
TEPS: 952

---Pcache---
Pcache Size: 7,741
Cached: 1
  PHits: 68,745,685
  PMisses: 57,388,525
  PHit Rate (hit/miss): 55%
  PEvictions: 5,979,531
  PEviction Rate (evict/misses): 10%

---Energy---
Leakage Energy (nJ): 72,843
PU Dyn E (nJ): 5,814,762
Mem Dyn E (nJ): 24,783,591
Route Dyn E (nJ): 12,524,204
Dynamic Energy (nJ): 43,122,557
Ratio of Dyn/Leak: 592
Total Energy (nJ): 43,195,400
Total Energy (nJ) 3D: 44,303,906
Cores Energy (nJ): 5,819,233
Route Energy (nJ): 12,526,778
Route Energy (nJ) 3D: 13,635,284
Mem Energy   (nJ): 24,849,390
Mem Energy   (nJ) 3D: 24,849,390
Avg. Power (mW): 430,228.79
Power Density (mW/mm2): 124.30

---Runtime---
Runtime in K cycles: 100.40
Microseconds: 100.40
Time per iteration (ms): 0.10

---Throughput---
GOP/s (aka OPS/ns): 8,918.80
GOP/s per core: 0.54
FLOP/s: 948.04
FLOP/s per core: 0.06
Max Peak FLOP/s: 16,384.00
Avg. BW GB/s: 43,106.69
Max BW GB/s: 65,536.00

---Traffic---
In-Die bisection_bytes BW (GB/s): 2,048.00
Inter-board traffic (msg/ns): 0.00, per-link: 0.00
Inter-pack traffic (msg/ns): 0.00, per-link: 0.00
Inter-die traffic (msg/ns): 0.00, per-link: 0.00
Ruche traffic (msg/ns): 0.00, per-link: 0.00
All traffic (msg/ns): 41,692.39, per-link: 2.54
Inter-die reduction wrt all: inf
Inter-board reduction wrt inter-die: -nan

---Data Movement---
All traffic (msg): 4,185,957,260
Arith. Intensity FLOP/Loads: 0.15
Arith. Intensity FLOP/Msgs: 0.02
Arith. Intensity OPS/Loads: 1.40
Arith. Intensity OPS/Msgs: 0.21



===Core Utilization Total=== CORE-S:10;; TIME K cy:100 ;; Nodes Proc: 17,290,901 -- Edges Proc: 0
======== IT IS COLD ======= Only 912 Tiles active

===PRINTING FRAME STATS

FCollision In Avg:12, SD:24, Max:255, Min:0
FCollision Out Avg:6, SD:17, Max:122, Min:0
FCollision End Avg:0, SD:1, Max:61, Min:0
FTask1 Avg:4, SD:17, Max:100, Min:0
FTask2 Avg:0, SD:0, Max:0, Min:0
FTask3 Avg:12, SD:9, Max:69, Min:0
FCore Active Avg:21, SD:19, Max:100, Min:1
FRouter Active Avg:65, SD:17, Max:101, Min:23
T1 invocations: 8,757
T2 invocations: 0
T3 invocations: 625,686
T3b invocations: 1,866,415
Total3 invocations: 2,492,101
Total4 invocations: 0

T3/T2 ratio: inf
T3b/T3 ratio: 3

T1 avg ex cycles: 183
T2 avg ex cycles: -nan
T3&b avg ex cycles: 2
T4 avg ex cycles: -nan
Avg. hops NOC1: -nan
Avg. latency NOC1 (T2): -nan
Avg. hops NOC2: 15
Avg. latency NOC2 (T3): 302

===PRINTING ACUM STATS at pu_cycles: 110,399

ACollision In Avg:41, SD:28, Max:251, Min:2
ACollision Out Avg:25, SD:20, Max:97, Min:0
ACollision End Avg:0, SD:1, Max:24, Min:0
ATask1 Avg:35, SD:2, Max:37, Min:7
ATask2 Avg:0, SD:0, Max:0, Min:0
ATask3 Avg:19, SD:8, Max:66, Min:5
ACore Active Avg:57, SD:9, Max:100, Min:14
ARouter Active Avg:78, SD:10, Max:99, Min:45
T1 invocations: 3,969,491
T2 invocations: 0
T3 invocations: 23,060,151
T3b invocations: 134,767,732
Total3 invocations: 157,827,883
Total4 invocations: 0

T3/T2 ratio: inf
T3b/T3 ratio: 6

T1 avg ex cycles: 157
T2 avg ex cycles: -nan
T3&b avg ex cycles: 2
T4 avg ex cycles: -nan
Avg. hops NOC1: -nan
Avg. latency NOC1 (T2): -nan
Avg. hops NOC2: 14
Avg. latency NOC2 (T3): 1,644
Number of K Nodes Processed: 158,034
Number of K Edges Processed: 158,034
Node Re-explore factor: 37.53
Edge Re-explore factor: 1.56
Nodes/cy: 1,431
Edges/cy: 1,431
TEPS: 866

---Pcache---
Pcache Size: 7,741
Cached: 1
  PHits: 70,232,892
  PMisses: 64,366,386
  PHit Rate (hit/miss): 52%
  PEvictions: 6,155,115
  PEviction Rate (evict/misses): 10%

---Energy---
Leakage Energy (nJ): 80,097
PU Dyn E (nJ): 6,033,894
Mem Dyn E (nJ): 26,449,536
Route Dyn E (nJ): 13,600,105
Dynamic Energy (nJ): 46,083,535
Ratio of Dyn/Leak: 575
Total Energy (nJ): 46,163,632
Total Energy (nJ) 3D: 47,367,365
Cores Energy (nJ): 6,038,810
Route Energy (nJ): 13,602,935
Route Energy (nJ) 3D: 14,806,668
Mem Energy   (nJ): 26,521,887
Mem Energy   (nJ) 3D: 26,521,887
Avg. Power (mW): 418,152.63
Power Density (mW/mm2): 120.81

---Runtime---
Runtime in K cycles: 110.40
Microseconds: 110.40
Time per iteration (ms): 0.11

---Throughput---
GOP/s (aka OPS/ns): 8,455.99
GOP/s per core: 0.52
FLOP/s: 884.87
FLOP/s per core: 0.05
Max Peak FLOP/s: 16,384.00
Avg. BW GB/s: 41,821.18
Max BW GB/s: 65,536.00

---Traffic---
In-Die bisection_bytes BW (GB/s): 2,048.00
Inter-board traffic (msg/ns): 0.00, per-link: 0.00
Inter-pack traffic (msg/ns): 0.00, per-link: 0.00
Inter-die traffic (msg/ns): 0.00, per-link: 0.00
Ruche traffic (msg/ns): 0.00, per-link: 0.00
All traffic (msg/ns): 41,147.88, per-link: 2.51
Inter-die reduction wrt all: inf
Inter-board reduction wrt inter-die: -nan

---Data Movement---
All traffic (msg): 4,542,685,122
Arith. Intensity FLOP/Loads: 0.14
Arith. Intensity FLOP/Msgs: 0.02
Arith. Intensity OPS/Loads: 1.38
Arith. Intensity OPS/Msgs: 0.21



===Core Utilization Total=== CORE-S:11;; TIME K cy:110 ;; Nodes Proc: 18,555,943 -- Edges Proc: 0
======== IT IS COLD ======= Only 785 Tiles active

===PRINTING FRAME STATS

FCollision In Avg:6, SD:14, Max:140, Min:0
FCollision Out Avg:2, SD:6, Max:65, Min:0
FCollision End Avg:0, SD:0, Max:24, Min:0
FTask1 Avg:2, SD:12, Max:100, Min:0
FTask2 Avg:0, SD:0, Max:0, Min:0
FTask3 Avg:10, SD:8, Max:65, Min:0
FCore Active Avg:16, SD:17, Max:100, Min:1
FRouter Active Avg:57, SD:19, Max:101, Min:13
T1 invocations: 4,204
T2 invocations: 0
T3 invocations: 542,357
T3b invocations: 1,514,891
Total3 invocations: 2,057,248
Total4 invocations: 0

T3/T2 ratio: inf
T3b/T3 ratio: 3

T1 avg ex cycles: 188
T2 avg ex cycles: -nan
T3&b avg ex cycles: 2
T4 avg ex cycles: -nan
Avg. hops NOC1: -nan
Avg. latency NOC1 (T2): -nan
Avg. hops NOC2: 15
Avg. latency NOC2 (T3): 263

===PRINTING ACUM STATS at pu_cycles: 120,401

ACollision In Avg:38, SD:26, Max:237, Min:2
ACollision Out Avg:23, SD:19, Max:93, Min:0
ACollision End Avg:0, SD:1, Max:24, Min:0
ATask1 Avg:33, SD:1, Max:34, Min:13
ATask2 Avg:0, SD:0, Max:0, Min:0
ATask3 Avg:18, SD:8, Max:64, Min:5
ACore Active Avg:54, SD:8, Max:97, Min:21
ARouter Active Avg:76, SD:10, Max:99, Min:44
T1 invocations: 4,028,996
T2 invocations: 0
T3 invocations: 25,421,690
T3b invocations: 141,714,335
Total3 invocations: 167,136,025
Total4 invocations: 0

T3/T2 ratio: inf
T3b/T3 ratio: 6

T1 avg ex cycles: 157
T2 avg ex cycles: -nan
T3&b avg ex cycles: 2
T4 avg ex cycles: -nan
Avg. hops NOC1: -nan
Avg. latency NOC1 (T2): -nan
Avg. hops NOC2: 14
Avg. latency NOC2 (T3): 1,588
Number of K Nodes Processed: 167,302
Number of K Edges Processed: 167,302
Node Re-explore factor: 39.73
Edge Re-explore factor: 1.65
Nodes/cy: 1,390
Edges/cy: 1,390
TEPS: 794

---Pcache---
Pcache Size: 7,741
Cached: 1
  PHits: 71,131,021
  PMisses: 70,381,975
  PHit Rate (hit/miss): 50%
  PEvictions: 6,263,590
  PEviction Rate (evict/misses): 9%

---Energy---
Leakage Energy (nJ): 87,354
PU Dyn E (nJ): 6,198,645
Mem Dyn E (nJ): 27,819,776
Route Dyn E (nJ): 14,500,109
Dynamic Energy (nJ): 48,518,530
Ratio of Dyn/Leak: 555
Total Energy (nJ): 48,605,884
Total Energy (nJ) 3D: 49,889,275
Cores Energy (nJ): 6,204,007
Route Energy (nJ): 14,503,196
Route Energy (nJ) 3D: 15,786,587
Mem Energy   (nJ): 27,898,682
Mem Energy   (nJ) 3D: 27,898,682
Avg. Power (mW): 403,700.00
Power Density (mW/mm2): 116.63

---Runtime---
Runtime in K cycles: 120.40
Microseconds: 120.40
Time per iteration (ms): 0.12

---Throughput---
GOP/s (aka OPS/ns): 7,997.15
GOP/s per core: 0.49
FLOP/s: 825.54
FLOP/s per core: 0.05
Max Peak FLOP/s: 16,384.00
Avg. BW GB/s: 40,321.76
Max BW GB/s: 65,536.00

---Traffic---
In-Die bisection_bytes BW (GB/s): 2,048.00
Inter-board traffic (msg/ns): 0.00, per-link: 0.00
Inter-pack traffic (msg/ns): 0.00, per-link: 0.00
Inter-die traffic (msg/ns): 0.00, per-link: 0.00
Ruche traffic (msg/ns): 0.00, per-link: 0.00
All traffic (msg/ns): 40,207.56, per-link: 2.45
Inter-die reduction wrt all: inf
Inter-board reduction wrt inter-die: -nan

---Data Movement---
All traffic (msg): 4,841,030,342
Arith. Intensity FLOP/Loads: 0.14
Arith. Intensity FLOP/Msgs: 0.02
Arith. Intensity OPS/Loads: 1.36
Arith. Intensity OPS/Msgs: 0.20



===Core Utilization Total=== CORE-S:12;; TIME K cy:120 ;; Nodes Proc: 19,724,277 -- Edges Proc: 0
======== IT IS COLD ======= Only 544 Tiles active

===PRINTING FRAME STATS

FCollision In Avg:3, SD:10, Max:192, Min:0
FCollision Out Avg:1, SD:4, Max:128, Min:0
FCollision End Avg:0, SD:1, Max:86, Min:0
FTask1 Avg:1, SD:7, Max:100, Min:0
FTask2 Avg:0, SD:0, Max:0, Min:0
FTask3 Avg:6, SD:6, Max:61, Min:0
FCore Active Avg:9, SD:12, Max:100, Min:0
FRouter Active Avg:38, SD:18, Max:101, Min:5
T1 invocations: 1,630
T2 invocations: 0
T3 invocations: 379,892
T3b invocations: 899,502
Total3 invocations: 1,279,394
Total4 invocations: 0

T3/T2 ratio: inf
T3b/T3 ratio: 2

T1 avg ex cycles: 163
T2 avg ex cycles: -nan
T3&b avg ex cycles: 2
T4 avg ex cycles: -nan
Avg. hops NOC1: -nan
Avg. latency NOC1 (T2): -nan
Avg. hops NOC2: 15
Avg. latency NOC2 (T3): 208

===PRINTING ACUM STATS at pu_cycles: 130,398

ACollision In Avg:35, SD:25, Max:226, Min:2
ACollision Out Avg:21, SD:17, Max:89, Min:0
ACollision End Avg:0, SD:1, Max:22, Min:0
ATask1 Avg:30, SD:1, Max:32, Min:17
ATask2 Avg:0, SD:0, Max:0, Min:0
ATask3 Avg:17, SD:7, Max:60, Min:5
ACore Active Avg:50, SD:8, Max:91, Min:24
ARouter Active Avg:73, SD:10, Max:99, Min:41
T1 invocations: 4,062,676
T2 invocations: 0
T3 invocations: 27,166,126
T3b invocations: 146,585,606
Total3 invocations: 173,751,732
Total4 invocations: 0

T3/T2 ratio: inf
T3b/T3 ratio: 5

T1 avg ex cycles: 157
T2 avg ex cycles: -nan
T3&b avg ex cycles: 2
T4 avg ex cycles: -nan
Avg. hops NOC1: -nan
Avg. latency NOC1 (T2): -nan
Avg. hops NOC2: 15
Avg. latency NOC2 (T3): 1,550
Number of K Nodes Processed: 173,848
Number of K Edges Processed: 173,848
Node Re-explore factor: 41.29
Edge Re-explore factor: 1.72
Nodes/cy: 1,333
Edges/cy: 1,333
TEPS: 733

---Pcache---
Pcache Size: 7,741
Cached: 1
  PHits: 71,577,595
  PMisses: 74,752,742
  PHit Rate (hit/miss): 49%
  PEvictions: 6,318,859
  PEviction Rate (evict/misses): 8%

---Energy---
Leakage Energy (nJ): 94,607
PU Dyn E (nJ): 6,304,901
Mem Dyn E (nJ): 28,782,192
Route Dyn E (nJ): 15,138,324
Dynamic Energy (nJ): 50,225,418
Ratio of Dyn/Leak: 531
Total Energy (nJ): 50,320,025
Total Energy (nJ) 3D: 51,659,904
Cores Energy (nJ): 6,310,708
Route Energy (nJ): 15,141,667
Route Energy (nJ) 3D: 16,481,547
Mem Energy   (nJ): 28,867,650
Mem Energy   (nJ) 3D: 28,867,650
Avg. Power (mW): 385,895.68
Power Density (mW/mm2): 111.49

---Runtime---
Runtime in K cycles: 130.40
Microseconds: 130.40
Time per iteration (ms): 0.13

---Throughput---
GOP/s (aka OPS/ns): 7,532.76
GOP/s per core: 0.46
FLOP/s: 769.78
FLOP/s per core: 0.05
Max Peak FLOP/s: 16,384.00
Avg. BW GB/s: 38,511.46
Max BW GB/s: 65,536.00

---Traffic---
In-Die bisection_bytes BW (GB/s): 2,048.00
Inter-board traffic (msg/ns): 0.00, per-link: 0.00
Inter-pack traffic (msg/ns): 0.00, per-link: 0.00
Inter-die traffic (msg/ns): 0.00, per-link: 0.00
Ruche traffic (msg/ns): 0.00, per-link: 0.00
All traffic (msg/ns): 38,747.72, per-link: 2.36
Inter-die reduction wrt all: inf
Inter-board reduction wrt inter-die: -nan

---Data Movement---
All traffic (msg): 5,052,624,560
Arith. Intensity FLOP/Loads: 0.14
Arith. Intensity FLOP/Msgs: 0.02
Arith. Intensity OPS/Loads: 1.35
Arith. Intensity OPS/Msgs: 0.19



===Core Utilization Total=== CORE-S:13;; TIME K cy:130 ;; Nodes Proc: 20,580,480 -- Edges Proc: 0
======== IT IS COLD ======= Only 368 Tiles active

===PRINTING FRAME STATS

FCollision In Avg:1, SD:8, Max:99, Min:0
FCollision Out Avg:0, SD:3, Max:54, Min:0
FCollision End Avg:0, SD:0, Max:23, Min:0
FTask1 Avg:0, SD:5, Max:100, Min:0
FTask2 Avg:0, SD:0, Max:0, Min:0
FTask3 Avg:4, SD:5, Max:47, Min:0
FCore Active Avg:5, SD:8, Max:100, Min:0
FRouter Active Avg:22, SD:16, Max:100, Min:2
T1 invocations: 654
T2 invocations: 0
T3 invocations: 216,429
T3b invocations: 503,730
Total3 invocations: 720,159
Total4 invocations: 0

T3/T2 ratio: inf
T3b/T3 ratio: 2

T1 avg ex cycles: 186
T2 avg ex cycles: -nan
T3&b avg ex cycles: 2
T4 avg ex cycles: -nan
Avg. hops NOC1: -nan
Avg. latency NOC1 (T2): -nan
Avg. hops NOC2: 14
Avg. latency NOC2 (T3): 234

===PRINTING ACUM STATS at pu_cycles: 140,393

ACollision In Avg:33, SD:23, Max:213, Min:2
ACollision Out Avg:20, SD:16, Max:85, Min:0
ACollision End Avg:0, SD:1, Max:22, Min:0
ATask1 Avg:28, SD:0, Max:29, Min:22
ATask2 Avg:0, SD:0, Max:0, Min:0
ATask3 Avg:16, SD:7, Max:56, Min:5
ACore Active Avg:47, SD:7, Max:85, Min:30
ARouter Active Avg:70, SD:9, Max:98, Min:38
T1 invocations: 4,079,944
T2 invocations: 0
T3 invocations: 28,176,970
T3b invocations: 149,375,789
Total3 invocations: 177,552,759
Total4 invocations: 0

T3/T2 ratio: inf
T3b/T3 ratio: 5

T1 avg ex cycles: 157
T2 avg ex cycles: -nan
T3&b avg ex cycles: 2
T4 avg ex cycles: -nan
Avg. hops NOC1: -nan
Avg. latency NOC1 (T2): -nan
Avg. hops NOC2: 15
Avg. latency NOC2 (T3): 1,531
Number of K Nodes Processed: 177,607
Number of K Edges Processed: 177,607
Node Re-explore factor: 42.18
Edge Re-explore factor: 1.75
Nodes/cy: 1,265
Edges/cy: 1,265
TEPS: 681

---Pcache---
Pcache Size: 7,741
Cached: 1
  PHits: 71,776,667
  PMisses: 77,312,397
  PHit Rate (hit/miss): 48%
  PEvictions: 6,344,575
  PEviction Rate (evict/misses): 8%

---Energy---
Leakage Energy (nJ): 101,858
PU Dyn E (nJ): 6,363,741
Mem Dyn E (nJ): 29,333,005
Route Dyn E (nJ): 15,501,958
Dynamic Energy (nJ): 51,198,704
Ratio of Dyn/Leak: 503
Total Energy (nJ): 51,300,562
Total Energy (nJ) 3D: 52,672,627
Cores Energy (nJ): 6,369,993
Route Energy (nJ): 15,505,557
Route Energy (nJ) 3D: 16,877,621
Mem Energy   (nJ): 29,425,013
Mem Energy   (nJ) 3D: 29,425,013
Avg. Power (mW): 365,406.84
Power Density (mW/mm2): 105.57

---Runtime---
Runtime in K cycles: 140.39
Microseconds: 140.39
Time per iteration (ms): 0.14

---Throughput---
GOP/s (aka OPS/ns): 7,073.72
GOP/s per core: 0.43
FLOP/s: 718.66
FLOP/s per core: 0.04
Max Peak FLOP/s: 16,384.00
Avg. BW GB/s: 36,450.45
Max BW GB/s: 65,536.00

---Traffic---
In-Die bisection_bytes BW (GB/s): 2,048.00
Inter-board traffic (msg/ns): 0.00, per-link: 0.00
Inter-pack traffic (msg/ns): 0.00, per-link: 0.00
Inter-die traffic (msg/ns): 0.00, per-link: 0.00
Ruche traffic (msg/ns): 0.00, per-link: 0.00
All traffic (msg/ns): 36,848.33, per-link: 2.25
Inter-die reduction wrt all: inf
Inter-board reduction wrt inter-die: -nan

---Data Movement---
All traffic (msg): 5,173,247,060
Arith. Intensity FLOP/Loads: 0.14
Arith. Intensity FLOP/Msgs: 0.02
Arith. Intensity OPS/Loads: 1.34
Arith. Intensity OPS/Msgs: 0.19



===Core Utilization Total=== CORE-S:14;; TIME K cy:140 ;; Nodes Proc: 21,205,773 -- Edges Proc: 0
======== IT IS COLD ======= Only 255 Tiles active

===PRINTING FRAME STATS

FCollision In Avg:1, SD:6, Max:100, Min:0
FCollision Out Avg:0, SD:2, Max:37, Min:0
FCollision End Avg:0, SD:0, Max:0, Min:0
FTask1 Avg:0, SD:2, Max:95, Min:0
FTask2 Avg:0, SD:0, Max:0, Min:0
FTask3 Avg:2, SD:3, Max:42, Min:0
FCore Active Avg:3, SD:5, Max:100, Min:0
FRouter Active Avg:14, SD:12, Max:92, Min:1
T1 invocations: 136
T2 invocations: 0
T3 invocations: 104,739
T3b invocations: 322,845
Total3 invocations: 427,584
Total4 invocations: 0

T3/T2 ratio: inf
T3b/T3 ratio: 3

T1 avg ex cycles: 199
T2 avg ex cycles: -nan
T3&b avg ex cycles: 2
T4 avg ex cycles: -nan
Avg. hops NOC1: -nan
Avg. latency NOC1 (T2): -nan
Avg. hops NOC2: 15
Avg. latency NOC2 (T3): 128

===PRINTING ACUM STATS at pu_cycles: 150,400

ACollision In Avg:31, SD:22, Max:201, Min:2
ACollision Out Avg:19, SD:15, Max:81, Min:0
ACollision End Avg:0, SD:1, Max:21, Min:0
ATask1 Avg:26, SD:0, Max:27, Min:26
ATask2 Avg:0, SD:0, Max:0, Min:0
ATask3 Avg:15, SD:7, Max:52, Min:4
ACore Active Avg:44, SD:7, Max:80, Min:32
ARouter Active Avg:66, SD:9, Max:97, Min:36
T1 invocations: 4,088,717
T2 invocations: 0
T3 invocations: 28,720,562
T3b invocations: 150,847,452
Total3 invocations: 179,568,014
Total4 invocations: 0

T3/T2 ratio: inf
T3b/T3 ratio: 5

T1 avg ex cycles: 157
T2 avg ex cycles: -nan
T3&b avg ex cycles: 2
T4 avg ex cycles: -nan
Avg. hops NOC1: -nan
Avg. latency NOC1 (T2): -nan
Avg. hops NOC2: 15
Avg. latency NOC2 (T3): 1,520
Number of K Nodes Processed: 179,594
Number of K Edges Processed: 179,594
Node Re-explore factor: 42.65
Edge Re-explore factor: 1.77
Nodes/cy: 1,194
Edges/cy: 1,194
TEPS: 635

---Pcache---
Pcache Size: 7,741
Cached: 1
  PHits: 71,851,145
  PMisses: 78,689,336
  PHit Rate (hit/miss): 48%
  PEvictions: 6,352,934
  PEviction Rate (evict/misses): 8%

---Energy---
Leakage Energy (nJ): 109,119
PU Dyn E (nJ): 6,394,842
Mem Dyn E (nJ): 29,624,726
Route Dyn E (nJ): 15,695,093
Dynamic Energy (nJ): 51,714,662
Ratio of Dyn/Leak: 474
Total Energy (nJ): 51,823,781
Total Energy (nJ) 3D: 53,212,939
Cores Energy (nJ): 6,401,540
Route Energy (nJ): 15,698,949
Route Energy (nJ) 3D: 17,088,107
Mem Energy   (nJ): 29,723,292
Mem Energy   (nJ) 3D: 29,723,292
Avg. Power (mW): 344,573.01
Power Density (mW/mm2): 99.55

---Runtime---
Runtime in K cycles: 150.40
Microseconds: 150.40
Time per iteration (ms): 0.15

---Throughput---
GOP/s (aka OPS/ns): 6,641.20
GOP/s per core: 0.41
FLOP/s: 672.66
FLOP/s per core: 0.04
Max Peak FLOP/s: 16,384.00
Avg. BW GB/s: 34,361.97
Max BW GB/s: 65,536.00

---Traffic---
In-Die bisection_bytes BW (GB/s): 2,048.00
Inter-board traffic (msg/ns): 0.00, per-link: 0.00
Inter-pack traffic (msg/ns): 0.00, per-link: 0.00
Inter-die traffic (msg/ns): 0.00, per-link: 0.00
Ruche traffic (msg/ns): 0.00, per-link: 0.00
All traffic (msg/ns): 34,822.51, per-link: 2.13
Inter-die reduction wrt all: inf
Inter-board reduction wrt inter-die: -nan

---Data Movement---
All traffic (msg): 5,237,305,674
Arith. Intensity FLOP/Loads: 0.14
Arith. Intensity FLOP/Msgs: 0.02
Arith. Intensity OPS/Loads: 1.33
Arith. Intensity OPS/Msgs: 0.19



===Core Utilization Total=== CORE-S:15;; TIME K cy:150 ;; Nodes Proc: 21,602,080 -- Edges Proc: 0
======== IT IS COLD ======= Only 139 Tiles active

===PRINTING FRAME STATS

FCollision In Avg:0, SD:2, Max:47, Min:0
FCollision Out Avg:0, SD:1, Max:13, Min:0
FCollision End Avg:0, SD:0, Max:0, Min:0
FTask1 Avg:0, SD:0, Max:0, Min:0
FTask2 Avg:0, SD:0, Max:0, Min:0
FTask3 Avg:1, SD:2, Max:30, Min:0
FCore Active Avg:2, SD:3, Max:46, Min:0
FRouter Active Avg:9, SD:9, Max:74, Min:0
T1 invocations: 0
T2 invocations: 0
T3 invocations: 49,022
T3b invocations: 206,648
Total3 invocations: 255,670
Total4 invocations: 0

T3/T2 ratio: inf
T3b/T3 ratio: 4

T1 avg ex cycles: -nan
T2 avg ex cycles: -nan
T3&b avg ex cycles: 2
T4 avg ex cycles: -nan
Avg. hops NOC1: -nan
Avg. latency NOC1 (T2): -nan
Avg. hops NOC2: 15
Avg. latency NOC2 (T3): 28

===PRINTING ACUM STATS at pu_cycles: 160,373

ACollision In Avg:29, SD:20, Max:189, Min:2
ACollision Out Avg:17, SD:14, Max:76, Min:0
ACollision End Avg:0, SD:1, Max:19, Min:0
ATask1 Avg:25, SD:0, Max:26, Min:24
ATask2 Avg:0, SD:0, Max:0, Min:0
ATask3 Avg:14, SD:6, Max:49, Min:4
ACore Active Avg:42, SD:7, Max:76, Min:30
ARouter Active Avg:62, SD:9, Max:95, Min:34
T1 invocations: 4,092,409
T2 invocations: 0
T3 invocations: 28,995,322
T3b invocations: 151,602,177
Total3 invocations: 180,597,499
Total4 invocations: 0

T3/T2 ratio: inf
T3b/T3 ratio: 5

T1 avg ex cycles: 157
T2 avg ex cycles: -nan
T3&b avg ex cycles: 2
T4 avg ex cycles: -nan
Avg. hops NOC1: -nan
Avg. latency NOC1 (T2): -nan
Avg. hops NOC2: 15
Avg. latency NOC2 (T3): 1,515
Number of K Nodes Processed: 180,608
Number of K Edges Processed: 180,608
Node Re-explore factor: 42.89
Edge Re-explore factor: 1.78
Nodes/cy: 1,126
Edges/cy: 1,126
TEPS: 596

---Pcache---
Pcache Size: 7,741
Cached: 1
  PHits: 71,880,053
  PMisses: 79,402,929
  PHit Rate (hit/miss): 48%
  PEvictions: 6,356,682
  PEviction Rate (evict/misses): 8%

---Energy---
Leakage Energy (nJ): 116,354
PU Dyn E (nJ): 6,409,685
Mem Dyn E (nJ): 29,772,848
Route Dyn E (nJ): 15,792,800
Dynamic Energy (nJ): 51,975,334
Ratio of Dyn/Leak: 447
Total Energy (nJ): 52,091,688
Total Energy (nJ) 3D: 53,489,495
Cores Energy (nJ): 6,416,827
Route Energy (nJ): 15,796,912
Route Energy (nJ) 3D: 17,194,718
Mem Energy   (nJ): 29,877,950
Mem Energy   (nJ) 3D: 29,877,950
Avg. Power (mW): 324,815.83
Power Density (mW/mm2): 93.84

---Runtime---
Runtime in K cycles: 160.37
Microseconds: 160.37
Time per iteration (ms): 0.16

---Throughput---
GOP/s (aka OPS/ns): 6,245.61
GOP/s per core: 0.38
FLOP/s: 631.56
FLOP/s per core: 0.04
Max Peak FLOP/s: 16,384.00
Avg. BW GB/s: 32,385.30
Max BW GB/s: 65,536.00

---Traffic---
In-Die bisection_bytes BW (GB/s): 2,048.00
Inter-board traffic (msg/ns): 0.00, per-link: 0.00
Inter-pack traffic (msg/ns): 0.00, per-link: 0.00
Inter-die traffic (msg/ns): 0.00, per-link: 0.00
Ruche traffic (msg/ns): 0.00, per-link: 0.00
All traffic (msg/ns): 32,859.23, per-link: 2.01
Inter-die reduction wrt all: inf
Inter-board reduction wrt inter-die: -nan

---Data Movement---
All traffic (msg): 5,269,732,904
Arith. Intensity FLOP/Loads: 0.13
Arith. Intensity FLOP/Msgs: 0.02
Arith. Intensity OPS/Loads: 1.33
Arith. Intensity OPS/Msgs: 0.19



===Core Utilization Total=== CORE-S:16;; TIME K cy:160 ;; Nodes Proc: 21,817,812 -- Edges Proc: 0
======== IT IS COLD ======= Only 75 Tiles active

===PRINTING FRAME STATS

FCollision In Avg:0, SD:1, Max:38, Min:0
FCollision Out Avg:0, SD:0, Max:1, Min:0
FCollision End Avg:0, SD:0, Max:0, Min:0
FTask1 Avg:0, SD:0, Max:0, Min:0
FTask2 Avg:0, SD:0, Max:0, Min:0
FTask3 Avg:1, SD:2, Max:20, Min:0
FCore Active Avg:1, SD:3, Max:29, Min:0
FRouter Active Avg:5, SD:8, Max:68, Min:0
T1 invocations: 0
T2 invocations: 0
T3 invocations: 22,977
T3b invocations: 104,331
Total3 invocations: 127,308
Total4 invocations: 0

T3/T2 ratio: inf
T3b/T3 ratio: 5

T1 avg ex cycles: -nan
T2 avg ex cycles: -nan
T3&b avg ex cycles: 2
T4 avg ex cycles: -nan
Avg. hops NOC1: -nan
Avg. latency NOC1 (T2): -nan
Avg. hops NOC2: 15
Avg. latency NOC2 (T3): 25

===PRINTING ACUM STATS at pu_cycles: 170,023

ACollision In Avg:27, SD:19, Max:178, Min:2
ACollision Out Avg:16, SD:13, Max:72, Min:0
ACollision End Avg:0, SD:1, Max:18, Min:0
ATask1 Avg:23, SD:0, Max:24, Min:23
ATask2 Avg:0, SD:0, Max:0, Min:0
ATask3 Avg:13, SD:6, Max:46, Min:4
ACore Active Avg:39, SD:6, Max:71, Min:28
ARouter Active Avg:59, SD:8, Max:90, Min:32
T1 invocations: 4,093,253
T2 invocations: 0
T3 invocations: 29,129,797
T3b invocations: 151,944,328
Total3 invocations: 181,074,125
Total4 invocations: 0

T3/T2 ratio: inf
T3b/T3 ratio: 5

T1 avg ex cycles: 158
T2 avg ex cycles: -nan
T3&b avg ex cycles: 2
T4 avg ex cycles: -nan
Avg. hops NOC1: -nan
Avg. latency NOC1 (T2): -nan
Avg. hops NOC2: 15
Avg. latency NOC2 (T3): 1,513
Number of K Nodes Processed: 181,074
Number of K Edges Processed: 181,074
Node Re-explore factor: 43.00
Edge Re-explore factor: 1.79
Nodes/cy: 1,065
Edges/cy: 1,065
TEPS: 562

---Pcache---
Pcache Size: 7,741
Cached: 1
  PHits: 71,893,339
  PMisses: 79,724,116
  PHit Rate (hit/miss): 47%
  PEvictions: 6,358,907
  PEviction Rate (evict/misses): 8%

---Energy---
Leakage Energy (nJ): 123,356
PU Dyn E (nJ): 6,415,260
Mem Dyn E (nJ): 29,840,102
Route Dyn E (nJ): 15,838,683
Dynamic Energy (nJ): 52,094,045
Ratio of Dyn/Leak: 422
Total Energy (nJ): 52,217,401
Total Energy (nJ) 3D: 53,619,269
Cores Energy (nJ): 6,422,831
Route Energy (nJ): 15,843,043
Route Energy (nJ) 3D: 17,244,910
Mem Energy   (nJ): 29,951,528
Mem Energy   (nJ) 3D: 29,951,528
Avg. Power (mW): 307,119.63
Power Density (mW/mm2): 88.73

---Runtime---
Runtime in K cycles: 170.02
Microseconds: 170.02
Time per iteration (ms): 0.17

---Throughput---
GOP/s (aka OPS/ns): 5,897.70
GOP/s per core: 0.36
FLOP/s: 595.87
FLOP/s per core: 0.04
Max Peak FLOP/s: 16,384.00
Avg. BW GB/s: 30,615.78
Max BW GB/s: 65,536.00

---Traffic---
In-Die bisection_bytes BW (GB/s): 2,048.00
Inter-board traffic (msg/ns): 0.00, per-link: 0.00
Inter-pack traffic (msg/ns): 0.00, per-link: 0.00
Inter-die traffic (msg/ns): 0.00, per-link: 0.00
Ruche traffic (msg/ns): 0.00, per-link: 0.00
All traffic (msg/ns): 31,083.72, per-link: 1.90
Inter-die reduction wrt all: inf
Inter-board reduction wrt inter-die: -nan

---Data Movement---
All traffic (msg): 5,284,947,028
Arith. Intensity FLOP/Loads: 0.13
Arith. Intensity FLOP/Msgs: 0.02
Arith. Intensity OPS/Loads: 1.33
Arith. Intensity OPS/Msgs: 0.19



===Core Utilization Total=== CORE-S:17;; TIME K cy:170 ;; Nodes Proc: 21,941,348 -- Edges Proc: 0
======== IT IS COLD ======= Only 24 Tiles active
Epoch Done Router: 1
Epoch Done Router: 4
Epoch Done Router: 2
Epoch Done Router: 3
Epoch Done Router: 0
Epoch Done Router: 6
Epoch Done Router: 7
Epoch Done Router: 5
##EPOCH## 1 COMPLETED at Time (K cy): 178
Nodes processed until now: 181,129,054
Edges processed until now: 0
Program Done Worker Thread: 0
Program Done Router Thread: 3
Program Done Router Thread: 5
Program Done Router Thread: 7
Program Done Worker Thread: 7
Program Done Worker Thread: 3
Program Done Router Thread: 4
Program Done Worker Thread: 5
Program Done Worker Thread: 4
Program Done Worker Thread: 6
Program Done Worker Thread: 2
Program Done Router Thread: 1
Program Done Router Thread: 2
Program Done Router Thread: 0
Program Done Worker Thread: 1
Program Done Router Thread: 6

===PRINTING ACUM STATS at pu_cycles: 178,521

ACollision In Avg:26, SD:18, Max:169, Min:1
ACollision Out Avg:16, SD:13, Max:68, Min:0
ACollision End Avg:0, SD:1, Max:17, Min:0
ATask1 Avg:22, SD:0, Max:23, Min:22
ATask2 Avg:0, SD:0, Max:0, Min:0
ATask3 Avg:13, SD:6, Max:44, Min:4
ACore Active Avg:37, SD:6, Max:68, Min:27
ARouter Active Avg:56, SD:8, Max:86, Min:30
T1 invocations: 4,093,268
T2 invocations: 0
T3 invocations: 29,145,616
T3b invocations: 151,983,438
Total3 invocations: 181,129,054
Total4 invocations: 0

T3/T2 ratio: inf
T3b/T3 ratio: 5

T1 avg ex cycles: 158
T2 avg ex cycles: -nan
T3&b avg ex cycles: 2
T4 avg ex cycles: -nan
Avg. hops NOC1: -nan
Avg. latency NOC1 (T2): -nan
Avg. hops NOC2: 15
Avg. latency NOC2 (T3): 1,513

Runtime at program end in K cycles: 178
Runtime before cooldown in K cycles: 90


Number of K Nodes Processed: 181,129
Number of K Edges Processed: 181,129
Node Re-explore factor: 43.02
Edge Re-explore factor: 1.79
Nodes/cy: 1,015
Edges/cy: 1,015
TEPS: 535

---Pcache---
Pcache Size: 7,741
Cached: 1
  PHits: 71,894,007
  PMisses: 79,762,206
  PHit Rate (hit/miss): 47%
  PEvictions: 6,359,014
  PEviction Rate (evict/misses): 8%

---Energy---
Leakage Energy (nJ): 129,521
PU Dyn E (nJ): 6,415,783
Mem Dyn E (nJ): 29,847,751
Route Dyn E (nJ): 15,844,161
Dynamic Energy (nJ): 52,107,695
Ratio of Dyn/Leak: 402
Total Energy (nJ): 52,237,216
Total Energy (nJ) 3D: 53,639,568
Cores Energy (nJ): 6,423,732
Route Energy (nJ): 15,848,738
Route Energy (nJ) 3D: 17,251,090
Mem Energy   (nJ): 29,964,747
Mem Energy   (nJ) 3D: 29,964,747
Avg. Power (mW): 292,611.04
Power Density (mW/mm2): 84.54

---Runtime---
Runtime in K cycles: 178.52
Microseconds: 178.52
Time per iteration (ms): 0.18

---Inst---
K Loads: 754,196
K Stores: 547,480
K Instructions: 1,002,857

---Throughput---
GOP/s (aka OPS/ns): 5,617.59
GOP/s per core: 0.34
FLOP/s: 567.51
FLOP/s per core: 0.03
Max Peak FLOP/s: 16,384.00
Avg. BW GB/s: 29,165.81
Max BW GB/s: 65,536.00

---Traffic---
In-Die bisection_bytes BW (GB/s): 2,048.00
Inter-board traffic (msg/ns): 0.00, per-link: 0.00
Inter-pack traffic (msg/ns): 0.00, per-link: 0.00
Inter-die traffic (msg/ns): 0.00, per-link: 0.00
Ruche traffic (msg/ns): 0.00, per-link: 0.00
All traffic (msg/ns): 29,614.22, per-link: 1.81
Inter-die reduction wrt all: inf
Inter-board reduction wrt inter-die: -nan

---Data Movement---
All traffic (msg): 5,286,759,286
Arith. Intensity FLOP/Loads: 0.13
Arith. Intensity FLOP/Msgs: 0.02
Arith. Intensity OPS/Loads: 1.33
Arith. Intensity OPS/Msgs: 0.19

Simulation time: 857.94
Sim noc_cy/s: 208.08
Sim Msg/s: 6,162,153.79

Version 31

