Dataset:  Kron22/
Dry run: 0
Open Edge Count File succesfully
Edges Traversed BFS: 128309848
Found Vertices: 4194304, Edges: 128311436
avg degree 31
Array  Kron22/node_array.bin found
Malloc array of size 16777220 bytes
Readin array of size 16777216 bytes
Finished Reading Array Bytes
No reordering Array 32bit
Array  Kron22/edge_array.bin found
Malloc array of size 513245744 bytes
Readin array of size 513245744 bytes
Finished Reading Array Bytes
No reordering Array 32bit
Array  Kron22/edge_values.bin found
Malloc array of size 513245744 bytes
Readin array of size 513245744 bytes
Finished Reading Array Bytes
No reordering Array 32bit
Reading graph elapsed time: 0.337071s

Dataset Footprint: 1027 MiB
Dataset Footprint per Board: 8615.1 Mb
Dataset injection time (ms): 0.131456
Max Dataset Footprint: 1027 MiB

Dataset footprint per tile: 64 KiB
Proxys footprint per tile: 64 KiB
Reserved SRAM per tile: 41 KiB

Ideal SRAM per tile: 169 KiB
reserved_words_for_dataset:24103
dataset_words_per_tile:16432
remaining_sram_words:120518
min_dcache_sram_words_required:16432
dataset_words_per_tile:16432
min_pcache_sram_words_required:8
proxys_words_per_tile:16384
Dcache footprint ratio: 1
Pcache footprint ratio: 1
Dataset Cached: 0
DCache: 16432 words, lines: 1027, sets: 1027
Proxys Cached: 0
Pcache: 16384 words, sets: 16384
Node per tile: 256
Edge per tile: 7,832
GRID_X: 128
GRID_SIZE: 16,384
smt_per_tile: 1
noc_freq: 1
pu_freq: 1
RUCHE_X: 0
PROXY_W: 16
DIE_W: 128
DIE_H: 128
DIES: 1
BORDER_TILES_PER_DIE: 512
PACK_W: 128
PACK_H: 128
DIES_PACK_FACTOR: 1
DIES_PER_PACK: 1
PACKAGES: 1
BOARD_W: 128
BOARD_H: 128
BOARDS: 1
MUX_BUS: 1
DCACHE: 0
PCACHE: 1
PROXY_FACTOR: 8
CACHE_WAYS: 1
TORUS: 1
PHY_NOCS: 1
WIDE_NOC_ID: 0
NOC_CONF: 1
noc_width: 32
hbm_channel_bit_width: 512
ld_st_op_byte_width: 4
PROXY_ROUTING: 3
WRITE_THROUGH: 0
ASSERT_MODE: 0
GLOBAL_BARRIER: 0
OQ flits: 36 ; 192 ; 384
IQ flits: 576 ; 3,072 ; 6,144
OQ messages: 12 ; 96 ; 192
IQ messages: 192 ; 1,536 ; 3,072
max_task2 size: 64
io_factor_t2: 16
io_factor_t3: 16
io_factor_t3b: 16

Active SRAM Storage per tile: 169 KiB
Total SRAM Storage per tile: 512 KiB
Agreggated SRAM Storage: 8,192 MiB

Inter-Die #links: 4,096
Inter-Die (Gbits): 131,072
Inter-Die (Gbits/mm): 563.524
Bisection BW of Board (Gbits): 32,768
Border IO #Dies: 4
Border IO Die BW (Gbits): 16,384
Off-Board BW Total (Gbits): 65,536
Off-Board BW Density (Gbits/mm): 278
Die side: 58.15 mm
Die border wire density: 563.52 Gbits/mm
HBM wire density: 70.44 Gbits/mm

Tiles per Die: 16,384 (128x128)
Tile Area: 0.19 mm2, side: 0.44 mm
- Core/Rout Area: 0.05 mm2
- SRAM Area: 0.14 mm2
- SRAM/Logic Ratio: 2.80x

Dies per Package: 1 (1x1)
Die Area: 3,381.23 mm2, side: 58.15 mm
- Tiles Area: 3,191.28 mm2
- PHY Area: 189.96 mm2
- MC Area: 0.00 mm2

Packages per Board: 1 (1x1)
Package Area: 3,461.23 mm2, side: 58.83 mm
- IOdie Area: 80.00 mm2
- Dies Area: 3,381.23 mm2
- HBM Area: 0.00 mm2

Boards: 1 (1x1)
Board Area: 3,461.23 mm2
Total Area: 3,461.23 mm2



ESTIMATED COST OF SILICON AND PACKAGING. ONLY VARIABLE, NO FIXED COSTS
Good dies per wafer 3d: 5
Good dies per wafer 2d: 6
--Dies 3D Cost: 1,209.40 $
--Dies 2.5D Cost: 1,007.83 $
--Dies 2D Cost: 1,007.83 $
--HBM Cost: 60.00 $
--IOdie Cost: 8.44 $
--Packaging Cost 3d: 233.07 $
--Packaging Cost 2.5d: 505.18 $
--Packaging Cost 2d: 152.44 $
SiP Cost 3d: 1,510.91 $
SiP Cost 2.5d: 1,581.46 $
SiP Cost 2d: 1,168.71 $
--Board Cost: 3.46 $
Total SiPs Cost 3d: 1,514.37 $
Total SiPs Cost 2.5d: 1,584.92 $
Total SiPs Cost 2d: 1,172.18 $

Perf counters initialized
Mesh connected
Cache structures initialized
Allocated proxys
proxys initialized
Dataset structures initialized


Starting Simulation
INIT epoch: 1
INIT epoch: 1
INIT epoch: 1
INIT epoch: 1
INIT epoch: 1
INIT epoch: 1
INIT epoch: 1
INIT epoch: 1

===PRINTING FRAME STATS

FCollision In Avg:195, SD:61, Max:382, Min:6
FCollision Out Avg:97, SD:37, Max:194, Min:0
FCollision End Avg:1, SD:8, Max:74, Min:0
FTask1 Avg:25, SD:14, Max:73, Min:1
FTask2 Avg:21, SD:19, Max:95, Min:0
FTask3 Avg:15, SD:4, Max:29, Min:0
FCore Active Avg:62, SD:22, Max:100, Min:14
FRouter Active Avg:87, SD:10, Max:100, Min:40
T1 invocations: 83,965
T2 invocations: 136,398
T3 invocations: 78,795
T3b invocations: 3,047,424
Total3 invocations: 3,126,219
Total4 invocations: 0

T3/T2 ratio: 1
T3b/T3 ratio: 39

T1 avg ex cycles: 125
T2 avg ex cycles: 63
T3&b avg ex cycles: 2
T4 avg ex cycles: -nan
Avg. hops NOC1: 70
Avg. latency NOC1 (T2): 3,552
Avg. hops NOC2: 14
Avg. latency NOC2 (T3): 1,301

===PRINTING ACUM STATS at pu_cycles: 10,799

ACollision In Avg:195, SD:61, Max:382, Min:6
ACollision Out Avg:97, SD:37, Max:194, Min:0
ACollision End Avg:1, SD:8, Max:74, Min:0
ATask1 Avg:25, SD:14, Max:73, Min:1
ATask2 Avg:21, SD:19, Max:95, Min:0
ATask3 Avg:15, SD:4, Max:29, Min:0
ACore Active Avg:62, SD:22, Max:100, Min:14
ARouter Active Avg:87, SD:10, Max:100, Min:40
T1 invocations: 363,439
T2 invocations: 652,877
T3 invocations: 294,338
T3b invocations: 13,763,904
Total3 invocations: 14,058,242
Total4 invocations: 0

T3/T2 ratio: 0
T3b/T3 ratio: 47

T1 avg ex cycles: 131
T2 avg ex cycles: 63
T3&b avg ex cycles: 2
T4 avg ex cycles: -nan
Avg. hops NOC1: 48
Avg. latency NOC1 (T2): 3,648
Avg. hops NOC2: 15
Avg. latency NOC2 (T3): 1,499
Number of K Nodes Processed: 14,850
Number of K Edges Processed: 18,926
Node Re-explore factor: 3.54
Edge Re-explore factor: 0.15
Nodes/cy: 1,375
Edges/cy: 1,753
TEPS: 11,882

---Pcache---
Pcache Size: 16,384
Cached: 0
  PHits: 0
  PMisses: 0
  PHit Rate (hit/miss): -nan%
  PEvictions: 0
  PEviction Rate (evict/misses): -nan%

---Energy---
Leakage Energy (nJ): 19,446
PU Dyn E (nJ): 1,119,072
Mem Dyn E (nJ): 3,633,911
Route Dyn E (nJ): 1,533,005
Dynamic Energy (nJ): 6,285,988
Ratio of Dyn/Leak: 323
Total Energy (nJ): 6,305,434
Total Energy (nJ) 3D: 6,441,119
Cores Energy (nJ): 1,119,553
Route Energy (nJ): 1,533,282
Route Energy (nJ) 3D: 1,668,967
Mem Energy   (nJ): 3,652,599
Mem Energy   (nJ) 3D: 3,652,599
Avg. Power (mW): 583,890.55
Power Density (mW/mm2): 168.69

---Runtime---
Runtime in K cycles: 10.80
Microseconds: 10.80
Time per iteration (ms): 0.01

---Throughput---
GOP/s (aka OPS/ns): 10,829.13
GOP/s per core: 0.66
FLOP/s: 2,978.62
FLOP/s per core: 0.18
Max Peak FLOP/s: 16,384.00
Avg. BW GB/s: 64,558.45
Max BW GB/s: 65,536.00

---Traffic---
In-Die bisection_bytes BW (GB/s): 2,048.00
Inter-board traffic (msg/ns): 0.00, per-link: 0.00
Inter-pack traffic (msg/ns): 0.00, per-link: 0.00
Inter-die traffic (msg/ns): 0.00, per-link: 0.00
Ruche traffic (msg/ns): 0.00, per-link: 0.00
All traffic (msg/ns): 46,906.77, per-link: 2.86
Inter-die reduction wrt all: inf
Inter-board reduction wrt inter-die: -nan

---Data Movement---
All traffic (msg): 506,546,241
Arith. Intensity FLOP/Loads: 0.37
Arith. Intensity FLOP/Msgs: 0.06
Arith. Intensity OPS/Loads: 1.35
Arith. Intensity OPS/Msgs: 0.23



===Core Utilization Total=== CORE-S:1;; TIME K cy:10 ;; Nodes Proc: 1,920,557 -- Edges Proc: 2,429,851

===PRINTING FRAME STATS

FCollision In Avg:192, SD:63, Max:392, Min:1
FCollision Out Avg:122, SD:45, Max:258, Min:0
FCollision End Avg:3, SD:14, Max:101, Min:0
FTask1 Avg:5, SD:8, Max:50, Min:0
FTask2 Avg:21, SD:24, Max:100, Min:0
FTask3 Avg:19, SD:5, Max:53, Min:0
FCore Active Avg:45, SD:25, Max:100, Min:13
FRouter Active Avg:83, SD:11, Max:101, Min:37
T1 invocations: 18,659
T2 invocations: 118,977
T3 invocations: 183,443
T3b invocations: 3,748,255
Total3 invocations: 3,931,698
Total4 invocations: 0

T3/T2 ratio: 2
T3b/T3 ratio: 20

T1 avg ex cycles: 105
T2 avg ex cycles: 72
T3&b avg ex cycles: 2
T4 avg ex cycles: -nan
Avg. hops NOC1: 24
Avg. latency NOC1 (T2): 10,229
Avg. hops NOC2: 14
Avg. latency NOC2 (T3): 1,376

===PRINTING ACUM STATS at pu_cycles: 20,761

ACollision In Avg:193, SD:59, Max:350, Min:12
ACollision Out Avg:109, SD:39, Max:216, Min:0
ACollision End Avg:2, SD:10, Max:85, Min:0
ATask1 Avg:15, SD:8, Max:48, Min:1
ATask2 Avg:21, SD:19, Max:91, Min:0
ATask3 Avg:17, SD:4, Max:31, Min:0
ACore Active Avg:54, SD:20, Max:100, Min:15
ARouter Active Avg:85, SD:9, Max:100, Min:42
T1 invocations: 451,982
T2 invocations: 1,244,105
T3 invocations: 1,016,249
T3b invocations: 32,180,271
Total3 invocations: 33,196,520
Total4 invocations: 0

T3/T2 ratio: 1
T3b/T3 ratio: 32

T1 avg ex cycles: 126
T2 avg ex cycles: 68
T3&b avg ex cycles: 2
T4 avg ex cycles: -nan
Avg. hops NOC1: 33
Avg. latency NOC1 (T2): 6,750
Avg. hops NOC2: 14
Avg. latency NOC2 (T3): 1,627
Number of K Nodes Processed: 33,887
Number of K Edges Processed: 37,839
Node Re-explore factor: 8.08
Edge Re-explore factor: 0.29
Nodes/cy: 1,632
Edges/cy: 1,823
TEPS: 6,180

---Pcache---
Pcache Size: 16,384
Cached: 0
  PHits: 0
  PMisses: 0
  PHit Rate (hit/miss): -nan%
  PEvictions: 0
  PEviction Rate (evict/misses): -nan%

---Energy---
Leakage Energy (nJ): 37,385
PU Dyn E (nJ): 2,226,831
Mem Dyn E (nJ): 7,747,716
Route Dyn E (nJ): 3,191,191
Dynamic Energy (nJ): 13,165,739
Ratio of Dyn/Leak: 352
Total Energy (nJ): 13,203,124
Total Energy (nJ) 3D: 13,485,574
Cores Energy (nJ): 2,227,756
Route Energy (nJ): 3,191,724
Route Energy (nJ) 3D: 3,474,173
Mem Energy   (nJ): 7,783,644
Mem Energy   (nJ) 3D: 7,783,644
Avg. Power (mW): 635,957.99
Power Density (mW/mm2): 183.74

---Runtime---
Runtime in K cycles: 20.76
Microseconds: 20.76
Time per iteration (ms): 0.02

---Throughput---
GOP/s (aka OPS/ns): 9,984.66
GOP/s per core: 0.61
FLOP/s: 3,389.08
FLOP/s per core: 0.21
Max Peak FLOP/s: 16,384.00
Avg. BW GB/s: 71,599.68
Max BW GB/s: 65,536.00

---Traffic---
In-Die bisection_bytes BW (GB/s): 2,048.00
Inter-board traffic (msg/ns): 0.00, per-link: 0.00
Inter-pack traffic (msg/ns): 0.00, per-link: 0.00
Inter-die traffic (msg/ns): 0.00, per-link: 0.00
Ruche traffic (msg/ns): 0.00, per-link: 0.00
All traffic (msg/ns): 51,152.41, per-link: 3.12
Inter-die reduction wrt all: inf
Inter-board reduction wrt inter-die: -nan

---Data Movement---
All traffic (msg): 1,061,975,134
Arith. Intensity FLOP/Loads: 0.38
Arith. Intensity FLOP/Msgs: 0.07
Arith. Intensity OPS/Loads: 1.12
Arith. Intensity OPS/Msgs: 0.20



===Core Utilization Total=== CORE-S:2;; TIME K cy:20 ;; Nodes Proc: 4,320,313 -- Edges Proc: 4,806,358

===PRINTING FRAME STATS

FCollision In Avg:171, SD:69, Max:410, Min:0
FCollision Out Avg:117, SD:51, Max:256, Min:0
FCollision End Avg:2, SD:14, Max:101, Min:0
FTask1 Avg:4, SD:8, Max:52, Min:0
FTask2 Avg:17, SD:22, Max:100, Min:0
FTask3 Avg:18, SD:7, Max:68, Min:0
FCore Active Avg:40, SD:25, Max:100, Min:11
FRouter Active Avg:84, SD:10, Max:101, Min:42
T1 invocations: 15,467
T2 invocations: 99,626
T3 invocations: 317,088
T3b invocations: 3,347,037
Total3 invocations: 3,664,125
Total4 invocations: 0

T3/T2 ratio: 3
T3b/T3 ratio: 11

T1 avg ex cycles: 105
T2 avg ex cycles: 72
T3&b avg ex cycles: 2
T4 avg ex cycles: -nan
Avg. hops NOC1: 27
Avg. latency NOC1 (T2): 14,284
Avg. hops NOC2: 16
Avg. latency NOC2 (T3): 1,937

===PRINTING ACUM STATS at pu_cycles: 30,780

ACollision In Avg:186, SD:59, Max:370, Min:9
ACollision Out Avg:112, SD:41, Max:230, Min:0
ACollision End Avg:2, SD:11, Max:90, Min:0
ATask1 Avg:11, SD:6, Max:34, Min:0
ATask2 Avg:20, SD:17, Max:63, Min:0
ATask3 Avg:17, SD:2, Max:29, Min:6
ACore Active Avg:49, SD:20, Max:100, Min:15
ARouter Active Avg:85, SD:9, Max:100, Min:48
T1 invocations: 518,033
T2 invocations: 1,743,832
T3 invocations: 2,343,513
T3b invocations: 49,697,680
Total3 invocations: 52,041,193
Total4 invocations: 0

T3/T2 ratio: 1
T3b/T3 ratio: 21

T1 avg ex cycles: 123
T2 avg ex cycles: 69
T3&b avg ex cycles: 2
T4 avg ex cycles: -nan
Avg. hops NOC1: 28
Avg. latency NOC1 (T2): 9,103
Avg. hops NOC2: 14
Avg. latency NOC2 (T3): 2,061
Number of K Nodes Processed: 52,739
Number of K Edges Processed: 53,900
Node Re-explore factor: 12.57
Edge Re-explore factor: 0.42
Nodes/cy: 1,713
Edges/cy: 1,751
TEPS: 4,169

---Pcache---
Pcache Size: 16,384
Cached: 0
  PHits: 0
  PMisses: 0
  PHit Rate (hit/miss): -nan%
  PEvictions: 0
  PEviction Rate (evict/misses): -nan%

---Energy---
Leakage Energy (nJ): 55,426
PU Dyn E (nJ): 3,233,671
Mem Dyn E (nJ): 11,559,596
Route Dyn E (nJ): 4,841,281
Dynamic Energy (nJ): 19,634,548
Ratio of Dyn/Leak: 354
Total Energy (nJ): 19,689,974
Total Energy (nJ) 3D: 20,118,472
Cores Energy (nJ): 3,235,042
Route Energy (nJ): 4,842,071
Route Energy (nJ) 3D: 5,270,568
Mem Energy   (nJ): 11,612,862
Mem Energy   (nJ) 3D: 11,612,862
Avg. Power (mW): 639,700.27
Power Density (mW/mm2): 184.82

---Runtime---
Runtime in K cycles: 30.78
Microseconds: 30.78
Time per iteration (ms): 0.03

---Throughput---
GOP/s (aka OPS/ns): 9,360.89
GOP/s per core: 0.57
FLOP/s: 3,424.16
FLOP/s per core: 0.21
Max Peak FLOP/s: 16,384.00
Avg. BW GB/s: 72,055.39
Max BW GB/s: 65,536.00

---Traffic---
In-Die bisection_bytes BW (GB/s): 2,048.00
Inter-board traffic (msg/ns): 0.00, per-link: 0.00
Inter-pack traffic (msg/ns): 0.00, per-link: 0.00
Inter-die traffic (msg/ns): 0.00, per-link: 0.00
Ruche traffic (msg/ns): 0.00, per-link: 0.00
All traffic (msg/ns): 52,437.48, per-link: 3.20
Inter-die reduction wrt all: inf
Inter-board reduction wrt inter-die: -nan

---Data Movement---
All traffic (msg): 1,614,025,761
Arith. Intensity FLOP/Loads: 0.38
Arith. Intensity FLOP/Msgs: 0.07
Arith. Intensity OPS/Loads: 1.04
Arith. Intensity OPS/Msgs: 0.18



===Core Utilization Total=== CORE-S:3;; TIME K cy:30 ;; Nodes Proc: 6,702,904 -- Edges Proc: 6,843,363

===PRINTING FRAME STATS

FCollision In Avg:163, SD:68, Max:546, Min:0
FCollision Out Avg:172, SD:58, Max:349, Min:0
FCollision End Avg:2, SD:13, Max:101, Min:0
FTask1 Avg:3, SD:7, Max:88, Min:0
FTask2 Avg:15, SD:22, Max:100, Min:0
FTask3 Avg:15, SD:5, Max:63, Min:0
FCore Active Avg:33, SD:23, Max:100, Min:9
FRouter Active Avg:75, SD:14, Max:101, Min:25
T1 invocations: 12,259
T2 invocations: 83,741
T3 invocations: 213,660
T3b invocations: 2,812,302
Total3 invocations: 3,025,962
Total4 invocations: 0

T3/T2 ratio: 3
T3b/T3 ratio: 13

T1 avg ex cycles: 101
T2 avg ex cycles: 74
T3&b avg ex cycles: 2
T4 avg ex cycles: -nan
Avg. hops NOC1: 29
Avg. latency NOC1 (T2): 18,173
Avg. hops NOC2: 15
Avg. latency NOC2 (T3): 1,463

===PRINTING ACUM STATS at pu_cycles: 40,740

ACollision In Avg:180, SD:58, Max:346, Min:14
ACollision Out Avg:127, SD:42, Max:254, Min:9
ACollision End Avg:2, SD:10, Max:92, Min:0
ATask1 Avg:9, SD:4, Max:34, Min:0
ATask2 Avg:19, SD:15, Max:47, Min:0
ATask3 Avg:17, SD:2, Max:28, Min:10
ACore Active Avg:45, SD:17, Max:91, Min:14
ARouter Active Avg:82, SD:9, Max:100, Min:46
T1 invocations: 575,528
T2 invocations: 2,162,245
T3 invocations: 3,289,105
T3b invocations: 64,343,075
Total3 invocations: 67,632,180
Total4 invocations: 0

T3/T2 ratio: 2
T3b/T3 ratio: 20

T1 avg ex cycles: 121
T2 avg ex cycles: 70
T3&b avg ex cycles: 2
T4 avg ex cycles: -nan
Avg. hops NOC1: 27
Avg. latency NOC1 (T2): 11,050
Avg. hops NOC2: 14
Avg. latency NOC2 (T3): 1,982
Number of K Nodes Processed: 68,142
Number of K Edges Processed: 67,750
Node Re-explore factor: 16.25
Edge Re-explore factor: 0.53
Nodes/cy: 1,673
Edges/cy: 1,663
TEPS: 3,149

---Pcache---
Pcache Size: 16,384
Cached: 0
  PHits: 0
  PMisses: 0
  PHit Rate (hit/miss): -nan%
  PEvictions: 0
  PEviction Rate (evict/misses): -nan%

---Energy---
Leakage Energy (nJ): 73,361
PU Dyn E (nJ): 4,081,633
Mem Dyn E (nJ): 14,757,349
Route Dyn E (nJ): 6,187,060
Dynamic Energy (nJ): 25,026,042
Ratio of Dyn/Leak: 341
Total Energy (nJ): 25,099,403
Total Energy (nJ) 3D: 25,647,015
Cores Energy (nJ): 4,083,448
Route Energy (nJ): 6,188,105
Route Energy (nJ) 3D: 6,735,716
Mem Energy   (nJ): 14,827,852
Mem Energy   (nJ) 3D: 14,827,852
Avg. Power (mW): 616,087.47
Power Density (mW/mm2): 178.00

---Runtime---
Runtime in K cycles: 40.74
Microseconds: 40.74
Time per iteration (ms): 0.04

---Throughput---
GOP/s (aka OPS/ns): 8,745.43
GOP/s per core: 0.53
FLOP/s: 3,310.80
FLOP/s per core: 0.20
Max Peak FLOP/s: 16,384.00
Avg. BW GB/s: 69,499.60
Max BW GB/s: 65,536.00

---Traffic---
In-Die bisection_bytes BW (GB/s): 2,048.00
Inter-board traffic (msg/ns): 0.00, per-link: 0.00
Inter-pack traffic (msg/ns): 0.00, per-link: 0.00
Inter-die traffic (msg/ns): 0.00, per-link: 0.00
Ruche traffic (msg/ns): 0.00, per-link: 0.00
All traffic (msg/ns): 50,680.96, per-link: 3.09
Inter-die reduction wrt all: inf
Inter-board reduction wrt inter-die: -nan

---Data Movement---
All traffic (msg): 2,064,742,509
Arith. Intensity FLOP/Loads: 0.38
Arith. Intensity FLOP/Msgs: 0.07
Arith. Intensity OPS/Loads: 1.01
Arith. Intensity OPS/Msgs: 0.17



===Core Utilization Total=== CORE-S:4;; TIME K cy:40 ;; Nodes Proc: 8,585,194 -- Edges Proc: 8,495,115

===PRINTING FRAME STATS

FCollision In Avg:156, SD:65, Max:491, Min:1
FCollision Out Avg:183, SD:56, Max:382, Min:0
FCollision End Avg:1, SD:11, Max:101, Min:0
FTask1 Avg:3, SD:7, Max:95, Min:0
FTask2 Avg:15, SD:21, Max:100, Min:0
FTask3 Avg:13, SD:4, Max:47, Min:0
FCore Active Avg:32, SD:22, Max:100, Min:8
FRouter Active Avg:69, SD:16, Max:100, Min:16
T1 invocations: 13,552
T2 invocations: 81,511
T3 invocations: 111,154
T3b invocations: 2,640,136
Total3 invocations: 2,751,290
Total4 invocations: 0

T3/T2 ratio: 1
T3b/T3 ratio: 24

T1 avg ex cycles: 105
T2 avg ex cycles: 74
T3&b avg ex cycles: 2
T4 avg ex cycles: -nan
Avg. hops NOC1: 36
Avg. latency NOC1 (T2): 19,878
Avg. hops NOC2: 14
Avg. latency NOC2 (T3): 1,336

===PRINTING ACUM STATS at pu_cycles: 50,774

ACollision In Avg:175, SD:56, Max:366, Min:14
ACollision Out Avg:138, SD:43, Max:275, Min:15
ACollision End Avg:2, SD:10, Max:93, Min:0
ATask1 Avg:8, SD:4, Max:46, Min:0
ATask2 Avg:18, SD:13, Max:38, Min:0
ATask3 Avg:16, SD:2, Max:25, Min:11
ACore Active Avg:42, SD:15, Max:86, Min:14
ARouter Active Avg:79, SD:9, Max:100, Min:48
T1 invocations: 625,314
T2 invocations: 2,564,265
T3 invocations: 3,757,599
T3b invocations: 77,456,924
Total3 invocations: 81,214,523
Total4 invocations: 0

T3/T2 ratio: 1
T3b/T3 ratio: 21

T1 avg ex cycles: 121
T2 avg ex cycles: 71
T3&b avg ex cycles: 2
T4 avg ex cycles: -nan
Avg. hops NOC1: 26
Avg. latency NOC1 (T2): 12,665
Avg. hops NOC2: 14
Avg. latency NOC2 (T3): 1,893
Number of K Nodes Processed: 81,760
Number of K Edges Processed: 81,070
Node Re-explore factor: 19.49
Edge Re-explore factor: 0.63
Nodes/cy: 1,610
Edges/cy: 1,597
TEPS: 2,527

---Pcache---
Pcache Size: 16,384
Cached: 0
  PHits: 0
  PMisses: 0
  PHit Rate (hit/miss): -nan%
  PEvictions: 0
  PEviction Rate (evict/misses): -nan%

---Energy---
Leakage Energy (nJ): 91,430
PU Dyn E (nJ): 4,855,994
Mem Dyn E (nJ): 17,648,546
Route Dyn E (nJ): 7,287,459
Dynamic Energy (nJ): 29,791,999
Ratio of Dyn/Leak: 326
Total Energy (nJ): 29,883,429
Total Energy (nJ) 3D: 30,528,436
Cores Energy (nJ): 4,858,256
Route Energy (nJ): 7,288,761
Route Energy (nJ) 3D: 7,933,767
Mem Energy   (nJ): 17,736,413
Mem Energy   (nJ) 3D: 17,736,413
Avg. Power (mW): 588,557.71
Power Density (mW/mm2): 170.04

---Runtime---
Runtime in K cycles: 50.77
Microseconds: 50.77
Time per iteration (ms): 0.05

---Throughput---
GOP/s (aka OPS/ns): 8,248.25
GOP/s per core: 0.50
FLOP/s: 3,185.55
FLOP/s per core: 0.19
Max Peak FLOP/s: 16,384.00
Avg. BW GB/s: 66,690.44
Max BW GB/s: 65,536.00

---Traffic---
In-Die bisection_bytes BW (GB/s): 2,048.00
Inter-board traffic (msg/ns): 0.00, per-link: 0.00
Inter-pack traffic (msg/ns): 0.00, per-link: 0.00
Inter-die traffic (msg/ns): 0.00, per-link: 0.00
Ruche traffic (msg/ns): 0.00, per-link: 0.00
All traffic (msg/ns): 47,960.11, per-link: 2.93
Inter-die reduction wrt all: inf
Inter-board reduction wrt inter-die: -nan

---Data Movement---
All traffic (msg): 2,435,126,628
Arith. Intensity FLOP/Loads: 0.38
Arith. Intensity FLOP/Msgs: 0.07
Arith. Intensity OPS/Loads: 0.99
Arith. Intensity OPS/Msgs: 0.17



===Core Utilization Total=== CORE-S:5;; TIME K cy:50 ;; Nodes Proc: 10,149,052 -- Edges Proc: 10,031,175

===PRINTING FRAME STATS

FCollision In Avg:144, SD:58, Max:371, Min:1
FCollision Out Avg:167, SD:54, Max:298, Min:23
FCollision End Avg:1, SD:9, Max:101, Min:0
FTask1 Avg:3, SD:7, Max:56, Min:0
FTask2 Avg:15, SD:22, Max:100, Min:0
FTask3 Avg:14, SD:4, Max:62, Min:0
FCore Active Avg:33, SD:22, Max:100, Min:9
FRouter Active Avg:74, SD:14, Max:101, Min:18
T1 invocations: 12,587
T2 invocations: 82,599
T3 invocations: 201,581
T3b invocations: 2,696,342
Total3 invocations: 2,897,923
Total4 invocations: 0

T3/T2 ratio: 2
T3b/T3 ratio: 13

T1 avg ex cycles: 112
T2 avg ex cycles: 74
T3&b avg ex cycles: 2
T4 avg ex cycles: -nan
Avg. hops NOC1: 33
Avg. latency NOC1 (T2): 21,093
Avg. hops NOC2: 15
Avg. latency NOC2 (T3): 1,463

===PRINTING ACUM STATS at pu_cycles: 60,770

ACollision In Avg:170, SD:54, Max:348, Min:25
ACollision Out Avg:143, SD:43, Max:273, Min:26
ACollision End Avg:2, SD:9, Max:95, Min:0
ATask1 Avg:7, SD:3, Max:43, Min:0
ATask2 Avg:17, SD:11, Max:32, Min:0
ATask3 Avg:16, SD:2, Max:24, Min:9
ACore Active Avg:41, SD:12, Max:79, Min:13
ARouter Active Avg:79, SD:9, Max:99, Min:48
T1 invocations: 670,672
T2 invocations: 2,931,147
T3 invocations: 4,549,354
T3b invocations: 89,948,975
Total3 invocations: 94,498,329
Total4 invocations: 0

T3/T2 ratio: 2
T3b/T3 ratio: 20

T1 avg ex cycles: 120
T2 avg ex cycles: 71
T3&b avg ex cycles: 2
T4 avg ex cycles: -nan
Avg. hops NOC1: 25
Avg. latency NOC1 (T2): 13,794
Avg. hops NOC2: 14
Avg. latency NOC2 (T3): 1,851
Number of K Nodes Processed: 95,001
Number of K Edges Processed: 93,243
Node Re-explore factor: 22.65
Edge Re-explore factor: 0.73
Nodes/cy: 1,563
Edges/cy: 1,534
TEPS: 2,111

---Pcache---
Pcache Size: 16,384
Cached: 0
  PHits: 0
  PMisses: 0
  PHit Rate (hit/miss): -nan%
  PEvictions: 0
  PEviction Rate (evict/misses): -nan%

---Energy---
Leakage Energy (nJ): 109,430
PU Dyn E (nJ): 5,590,879
Mem Dyn E (nJ): 20,410,066
Route Dyn E (nJ): 8,441,137
Dynamic Energy (nJ): 34,442,083
Ratio of Dyn/Leak: 315
Total Energy (nJ): 34,551,513
Total Energy (nJ) 3D: 35,298,630
Cores Energy (nJ): 5,593,586
Route Energy (nJ): 8,442,696
Route Energy (nJ) 3D: 9,189,813
Mem Energy   (nJ): 20,515,232
Mem Energy   (nJ) 3D: 20,515,232
Avg. Power (mW): 568,562.00
Power Density (mW/mm2): 164.27

---Runtime---
Runtime in K cycles: 60.77
Microseconds: 60.77
Time per iteration (ms): 0.06

---Throughput---
GOP/s (aka OPS/ns): 7,864.25
GOP/s per core: 0.48
FLOP/s: 3,081.90
FLOP/s per core: 0.19
Max Peak FLOP/s: 16,384.00
Avg. BW GB/s: 64,439.46
Max BW GB/s: 65,536.00

---Traffic---
In-Die bisection_bytes BW (GB/s): 2,048.00
Inter-board traffic (msg/ns): 0.00, per-link: 0.00
Inter-pack traffic (msg/ns): 0.00, per-link: 0.00
Inter-die traffic (msg/ns): 0.00, per-link: 0.00
Ruche traffic (msg/ns): 0.00, per-link: 0.00
All traffic (msg/ns): 46,426.99, per-link: 2.83
Inter-die reduction wrt all: inf
Inter-board reduction wrt inter-die: -nan

---Data Movement---
All traffic (msg): 2,821,368,098
Arith. Intensity FLOP/Loads: 0.38
Arith. Intensity FLOP/Msgs: 0.07
Arith. Intensity OPS/Loads: 0.98
Arith. Intensity OPS/Msgs: 0.17



===Core Utilization Total=== CORE-S:6;; TIME K cy:60 ;; Nodes Proc: 11,791,320 -- Edges Proc: 11,571,859

===PRINTING FRAME STATS

FCollision In Avg:134, SD:56, Max:371, Min:0
FCollision Out Avg:155, SD:55, Max:313, Min:43
FCollision End Avg:1, SD:8, Max:101, Min:0
FTask1 Avg:4, SD:8, Max:73, Min:0
FTask2 Avg:14, SD:23, Max:100, Min:0
FTask3 Avg:14, SD:4, Max:48, Min:0
FCore Active Avg:33, SD:23, Max:100, Min:9
FRouter Active Avg:78, SD:13, Max:101, Min:21
T1 invocations: 12,549
T2 invocations: 76,144
T3 invocations: 378,147
T3b invocations: 2,560,469
Total3 invocations: 2,938,616
Total4 invocations: 0

T3/T2 ratio: 5
T3b/T3 ratio: 7

T1 avg ex cycles: 115
T2 avg ex cycles: 76
T3&b avg ex cycles: 2
T4 avg ex cycles: -nan
Avg. hops NOC1: 34
Avg. latency NOC1 (T2): 17,967
Avg. hops NOC2: 17
Avg. latency NOC2 (T3): 1,544

===PRINTING ACUM STATS at pu_cycles: 70,729

ACollision In Avg:165, SD:51, Max:313, Min:37
ACollision Out Avg:144, SD:42, Max:260, Min:35
ACollision End Avg:2, SD:9, Max:95, Min:0
ATask1 Avg:7, SD:2, Max:37, Min:0
ATask2 Avg:17, SD:9, Max:27, Min:0
ATask3 Avg:16, SD:2, Max:24, Min:10
ACore Active Avg:40, SD:11, Max:76, Min:13
ARouter Active Avg:78, SD:9, Max:99, Min:46
T1 invocations: 707,400
T2 invocations: 3,216,468
T3 invocations: 5,944,461
T3b invocations: 99,844,269
Total3 invocations: 105,788,730
Total4 invocations: 0

T3/T2 ratio: 2
T3b/T3 ratio: 17

T1 avg ex cycles: 120
T2 avg ex cycles: 72
T3&b avg ex cycles: 2
T4 avg ex cycles: -nan
Avg. hops NOC1: 25
Avg. latency NOC1 (T2): 14,302
Avg. hops NOC2: 14
Avg. latency NOC2 (T3): 1,820
Number of K Nodes Processed: 106,173
Number of K Edges Processed: 102,793
Node Re-explore factor: 25.31
Edge Re-explore factor: 0.80
Nodes/cy: 1,501
Edges/cy: 1,453
TEPS: 1,814

---Pcache---
Pcache Size: 16,384
Cached: 0
  PHits: 0
  PMisses: 0
  PHit Rate (hit/miss): -nan%
  PEvictions: 0
  PEviction Rate (evict/misses): -nan%

---Energy---
Leakage Energy (nJ): 127,363
PU Dyn E (nJ): 6,193,758
Mem Dyn E (nJ): 22,691,860
Route Dyn E (nJ): 9,681,217
Dynamic Energy (nJ): 38,566,836
Ratio of Dyn/Leak: 303
Total Energy (nJ): 38,694,199
Total Energy (nJ) 3D: 39,551,074
Cores Energy (nJ): 6,196,908
Route Energy (nJ): 9,683,031
Route Energy (nJ) 3D: 10,539,906
Mem Energy   (nJ): 22,814,261
Mem Energy   (nJ) 3D: 22,814,261
Avg. Power (mW): 547,076.86
Power Density (mW/mm2): 158.06

---Runtime---
Runtime in K cycles: 70.73
Microseconds: 70.73
Time per iteration (ms): 0.07

---Throughput---
GOP/s (aka OPS/ns): 7,441.05
GOP/s per core: 0.45
FLOP/s: 2,944.61
FLOP/s per core: 0.18
Max Peak FLOP/s: 16,384.00
Avg. BW GB/s: 61,555.95
Max BW GB/s: 65,536.00

---Traffic---
In-Die bisection_bytes BW (GB/s): 2,048.00
Inter-board traffic (msg/ns): 0.00, per-link: 0.00
Inter-pack traffic (msg/ns): 0.00, per-link: 0.00
Inter-die traffic (msg/ns): 0.00, per-link: 0.00
Ruche traffic (msg/ns): 0.00, per-link: 0.00
All traffic (msg/ns): 45,670.55, per-link: 2.79
Inter-die reduction wrt all: inf
Inter-board reduction wrt inter-die: -nan

---Data Movement---
All traffic (msg): 3,230,232,283
Arith. Intensity FLOP/Loads: 0.38
Arith. Intensity FLOP/Msgs: 0.06
Arith. Intensity OPS/Loads: 0.97
Arith. Intensity OPS/Msgs: 0.16



===Core Utilization Total=== CORE-S:7;; TIME K cy:70 ;; Nodes Proc: 13,263,973 -- Edges Proc: 12,838,940

===PRINTING FRAME STATS

FCollision In Avg:125, SD:50, Max:371, Min:1
FCollision Out Avg:142, SD:52, Max:294, Min:41
FCollision End Avg:1, SD:7, Max:100, Min:0
FTask1 Avg:3, SD:7, Max:62, Min:0
FTask2 Avg:14, SD:22, Max:100, Min:0
FTask3 Avg:14, SD:4, Max:48, Min:0
FCore Active Avg:32, SD:23, Max:100, Min:10
FRouter Active Avg:83, SD:12, Max:101, Min:27
T1 invocations: 9,422
T2 invocations: 74,223
T3 invocations: 476,298
T3b invocations: 2,484,940
Total3 invocations: 2,961,238
Total4 invocations: 0

T3/T2 ratio: 6
T3b/T3 ratio: 5

T1 avg ex cycles: 110
T2 avg ex cycles: 75
T3&b avg ex cycles: 2
T4 avg ex cycles: -nan
Avg. hops NOC1: 29
Avg. latency NOC1 (T2): 19,922
Avg. hops NOC2: 20
Avg. latency NOC2 (T3): 1,391

===PRINTING ACUM STATS at pu_cycles: 80,789

ACollision In Avg:160, SD:48, Max:306, Min:42
ACollision Out Avg:144, SD:41, Max:245, Min:41
ACollision End Avg:1, SD:8, Max:96, Min:0
ATask1 Avg:6, SD:2, Max:32, Min:0
ATask2 Avg:16, SD:7, Max:24, Min:0
ATask3 Avg:15, SD:2, Max:24, Min:10
ACore Active Avg:39, SD:9, Max:77, Min:14
ARouter Active Avg:79, SD:9, Max:98, Min:48
T1 invocations: 735,077
T2 invocations: 3,445,378
T3 invocations: 7,708,131
T3b invocations: 107,789,331
Total3 invocations: 115,497,462
Total4 invocations: 0

T3/T2 ratio: 2
T3b/T3 ratio: 14

T1 avg ex cycles: 120
T2 avg ex cycles: 72
T3&b avg ex cycles: 2
T4 avg ex cycles: -nan
Avg. hops NOC1: 25
Avg. latency NOC1 (T2): 14,698
Avg. hops NOC2: 15
Avg. latency NOC2 (T3): 1,783
Number of K Nodes Processed: 115,852
Number of K Edges Processed: 110,511
Node Re-explore factor: 27.62
Edge Re-explore factor: 0.86
Nodes/cy: 1,434
Edges/cy: 1,368
TEPS: 1,588

---Pcache---
Pcache Size: 16,384
Cached: 0
  PHits: 0
  PMisses: 0
  PHit Rate (hit/miss): -nan%
  PEvictions: 0
  PEviction Rate (evict/misses): -nan%

---Energy---
Leakage Energy (nJ): 145,479
PU Dyn E (nJ): 6,693,989
Mem Dyn E (nJ): 24,601,311
Route Dyn E (nJ): 10,936,353
Dynamic Energy (nJ): 42,231,654
Ratio of Dyn/Leak: 290
Total Energy (nJ): 42,377,133
Total Energy (nJ) 3D: 43,345,100
Cores Energy (nJ): 6,697,587
Route Energy (nJ): 10,938,425
Route Energy (nJ) 3D: 11,906,392
Mem Energy   (nJ): 24,741,121
Mem Energy   (nJ) 3D: 24,741,121
Avg. Power (mW): 524,540.87
Power Density (mW/mm2): 151.55

---Runtime---
Runtime in K cycles: 80.79
Microseconds: 80.79
Time per iteration (ms): 0.08

---Throughput---
GOP/s (aka OPS/ns): 7,008.77
GOP/s per core: 0.43
FLOP/s: 2,794.11
FLOP/s per core: 0.17
Max Peak FLOP/s: 16,384.00
Avg. BW GB/s: 58,425.71
Max BW GB/s: 65,536.00

---Traffic---
In-Die bisection_bytes BW (GB/s): 2,048.00
Inter-board traffic (msg/ns): 0.00, per-link: 0.00
Inter-pack traffic (msg/ns): 0.00, per-link: 0.00
Inter-die traffic (msg/ns): 0.00, per-link: 0.00
Ruche traffic (msg/ns): 0.00, per-link: 0.00
All traffic (msg/ns): 45,061.13, per-link: 2.75
Inter-die reduction wrt all: inf
Inter-board reduction wrt inter-die: -nan

---Data Movement---
All traffic (msg): 3,640,443,651
Arith. Intensity FLOP/Loads: 0.38
Arith. Intensity FLOP/Msgs: 0.06
Arith. Intensity OPS/Loads: 0.96
Arith. Intensity OPS/Msgs: 0.16



===Core Utilization Total=== CORE-S:8;; TIME K cy:80 ;; Nodes Proc: 14,525,517 -- Edges Proc: 13,856,275

===PRINTING FRAME STATS

FCollision In Avg:114, SD:44, Max:436, Min:1
FCollision Out Avg:123, SD:45, Max:266, Min:40
FCollision End Avg:0, SD:6, Max:100, Min:0
FTask1 Avg:3, SD:7, Max:69, Min:0
FTask2 Avg:13, SD:22, Max:100, Min:0
FTask3 Avg:14, SD:4, Max:45, Min:0
FCore Active Avg:30, SD:22, Max:100, Min:8
FRouter Active Avg:82, SD:11, Max:101, Min:37
T1 invocations: 9,446
T2 invocations: 68,668
T3 invocations: 460,687
T3b invocations: 2,355,491
Total3 invocations: 2,816,178
Total4 invocations: 0

T3/T2 ratio: 7
T3b/T3 ratio: 5

T1 avg ex cycles: 112
T2 avg ex cycles: 76
T3&b avg ex cycles: 2
T4 avg ex cycles: -nan
Avg. hops NOC1: 29
Avg. latency NOC1 (T2): 21,832
Avg. hops NOC2: 21
Avg. latency NOC2 (T3): 1,263

===PRINTING ACUM STATS at pu_cycles: 90,731

ACollision In Avg:155, SD:46, Max:306, Min:48
ACollision Out Avg:142, SD:40, Max:241, Min:49
ACollision End Avg:1, SD:8, Max:96, Min:0
ATask1 Avg:6, SD:2, Max:29, Min:0
ATask2 Avg:16, SD:6, Max:21, Min:0
ATask3 Avg:15, SD:2, Max:23, Min:10
ACore Active Avg:38, SD:7, Max:71, Min:14
ARouter Active Avg:79, SD:8, Max:98, Min:50
T1 invocations: 754,329
T2 invocations: 3,617,661
T3 invocations: 9,444,439
T3b invocations: 113,817,295
Total3 invocations: 123,261,734
Total4 invocations: 0

T3/T2 ratio: 3
T3b/T3 ratio: 12

T1 avg ex cycles: 120
T2 avg ex cycles: 72
T3&b avg ex cycles: 2
T4 avg ex cycles: -nan
Avg. hops NOC1: 25
Avg. latency NOC1 (T2): 15,068
Avg. hops NOC2: 15
Avg. latency NOC2 (T3): 1,753
Number of K Nodes Processed: 123,472
Number of K Edges Processed: 116,309
Node Re-explore factor: 29.44
Edge Re-explore factor: 0.91
Nodes/cy: 1,361
Edges/cy: 1,282
TEPS: 1,414

---Pcache---
Pcache Size: 16,384
Cached: 0
  PHits: 0
  PMisses: 0
  PHit Rate (hit/miss): -nan%
  PEvictions: 0
  PEviction Rate (evict/misses): -nan%

---Energy---
Leakage Energy (nJ): 163,381
PU Dyn E (nJ): 7,083,551
Mem Dyn E (nJ): 26,098,963
Route Dyn E (nJ): 12,048,492
Dynamic Energy (nJ): 45,231,006
Ratio of Dyn/Leak: 277
Total Energy (nJ): 45,394,387
Total Energy (nJ) 3D: 46,460,788
Cores Energy (nJ): 7,087,592
Route Energy (nJ): 12,050,819
Route Energy (nJ) 3D: 13,117,220
Mem Energy   (nJ): 26,255,978
Mem Energy   (nJ) 3D: 26,255,978
Avg. Power (mW): 500,318.39
Power Density (mW/mm2): 144.55

---Runtime---
Runtime in K cycles: 90.73
Microseconds: 90.73
Time per iteration (ms): 0.09

---Throughput---
GOP/s (aka OPS/ns): 6,581.16
GOP/s per core: 0.40
FLOP/s: 2,638.43
FLOP/s per core: 0.16
Max Peak FLOP/s: 16,384.00
Avg. BW GB/s: 55,190.69
Max BW GB/s: 65,536.00

---Traffic---
In-Die bisection_bytes BW (GB/s): 2,048.00
Inter-board traffic (msg/ns): 0.00, per-link: 0.00
Inter-pack traffic (msg/ns): 0.00, per-link: 0.00
Inter-die traffic (msg/ns): 0.00, per-link: 0.00
Ruche traffic (msg/ns): 0.00, per-link: 0.00
All traffic (msg/ns): 44,110.08, per-link: 2.69
Inter-die reduction wrt all: inf
Inter-board reduction wrt inter-die: -nan

---Data Movement---
All traffic (msg): 4,002,151,329
Arith. Intensity FLOP/Loads: 0.38
Arith. Intensity FLOP/Msgs: 0.06
Arith. Intensity OPS/Loads: 0.96
Arith. Intensity OPS/Msgs: 0.15



===Core Utilization Total=== CORE-S:9;; TIME K cy:90 ;; Nodes Proc: 15,437,133 -- Edges Proc: 14,542,477

===PRINTING FRAME STATS

FCollision In Avg:109, SD:42, Max:372, Min:0
FCollision Out Avg:120, SD:44, Max:287, Min:24
FCollision End Avg:0, SD:5, Max:100, Min:0
FTask1 Avg:2, SD:7, Max:56, Min:0
FTask2 Avg:11, SD:22, Max:100, Min:0
FTask3 Avg:12, SD:4, Max:36, Min:0
FCore Active Avg:26, SD:23, Max:100, Min:7
FRouter Active Avg:70, SD:16, Max:101, Min:19
T1 invocations: 7,486
T2 invocations: 58,879
T3 invocations: 333,483
T3b invocations: 2,034,940
Total3 invocations: 2,368,423
Total4 invocations: 0

T3/T2 ratio: 6
T3b/T3 ratio: 6

T1 avg ex cycles: 119
T2 avg ex cycles: 77
T3&b avg ex cycles: 2
T4 avg ex cycles: -nan
Avg. hops NOC1: 32
Avg. latency NOC1 (T2): 19,956
Avg. hops NOC2: 18
Avg. latency NOC2 (T3): 1,236

===PRINTING ACUM STATS at pu_cycles: 100,677

ACollision In Avg:150, SD:43, Max:305, Min:54
ACollision Out Avg:139, SD:38, Max:241, Min:53
ACollision End Avg:1, SD:7, Max:96, Min:0
ATask1 Avg:6, SD:1, Max:26, Min:0
ATask2 Avg:16, SD:4, Max:19, Min:0
ATask3 Avg:15, SD:2, Max:23, Min:10
ACore Active Avg:37, SD:6, Max:66, Min:13
ARouter Active Avg:78, SD:8, Max:96, Min:49
T1 invocations: 769,871
T2 invocations: 3,744,412
T3 invocations: 10,680,837
T3b invocations: 118,242,002
Total3 invocations: 128,922,839
Total4 invocations: 0

T3/T2 ratio: 3
T3b/T3 ratio: 11

T1 avg ex cycles: 120
T2 avg ex cycles: 72
T3&b avg ex cycles: 2
T4 avg ex cycles: -nan
Avg. hops NOC1: 25
Avg. latency NOC1 (T2): 15,311
Avg. hops NOC2: 15
Avg. latency NOC2 (T3): 1,737
Number of K Nodes Processed: 129,084
Number of K Edges Processed: 120,604
Node Re-explore factor: 30.78
Edge Re-explore factor: 0.94
Nodes/cy: 1,282
Edges/cy: 1,198
TEPS: 1,274

---Pcache---
Pcache Size: 16,384
Cached: 0
  PHits: 0
  PMisses: 0
  PHit Rate (hit/miss): -nan%
  PEvictions: 0
  PEviction Rate (evict/misses): -nan%

---Energy---
Leakage Energy (nJ): 181,291
PU Dyn E (nJ): 7,369,987
Mem Dyn E (nJ): 27,196,117
Route Dyn E (nJ): 12,860,724
Dynamic Energy (nJ): 47,426,829
Ratio of Dyn/Leak: 262
Total Energy (nJ): 47,608,120
Total Energy (nJ) 3D: 48,746,411
Cores Energy (nJ): 7,374,471
Route Energy (nJ): 12,863,305
Route Energy (nJ) 3D: 14,001,596
Mem Energy   (nJ): 27,370,345
Mem Energy   (nJ) 3D: 27,370,345
Avg. Power (mW): 472,879.81
Power Density (mW/mm2): 136.62

---Runtime---
Runtime in K cycles: 100.68
Microseconds: 100.68
Time per iteration (ms): 0.10

---Throughput---
GOP/s (aka OPS/ns): 6,158.14
GOP/s per core: 0.38
FLOP/s: 2,477.09
FLOP/s per core: 0.15
Max Peak FLOP/s: 16,384.00
Avg. BW GB/s: 51,829.29
Max BW GB/s: 65,536.00

---Traffic---
In-Die bisection_bytes BW (GB/s): 2,048.00
Inter-board traffic (msg/ns): 0.00, per-link: 0.00
Inter-pack traffic (msg/ns): 0.00, per-link: 0.00
Inter-die traffic (msg/ns): 0.00, per-link: 0.00
Ruche traffic (msg/ns): 0.00, per-link: 0.00
All traffic (msg/ns): 42,376.14, per-link: 2.59
Inter-die reduction wrt all: inf
Inter-board reduction wrt inter-die: -nan

---Data Movement---
All traffic (msg): 4,266,302,284
Arith. Intensity FLOP/Loads: 0.38
Arith. Intensity FLOP/Msgs: 0.06
Arith. Intensity OPS/Loads: 0.95
Arith. Intensity OPS/Msgs: 0.15



===Core Utilization Total=== CORE-S:10;; TIME K cy:100 ;; Nodes Proc: 16,121,242 -- Edges Proc: 15,065,027

===PRINTING FRAME STATS

FCollision In Avg:103, SD:32, Max:359, Min:0
FCollision Out Avg:106, SD:34, Max:271, Min:45
FCollision End Avg:0, SD:4, Max:100, Min:0
FTask1 Avg:1, SD:6, Max:84, Min:0
FTask2 Avg:9, SD:22, Max:100, Min:0
FTask3 Avg:10, SD:4, Max:43, Min:0
FCore Active Avg:22, SD:23, Max:100, Min:4
FRouter Active Avg:70, SD:16, Max:101, Min:21
T1 invocations: 4,742
T2 invocations: 49,091
T3 invocations: 389,236
T3b invocations: 1,720,828
Total3 invocations: 2,110,064
Total4 invocations: 0

T3/T2 ratio: 8
T3b/T3 ratio: 4

T1 avg ex cycles: 124
T2 avg ex cycles: 77
T3&b avg ex cycles: 2
T4 avg ex cycles: -nan
Avg. hops NOC1: 27
Avg. latency NOC1 (T2): 20,761
Avg. hops NOC2: 21
Avg. latency NOC2 (T3): 1,281

===PRINTING ACUM STATS at pu_cycles: 110,496

ACollision In Avg:146, SD:40, Max:304, Min:58
ACollision Out Avg:136, SD:36, Max:243, Min:57
ACollision End Avg:1, SD:7, Max:96, Min:0
ATask1 Avg:5, SD:1, Max:24, Min:0
ATask2 Avg:15, SD:3, Max:18, Min:0
ATask3 Avg:14, SD:1, Max:22, Min:10
ACore Active Avg:35, SD:4, Max:62, Min:13
ARouter Active Avg:78, SD:8, Max:95, Min:49
T1 invocations: 779,963
T2 invocations: 3,846,626
T3 invocations: 12,151,704
T3b invocations: 121,790,648
Total3 invocations: 133,942,352
Total4 invocations: 0

T3/T2 ratio: 3
T3b/T3 ratio: 10

T1 avg ex cycles: 120
T2 avg ex cycles: 72
T3&b avg ex cycles: 2
T4 avg ex cycles: -nan
Avg. hops NOC1: 25
Avg. latency NOC1 (T2): 15,457
Avg. hops NOC2: 16
Avg. latency NOC2 (T3): 1,721
Number of K Nodes Processed: 134,037
Number of K Edges Processed: 124,090
Node Re-explore factor: 31.96
Edge Re-explore factor: 0.97
Nodes/cy: 1,213
Edges/cy: 1,123
TEPS: 1,161

---Pcache---
Pcache Size: 16,384
Cached: 0
  PHits: 0
  PMisses: 0
  PHit Rate (hit/miss): -nan%
  PEvictions: 0
  PEviction Rate (evict/misses): -nan%

---Energy---
Leakage Energy (nJ): 198,973
PU Dyn E (nJ): 7,611,715
Mem Dyn E (nJ): 28,134,378
Route Dyn E (nJ): 13,717,323
Dynamic Energy (nJ): 49,463,417
Ratio of Dyn/Leak: 249
Total Energy (nJ): 49,662,390
Total Energy (nJ) 3D: 50,876,498
Cores Energy (nJ): 7,616,636
Route Energy (nJ): 13,720,156
Route Energy (nJ) 3D: 14,934,264
Mem Energy   (nJ): 28,325,598
Mem Energy   (nJ) 3D: 28,325,598
Avg. Power (mW): 449,449.66
Power Density (mW/mm2): 129.85

---Runtime---
Runtime in K cycles: 110.50
Microseconds: 110.50
Time per iteration (ms): 0.11

---Throughput---
GOP/s (aka OPS/ns): 5,783.55
GOP/s per core: 0.35
FLOP/s: 2,333.85
FLOP/s per core: 0.14
Max Peak FLOP/s: 16,384.00
Avg. BW GB/s: 48,852.83
Max BW GB/s: 65,536.00

---Traffic---
In-Die bisection_bytes BW (GB/s): 2,048.00
Inter-board traffic (msg/ns): 0.00, per-link: 0.00
Inter-pack traffic (msg/ns): 0.00, per-link: 0.00
Inter-die traffic (msg/ns): 0.00, per-link: 0.00
Ruche traffic (msg/ns): 0.00, per-link: 0.00
All traffic (msg/ns): 41,113.58, per-link: 2.51
Inter-die reduction wrt all: inf
Inter-board reduction wrt inter-die: -nan

---Data Movement---
All traffic (msg): 4,542,886,428
Arith. Intensity FLOP/Loads: 0.38
Arith. Intensity FLOP/Msgs: 0.06
Arith. Intensity OPS/Loads: 0.95
Arith. Intensity OPS/Msgs: 0.14



===Core Utilization Total=== CORE-S:11;; TIME K cy:110 ;; Nodes Proc: 16,715,276 -- Edges Proc: 15,465,396

===PRINTING FRAME STATS

FCollision In Avg:100, SD:27, Max:372, Min:0
FCollision Out Avg:100, SD:20, Max:276, Min:17
FCollision End Avg:0, SD:2, Max:100, Min:0
FTask1 Avg:1, SD:5, Max:61, Min:0
FTask2 Avg:7, SD:20, Max:100, Min:0
FTask3 Avg:7, SD:5, Max:44, Min:0
FCore Active Avg:16, SD:22, Max:100, Min:0
FRouter Active Avg:54, SD:21, Max:100, Min:11
T1 invocations: 3,730
T2 invocations: 35,565
T3 invocations: 262,112
T3b invocations: 1,269,687
Total3 invocations: 1,531,799
Total4 invocations: 0

T3/T2 ratio: 7
T3b/T3 ratio: 5

T1 avg ex cycles: 128
T2 avg ex cycles: 78
T3&b avg ex cycles: 2
T4 avg ex cycles: -nan
Avg. hops NOC1: 31
Avg. latency NOC1 (T2): 16,305
Avg. hops NOC2: 20
Avg. latency NOC2 (T3): 1,222

===PRINTING ACUM STATS at pu_cycles: 120,766

ACollision In Avg:142, SD:37, Max:297, Min:62
ACollision Out Avg:133, SD:34, Max:246, Min:59
ACollision End Avg:1, SD:6, Max:95, Min:0
ATask1 Avg:5, SD:1, Max:22, Min:1
ATask2 Avg:14, SD:2, Max:16, Min:0
ATask3 Avg:14, SD:1, Max:21, Min:10
ACore Active Avg:34, SD:3, Max:58, Min:15
ARouter Active Avg:76, SD:9, Max:95, Min:47
T1 invocations: 787,837
T2 invocations: 3,926,382
T3 invocations: 13,111,486
T3b invocations: 124,573,712
Total3 invocations: 137,685,198
Total4 invocations: 0

T3/T2 ratio: 3
T3b/T3 ratio: 10

T1 avg ex cycles: 120
T2 avg ex cycles: 73
T3&b avg ex cycles: 2
T4 avg ex cycles: -nan
Avg. hops NOC1: 25
Avg. latency NOC1 (T2): 15,525
Avg. hops NOC2: 16
Avg. latency NOC2 (T3): 1,711
Number of K Nodes Processed: 137,797
Number of K Edges Processed: 126,815
Node Re-explore factor: 32.85
Edge Re-explore factor: 0.99
Nodes/cy: 1,141
Edges/cy: 1,050
TEPS: 1,062

---Pcache---
Pcache Size: 16,384
Cached: 0
  PHits: 0
  PMisses: 0
  PHit Rate (hit/miss): -nan%
  PEvictions: 0
  PEviction Rate (evict/misses): -nan%

---Energy---
Leakage Energy (nJ): 217,466
PU Dyn E (nJ): 7,798,130
Mem Dyn E (nJ): 28,852,116
Route Dyn E (nJ): 14,291,941
Dynamic Energy (nJ): 50,942,187
Ratio of Dyn/Leak: 234
Total Energy (nJ): 51,159,653
Total Energy (nJ) 3D: 52,424,620
Cores Energy (nJ): 7,803,508
Route Energy (nJ): 14,295,037
Route Energy (nJ) 3D: 15,560,004
Mem Energy   (nJ): 29,061,108
Mem Energy   (nJ) 3D: 29,061,108
Avg. Power (mW): 423,626.29
Power Density (mW/mm2): 122.39

---Runtime---
Runtime in K cycles: 120.77
Microseconds: 120.77
Time per iteration (ms): 0.12

---Throughput---
GOP/s (aka OPS/ns): 5,413.86
GOP/s per core: 0.33
FLOP/s: 2,189.53
FLOP/s per core: 0.13
Max Peak FLOP/s: 16,384.00
Avg. BW GB/s: 45,838.69
Max BW GB/s: 65,536.00

---Traffic---
In-Die bisection_bytes BW (GB/s): 2,048.00
Inter-board traffic (msg/ns): 0.00, per-link: 0.00
Inter-pack traffic (msg/ns): 0.00, per-link: 0.00
Inter-die traffic (msg/ns): 0.00, per-link: 0.00
Ruche traffic (msg/ns): 0.00, per-link: 0.00
All traffic (msg/ns): 39,160.09, per-link: 2.39
Inter-die reduction wrt all: inf
Inter-board reduction wrt inter-die: -nan

---Data Movement---
All traffic (msg): 4,729,207,548
Arith. Intensity FLOP/Loads: 0.38
Arith. Intensity FLOP/Msgs: 0.06
Arith. Intensity OPS/Loads: 0.95
Arith. Intensity OPS/Msgs: 0.14



===Core Utilization Total=== CORE-S:12;; TIME K cy:120 ;; Nodes Proc: 17,163,348 -- Edges Proc: 15,798,104

===PRINTING FRAME STATS

FCollision In Avg:98, SD:16, Max:215, Min:0
FCollision Out Avg:82, SD:15, Max:199, Min:13
FCollision End Avg:0, SD:0, Max:18, Min:0
FTask1 Avg:0, SD:3, Max:47, Min:0
FTask2 Avg:4, SD:15, Max:100, Min:0
FTask3 Avg:6, SD:4, Max:30, Min:0
FCore Active Avg:12, SD:17, Max:100, Min:0
FRouter Active Avg:65, SD:15, Max:100, Min:28
T1 invocations: 924
T2 invocations: 19,838
T3 invocations: 612,324
T3b invocations: 711,321
Total3 invocations: 1,323,645
Total4 invocations: 0

T3/T2 ratio: 31
T3b/T3 ratio: 1

T1 avg ex cycles: 146
T2 avg ex cycles: 74
T3&b avg ex cycles: 2
T4 avg ex cycles: -nan
Avg. hops NOC1: 11
Avg. latency NOC1 (T2): 14,204
Avg. hops NOC2: 35
Avg. latency NOC2 (T3): 1,688

===PRINTING ACUM STATS at pu_cycles: 130,406

ACollision In Avg:139, SD:34, Max:281, Min:65
ACollision Out Avg:129, SD:31, Max:238, Min:61
ACollision End Avg:1, SD:6, Max:88, Min:0
ATask1 Avg:4, SD:1, Max:20, Min:1
ATask2 Avg:13, SD:1, Max:15, Min:1
ATask3 Avg:13, SD:1, Max:20, Min:10
ACore Active Avg:32, SD:2, Max:54, Min:20
ARouter Active Avg:75, SD:9, Max:95, Min:47
T1 invocations: 789,664
T2 invocations: 3,965,662
T3 invocations: 15,495,551
T3b invocations: 126,013,814
Total3 invocations: 141,509,365
Total4 invocations: 0

T3/T2 ratio: 4
T3b/T3 ratio: 8

T1 avg ex cycles: 120
T2 avg ex cycles: 73
T3&b avg ex cycles: 2
T4 avg ex cycles: -nan
Avg. hops NOC1: 25
Avg. latency NOC1 (T2): 15,530
Avg. hops NOC2: 17
Avg. latency NOC2 (T3): 1,708
Number of K Nodes Processed: 141,561
Number of K Edges Processed: 128,069
Node Re-explore factor: 33.75
Edge Re-explore factor: 1.00
Nodes/cy: 1,086
Edges/cy: 982
TEPS: 984

---Pcache---
Pcache Size: 16,384
Cached: 0
  PHits: 0
  PMisses: 0
  PHit Rate (hit/miss): -nan%
  PEvictions: 0
  PEviction Rate (evict/misses): -nan%

---Energy---
Leakage Energy (nJ): 234,825
PU Dyn E (nJ): 7,940,790
Mem Dyn E (nJ): 29,445,149
Route Dyn E (nJ): 15,372,977
Dynamic Energy (nJ): 52,758,917
Ratio of Dyn/Leak: 225
Total Energy (nJ): 52,993,742
Total Energy (nJ) 3D: 54,354,390
Cores Energy (nJ): 7,946,598
Route Energy (nJ): 15,376,321
Route Energy (nJ) 3D: 16,736,969
Mem Energy   (nJ): 29,670,825
Mem Energy   (nJ) 3D: 29,670,825
Avg. Power (mW): 406,375.03
Power Density (mW/mm2): 117.41

---Runtime---
Runtime in K cycles: 130.41
Microseconds: 130.41
Time per iteration (ms): 0.13

---Throughput---
GOP/s (aka OPS/ns): 5,096.65
GOP/s per core: 0.31
FLOP/s: 2,066.95
FLOP/s per core: 0.13
Max Peak FLOP/s: 16,384.00
Avg. BW GB/s: 43,322.74
Max BW GB/s: 65,536.00

---Traffic---
In-Die bisection_bytes BW (GB/s): 2,048.00
Inter-board traffic (msg/ns): 0.00, per-link: 0.00
Inter-pack traffic (msg/ns): 0.00, per-link: 0.00
Inter-die traffic (msg/ns): 0.00, per-link: 0.00
Ruche traffic (msg/ns): 0.00, per-link: 0.00
All traffic (msg/ns): 38,901.35, per-link: 2.37
Inter-die reduction wrt all: inf
Inter-board reduction wrt inter-die: -nan

---Data Movement---
All traffic (msg): 5,072,969,000
Arith. Intensity FLOP/Loads: 0.38
Arith. Intensity FLOP/Msgs: 0.05
Arith. Intensity OPS/Loads: 0.94
Arith. Intensity OPS/Msgs: 0.13



===Core Utilization Total=== CORE-S:13;; TIME K cy:130 ;; Nodes Proc: 17,654,237 -- Edges Proc: 15,980,656

===PRINTING FRAME STATS

FCollision In Avg:98, SD:17, Max:277, Min:0
FCollision Out Avg:70, SD:20, Max:130, Min:11
FCollision End Avg:0, SD:0, Max:0, Min:0
FTask1 Avg:0, SD:1, Max:41, Min:0
FTask2 Avg:1, SD:6, Max:100, Min:0
FTask3 Avg:5, SD:3, Max:28, Min:0
FCore Active Avg:8, SD:8, Max:100, Min:1
FRouter Active Avg:77, SD:15, Max:100, Min:42
T1 invocations: 124
T2 invocations: 3,634
T3 invocations: 917,369
T3b invocations: 148,425
Total3 invocations: 1,065,794
Total4 invocations: 0

T3/T2 ratio: 252
T3b/T3 ratio: 0

T1 avg ex cycles: 150
T2 avg ex cycles: 78
T3&b avg ex cycles: 2
T4 avg ex cycles: -nan
Avg. hops NOC1: 8
Avg. latency NOC1 (T2): 10,428
Avg. hops NOC2: 55
Avg. latency NOC2 (T3): 1,266

===PRINTING ACUM STATS at pu_cycles: 140,209

ACollision In Avg:136, SD:32, Max:268, Min:67
ACollision Out Avg:125, SD:29, Max:226, Min:60
ACollision End Avg:1, SD:5, Max:81, Min:0
ATask1 Avg:4, SD:1, Max:19, Min:3
ATask2 Avg:13, SD:0, Max:14, Min:8
ATask3 Avg:13, SD:1, Max:19, Min:10
ACore Active Avg:30, SD:2, Max:52, Min:26
ARouter Active Avg:75, SD:8, Max:94, Min:49
T1 invocations: 789,927
T2 invocations: 3,973,391
T3 invocations: 19,108,950
T3b invocations: 126,298,721
Total3 invocations: 145,407,671
Total4 invocations: 0

T3/T2 ratio: 5
T3b/T3 ratio: 7

T1 avg ex cycles: 120
T2 avg ex cycles: 73
T3&b avg ex cycles: 2
T4 avg ex cycles: -nan
Avg. hops NOC1: 25
Avg. latency NOC1 (T2): 15,527
Avg. hops NOC2: 18
Avg. latency NOC2 (T3): 1,689
Number of K Nodes Processed: 145,437
Number of K Edges Processed: 128,303
Node Re-explore factor: 34.68
Edge Re-explore factor: 1.00
Nodes/cy: 1,037
Edges/cy: 915
TEPS: 915

---Pcache---
Pcache Size: 16,384
Cached: 0
  PHits: 0
  PMisses: 0
  PHit Rate (hit/miss): -nan%
  PEvictions: 0
  PEviction Rate (evict/misses): -nan%

---Energy---
Leakage Energy (nJ): 252,478
PU Dyn E (nJ): 8,055,170
Mem Dyn E (nJ): 29,956,389
Route Dyn E (nJ): 16,894,974
Dynamic Energy (nJ): 54,906,534
Ratio of Dyn/Leak: 217
Total Energy (nJ): 55,159,012
Total Energy (nJ) 3D: 56,654,371
Cores Energy (nJ): 8,061,414
Route Energy (nJ): 16,898,569
Route Energy (nJ) 3D: 18,393,928
Mem Energy   (nJ): 30,199,029
Mem Energy   (nJ) 3D: 30,199,029
Avg. Power (mW): 393,405.64
Power Density (mW/mm2): 113.66

---Runtime---
Runtime in K cycles: 140.21
Microseconds: 140.21
Time per iteration (ms): 0.14

---Throughput---
GOP/s (aka OPS/ns): 4,800.46
GOP/s per core: 0.29
FLOP/s: 1,952.16
FLOP/s per core: 0.12
Max Peak FLOP/s: 16,384.00
Avg. BW GB/s: 40,993.39
Max BW GB/s: 65,536.00

---Traffic---
In-Die bisection_bytes BW (GB/s): 2,048.00
Inter-board traffic (msg/ns): 0.00, per-link: 0.00
Inter-pack traffic (msg/ns): 0.00, per-link: 0.00
Inter-die traffic (msg/ns): 0.00, per-link: 0.00
Ruche traffic (msg/ns): 0.00, per-link: 0.00
All traffic (msg/ns): 39,611.14, per-link: 2.42
Inter-die reduction wrt all: inf
Inter-board reduction wrt inter-die: -nan

---Data Movement---
All traffic (msg): 5,553,838,584
Arith. Intensity FLOP/Loads: 0.38
Arith. Intensity FLOP/Msgs: 0.05
Arith. Intensity OPS/Loads: 0.94
Arith. Intensity OPS/Msgs: 0.12



===Core Utilization Total=== CORE-S:14;; TIME K cy:140 ;; Nodes Proc: 18,164,886 -- Edges Proc: 16,035,956

===PRINTING FRAME STATS

FCollision In Avg:90, SD:29, Max:219, Min:0
FCollision Out Avg:67, SD:25, Max:141, Min:1
FCollision End Avg:0, SD:0, Max:0, Min:0
FTask1 Avg:0, SD:0, Max:0, Min:0
FTask2 Avg:0, SD:1, Max:62, Min:0
FTask3 Avg:4, SD:2, Max:19, Min:0
FCore Active Avg:6, SD:5, Max:71, Min:0
FRouter Active Avg:78, SD:14, Max:100, Min:36
T1 invocations: 0
T2 invocations: 153
T3 invocations: 841,506
T3b invocations: 7,887
Total3 invocations: 849,393
Total4 invocations: 0

T3/T2 ratio: 5,500
T3b/T3 ratio: 0

T1 avg ex cycles: -nan
T2 avg ex cycles: 102
T3&b avg ex cycles: 2
T4 avg ex cycles: -nan
Avg. hops NOC1: 0
Avg. latency NOC1 (T2): 10,555
Avg. hops NOC2: 69
Avg. latency NOC2 (T3): 937

===PRINTING ACUM STATS at pu_cycles: 150,003

ACollision In Avg:133, SD:30, Max:257, Min:64
ACollision Out Avg:121, SD:27, Max:217, Min:59
ACollision End Avg:1, SD:5, Max:76, Min:0
ATask1 Avg:4, SD:1, Max:17, Min:3
ATask2 Avg:12, SD:0, Max:13, Min:11
ATask3 Avg:12, SD:1, Max:18, Min:9
ACore Active Avg:29, SD:2, Max:49, Min:24
ARouter Active Avg:75, SD:8, Max:92, Min:50
T1 invocations: 789,927
T2 invocations: 3,973,577
T3 invocations: 22,513,712
T3b invocations: 126,309,071
Total3 invocations: 148,822,783
Total4 invocations: 0

T3/T2 ratio: 6
T3b/T3 ratio: 6

T1 avg ex cycles: 120
T2 avg ex cycles: 73
T3&b avg ex cycles: 2
T4 avg ex cycles: -nan
Avg. hops NOC1: 25
Avg. latency NOC1 (T2): 15,527
Avg. hops NOC2: 19
Avg. latency NOC2 (T3): 1,671
Number of K Nodes Processed: 148,823
Number of K Edges Processed: 128,311
Node Re-explore factor: 35.48
Edge Re-explore factor: 1.00
Nodes/cy: 992
Edges/cy: 855
TEPS: 855

---Pcache---
Pcache Size: 16,384
Cached: 0
  PHits: 0
  PMisses: 0
  PHit Rate (hit/miss): -nan%
  PEvictions: 0
  PEviction Rate (evict/misses): -nan%

---Energy---
Leakage Energy (nJ): 270,114
PU Dyn E (nJ): 8,148,776
Mem Dyn E (nJ): 30,384,292
Route Dyn E (nJ): 18,316,955
Dynamic Energy (nJ): 56,850,024
Ratio of Dyn/Leak: 210
Total Energy (nJ): 57,120,138
Total Energy (nJ) 3D: 58,741,355
Cores Energy (nJ): 8,155,456
Route Energy (nJ): 18,320,801
Route Energy (nJ) 3D: 19,942,018
Mem Energy   (nJ): 30,643,881
Mem Energy   (nJ) 3D: 30,643,881
Avg. Power (mW): 380,793.30
Power Density (mW/mm2): 110.02

---Runtime---
Runtime in K cycles: 150.00
Microseconds: 150.00
Time per iteration (ms): 0.15

---Throughput---
GOP/s (aka OPS/ns): 4,532.68
GOP/s per core: 0.28
FLOP/s: 1,847.52
FLOP/s per core: 0.11
Max Peak FLOP/s: 16,384.00
Avg. BW GB/s: 38,864.21
Max BW GB/s: 65,536.00

---Traffic---
In-Die bisection_bytes BW (GB/s): 2,048.00
Inter-board traffic (msg/ns): 0.00, per-link: 0.00
Inter-pack traffic (msg/ns): 0.00, per-link: 0.00
Inter-die traffic (msg/ns): 0.00, per-link: 0.00
Ruche traffic (msg/ns): 0.00, per-link: 0.00
All traffic (msg/ns): 40,016.75, per-link: 2.44
Inter-die reduction wrt all: inf
Inter-board reduction wrt inter-die: -nan

---Data Movement---
All traffic (msg): 6,002,633,138
Arith. Intensity FLOP/Loads: 0.38
Arith. Intensity FLOP/Msgs: 0.05
Arith. Intensity OPS/Loads: 0.93
Arith. Intensity OPS/Msgs: 0.11



===Core Utilization Total=== CORE-S:15;; TIME K cy:150 ;; Nodes Proc: 18,583,923 -- Edges Proc: 16,039,936

===PRINTING FRAME STATS

FCollision In Avg:78, SD:40, Max:230, Min:0
FCollision Out Avg:65, SD:30, Max:148, Min:0
FCollision End Avg:0, SD:0, Max:0, Min:0
FTask1 Avg:0, SD:0, Max:0, Min:0
FTask2 Avg:0, SD:0, Max:0, Min:0
FTask3 Avg:4, SD:3, Max:20, Min:0
FCore Active Avg:6, SD:5, Max:28, Min:0
FRouter Active Avg:71, SD:17, Max:101, Min:22
T1 invocations: 0
T2 invocations: 0
T3 invocations: 730,748
T3b invocations: 0
Total3 invocations: 730,748
Total4 invocations: 0

T3/T2 ratio: inf
T3b/T3 ratio: 0

T1 avg ex cycles: -nan
T2 avg ex cycles: -nan
T3&b avg ex cycles: 2
T4 avg ex cycles: -nan
Avg. hops NOC1: -nan
Avg. latency NOC1 (T2): -nan
Avg. hops NOC2: 69
Avg. latency NOC2 (T3): 992

===PRINTING ACUM STATS at pu_cycles: 160,004

ACollision In Avg:129, SD:28, Max:250, Min:60
ACollision Out Avg:118, SD:26, Max:207, Min:55
ACollision End Avg:1, SD:5, Max:71, Min:0
ATask1 Avg:4, SD:1, Max:16, Min:3
ATask2 Avg:11, SD:0, Max:12, Min:10
ATask3 Avg:12, SD:1, Max:17, Min:9
ACore Active Avg:27, SD:1, Max:46, Min:23
ARouter Active Avg:75, SD:7, Max:90, Min:51
T1 invocations: 789,927
T2 invocations: 3,973,577
T3 invocations: 25,447,168
T3b invocations: 126,309,071
Total3 invocations: 151,756,239
Total4 invocations: 0

T3/T2 ratio: 6
T3b/T3 ratio: 5

T1 avg ex cycles: 120
T2 avg ex cycles: 73
T3&b avg ex cycles: 2
T4 avg ex cycles: -nan
Avg. hops NOC1: 25
Avg. latency NOC1 (T2): 15,527
Avg. hops NOC2: 20
Avg. latency NOC2 (T3): 1,659
Number of K Nodes Processed: 151,820
Number of K Edges Processed: 128,311
Node Re-explore factor: 36.20
Edge Re-explore factor: 1.00
Nodes/cy: 949
Edges/cy: 802
TEPS: 802

---Pcache---
Pcache Size: 16,384
Cached: 0
  PHits: 0
  PMisses: 0
  PHit Rate (hit/miss): -nan%
  PEvictions: 0
  PEviction Rate (evict/misses): -nan%

---Energy---
Leakage Energy (nJ): 288,123
PU Dyn E (nJ): 8,228,971
Mem Dyn E (nJ): 30,751,204
Route Dyn E (nJ): 19,534,599
Dynamic Energy (nJ): 58,514,775
Ratio of Dyn/Leak: 203
Total Energy (nJ): 58,802,898
Total Energy (nJ) 3D: 60,531,887
Cores Energy (nJ): 8,236,096
Route Energy (nJ): 19,538,701
Route Energy (nJ) 3D: 21,267,691
Mem Energy   (nJ): 31,028,101
Mem Energy   (nJ) 3D: 31,028,101
Avg. Power (mW): 367,508.92
Power Density (mW/mm2): 106.18

---Runtime---
Runtime in K cycles: 160.00
Microseconds: 160.00
Time per iteration (ms): 0.16

---Throughput---
GOP/s (aka OPS/ns): 4,286.04
GOP/s per core: 0.26
FLOP/s: 1,750.38
FLOP/s per core: 0.11
Max Peak FLOP/s: 16,384.00
Avg. BW GB/s: 36,875.02
Max BW GB/s: 65,536.00

---Traffic---
In-Die bisection_bytes BW (GB/s): 2,048.00
Inter-board traffic (msg/ns): 0.00, per-link: 0.00
Inter-pack traffic (msg/ns): 0.00, per-link: 0.00
Inter-die traffic (msg/ns): 0.00, per-link: 0.00
Ruche traffic (msg/ns): 0.00, per-link: 0.00
All traffic (msg/ns): 39,917.47, per-link: 2.44
Inter-die reduction wrt all: inf
Inter-board reduction wrt inter-die: -nan

---Data Movement---
All traffic (msg): 6,386,954,288
Arith. Intensity FLOP/Loads: 0.38
Arith. Intensity FLOP/Msgs: 0.04
Arith. Intensity OPS/Loads: 0.93
Arith. Intensity OPS/Msgs: 0.11



===Core Utilization Total=== CORE-S:16;; TIME K cy:160 ;; Nodes Proc: 18,951,949 -- Edges Proc: 16,039,936
======== IT IS COLD ======= Only 677 Tiles active

===PRINTING FRAME STATS

FCollision In Avg:65, SD:46, Max:212, Min:0
FCollision Out Avg:58, SD:38, Max:165, Min:0
FCollision End Avg:0, SD:0, Max:0, Min:0
FTask1 Avg:0, SD:0, Max:0, Min:0
FTask2 Avg:0, SD:0, Max:0, Min:0
FTask3 Avg:4, SD:2, Max:15, Min:0
FCore Active Avg:5, SD:4, Max:28, Min:0
FRouter Active Avg:68, SD:18, Max:101, Min:21
T1 invocations: 0
T2 invocations: 0
T3 invocations: 749,700
T3b invocations: 0
Total3 invocations: 749,700
Total4 invocations: 0

T3/T2 ratio: inf
T3b/T3 ratio: 0

T1 avg ex cycles: -nan
T2 avg ex cycles: -nan
T3&b avg ex cycles: 2
T4 avg ex cycles: -nan
Avg. hops NOC1: -nan
Avg. latency NOC1 (T2): -nan
Avg. hops NOC2: 63
Avg. latency NOC2 (T3): 809

===PRINTING ACUM STATS at pu_cycles: 170,003

ACollision In Avg:126, SD:26, Max:250, Min:57
ACollision Out Avg:115, SD:25, Max:200, Min:52
ACollision End Avg:1, SD:4, Max:67, Min:0
ATask1 Avg:3, SD:0, Max:15, Min:3
ATask2 Avg:10, SD:0, Max:12, Min:10
ATask3 Avg:11, SD:1, Max:17, Min:9
ACore Active Avg:26, SD:1, Max:43, Min:22
ARouter Active Avg:75, SD:6, Max:90, Min:52
T1 invocations: 789,927
T2 invocations: 3,973,577
T3 invocations: 28,364,037
T3b invocations: 126,309,071
Total3 invocations: 154,673,108
Total4 invocations: 0

T3/T2 ratio: 7
T3b/T3 ratio: 4

T1 avg ex cycles: 120
T2 avg ex cycles: 73
T3&b avg ex cycles: 2
T4 avg ex cycles: -nan
Avg. hops NOC1: 25
Avg. latency NOC1 (T2): 15,527
Avg. hops NOC2: 21
Avg. latency NOC2 (T3): 1,644
Number of K Nodes Processed: 154,944
Number of K Edges Processed: 128,311
Node Re-explore factor: 36.94
Edge Re-explore factor: 1.00
Nodes/cy: 911
Edges/cy: 755
TEPS: 755

---Pcache---
Pcache Size: 16,384
Cached: 0
  PHits: 0
  PMisses: 0
  PHit Rate (hit/miss): -nan%
  PEvictions: 0
  PEviction Rate (evict/misses): -nan%

---Energy---
Leakage Energy (nJ): 306,128
PU Dyn E (nJ): 8,308,712
Mem Dyn E (nJ): 31,116,042
Route Dyn E (nJ): 20,714,984
Dynamic Energy (nJ): 60,139,738
Ratio of Dyn/Leak: 196
Total Energy (nJ): 60,445,866
Total Energy (nJ) 3D: 62,279,330
Cores Energy (nJ): 8,316,282
Route Energy (nJ): 20,719,342
Route Energy (nJ) 3D: 22,552,807
Mem Energy   (nJ): 31,410,242
Mem Energy   (nJ) 3D: 31,410,242
Avg. Power (mW): 355,557.65
Power Density (mW/mm2): 102.73

---Runtime---
Runtime in K cycles: 170.00
Microseconds: 170.00
Time per iteration (ms): 0.17

---Throughput---
GOP/s (aka OPS/ns): 4,068.26
GOP/s per core: 0.25
FLOP/s: 1,664.59
FLOP/s per core: 0.10
Max Peak FLOP/s: 16,384.00
Avg. BW GB/s: 35,117.94
Max BW GB/s: 65,536.00

---Traffic---
In-Die bisection_bytes BW (GB/s): 2,048.00
Inter-board traffic (msg/ns): 0.00, per-link: 0.00
Inter-pack traffic (msg/ns): 0.00, per-link: 0.00
Inter-die traffic (msg/ns): 0.00, per-link: 0.00
Ruche traffic (msg/ns): 0.00, per-link: 0.00
All traffic (msg/ns): 39,762.01, per-link: 2.43
Inter-die reduction wrt all: inf
Inter-board reduction wrt inter-die: -nan

---Data Movement---
All traffic (msg): 6,759,661,702
Arith. Intensity FLOP/Loads: 0.38
Arith. Intensity FLOP/Msgs: 0.04
Arith. Intensity OPS/Loads: 0.93
Arith. Intensity OPS/Msgs: 0.10



===Core Utilization Total=== CORE-S:17;; TIME K cy:170 ;; Nodes Proc: 19,340,046 -- Edges Proc: 16,039,936
======== IT IS COLD ======= Only 248 Tiles active

===PRINTING FRAME STATS

FCollision In Avg:50, SD:47, Max:186, Min:0
FCollision Out Avg:37, SD:35, Max:164, Min:0
FCollision End Avg:0, SD:0, Max:0, Min:0
FTask1 Avg:0, SD:0, Max:0, Min:0
FTask2 Avg:0, SD:0, Max:0, Min:0
FTask3 Avg:4, SD:2, Max:14, Min:0
FCore Active Avg:6, SD:5, Max:28, Min:0
FRouter Active Avg:70, SD:23, Max:100, Min:14
T1 invocations: 0
T2 invocations: 0
T3 invocations: 767,563
T3b invocations: 0
Total3 invocations: 767,563
Total4 invocations: 0

T3/T2 ratio: inf
T3b/T3 ratio: 0

T1 avg ex cycles: -nan
T2 avg ex cycles: -nan
T3&b avg ex cycles: 2
T4 avg ex cycles: -nan
Avg. hops NOC1: -nan
Avg. latency NOC1 (T2): -nan
Avg. hops NOC2: 66
Avg. latency NOC2 (T3): 692

===PRINTING ACUM STATS at pu_cycles: 180,003

ACollision In Avg:121, SD:25, Max:233, Min:57
ACollision Out Avg:110, SD:25, Max:200, Min:49
ACollision End Avg:1, SD:4, Max:67, Min:0
ATask1 Avg:3, SD:0, Max:14, Min:3
ATask2 Avg:10, SD:0, Max:11, Min:9
ATask3 Avg:11, SD:1, Max:16, Min:8
ACore Active Avg:25, SD:1, Max:41, Min:21
ARouter Active Avg:75, SD:6, Max:87, Min:52
T1 invocations: 789,927
T2 invocations: 3,973,577
T3 invocations: 30,584,642
T3b invocations: 126,309,071
Total3 invocations: 156,893,713
Total4 invocations: 0

T3/T2 ratio: 8
T3b/T3 ratio: 4

T1 avg ex cycles: 120
T2 avg ex cycles: 73
T3&b avg ex cycles: 2
T4 avg ex cycles: -nan
Avg. hops NOC1: 25
Avg. latency NOC1 (T2): 15,527
Avg. hops NOC2: 21
Avg. latency NOC2 (T3): 1,631
Number of K Nodes Processed: 158,143
Number of K Edges Processed: 128,311
Node Re-explore factor: 37.70
Edge Re-explore factor: 1.00
Nodes/cy: 879
Edges/cy: 713
TEPS: 713

---Pcache---
Pcache Size: 16,384
Cached: 0
  PHits: 0
  PMisses: 0
  PHit Rate (hit/miss): -nan%
  PEvictions: 0
  PEviction Rate (evict/misses): -nan%

---Energy---
Leakage Energy (nJ): 324,136
PU Dyn E (nJ): 8,369,416
Mem Dyn E (nJ): 31,393,792
Route Dyn E (nJ): 21,598,667
Dynamic Energy (nJ): 61,361,875
Ratio of Dyn/Leak: 189
Total Energy (nJ): 61,686,011
Total Energy (nJ) 3D: 63,597,690
Cores Energy (nJ): 8,377,431
Route Energy (nJ): 21,603,282
Route Energy (nJ) 3D: 23,514,961
Mem Energy   (nJ): 31,705,298
Mem Energy   (nJ) 3D: 31,705,298
Avg. Power (mW): 342,694.35
Power Density (mW/mm2): 99.01

---Runtime---
Runtime in K cycles: 180.00
Microseconds: 180.00
Time per iteration (ms): 0.18

---Throughput---
GOP/s (aka OPS/ns): 3,866.93
GOP/s per core: 0.24
FLOP/s: 1,584.45
FLOP/s per core: 0.10
Max Peak FLOP/s: 16,384.00
Avg. BW GB/s: 33,463.05
Max BW GB/s: 65,536.00

---Traffic---
In-Die bisection_bytes BW (GB/s): 2,048.00
Inter-board traffic (msg/ns): 0.00, per-link: 0.00
Inter-pack traffic (msg/ns): 0.00, per-link: 0.00
Inter-die traffic (msg/ns): 0.00, per-link: 0.00
Ruche traffic (msg/ns): 0.00, per-link: 0.00
All traffic (msg/ns): 39,103.57, per-link: 2.39
Inter-die reduction wrt all: inf
Inter-board reduction wrt inter-die: -nan

---Data Movement---
All traffic (msg): 7,038,759,366
Arith. Intensity FLOP/Loads: 0.38
Arith. Intensity FLOP/Msgs: 0.04
Arith. Intensity OPS/Loads: 0.93
Arith. Intensity OPS/Msgs: 0.10



===Core Utilization Total=== CORE-S:18;; TIME K cy:180 ;; Nodes Proc: 19,741,399 -- Edges Proc: 16,039,936
======== IT IS COLD ======= Only 73 Tiles active

===PRINTING FRAME STATS

FCollision In Avg:37, SD:46, Max:155, Min:0
FCollision Out Avg:27, SD:28, Max:114, Min:0
FCollision End Avg:0, SD:0, Max:0, Min:0
FTask1 Avg:0, SD:0, Max:0, Min:0
FTask2 Avg:0, SD:0, Max:0, Min:0
FTask3 Avg:4, SD:2, Max:13, Min:0
FCore Active Avg:5, SD:4, Max:25, Min:0
FRouter Active Avg:60, SD:27, Max:101, Min:11
T1 invocations: 0
T2 invocations: 0
T3 invocations: 722,637
T3b invocations: 0
Total3 invocations: 722,637
Total4 invocations: 0

T3/T2 ratio: inf
T3b/T3 ratio: 0

T1 avg ex cycles: -nan
T2 avg ex cycles: -nan
T3&b avg ex cycles: 2
T4 avg ex cycles: -nan
Avg. hops NOC1: -nan
Avg. latency NOC1 (T2): -nan
Avg. hops NOC2: 57
Avg. latency NOC2 (T3): 541

===PRINTING ACUM STATS at pu_cycles: 190,003

ACollision In Avg:117, SD:24, Max:226, Min:51
ACollision Out Avg:106, SD:24, Max:185, Min:47
ACollision End Avg:1, SD:4, Max:60, Min:0
ATask1 Avg:3, SD:0, Max:14, Min:2
ATask2 Avg:9, SD:0, Max:11, Min:9
ATask3 Avg:10, SD:1, Max:15, Min:8
ACore Active Avg:24, SD:1, Max:39, Min:21
ARouter Active Avg:74, SD:5, Max:87, Min:53
T1 invocations: 789,927
T2 invocations: 3,973,577
T3 invocations: 33,934,177
T3b invocations: 126,309,071
Total3 invocations: 160,243,248
Total4 invocations: 0

T3/T2 ratio: 9
T3b/T3 ratio: 4

T1 avg ex cycles: 120
T2 avg ex cycles: 73
T3&b avg ex cycles: 2
T4 avg ex cycles: -nan
Avg. hops NOC1: 25
Avg. latency NOC1 (T2): 15,527
Avg. hops NOC2: 22
Avg. latency NOC2 (T3): 1,611
Number of K Nodes Processed: 161,043
Number of K Edges Processed: 128,311
Node Re-explore factor: 38.40
Edge Re-explore factor: 1.00
Nodes/cy: 848
Edges/cy: 675
TEPS: 675

---Pcache---
Pcache Size: 16,384
Cached: 0
  PHits: 0
  PMisses: 0
  PHit Rate (hit/miss): -nan%
  PEvictions: 0
  PEviction Rate (evict/misses): -nan%

---Energy---
Leakage Energy (nJ): 342,143
PU Dyn E (nJ): 8,460,988
Mem Dyn E (nJ): 31,812,746
Route Dyn E (nJ): 22,937,807
Dynamic Energy (nJ): 63,211,542
Ratio of Dyn/Leak: 185
Total Energy (nJ): 63,553,685
Total Energy (nJ) 3D: 65,583,890
Cores Energy (nJ): 8,469,449
Route Energy (nJ): 22,942,679
Route Energy (nJ) 3D: 24,972,883
Mem Energy   (nJ): 32,141,558
Mem Energy   (nJ) 3D: 32,141,558
Avg. Power (mW): 334,487.80
Power Density (mW/mm2): 96.64

---Runtime---
Runtime in K cycles: 190.00
Microseconds: 190.00
Time per iteration (ms): 0.19

---Throughput---
GOP/s (aka OPS/ns): 3,698.66
GOP/s per core: 0.23
FLOP/s: 1,518.68
FLOP/s per core: 0.09
Max Peak FLOP/s: 16,384.00
Avg. BW GB/s: 32,124.96
Max BW GB/s: 65,536.00

---Traffic---
In-Die bisection_bytes BW (GB/s): 2,048.00
Inter-board traffic (msg/ns): 0.00, per-link: 0.00
Inter-pack traffic (msg/ns): 0.00, per-link: 0.00
Inter-die traffic (msg/ns): 0.00, per-link: 0.00
Ruche traffic (msg/ns): 0.00, per-link: 0.00
All traffic (msg/ns): 39,271.35, per-link: 2.40
Inter-die reduction wrt all: inf
Inter-board reduction wrt inter-die: -nan

---Data Movement---
All traffic (msg): 7,461,674,610
Arith. Intensity FLOP/Loads: 0.38
Arith. Intensity FLOP/Msgs: 0.04
Arith. Intensity OPS/Loads: 0.92
Arith. Intensity OPS/Msgs: 0.09



===Core Utilization Total=== CORE-S:19;; TIME K cy:190 ;; Nodes Proc: 20,108,288 -- Edges Proc: 16,039,936
======== IT IS COLD ======= Only 84 Tiles active

===PRINTING FRAME STATS

FCollision In Avg:14, SD:30, Max:214, Min:0
FCollision Out Avg:8, SD:16, Max:94, Min:0
FCollision End Avg:0, SD:0, Max:0, Min:0
FTask1 Avg:0, SD:0, Max:0, Min:0
FTask2 Avg:0, SD:0, Max:0, Min:0
FTask3 Avg:2, SD:1, Max:10, Min:0
FCore Active Avg:3, SD:3, Max:25, Min:0
FRouter Active Avg:45, SD:29, Max:100, Min:5
T1 invocations: 0
T2 invocations: 0
T3 invocations: 408,698
T3b invocations: 0
Total3 invocations: 408,698
Total4 invocations: 0

T3/T2 ratio: inf
T3b/T3 ratio: 0

T1 avg ex cycles: -nan
T2 avg ex cycles: -nan
T3&b avg ex cycles: 2
T4 avg ex cycles: -nan
Avg. hops NOC1: -nan
Avg. latency NOC1 (T2): -nan
Avg. hops NOC2: 68
Avg. latency NOC2 (T3): 372

===PRINTING ACUM STATS at pu_cycles: 200,003

ACollision In Avg:111, SD:22, Max:215, Min:48
ACollision Out Avg:100, SD:22, Max:176, Min:44
ACollision End Avg:1, SD:4, Max:57, Min:0
ATask1 Avg:3, SD:0, Max:13, Min:2
ATask2 Avg:9, SD:0, Max:10, Min:8
ATask3 Avg:10, SD:1, Max:14, Min:8
ACore Active Avg:23, SD:1, Max:37, Min:20
ARouter Active Avg:72, SD:5, Max:86, Min:51
T1 invocations: 789,927
T2 invocations: 3,973,577
T3 invocations: 36,331,913
T3b invocations: 126,309,071
Total3 invocations: 162,640,984
Total4 invocations: 0

T3/T2 ratio: 9
T3b/T3 ratio: 3

T1 avg ex cycles: 120
T2 avg ex cycles: 73
T3&b avg ex cycles: 2
T4 avg ex cycles: -nan
Avg. hops NOC1: 25
Avg. latency NOC1 (T2): 15,527
Avg. hops NOC2: 23
Avg. latency NOC2 (T3): 1,594
Number of K Nodes Processed: 162,785
Number of K Edges Processed: 128,311
Node Re-explore factor: 38.81
Edge Re-explore factor: 1.00
Nodes/cy: 814
Edges/cy: 642
TEPS: 642

---Pcache---
Pcache Size: 16,384
Cached: 0
  PHits: 0
  PMisses: 0
  PHit Rate (hit/miss): -nan%
  PEvictions: 0
  PEviction Rate (evict/misses): -nan%

---Energy---
Leakage Energy (nJ): 360,150
PU Dyn E (nJ): 8,526,538
Mem Dyn E (nJ): 32,112,651
Route Dyn E (nJ): 24,028,975
Dynamic Energy (nJ): 64,668,164
Ratio of Dyn/Leak: 180
Total Energy (nJ): 65,028,314
Total Energy (nJ) 3D: 67,155,097
Cores Energy (nJ): 8,535,444
Route Energy (nJ): 24,034,103
Route Energy (nJ) 3D: 26,160,885
Mem Energy   (nJ): 32,458,769
Mem Energy   (nJ) 3D: 32,458,769
Avg. Power (mW): 325,136.69
Power Density (mW/mm2): 93.94

---Runtime---
Runtime in K cycles: 200.00
Microseconds: 200.00
Time per iteration (ms): 0.20

---Throughput---
GOP/s (aka OPS/ns): 3,537.71
GOP/s per core: 0.22
FLOP/s: 1,454.74
FLOP/s per core: 0.09
Max Peak FLOP/s: 16,384.00
Avg. BW GB/s: 30,806.46
Max BW GB/s: 65,536.00

---Traffic---
In-Die bisection_bytes BW (GB/s): 2,048.00
Inter-board traffic (msg/ns): 0.00, per-link: 0.00
Inter-pack traffic (msg/ns): 0.00, per-link: 0.00
Inter-die traffic (msg/ns): 0.00, per-link: 0.00
Ruche traffic (msg/ns): 0.00, per-link: 0.00
All traffic (msg/ns): 39,027.49, per-link: 2.38
Inter-die reduction wrt all: inf
Inter-board reduction wrt inter-die: -nan

---Data Movement---
All traffic (msg): 7,805,614,394
Arith. Intensity FLOP/Loads: 0.38
Arith. Intensity FLOP/Msgs: 0.04
Arith. Intensity OPS/Loads: 0.92
Arith. Intensity OPS/Msgs: 0.09



===Core Utilization Total=== CORE-S:20;; TIME K cy:200 ;; Nodes Proc: 20,328,416 -- Edges Proc: 16,039,936
======== IT IS COLD ======= Only 32 Tiles active

===PRINTING FRAME STATS

FCollision In Avg:2, SD:11, Max:100, Min:0
FCollision Out Avg:1, SD:3, Max:61, Min:0
FCollision End Avg:0, SD:0, Max:0, Min:0
FTask1 Avg:0, SD:0, Max:0, Min:0
FTask2 Avg:0, SD:0, Max:0, Min:0
FTask3 Avg:1, SD:1, Max:4, Min:0
FCore Active Avg:1, SD:2, Max:17, Min:0
FRouter Active Avg:17, SD:19, Max:99, Min:0
T1 invocations: 0
T2 invocations: 0
T3 invocations: 150,908
T3b invocations: 0
Total3 invocations: 150,908
Total4 invocations: 0

T3/T2 ratio: inf
T3b/T3 ratio: 0

T1 avg ex cycles: -nan
T2 avg ex cycles: -nan
T3&b avg ex cycles: 2
T4 avg ex cycles: -nan
Avg. hops NOC1: -nan
Avg. latency NOC1 (T2): -nan
Avg. hops NOC2: 57
Avg. latency NOC2 (T3): 237

===PRINTING ACUM STATS at pu_cycles: 210,003

ACollision In Avg:106, SD:21, Max:205, Min:46
ACollision Out Avg:95, SD:21, Max:167, Min:42
ACollision End Avg:1, SD:3, Max:54, Min:0
ATask1 Avg:3, SD:0, Max:12, Min:2
ATask2 Avg:8, SD:0, Max:9, Min:8
ATask3 Avg:10, SD:1, Max:13, Min:8
ACore Active Avg:22, SD:1, Max:35, Min:19
ARouter Active Avg:70, SD:5, Max:83, Min:48
T1 invocations: 789,927
T2 invocations: 3,973,577
T3 invocations: 37,122,750
T3b invocations: 126,309,071
Total3 invocations: 163,431,821
Total4 invocations: 0

T3/T2 ratio: 9
T3b/T3 ratio: 3

T1 avg ex cycles: 120
T2 avg ex cycles: 73
T3&b avg ex cycles: 2
T4 avg ex cycles: -nan
Avg. hops NOC1: 25
Avg. latency NOC1 (T2): 15,527
Avg. hops NOC2: 23
Avg. latency NOC2 (T3): 1,588
Number of K Nodes Processed: 163,432
Number of K Edges Processed: 128,311
Node Re-explore factor: 38.97
Edge Re-explore factor: 1.00
Nodes/cy: 778
Edges/cy: 611
TEPS: 611

---Pcache---
Pcache Size: 16,384
Cached: 0
  PHits: 0
  PMisses: 0
  PHit Rate (hit/miss): -nan%
  PEvictions: 0
  PEviction Rate (evict/misses): -nan%

---Energy---
Leakage Energy (nJ): 378,157
PU Dyn E (nJ): 8,548,157
Mem Dyn E (nJ): 32,211,568
Route Dyn E (nJ): 24,399,691
Dynamic Energy (nJ): 65,159,417
Ratio of Dyn/Leak: 172
Total Energy (nJ): 65,537,574
Total Energy (nJ) 3D: 67,697,169
Cores Energy (nJ): 8,557,509
Route Energy (nJ): 24,405,075
Route Energy (nJ) 3D: 26,564,670
Mem Energy   (nJ): 32,574,991
Mem Energy   (nJ) 3D: 32,574,991
Avg. Power (mW): 312,079.23
Power Density (mW/mm2): 90.16

---Runtime---
Runtime in K cycles: 210.00
Microseconds: 210.00
Time per iteration (ms): 0.21

---Throughput---
GOP/s (aka OPS/ns): 3,376.78
GOP/s per core: 0.21
FLOP/s: 1,389.23
FLOP/s per core: 0.08
Max Peak FLOP/s: 16,384.00
Avg. BW GB/s: 29,429.89
Max BW GB/s: 65,536.00

---Traffic---
In-Die bisection_bytes BW (GB/s): 2,048.00
Inter-board traffic (msg/ns): 0.00, per-link: 0.00
Inter-pack traffic (msg/ns): 0.00, per-link: 0.00
Inter-die traffic (msg/ns): 0.00, per-link: 0.00
Ruche traffic (msg/ns): 0.00, per-link: 0.00
All traffic (msg/ns): 37,725.26, per-link: 2.30
Inter-die reduction wrt all: inf
Inter-board reduction wrt inter-die: -nan

---Data Movement---
All traffic (msg): 7,922,417,876
Arith. Intensity FLOP/Loads: 0.38
Arith. Intensity FLOP/Msgs: 0.04
Arith. Intensity OPS/Loads: 0.92
Arith. Intensity OPS/Msgs: 0.09



===Core Utilization Total=== CORE-S:21;; TIME K cy:210 ;; Nodes Proc: 20,410,783 -- Edges Proc: 16,039,936
======== IT IS COLD ======= Only 5 Tiles active
Epoch Done Router: 4
Epoch Done Router: 5
Epoch Done Router: 6
Epoch Done Router: 1
Epoch Done Router: 3
Epoch Done Router: 7
Epoch Done Router: 2
Epoch Done Router: 0
##EPOCH## 1 COMPLETED at Time (K cy): 215
Nodes processed until now: 163,475,845
Edges processed until now: 128,311,436
Program Done Worker Thread: 0
Program Done Router Thread: 3
Program Done Worker Thread: 5
Program Done Router Thread: 5
Program Done Router Thread: 6
Program Done Router Thread: 7
Program Done Router Thread: 0
Program Done Worker Thread: 6
Program Done Worker Thread: 7
Program Done Router Thread: 4
Program Done Worker Thread: 4
Program Done Worker Thread: 1
Program Done Worker Thread: 3
Program Done Router Thread: 1
Program Done Worker Thread: 2
Program Done Router Thread: 2

===PRINTING ACUM STATS at pu_cycles: 215,827

ACollision In Avg:103, SD:21, Max:199, Min:45
ACollision Out Avg:92, SD:21, Max:163, Min:41
ACollision End Avg:1, SD:3, Max:53, Min:0
ATask1 Avg:3, SD:0, Max:12, Min:2
ATask2 Avg:8, SD:0, Max:9, Min:8
ATask3 Avg:9, SD:1, Max:13, Min:7
ACore Active Avg:21, SD:1, Max:34, Min:19
ARouter Active Avg:68, SD:5, Max:80, Min:47
T1 invocations: 789,927
T2 invocations: 3,973,577
T3 invocations: 37,166,774
T3b invocations: 126,309,071
Total3 invocations: 163,475,845
Total4 invocations: 0

T3/T2 ratio: 9
T3b/T3 ratio: 3

T1 avg ex cycles: 120
T2 avg ex cycles: 73
T3&b avg ex cycles: 2
T4 avg ex cycles: -nan
Avg. hops NOC1: 25
Avg. latency NOC1 (T2): 15,527
Avg. hops NOC2: 23
Avg. latency NOC2 (T3): 1,588

Runtime at program end in K cycles: 215
Runtime before cooldown in K cycles: 150


Number of K Nodes Processed: 163,475
Number of K Edges Processed: 128,311
Node Re-explore factor: 38.98
Edge Re-explore factor: 1.00
Nodes/cy: 757
Edges/cy: 595
TEPS: 595

---Pcache---
Pcache Size: 16,384
Cached: 0
  PHits: 0
  PMisses: 0
  PHit Rate (hit/miss): -nan%
  PEvictions: 0
  PEviction Rate (evict/misses): -nan%

---Energy---
Leakage Energy (nJ): 388,645
PU Dyn E (nJ): 8,549,361
Mem Dyn E (nJ): 32,217,075
Route Dyn E (nJ): 24,417,599
Dynamic Energy (nJ): 65,184,035
Ratio of Dyn/Leak: 168
Total Energy (nJ): 65,572,680
Total Energy (nJ) 3D: 67,733,859
Cores Energy (nJ): 8,558,972
Route Energy (nJ): 24,423,132
Route Energy (nJ) 3D: 26,584,312
Mem Energy   (nJ): 32,590,576
Mem Energy   (nJ) 3D: 32,590,576
Avg. Power (mW): 303,820.56
Power Density (mW/mm2): 87.78

---Runtime---
Runtime in K cycles: 215.83
Microseconds: 215.83
Time per iteration (ms): 0.22

---Inst---
K Loads: 771,893
K Stores: 773,461
K Instructions: 709,222

---Throughput---
GOP/s (aka OPS/ns): 3,286.07
GOP/s per core: 0.20
FLOP/s: 1,351.95
FLOP/s per core: 0.08
Max Peak FLOP/s: 16,384.00
Avg. BW GB/s: 28,640.63
Max BW GB/s: 65,536.00

---Traffic---
In-Die bisection_bytes BW (GB/s): 2,048.00
Inter-board traffic (msg/ns): 0.00, per-link: 0.00
Inter-pack traffic (msg/ns): 0.00, per-link: 0.00
Inter-die traffic (msg/ns): 0.00, per-link: 0.00
Ruche traffic (msg/ns): 0.00, per-link: 0.00
All traffic (msg/ns): 36,733.46, per-link: 2.24
Inter-die reduction wrt all: inf
Inter-board reduction wrt inter-die: -nan

---Data Movement---
All traffic (msg): 7,928,071,758
Arith. Intensity FLOP/Loads: 0.38
Arith. Intensity FLOP/Msgs: 0.04
Arith. Intensity OPS/Loads: 0.92
Arith. Intensity OPS/Msgs: 0.09

Simulation time: 1,203.52
Sim noc_cy/s: 179.33
Sim Msg/s: 6,587,424.37

Version 31

