Dataset:  Kron22/
Dry run: 0
Open Edge Count File succesfully
Edges Traversed BFS: 128309848
Found Vertices: 4194304, Edges: 128311436
avg degree 31
Array  Kron22/node_array.bin found
Malloc array of size 16777220 bytes
Readin array of size 16777216 bytes
Finished Reading Array Bytes
No reordering Array 32bit
Array  Kron22/edge_array.bin found
Malloc array of size 513245744 bytes
Readin array of size 513245744 bytes
Finished Reading Array Bytes
No reordering Array 32bit
Array  Kron22/edge_values.bin found
Malloc array of size 513245744 bytes
Readin array of size 513245744 bytes
Finished Reading Array Bytes
No reordering Array 32bit
Reading graph elapsed time: 0.327436s

Dataset Footprint: 1027 MiB
Dataset Footprint per Board: 8615.1 Mb
Dataset injection time (ms): 0.131456
Max Dataset Footprint: 1027 MiB

Dataset footprint per tile: 64 KiB
Proxys footprint per tile: 64 KiB
Reserved SRAM per tile: 41 KiB

Ideal SRAM per tile: 169 KiB
reserved_words_for_dataset:24103
dataset_words_per_tile:16432
remaining_sram_words:120518
min_dcache_sram_words_required:16432
dataset_words_per_tile:16432
min_pcache_sram_words_required:8
proxys_words_per_tile:16384
Dcache footprint ratio: 1
Pcache footprint ratio: 1
Dataset Cached: 0
DCache: 16432 words, lines: 1027, sets: 1027
Proxys Cached: 0
Pcache: 16384 words, sets: 16384
Node per tile: 256
Edge per tile: 7,832
GRID_X: 128
GRID_SIZE: 16,384
smt_per_tile: 1
noc_freq: 1
pu_freq: 1
RUCHE_X: 0
PROXY_W: 16
DIE_W: 128
DIE_H: 128
DIES: 1
BORDER_TILES_PER_DIE: 512
PACK_W: 128
PACK_H: 128
DIES_PACK_FACTOR: 1
DIES_PER_PACK: 1
PACKAGES: 1
BOARD_W: 128
BOARD_H: 128
BOARDS: 1
MUX_BUS: 1
DCACHE: 0
PCACHE: 1
PROXY_FACTOR: 8
CACHE_WAYS: 1
TORUS: 1
PHY_NOCS: 1
WIDE_NOC_ID: 0
NOC_CONF: 1
noc_width: 32
hbm_channel_bit_width: 512
ld_st_op_byte_width: 4
PROXY_ROUTING: 5
WRITE_THROUGH: 0
ASSERT_MODE: 0
GLOBAL_BARRIER: 2
OQ flits: 36 ; 192 ; 384
IQ flits: 576 ; 3,072 ; 6,144
OQ messages: 12 ; 96 ; 192
IQ messages: 192 ; 1,536 ; 3,072
max_task2 size: 64
io_factor_t2: 16
io_factor_t3: 16
io_factor_t3b: 16

Active SRAM Storage per tile: 169 KiB
Total SRAM Storage per tile: 512 KiB
Agreggated SRAM Storage: 8,192 MiB

Inter-Die #links: 4,096
Inter-Die (Gbits): 131,072
Inter-Die (Gbits/mm): 563.524
Bisection BW of Board (Gbits): 32,768
Border IO #Dies: 4
Border IO Die BW (Gbits): 16,384
Off-Board BW Total (Gbits): 65,536
Off-Board BW Density (Gbits/mm): 278
Die side: 58.15 mm
Die border wire density: 563.52 Gbits/mm
HBM wire density: 70.44 Gbits/mm

Tiles per Die: 16,384 (128x128)
Tile Area: 0.19 mm2, side: 0.44 mm
- Core/Rout Area: 0.05 mm2
- SRAM Area: 0.14 mm2
- SRAM/Logic Ratio: 2.80x

Dies per Package: 1 (1x1)
Die Area: 3,381.23 mm2, side: 58.15 mm
- Tiles Area: 3,191.28 mm2
- PHY Area: 189.96 mm2
- MC Area: 0.00 mm2

Packages per Board: 1 (1x1)
Package Area: 3,461.23 mm2, side: 58.83 mm
- IOdie Area: 80.00 mm2
- Dies Area: 3,381.23 mm2
- HBM Area: 0.00 mm2

Boards: 1 (1x1)
Board Area: 3,461.23 mm2
Total Area: 3,461.23 mm2



ESTIMATED COST OF SILICON AND PACKAGING. ONLY VARIABLE, NO FIXED COSTS
Good dies per wafer 3d: 5
Good dies per wafer 2d: 6
--Dies 3D Cost: 1,209.40 $
--Dies 2.5D Cost: 1,007.83 $
--Dies 2D Cost: 1,007.83 $
--HBM Cost: 60.00 $
--IOdie Cost: 8.44 $
--Packaging Cost 3d: 233.07 $
--Packaging Cost 2.5d: 505.18 $
--Packaging Cost 2d: 152.44 $
SiP Cost 3d: 1,510.91 $
SiP Cost 2.5d: 1,581.46 $
SiP Cost 2d: 1,168.71 $
--Board Cost: 3.46 $
Total SiPs Cost 3d: 1,514.37 $
Total SiPs Cost 2.5d: 1,584.92 $
Total SiPs Cost 2d: 1,172.18 $

Perf counters initialized
Mesh connected
Cache structures initialized
Allocated proxys
proxys initialized
Dataset structures initialized


Starting Simulation
INIT epoch: 1
INIT epoch: 1
INIT epoch: 1
INIT epoch: 1
INIT epoch: 1
INIT epoch: 1
INIT epoch: 1
INIT epoch: 1
INIT epoch: 1
INIT epoch: 1
INIT epoch: 1
INIT epoch: 1
INIT epoch: 1
INIT epoch: 1
INIT epoch: 1
INIT epoch: 1

===PRINTING FRAME STATS

FCollision In Avg:195, SD:62, Max:387, Min:3
FCollision Out Avg:96, SD:37, Max:191, Min:0
FCollision End Avg:1, SD:8, Max:72, Min:0
FTask1 Avg:26, SD:14, Max:75, Min:1
FTask2 Avg:21, SD:19, Max:96, Min:0
FTask3 Avg:15, SD:4, Max:28, Min:0
FCore Active Avg:62, SD:21, Max:100, Min:14
FRouter Active Avg:86, SD:11, Max:100, Min:37
T1 invocations: 84,539
T2 invocations: 136,645
T3 invocations: 58,319
T3b invocations: 3,061,799
Total3 invocations: 3,120,118
Total4 invocations: 0

T3/T2 ratio: 0
T3b/T3 ratio: 53

T1 avg ex cycles: 125
T2 avg ex cycles: 63
T3&b avg ex cycles: 2
T4 avg ex cycles: -nan
Avg. hops NOC1: 71
Avg. latency NOC1 (T2): 3,566
Avg. hops NOC2: 13
Avg. latency NOC2 (T3): 1,292

===PRINTING ACUM STATS at pu_cycles: 10,779

ACollision In Avg:195, SD:62, Max:387, Min:3
ACollision Out Avg:96, SD:37, Max:191, Min:0
ACollision End Avg:1, SD:8, Max:72, Min:0
ATask1 Avg:26, SD:14, Max:75, Min:1
ATask2 Avg:21, SD:19, Max:96, Min:0
ATask3 Avg:15, SD:4, Max:28, Min:0
ACore Active Avg:62, SD:21, Max:100, Min:14
ARouter Active Avg:86, SD:11, Max:100, Min:37
T1 invocations: 366,247
T2 invocations: 657,262
T3 invocations: 231,583
T3b invocations: 13,868,697
Total3 invocations: 14,100,280
Total4 invocations: 0

T3/T2 ratio: 0
T3b/T3 ratio: 60

T1 avg ex cycles: 131
T2 avg ex cycles: 64
T3&b avg ex cycles: 2
T4 avg ex cycles: -nan
Avg. hops NOC1: 48
Avg. latency NOC1 (T2): 3,680
Avg. hops NOC2: 14
Avg. latency NOC2 (T3): 1,482
Number of K Nodes Processed: 14,850
Number of K Edges Processed: 19,099
Node Re-explore factor: 3.54
Edge Re-explore factor: 0.15
Nodes/cy: 1,378
Edges/cy: 1,772
TEPS: 11,904

---Pcache---
Pcache Size: 16,384
Cached: 0
  PHits: 0
  PMisses: 0
  PHit Rate (hit/miss): -nan%
  PEvictions: 0
  PEviction Rate (evict/misses): -nan%

---Energy---
Leakage Energy (nJ): 19,410
PU Dyn E (nJ): 1,127,081
Mem Dyn E (nJ): 3,657,714
Route Dyn E (nJ): 1,512,704
Dynamic Energy (nJ): 6,297,499
Ratio of Dyn/Leak: 324
Total Energy (nJ): 6,316,909
Total Energy (nJ) 3D: 6,450,797
Cores Energy (nJ): 1,127,561
Route Energy (nJ): 1,512,981
Route Energy (nJ) 3D: 1,646,869
Mem Energy   (nJ): 3,676,368
Mem Energy   (nJ) 3D: 3,676,368
Avg. Power (mW): 586,038.50
Power Density (mW/mm2): 169.31

---Runtime---
Runtime in K cycles: 10.78
Microseconds: 10.78
Time per iteration (ms): 0.01

---Throughput---
GOP/s (aka OPS/ns): 10,925.09
GOP/s per core: 0.67
FLOP/s: 3,005.95
FLOP/s per core: 0.18
Max Peak FLOP/s: 16,384.00
Avg. BW GB/s: 65,101.86
Max BW GB/s: 65,536.00

---Traffic---
In-Die bisection_bytes BW (GB/s): 2,048.00
Inter-board traffic (msg/ns): 0.00, per-link: 0.00
Inter-pack traffic (msg/ns): 0.00, per-link: 0.00
Inter-die traffic (msg/ns): 0.00, per-link: 0.00
Ruche traffic (msg/ns): 0.00, per-link: 0.00
All traffic (msg/ns): 46,417.47, per-link: 2.83
Inter-die reduction wrt all: inf
Inter-board reduction wrt inter-die: -nan

---Data Movement---
All traffic (msg): 500,333,949
Arith. Intensity FLOP/Loads: 0.37
Arith. Intensity FLOP/Msgs: 0.06
Arith. Intensity OPS/Loads: 1.35
Arith. Intensity OPS/Msgs: 0.24



===Core Utilization Total=== CORE-S:1;; TIME K cy:10 ;; Nodes Proc: 959,389 -- Edges Proc: 1,188,589

===PRINTING FRAME STATS

FCollision In Avg:190, SD:64, Max:375, Min:0
FCollision Out Avg:116, SD:43, Max:278, Min:0
FCollision End Avg:3, SD:14, Max:101, Min:0
FTask1 Avg:5, SD:8, Max:50, Min:0
FTask2 Avg:24, SD:25, Max:100, Min:0
FTask3 Avg:21, SD:6, Max:45, Min:0
FCore Active Avg:50, SD:25, Max:100, Min:12
FRouter Active Avg:81, SD:12, Max:101, Min:27
T1 invocations: 20,579
T2 invocations: 135,824
T3 invocations: 71,407
T3b invocations: 4,180,599
Total3 invocations: 4,252,006
Total4 invocations: 0

T3/T2 ratio: 1
T3b/T3 ratio: 59

T1 avg ex cycles: 108
T2 avg ex cycles: 72
T3&b avg ex cycles: 2
T4 avg ex cycles: -nan
Avg. hops NOC1: 24
Avg. latency NOC1 (T2): 10,267
Avg. hops NOC2: 13
Avg. latency NOC2 (T3): 1,322

===PRINTING ACUM STATS at pu_cycles: 20,780

ACollision In Avg:192, SD:59, Max:344, Min:10
ACollision Out Avg:106, SD:38, Max:224, Min:0
ACollision End Avg:2, SD:10, Max:86, Min:0
ATask1 Avg:16, SD:8, Max:48, Min:1
ATask2 Avg:22, SD:20, Max:91, Min:0
ATask3 Avg:18, SD:4, Max:31, Min:0
ACore Active Avg:56, SD:20, Max:100, Min:15
ARouter Active Avg:84, SD:10, Max:100, Min:34
T1 invocations: 455,563
T2 invocations: 1,297,029
T3 invocations: 547,718
T3b invocations: 33,508,441
Total3 invocations: 34,056,159
Total4 invocations: 0

T3/T2 ratio: 0
T3b/T3 ratio: 61

T1 avg ex cycles: 127
T2 avg ex cycles: 68
T3&b avg ex cycles: 2
T4 avg ex cycles: -nan
Avg. hops NOC1: 32
Avg. latency NOC1 (T2): 6,921
Avg. hops NOC2: 13
Avg. latency NOC2 (T3): 1,616
Number of K Nodes Processed: 34,766
Number of K Edges Processed: 39,618
Node Re-explore factor: 8.29
Edge Re-explore factor: 0.31
Nodes/cy: 1,673
Edges/cy: 1,907
TEPS: 6,175

---Pcache---
Pcache Size: 16,384
Cached: 0
  PHits: 0
  PMisses: 0
  PHit Rate (hit/miss): -nan%
  PEvictions: 0
  PEviction Rate (evict/misses): -nan%

---Energy---
Leakage Energy (nJ): 37,419
PU Dyn E (nJ): 2,302,479
Mem Dyn E (nJ): 8,010,274
Route Dyn E (nJ): 3,089,202
Dynamic Energy (nJ): 13,401,956
Ratio of Dyn/Leak: 358
Total Energy (nJ): 13,439,375
Total Energy (nJ) 3D: 13,712,798
Cores Energy (nJ): 2,303,405
Route Energy (nJ): 3,089,736
Route Energy (nJ) 3D: 3,363,158
Mem Energy   (nJ): 8,046,235
Mem Energy   (nJ) 3D: 8,046,235
Avg. Power (mW): 646,745.67
Power Density (mW/mm2): 186.85

---Runtime---
Runtime in K cycles: 20.78
Microseconds: 20.78
Time per iteration (ms): 0.02

---Throughput---
GOP/s (aka OPS/ns): 10,274.62
GOP/s per core: 0.63
FLOP/s: 3,510.95
FLOP/s per core: 0.21
Max Peak FLOP/s: 16,384.00
Avg. BW GB/s: 73,958.57
Max BW GB/s: 65,536.00

---Traffic---
In-Die bisection_bytes BW (GB/s): 2,048.00
Inter-board traffic (msg/ns): 0.00, per-link: 0.00
Inter-pack traffic (msg/ns): 0.00, per-link: 0.00
Inter-die traffic (msg/ns): 0.00, per-link: 0.00
Ruche traffic (msg/ns): 0.00, per-link: 0.00
All traffic (msg/ns): 49,670.56, per-link: 3.03
Inter-die reduction wrt all: inf
Inter-board reduction wrt inter-die: -nan

---Data Movement---
All traffic (msg): 1,032,154,152
Arith. Intensity FLOP/Loads: 0.38
Arith. Intensity FLOP/Msgs: 0.07
Arith. Intensity OPS/Loads: 1.11
Arith. Intensity OPS/Msgs: 0.21



===Core Utilization Total=== CORE-S:2;; TIME K cy:20 ;; Nodes Proc: 2,172,742 -- Edges Proc: 2,403,845

===PRINTING FRAME STATS

FCollision In Avg:169, SD:72, Max:388, Min:0
FCollision Out Avg:114, SD:53, Max:286, Min:0
FCollision End Avg:2, SD:13, Max:101, Min:0
FTask1 Avg:4, SD:7, Max:59, Min:0
FTask2 Avg:18, SD:23, Max:100, Min:0
FTask3 Avg:17, SD:8, Max:65, Min:0
FCore Active Avg:40, SD:25, Max:100, Min:10
FRouter Active Avg:72, SD:15, Max:100, Min:13
T1 invocations: 16,587
T2 invocations: 104,479
T3 invocations: 55,561
T3b invocations: 3,486,023
Total3 invocations: 3,541,584
Total4 invocations: 0

T3/T2 ratio: 1
T3b/T3 ratio: 63

T1 avg ex cycles: 105
T2 avg ex cycles: 71
T3&b avg ex cycles: 2
T4 avg ex cycles: -nan
Avg. hops NOC1: 30
Avg. latency NOC1 (T2): 13,999
Avg. hops NOC2: 11
Avg. latency NOC2 (T3): 2,194

===PRINTING ACUM STATS at pu_cycles: 30,722

ACollision In Avg:184, SD:60, Max:350, Min:7
ACollision Out Avg:108, SD:41, Max:241, Min:0
ACollision End Avg:2, SD:10, Max:90, Min:0
ATask1 Avg:12, SD:6, Max:34, Min:0
ATask2 Avg:21, SD:18, Max:66, Min:0
ATask3 Avg:18, SD:3, Max:30, Min:6
ACore Active Avg:51, SD:20, Max:100, Min:14
ARouter Active Avg:80, SD:11, Max:99, Min:38
T1 invocations: 527,378
T2 invocations: 1,816,111
T3 invocations: 830,500
T3b invocations: 51,713,067
Total3 invocations: 52,543,567
Total4 invocations: 0

T3/T2 ratio: 0
T3b/T3 ratio: 62

T1 avg ex cycles: 124
T2 avg ex cycles: 69
T3&b avg ex cycles: 2
T4 avg ex cycles: -nan
Avg. hops NOC1: 28
Avg. latency NOC1 (T2): 9,118
Avg. hops NOC2: 12
Avg. latency NOC2 (T3): 2,109
Number of K Nodes Processed: 53,212
Number of K Edges Processed: 56,301
Node Re-explore factor: 12.69
Edge Re-explore factor: 0.44
Nodes/cy: 1,732
Edges/cy: 1,833
TEPS: 4,176

---Pcache---
Pcache Size: 16,384
Cached: 0
  PHits: 0
  PMisses: 0
  PHit Rate (hit/miss): -nan%
  PEvictions: 0
  PEviction Rate (evict/misses): -nan%

---Energy---
Leakage Energy (nJ): 55,322
PU Dyn E (nJ): 3,321,505
Mem Dyn E (nJ): 11,837,279
Route Dyn E (nJ): 4,364,572
Dynamic Energy (nJ): 19,523,357
Ratio of Dyn/Leak: 353
Total Energy (nJ): 19,578,679
Total Energy (nJ) 3D: 19,964,983
Cores Energy (nJ): 3,322,873
Route Energy (nJ): 4,365,360
Route Energy (nJ) 3D: 4,751,664
Mem Energy   (nJ): 11,890,446
Mem Energy   (nJ) 3D: 11,890,446
Avg. Power (mW): 637,285.29
Power Density (mW/mm2): 184.12

---Runtime---
Runtime in K cycles: 30.72
Microseconds: 30.72
Time per iteration (ms): 0.03

---Throughput---
GOP/s (aka OPS/ns): 9,633.94
GOP/s per core: 0.59
FLOP/s: 3,523.64
FLOP/s per core: 0.22
Max Peak FLOP/s: 16,384.00
Avg. BW GB/s: 73,925.50
Max BW GB/s: 65,536.00

---Traffic---
In-Die bisection_bytes BW (GB/s): 2,048.00
Inter-board traffic (msg/ns): 0.00, per-link: 0.00
Inter-pack traffic (msg/ns): 0.00, per-link: 0.00
Inter-die traffic (msg/ns): 0.00, per-link: 0.00
Ruche traffic (msg/ns): 0.00, per-link: 0.00
All traffic (msg/ns): 47,753.47, per-link: 2.91
Inter-die reduction wrt all: inf
Inter-board reduction wrt inter-die: -nan

---Data Movement---
All traffic (msg): 1,467,082,040
Arith. Intensity FLOP/Loads: 0.38
Arith. Intensity FLOP/Msgs: 0.07
Arith. Intensity OPS/Loads: 1.04
Arith. Intensity OPS/Msgs: 0.20



===Core Utilization Total=== CORE-S:3;; TIME K cy:30 ;; Nodes Proc: 3,259,419 -- Edges Proc: 3,325,666

===PRINTING FRAME STATS

FCollision In Avg:152, SD:79, Max:431, Min:0
FCollision Out Avg:105, SD:57, Max:284, Min:0
FCollision End Avg:2, SD:13, Max:101, Min:0
FTask1 Avg:4, SD:7, Max:70, Min:0
FTask2 Avg:15, SD:20, Max:100, Min:0
FTask3 Avg:14, SD:5, Max:64, Min:0
FCore Active Avg:32, SD:22, Max:100, Min:7
FRouter Active Avg:61, SD:19, Max:100, Min:8
T1 invocations: 14,164
T2 invocations: 81,106
T3 invocations: 42,941
T3b invocations: 2,764,328
Total3 invocations: 2,807,269
Total4 invocations: 0

T3/T2 ratio: 1
T3b/T3 ratio: 64

T1 avg ex cycles: 106
T2 avg ex cycles: 73
T3&b avg ex cycles: 2
T4 avg ex cycles: -nan
Avg. hops NOC1: 36
Avg. latency NOC1 (T2): 16,496
Avg. hops NOC2: 11
Avg. latency NOC2 (T3): 1,641

===PRINTING ACUM STATS at pu_cycles: 40,762

ACollision In Avg:176, SD:62, Max:345, Min:5
ACollision Out Avg:107, SD:43, Max:251, Min:0
ACollision End Avg:2, SD:10, Max:92, Min:0
ATask1 Avg:10, SD:4, Max:30, Min:0
ATask2 Avg:19, SD:15, Max:57, Min:0
ATask3 Avg:17, SD:2, Max:27, Min:8
ACore Active Avg:46, SD:17, Max:88, Min:14
ARouter Active Avg:75, SD:11, Max:98, Min:31
T1 invocations: 582,064
T2 invocations: 2,268,384
T3 invocations: 1,072,259
T3b invocations: 67,306,139
Total3 invocations: 68,378,398
Total4 invocations: 0

T3/T2 ratio: 0
T3b/T3 ratio: 63

T1 avg ex cycles: 123
T2 avg ex cycles: 70
T3&b avg ex cycles: 2
T4 avg ex cycles: -nan
Avg. hops NOC1: 27
Avg. latency NOC1 (T2): 11,017
Avg. hops NOC2: 12
Avg. latency NOC2 (T3): 2,035
Number of K Nodes Processed: 68,889
Number of K Edges Processed: 71,113
Node Re-explore factor: 16.42
Edge Re-explore factor: 0.55
Nodes/cy: 1,690
Edges/cy: 1,745
TEPS: 3,148

---Pcache---
Pcache Size: 16,384
Cached: 0
  PHits: 0
  PMisses: 0
  PHit Rate (hit/miss): -nan%
  PEvictions: 0
  PEviction Rate (evict/misses): -nan%

---Energy---
Leakage Energy (nJ): 73,401
PU Dyn E (nJ): 4,204,938
Mem Dyn E (nJ): 15,152,863
Route Dyn E (nJ): 5,473,389
Dynamic Energy (nJ): 24,831,191
Ratio of Dyn/Leak: 338
Total Energy (nJ): 24,904,592
Total Energy (nJ) 3D: 25,389,037
Cores Energy (nJ): 4,206,753
Route Energy (nJ): 5,474,435
Route Energy (nJ) 3D: 5,958,880
Mem Energy   (nJ): 15,223,404
Mem Energy   (nJ) 3D: 15,223,404
Avg. Power (mW): 610,975.71
Power Density (mW/mm2): 176.52

---Runtime---
Runtime in K cycles: 40.76
Microseconds: 40.76
Time per iteration (ms): 0.04

---Throughput---
GOP/s (aka OPS/ns): 9,002.87
GOP/s per core: 0.55
FLOP/s: 3,409.45
FLOP/s per core: 0.21
Max Peak FLOP/s: 16,384.00
Avg. BW GB/s: 71,323.73
Max BW GB/s: 65,536.00

---Traffic---
In-Die bisection_bytes BW (GB/s): 2,048.00
Inter-board traffic (msg/ns): 0.00, per-link: 0.00
Inter-pack traffic (msg/ns): 0.00, per-link: 0.00
Inter-die traffic (msg/ns): 0.00, per-link: 0.00
Ruche traffic (msg/ns): 0.00, per-link: 0.00
All traffic (msg/ns): 45,256.33, per-link: 2.76
Inter-die reduction wrt all: inf
Inter-board reduction wrt inter-die: -nan

---Data Movement---
All traffic (msg): 1,844,738,505
Arith. Intensity FLOP/Loads: 0.38
Arith. Intensity FLOP/Msgs: 0.08
Arith. Intensity OPS/Loads: 1.01
Arith. Intensity OPS/Msgs: 0.20



===Core Utilization Total=== CORE-S:4;; TIME K cy:40 ;; Nodes Proc: 4,148,255 -- Edges Proc: 4,234,201

===PRINTING FRAME STATS

FCollision In Avg:130, SD:77, Max:371, Min:0
FCollision Out Avg:92, SD:57, Max:284, Min:0
FCollision End Avg:2, SD:12, Max:101, Min:0
FTask1 Avg:3, SD:7, Max:63, Min:0
FTask2 Avg:14, SD:21, Max:100, Min:0
FTask3 Avg:13, SD:4, Max:56, Min:0
FCore Active Avg:31, SD:23, Max:100, Min:6
FRouter Active Avg:60, SD:21, Max:100, Min:6
T1 invocations: 12,584
T2 invocations: 78,192
T3 invocations: 40,047
T3b invocations: 2,613,957
Total3 invocations: 2,654,004
Total4 invocations: 0

T3/T2 ratio: 1
T3b/T3 ratio: 65

T1 avg ex cycles: 111
T2 avg ex cycles: 75
T3&b avg ex cycles: 2
T4 avg ex cycles: -nan
Avg. hops NOC1: 34
Avg. latency NOC1 (T2): 18,877
Avg. hops NOC2: 12
Avg. latency NOC2 (T3): 1,316

===PRINTING ACUM STATS at pu_cycles: 50,689

ACollision In Avg:167, SD:62, Max:334, Min:4
ACollision Out Avg:104, SD:44, Max:256, Min:0
ACollision End Avg:2, SD:10, Max:94, Min:0
ATask1 Avg:8, SD:3, Max:27, Min:0
ATask2 Avg:18, SD:12, Max:38, Min:0
ATask3 Avg:16, SD:2, Max:26, Min:9
ACore Active Avg:43, SD:14, Max:83, Min:13
ARouter Active Avg:72, SD:12, Max:95, Min:27
T1 invocations: 634,740
T2 invocations: 2,673,028
T3 invocations: 1,291,779
T3b invocations: 80,936,980
Total3 invocations: 82,228,759
Total4 invocations: 0

T3/T2 ratio: 0
T3b/T3 ratio: 63

T1 avg ex cycles: 122
T2 avg ex cycles: 71
T3&b avg ex cycles: 2
T4 avg ex cycles: -nan
Avg. hops NOC1: 26
Avg. latency NOC1 (T2): 12,305
Avg. hops NOC2: 12
Avg. latency NOC2 (T3): 1,950
Number of K Nodes Processed: 82,662
Number of K Edges Processed: 84,509
Node Re-explore factor: 19.71
Edge Re-explore factor: 0.66
Nodes/cy: 1,631
Edges/cy: 1,667
TEPS: 2,531

---Pcache---
Pcache Size: 16,384
Cached: 0
  PHits: 0
  PMisses: 0
  PHit Rate (hit/miss): -nan%
  PEvictions: 0
  PEviction Rate (evict/misses): -nan%

---Energy---
Leakage Energy (nJ): 91,277
PU Dyn E (nJ): 4,993,573
Mem Dyn E (nJ): 18,096,340
Route Dyn E (nJ): 6,473,699
Dynamic Energy (nJ): 29,563,613
Ratio of Dyn/Leak: 324
Total Energy (nJ): 29,654,890
Total Energy (nJ) 3D: 30,227,871
Cores Energy (nJ): 4,995,830
Route Energy (nJ): 6,474,999
Route Energy (nJ) 3D: 7,047,980
Mem Energy   (nJ): 18,184,061
Mem Energy   (nJ) 3D: 18,184,061
Avg. Power (mW): 585,036.00
Power Density (mW/mm2): 169.03

---Runtime---
Runtime in K cycles: 50.69
Microseconds: 50.69
Time per iteration (ms): 0.05

---Throughput---
GOP/s (aka OPS/ns): 8,497.90
GOP/s per core: 0.52
FLOP/s: 3,280.86
FLOP/s per core: 0.20
Max Peak FLOP/s: 16,384.00
Avg. BW GB/s: 68,497.20
Max BW GB/s: 65,536.00

---Traffic---
In-Die bisection_bytes BW (GB/s): 2,048.00
Inter-board traffic (msg/ns): 0.00, per-link: 0.00
Inter-pack traffic (msg/ns): 0.00, per-link: 0.00
Inter-die traffic (msg/ns): 0.00, per-link: 0.00
Ruche traffic (msg/ns): 0.00, per-link: 0.00
All traffic (msg/ns): 43,097.28, per-link: 2.63
Inter-die reduction wrt all: inf
Inter-board reduction wrt inter-die: -nan

---Data Movement---
All traffic (msg): 2,184,557,931
Arith. Intensity FLOP/Loads: 0.38
Arith. Intensity FLOP/Msgs: 0.08
Arith. Intensity OPS/Loads: 0.99
Arith. Intensity OPS/Msgs: 0.20



===Core Utilization Total=== CORE-S:5;; TIME K cy:50 ;; Nodes Proc: 4,997,703 -- Edges Proc: 5,092,433

===PRINTING FRAME STATS

FCollision In Avg:109, SD:76, Max:399, Min:0
FCollision Out Avg:80, SD:56, Max:205, Min:0
FCollision End Avg:1, SD:11, Max:101, Min:0
FTask1 Avg:3, SD:7, Max:58, Min:0
FTask2 Avg:14, SD:21, Max:100, Min:0
FTask3 Avg:12, SD:4, Max:47, Min:0
FCore Active Avg:29, SD:23, Max:100, Min:6
FRouter Active Avg:58, SD:21, Max:100, Min:4
T1 invocations: 11,371
T2 invocations: 75,679
T3 invocations: 37,429
T3b invocations: 2,467,810
Total3 invocations: 2,505,239
Total4 invocations: 0

T3/T2 ratio: 0
T3b/T3 ratio: 66

T1 avg ex cycles: 114
T2 avg ex cycles: 74
T3&b avg ex cycles: 2
T4 avg ex cycles: -nan
Avg. hops NOC1: 35
Avg. latency NOC1 (T2): 20,460
Avg. hops NOC2: 12
Avg. latency NOC2 (T3): 1,237

===PRINTING ACUM STATS at pu_cycles: 60,732

ACollision In Avg:157, SD:61, Max:317, Min:3
ACollision Out Avg:100, SD:44, Max:245, Min:0
ACollision End Avg:2, SD:9, Max:94, Min:0
ATask1 Avg:8, SD:3, Max:23, Min:0
ATask2 Avg:18, SD:11, Max:32, Min:0
ATask3 Avg:15, SD:2, Max:25, Min:10
ACore Active Avg:41, SD:12, Max:72, Min:13
ARouter Active Avg:70, SD:12, Max:95, Min:24
T1 invocations: 675,015
T2 invocations: 3,002,045
T3 invocations: 1,475,134
T3b invocations: 92,381,308
Total3 invocations: 93,856,442
Total4 invocations: 0

T3/T2 ratio: 0
T3b/T3 ratio: 63

T1 avg ex cycles: 122
T2 avg ex cycles: 71
T3&b avg ex cycles: 2
T4 avg ex cycles: -nan
Avg. hops NOC1: 26
Avg. latency NOC1 (T2): 13,145
Avg. hops NOC2: 12
Avg. latency NOC2 (T3): 1,894
Number of K Nodes Processed: 94,219
Number of K Edges Processed: 95,441
Node Re-explore factor: 22.46
Edge Re-explore factor: 0.74
Nodes/cy: 1,551
Edges/cy: 1,572
TEPS: 2,113

---Pcache---
Pcache Size: 16,384
Cached: 0
  PHits: 0
  PMisses: 0
  PHit Rate (hit/miss): -nan%
  PEvictions: 0
  PEviction Rate (evict/misses): -nan%

---Energy---
Leakage Energy (nJ): 109,362
PU Dyn E (nJ): 5,645,840
Mem Dyn E (nJ): 20,539,011
Route Dyn E (nJ): 7,284,692
Dynamic Energy (nJ): 33,469,543
Ratio of Dyn/Leak: 306
Total Energy (nJ): 33,578,905
Total Energy (nJ) 3D: 34,223,667
Cores Energy (nJ): 5,648,544
Route Energy (nJ): 7,286,249
Route Energy (nJ) 3D: 7,931,011
Mem Energy   (nJ): 20,644,111
Mem Energy   (nJ) 3D: 20,644,111
Avg. Power (mW): 552,902.99
Power Density (mW/mm2): 159.74

---Runtime---
Runtime in K cycles: 60.73
Microseconds: 60.73
Time per iteration (ms): 0.06

---Throughput---
GOP/s (aka OPS/ns): 7,958.97
GOP/s per core: 0.49
FLOP/s: 3,111.03
FLOP/s per core: 0.19
Max Peak FLOP/s: 16,384.00
Avg. BW GB/s: 64,887.12
Max BW GB/s: 65,536.00

---Traffic---
In-Die bisection_bytes BW (GB/s): 2,048.00
Inter-board traffic (msg/ns): 0.00, per-link: 0.00
Inter-pack traffic (msg/ns): 0.00, per-link: 0.00
Inter-die traffic (msg/ns): 0.00, per-link: 0.00
Ruche traffic (msg/ns): 0.00, per-link: 0.00
All traffic (msg/ns): 40,520.05, per-link: 2.47
Inter-die reduction wrt all: inf
Inter-board reduction wrt inter-die: -nan

---Data Movement---
All traffic (msg): 2,460,863,939
Arith. Intensity FLOP/Loads: 0.38
Arith. Intensity FLOP/Msgs: 0.08
Arith. Intensity OPS/Loads: 0.98
Arith. Intensity OPS/Msgs: 0.20



===Core Utilization Total=== CORE-S:6;; TIME K cy:60 ;; Nodes Proc: 5,731,727 -- Edges Proc: 5,802,719

===PRINTING FRAME STATS

FCollision In Avg:88, SD:72, Max:358, Min:0
FCollision Out Avg:68, SD:53, Max:212, Min:0
FCollision End Avg:1, SD:10, Max:100, Min:0
FTask1 Avg:3, SD:7, Max:89, Min:0
FTask2 Avg:14, SD:22, Max:100, Min:0
FTask3 Avg:13, SD:5, Max:43, Min:0
FCore Active Avg:30, SD:23, Max:100, Min:6
FRouter Active Avg:58, SD:20, Max:99, Min:5
T1 invocations: 10,189
T2 invocations: 78,450
T3 invocations: 40,690
T3b invocations: 2,602,763
Total3 invocations: 2,643,453
Total4 invocations: 0

T3/T2 ratio: 1
T3b/T3 ratio: 64

T1 avg ex cycles: 117
T2 avg ex cycles: 75
T3&b avg ex cycles: 2
T4 avg ex cycles: -nan
Avg. hops NOC1: 30
Avg. latency NOC1 (T2): 21,478
Avg. hops NOC2: 11
Avg. latency NOC2 (T3): 1,163

===PRINTING ACUM STATS at pu_cycles: 70,595

ACollision In Avg:147, SD:60, Max:319, Min:3
ACollision Out Avg:96, SD:44, Max:235, Min:0
ACollision End Avg:2, SD:9, Max:95, Min:0
ATask1 Avg:7, SD:2, Max:30, Min:0
ATask2 Avg:17, SD:9, Max:30, Min:0
ATask3 Avg:15, SD:2, Max:24, Min:10
ACore Active Avg:39, SD:10, Max:64, Min:12
ARouter Active Avg:68, SD:12, Max:93, Min:22
T1 invocations: 706,425
T2 invocations: 3,283,472
T3 invocations: 1,633,329
T3b invocations: 102,017,832
Total3 invocations: 103,651,161
Total4 invocations: 0

T3/T2 ratio: 0
T3b/T3 ratio: 62

T1 avg ex cycles: 122
T2 avg ex cycles: 72
T3&b avg ex cycles: 2
T4 avg ex cycles: -nan
Avg. hops NOC1: 26
Avg. latency NOC1 (T2): 13,807
Avg. hops NOC2: 12
Avg. latency NOC2 (T3): 1,831
Number of K Nodes Processed: 103,873
Number of K Edges Processed: 104,892
Node Re-explore factor: 24.77
Edge Re-explore factor: 0.82
Nodes/cy: 1,471
Edges/cy: 1,486
TEPS: 1,818

---Pcache---
Pcache Size: 16,384
Cached: 0
  PHits: 0
  PMisses: 0
  PHit Rate (hit/miss): -nan%
  PEvictions: 0
  PEviction Rate (evict/misses): -nan%

---Energy---
Leakage Energy (nJ): 127,122
PU Dyn E (nJ): 6,202,092
Mem Dyn E (nJ): 22,619,155
Route Dyn E (nJ): 7,984,497
Dynamic Energy (nJ): 36,805,744
Ratio of Dyn/Leak: 290
Total Energy (nJ): 36,932,866
Total Energy (nJ) 3D: 37,639,566
Cores Energy (nJ): 6,205,235
Route Energy (nJ): 7,986,307
Route Energy (nJ) 3D: 8,693,007
Mem Energy   (nJ): 22,741,324
Mem Energy   (nJ) 3D: 22,741,324
Avg. Power (mW): 523,165.47
Power Density (mW/mm2): 151.15

---Runtime---
Runtime in K cycles: 70.59
Microseconds: 70.59
Time per iteration (ms): 0.07

---Throughput---
GOP/s (aka OPS/ns): 7,480.37
GOP/s per core: 0.46
FLOP/s: 2,950.38
FLOP/s per core: 0.18
Max Peak FLOP/s: 16,384.00
Avg. BW GB/s: 61,475.08
Max BW GB/s: 65,536.00

---Traffic---
In-Die bisection_bytes BW (GB/s): 2,048.00
Inter-board traffic (msg/ns): 0.00, per-link: 0.00
Inter-pack traffic (msg/ns): 0.00, per-link: 0.00
Inter-die traffic (msg/ns): 0.00, per-link: 0.00
Ruche traffic (msg/ns): 0.00, per-link: 0.00
All traffic (msg/ns): 38,229.38, per-link: 2.33
Inter-die reduction wrt all: inf
Inter-board reduction wrt inter-die: -nan

---Data Movement---
All traffic (msg): 2,698,802,939
Arith. Intensity FLOP/Loads: 0.38
Arith. Intensity FLOP/Msgs: 0.08
Arith. Intensity OPS/Loads: 0.97
Arith. Intensity OPS/Msgs: 0.20



===Core Utilization Total=== CORE-S:7;; TIME K cy:70 ;; Nodes Proc: 6,312,862 -- Edges Proc: 6,471,030
======== IT IS COLD ======= Only 457 Tiles active

===PRINTING FRAME STATS

FCollision In Avg:71, SD:69, Max:375, Min:0
FCollision Out Avg:58, SD:56, Max:201, Min:0
FCollision End Avg:1, SD:9, Max:101, Min:0
FTask1 Avg:3, SD:8, Max:64, Min:0
FTask2 Avg:13, SD:22, Max:100, Min:0
FTask3 Avg:11, SD:4, Max:43, Min:0
FCore Active Avg:27, SD:23, Max:100, Min:6
FRouter Active Avg:55, SD:20, Max:100, Min:6
T1 invocations: 10,069
T2 invocations: 67,882
T3 invocations: 35,316
T3b invocations: 2,273,707
Total3 invocations: 2,309,023
Total4 invocations: 0

T3/T2 ratio: 1
T3b/T3 ratio: 64

T1 avg ex cycles: 121
T2 avg ex cycles: 76
T3&b avg ex cycles: 2
T4 avg ex cycles: -nan
Avg. hops NOC1: 36
Avg. latency NOC1 (T2): 18,796
Avg. hops NOC2: 11
Avg. latency NOC2 (T3): 1,166

===PRINTING ACUM STATS at pu_cycles: 80,781

ACollision In Avg:138, SD:58, Max:312, Min:3
ACollision Out Avg:91, SD:43, Max:227, Min:0
ACollision End Avg:2, SD:9, Max:96, Min:0
ATask1 Avg:6, SD:2, Max:32, Min:0
ATask2 Avg:17, SD:7, Max:24, Min:0
ATask3 Avg:15, SD:2, Max:24, Min:10
ACore Active Avg:38, SD:9, Max:65, Min:12
ARouter Active Avg:66, SD:12, Max:93, Min:21
T1 invocations: 730,377
T2 invocations: 3,500,104
T3 invocations: 1,755,046
T3b invocations: 109,575,697
Total3 invocations: 111,330,743
Total4 invocations: 0

T3/T2 ratio: 1
T3b/T3 ratio: 62

T1 avg ex cycles: 122
T2 avg ex cycles: 72
T3&b avg ex cycles: 2
T4 avg ex cycles: -nan
Avg. hops NOC1: 25
Avg. latency NOC1 (T2): 14,233
Avg. hops NOC2: 12
Avg. latency NOC2 (T3): 1,791
Number of K Nodes Processed: 111,604
Number of K Edges Processed: 112,326
Node Re-explore factor: 26.61
Edge Re-explore factor: 0.88
Nodes/cy: 1,382
Edges/cy: 1,391
TEPS: 1,588

---Pcache---
Pcache Size: 16,384
Cached: 0
  PHits: 0
  PMisses: 0
  PHit Rate (hit/miss): -nan%
  PEvictions: 0
  PEviction Rate (evict/misses): -nan%

---Energy---
Leakage Energy (nJ): 145,464
PU Dyn E (nJ): 6,636,546
Mem Dyn E (nJ): 24,244,983
Route Dyn E (nJ): 8,527,886
Dynamic Energy (nJ): 39,409,415
Ratio of Dyn/Leak: 271
Total Energy (nJ): 39,554,879
Total Energy (nJ) 3D: 40,309,675
Cores Energy (nJ): 6,640,143
Route Energy (nJ): 8,529,958
Route Energy (nJ) 3D: 9,284,753
Mem Energy   (nJ): 24,384,779
Mem Energy   (nJ) 3D: 24,384,779
Avg. Power (mW): 489,655.73
Power Density (mW/mm2): 141.47

---Runtime---
Runtime in K cycles: 80.78
Microseconds: 80.78
Time per iteration (ms): 0.08

---Throughput---
GOP/s (aka OPS/ns): 6,969.15
GOP/s per core: 0.43
FLOP/s: 2,765.44
FLOP/s per core: 0.17
Max Peak FLOP/s: 16,384.00
Avg. BW GB/s: 57,585.03
Max BW GB/s: 65,536.00

---Traffic---
In-Die bisection_bytes BW (GB/s): 2,048.00
Inter-board traffic (msg/ns): 0.00, per-link: 0.00
Inter-pack traffic (msg/ns): 0.00, per-link: 0.00
Inter-die traffic (msg/ns): 0.00, per-link: 0.00
Ruche traffic (msg/ns): 0.00, per-link: 0.00
All traffic (msg/ns): 35,697.78, per-link: 2.18
Inter-die reduction wrt all: inf
Inter-board reduction wrt inter-die: -nan

---Data Movement---
All traffic (msg): 2,883,702,204
Arith. Intensity FLOP/Loads: 0.38
Arith. Intensity FLOP/Msgs: 0.08
Arith. Intensity OPS/Loads: 0.97
Arith. Intensity OPS/Msgs: 0.20



===Core Utilization Total=== CORE-S:8;; TIME K cy:80 ;; Nodes Proc: 6,798,753 -- Edges Proc: 7,069,696
======== IT IS COLD ======= Only 320 Tiles active

===PRINTING FRAME STATS

FCollision In Avg:50, SD:61, Max:319, Min:0
FCollision Out Avg:38, SD:48, Max:193, Min:0
FCollision End Avg:1, SD:9, Max:101, Min:0
FTask1 Avg:2, SD:7, Max:87, Min:0
FTask2 Avg:14, SD:24, Max:100, Min:0
FTask3 Avg:13, SD:4, Max:39, Min:0
FCore Active Avg:29, SD:24, Max:100, Min:6
FRouter Active Avg:57, SD:21, Max:99, Min:6
T1 invocations: 6,720
T2 invocations: 72,657
T3 invocations: 40,943
T3b invocations: 2,546,453
Total3 invocations: 2,587,396
Total4 invocations: 0

T3/T2 ratio: 1
T3b/T3 ratio: 62

T1 avg ex cycles: 131
T2 avg ex cycles: 79
T3&b avg ex cycles: 2
T4 avg ex cycles: -nan
Avg. hops NOC1: 26
Avg. latency NOC1 (T2): 22,358
Avg. hops NOC2: 11
Avg. latency NOC2 (T3): 1,076

===PRINTING ACUM STATS at pu_cycles: 90,672

ACollision In Avg:128, SD:56, Max:313, Min:2
ACollision Out Avg:85, SD:42, Max:212, Min:0
ACollision End Avg:2, SD:8, Max:96, Min:0
ATask1 Avg:6, SD:1, Max:29, Min:0
ATask2 Avg:16, SD:5, Max:22, Min:0
ATask3 Avg:14, SD:2, Max:23, Min:9
ACore Active Avg:37, SD:7, Max:63, Min:13
ARouter Active Avg:65, SD:12, Max:91, Min:20
T1 invocations: 745,023
T2 invocations: 3,662,632
T3 invocations: 1,847,311
T3b invocations: 115,323,006
Total3 invocations: 117,170,317
Total4 invocations: 0

T3/T2 ratio: 1
T3b/T3 ratio: 62

T1 avg ex cycles: 122
T2 avg ex cycles: 72
T3&b avg ex cycles: 2
T4 avg ex cycles: -nan
Avg. hops NOC1: 25
Avg. latency NOC1 (T2): 14,595
Avg. hops NOC2: 12
Avg. latency NOC2 (T3): 1,761
Number of K Nodes Processed: 117,313
Number of K Edges Processed: 117,858
Node Re-explore factor: 27.97
Edge Re-explore factor: 0.92
Nodes/cy: 1,294
Edges/cy: 1,300
TEPS: 1,415

---Pcache---
Pcache Size: 16,384
Cached: 0
  PHits: 0
  PMisses: 0
  PHit Rate (hit/miss): -nan%
  PEvictions: 0
  PEviction Rate (evict/misses): -nan%

---Energy---
Leakage Energy (nJ): 163,275
PU Dyn E (nJ): 6,964,852
Mem Dyn E (nJ): 25,477,409
Route Dyn E (nJ): 8,941,792
Dynamic Energy (nJ): 41,384,053
Ratio of Dyn/Leak: 253
Total Energy (nJ): 41,547,328
Total Energy (nJ) 3D: 42,338,758
Cores Energy (nJ): 6,968,890
Route Energy (nJ): 8,944,117
Route Energy (nJ) 3D: 9,735,546
Mem Energy   (nJ): 25,634,322
Mem Energy   (nJ) 3D: 25,634,322
Avg. Power (mW): 458,215.64
Power Density (mW/mm2): 132.39

---Runtime---
Runtime in K cycles: 90.67
Microseconds: 90.67
Time per iteration (ms): 0.09

---Throughput---
GOP/s (aka OPS/ns): 6,497.40
GOP/s per core: 0.40
FLOP/s: 2,590.32
FLOP/s per core: 0.16
Max Peak FLOP/s: 16,384.00
Avg. BW GB/s: 53,911.25
Max BW GB/s: 65,536.00

---Traffic---
In-Die bisection_bytes BW (GB/s): 2,048.00
Inter-board traffic (msg/ns): 0.00, per-link: 0.00
Inter-pack traffic (msg/ns): 0.00, per-link: 0.00
Inter-die traffic (msg/ns): 0.00, per-link: 0.00
Ruche traffic (msg/ns): 0.00, per-link: 0.00
All traffic (msg/ns): 33,356.65, per-link: 2.04
Inter-die reduction wrt all: inf
Inter-board reduction wrt inter-die: -nan

---Data Movement---
All traffic (msg): 3,024,514,207
Arith. Intensity FLOP/Loads: 0.38
Arith. Intensity FLOP/Msgs: 0.08
Arith. Intensity OPS/Loads: 0.97
Arith. Intensity OPS/Msgs: 0.19



===Core Utilization Total=== CORE-S:9;; TIME K cy:90 ;; Nodes Proc: 7,186,625 -- Edges Proc: 7,413,019
======== IT IS COLD ======= Only 192 Tiles active

===PRINTING FRAME STATS

FCollision In Avg:32, SD:54, Max:392, Min:0
FCollision Out Avg:23, SD:40, Max:193, Min:0
FCollision End Avg:1, SD:7, Max:101, Min:0
FTask1 Avg:1, SD:6, Max:58, Min:0
FTask2 Avg:11, SD:23, Max:100, Min:0
FTask3 Avg:10, SD:4, Max:40, Min:0
FCore Active Avg:23, SD:24, Max:100, Min:4
FRouter Active Avg:46, SD:22, Max:100, Min:4
T1 invocations: 4,840
T2 invocations: 58,358
T3 invocations: 30,326
T3b invocations: 2,112,636
Total3 invocations: 2,142,962
Total4 invocations: 0

T3/T2 ratio: 1
T3b/T3 ratio: 70

T1 avg ex cycles: 124
T2 avg ex cycles: 77
T3&b avg ex cycles: 2
T4 avg ex cycles: -nan
Avg. hops NOC1: 19
Avg. latency NOC1 (T2): 23,512
Avg. hops NOC2: 11
Avg. latency NOC2 (T3): 1,185

===PRINTING ACUM STATS at pu_cycles: 100,653

ACollision In Avg:118, SD:54, Max:321, Min:2
ACollision Out Avg:79, SD:40, Max:191, Min:0
ACollision End Avg:1, SD:8, Max:96, Min:0
ATask1 Avg:6, SD:1, Max:26, Min:0
ATask2 Avg:16, SD:4, Max:20, Min:0
ATask3 Avg:14, SD:2, Max:22, Min:10
ACore Active Avg:35, SD:5, Max:61, Min:12
ARouter Active Avg:63, SD:12, Max:89, Min:18
T1 invocations: 754,495
T2 invocations: 3,778,426
T3 invocations: 1,907,776
T3b invocations: 119,457,423
Total3 invocations: 121,365,199
Total4 invocations: 0

T3/T2 ratio: 1
T3b/T3 ratio: 63

T1 avg ex cycles: 122
T2 avg ex cycles: 72
T3&b avg ex cycles: 2
T4 avg ex cycles: -nan
Avg. hops NOC1: 25
Avg. latency NOC1 (T2): 14,896
Avg. hops NOC2: 12
Avg. latency NOC2 (T3): 1,743
Number of K Nodes Processed: 121,459
Number of K Edges Processed: 121,760
Node Re-explore factor: 28.96
Edge Re-explore factor: 0.95
Nodes/cy: 1,207
Edges/cy: 1,210
TEPS: 1,275

---Pcache---
Pcache Size: 16,384
Cached: 0
  PHits: 0
  PMisses: 0
  PHit Rate (hit/miss): -nan%
  PEvictions: 0
  PEviction Rate (evict/misses): -nan%

---Energy---
Leakage Energy (nJ): 181,248
PU Dyn E (nJ): 7,197,641
Mem Dyn E (nJ): 26,354,740
Route Dyn E (nJ): 9,224,124
Dynamic Energy (nJ): 42,776,504
Ratio of Dyn/Leak: 236
Total Energy (nJ): 42,957,752
Total Energy (nJ) 3D: 43,774,171
Cores Energy (nJ): 7,202,123
Route Energy (nJ): 9,226,705
Route Energy (nJ) 3D: 10,043,123
Mem Energy   (nJ): 26,528,926
Mem Energy   (nJ) 3D: 26,528,926
Avg. Power (mW): 426,790.58
Power Density (mW/mm2): 123.31

---Runtime---
Runtime in K cycles: 100.65
Microseconds: 100.65
Time per iteration (ms): 0.10

---Throughput---
GOP/s (aka OPS/ns): 6,036.34
GOP/s per core: 0.37
FLOP/s: 2,414.55
FLOP/s per core: 0.15
Max Peak FLOP/s: 16,384.00
Avg. BW GB/s: 50,237.70
Max BW GB/s: 65,536.00

---Traffic---
In-Die bisection_bytes BW (GB/s): 2,048.00
Inter-board traffic (msg/ns): 0.00, per-link: 0.00
Inter-pack traffic (msg/ns): 0.00, per-link: 0.00
Inter-die traffic (msg/ns): 0.00, per-link: 0.00
Ruche traffic (msg/ns): 0.00, per-link: 0.00
All traffic (msg/ns): 31,007.55, per-link: 1.89
Inter-die reduction wrt all: inf
Inter-board reduction wrt inter-die: -nan

---Data Movement---
All traffic (msg): 3,121,002,589
Arith. Intensity FLOP/Loads: 0.38
Arith. Intensity FLOP/Msgs: 0.08
Arith. Intensity OPS/Loads: 0.96
Arith. Intensity OPS/Msgs: 0.19



===Core Utilization Total=== CORE-S:10;; TIME K cy:100 ;; Nodes Proc: 7,457,653 -- Edges Proc: 7,616,627
======== IT IS COLD ======= Only 126 Tiles active

===PRINTING FRAME STATS

FCollision In Avg:18, SD:41, Max:327, Min:0
FCollision Out Avg:12, SD:30, Max:185, Min:0
FCollision End Avg:0, SD:5, Max:100, Min:0
FTask1 Avg:1, SD:6, Max:69, Min:0
FTask2 Avg:7, SD:19, Max:100, Min:0
FTask3 Avg:7, SD:5, Max:34, Min:0
FCore Active Avg:16, SD:21, Max:100, Min:0
FRouter Active Avg:33, SD:25, Max:100, Min:0
T1 invocations: 4,133
T2 invocations: 40,005
T3 invocations: 19,558
T3b invocations: 1,419,219
Total3 invocations: 1,438,777
Total4 invocations: 0

T3/T2 ratio: 0
T3b/T3 ratio: 73

T1 avg ex cycles: 125
T2 avg ex cycles: 77
T3&b avg ex cycles: 2
T4 avg ex cycles: -nan
Avg. hops NOC1: 26
Avg. latency NOC1 (T2): 26,619
Avg. hops NOC2: 11
Avg. latency NOC2 (T3): 1,070

===PRINTING ACUM STATS at pu_cycles: 110,718

ACollision In Avg:109, SD:51, Max:308, Min:2
ACollision Out Avg:73, SD:38, Max:179, Min:0
ACollision End Avg:1, SD:7, Max:93, Min:0
ATask1 Avg:5, SD:1, Max:24, Min:0
ATask2 Avg:15, SD:3, Max:17, Min:0
ATask3 Avg:13, SD:1, Max:20, Min:10
ACore Active Avg:33, SD:4, Max:57, Min:12
ARouter Active Avg:61, SD:11, Max:85, Min:18
T1 invocations: 762,650
T2 invocations: 3,862,787
T3 invocations: 1,949,792
T3b invocations: 122,410,835
Total3 invocations: 124,360,627
Total4 invocations: 0

T3/T2 ratio: 1
T3b/T3 ratio: 63

T1 avg ex cycles: 122
T2 avg ex cycles: 73
T3&b avg ex cycles: 2
T4 avg ex cycles: -nan
Avg. hops NOC1: 25
Avg. latency NOC1 (T2): 15,149
Avg. hops NOC2: 12
Avg. latency NOC2 (T3): 1,725
Number of K Nodes Processed: 124,451
Number of K Edges Processed: 124,671
Node Re-explore factor: 29.67
Edge Re-explore factor: 0.97
Nodes/cy: 1,124
Edges/cy: 1,126
TEPS: 1,159

---Pcache---
Pcache Size: 16,384
Cached: 0
  PHits: 0
  PMisses: 0
  PHit Rate (hit/miss): -nan%
  PEvictions: 0
  PEviction Rate (evict/misses): -nan%

---Energy---
Leakage Energy (nJ): 199,372
PU Dyn E (nJ): 7,366,928
Mem Dyn E (nJ): 26,989,220
Route Dyn E (nJ): 9,435,830
Dynamic Energy (nJ): 43,791,978
Ratio of Dyn/Leak: 220
Total Energy (nJ): 43,991,350
Total Energy (nJ) 3D: 44,826,507
Cores Energy (nJ): 7,371,858
Route Energy (nJ): 9,438,668
Route Energy (nJ) 3D: 10,273,825
Mem Energy   (nJ): 27,180,824
Mem Energy   (nJ) 3D: 27,180,824
Avg. Power (mW): 397,327.90
Power Density (mW/mm2): 114.79

---Runtime---
Runtime in K cycles: 110.72
Microseconds: 110.72
Time per iteration (ms): 0.11

---Throughput---
GOP/s (aka OPS/ns): 5,609.73
GOP/s per core: 0.34
FLOP/s: 2,248.41
FLOP/s per core: 0.14
Max Peak FLOP/s: 16,384.00
Avg. BW GB/s: 46,770.28
Max BW GB/s: 65,536.00

---Traffic---
In-Die bisection_bytes BW (GB/s): 2,048.00
Inter-board traffic (msg/ns): 0.00, per-link: 0.00
Inter-pack traffic (msg/ns): 0.00, per-link: 0.00
Inter-die traffic (msg/ns): 0.00, per-link: 0.00
Ruche traffic (msg/ns): 0.00, per-link: 0.00
All traffic (msg/ns): 28,839.45, per-link: 1.76
Inter-die reduction wrt all: inf
Inter-board reduction wrt inter-die: -nan

---Data Movement---
All traffic (msg): 3,193,046,520
Arith. Intensity FLOP/Loads: 0.39
Arith. Intensity FLOP/Msgs: 0.08
Arith. Intensity OPS/Loads: 0.96
Arith. Intensity OPS/Msgs: 0.19



===Core Utilization Total=== CORE-S:11;; TIME K cy:110 ;; Nodes Proc: 7,646,036 -- Edges Proc: 7,775,979
======== IT IS COLD ======= Only 84 Tiles active

===PRINTING FRAME STATS

FCollision In Avg:9, SD:26, Max:274, Min:0
FCollision Out Avg:7, SD:21, Max:183, Min:0
FCollision End Avg:0, SD:3, Max:100, Min:0
FTask1 Avg:1, SD:5, Max:72, Min:0
FTask2 Avg:6, SD:18, Max:100, Min:0
FTask3 Avg:6, SD:5, Max:31, Min:0
FCore Active Avg:13, SD:21, Max:100, Min:0
FRouter Active Avg:28, SD:27, Max:100, Min:0
T1 invocations: 2,964
T2 invocations: 33,253
T3 invocations: 15,093
T3b invocations: 1,123,634
Total3 invocations: 1,138,727
Total4 invocations: 0

T3/T2 ratio: 0
T3b/T3 ratio: 74

T1 avg ex cycles: 132
T2 avg ex cycles: 75
T3&b avg ex cycles: 2
T4 avg ex cycles: -nan
Avg. hops NOC1: 25
Avg. latency NOC1 (T2): 23,700
Avg. hops NOC2: 11
Avg. latency NOC2 (T3): 825

===PRINTING ACUM STATS at pu_cycles: 120,572

ACollision In Avg:101, SD:47, Max:283, Min:2
ACollision Out Avg:67, SD:36, Max:177, Min:0
ACollision End Avg:1, SD:7, Max:85, Min:0
ATask1 Avg:5, SD:1, Max:22, Min:1
ATask2 Avg:14, SD:2, Max:16, Min:0
ATask3 Avg:13, SD:1, Max:18, Min:9
ACore Active Avg:32, SD:2, Max:53, Min:12
ARouter Active Avg:58, SD:11, Max:79, Min:17
T1 invocations: 769,204
T2 invocations: 3,928,453
T3 invocations: 1,980,482
T3b invocations: 124,658,147
Total3 invocations: 126,638,629
Total4 invocations: 0

T3/T2 ratio: 1
T3b/T3 ratio: 63

T1 avg ex cycles: 122
T2 avg ex cycles: 73
T3&b avg ex cycles: 2
T4 avg ex cycles: -nan
Avg. hops NOC1: 25
Avg. latency NOC1 (T2): 15,239
Avg. hops NOC2: 12
Avg. latency NOC2 (T3): 1,710
Number of K Nodes Processed: 126,676
Number of K Edges Processed: 126,835
Node Re-explore factor: 30.20
Edge Re-explore factor: 0.99
Nodes/cy: 1,051
Edges/cy: 1,052
TEPS: 1,064

---Pcache---
Pcache Size: 16,384
Cached: 0
  PHits: 0
  PMisses: 0
  PHit Rate (hit/miss): -nan%
  PEvictions: 0
  PEviction Rate (evict/misses): -nan%

---Energy---
Leakage Energy (nJ): 217,117
PU Dyn E (nJ): 7,495,480
Mem Dyn E (nJ): 27,470,441
Route Dyn E (nJ): 9,599,898
Dynamic Energy (nJ): 44,565,819
Ratio of Dyn/Leak: 205
Total Energy (nJ): 44,782,936
Total Energy (nJ) 3D: 45,632,615
Cores Energy (nJ): 7,500,850
Route Energy (nJ): 9,602,989
Route Energy (nJ) 3D: 10,452,667
Mem Energy   (nJ): 27,679,098
Mem Energy   (nJ) 3D: 27,679,098
Avg. Power (mW): 371,420.69
Power Density (mW/mm2): 107.31

---Runtime---
Runtime in K cycles: 120.57
Microseconds: 120.57
Time per iteration (ms): 0.12

---Throughput---
GOP/s (aka OPS/ns): 5,236.99
GOP/s per core: 0.32
FLOP/s: 2,101.72
FLOP/s per core: 0.13
Max Peak FLOP/s: 16,384.00
Avg. BW GB/s: 43,713.66
Max BW GB/s: 65,536.00

---Traffic---
In-Die bisection_bytes BW (GB/s): 2,048.00
Inter-board traffic (msg/ns): 0.00, per-link: 0.00
Inter-pack traffic (msg/ns): 0.00, per-link: 0.00
Inter-die traffic (msg/ns): 0.00, per-link: 0.00
Ruche traffic (msg/ns): 0.00, per-link: 0.00
All traffic (msg/ns): 26,944.84, per-link: 1.64
Inter-die reduction wrt all: inf
Inter-board reduction wrt inter-die: -nan

---Data Movement---
All traffic (msg): 3,248,793,315
Arith. Intensity FLOP/Loads: 0.39
Arith. Intensity FLOP/Msgs: 0.08
Arith. Intensity OPS/Loads: 0.96
Arith. Intensity OPS/Msgs: 0.19



===Core Utilization Total=== CORE-S:12;; TIME K cy:120 ;; Nodes Proc: 7,806,116 -- Edges Proc: 7,909,397
======== IT IS COLD ======= Only 49 Tiles active

===PRINTING FRAME STATS

FCollision In Avg:2, SD:11, Max:165, Min:0
FCollision Out Avg:1, SD:5, Max:126, Min:0
FCollision End Avg:0, SD:1, Max:56, Min:0
FTask1 Avg:0, SD:3, Max:64, Min:0
FTask2 Avg:4, SD:15, Max:100, Min:0
FTask3 Avg:4, SD:4, Max:27, Min:0
FCore Active Avg:8, SD:17, Max:100, Min:0
FRouter Active Avg:17, SD:21, Max:98, Min:0
T1 invocations: 1,172
T2 invocations: 21,147
T3 invocations: 9,958
T3b invocations: 735,129
Total3 invocations: 745,087
Total4 invocations: 0

T3/T2 ratio: 0
T3b/T3 ratio: 74

T1 avg ex cycles: 133
T2 avg ex cycles: 72
T3&b avg ex cycles: 2
T4 avg ex cycles: -nan
Avg. hops NOC1: 17
Avg. latency NOC1 (T2): 21,096
Avg. hops NOC2: 10
Avg. latency NOC2 (T3): 879

===PRINTING ACUM STATS at pu_cycles: 130,279

ACollision In Avg:93, SD:44, Max:261, Min:2
ACollision Out Avg:62, SD:33, Max:164, Min:0
ACollision End Avg:1, SD:6, Max:79, Min:0
ATask1 Avg:4, SD:1, Max:20, Min:1
ATask2 Avg:13, SD:1, Max:15, Min:1
ATask3 Avg:12, SD:1, Max:17, Min:9
ACore Active Avg:30, SD:2, Max:50, Min:18
ARouter Active Avg:55, SD:11, Max:76, Min:17
T1 invocations: 771,638
T2 invocations: 3,962,853
T3 invocations: 1,997,658
T3b invocations: 125,930,877
Total3 invocations: 127,928,535
Total4 invocations: 0

T3/T2 ratio: 1
T3b/T3 ratio: 63

T1 avg ex cycles: 122
T2 avg ex cycles: 73
T3&b avg ex cycles: 2
T4 avg ex cycles: -nan
Avg. hops NOC1: 25
Avg. latency NOC1 (T2): 15,262
Avg. hops NOC2: 12
Avg. latency NOC2 (T3): 1,704
Number of K Nodes Processed: 127,938
Number of K Edges Processed: 127,985
Node Re-explore factor: 30.50
Edge Re-explore factor: 1.00
Nodes/cy: 982
Edges/cy: 982
TEPS: 985

---Pcache---
Pcache Size: 16,384
Cached: 0
  PHits: 0
  PMisses: 0
  PHit Rate (hit/miss): -nan%
  PEvictions: 0
  PEviction Rate (evict/misses): -nan%

---Energy---
Leakage Energy (nJ): 234,596
PU Dyn E (nJ): 7,564,835
Mem Dyn E (nJ): 27,733,548
Route Dyn E (nJ): 9,682,213
Dynamic Energy (nJ): 44,980,597
Ratio of Dyn/Leak: 192
Total Energy (nJ): 45,215,193
Total Energy (nJ) 3D: 46,072,157
Cores Energy (nJ): 7,570,636
Route Energy (nJ): 9,685,554
Route Energy (nJ) 3D: 10,542,518
Mem Energy   (nJ): 27,959,004
Mem Energy   (nJ) 3D: 27,959,004
Avg. Power (mW): 347,064.33
Power Density (mW/mm2): 100.27

---Runtime---
Runtime in K cycles: 130.28
Microseconds: 130.28
Time per iteration (ms): 0.13

---Throughput---
GOP/s (aka OPS/ns): 4,888.90
GOP/s per core: 0.30
FLOP/s: 1,963.81
FLOP/s per core: 0.12
Max Peak FLOP/s: 16,384.00
Avg. BW GB/s: 40,844.09
Max BW GB/s: 65,536.00

---Traffic---
In-Die bisection_bytes BW (GB/s): 2,048.00
Inter-board traffic (msg/ns): 0.00, per-link: 0.00
Inter-pack traffic (msg/ns): 0.00, per-link: 0.00
Inter-die traffic (msg/ns): 0.00, per-link: 0.00
Ruche traffic (msg/ns): 0.00, per-link: 0.00
All traffic (msg/ns): 25,154.18, per-link: 1.54
Inter-die reduction wrt all: inf
Inter-board reduction wrt inter-die: -nan

---Data Movement---
All traffic (msg): 3,277,060,779
Arith. Intensity FLOP/Loads: 0.39
Arith. Intensity FLOP/Msgs: 0.08
Arith. Intensity OPS/Loads: 0.96
Arith. Intensity OPS/Msgs: 0.19



===Core Utilization Total=== CORE-S:13;; TIME K cy:130 ;; Nodes Proc: 7,910,997 -- Edges Proc: 7,978,351
======== IT IS COLD ======= Only 20 Tiles active

===PRINTING FRAME STATS

FCollision In Avg:0, SD:1, Max:31, Min:0
FCollision Out Avg:0, SD:0, Max:8, Min:0
FCollision End Avg:0, SD:0, Max:0, Min:0
FTask1 Avg:0, SD:1, Max:44, Min:0
FTask2 Avg:1, SD:7, Max:100, Min:0
FTask3 Avg:1, SD:1, Max:18, Min:0
FCore Active Avg:2, SD:8, Max:100, Min:0
FRouter Active Avg:4, SD:7, Max:64, Min:0
T1 invocations: 159
T2 invocations: 4,669
T3 invocations: 2,234
T3b invocations: 182,602
Total3 invocations: 184,836
Total4 invocations: 0

T3/T2 ratio: 0
T3b/T3 ratio: 82

T1 avg ex cycles: 145
T2 avg ex cycles: 76
T3&b avg ex cycles: 2
T4 avg ex cycles: -nan
Avg. hops NOC1: 10
Avg. latency NOC1 (T2): 13,467
Avg. hops NOC2: 9
Avg. latency NOC2 (T3): 1,411

===PRINTING ACUM STATS at pu_cycles: 140,263

ACollision In Avg:86, SD:41, Max:243, Min:1
ACollision Out Avg:58, SD:31, Max:152, Min:0
ACollision End Avg:1, SD:6, Max:73, Min:0
ATask1 Avg:4, SD:1, Max:19, Min:3
ATask2 Avg:13, SD:0, Max:14, Min:6
ATask3 Avg:11, SD:1, Max:16, Min:9
ACore Active Avg:28, SD:1, Max:47, Min:21
ARouter Active Avg:51, SD:10, Max:71, Min:16
T1 invocations: 772,115
T2 invocations: 3,972,560
T3 invocations: 2,001,819
T3b invocations: 126,266,181
Total3 invocations: 128,268,000
Total4 invocations: 0

T3/T2 ratio: 1
T3b/T3 ratio: 63

T1 avg ex cycles: 122
T2 avg ex cycles: 73
T3&b avg ex cycles: 2
T4 avg ex cycles: -nan
Avg. hops NOC1: 25
Avg. latency NOC1 (T2): 15,253
Avg. hops NOC2: 12
Avg. latency NOC2 (T3): 1,704
Number of K Nodes Processed: 128,269
Number of K Edges Processed: 128,274
Node Re-explore factor: 30.58
Edge Re-explore factor: 1.00
Nodes/cy: 914
Edges/cy: 915
TEPS: 915

---Pcache---
Pcache Size: 16,384
Cached: 0
  PHits: 0
  PMisses: 0
  PHit Rate (hit/miss): -nan%
  PEvictions: 0
  PEviction Rate (evict/misses): -nan%

---Energy---
Leakage Energy (nJ): 252,575
PU Dyn E (nJ): 7,584,462
Mem Dyn E (nJ): 27,807,160
Route Dyn E (nJ): 9,702,866
Dynamic Energy (nJ): 45,094,489
Ratio of Dyn/Leak: 179
Total Energy (nJ): 45,347,064
Total Energy (nJ) 3D: 46,205,856
Cores Energy (nJ): 7,590,708
Route Energy (nJ): 9,706,462
Route Energy (nJ) 3D: 10,565,254
Mem Energy   (nJ): 28,049,894
Mem Energy   (nJ) 3D: 28,049,894
Avg. Power (mW): 323,300.26
Power Density (mW/mm2): 93.41

---Runtime---
Runtime in K cycles: 140.26
Microseconds: 140.26
Time per iteration (ms): 0.14

---Throughput---
GOP/s (aka OPS/ns): 4,551.85
GOP/s per core: 0.28
FLOP/s: 1,828.97
FLOP/s per core: 0.11
Max Peak FLOP/s: 16,384.00
Avg. BW GB/s: 38,037.48
Max BW GB/s: 65,536.00

---Traffic---
In-Die bisection_bytes BW (GB/s): 2,048.00
Inter-board traffic (msg/ns): 0.00, per-link: 0.00
Inter-pack traffic (msg/ns): 0.00, per-link: 0.00
Inter-die traffic (msg/ns): 0.00, per-link: 0.00
Ruche traffic (msg/ns): 0.00, per-link: 0.00
All traffic (msg/ns): 23,414.50, per-link: 1.43
Inter-die reduction wrt all: inf
Inter-board reduction wrt inter-die: -nan

---Data Movement---
All traffic (msg): 3,284,187,781
Arith. Intensity FLOP/Loads: 0.39
Arith. Intensity FLOP/Msgs: 0.08
Arith. Intensity OPS/Loads: 0.96
Arith. Intensity OPS/Msgs: 0.19



===Core Utilization Total=== CORE-S:14;; TIME K cy:140 ;; Nodes Proc: 7,941,007 -- Edges Proc: 8,009,178
======== IT IS COLD ======= Only 6 Tiles active

===PRINTING FRAME STATS

FCollision In Avg:0, SD:1, Max:31, Min:0
FCollision Out Avg:0, SD:0, Max:8, Min:0
FCollision End Avg:0, SD:0, Max:0, Min:0
FTask1 Avg:0, SD:1, Max:44, Min:0
FTask2 Avg:1, SD:7, Max:100, Min:0
FTask3 Avg:1, SD:1, Max:18, Min:0
FCore Active Avg:2, SD:7, Max:100, Min:0
FRouter Active Avg:4, SD:7, Max:64, Min:0
T1 invocations: 159
T2 invocations: 4,120
T3 invocations: 1,950
T3b invocations: 158,941
Total3 invocations: 160,891
Total4 invocations: 0

T3/T2 ratio: 0
T3b/T3 ratio: 82

T1 avg ex cycles: 145
T2 avg ex cycles: 75
T3&b avg ex cycles: 2
T4 avg ex cycles: -nan
Avg. hops NOC1: 10
Avg. latency NOC1 (T2): 14,637
Avg. hops NOC2: 10
Avg. latency NOC2 (T3): 1,413

===PRINTING ACUM STATS at pu_cycles: 150,077

ACollision In Avg:86, SD:41, Max:243, Min:1
ACollision Out Avg:57, SD:31, Max:152, Min:0
ACollision End Avg:1, SD:6, Max:73, Min:0
ATask1 Avg:4, SD:1, Max:19, Min:3
ATask2 Avg:12, SD:0, Max:14, Min:9
ATask3 Avg:11, SD:1, Max:16, Min:8
ACore Active Avg:28, SD:1, Max:47, Min:23
ARouter Active Avg:51, SD:10, Max:71, Min:15
T1 invocations: 772,115
T2 invocations: 3,972,926
T3 invocations: 2,001,902
T3b invocations: 126,272,645
Total3 invocations: 128,274,547
Total4 invocations: 0

T3/T2 ratio: 1
T3b/T3 ratio: 63

T1 avg ex cycles: 122
T2 avg ex cycles: 73
T3&b avg ex cycles: 2
T4 avg ex cycles: -nan
Avg. hops NOC1: 25
Avg. latency NOC1 (T2): 15,252
Avg. hops NOC2: 12
Avg. latency NOC2 (T3): 1,704
Number of K Nodes Processed: 128,310
Number of K Edges Processed: 128,310
Node Re-explore factor: 30.59
Edge Re-explore factor: 1.00
Nodes/cy: 855
Edges/cy: 855
TEPS: 855

---Pcache---
Pcache Size: 16,384
Cached: 0
  PHits: 0
  PMisses: 0
  PHit Rate (hit/miss): -nan%
  PEvictions: 0
  PEviction Rate (evict/misses): -nan%

---Energy---
Leakage Energy (nJ): 270,247
PU Dyn E (nJ): 7,585,081
Mem Dyn E (nJ): 27,809,325
Route Dyn E (nJ): 9,703,556
Dynamic Energy (nJ): 45,097,963
Ratio of Dyn/Leak: 167
Total Energy (nJ): 45,368,210
Total Energy (nJ) 3D: 46,227,063
Cores Energy (nJ): 7,591,764
Route Energy (nJ): 9,707,404
Route Energy (nJ) 3D: 10,566,257
Mem Energy   (nJ): 28,069,043
Mem Energy   (nJ) 3D: 28,069,043
Avg. Power (mW): 302,299.55
Power Density (mW/mm2): 87.34

---Runtime---
Runtime in K cycles: 150.08
Microseconds: 150.08
Time per iteration (ms): 0.15

---Throughput---
GOP/s (aka OPS/ns): 4,254.50
GOP/s per core: 0.26
FLOP/s: 1,709.51
FLOP/s per core: 0.10
Max Peak FLOP/s: 16,384.00
Avg. BW GB/s: 35,552.86
Max BW GB/s: 65,536.00

---Traffic---
In-Die bisection_bytes BW (GB/s): 2,048.00
Inter-board traffic (msg/ns): 0.00, per-link: 0.00
Inter-pack traffic (msg/ns): 0.00, per-link: 0.00
Inter-die traffic (msg/ns): 0.00, per-link: 0.00
Ruche traffic (msg/ns): 0.00, per-link: 0.00
All traffic (msg/ns): 21,884.88, per-link: 1.34
Inter-die reduction wrt all: inf
Inter-board reduction wrt inter-die: -nan

---Data Movement---
All traffic (msg): 3,284,416,611
Arith. Intensity FLOP/Loads: 0.39
Arith. Intensity FLOP/Msgs: 0.08
Arith. Intensity OPS/Loads: 0.96
Arith. Intensity OPS/Msgs: 0.19



===Core Utilization Total=== CORE-S:15;; TIME K cy:150 ;; Nodes Proc: 7,947,364 -- Edges Proc: 8,019,968
======== IT IS COLD ======= Only 0 Tiles active
Epoch Done Router: 13
Epoch Done Router: 1
Epoch Done Router: 7
Epoch Done Router: 15
Epoch Done Router: 9
Epoch Done Router: 11
Epoch Done Router: 6
Epoch Done Router: 5
Epoch Done Router: 12
Epoch Done Router: 3
Epoch Done Router: 10
Epoch Done Router: 2
Epoch Done Router: 0
Epoch Done Router: 14
Epoch Done Router: 8
Epoch Done Router: 4
##EPOCH## 1 COMPLETED at Time (K cy): 153
Nodes processed until now: 128,311,436
Edges processed until now: 128,311,436
INIT epoch: 2
INIT epoch: 2
INIT epoch: 2
INIT epoch: 2
INIT epoch: 2
INIT epoch: 2
INIT epoch: 2
INIT epoch: 2
INIT epoch: 2
INIT epoch: 2
INIT epoch: 2
INIT epoch: 2
INIT epoch: 2
INIT epoch: 2
INIT epoch: 2
INIT epoch: 2

===PRINTING FRAME STATS

FCollision In Avg:62, SD:14, Max:70, Min:0
FCollision Out Avg:15, SD:4, Max:22, Min:0
FCollision End Avg:0, SD:0, Max:0, Min:0
FTask1 Avg:0, SD:0, Max:0, Min:0
FTask2 Avg:0, SD:0, Max:0, Min:0
FTask3 Avg:13, SD:6, Max:36, Min:0
FCore Active Avg:20, SD:10, Max:49, Min:0
FRouter Active Avg:60, SD:13, Max:68, Min:0
T1 invocations: 0
T2 invocations: 0
T3 invocations: 174,954
T3b invocations: 2,409,798
Total3 invocations: 2,584,752
Total4 invocations: 0

T3/T2 ratio: inf
T3b/T3 ratio: 14

T1 avg ex cycles: -nan
T2 avg ex cycles: -nan
T3&b avg ex cycles: 2
T4 avg ex cycles: -nan
Avg. hops NOC1: -nan
Avg. latency NOC1 (T2): -nan
Avg. hops NOC2: 17
Avg. latency NOC2 (T3): 838

===PRINTING ACUM STATS at pu_cycles: 160,004

ACollision In Avg:80, SD:36, Max:216, Min:5
ACollision Out Avg:52, SD:27, Max:134, Min:1
ACollision End Avg:1, SD:5, Max:64, Min:0
ATask1 Avg:4, SD:1, Max:16, Min:3
ATask2 Avg:11, SD:0, Max:13, Min:10
ATask3 Avg:11, SD:1, Max:15, Min:8
ACore Active Avg:26, SD:1, Max:42, Min:23
ARouter Active Avg:49, SD:9, Max:66, Min:17
T1 invocations: 772,115
T2 invocations: 3,973,577
T3 invocations: 2,673,537
T3b invocations: 136,095,694
Total3 invocations: 138,769,231
Total4 invocations: 0

T3/T2 ratio: 1
T3b/T3 ratio: 51

T1 avg ex cycles: 122
T2 avg ex cycles: 73
T3&b avg ex cycles: 2
T4 avg ex cycles: -nan
Avg. hops NOC1: 25
Avg. latency NOC1 (T2): 15,252
Avg. hops NOC2: 12
Avg. latency NOC2 (T3): 1,636
Number of K Nodes Processed: 138,977
Number of K Edges Processed: 128,311
Node Re-explore factor: 33.13
Edge Re-explore factor: 1.00
Nodes/cy: 869
Edges/cy: 802
TEPS: 802

---Pcache---
Pcache Size: 16,384
Cached: 0
  PHits: 0
  PMisses: 0
  PHit Rate (hit/miss): -nan%
  PEvictions: 0
  PEviction Rate (evict/misses): -nan%

---Energy---
Leakage Energy (nJ): 288,123
PU Dyn E (nJ): 7,872,765
Mem Dyn E (nJ): 29,124,376
Route Dyn E (nJ): 10,803,290
Dynamic Energy (nJ): 47,800,432
Ratio of Dyn/Leak: 166
Total Energy (nJ): 48,088,555
Total Energy (nJ) 3D: 49,044,744
Cores Energy (nJ): 7,879,890
Route Energy (nJ): 10,807,393
Route Energy (nJ) 3D: 11,763,582
Mem Energy   (nJ): 29,401,272
Mem Energy   (nJ) 3D: 29,401,272
Avg. Power (mW): 300,545.95
Power Density (mW/mm2): 86.83

---Runtime---
Runtime in K cycles: 160.00
Microseconds: 160.00
Time per iteration (ms): 0.16

---Throughput---
GOP/s (aka OPS/ns): 4,122.10
GOP/s per core: 0.25
FLOP/s: 1,669.21
FLOP/s per core: 0.10
Max Peak FLOP/s: 16,384.00
Avg. BW GB/s: 34,924.11
Max BW GB/s: 65,536.00

---Traffic---
In-Die bisection_bytes BW (GB/s): 2,048.00
Inter-board traffic (msg/ns): 0.00, per-link: 0.00
Inter-pack traffic (msg/ns): 0.00, per-link: 0.00
Inter-die traffic (msg/ns): 0.00, per-link: 0.00
Ruche traffic (msg/ns): 0.00, per-link: 0.00
All traffic (msg/ns): 22,794.52, per-link: 1.39
Inter-die reduction wrt all: inf
Inter-board reduction wrt inter-die: -nan

---Data Movement---
All traffic (msg): 3,647,214,657
Arith. Intensity FLOP/Loads: 0.38
Arith. Intensity FLOP/Msgs: 0.07
Arith. Intensity OPS/Loads: 0.95
Arith. Intensity OPS/Msgs: 0.18



===Core Utilization Total=== CORE-S:16;; TIME K cy:160 ;; Nodes Proc: 8,577,342 -- Edges Proc: 8,019,968

===PRINTING FRAME STATS

FCollision In Avg:94, SD:7, Max:101, Min:28
FCollision Out Avg:21, SD:3, Max:31, Min:6
FCollision End Avg:0, SD:0, Max:0, Min:0
FTask1 Avg:0, SD:0, Max:0, Min:0
FTask2 Avg:0, SD:0, Max:0, Min:0
FTask3 Avg:20, SD:16, Max:64, Min:0
FCore Active Avg:31, SD:24, Max:85, Min:0
FRouter Active Avg:93, SD:4, Max:101, Min:60
T1 invocations: 0
T2 invocations: 0
T3 invocations: 366,861
T3b invocations: 3,826,653
Total3 invocations: 4,193,514
Total4 invocations: 0

T3/T2 ratio: inf
T3b/T3 ratio: 10

T1 avg ex cycles: -nan
T2 avg ex cycles: -nan
T3&b avg ex cycles: 2
T4 avg ex cycles: -nan
Avg. hops NOC1: -nan
Avg. latency NOC1 (T2): -nan
Avg. hops NOC2: 17
Avg. latency NOC2 (T3): 845

===PRINTING ACUM STATS at pu_cycles: 170,004

ACollision In Avg:81, SD:34, Max:210, Min:8
ACollision Out Avg:50, SD:25, Max:127, Min:1
ACollision End Avg:1, SD:5, Max:60, Min:0
ATask1 Avg:3, SD:0, Max:15, Min:3
ATask2 Avg:10, SD:0, Max:11, Min:10
ATask3 Avg:11, SD:1, Max:16, Min:8
ACore Active Avg:26, SD:2, Max:40, Min:22
ARouter Active Avg:51, SD:8, Max:67, Min:22
T1 invocations: 772,115
T2 invocations: 3,973,577
T3 invocations: 4,199,067
T3b invocations: 151,758,975
Total3 invocations: 155,958,042
Total4 invocations: 0

T3/T2 ratio: 1
T3b/T3 ratio: 36

T1 avg ex cycles: 122
T2 avg ex cycles: 73
T3&b avg ex cycles: 2
T4 avg ex cycles: -nan
Avg. hops NOC1: 25
Avg. latency NOC1 (T2): 15,252
Avg. hops NOC2: 13
Avg. latency NOC2 (T3): 1,547
Number of K Nodes Processed: 155,962
Number of K Edges Processed: 128,311
Node Re-explore factor: 37.18
Edge Re-explore factor: 1.00
Nodes/cy: 917
Edges/cy: 755
TEPS: 755

---Pcache---
Pcache Size: 16,384
Cached: 0
  PHits: 0
  PMisses: 0
  PHit Rate (hit/miss): -nan%
  PEvictions: 0
  PEviction Rate (evict/misses): -nan%

---Energy---
Leakage Energy (nJ): 306,130
PU Dyn E (nJ): 8,342,672
Mem Dyn E (nJ): 31,274,326
Route Dyn E (nJ): 12,569,178
Dynamic Energy (nJ): 52,186,176
Ratio of Dyn/Leak: 170
Total Energy (nJ): 52,492,306
Total Energy (nJ) 3D: 53,604,793
Cores Energy (nJ): 8,350,242
Route Energy (nJ): 12,573,537
Route Energy (nJ) 3D: 13,686,023
Mem Energy   (nJ): 31,568,528
Mem Energy   (nJ) 3D: 31,568,528
Avg. Power (mW): 308,771.01
Power Density (mW/mm2): 89.21

---Runtime---
Runtime in K cycles: 170.00
Microseconds: 170.00
Time per iteration (ms): 0.17

---Throughput---
GOP/s (aka OPS/ns): 4,081.85
GOP/s per core: 0.25
FLOP/s: 1,672.13
FLOP/s per core: 0.10
Max Peak FLOP/s: 16,384.00
Avg. BW GB/s: 35,296.40
Max BW GB/s: 65,536.00

---Traffic---
In-Die bisection_bytes BW (GB/s): 2,048.00
Inter-board traffic (msg/ns): 0.00, per-link: 0.00
Inter-pack traffic (msg/ns): 0.00, per-link: 0.00
Inter-die traffic (msg/ns): 0.00, per-link: 0.00
Ruche traffic (msg/ns): 0.00, per-link: 0.00
All traffic (msg/ns): 24,884.39, per-link: 1.52
Inter-die reduction wrt all: inf
Inter-board reduction wrt inter-die: -nan

---Data Movement---
All traffic (msg): 4,230,445,355
Arith. Intensity FLOP/Loads: 0.38
Arith. Intensity FLOP/Msgs: 0.07
Arith. Intensity OPS/Loads: 0.93
Arith. Intensity OPS/Msgs: 0.16



===Core Utilization Total=== CORE-S:17;; TIME K cy:170 ;; Nodes Proc: 9,606,249 -- Edges Proc: 8,019,968

===PRINTING FRAME STATS

FCollision In Avg:90, SD:18, Max:101, Min:0
FCollision Out Avg:21, SD:5, Max:32, Min:0
FCollision End Avg:0, SD:0, Max:0, Min:0
FTask1 Avg:0, SD:0, Max:0, Min:0
FTask2 Avg:0, SD:0, Max:0, Min:0
FTask3 Avg:22, SD:14, Max:61, Min:0
FCore Active Avg:32, SD:21, Max:80, Min:0
FRouter Active Avg:94, SD:3, Max:101, Min:85
T1 invocations: 0
T2 invocations: 0
T3 invocations: 469,071
T3b invocations: 3,957,945
Total3 invocations: 4,427,016
Total4 invocations: 0

T3/T2 ratio: inf
T3b/T3 ratio: 8

T1 avg ex cycles: -nan
T2 avg ex cycles: -nan
T3&b avg ex cycles: 2
T4 avg ex cycles: -nan
Avg. hops NOC1: -nan
Avg. latency NOC1 (T2): -nan
Avg. hops NOC2: 17
Avg. latency NOC2 (T3): 907

===PRINTING ACUM STATS at pu_cycles: 180,004

ACollision In Avg:81, SD:32, Max:203, Min:7
ACollision Out Avg:48, SD:24, Max:121, Min:1
ACollision End Avg:1, SD:4, Max:57, Min:0
ATask1 Avg:3, SD:0, Max:14, Min:2
ATask2 Avg:10, SD:0, Max:11, Min:9
ATask3 Avg:12, SD:1, Max:16, Min:9
ACore Active Avg:26, SD:1, Max:41, Min:22
ARouter Active Avg:54, SD:8, Max:69, Min:26
T1 invocations: 772,115
T2 invocations: 3,973,577
T3 invocations: 6,119,679
T3b invocations: 167,709,123
Total3 invocations: 173,828,802
Total4 invocations: 0

T3/T2 ratio: 2
T3b/T3 ratio: 27

T1 avg ex cycles: 122
T2 avg ex cycles: 73
T3&b avg ex cycles: 2
T4 avg ex cycles: -nan
Avg. hops NOC1: 25
Avg. latency NOC1 (T2): 15,252
Avg. hops NOC2: 13
Avg. latency NOC2 (T3): 1,480
Number of K Nodes Processed: 173,834
Number of K Edges Processed: 128,311
Node Re-explore factor: 41.45
Edge Re-explore factor: 1.00
Nodes/cy: 966
Edges/cy: 713
TEPS: 713

---Pcache---
Pcache Size: 16,384
Cached: 0
  PHits: 0
  PMisses: 0
  PHit Rate (hit/miss): -nan%
  PEvictions: 0
  PEviction Rate (evict/misses): -nan%

---Energy---
Leakage Energy (nJ): 324,137
PU Dyn E (nJ): 8,831,222
Mem Dyn E (nJ): 33,509,573
Route Dyn E (nJ): 14,409,420
Dynamic Energy (nJ): 56,750,216
Ratio of Dyn/Leak: 175
Total Energy (nJ): 57,074,353
Total Energy (nJ) 3D: 58,349,718
Cores Energy (nJ): 8,839,238
Route Energy (nJ): 14,414,036
Route Energy (nJ) 3D: 15,689,400
Mem Energy   (nJ): 33,821,080
Mem Energy   (nJ) 3D: 33,821,080
Avg. Power (mW): 317,072.69
Power Density (mW/mm2): 91.61

---Runtime---
Runtime in K cycles: 180.00
Microseconds: 180.00
Time per iteration (ms): 0.18

---Throughput---
GOP/s (aka OPS/ns): 4,053.64
GOP/s per core: 0.25
FLOP/s: 1,678.52
FLOP/s per core: 0.10
Max Peak FLOP/s: 16,384.00
Avg. BW GB/s: 35,718.25
Max BW GB/s: 65,536.00

---Traffic---
In-Die bisection_bytes BW (GB/s): 2,048.00
Inter-board traffic (msg/ns): 0.00, per-link: 0.00
Inter-pack traffic (msg/ns): 0.00, per-link: 0.00
Inter-die traffic (msg/ns): 0.00, per-link: 0.00
Ruche traffic (msg/ns): 0.00, per-link: 0.00
All traffic (msg/ns): 26,878.01, per-link: 1.64
Inter-die reduction wrt all: inf
Inter-board reduction wrt inter-die: -nan

---Data Movement---
All traffic (msg): 4,838,149,981
Arith. Intensity FLOP/Loads: 0.38
Arith. Intensity FLOP/Msgs: 0.06
Arith. Intensity OPS/Loads: 0.91
Arith. Intensity OPS/Msgs: 0.15



===Core Utilization Total=== CORE-S:18;; TIME K cy:180 ;; Nodes Proc: 10,686,109 -- Edges Proc: 8,019,968

===PRINTING FRAME STATS

FCollision In Avg:85, SD:19, Max:102, Min:6
FCollision Out Avg:20, SD:5, Max:31, Min:0
FCollision End Avg:0, SD:0, Max:0, Min:0
FTask1 Avg:0, SD:0, Max:0, Min:0
FTask2 Avg:0, SD:0, Max:0, Min:0
FTask3 Avg:26, SD:9, Max:60, Min:5
FCore Active Avg:39, SD:13, Max:82, Min:10
FRouter Active Avg:97, SD:1, Max:101, Min:90
T1 invocations: 0
T2 invocations: 0
T3 invocations: 1,072,921
T3b invocations: 4,310,445
Total3 invocations: 5,383,366
Total4 invocations: 0

T3/T2 ratio: inf
T3b/T3 ratio: 4

T1 avg ex cycles: -nan
T2 avg ex cycles: -nan
T3&b avg ex cycles: 2
T4 avg ex cycles: -nan
Avg. hops NOC1: -nan
Avg. latency NOC1 (T2): -nan
Avg. hops NOC2: 17
Avg. latency NOC2 (T3): 887

===PRINTING ACUM STATS at pu_cycles: 190,003

ACollision In Avg:81, SD:30, Max:197, Min:7
ACollision Out Avg:47, SD:23, Max:116, Min:1
ACollision End Avg:1, SD:4, Max:54, Min:0
ATask1 Avg:3, SD:0, Max:14, Min:2
ATask2 Avg:9, SD:0, Max:10, Min:9
ATask3 Avg:13, SD:1, Max:16, Min:10
ACore Active Avg:27, SD:1, Max:41, Min:24
ARouter Active Avg:56, SD:7, Max:70, Min:30
T1 invocations: 772,115
T2 invocations: 3,973,577
T3 invocations: 10,304,079
T3b invocations: 184,329,615
Total3 invocations: 194,633,694
Total4 invocations: 0

T3/T2 ratio: 3
T3b/T3 ratio: 18

T1 avg ex cycles: 122
T2 avg ex cycles: 73
T3&b avg ex cycles: 2
T4 avg ex cycles: -nan
Avg. hops NOC1: 25
Avg. latency NOC1 (T2): 15,252
Avg. hops NOC2: 13
Avg. latency NOC2 (T3): 1,415
Number of K Nodes Processed: 195,441
Number of K Edges Processed: 128,311
Node Re-explore factor: 46.60
Edge Re-explore factor: 1.00
Nodes/cy: 1,029
Edges/cy: 675
TEPS: 675

---Pcache---
Pcache Size: 16,384
Cached: 0
  PHits: 0
  PMisses: 0
  PHit Rate (hit/miss): -nan%
  PEvictions: 0
  PEviction Rate (evict/misses): -nan%

---Energy---
Leakage Energy (nJ): 342,143
PU Dyn E (nJ): 9,399,985
Mem Dyn E (nJ): 36,111,817
Route Dyn E (nJ): 16,556,330
Dynamic Energy (nJ): 62,068,133
Ratio of Dyn/Leak: 181
Total Energy (nJ): 62,410,276
Total Energy (nJ) 3D: 63,875,662
Cores Energy (nJ): 9,408,446
Route Energy (nJ): 16,561,202
Route Energy (nJ) 3D: 18,026,588
Mem Energy   (nJ): 36,440,628
Mem Energy   (nJ) 3D: 36,440,628
Avg. Power (mW): 328,469.95
Power Density (mW/mm2): 94.90

---Runtime---
Runtime in K cycles: 190.00
Microseconds: 190.00
Time per iteration (ms): 0.19

---Throughput---
GOP/s (aka OPS/ns): 4,059.31
GOP/s per core: 0.25
FLOP/s: 1,699.68
FLOP/s per core: 0.10
Max Peak FLOP/s: 16,384.00
Avg. BW GB/s: 36,466.50
Max BW GB/s: 65,536.00

---Traffic---
In-Die bisection_bytes BW (GB/s): 2,048.00
Inter-board traffic (msg/ns): 0.00, per-link: 0.00
Inter-pack traffic (msg/ns): 0.00, per-link: 0.00
Inter-die traffic (msg/ns): 0.00, per-link: 0.00
Ruche traffic (msg/ns): 0.00, per-link: 0.00
All traffic (msg/ns): 29,194.47, per-link: 1.78
Inter-die reduction wrt all: inf
Inter-board reduction wrt inter-die: -nan

---Data Movement---
All traffic (msg): 5,547,037,773
Arith. Intensity FLOP/Loads: 0.37
Arith. Intensity FLOP/Msgs: 0.06
Arith. Intensity OPS/Loads: 0.89
Arith. Intensity OPS/Msgs: 0.14



===Core Utilization Total=== CORE-S:19;; TIME K cy:190 ;; Nodes Proc: 11,956,820 -- Edges Proc: 8,019,968

===PRINTING FRAME STATS

FCollision In Avg:52, SD:25, Max:100, Min:0
FCollision Out Avg:14, SD:6, Max:31, Min:0
FCollision End Avg:0, SD:0, Max:0, Min:0
FTask1 Avg:0, SD:0, Max:0, Min:0
FTask2 Avg:0, SD:0, Max:0, Min:0
FTask3 Avg:19, SD:7, Max:56, Min:2
FCore Active Avg:28, SD:11, Max:79, Min:2
FRouter Active Avg:79, SD:18, Max:101, Min:17
T1 invocations: 0
T2 invocations: 0
T3 invocations: 1,285,163
T3b invocations: 2,573,734
Total3 invocations: 3,858,897
Total4 invocations: 0

T3/T2 ratio: inf
T3b/T3 ratio: 2

T1 avg ex cycles: -nan
T2 avg ex cycles: -nan
T3&b avg ex cycles: 2
T4 avg ex cycles: -nan
Avg. hops NOC1: -nan
Avg. latency NOC1 (T2): -nan
Avg. hops NOC2: 17
Avg. latency NOC2 (T3): 619

===PRINTING ACUM STATS at pu_cycles: 200,003

ACollision In Avg:80, SD:29, Max:190, Min:7
ACollision Out Avg:45, SD:22, Max:110, Min:1
ACollision End Avg:1, SD:4, Max:51, Min:0
ATask1 Avg:3, SD:0, Max:13, Min:2
ATask2 Avg:9, SD:0, Max:10, Min:8
ATask3 Avg:13, SD:1, Max:17, Min:10
ACore Active Avg:27, SD:1, Max:40, Min:24
ARouter Active Avg:57, SD:7, Max:72, Min:29
T1 invocations: 772,115
T2 invocations: 3,973,577
T3 invocations: 15,137,777
T3b invocations: 193,335,955
Total3 invocations: 208,473,732
Total4 invocations: 0

T3/T2 ratio: 4
T3b/T3 ratio: 13

T1 avg ex cycles: 122
T2 avg ex cycles: 73
T3&b avg ex cycles: 2
T4 avg ex cycles: -nan
Avg. hops NOC1: 25
Avg. latency NOC1 (T2): 15,252
Avg. hops NOC2: 14
Avg. latency NOC2 (T3): 1,361
Number of K Nodes Processed: 209,623
Number of K Edges Processed: 128,311
Node Re-explore factor: 49.98
Edge Re-explore factor: 1.00
Nodes/cy: 1,048
Edges/cy: 642
TEPS: 642

---Pcache---
Pcache Size: 16,384
Cached: 0
  PHits: 0
  PMisses: 0
  PHit Rate (hit/miss): -nan%
  PEvictions: 0
  PEviction Rate (evict/misses): -nan%

---Energy---
Leakage Energy (nJ): 360,150
PU Dyn E (nJ): 9,778,344
Mem Dyn E (nJ): 37,842,907
Route Dyn E (nJ): 17,962,905
Dynamic Energy (nJ): 65,584,156
Ratio of Dyn/Leak: 182
Total Energy (nJ): 65,944,306
Total Energy (nJ) 3D: 67,534,187
Cores Energy (nJ): 9,787,250
Route Energy (nJ): 17,968,033
Route Energy (nJ) 3D: 19,557,913
Mem Energy   (nJ): 38,189,024
Mem Energy   (nJ) 3D: 38,189,024
Avg. Power (mW): 329,716.58
Power Density (mW/mm2): 95.26

---Runtime---
Runtime in K cycles: 200.00
Microseconds: 200.00
Time per iteration (ms): 0.20

---Throughput---
GOP/s (aka OPS/ns): 3,994.75
GOP/s per core: 0.24
FLOP/s: 1,683.90
FLOP/s per core: 0.10
Max Peak FLOP/s: 16,384.00
Avg. BW GB/s: 36,303.99
Max BW GB/s: 65,536.00

---Traffic---
In-Die bisection_bytes BW (GB/s): 2,048.00
Inter-board traffic (msg/ns): 0.00, per-link: 0.00
Inter-pack traffic (msg/ns): 0.00, per-link: 0.00
Inter-die traffic (msg/ns): 0.00, per-link: 0.00
Ruche traffic (msg/ns): 0.00, per-link: 0.00
All traffic (msg/ns): 30,059.02, per-link: 1.83
Inter-die reduction wrt all: inf
Inter-board reduction wrt inter-die: -nan

---Data Movement---
All traffic (msg): 6,011,893,215
Arith. Intensity FLOP/Loads: 0.37
Arith. Intensity FLOP/Msgs: 0.06
Arith. Intensity OPS/Loads: 0.88
Arith. Intensity OPS/Msgs: 0.13



===Core Utilization Total=== CORE-S:20;; TIME K cy:200 ;; Nodes Proc: 12,730,858 -- Edges Proc: 8,019,968
======== IT IS COLD ======= Only 12 Tiles active
Epoch Done Router: 15
Epoch Done Router: 9
Epoch Done Router: 10
Epoch Done Router: 11
Epoch Done Router: 1
Epoch Done Router: 4
Epoch Done Router: 3
Epoch Done Router: 13
Epoch Done Router: 7
Epoch Done Router: 2
Epoch Done Router: 8
Epoch Done Router: 12
Epoch Done Router: 6
Epoch Done Router: 14
Epoch Done Router: 5
Epoch Done Router: 0
##EPOCH## 2 COMPLETED at Time (K cy): 202
Nodes processed until now: 209,753,901
Edges processed until now: 128,311,436
Program Done Worker Thread: 0
Program Done Router Thread: 3
Program Done Router Thread: 12
Program Done Router Thread: 6
Program Done Router Thread: 2
Program Done Worker Thread: 6
Program Done Worker Thread: 4
Program Done Worker Thread: 13
Program Done Router Thread: 10
Program Done Router Thread: 1
Program Done Router Thread: 4
Program Done Router Thread: 13
Program Done Router Thread: 14
Program Done Worker Thread: 8
Program Done Router Thread: 7
Program Done Router Thread: 15
Program Done Worker Thread: 5
Program Done Worker Thread: 12
Program Done Worker Thread: 7
Program Done Worker Thread: 11
Program Done Router Thread: 9
Program Done Worker Thread: 2
Program Done Worker Thread: 10
Program Done Worker Thread: 1
Program Done Router Thread: 11
Program Done Router Thread: 0
Program Done Router Thread: 8
Program Done Worker Thread: 3
Program Done Router Thread: 5
Program Done Worker Thread: 9
Program Done Worker Thread: 15
Program Done Worker Thread: 14

===PRINTING ACUM STATS at pu_cycles: 202,848

ACollision In Avg:78, SD:28, Max:188, Min:7
ACollision Out Avg:44, SD:21, Max:108, Min:1
ACollision End Avg:1, SD:4, Max:51, Min:0
ATask1 Avg:3, SD:0, Max:13, Min:2
ATask2 Avg:9, SD:0, Max:9, Min:8
ATask3 Avg:13, SD:1, Max:16, Min:10
ACore Active Avg:27, SD:1, Max:39, Min:24
ARouter Active Avg:56, SD:7, Max:71, Min:29
T1 invocations: 772,115
T2 invocations: 3,973,577
T3 invocations: 15,563,787
T3b invocations: 194,190,114
Total3 invocations: 209,753,901
Total4 invocations: 0

T3/T2 ratio: 4
T3b/T3 ratio: 12

T1 avg ex cycles: 122
T2 avg ex cycles: 73
T3&b avg ex cycles: 2
T4 avg ex cycles: -nan
Avg. hops NOC1: 25
Avg. latency NOC1 (T2): 15,252
Avg. hops NOC2: 14
Avg. latency NOC2 (T3): 1,357

Runtime at program end in K cycles: 202
Runtime before cooldown in K cycles: 190


Number of K Nodes Processed: 209,753
Number of K Edges Processed: 128,311
Node Re-explore factor: 50.01
Edge Re-explore factor: 1.00
Nodes/cy: 1,034
Edges/cy: 633
TEPS: 633

---Pcache---
Pcache Size: 16,384
Cached: 0
  PHits: 0
  PMisses: 0
  PHit Rate (hit/miss): -nan%
  PEvictions: 0
  PEviction Rate (evict/misses): -nan%

---Energy---
Leakage Energy (nJ): 365,273
PU Dyn E (nJ): 9,813,341
Mem Dyn E (nJ): 38,003,029
Route Dyn E (nJ): 18,090,730
Dynamic Energy (nJ): 65,907,101
Ratio of Dyn/Leak: 180
Total Energy (nJ): 66,272,374
Total Energy (nJ) 3D: 67,873,568
Cores Energy (nJ): 9,822,374
Route Energy (nJ): 18,095,931
Route Energy (nJ) 3D: 19,697,125
Mem Energy   (nJ): 38,354,069
Mem Energy   (nJ) 3D: 38,354,069
Avg. Power (mW): 326,709.53
Power Density (mW/mm2): 94.39

---Runtime---
Runtime in K cycles: 202.85
Microseconds: 202.85
Time per iteration (ms): 0.20

---Inst---
K Loads: 910,675
K Stores: 912,232
K Instructions: 801,522

---Throughput---
GOP/s (aka OPS/ns): 3,951.34
GOP/s per core: 0.24
FLOP/s: 1,666.59
FLOP/s per core: 0.10
Max Peak FLOP/s: 16,384.00
Avg. BW GB/s: 35,946.28
Max BW GB/s: 65,536.00

---Traffic---
In-Die bisection_bytes BW (GB/s): 2,048.00
Inter-board traffic (msg/ns): 0.00, per-link: 0.00
Inter-pack traffic (msg/ns): 0.00, per-link: 0.00
Inter-die traffic (msg/ns): 0.00, per-link: 0.00
Ruche traffic (msg/ns): 0.00, per-link: 0.00
All traffic (msg/ns): 29,845.91, per-link: 1.82
Inter-die reduction wrt all: inf
Inter-board reduction wrt inter-die: -nan

---Data Movement---
All traffic (msg): 6,054,182,859
Arith. Intensity FLOP/Loads: 0.37
Arith. Intensity FLOP/Msgs: 0.06
Arith. Intensity OPS/Loads: 0.88
Arith. Intensity OPS/Msgs: 0.13

Simulation time: 900.84
Sim noc_cy/s: 225.18
Sim Msg/s: 6,720,605.21

Version 31

