Dataset:  Kron22/
Dry run: 0
Open Edge Count File succesfully
Edges Traversed BFS: 128309848
Found Vertices: 4194304, Edges: 128311436
avg degree 31
Array  Kron22/node_array.bin found
Malloc array of size 16777220 bytes
Readin array of size 16777216 bytes
Finished Reading Array Bytes
No reordering Array 32bit
Array  Kron22/edge_array.bin found
Malloc array of size 513245744 bytes
Readin array of size 513245744 bytes
Finished Reading Array Bytes
No reordering Array 32bit
Reading graph elapsed time: 0.122125s

Dataset Footprint: 506 MiB
Dataset Footprint per Board: 4244.64 Mb
Dataset injection time (ms): 0.064768
Max Dataset Footprint: 1027 MiB

Dataset footprint per tile: 31 KiB
Proxys footprint per tile: 64 KiB
Reserved SRAM per tile: 7 KiB

Ideal SRAM per tile: 102 KiB
reserved_words_for_dataset:25855
dataset_words_per_tile:8096
remaining_sram_words:129278
min_dcache_sram_words_required:8096
dataset_words_per_tile:8096
min_pcache_sram_words_required:8
proxys_words_per_tile:16384
Dcache footprint ratio: 1
Pcache footprint ratio: 3
Dataset Cached: 0
DCache: 8096 words, lines: 506, sets: 506
Proxys Cached: 1
Pcache: 7711 words, sets: 7711
Node per tile: 256
Edge per tile: 7,832
GRID_X: 128
GRID_SIZE: 16,384
smt_per_tile: 1
noc_freq: 1
pu_freq: 1
RUCHE_X: 0
PROXY_W: 16
DIE_W: 128
DIE_H: 128
DIES: 1
BORDER_TILES_PER_DIE: 512
PACK_W: 128
PACK_H: 128
DIES_PACK_FACTOR: 1
DIES_PER_PACK: 1
PACKAGES: 1
BOARD_W: 128
BOARD_H: 128
BOARDS: 1
MUX_BUS: 1
DCACHE: 0
PCACHE: 1
PROXY_FACTOR: 8
CACHE_WAYS: 1
TORUS: 1
PHY_NOCS: 1
WIDE_NOC_ID: 0
NOC_CONF: 1
noc_width: 32
hbm_channel_bit_width: 512
ld_st_op_byte_width: 4
PROXY_ROUTING: 4
WRITE_THROUGH: 0
ASSERT_MODE: 0
GLOBAL_BARRIER: 0
OQ flits: 6 ; 32 ; 64
IQ flits: 6 ; 512 ; 1,024
OQ messages: 2 ; 16 ; 32
IQ messages: 2 ; 256 ; 512
max_task2 size: 64
io_factor_t2: 16
io_factor_t3: 16
io_factor_t3b: 16

Active SRAM Storage per tile: 70 KiB
Total SRAM Storage per tile: 512 KiB
Agreggated SRAM Storage: 8,192 MiB

Inter-Die #links: 4,096
Inter-Die (Gbits): 131,072
Inter-Die (Gbits/mm): 563.524
Bisection BW of Board (Gbits): 32,768
Border IO #Dies: 4
Border IO Die BW (Gbits): 16,384
Off-Board BW Total (Gbits): 65,536
Off-Board BW Density (Gbits/mm): 278
Die side: 58.15 mm
Die border wire density: 563.52 Gbits/mm
HBM wire density: 70.44 Gbits/mm

Tiles per Die: 16,384 (128x128)
Tile Area: 0.19 mm2, side: 0.44 mm
- Core/Rout Area: 0.05 mm2
- SRAM Area: 0.14 mm2
- SRAM/Logic Ratio: 2.80x

Dies per Package: 1 (1x1)
Die Area: 3,381.23 mm2, side: 58.15 mm
- Tiles Area: 3,191.28 mm2
- PHY Area: 189.96 mm2
- MC Area: 0.00 mm2

Packages per Board: 1 (1x1)
Package Area: 3,461.23 mm2, side: 58.83 mm
- IOdie Area: 80.00 mm2
- Dies Area: 3,381.23 mm2
- HBM Area: 0.00 mm2

Boards: 1 (1x1)
Board Area: 3,461.23 mm2
Total Area: 3,461.23 mm2



ESTIMATED COST OF SILICON AND PACKAGING. ONLY VARIABLE, NO FIXED COSTS
Good dies per wafer 3d: 5
Good dies per wafer 2d: 6
--Dies 3D Cost: 1,209.40 $
--Dies 2.5D Cost: 1,007.83 $
--Dies 2D Cost: 1,007.83 $
--HBM Cost: 60.00 $
--IOdie Cost: 8.44 $
--Packaging Cost 3d: 233.07 $
--Packaging Cost 2.5d: 505.18 $
--Packaging Cost 2d: 152.44 $
SiP Cost 3d: 1,510.91 $
SiP Cost 2.5d: 1,581.46 $
SiP Cost 2d: 1,168.71 $
--Board Cost: 3.46 $
Total SiPs Cost 3d: 1,514.37 $
Total SiPs Cost 2.5d: 1,584.92 $
Total SiPs Cost 2d: 1,172.18 $

Perf counters initialized
Mesh connected
Cache structures initialized
Allocated proxys
proxys initialized
Dataset structures initialized


Starting Simulation
INIT epoch: 1
INIT epoch: 1
INIT epoch: 1
INIT epoch: 1
INIT epoch: 1
INIT epoch: 1
INIT epoch: 1
INIT epoch: 1

===PRINTING FRAME STATS

FCollision In Avg:10, SD:4, Max:34, Min:0
FCollision Out Avg:0, SD:1, Max:6, Min:0
FCollision End Avg:0, SD:0, Max:0, Min:0
FTask1 Avg:82, SD:2, Max:88, Min:70
FTask2 Avg:0, SD:0, Max:0, Min:0
FTask3 Avg:18, SD:2, Max:30, Min:12
FCore Active Avg:100, SD:0, Max:100, Min:98
FRouter Active Avg:89, SD:10, Max:99, Min:43
T1 invocations: 169,453
T2 invocations: 0
T3 invocations: 1,340
T3b invocations: 3,647,204
Total3 invocations: 3,648,544
Total4 invocations: 0

T3/T2 ratio: inf
T3b/T3 ratio: 2,722

T1 avg ex cycles: 201
T2 avg ex cycles: -nan
T3&b avg ex cycles: 2
T4 avg ex cycles: -nan
Avg. hops NOC1: -nan
Avg. latency NOC1 (T2): -nan
Avg. hops NOC2: 19
Avg. latency NOC2 (T3): 3,132

===PRINTING ACUM STATS at pu_cycles: 10,401

ACollision In Avg:10, SD:4, Max:34, Min:0
ACollision Out Avg:0, SD:1, Max:6, Min:0
ACollision End Avg:0, SD:0, Max:0, Min:0
ATask1 Avg:82, SD:2, Max:88, Min:70
ATask2 Avg:0, SD:0, Max:0, Min:0
ATask3 Avg:18, SD:2, Max:30, Min:12
ACore Active Avg:100, SD:0, Max:100, Min:98
ARouter Active Avg:89, SD:10, Max:99, Min:43
T1 invocations: 677,699
T2 invocations: 0
T3 invocations: 7,042
T3b invocations: 14,591,871
Total3 invocations: 14,598,913
Total4 invocations: 0

T3/T2 ratio: inf
T3b/T3 ratio: 2,072

T1 avg ex cycles: 200
T2 avg ex cycles: -nan
T3&b avg ex cycles: 2
T4 avg ex cycles: -nan
Avg. hops NOC1: -nan
Avg. latency NOC1 (T2): -nan
Avg. hops NOC2: 19
Avg. latency NOC2 (T3): 3,130
Number of K Nodes Processed: 14,993
Number of K Edges Processed: 14,993
Node Re-explore factor: 3.57
Edge Re-explore factor: 0.12
Nodes/cy: 1,442
Edges/cy: 1,442
TEPS: 12,336

---Pcache---
Pcache Size: 7,711
Cached: 1
  PHits: 6,906,275
  PMisses: 8,009,916
  PHit Rate (hit/miss): 46%
  PEvictions: 485,632
  PEviction Rate (evict/misses): 6%

---Energy---
Leakage Energy (nJ): 8,185
PU Dyn E (nJ): 1,143,254
Mem Dyn E (nJ): 3,007,400
Route Dyn E (nJ): 1,721,817
Dynamic Energy (nJ): 5,872,471
Ratio of Dyn/Leak: 717
Total Energy (nJ): 5,880,656
Total Energy (nJ) 3D: 6,033,052
Cores Energy (nJ): 1,143,718
Route Energy (nJ): 1,722,084
Route Energy (nJ) 3D: 1,874,480
Mem Energy   (nJ): 3,014,855
Mem Energy   (nJ) 3D: 3,014,855
Avg. Power (mW): 565,393.35
Power Density (mW/mm2): 163.35

---Runtime---
Runtime in K cycles: 10.40
Microseconds: 10.40
Time per iteration (ms): 0.01

---Throughput---
GOP/s (aka OPS/ns): 15,805.91
GOP/s per core: 0.96
FLOP/s: 2,079.57
FLOP/s per core: 0.13
Max Peak FLOP/s: 16,384.00
Avg. BW GB/s: 51,105.03
Max BW GB/s: 65,536.00

---Traffic---
In-Die bisection_bytes BW (GB/s): 2,048.00
Inter-board traffic (msg/ns): 0.00, per-link: 0.00
Inter-pack traffic (msg/ns): 0.00, per-link: 0.00
Inter-die traffic (msg/ns): 0.00, per-link: 0.00
Ruche traffic (msg/ns): 0.00, per-link: 0.00
All traffic (msg/ns): 54,259.53, per-link: 3.31
Inter-die reduction wrt all: inf
Inter-board reduction wrt inter-die: -nan

---Data Movement---
All traffic (msg): 564,353,408
Arith. Intensity FLOP/Loads: 0.24
Arith. Intensity FLOP/Msgs: 0.04
Arith. Intensity OPS/Loads: 1.86
Arith. Intensity OPS/Msgs: 0.29



===Core Utilization Total=== CORE-S:1;; TIME K cy:10 ;; Nodes Proc: 1,875,082 -- Edges Proc: 0

===PRINTING FRAME STATS

FCollision In Avg:10, SD:4, Max:33, Min:0
FCollision Out Avg:0, SD:0, Max:4, Min:0
FCollision End Avg:0, SD:0, Max:0, Min:0
FTask1 Avg:76, SD:2, Max:82, Min:62
FTask2 Avg:0, SD:0, Max:0, Min:0
FTask3 Avg:24, SD:2, Max:38, Min:18
FCore Active Avg:100, SD:0, Max:100, Min:100
FRouter Active Avg:92, SD:7, Max:100, Min:55
T1 invocations: 154,809
T2 invocations: 0
T3 invocations: 47,836
T3b invocations: 4,876,384
Total3 invocations: 4,924,220
Total4 invocations: 0

T3/T2 ratio: inf
T3b/T3 ratio: 102

T1 avg ex cycles: 201
T2 avg ex cycles: -nan
T3&b avg ex cycles: 2
T4 avg ex cycles: -nan
Avg. hops NOC1: -nan
Avg. latency NOC1 (T2): -nan
Avg. hops NOC2: 16
Avg. latency NOC2 (T3): 3,407

===PRINTING ACUM STATS at pu_cycles: 20,401

ACollision In Avg:10, SD:4, Max:26, Min:0
ACollision Out Avg:0, SD:0, Max:4, Min:0
ACollision End Avg:0, SD:0, Max:0, Min:0
ATask1 Avg:79, SD:2, Max:84, Min:68
ATask2 Avg:0, SD:0, Max:0, Min:0
ATask3 Avg:21, SD:2, Max:32, Min:16
ACore Active Avg:100, SD:0, Max:100, Min:99
ARouter Active Avg:90, SD:9, Max:99, Min:50
T1 invocations: 1,297,185
T2 invocations: 0
T3 invocations: 204,529
T3b invocations: 34,092,154
Total3 invocations: 34,296,683
Total4 invocations: 0

T3/T2 ratio: inf
T3b/T3 ratio: 167

T1 avg ex cycles: 201
T2 avg ex cycles: -nan
T3&b avg ex cycles: 2
T4 avg ex cycles: -nan
Avg. hops NOC1: -nan
Avg. latency NOC1 (T2): -nan
Avg. hops NOC2: 17
Avg. latency NOC2 (T3): 3,288
Number of K Nodes Processed: 34,698
Number of K Edges Processed: 34,698
Node Re-explore factor: 8.27
Edge Re-explore factor: 0.27
Nodes/cy: 1,701
Edges/cy: 1,701
TEPS: 6,289

---Pcache---
Pcache Size: 7,711
Cached: 1
  PHits: 19,719,726
  PMisses: 14,600,815
  PHit Rate (hit/miss): 57%
  PEvictions: 1,691,722
  PEviction Rate (evict/misses): 12%

---Energy---
Leakage Energy (nJ): 16,055
PU Dyn E (nJ): 2,247,973
Mem Dyn E (nJ): 6,665,649
Route Dyn E (nJ): 3,590,497
Dynamic Energy (nJ): 12,504,120
Ratio of Dyn/Leak: 779
Total Energy (nJ): 12,520,175
Total Energy (nJ) 3D: 12,837,967
Cores Energy (nJ): 2,248,882
Route Energy (nJ): 3,591,021
Route Energy (nJ) 3D: 3,908,813
Mem Energy   (nJ): 6,680,272
Mem Energy   (nJ) 3D: 6,680,272
Avg. Power (mW): 613,703.98
Power Density (mW/mm2): 177.31

---Runtime---
Runtime in K cycles: 20.40
Microseconds: 20.40
Time per iteration (ms): 0.02

---Throughput---
GOP/s (aka OPS/ns): 16,058.67
GOP/s per core: 0.98
FLOP/s: 2,031.29
FLOP/s per core: 0.12
Max Peak FLOP/s: 16,384.00
Avg. BW GB/s: 57,360.39
Max BW GB/s: 65,536.00

---Traffic---
In-Die bisection_bytes BW (GB/s): 2,048.00
Inter-board traffic (msg/ns): 0.00, per-link: 0.00
Inter-pack traffic (msg/ns): 0.00, per-link: 0.00
Inter-die traffic (msg/ns): 0.00, per-link: 0.00
Ruche traffic (msg/ns): 0.00, per-link: 0.00
All traffic (msg/ns): 58,063.37, per-link: 3.54
Inter-die reduction wrt all: inf
Inter-board reduction wrt inter-die: -nan

---Data Movement---
All traffic (msg): 1,184,550,894
Arith. Intensity FLOP/Loads: 0.22
Arith. Intensity FLOP/Msgs: 0.03
Arith. Intensity OPS/Loads: 1.74
Arith. Intensity OPS/Msgs: 0.28



===Core Utilization Total=== CORE-S:2;; TIME K cy:20 ;; Nodes Proc: 4,334,328 -- Edges Proc: 0

===PRINTING FRAME STATS

FCollision In Avg:11, SD:5, Max:33, Min:0
FCollision Out Avg:0, SD:0, Max:4, Min:0
FCollision End Avg:0, SD:0, Max:0, Min:0
FTask1 Avg:75, SD:3, Max:83, Min:61
FTask2 Avg:0, SD:0, Max:0, Min:0
FTask3 Avg:25, SD:3, Max:39, Min:17
FCore Active Avg:100, SD:0, Max:100, Min:100
FRouter Active Avg:94, SD:6, Max:100, Min:59
T1 invocations: 153,174
T2 invocations: 0
T3 invocations: 262,744
T3b invocations: 4,826,516
Total3 invocations: 5,089,260
Total4 invocations: 0

T3/T2 ratio: inf
T3b/T3 ratio: 18

T1 avg ex cycles: 201
T2 avg ex cycles: -nan
T3&b avg ex cycles: 2
T4 avg ex cycles: -nan
Avg. hops NOC1: -nan
Avg. latency NOC1 (T2): -nan
Avg. hops NOC2: 16
Avg. latency NOC2 (T3): 3,954

===PRINTING ACUM STATS at pu_cycles: 30,401

ACollision In Avg:10, SD:4, Max:25, Min:0
ACollision Out Avg:0, SD:0, Max:4, Min:0
ACollision End Avg:0, SD:0, Max:0, Min:0
ATask1 Avg:78, SD:2, Max:83, Min:66
ATask2 Avg:0, SD:0, Max:0, Min:0
ATask3 Avg:22, SD:2, Max:34, Min:17
ACore Active Avg:100, SD:0, Max:100, Min:99
ARouter Active Avg:91, SD:8, Max:99, Min:53
T1 invocations: 1,910,480
T2 invocations: 0
T3 invocations: 1,186,825
T3b invocations: 53,410,603
Total3 invocations: 54,597,428
Total4 invocations: 0

T3/T2 ratio: inf
T3b/T3 ratio: 45

T1 avg ex cycles: 201
T2 avg ex cycles: -nan
T3&b avg ex cycles: 2
T4 avg ex cycles: -nan
Avg. hops NOC1: -nan
Avg. latency NOC1 (T2): -nan
Avg. hops NOC2: 17
Avg. latency NOC2 (T3): 3,519
Number of K Nodes Processed: 55,013
Number of K Edges Processed: 55,013
Node Re-explore factor: 13.12
Edge Re-explore factor: 0.43
Nodes/cy: 1,810
Edges/cy: 1,810
TEPS: 4,221

---Pcache---
Pcache Size: 7,711
Cached: 1
  PHits: 33,668,207
  PMisses: 19,868,070
  PHit Rate (hit/miss): 63%
  PEvictions: 3,177,885
  PEviction Rate (evict/misses): 16%

---Energy---
Leakage Energy (nJ): 23,924
PU Dyn E (nJ): 3,348,832
Mem Dyn E (nJ): 10,387,389
Route Dyn E (nJ): 5,561,467
Dynamic Energy (nJ): 19,297,689
Ratio of Dyn/Leak: 807
Total Energy (nJ): 19,321,613
Total Energy (nJ) 3D: 19,813,853
Cores Energy (nJ): 3,350,186
Route Energy (nJ): 5,562,247
Route Energy (nJ) 3D: 6,054,487
Mem Energy   (nJ): 10,409,181
Mem Energy   (nJ) 3D: 10,409,181
Avg. Power (mW): 635,558.48
Power Density (mW/mm2): 183.62

---Runtime---
Runtime in K cycles: 30.40
Microseconds: 30.40
Time per iteration (ms): 0.03

---Throughput---
GOP/s (aka OPS/ns): 16,143.63
GOP/s per core: 0.99
FLOP/s: 2,008.18
FLOP/s per core: 0.12
Max Peak FLOP/s: 16,384.00
Avg. BW GB/s: 59,921.36
Max BW GB/s: 65,536.00

---Traffic---
In-Die bisection_bytes BW (GB/s): 2,048.00
Inter-board traffic (msg/ns): 0.00, per-link: 0.00
Inter-pack traffic (msg/ns): 0.00, per-link: 0.00
Inter-die traffic (msg/ns): 0.00, per-link: 0.00
Ruche traffic (msg/ns): 0.00, per-link: 0.00
All traffic (msg/ns): 60,450.20, per-link: 3.69
Inter-die reduction wrt all: inf
Inter-board reduction wrt inter-die: -nan

---Data Movement---
All traffic (msg): 1,837,746,676
Arith. Intensity FLOP/Loads: 0.21
Arith. Intensity FLOP/Msgs: 0.03
Arith. Intensity OPS/Loads: 1.69
Arith. Intensity OPS/Msgs: 0.27



===Core Utilization Total=== CORE-S:3;; TIME K cy:30 ;; Nodes Proc: 6,864,175 -- Edges Proc: 0

===PRINTING FRAME STATS

FCollision In Avg:11, SD:5, Max:38, Min:0
FCollision Out Avg:0, SD:0, Max:4, Min:0
FCollision End Avg:0, SD:0, Max:0, Min:0
FTask1 Avg:74, SD:2, Max:82, Min:61
FTask2 Avg:0, SD:0, Max:0, Min:0
FTask3 Avg:26, SD:2, Max:39, Min:18
FCore Active Avg:100, SD:0, Max:100, Min:100
FRouter Active Avg:94, SD:6, Max:100, Min:63
T1 invocations: 151,769
T2 invocations: 0
T3 invocations: 465,486
T3b invocations: 4,776,099
Total3 invocations: 5,241,585
Total4 invocations: 0

T3/T2 ratio: inf
T3b/T3 ratio: 10

T1 avg ex cycles: 201
T2 avg ex cycles: -nan
T3&b avg ex cycles: 2
T4 avg ex cycles: -nan
Avg. hops NOC1: -nan
Avg. latency NOC1 (T2): -nan
Avg. hops NOC2: 16
Avg. latency NOC2 (T3): 4,544

===PRINTING ACUM STATS at pu_cycles: 40,401

ACollision In Avg:10, SD:4, Max:23, Min:0
ACollision Out Avg:0, SD:0, Max:3, Min:0
ACollision End Avg:0, SD:0, Max:0, Min:0
ATask1 Avg:77, SD:2, Max:83, Min:65
ATask2 Avg:0, SD:0, Max:0, Min:0
ATask3 Avg:23, SD:2, Max:35, Min:17
ACore Active Avg:100, SD:0, Max:100, Min:100
ARouter Active Avg:92, SD:7, Max:99, Min:55
T1 invocations: 2,518,601
T2 invocations: 0
T3 invocations: 2,929,731
T3b invocations: 72,544,950
Total3 invocations: 75,474,681
Total4 invocations: 0

T3/T2 ratio: inf
T3b/T3 ratio: 25

T1 avg ex cycles: 201
T2 avg ex cycles: -nan
T3&b avg ex cycles: 2
T4 avg ex cycles: -nan
Avg. hops NOC1: -nan
Avg. latency NOC1 (T2): -nan
Avg. hops NOC2: 17
Avg. latency NOC2 (T3): 3,784
Number of K Nodes Processed: 75,897
Number of K Edges Processed: 75,897
Node Re-explore factor: 18.10
Edge Re-explore factor: 0.59
Nodes/cy: 1,879
Edges/cy: 1,879
TEPS: 3,176

---Pcache---
Pcache Size: 7,711
Cached: 1
  PHits: 48,108,396
  PMisses: 24,457,951
  PHit Rate (hit/miss): 66%
  PEvictions: 4,822,237
  PEviction Rate (evict/misses): 20%

---Energy---
Leakage Energy (nJ): 31,794
PU Dyn E (nJ): 4,446,870
Mem Dyn E (nJ): 14,170,502
Route Dyn E (nJ): 7,585,335
Dynamic Energy (nJ): 26,202,707
Ratio of Dyn/Leak: 824
Total Energy (nJ): 26,234,501
Total Energy (nJ) 3D: 26,905,872
Cores Energy (nJ): 4,448,669
Route Energy (nJ): 7,586,371
Route Energy (nJ) 3D: 8,257,742
Mem Energy   (nJ): 14,199,461
Mem Energy   (nJ) 3D: 14,199,461
Avg. Power (mW): 649,352.77
Power Density (mW/mm2): 187.61

---Runtime---
Runtime in K cycles: 40.40
Microseconds: 40.40
Time per iteration (ms): 0.04

---Throughput---
GOP/s (aka OPS/ns): 16,188.35
GOP/s per core: 0.99
FLOP/s: 1,992.23
FLOP/s per core: 0.12
Max Peak FLOP/s: 16,384.00
Avg. BW GB/s: 61,521.22
Max BW GB/s: 65,536.00

---Traffic---
In-Die bisection_bytes BW (GB/s): 2,048.00
Inter-board traffic (msg/ns): 0.00, per-link: 0.00
Inter-pack traffic (msg/ns): 0.00, per-link: 0.00
Inter-die traffic (msg/ns): 0.00, per-link: 0.00
Ruche traffic (msg/ns): 0.00, per-link: 0.00
All traffic (msg/ns): 62,090.95, per-link: 3.79
Inter-die reduction wrt all: inf
Inter-board reduction wrt inter-die: -nan

---Data Movement---
All traffic (msg): 2,508,536,586
Arith. Intensity FLOP/Loads: 0.21
Arith. Intensity FLOP/Msgs: 0.03
Arith. Intensity OPS/Loads: 1.67
Arith. Intensity OPS/Msgs: 0.26



===Core Utilization Total=== CORE-S:4;; TIME K cy:40 ;; Nodes Proc: 9,459,530 -- Edges Proc: 0

===PRINTING FRAME STATS

FCollision In Avg:11, SD:5, Max:60, Min:0
FCollision Out Avg:0, SD:1, Max:12, Min:0
FCollision End Avg:0, SD:0, Max:0, Min:0
FTask1 Avg:74, SD:2, Max:81, Min:63
FTask2 Avg:0, SD:0, Max:0, Min:0
FTask3 Avg:26, SD:2, Max:37, Min:19
FCore Active Avg:100, SD:0, Max:100, Min:100
FRouter Active Avg:95, SD:5, Max:101, Min:63
T1 invocations: 151,349
T2 invocations: 0
T3 invocations: 532,485
T3b invocations: 4,759,978
Total3 invocations: 5,292,463
Total4 invocations: 0

T3/T2 ratio: inf
T3b/T3 ratio: 9

T1 avg ex cycles: 201
T2 avg ex cycles: -nan
T3&b avg ex cycles: 2
T4 avg ex cycles: -nan
Avg. hops NOC1: -nan
Avg. latency NOC1 (T2): -nan
Avg. hops NOC2: 16
Avg. latency NOC2 (T3): 4,642

===PRINTING ACUM STATS at pu_cycles: 50,401

ACollision In Avg:10, SD:4, Max:29, Min:0
ACollision Out Avg:0, SD:0, Max:3, Min:0
ACollision End Avg:0, SD:0, Max:0, Min:0
ATask1 Avg:76, SD:2, Max:82, Min:65
ATask2 Avg:0, SD:0, Max:0, Min:0
ATask3 Avg:24, SD:2, Max:35, Min:18
ACore Active Avg:100, SD:0, Max:100, Min:100
ARouter Active Avg:92, SD:7, Max:99, Min:57
T1 invocations: 3,124,633
T2 invocations: 0
T3 invocations: 4,951,454
T3b invocations: 91,612,428
Total3 invocations: 96,563,882
Total4 invocations: 0

T3/T2 ratio: inf
T3b/T3 ratio: 19

T1 avg ex cycles: 201
T2 avg ex cycles: -nan
T3&b avg ex cycles: 2
T4 avg ex cycles: -nan
Avg. hops NOC1: -nan
Avg. latency NOC1 (T2): -nan
Avg. hops NOC2: 17
Avg. latency NOC2 (T3): 3,966
Number of K Nodes Processed: 96,988
Number of K Edges Processed: 96,988
Node Re-explore factor: 23.12
Edge Re-explore factor: 0.76
Nodes/cy: 1,924
Edges/cy: 1,924
TEPS: 2,546

---Pcache---
Pcache Size: 7,711
Cached: 1
  PHits: 62,883,790
  PMisses: 28,643,992
  PHit Rate (hit/miss): 69%
  PEvictions: 6,576,690
  PEviction Rate (evict/misses): 23%

---Energy---
Leakage Energy (nJ): 39,664
PU Dyn E (nJ): 5,543,575
Mem Dyn E (nJ): 17,975,910
Route Dyn E (nJ): 9,649,548
Dynamic Energy (nJ): 33,169,034
Ratio of Dyn/Leak: 836
Total Energy (nJ): 33,208,698
Total Energy (nJ) 3D: 34,062,770
Cores Energy (nJ): 5,545,820
Route Energy (nJ): 9,650,840
Route Energy (nJ) 3D: 10,504,913
Mem Energy   (nJ): 18,012,037
Mem Energy   (nJ) 3D: 18,012,037
Avg. Power (mW): 658,889.66
Power Density (mW/mm2): 190.36

---Runtime---
Runtime in K cycles: 50.40
Microseconds: 50.40
Time per iteration (ms): 0.05

---Throughput---
GOP/s (aka OPS/ns): 16,215.07
GOP/s per core: 0.99
FLOP/s: 1,981.21
FLOP/s per core: 0.12
Max Peak FLOP/s: 16,384.00
Avg. BW GB/s: 62,575.55
Max BW GB/s: 65,536.00

---Traffic---
In-Die bisection_bytes BW (GB/s): 2,048.00
Inter-board traffic (msg/ns): 0.00, per-link: 0.00
Inter-pack traffic (msg/ns): 0.00, per-link: 0.00
Inter-die traffic (msg/ns): 0.00, per-link: 0.00
Ruche traffic (msg/ns): 0.00, per-link: 0.00
All traffic (msg/ns): 63,337.83, per-link: 3.87
Inter-die reduction wrt all: inf
Inter-board reduction wrt inter-die: -nan

---Data Movement---
All traffic (msg): 3,192,290,170
Arith. Intensity FLOP/Loads: 0.20
Arith. Intensity FLOP/Msgs: 0.03
Arith. Intensity OPS/Loads: 1.65
Arith. Intensity OPS/Msgs: 0.26



===Core Utilization Total=== CORE-S:5;; TIME K cy:50 ;; Nodes Proc: 12,081,947 -- Edges Proc: 0

===PRINTING FRAME STATS

FCollision In Avg:12, SD:5, Max:49, Min:0
FCollision Out Avg:0, SD:1, Max:9, Min:0
FCollision End Avg:0, SD:0, Max:0, Min:0
FTask1 Avg:74, SD:2, Max:82, Min:62
FTask2 Avg:0, SD:0, Max:0, Min:0
FTask3 Avg:26, SD:2, Max:38, Min:18
FCore Active Avg:100, SD:0, Max:100, Min:100
FRouter Active Avg:95, SD:5, Max:101, Min:64
T1 invocations: 151,162
T2 invocations: 0
T3 invocations: 554,690
T3b invocations: 4,755,404
Total3 invocations: 5,310,094
Total4 invocations: 0

T3/T2 ratio: inf
T3b/T3 ratio: 9

T1 avg ex cycles: 201
T2 avg ex cycles: -nan
T3&b avg ex cycles: 2
T4 avg ex cycles: -nan
Avg. hops NOC1: -nan
Avg. latency NOC1 (T2): -nan
Avg. hops NOC2: 16
Avg. latency NOC2 (T3): 4,604

===PRINTING ACUM STATS at pu_cycles: 60,401

ACollision In Avg:11, SD:4, Max:30, Min:0
ACollision Out Avg:0, SD:0, Max:3, Min:0
ACollision End Avg:0, SD:0, Max:0, Min:0
ATask1 Avg:76, SD:2, Max:81, Min:64
ATask2 Avg:0, SD:0, Max:0, Min:0
ATask3 Avg:24, SD:2, Max:36, Min:19
ACore Active Avg:100, SD:0, Max:100, Min:100
ARouter Active Avg:93, SD:7, Max:99, Min:58
T1 invocations: 3,730,482
T2 invocations: 0
T3 invocations: 7,090,473
T3b invocations: 110,649,910
Total3 invocations: 117,740,383
Total4 invocations: 0

T3/T2 ratio: inf
T3b/T3 ratio: 16

T1 avg ex cycles: 201
T2 avg ex cycles: -nan
T3&b avg ex cycles: 2
T4 avg ex cycles: -nan
Avg. hops NOC1: -nan
Avg. latency NOC1 (T2): -nan
Avg. hops NOC2: 17
Avg. latency NOC2 (T3): 4,083
Number of K Nodes Processed: 118,165
Number of K Edges Processed: 118,165
Node Re-explore factor: 28.17
Edge Re-explore factor: 0.92
Nodes/cy: 1,956
Edges/cy: 1,956
TEPS: 2,124

---Pcache---
Pcache Size: 7,711
Cached: 1
  PHits: 77,900,421
  PMisses: 32,556,864
  PHit Rate (hit/miss): 71%
  PEvictions: 8,417,485
  PEviction Rate (evict/misses): 26%

---Energy---
Leakage Energy (nJ): 47,533
PU Dyn E (nJ): 6,639,655
Mem Dyn E (nJ): 21,790,384
Route Dyn E (nJ): 11,748,461
Dynamic Energy (nJ): 40,178,499
Ratio of Dyn/Leak: 845
Total Energy (nJ): 40,226,032
Total Energy (nJ) 3D: 41,265,878
Cores Energy (nJ): 6,642,345
Route Energy (nJ): 11,750,010
Route Energy (nJ) 3D: 12,789,855
Mem Energy   (nJ): 21,833,679
Mem Energy   (nJ) 3D: 21,833,679
Avg. Power (mW): 665,982.89
Power Density (mW/mm2): 192.41

---Runtime---
Runtime in K cycles: 60.40
Microseconds: 60.40
Time per iteration (ms): 0.06

---Throughput---
GOP/s (aka OPS/ns): 16,232.73
GOP/s per core: 0.99
FLOP/s: 1,973.33
FLOP/s per core: 0.12
Max Peak FLOP/s: 16,384.00
Avg. BW GB/s: 63,311.31
Max BW GB/s: 65,536.00

---Traffic---
In-Die bisection_bytes BW (GB/s): 2,048.00
Inter-board traffic (msg/ns): 0.00, per-link: 0.00
Inter-pack traffic (msg/ns): 0.00, per-link: 0.00
Inter-die traffic (msg/ns): 0.00, per-link: 0.00
Ruche traffic (msg/ns): 0.00, per-link: 0.00
All traffic (msg/ns): 64,353.29, per-link: 3.93
Inter-die reduction wrt all: inf
Inter-board reduction wrt inter-die: -nan

---Data Movement---
All traffic (msg): 3,887,003,250
Arith. Intensity FLOP/Loads: 0.20
Arith. Intensity FLOP/Msgs: 0.03
Arith. Intensity OPS/Loads: 1.64
Arith. Intensity OPS/Msgs: 0.25



===Core Utilization Total=== CORE-S:6;; TIME K cy:60 ;; Nodes Proc: 14,717,623 -- Edges Proc: 0

===PRINTING FRAME STATS

FCollision In Avg:41, SD:8, Max:64, Min:2
FCollision Out Avg:8, SD:2, Max:18, Min:0
FCollision End Avg:0, SD:0, Max:0, Min:0
FTask1 Avg:36, SD:13, Max:84, Min:2
FTask2 Avg:0, SD:0, Max:0, Min:0
FTask3 Avg:35, SD:7, Max:65, Min:16
FCore Active Avg:75, SD:8, Max:100, Min:52
FRouter Active Avg:96, SD:3, Max:100, Min:81
T1 invocations: 73,219
T2 invocations: 0
T3 invocations: 1,268,531
T3b invocations: 5,883,700
Total3 invocations: 7,152,231
Total4 invocations: 0

T3/T2 ratio: inf
T3b/T3 ratio: 5

T1 avg ex cycles: 197
T2 avg ex cycles: -nan
T3&b avg ex cycles: 2
T4 avg ex cycles: -nan
Avg. hops NOC1: -nan
Avg. latency NOC1 (T2): -nan
Avg. hops NOC2: 11
Avg. latency NOC2 (T3): 3,108

===PRINTING ACUM STATS at pu_cycles: 70,385

ACollision In Avg:15, SD:4, Max:32, Min:3
ACollision Out Avg:1, SD:0, Max:4, Min:0
ACollision End Avg:0, SD:0, Max:0, Min:0
ATask1 Avg:70, SD:0, Max:71, Min:66
ATask2 Avg:0, SD:0, Max:0, Min:0
ATask3 Avg:26, SD:1, Max:34, Min:21
ACore Active Avg:96, SD:1, Max:100, Min:93
ARouter Active Avg:93, SD:6, Max:99, Min:61
T1 invocations: 4,020,430
T2 invocations: 0
T3 invocations: 11,990,013
T3b invocations: 134,451,392
Total3 invocations: 146,441,405
Total4 invocations: 0

T3/T2 ratio: inf
T3b/T3 ratio: 11

T1 avg ex cycles: 200
T2 avg ex cycles: -nan
T3&b avg ex cycles: 2
T4 avg ex cycles: -nan
Avg. hops NOC1: -nan
Avg. latency NOC1 (T2): -nan
Avg. hops NOC2: 15
Avg. latency NOC2 (T3): 3,898
Number of K Nodes Processed: 146,786
Number of K Edges Processed: 146,786
Node Re-explore factor: 35.00
Edge Re-explore factor: 1.14
Nodes/cy: 2,085
Edges/cy: 2,085
TEPS: 1,823

---Pcache---
Pcache Size: 7,711
Cached: 1
  PHits: 93,062,882
  PMisses: 41,092,518
  PHit Rate (hit/miss): 69%
  PEvictions: 11,410,352
  PEviction Rate (evict/misses): 28%

---Energy---
Leakage Energy (nJ): 55,390
PU Dyn E (nJ): 7,326,388
Mem Dyn E (nJ): 26,219,021
Route Dyn E (nJ): 13,661,791
Dynamic Energy (nJ): 47,207,201
Ratio of Dyn/Leak: 852
Total Energy (nJ): 47,262,591
Total Energy (nJ) 3D: 48,471,783
Cores Energy (nJ): 7,329,523
Route Energy (nJ): 13,663,596
Route Energy (nJ) 3D: 14,872,789
Mem Energy   (nJ): 26,269,473
Mem Energy   (nJ) 3D: 26,269,473
Avg. Power (mW): 671,486.70
Power Density (mW/mm2): 194.00

---Runtime---
Runtime in K cycles: 70.39
Microseconds: 70.39
Time per iteration (ms): 0.07

---Throughput---
GOP/s (aka OPS/ns): 15,554.28
GOP/s per core: 0.95
FLOP/s: 1,822.73
FLOP/s per core: 0.11
Max Peak FLOP/s: 16,384.00
Avg. BW GB/s: 65,201.14
Max BW GB/s: 65,536.00

---Traffic---
In-Die bisection_bytes BW (GB/s): 2,048.00
Inter-board traffic (msg/ns): 0.00, per-link: 0.00
Inter-pack traffic (msg/ns): 0.00, per-link: 0.00
Inter-die traffic (msg/ns): 0.00, per-link: 0.00
Ruche traffic (msg/ns): 0.00, per-link: 0.00
All traffic (msg/ns): 64,489.38, per-link: 3.94
Inter-die reduction wrt all: inf
Inter-board reduction wrt inter-die: -nan

---Data Movement---
All traffic (msg): 4,539,084,830
Arith. Intensity FLOP/Loads: 0.18
Arith. Intensity FLOP/Msgs: 0.03
Arith. Intensity OPS/Loads: 1.56
Arith. Intensity OPS/Msgs: 0.24



===Core Utilization Total=== CORE-S:7;; TIME K cy:70 ;; Nodes Proc: 18,277,694 -- Edges Proc: 0

===PRINTING FRAME STATS

FCollision In Avg:83, SD:9, Max:101, Min:17
FCollision Out Avg:17, SD:3, Max:24, Min:7
FCollision End Avg:0, SD:0, Max:0, Min:0
FTask1 Avg:0, SD:4, Max:75, Min:0
FTask2 Avg:0, SD:0, Max:0, Min:0
FTask3 Avg:22, SD:8, Max:48, Min:1
FCore Active Avg:32, SD:12, Max:100, Min:1
FRouter Active Avg:96, SD:2, Max:101, Min:86
T1 invocations: 759
T2 invocations: 0
T3 invocations: 426,880
T3b invocations: 4,071,184
Total3 invocations: 4,498,064
Total4 invocations: 0

T3/T2 ratio: inf
T3b/T3 ratio: 10

T1 avg ex cycles: 195
T2 avg ex cycles: -nan
T3&b avg ex cycles: 2
T4 avg ex cycles: -nan
Avg. hops NOC1: -nan
Avg. latency NOC1 (T2): -nan
Avg. hops NOC2: 17
Avg. latency NOC2 (T3): 318

===PRINTING ACUM STATS at pu_cycles: 80,004

ACollision In Avg:23, SD:4, Max:39, Min:7
ACollision Out Avg:3, SD:1, Max:7, Min:1
ACollision End Avg:0, SD:0, Max:0, Min:0
ATask1 Avg:62, SD:1, Max:70, Min:61
ATask2 Avg:0, SD:0, Max:0, Min:0
ATask3 Avg:25, SD:2, Max:34, Min:20
ACore Active Avg:88, SD:2, Max:100, Min:83
ARouter Active Avg:93, SD:5, Max:99, Min:66
T1 invocations: 4,021,041
T2 invocations: 0
T3 invocations: 13,657,747
T3b invocations: 150,640,038
Total3 invocations: 164,297,785
Total4 invocations: 0

T3/T2 ratio: inf
T3b/T3 ratio: 11

T1 avg ex cycles: 200
T2 avg ex cycles: -nan
T3&b avg ex cycles: 2
T4 avg ex cycles: -nan
Avg. hops NOC1: -nan
Avg. latency NOC1 (T2): -nan
Avg. hops NOC2: 16
Avg. latency NOC2 (T3): 3,504
Number of K Nodes Processed: 164,609
Number of K Edges Processed: 164,609
Node Re-explore factor: 39.25
Edge Re-explore factor: 1.28
Nodes/cy: 2,058
Edges/cy: 2,058
TEPS: 1,604

---Pcache---
Pcache Size: 7,711
Cached: 1
  PHits: 98,014,758
  PMisses: 52,297,276
  PHit Rate (hit/miss): 65%
  PEvictions: 13,401,323
  PEviction Rate (evict/misses): 26%

---Energy---
Leakage Energy (nJ): 62,960
PU Dyn E (nJ): 7,489,969
Mem Dyn E (nJ): 28,769,794
Route Dyn E (nJ): 15,481,329
Dynamic Energy (nJ): 51,741,093
Ratio of Dyn/Leak: 822
Total Energy (nJ): 51,804,053
Total Energy (nJ) 3D: 53,174,291
Cores Energy (nJ): 7,493,532
Route Energy (nJ): 15,483,381
Route Energy (nJ) 3D: 16,853,619
Mem Energy   (nJ): 28,827,141
Mem Energy   (nJ) 3D: 28,827,141
Avg. Power (mW): 647,518.29
Power Density (mW/mm2): 187.08

---Runtime---
Runtime in K cycles: 80.00
Microseconds: 80.00
Time per iteration (ms): 0.08

---Throughput---
GOP/s (aka OPS/ns): 14,131.99
GOP/s per core: 0.86
FLOP/s: 1,603.81
FLOP/s per core: 0.10
Max Peak FLOP/s: 16,384.00
Avg. BW GB/s: 62,720.50
Max BW GB/s: 65,536.00

---Traffic---
In-Die bisection_bytes BW (GB/s): 2,048.00
Inter-board traffic (msg/ns): 0.00, per-link: 0.00
Inter-pack traffic (msg/ns): 0.00, per-link: 0.00
Inter-die traffic (msg/ns): 0.00, per-link: 0.00
Ruche traffic (msg/ns): 0.00, per-link: 0.00
All traffic (msg/ns): 64,250.86, per-link: 3.92
Inter-die reduction wrt all: inf
Inter-board reduction wrt inter-die: -nan

---Data Movement---
All traffic (msg): 5,140,325,670
Arith. Intensity FLOP/Loads: 0.17
Arith. Intensity FLOP/Msgs: 0.02
Arith. Intensity OPS/Loads: 1.49
Arith. Intensity OPS/Msgs: 0.22



===Core Utilization Total=== CORE-S:8;; TIME K cy:80 ;; Nodes Proc: 20,424,412 -- Edges Proc: 0

===PRINTING FRAME STATS

FCollision In Avg:75, SD:15, Max:100, Min:2
FCollision Out Avg:15, SD:3, Max:25, Min:2
FCollision End Avg:0, SD:0, Max:0, Min:0
FTask1 Avg:0, SD:0, Max:0, Min:0
FTask2 Avg:0, SD:0, Max:0, Min:0
FTask3 Avg:26, SD:8, Max:48, Min:3
FCore Active Avg:38, SD:11, Max:69, Min:5
FRouter Active Avg:98, SD:1, Max:101, Min:94
T1 invocations: 0
T2 invocations: 0
T3 invocations: 767,549
T3b invocations: 4,539,178
Total3 invocations: 5,306,727
Total4 invocations: 0

T3/T2 ratio: inf
T3b/T3 ratio: 6

T1 avg ex cycles: -nan
T2 avg ex cycles: -nan
T3&b avg ex cycles: 2
T4 avg ex cycles: -nan
Avg. hops NOC1: -nan
Avg. latency NOC1 (T2): -nan
Avg. hops NOC2: 17
Avg. latency NOC2 (T3): 163

===PRINTING ACUM STATS at pu_cycles: 90,004

ACollision In Avg:29, SD:4, Max:44, Min:7
ACollision Out Avg:5, SD:1, Max:7, Min:2
ACollision End Avg:0, SD:0, Max:0, Min:0
ATask1 Avg:55, SD:0, Max:55, Min:55
ATask2 Avg:0, SD:0, Max:0, Min:0
ATask3 Avg:25, SD:1, Max:33, Min:21
ACore Active Avg:83, SD:1, Max:91, Min:78
ARouter Active Avg:94, SD:5, Max:99, Min:69
T1 invocations: 4,021,044
T2 invocations: 0
T3 invocations: 16,863,981
T3b invocations: 169,223,899
Total3 invocations: 186,087,880
Total4 invocations: 0

T3/T2 ratio: inf
T3b/T3 ratio: 10

T1 avg ex cycles: 200
T2 avg ex cycles: -nan
T3&b avg ex cycles: 2
T4 avg ex cycles: -nan
Avg. hops NOC1: -nan
Avg. latency NOC1 (T2): -nan
Avg. hops NOC2: 16
Avg. latency NOC2 (T3): 3,113
Number of K Nodes Processed: 186,092
Number of K Edges Processed: 186,092
Node Re-explore factor: 44.37
Edge Re-explore factor: 1.45
Nodes/cy: 2,068
Edges/cy: 2,068
TEPS: 1,426

---Pcache---
Pcache Size: 7,711
Cached: 1
  PHits: 102,667,843
  PMisses: 65,942,487
  PHit Rate (hit/miss): 61%
  PEvictions: 14,815,982
  PEviction Rate (evict/misses): 22%

---Energy---
Leakage Energy (nJ): 70,830
PU Dyn E (nJ): 7,688,538
Mem Dyn E (nJ): 31,853,794
Route Dyn E (nJ): 17,724,807
Dynamic Energy (nJ): 57,267,140
Ratio of Dyn/Leak: 809
Total Energy (nJ): 57,337,970
Total Energy (nJ) 3D: 58,906,777
Cores Energy (nJ): 7,692,546
Route Energy (nJ): 17,727,115
Route Energy (nJ) 3D: 19,295,922
Mem Energy   (nJ): 31,918,309
Mem Energy   (nJ) 3D: 31,918,309
Avg. Power (mW): 637,060.24
Power Density (mW/mm2): 184.06

---Runtime---
Runtime in K cycles: 90.00
Microseconds: 90.00
Time per iteration (ms): 0.09

---Throughput---
GOP/s (aka OPS/ns): 13,046.05
GOP/s per core: 0.80
FLOP/s: 1,425.62
FLOP/s per core: 0.09
Max Peak FLOP/s: 16,384.00
Avg. BW GB/s: 61,562.30
Max BW GB/s: 65,536.00

---Traffic---
In-Die bisection_bytes BW (GB/s): 2,048.00
Inter-board traffic (msg/ns): 0.00, per-link: 0.00
Inter-pack traffic (msg/ns): 0.00, per-link: 0.00
Inter-die traffic (msg/ns): 0.00, per-link: 0.00
Ruche traffic (msg/ns): 0.00, per-link: 0.00
All traffic (msg/ns): 65,343.74, per-link: 3.99
Inter-die reduction wrt all: inf
Inter-board reduction wrt inter-die: -nan

---Data Movement---
All traffic (msg): 5,881,198,070
Arith. Intensity FLOP/Loads: 0.16
Arith. Intensity FLOP/Msgs: 0.02
Arith. Intensity OPS/Loads: 1.43
Arith. Intensity OPS/Msgs: 0.20



===Core Utilization Total=== CORE-S:9;; TIME K cy:90 ;; Nodes Proc: 22,988,617 -- Edges Proc: 0

===PRINTING FRAME STATS

FCollision In Avg:48, SD:19, Max:97, Min:1
FCollision Out Avg:11, SD:4, Max:22, Min:0
FCollision End Avg:0, SD:0, Max:0, Min:0
FTask1 Avg:0, SD:0, Max:0, Min:0
FTask2 Avg:0, SD:0, Max:0, Min:0
FTask3 Avg:24, SD:7, Max:49, Min:5
FCore Active Avg:36, SD:10, Max:67, Min:6
FRouter Active Avg:91, SD:9, Max:101, Min:53
T1 invocations: 0
T2 invocations: 0
T3 invocations: 1,296,110
T3b invocations: 3,640,324
Total3 invocations: 4,936,434
Total4 invocations: 0

T3/T2 ratio: inf
T3b/T3 ratio: 3

T1 avg ex cycles: -nan
T2 avg ex cycles: -nan
T3&b avg ex cycles: 2
T4 avg ex cycles: -nan
Avg. hops NOC1: -nan
Avg. latency NOC1 (T2): -nan
Avg. hops NOC2: 17
Avg. latency NOC2 (T3): 135

===PRINTING ACUM STATS at pu_cycles: 100,004

ACollision In Avg:31, SD:5, Max:45, Min:10
ACollision Out Avg:5, SD:1, Max:8, Min:2
ACollision End Avg:0, SD:0, Max:0, Min:0
ATask1 Avg:49, SD:1, Max:55, Min:49
ATask2 Avg:0, SD:0, Max:0, Min:0
ATask3 Avg:25, SD:2, Max:33, Min:20
ACore Active Avg:78, SD:2, Max:89, Min:73
ARouter Active Avg:94, SD:4, Max:99, Min:69
T1 invocations: 4,021,044
T2 invocations: 0
T3 invocations: 21,931,629
T3b invocations: 181,805,307
Total3 invocations: 203,736,936
Total4 invocations: 0

T3/T2 ratio: inf
T3b/T3 ratio: 8

T1 avg ex cycles: 200
T2 avg ex cycles: -nan
T3&b avg ex cycles: 2
T4 avg ex cycles: -nan
Avg. hops NOC1: -nan
Avg. latency NOC1 (T2): -nan
Avg. hops NOC2: 16
Avg. latency NOC2 (T3): 2,854
Number of K Nodes Processed: 205,670
Number of K Edges Processed: 205,670
Node Re-explore factor: 49.04
Edge Re-explore factor: 1.60
Nodes/cy: 2,057
Edges/cy: 2,057
TEPS: 1,283

---Pcache---
Pcache Size: 7,711
Cached: 1
  PHits: 105,056,803
  PMisses: 77,606,478
  PHit Rate (hit/miss): 58%
  PEvictions: 15,125,641
  PEviction Rate (evict/misses): 19%

---Energy---
Leakage Energy (nJ): 78,699
PU Dyn E (nJ): 7,849,368
Mem Dyn E (nJ): 34,336,656
Route Dyn E (nJ): 19,528,345
Dynamic Energy (nJ): 61,714,370
Ratio of Dyn/Leak: 784
Total Energy (nJ): 61,793,069
Total Energy (nJ) 3D: 63,521,505
Cores Energy (nJ): 7,853,821
Route Energy (nJ): 19,530,910
Route Energy (nJ) 3D: 21,259,346
Mem Energy   (nJ): 34,408,339
Mem Energy   (nJ) 3D: 34,408,339
Avg. Power (mW): 617,905.98
Power Density (mW/mm2): 178.52

---Runtime---
Runtime in K cycles: 100.00
Microseconds: 100.00
Time per iteration (ms): 0.10

---Throughput---
GOP/s (aka OPS/ns): 12,094.46
GOP/s per core: 0.74
FLOP/s: 1,283.06
FLOP/s per core: 0.08
Max Peak FLOP/s: 16,384.00
Avg. BW GB/s: 59,641.92
Max BW GB/s: 65,536.00

---Traffic---
In-Die bisection_bytes BW (GB/s): 2,048.00
Inter-board traffic (msg/ns): 0.00, per-link: 0.00
Inter-pack traffic (msg/ns): 0.00, per-link: 0.00
Inter-die traffic (msg/ns): 0.00, per-link: 0.00
Ruche traffic (msg/ns): 0.00, per-link: 0.00
All traffic (msg/ns): 64,767.92, per-link: 3.95
Inter-die reduction wrt all: inf
Inter-board reduction wrt inter-die: -nan

---Data Movement---
All traffic (msg): 6,477,051,298
Arith. Intensity FLOP/Loads: 0.15
Arith. Intensity FLOP/Msgs: 0.02
Arith. Intensity OPS/Loads: 1.38
Arith. Intensity OPS/Msgs: 0.19



===Core Utilization Total=== CORE-S:10;; TIME K cy:100 ;; Nodes Proc: 25,195,453 -- Edges Proc: 0
======== IT IS COLD ======= Only 170 Tiles active
Epoch Done Router: 4
##EPOCH## 1 COMPLETED at Time (K cy): 104
Nodes processed until now: 206,420,651
Edges processed until now: 0
Epoch Done Router: 1
Epoch Done Router: 5
Epoch Done Router: 0
Epoch Done Router: 7
Epoch Done Router: 2
Epoch Done Router: 6
Epoch Done Router: 3
Program Done Router Thread: 3
Program Done Router Thread: 1
Program Done Router Thread: 5
Program Done Router Thread: 6
Program Done Worker Thread: 2
Program Done Router Thread: 2
Program Done Worker Thread: 6
Program Done Worker Thread: 7
Program Done Worker Thread: 3
Program Done Router Thread: 7
Program Done Worker Thread: 1
Program Done Worker Thread: 5
Program Done Worker Thread: 4
Program Done Worker Thread: 0
Program Done Router Thread: 4
Program Done Router Thread: 0

===PRINTING ACUM STATS at pu_cycles: 104,024

ACollision In Avg:30, SD:5, Max:44, Min:10
ACollision Out Avg:5, SD:1, Max:7, Min:2
ACollision End Avg:0, SD:0, Max:0, Min:0
ATask1 Avg:47, SD:0, Max:48, Min:47
ATask2 Avg:0, SD:0, Max:0, Min:0
ATask3 Avg:24, SD:2, Max:31, Min:20
ACore Active Avg:75, SD:2, Max:82, Min:70
ARouter Active Avg:91, SD:5, Max:98, Min:66
T1 invocations: 4,021,044
T2 invocations: 0
T3 invocations: 22,724,857
T3b invocations: 183,695,794
Total3 invocations: 206,420,651
Total4 invocations: 0

T3/T2 ratio: inf
T3b/T3 ratio: 8

T1 avg ex cycles: 200
T2 avg ex cycles: -nan
T3&b avg ex cycles: 2
T4 avg ex cycles: -nan
Avg. hops NOC1: -nan
Avg. latency NOC1 (T2): -nan
Avg. hops NOC2: 16
Avg. latency NOC2 (T3): 2,818

Runtime at program end in K cycles: 104
Runtime before cooldown in K cycles: 90


Number of K Nodes Processed: 206,420
Number of K Edges Processed: 206,420
Node Re-explore factor: 49.21
Edge Re-explore factor: 1.61
Nodes/cy: 1,984
Edges/cy: 1,984
TEPS: 1,233

---Pcache---
Pcache Size: 7,711
Cached: 1
  PHits: 105,072,628
  PMisses: 78,002,874
  PHit Rate (hit/miss): 57%
  PEvictions: 15,126,242
  PEviction Rate (evict/misses): 19%

---Energy---
Leakage Energy (nJ): 81,863
PU Dyn E (nJ): 7,873,824
Mem Dyn E (nJ): 34,680,408
Route Dyn E (nJ): 19,799,152
Dynamic Energy (nJ): 62,353,384
Ratio of Dyn/Leak: 762
Total Energy (nJ): 62,435,247
Total Energy (nJ) 3D: 64,187,652
Cores Energy (nJ): 7,878,456
Route Energy (nJ): 19,801,819
Route Energy (nJ) 3D: 21,554,224
Mem Energy   (nJ): 34,754,973
Mem Energy   (nJ) 3D: 34,754,973
Avg. Power (mW): 600,200.41
Power Density (mW/mm2): 173.41

---Runtime---
Runtime in K cycles: 104.02
Microseconds: 104.02
Time per iteration (ms): 0.10

---Inst---
K Loads: 883,926
K Stores: 623,282
K Instructions: 1,214,862

---Throughput---
GOP/s (aka OPS/ns): 11,678.67
GOP/s per core: 0.71
FLOP/s: 1,233.48
FLOP/s per core: 0.08
Max Peak FLOP/s: 16,384.00
Avg. BW GB/s: 57,956.24
Max BW GB/s: 65,536.00

---Traffic---
In-Die bisection_bytes BW (GB/s): 2,048.00
Inter-board traffic (msg/ns): 0.00, per-link: 0.00
Inter-pack traffic (msg/ns): 0.00, per-link: 0.00
Inter-die traffic (msg/ns): 0.00, per-link: 0.00
Ruche traffic (msg/ns): 0.00, per-link: 0.00
All traffic (msg/ns): 63,125.70, per-link: 3.85
Inter-die reduction wrt all: inf
Inter-board reduction wrt inter-die: -nan

---Data Movement---
All traffic (msg): 6,566,587,796
Arith. Intensity FLOP/Loads: 0.15
Arith. Intensity FLOP/Msgs: 0.02
Arith. Intensity OPS/Loads: 1.37
Arith. Intensity OPS/Msgs: 0.19

Simulation time: 603.26
Sim noc_cy/s: 172.44
Sim Msg/s: 10,885,097.79

Version 31

