Dataset:  Kron22/
Dry run: 0
Open Edge Count File succesfully
Edges Traversed BFS: 128309848
Found Vertices: 4194304, Edges: 128311436
avg degree 31
Array  Kron22/node_array.bin found
Malloc array of size 16777220 bytes
Readin array of size 16777216 bytes
Finished Reading Array Bytes
No reordering Array 32bit
Array  Kron22/edge_array.bin found
Malloc array of size 513245744 bytes
Readin array of size 513245744 bytes
Finished Reading Array Bytes
No reordering Array 32bit
Reading graph elapsed time: 0.120427s

Dataset Footprint: 506 MiB
Dataset Footprint per Board: 4244.64 Mb
Dataset injection time (ms): 0.064768
Max Dataset Footprint: 1027 MiB

Dataset footprint per tile: 31 KiB
Proxys footprint per tile: 64 KiB
Reserved SRAM per tile: 7 KiB

Ideal SRAM per tile: 102 KiB
reserved_words_for_dataset:25855
dataset_words_per_tile:8096
remaining_sram_words:129278
min_dcache_sram_words_required:8096
dataset_words_per_tile:8096
min_pcache_sram_words_required:8
proxys_words_per_tile:16384
Dcache footprint ratio: 1
Pcache footprint ratio: 1
Dataset Cached: 0
DCache: 8096 words, lines: 506, sets: 506
Proxys Cached: 0
Pcache: 16384 words, sets: 16384
Node per tile: 256
Edge per tile: 7,832
GRID_X: 128
GRID_SIZE: 16,384
smt_per_tile: 1
noc_freq: 1
pu_freq: 1
RUCHE_X: 0
PROXY_W: 16
DIE_W: 128
DIE_H: 128
DIES: 1
BORDER_TILES_PER_DIE: 512
PACK_W: 128
PACK_H: 128
DIES_PACK_FACTOR: 1
DIES_PER_PACK: 1
PACKAGES: 1
BOARD_W: 128
BOARD_H: 128
BOARDS: 1
MUX_BUS: 1
DCACHE: 0
PCACHE: 1
PROXY_FACTOR: 8
CACHE_WAYS: 1
TORUS: 1
PHY_NOCS: 1
WIDE_NOC_ID: 0
NOC_CONF: 1
noc_width: 32
hbm_channel_bit_width: 512
ld_st_op_byte_width: 4
PROXY_ROUTING: 3
WRITE_THROUGH: 0
ASSERT_MODE: 0
GLOBAL_BARRIER: 2
OQ flits: 6 ; 32 ; 64
IQ flits: 6 ; 512 ; 1,024
OQ messages: 2 ; 16 ; 32
IQ messages: 2 ; 256 ; 512
max_task2 size: 64
io_factor_t2: 16
io_factor_t3: 16
io_factor_t3b: 16

Active SRAM Storage per tile: 102 KiB
Total SRAM Storage per tile: 512 KiB
Agreggated SRAM Storage: 8,192 MiB

Inter-Die #links: 4,096
Inter-Die (Gbits): 131,072
Inter-Die (Gbits/mm): 563.524
Bisection BW of Board (Gbits): 32,768
Border IO #Dies: 4
Border IO Die BW (Gbits): 16,384
Off-Board BW Total (Gbits): 65,536
Off-Board BW Density (Gbits/mm): 278
Die side: 58.15 mm
Die border wire density: 563.52 Gbits/mm
HBM wire density: 70.44 Gbits/mm

Tiles per Die: 16,384 (128x128)
Tile Area: 0.19 mm2, side: 0.44 mm
- Core/Rout Area: 0.05 mm2
- SRAM Area: 0.14 mm2
- SRAM/Logic Ratio: 2.80x

Dies per Package: 1 (1x1)
Die Area: 3,381.23 mm2, side: 58.15 mm
- Tiles Area: 3,191.28 mm2
- PHY Area: 189.96 mm2
- MC Area: 0.00 mm2

Packages per Board: 1 (1x1)
Package Area: 3,461.23 mm2, side: 58.83 mm
- IOdie Area: 80.00 mm2
- Dies Area: 3,381.23 mm2
- HBM Area: 0.00 mm2

Boards: 1 (1x1)
Board Area: 3,461.23 mm2
Total Area: 3,461.23 mm2



ESTIMATED COST OF SILICON AND PACKAGING. ONLY VARIABLE, NO FIXED COSTS
Good dies per wafer 3d: 5
Good dies per wafer 2d: 6
--Dies 3D Cost: 1,209.40 $
--Dies 2.5D Cost: 1,007.83 $
--Dies 2D Cost: 1,007.83 $
--HBM Cost: 60.00 $
--IOdie Cost: 8.44 $
--Packaging Cost 3d: 233.07 $
--Packaging Cost 2.5d: 505.18 $
--Packaging Cost 2d: 152.44 $
SiP Cost 3d: 1,510.91 $
SiP Cost 2.5d: 1,581.46 $
SiP Cost 2d: 1,168.71 $
--Board Cost: 3.46 $
Total SiPs Cost 3d: 1,514.37 $
Total SiPs Cost 2.5d: 1,584.92 $
Total SiPs Cost 2d: 1,172.18 $

Perf counters initialized
Mesh connected
Cache structures initialized
Allocated proxys
proxys initialized
Dataset structures initialized


Starting Simulation
INIT epoch: 1
INIT epoch: 1
INIT epoch: 1
INIT epoch: 1
INIT epoch: 1
INIT epoch: 1
INIT epoch: 1
INIT epoch: 1

===PRINTING FRAME STATS

FCollision In Avg:9, SD:4, Max:32, Min:0
FCollision Out Avg:0, SD:0, Max:6, Min:0
FCollision End Avg:0, SD:0, Max:0, Min:0
FTask1 Avg:82, SD:2, Max:88, Min:70
FTask2 Avg:0, SD:0, Max:0, Min:0
FTask3 Avg:18, SD:2, Max:30, Min:12
FCore Active Avg:100, SD:0, Max:100, Min:98
FRouter Active Avg:84, SD:12, Max:98, Min:31
T1 invocations: 169,465
T2 invocations: 0
T3 invocations: 716
T3b invocations: 3,648,473
Total3 invocations: 3,649,189
Total4 invocations: 0

T3/T2 ratio: inf
T3b/T3 ratio: 5,096

T1 avg ex cycles: 201
T2 avg ex cycles: -nan
T3&b avg ex cycles: 2
T4 avg ex cycles: -nan
Avg. hops NOC1: -nan
Avg. latency NOC1 (T2): -nan
Avg. hops NOC2: 17
Avg. latency NOC2 (T3): 3,130

===PRINTING ACUM STATS at pu_cycles: 10,401

ACollision In Avg:9, SD:4, Max:32, Min:0
ACollision Out Avg:0, SD:0, Max:6, Min:0
ACollision End Avg:0, SD:0, Max:0, Min:0
ATask1 Avg:82, SD:2, Max:88, Min:70
ATask2 Avg:0, SD:0, Max:0, Min:0
ATask3 Avg:18, SD:2, Max:30, Min:12
ACore Active Avg:100, SD:0, Max:100, Min:98
ARouter Active Avg:84, SD:12, Max:98, Min:31
T1 invocations: 677,697
T2 invocations: 0
T3 invocations: 2,187
T3b invocations: 14,596,138
Total3 invocations: 14,598,325
Total4 invocations: 0

T3/T2 ratio: inf
T3b/T3 ratio: 6,674

T1 avg ex cycles: 201
T2 avg ex cycles: -nan
T3&b avg ex cycles: 2
T4 avg ex cycles: -nan
Avg. hops NOC1: -nan
Avg. latency NOC1 (T2): -nan
Avg. hops NOC2: 17
Avg. latency NOC2 (T3): 3,129
Number of K Nodes Processed: 14,992
Number of K Edges Processed: 14,992
Node Re-explore factor: 3.57
Edge Re-explore factor: 0.12
Nodes/cy: 1,441
Edges/cy: 1,441
TEPS: 12,336

---Pcache---
Pcache Size: 16,384
Cached: 0
  PHits: 0
  PMisses: 0
  PHit Rate (hit/miss): -nan%
  PEvictions: 0
  PEviction Rate (evict/misses): -nan%

---Energy---
Leakage Energy (nJ): 11,593
PU Dyn E (nJ): 1,143,285
Mem Dyn E (nJ): 2,715,098
Route Dyn E (nJ): 1,520,940
Dynamic Energy (nJ): 5,379,324
Ratio of Dyn/Leak: 464
Total Energy (nJ): 5,390,917
Total Energy (nJ) 3D: 5,525,534
Cores Energy (nJ): 1,143,749
Route Energy (nJ): 1,521,207
Route Energy (nJ) 3D: 1,655,824
Mem Energy   (nJ): 2,725,962
Mem Energy   (nJ) 3D: 2,725,962
Avg. Power (mW): 518,307.61
Power Density (mW/mm2): 149.75

---Runtime---
Runtime in K cycles: 10.40
Microseconds: 10.40
Time per iteration (ms): 0.01

---Throughput---
GOP/s (aka OPS/ns): 15,806.26
GOP/s per core: 0.96
FLOP/s: 2,079.65
FLOP/s per core: 0.13
Max Peak FLOP/s: 16,384.00
Avg. BW GB/s: 51,104.29
Max BW GB/s: 65,536.00

---Traffic---
In-Die bisection_bytes BW (GB/s): 2,048.00
Inter-board traffic (msg/ns): 0.00, per-link: 0.00
Inter-pack traffic (msg/ns): 0.00, per-link: 0.00
Inter-die traffic (msg/ns): 0.00, per-link: 0.00
Ruche traffic (msg/ns): 0.00, per-link: 0.00
All traffic (msg/ns): 48,256.71, per-link: 2.95
Inter-die reduction wrt all: inf
Inter-board reduction wrt inter-die: -nan

---Data Movement---
All traffic (msg): 501,918,058
Arith. Intensity FLOP/Loads: 0.24
Arith. Intensity FLOP/Msgs: 0.04
Arith. Intensity GOPS/Loads: 0.00
Arith. Intensity GOPS/Msgs: 0.00



===Core Utilization Total=== CORE-S:1;; TIME K cy:10 ;; Nodes Proc: 1,875,331 -- Edges Proc: 0

===PRINTING FRAME STATS

FCollision In Avg:8, SD:3, Max:17, Min:0
FCollision Out Avg:0, SD:0, Max:1, Min:0
FCollision End Avg:0, SD:0, Max:0, Min:0
FTask1 Avg:76, SD:2, Max:82, Min:66
FTask2 Avg:0, SD:0, Max:0, Min:0
FTask3 Avg:24, SD:2, Max:34, Min:18
FCore Active Avg:100, SD:0, Max:100, Min:100
FRouter Active Avg:82, SD:13, Max:97, Min:29
T1 invocations: 155,108
T2 invocations: 0
T3 invocations: 1,443
T3b invocations: 4,887,484
Total3 invocations: 4,888,927
Total4 invocations: 0

T3/T2 ratio: inf
T3b/T3 ratio: 3,387

T1 avg ex cycles: 201
T2 avg ex cycles: -nan
T3&b avg ex cycles: 2
T4 avg ex cycles: -nan
Avg. hops NOC1: -nan
Avg. latency NOC1 (T2): -nan
Avg. hops NOC2: 12
Avg. latency NOC2 (T3): 3,326

===PRINTING ACUM STATS at pu_cycles: 20,401

ACollision In Avg:8, SD:3, Max:22, Min:0
ACollision Out Avg:0, SD:0, Max:3, Min:0
ACollision End Avg:0, SD:0, Max:0, Min:0
ATask1 Avg:79, SD:2, Max:84, Min:68
ATask2 Avg:0, SD:0, Max:0, Min:0
ATask3 Avg:21, SD:2, Max:32, Min:16
ACore Active Avg:100, SD:0, Max:100, Min:99
ARouter Active Avg:83, SD:13, Max:96, Min:30
T1 invocations: 1,298,232
T2 invocations: 0
T3 invocations: 7,467
T3b invocations: 34,143,575
Total3 invocations: 34,151,042
Total4 invocations: 0

T3/T2 ratio: inf
T3b/T3 ratio: 4,573

T1 avg ex cycles: 201
T2 avg ex cycles: -nan
T3&b avg ex cycles: 2
T4 avg ex cycles: -nan
Avg. hops NOC1: -nan
Avg. latency NOC1 (T2): -nan
Avg. hops NOC2: 14
Avg. latency NOC2 (T3): 3,242
Number of K Nodes Processed: 34,543
Number of K Edges Processed: 34,543
Node Re-explore factor: 8.24
Edge Re-explore factor: 0.27
Nodes/cy: 1,693
Edges/cy: 1,693
TEPS: 6,289

---Pcache---
Pcache Size: 16,384
Cached: 0
  PHits: 0
  PMisses: 0
  PHit Rate (hit/miss): -nan%
  PEvictions: 0
  PEviction Rate (evict/misses): -nan%

---Energy---
Leakage Energy (nJ): 22,740
PU Dyn E (nJ): 2,248,827
Mem Dyn E (nJ): 5,976,882
Route Dyn E (nJ): 2,881,114
Dynamic Energy (nJ): 11,106,823
Ratio of Dyn/Leak: 488
Total Energy (nJ): 11,129,563
Total Energy (nJ) 3D: 11,384,568
Cores Energy (nJ): 2,249,736
Route Energy (nJ): 2,881,638
Route Energy (nJ) 3D: 3,136,642
Mem Energy   (nJ): 5,998,190
Mem Energy   (nJ) 3D: 5,998,190
Avg. Power (mW): 545,540.06
Power Density (mW/mm2): 157.61

---Runtime---
Runtime in K cycles: 20.40
Microseconds: 20.40
Time per iteration (ms): 0.02

---Throughput---
GOP/s (aka OPS/ns): 16,058.63
GOP/s per core: 0.98
FLOP/s: 2,033.59
FLOP/s per core: 0.12
Max Peak FLOP/s: 16,384.00
Avg. BW GB/s: 57,208.11
Max BW GB/s: 65,536.00

---Traffic---
In-Die bisection_bytes BW (GB/s): 2,048.00
Inter-board traffic (msg/ns): 0.00, per-link: 0.00
Inter-pack traffic (msg/ns): 0.00, per-link: 0.00
Inter-die traffic (msg/ns): 0.00, per-link: 0.00
Ruche traffic (msg/ns): 0.00, per-link: 0.00
All traffic (msg/ns): 47,241.66, per-link: 2.88
Inter-die reduction wrt all: inf
Inter-board reduction wrt inter-die: -nan

---Data Movement---
All traffic (msg): 963,777,186
Arith. Intensity FLOP/Loads: 0.22
Arith. Intensity FLOP/Msgs: 0.04
Arith. Intensity GOPS/Loads: 0.00
Arith. Intensity GOPS/Msgs: 0.00



===Core Utilization Total=== CORE-S:2;; TIME K cy:20 ;; Nodes Proc: 4,319,242 -- Edges Proc: 0

===PRINTING FRAME STATS

FCollision In Avg:8, SD:3, Max:18, Min:0
FCollision Out Avg:0, SD:0, Max:1, Min:0
FCollision End Avg:0, SD:0, Max:0, Min:0
FTask1 Avg:76, SD:2, Max:83, Min:66
FTask2 Avg:0, SD:0, Max:0, Min:0
FTask3 Avg:24, SD:2, Max:34, Min:17
FCore Active Avg:100, SD:0, Max:100, Min:100
FRouter Active Avg:82, SD:13, Max:97, Min:29
T1 invocations: 155,117
T2 invocations: 0
T3 invocations: 3,719
T3b invocations: 4,889,055
Total3 invocations: 4,892,774
Total4 invocations: 0

T3/T2 ratio: inf
T3b/T3 ratio: 1,315

T1 avg ex cycles: 201
T2 avg ex cycles: -nan
T3&b avg ex cycles: 2
T4 avg ex cycles: -nan
Avg. hops NOC1: -nan
Avg. latency NOC1 (T2): -nan
Avg. hops NOC2: 12
Avg. latency NOC2 (T3): 3,334

===PRINTING ACUM STATS at pu_cycles: 30,401

ACollision In Avg:8, SD:3, Max:19, Min:0
ACollision Out Avg:0, SD:0, Max:2, Min:0
ACollision End Avg:0, SD:0, Max:0, Min:0
ATask1 Avg:78, SD:2, Max:83, Min:68
ATask2 Avg:0, SD:0, Max:0, Min:0
ATask3 Avg:22, SD:2, Max:32, Min:17
ACore Active Avg:100, SD:0, Max:100, Min:99
ARouter Active Avg:82, SD:13, Max:96, Min:30
T1 invocations: 1,918,665
T2 invocations: 0
T3 invocations: 23,912
T3b invocations: 53,691,147
Total3 invocations: 53,715,059
Total4 invocations: 0

T3/T2 ratio: inf
T3b/T3 ratio: 2,245

T1 avg ex cycles: 201
T2 avg ex cycles: -nan
T3&b avg ex cycles: 2
T4 avg ex cycles: -nan
Avg. hops NOC1: -nan
Avg. latency NOC1 (T2): -nan
Avg. hops NOC2: 13
Avg. latency NOC2 (T3): 3,276
Number of K Nodes Processed: 54,109
Number of K Edges Processed: 54,109
Node Re-explore factor: 12.90
Edge Re-explore factor: 0.42
Nodes/cy: 1,780
Edges/cy: 1,780
TEPS: 4,221

---Pcache---
Pcache Size: 16,384
Cached: 0
  PHits: 0
  PMisses: 0
  PHit Rate (hit/miss): -nan%
  PEvictions: 0
  PEviction Rate (evict/misses): -nan%

---Energy---
Leakage Energy (nJ): 33,886
PU Dyn E (nJ): 3,354,321
Mem Dyn E (nJ): 9,239,946
Route Dyn E (nJ): 4,240,391
Dynamic Energy (nJ): 16,834,659
Ratio of Dyn/Leak: 497
Total Energy (nJ): 16,868,545
Total Energy (nJ) 3D: 17,243,858
Cores Energy (nJ): 3,355,675
Route Energy (nJ): 4,241,171
Route Energy (nJ) 3D: 4,616,484
Mem Energy   (nJ): 9,271,700
Mem Energy   (nJ) 3D: 9,271,700
Avg. Power (mW): 554,868.11
Power Density (mW/mm2): 160.31

---Runtime---
Runtime in K cycles: 30.40
Microseconds: 30.40
Time per iteration (ms): 0.03

---Throughput---
GOP/s (aka OPS/ns): 16,145.05
GOP/s per core: 0.99
FLOP/s: 2,017.73
FLOP/s per core: 0.12
Max Peak FLOP/s: 16,384.00
Avg. BW GB/s: 59,304.42
Max BW GB/s: 65,536.00

---Traffic---
In-Die bisection_bytes BW (GB/s): 2,048.00
Inter-board traffic (msg/ns): 0.00, per-link: 0.00
Inter-pack traffic (msg/ns): 0.00, per-link: 0.00
Inter-die traffic (msg/ns): 0.00, per-link: 0.00
Ruche traffic (msg/ns): 0.00, per-link: 0.00
All traffic (msg/ns): 46,885.96, per-link: 2.86
Inter-die reduction wrt all: inf
Inter-board reduction wrt inter-die: -nan

---Data Movement---
All traffic (msg): 1,425,380,194
Arith. Intensity FLOP/Loads: 0.21
Arith. Intensity FLOP/Msgs: 0.04
Arith. Intensity GOPS/Loads: 0.00
Arith. Intensity GOPS/Msgs: 0.00



===Core Utilization Total=== CORE-S:3;; TIME K cy:30 ;; Nodes Proc: 6,765,617 -- Edges Proc: 0

===PRINTING FRAME STATS

FCollision In Avg:8, SD:3, Max:16, Min:0
FCollision Out Avg:0, SD:0, Max:1, Min:0
FCollision End Avg:0, SD:0, Max:0, Min:0
FTask1 Avg:76, SD:2, Max:82, Min:66
FTask2 Avg:0, SD:0, Max:0, Min:0
FTask3 Avg:24, SD:2, Max:34, Min:18
FCore Active Avg:100, SD:0, Max:100, Min:100
FRouter Active Avg:82, SD:13, Max:97, Min:29
T1 invocations: 155,089
T2 invocations: 0
T3 invocations: 6,721
T3b invocations: 4,884,087
Total3 invocations: 4,890,808
Total4 invocations: 0

T3/T2 ratio: inf
T3b/T3 ratio: 727

T1 avg ex cycles: 201
T2 avg ex cycles: -nan
T3&b avg ex cycles: 2
T4 avg ex cycles: -nan
Avg. hops NOC1: -nan
Avg. latency NOC1 (T2): -nan
Avg. hops NOC2: 12
Avg. latency NOC2 (T3): 3,353

===PRINTING ACUM STATS at pu_cycles: 40,401

ACollision In Avg:8, SD:3, Max:17, Min:0
ACollision Out Avg:0, SD:0, Max:2, Min:0
ACollision End Avg:0, SD:0, Max:0, Min:0
ATask1 Avg:78, SD:2, Max:83, Min:67
ATask2 Avg:0, SD:0, Max:0, Min:0
ATask3 Avg:22, SD:2, Max:33, Min:17
ACore Active Avg:100, SD:0, Max:100, Min:100
ARouter Active Avg:82, SD:13, Max:96, Min:30
T1 invocations: 2,538,972
T2 invocations: 0
T3 invocations: 52,145
T3b invocations: 73,230,974
Total3 invocations: 73,283,119
Total4 invocations: 0

T3/T2 ratio: inf
T3b/T3 ratio: 1,404

T1 avg ex cycles: 201
T2 avg ex cycles: -nan
T3&b avg ex cycles: 2
T4 avg ex cycles: -nan
Avg. hops NOC1: -nan
Avg. latency NOC1 (T2): -nan
Avg. hops NOC2: 13
Avg. latency NOC2 (T3): 3,297
Number of K Nodes Processed: 73,676
Number of K Edges Processed: 73,676
Node Re-explore factor: 17.57
Edge Re-explore factor: 0.57
Nodes/cy: 1,824
Edges/cy: 1,824
TEPS: 3,176

---Pcache---
Pcache Size: 16,384
Cached: 0
  PHits: 0
  PMisses: 0
  PHit Rate (hit/miss): -nan%
  PEvictions: 0
  PEviction Rate (evict/misses): -nan%

---Energy---
Leakage Energy (nJ): 45,033
PU Dyn E (nJ): 4,459,665
Mem Dyn E (nJ): 12,503,352
Route Dyn E (nJ): 5,600,348
Dynamic Energy (nJ): 22,563,366
Ratio of Dyn/Leak: 501
Total Energy (nJ): 22,608,399
Total Energy (nJ) 3D: 23,104,080
Cores Energy (nJ): 4,461,464
Route Energy (nJ): 5,601,384
Route Energy (nJ) 3D: 6,097,066
Mem Energy   (nJ): 12,545,550
Mem Energy   (nJ) 3D: 12,545,550
Avg. Power (mW): 559,599.98
Power Density (mW/mm2): 161.68

---Runtime---
Runtime in K cycles: 40.40
Microseconds: 40.40
Time per iteration (ms): 0.04

---Throughput---
GOP/s (aka OPS/ns): 16,188.27
GOP/s per core: 0.99
FLOP/s: 2,009.62
FLOP/s per core: 0.12
Max Peak FLOP/s: 16,384.00
Avg. BW GB/s: 60,364.55
Max BW GB/s: 65,536.00

---Traffic---
In-Die bisection_bytes BW (GB/s): 2,048.00
Inter-board traffic (msg/ns): 0.00, per-link: 0.00
Inter-pack traffic (msg/ns): 0.00, per-link: 0.00
Inter-die traffic (msg/ns): 0.00, per-link: 0.00
Ruche traffic (msg/ns): 0.00, per-link: 0.00
All traffic (msg/ns): 46,711.78, per-link: 2.85
Inter-die reduction wrt all: inf
Inter-board reduction wrt inter-die: -nan

---Data Movement---
All traffic (msg): 1,887,202,626
Arith. Intensity FLOP/Loads: 0.21
Arith. Intensity FLOP/Msgs: 0.04
Arith. Intensity GOPS/Loads: 0.00
Arith. Intensity GOPS/Msgs: 0.00



===Core Utilization Total=== CORE-S:4;; TIME K cy:40 ;; Nodes Proc: 9,210,765 -- Edges Proc: 0

===PRINTING FRAME STATS

FCollision In Avg:8, SD:3, Max:17, Min:0
FCollision Out Avg:0, SD:0, Max:1, Min:0
FCollision End Avg:0, SD:0, Max:0, Min:0
FTask1 Avg:76, SD:2, Max:82, Min:65
FTask2 Avg:0, SD:0, Max:0, Min:0
FTask3 Avg:24, SD:2, Max:35, Min:18
FCore Active Avg:100, SD:0, Max:100, Min:100
FRouter Active Avg:82, SD:13, Max:97, Min:29
T1 invocations: 155,086
T2 invocations: 0
T3 invocations: 10,687
T3b invocations: 4,885,108
Total3 invocations: 4,895,795
Total4 invocations: 0

T3/T2 ratio: inf
T3b/T3 ratio: 457

T1 avg ex cycles: 201
T2 avg ex cycles: -nan
T3&b avg ex cycles: 2
T4 avg ex cycles: -nan
Avg. hops NOC1: -nan
Avg. latency NOC1 (T2): -nan
Avg. hops NOC2: 12
Avg. latency NOC2 (T3): 3,384

===PRINTING ACUM STATS at pu_cycles: 50,401

ACollision In Avg:8, SD:3, Max:17, Min:0
ACollision Out Avg:0, SD:0, Max:1, Min:0
ACollision End Avg:0, SD:0, Max:0, Min:0
ATask1 Avg:77, SD:2, Max:82, Min:67
ATask2 Avg:0, SD:0, Max:0, Min:0
ATask3 Avg:23, SD:2, Max:33, Min:18
ACore Active Avg:100, SD:0, Max:100, Min:100
ARouter Active Avg:82, SD:13, Max:96, Min:30
T1 invocations: 3,159,240
T2 invocations: 0
T3 invocations: 94,660
T3b invocations: 92,772,405
Total3 invocations: 92,867,065
Total4 invocations: 0

T3/T2 ratio: inf
T3b/T3 ratio: 980

T1 avg ex cycles: 201
T2 avg ex cycles: -nan
T3&b avg ex cycles: 2
T4 avg ex cycles: -nan
Avg. hops NOC1: -nan
Avg. latency NOC1 (T2): -nan
Avg. hops NOC2: 13
Avg. latency NOC2 (T3): 3,315
Number of K Nodes Processed: 93,261
Number of K Edges Processed: 93,261
Node Re-explore factor: 22.24
Edge Re-explore factor: 0.73
Nodes/cy: 1,850
Edges/cy: 1,850
TEPS: 2,546

---Pcache---
Pcache Size: 16,384
Cached: 0
  PHits: 0
  PMisses: 0
  PHit Rate (hit/miss): -nan%
  PEvictions: 0
  PEviction Rate (evict/misses): -nan%

---Energy---
Leakage Energy (nJ): 56,179
PU Dyn E (nJ): 5,565,088
Mem Dyn E (nJ): 15,768,687
Route Dyn E (nJ): 6,959,125
Dynamic Energy (nJ): 28,292,899
Ratio of Dyn/Leak: 504
Total Energy (nJ): 28,349,078
Total Energy (nJ) 3D: 28,965,024
Cores Energy (nJ): 5,567,332
Route Energy (nJ): 6,960,417
Route Energy (nJ) 3D: 7,576,363
Mem Energy   (nJ): 15,821,329
Mem Energy   (nJ) 3D: 15,821,329
Avg. Power (mW): 562,470.55
Power Density (mW/mm2): 162.51

---Runtime---
Runtime in K cycles: 50.40
Microseconds: 50.40
Time per iteration (ms): 0.05

---Throughput---
GOP/s (aka OPS/ns): 16,214.80
GOP/s per core: 0.99
FLOP/s: 2,004.70
FLOP/s per core: 0.12
Max Peak FLOP/s: 16,384.00
Avg. BW GB/s: 61,011.34
Max BW GB/s: 65,536.00

---Traffic---
In-Die bisection_bytes BW (GB/s): 2,048.00
Inter-board traffic (msg/ns): 0.00, per-link: 0.00
Inter-pack traffic (msg/ns): 0.00, per-link: 0.00
Inter-die traffic (msg/ns): 0.00, per-link: 0.00
Ruche traffic (msg/ns): 0.00, per-link: 0.00
All traffic (msg/ns): 46,600.07, per-link: 2.84
Inter-die reduction wrt all: inf
Inter-board reduction wrt inter-die: -nan

---Data Movement---
All traffic (msg): 2,348,689,904
Arith. Intensity FLOP/Loads: 0.21
Arith. Intensity FLOP/Msgs: 0.04
Arith. Intensity GOPS/Loads: 0.00
Arith. Intensity GOPS/Msgs: 0.00



===Core Utilization Total=== CORE-S:5;; TIME K cy:50 ;; Nodes Proc: 11,658,393 -- Edges Proc: 0

===PRINTING FRAME STATS

FCollision In Avg:8, SD:3, Max:17, Min:0
FCollision Out Avg:0, SD:0, Max:1, Min:0
FCollision End Avg:0, SD:0, Max:0, Min:0
FTask1 Avg:76, SD:2, Max:82, Min:64
FTask2 Avg:0, SD:0, Max:0, Min:0
FTask3 Avg:24, SD:2, Max:36, Min:18
FCore Active Avg:100, SD:0, Max:100, Min:100
FRouter Active Avg:82, SD:13, Max:97, Min:29
T1 invocations: 155,004
T2 invocations: 0
T3 invocations: 16,559
T3b invocations: 4,883,862
Total3 invocations: 4,900,421
Total4 invocations: 0

T3/T2 ratio: inf
T3b/T3 ratio: 295

T1 avg ex cycles: 201
T2 avg ex cycles: -nan
T3&b avg ex cycles: 2
T4 avg ex cycles: -nan
Avg. hops NOC1: -nan
Avg. latency NOC1 (T2): -nan
Avg. hops NOC2: 12
Avg. latency NOC2 (T3): 3,442

===PRINTING ACUM STATS at pu_cycles: 60,401

ACollision In Avg:8, SD:3, Max:16, Min:0
ACollision Out Avg:0, SD:0, Max:1, Min:0
ACollision End Avg:0, SD:0, Max:0, Min:0
ATask1 Avg:77, SD:2, Max:82, Min:67
ATask2 Avg:0, SD:0, Max:0, Min:0
ATask3 Avg:23, SD:2, Max:33, Min:18
ACore Active Avg:100, SD:0, Max:100, Min:100
ARouter Active Avg:82, SD:13, Max:96, Min:30
T1 invocations: 3,779,226
T2 invocations: 0
T3 invocations: 162,092
T3b invocations: 112,304,750
Total3 invocations: 112,466,842
Total4 invocations: 0

T3/T2 ratio: inf
T3b/T3 ratio: 693

T1 avg ex cycles: 201
T2 avg ex cycles: -nan
T3&b avg ex cycles: 2
T4 avg ex cycles: -nan
Avg. hops NOC1: -nan
Avg. latency NOC1 (T2): -nan
Avg. hops NOC2: 12
Avg. latency NOC2 (T3): 3,338
Number of K Nodes Processed: 112,861
Number of K Edges Processed: 112,861
Node Re-explore factor: 26.91
Edge Re-explore factor: 0.88
Nodes/cy: 1,869
Edges/cy: 1,869
TEPS: 2,124

---Pcache---
Pcache Size: 16,384
Cached: 0
  PHits: 0
  PMisses: 0
  PHit Rate (hit/miss): -nan%
  PEvictions: 0
  PEviction Rate (evict/misses): -nan%

---Energy---
Leakage Energy (nJ): 67,326
PU Dyn E (nJ): 6,670,234
Mem Dyn E (nJ): 19,035,631
Route Dyn E (nJ): 8,317,540
Dynamic Energy (nJ): 34,023,405
Ratio of Dyn/Leak: 505
Total Energy (nJ): 34,090,731
Total Energy (nJ) 3D: 34,826,909
Cores Energy (nJ): 6,672,924
Route Energy (nJ): 8,319,088
Route Energy (nJ) 3D: 9,055,266
Mem Energy   (nJ): 19,098,719
Mem Energy   (nJ) 3D: 19,098,719
Avg. Power (mW): 564,406.72
Power Density (mW/mm2): 163.07

---Runtime---
Runtime in K cycles: 60.40
Microseconds: 60.40
Time per iteration (ms): 0.06

---Throughput---
GOP/s (aka OPS/ns): 16,232.13
GOP/s per core: 0.99
FLOP/s: 2,001.26
FLOP/s per core: 0.12
Max Peak FLOP/s: 16,384.00
Avg. BW GB/s: 61,449.00
Max BW GB/s: 65,536.00

---Traffic---
In-Die bisection_bytes BW (GB/s): 2,048.00
Inter-board traffic (msg/ns): 0.00, per-link: 0.00
Inter-pack traffic (msg/ns): 0.00, per-link: 0.00
Inter-die traffic (msg/ns): 0.00, per-link: 0.00
Ruche traffic (msg/ns): 0.00, per-link: 0.00
All traffic (msg/ns): 46,524.01, per-link: 2.84
Inter-die reduction wrt all: inf
Inter-board reduction wrt inter-die: -nan

---Data Movement---
All traffic (msg): 2,810,096,474
Arith. Intensity FLOP/Loads: 0.21
Arith. Intensity FLOP/Msgs: 0.04
Arith. Intensity GOPS/Loads: 0.00
Arith. Intensity GOPS/Msgs: 0.00



===Core Utilization Total=== CORE-S:6;; TIME K cy:60 ;; Nodes Proc: 14,108,872 -- Edges Proc: 0

===PRINTING FRAME STATS

FCollision In Avg:2, SD:1, Max:12, Min:0
FCollision Out Avg:0, SD:0, Max:0, Min:0
FCollision End Avg:0, SD:0, Max:0, Min:0
FTask1 Avg:29, SD:12, Max:88, Min:0
FTask2 Avg:0, SD:0, Max:0, Min:0
FTask3 Avg:19, SD:1, Max:36, Min:12
FCore Active Avg:48, SD:13, Max:100, Min:18
FRouter Active Avg:36, SD:7, Max:96, Min:8
T1 invocations: 59,156
T2 invocations: 0
T3 invocations: 459,262
T3b invocations: 3,497,238
Total3 invocations: 3,956,500
Total4 invocations: 0

T3/T2 ratio: inf
T3b/T3 ratio: 8

T1 avg ex cycles: 197
T2 avg ex cycles: -nan
T3&b avg ex cycles: 2
T4 avg ex cycles: -nan
Avg. hops NOC1: -nan
Avg. latency NOC1 (T2): -nan
Avg. hops NOC2: 6
Avg. latency NOC2 (T3): 6,034

===PRINTING ACUM STATS at pu_cycles: 70,250

ACollision In Avg:7, SD:3, Max:14, Min:0
ACollision Out Avg:0, SD:0, Max:1, Min:0
ACollision End Avg:0, SD:0, Max:0, Min:0
ATask1 Avg:70, SD:0, Max:70, Min:67
ATask2 Avg:0, SD:0, Max:0, Min:0
ATask3 Avg:22, SD:2, Max:33, Min:18
ACore Active Avg:93, SD:2, Max:100, Min:88
ARouter Active Avg:75, SD:12, Max:95, Min:27
T1 invocations: 4,015,697
T2 invocations: 0
T3 invocations: 1,999,313
T3b invocations: 126,283,043
Total3 invocations: 128,282,356
Total4 invocations: 0

T3/T2 ratio: inf
T3b/T3 ratio: 63

T1 avg ex cycles: 201
T2 avg ex cycles: -nan
T3&b avg ex cycles: 2
T4 avg ex cycles: -nan
Avg. hops NOC1: -nan
Avg. latency NOC1 (T2): -nan
Avg. hops NOC2: 12
Avg. latency NOC2 (T3): 3,669
Number of K Nodes Processed: 128,288
Number of K Edges Processed: 128,288
Node Re-explore factor: 30.59
Edge Re-explore factor: 1.00
Nodes/cy: 1,826
Edges/cy: 1,826
TEPS: 1,826

---Pcache---
Pcache Size: 16,384
Cached: 0
  PHits: 0
  PMisses: 0
  PHit Rate (hit/miss): -nan%
  PEvictions: 0
  PEviction Rate (evict/misses): -nan%

---Energy---
Leakage Energy (nJ): 78,304
PU Dyn E (nJ): 7,161,303
Mem Dyn E (nJ): 21,319,348
Route Dyn E (nJ): 8,778,383
Dynamic Energy (nJ): 37,259,034
Ratio of Dyn/Leak: 476
Total Energy (nJ): 37,337,338
Total Energy (nJ) 3D: 38,114,305
Cores Energy (nJ): 7,164,431
Route Energy (nJ): 8,780,184
Route Energy (nJ) 3D: 9,557,151
Mem Energy   (nJ): 21,392,723
Mem Energy   (nJ) 3D: 21,392,723
Avg. Power (mW): 531,492.35
Power Density (mW/mm2): 153.56

---Runtime---
Runtime in K cycles: 70.25
Microseconds: 70.25
Time per iteration (ms): 0.07

---Throughput---
GOP/s (aka OPS/ns): 15,067.70
GOP/s per core: 0.92
FLOP/s: 1,826.41
FLOP/s per core: 0.11
Max Peak FLOP/s: 16,384.00
Avg. BW GB/s: 59,123.24
Max BW GB/s: 65,536.00

---Traffic---
In-Die bisection_bytes BW (GB/s): 2,048.00
Inter-board traffic (msg/ns): 0.00, per-link: 0.00
Inter-pack traffic (msg/ns): 0.00, per-link: 0.00
Inter-die traffic (msg/ns): 0.00, per-link: 0.00
Ruche traffic (msg/ns): 0.00, per-link: 0.00
All traffic (msg/ns): 42,490.56, per-link: 2.59
Inter-die reduction wrt all: inf
Inter-board reduction wrt inter-die: -nan

---Data Movement---
All traffic (msg): 2,984,961,578
Arith. Intensity FLOP/Loads: 0.20
Arith. Intensity FLOP/Msgs: 0.04
Arith. Intensity GOPS/Loads: 0.00
Arith. Intensity GOPS/Msgs: 0.00



===Core Utilization Total=== CORE-S:7;; TIME K cy:70 ;; Nodes Proc: 16,037,266 -- Edges Proc: 0
======== IT IS COLD ======= Only 9 Tiles active
Epoch Done Router: 3
Epoch Done Router: 0
Epoch Done Router: 7
Epoch Done Router: 4
Epoch Done Router: 6
Epoch Done Router: 1
Epoch Done Router: 2
Epoch Done Router: 5
##EPOCH## 1 COMPLETED at Time (K cy): 71
Nodes processed until now: 128,311,468
Edges processed until now: 0
INIT epoch: 2
INIT epoch: 2
INIT epoch: 2
INIT epoch: 2
INIT epoch: 2
INIT epoch: 2
INIT epoch: 2
INIT epoch: 2

===PRINTING FRAME STATS

FCollision In Avg:83, SD:13, Max:214, Min:19
FCollision Out Avg:70, SD:20, Max:141, Min:11
FCollision End Avg:0, SD:0, Max:0, Min:0
FTask1 Avg:0, SD:0, Max:2, Min:0
FTask2 Avg:0, SD:0, Max:0, Min:0
FTask3 Avg:3, SD:2, Max:24, Min:0
FCore Active Avg:4, SD:4, Max:39, Min:1
FRouter Active Avg:48, SD:15, Max:80, Min:22
T1 invocations: 2
T2 invocations: 0
T3 invocations: 558,383
T3b invocations: 5,714
Total3 invocations: 564,097
Total4 invocations: 0

T3/T2 ratio: inf
T3b/T3 ratio: 0

T1 avg ex cycles: 125
T2 avg ex cycles: -nan
T3&b avg ex cycles: 2
T4 avg ex cycles: -nan
Avg. hops NOC1: -nan
Avg. latency NOC1 (T2): -nan
Avg. hops NOC2: 68
Avg. latency NOC2 (T3): 1,223

===PRINTING ACUM STATS at pu_cycles: 80,003

ACollision In Avg:17, SD:3, Max:32, Min:8
ACollision Out Avg:9, SD:2, Max:18, Min:1
ACollision End Avg:0, SD:0, Max:0, Min:0
ATask1 Avg:61, SD:0, Max:62, Min:61
ATask2 Avg:0, SD:0, Max:0, Min:0
ATask3 Avg:20, SD:2, Max:28, Min:16
ACore Active Avg:82, SD:2, Max:90, Min:78
ARouter Active Avg:72, SD:9, Max:84, Min:32
T1 invocations: 4,015,892
T2 invocations: 0
T3 invocations: 4,229,126
T3b invocations: 126,309,103
Total3 invocations: 130,538,229
Total4 invocations: 0

T3/T2 ratio: inf
T3b/T3 ratio: 30

T1 avg ex cycles: 201
T2 avg ex cycles: -nan
T3&b avg ex cycles: 2
T4 avg ex cycles: -nan
Avg. hops NOC1: -nan
Avg. latency NOC1 (T2): -nan
Avg. hops NOC2: 13
Avg. latency NOC2 (T3): 3,627
Number of K Nodes Processed: 130,538
Number of K Edges Processed: 130,538
Node Re-explore factor: 31.12
Edge Re-explore factor: 1.02
Nodes/cy: 1,632
Edges/cy: 1,632
TEPS: 1,604

---Pcache---
Pcache Size: 16,384
Cached: 0
  PHits: 0
  PMisses: 0
  PHit Rate (hit/miss): -nan%
  PEvictions: 0
  PEviction Rate (evict/misses): -nan%

---Energy---
Leakage Energy (nJ): 89,175
PU Dyn E (nJ): 7,182,146
Mem Dyn E (nJ): 21,601,761
Route Dyn E (nJ): 9,736,488
Dynamic Energy (nJ): 38,520,395
Ratio of Dyn/Leak: 432
Total Energy (nJ): 38,609,570
Total Energy (nJ) 3D: 39,471,337
Cores Energy (nJ): 7,185,708
Route Energy (nJ): 9,738,539
Route Energy (nJ) 3D: 10,600,307
Mem Energy   (nJ): 21,685,322
Mem Energy   (nJ) 3D: 21,685,322
Avg. Power (mW): 482,601.52
Power Density (mW/mm2): 139.43

---Runtime---
Runtime in K cycles: 80.00
Microseconds: 80.00
Time per iteration (ms): 0.08

---Throughput---
GOP/s (aka OPS/ns): 13,287.70
GOP/s per core: 0.81
FLOP/s: 1,603.83
FLOP/s per core: 0.10
Max Peak FLOP/s: 16,384.00
Avg. BW GB/s: 52,593.03
Max BW GB/s: 65,536.00

---Traffic---
In-Die bisection_bytes BW (GB/s): 2,048.00
Inter-board traffic (msg/ns): 0.00, per-link: 0.00
Inter-pack traffic (msg/ns): 0.00, per-link: 0.00
Inter-die traffic (msg/ns): 0.00, per-link: 0.00
Ruche traffic (msg/ns): 0.00, per-link: 0.00
All traffic (msg/ns): 41,089.22, per-link: 2.51
Inter-die reduction wrt all: inf
Inter-board reduction wrt inter-die: -nan

---Data Movement---
All traffic (msg): 3,287,260,606
Arith. Intensity FLOP/Loads: 0.20
Arith. Intensity FLOP/Msgs: 0.04
Arith. Intensity GOPS/Loads: 0.00
Arith. Intensity GOPS/Msgs: 0.00



===Core Utilization Total=== CORE-S:8;; TIME K cy:80 ;; Nodes Proc: 16,318,406 -- Edges Proc: 0

===PRINTING FRAME STATS

FCollision In Avg:104, SD:21, Max:298, Min:0
FCollision Out Avg:102, SD:30, Max:200, Min:9
FCollision End Avg:0, SD:0, Max:0, Min:0
FTask1 Avg:0, SD:0, Max:0, Min:0
FTask2 Avg:0, SD:0, Max:0, Min:0
FTask3 Avg:2, SD:3, Max:24, Min:0
FCore Active Avg:3, SD:5, Max:36, Min:0
FRouter Active Avg:37, SD:26, Max:100, Min:5
T1 invocations: 0
T2 invocations: 0
T3 invocations: 360,689
T3b invocations: 0
Total3 invocations: 360,689
Total4 invocations: 0

T3/T2 ratio: inf
T3b/T3 ratio: 0

T1 avg ex cycles: -nan
T2 avg ex cycles: -nan
T3&b avg ex cycles: 2
T4 avg ex cycles: -nan
Avg. hops NOC1: -nan
Avg. latency NOC1 (T2): -nan
Avg. hops NOC2: 62
Avg. latency NOC2 (T3): 2,747

===PRINTING ACUM STATS at pu_cycles: 90,003

ACollision In Avg:26, SD:4, Max:61, Min:7
ACollision Out Avg:19, SD:5, Max:38, Min:3
ACollision End Avg:0, SD:0, Max:0, Min:0
ATask1 Avg:55, SD:0, Max:55, Min:55
ATask2 Avg:0, SD:0, Max:0, Min:0
ATask3 Avg:18, SD:2, Max:26, Min:14
ACore Active Avg:73, SD:2, Max:82, Min:69
ARouter Active Avg:68, SD:7, Max:80, Min:37
T1 invocations: 4,015,892
T2 invocations: 0
T3 invocations: 5,666,304
T3b invocations: 126,309,103
Total3 invocations: 131,975,407
Total4 invocations: 0

T3/T2 ratio: inf
T3b/T3 ratio: 22

T1 avg ex cycles: 201
T2 avg ex cycles: -nan
T3&b avg ex cycles: 2
T4 avg ex cycles: -nan
Avg. hops NOC1: -nan
Avg. latency NOC1 (T2): -nan
Avg. hops NOC2: 13
Avg. latency NOC2 (T3): 3,617
Number of K Nodes Processed: 131,977
Number of K Edges Processed: 131,977
Node Re-explore factor: 31.47
Edge Re-explore factor: 1.03
Nodes/cy: 1,466
Edges/cy: 1,466
TEPS: 1,426

---Pcache---
Pcache Size: 16,384
Cached: 0
  PHits: 0
  PMisses: 0
  PHit Rate (hit/miss): -nan%
  PEvictions: 0
  PEviction Rate (evict/misses): -nan%

---Energy---
Leakage Energy (nJ): 100,321
PU Dyn E (nJ): 7,195,242
Mem Dyn E (nJ): 21,781,521
Route Dyn E (nJ): 10,335,802
Dynamic Energy (nJ): 39,312,565
Ratio of Dyn/Leak: 392
Total Energy (nJ): 39,412,886
Total Energy (nJ) 3D: 40,327,698
Cores Energy (nJ): 7,199,250
Route Energy (nJ): 10,338,109
Route Energy (nJ) 3D: 11,252,922
Mem Energy   (nJ): 21,875,527
Mem Energy   (nJ) 3D: 21,875,527
Avg. Power (mW): 437,906.36
Power Density (mW/mm2): 126.52

---Runtime---
Runtime in K cycles: 90.00
Microseconds: 90.00
Time per iteration (ms): 0.09

---Throughput---
GOP/s (aka OPS/ns): 11,843.28
GOP/s per core: 0.72
FLOP/s: 1,425.64
FLOP/s per core: 0.09
Max Peak FLOP/s: 16,384.00
Avg. BW GB/s: 47,132.79
Max BW GB/s: 65,536.00

---Traffic---
In-Die bisection_bytes BW (GB/s): 2,048.00
Inter-board traffic (msg/ns): 0.00, per-link: 0.00
Inter-pack traffic (msg/ns): 0.00, per-link: 0.00
Inter-die traffic (msg/ns): 0.00, per-link: 0.00
Ruche traffic (msg/ns): 0.00, per-link: 0.00
All traffic (msg/ns): 38,625.45, per-link: 2.36
Inter-die reduction wrt all: inf
Inter-board reduction wrt inter-die: -nan

---Data Movement---
All traffic (msg): 3,476,406,736
Arith. Intensity FLOP/Loads: 0.19
Arith. Intensity FLOP/Msgs: 0.04
Arith. Intensity GOPS/Loads: 0.00
Arith. Intensity GOPS/Msgs: 0.00



===Core Utilization Total=== CORE-S:9;; TIME K cy:90 ;; Nodes Proc: 16,497,141 -- Edges Proc: 0

===PRINTING FRAME STATS

FCollision In Avg:100, SD:18, Max:283, Min:0
FCollision Out Avg:87, SD:25, Max:197, Min:0
FCollision End Avg:0, SD:0, Max:0, Min:0
FTask1 Avg:0, SD:0, Max:0, Min:0
FTask2 Avg:0, SD:0, Max:0, Min:0
FTask3 Avg:3, SD:3, Max:24, Min:0
FCore Active Avg:4, SD:5, Max:41, Min:0
FRouter Active Avg:51, SD:26, Max:100, Min:7
T1 invocations: 0
T2 invocations: 0
T3 invocations: 560,662
T3b invocations: 0
Total3 invocations: 560,662
Total4 invocations: 0

T3/T2 ratio: inf
T3b/T3 ratio: 0

T1 avg ex cycles: -nan
T2 avg ex cycles: -nan
T3&b avg ex cycles: 2
T4 avg ex cycles: -nan
Avg. hops NOC1: -nan
Avg. latency NOC1 (T2): -nan
Avg. hops NOC2: 60
Avg. latency NOC2 (T3): 2,572

===PRINTING ACUM STATS at pu_cycles: 100,004

ACollision In Avg:34, SD:4, Max:73, Min:7
ACollision Out Avg:26, SD:6, Max:49, Min:4
ACollision End Avg:0, SD:0, Max:0, Min:0
ATask1 Avg:49, SD:0, Max:49, Min:49
ATask2 Avg:0, SD:0, Max:0, Min:0
ATask3 Avg:16, SD:2, Max:24, Min:13
ACore Active Avg:66, SD:2, Max:75, Min:62
ARouter Active Avg:66, SD:7, Max:81, Min:42
T1 invocations: 4,015,892
T2 invocations: 0
T3 invocations: 7,913,254
T3b invocations: 126,309,103
Total3 invocations: 134,222,357
Total4 invocations: 0

T3/T2 ratio: inf
T3b/T3 ratio: 16

T1 avg ex cycles: 201
T2 avg ex cycles: -nan
T3&b avg ex cycles: 2
T4 avg ex cycles: -nan
Avg. hops NOC1: -nan
Avg. latency NOC1 (T2): -nan
Avg. hops NOC2: 14
Avg. latency NOC2 (T3): 3,600
Number of K Nodes Processed: 134,222
Number of K Edges Processed: 134,222
Node Re-explore factor: 32.00
Edge Re-explore factor: 1.05
Nodes/cy: 1,342
Edges/cy: 1,342
TEPS: 1,283

---Pcache---
Pcache Size: 16,384
Cached: 0
  PHits: 0
  PMisses: 0
  PHit Rate (hit/miss): -nan%
  PEvictions: 0
  PEviction Rate (evict/misses): -nan%

---Energy---
Leakage Energy (nJ): 111,469
PU Dyn E (nJ): 7,215,718
Mem Dyn E (nJ): 22,062,566
Route Dyn E (nJ): 11,275,543
Dynamic Energy (nJ): 40,553,827
Ratio of Dyn/Leak: 364
Total Energy (nJ): 40,665,296
Total Energy (nJ) 3D: 41,663,284
Cores Energy (nJ): 7,220,171
Route Energy (nJ): 11,278,108
Route Energy (nJ) 3D: 12,276,096
Mem Energy   (nJ): 22,167,018
Mem Energy   (nJ) 3D: 22,167,018
Avg. Power (mW): 406,636.69
Power Density (mW/mm2): 117.48

---Runtime---
Runtime in K cycles: 100.00
Microseconds: 100.00
Time per iteration (ms): 0.10

---Throughput---
GOP/s (aka OPS/ns): 10,703.81
GOP/s per core: 0.65
FLOP/s: 1,283.06
FLOP/s per core: 0.08
Max Peak FLOP/s: 16,384.00
Avg. BW GB/s: 42,958.47
Max BW GB/s: 65,536.00

---Traffic---
In-Die bisection_bytes BW (GB/s): 2,048.00
Inter-board traffic (msg/ns): 0.00, per-link: 0.00
Inter-pack traffic (msg/ns): 0.00, per-link: 0.00
Inter-die traffic (msg/ns): 0.00, per-link: 0.00
Ruche traffic (msg/ns): 0.00, per-link: 0.00
All traffic (msg/ns): 37,728.30, per-link: 2.30
Inter-die reduction wrt all: inf
Inter-board reduction wrt inter-die: -nan

---Data Movement---
All traffic (msg): 3,772,980,470
Arith. Intensity FLOP/Loads: 0.19
Arith. Intensity FLOP/Msgs: 0.03
Arith. Intensity GOPS/Loads: 0.00
Arith. Intensity GOPS/Msgs: 0.00



===Core Utilization Total=== CORE-S:10;; TIME K cy:100 ;; Nodes Proc: 16,774,919 -- Edges Proc: 0

===PRINTING FRAME STATS

FCollision In Avg:95, SD:26, Max:280, Min:0
FCollision Out Avg:75, SD:27, Max:180, Min:0
FCollision End Avg:0, SD:0, Max:0, Min:0
FTask1 Avg:0, SD:0, Max:0, Min:0
FTask2 Avg:0, SD:0, Max:0, Min:0
FTask3 Avg:4, SD:3, Max:21, Min:0
FCore Active Avg:6, SD:6, Max:35, Min:0
FRouter Active Avg:69, SD:20, Max:101, Min:27
T1 invocations: 0
T2 invocations: 0
T3 invocations: 760,800
T3b invocations: 0
Total3 invocations: 760,800
Total4 invocations: 0

T3/T2 ratio: inf
T3b/T3 ratio: 0

T1 avg ex cycles: -nan
T2 avg ex cycles: -nan
T3&b avg ex cycles: 2
T4 avg ex cycles: -nan
Avg. hops NOC1: -nan
Avg. latency NOC1 (T2): -nan
Avg. hops NOC2: 65
Avg. latency NOC2 (T3): 1,897

===PRINTING ACUM STATS at pu_cycles: 110,003

ACollision In Avg:39, SD:4, Max:71, Min:7
ACollision Out Avg:30, SD:6, Max:52, Min:4
ACollision End Avg:0, SD:0, Max:0, Min:0
ATask1 Avg:45, SD:0, Max:45, Min:45
ATask2 Avg:0, SD:0, Max:0, Min:0
ATask3 Avg:15, SD:1, Max:22, Min:12
ACore Active Avg:60, SD:2, Max:68, Min:57
ARouter Active Avg:67, SD:7, Max:83, Min:46
T1 invocations: 4,015,892
T2 invocations: 0
T3 invocations: 10,972,314
T3b invocations: 126,309,103
Total3 invocations: 137,281,417
Total4 invocations: 0

T3/T2 ratio: inf
T3b/T3 ratio: 12

T1 avg ex cycles: 201
T2 avg ex cycles: -nan
T3&b avg ex cycles: 2
T4 avg ex cycles: -nan
Avg. hops NOC1: -nan
Avg. latency NOC1 (T2): -nan
Avg. hops NOC2: 15
Avg. latency NOC2 (T3): 3,562
Number of K Nodes Processed: 137,282
Number of K Edges Processed: 137,282
Node Re-explore factor: 32.73
Edge Re-explore factor: 1.07
Nodes/cy: 1,248
Edges/cy: 1,248
TEPS: 1,166

---Pcache---
Pcache Size: 16,384
Cached: 0
  PHits: 0
  PMisses: 0
  PHit Rate (hit/miss): -nan%
  PEvictions: 0
  PEviction Rate (evict/misses): -nan%

---Energy---
Leakage Energy (nJ): 122,614
PU Dyn E (nJ): 7,243,594
Mem Dyn E (nJ): 22,445,188
Route Dyn E (nJ): 12,554,361
Dynamic Energy (nJ): 42,243,144
Ratio of Dyn/Leak: 345
Total Energy (nJ): 42,365,758
Total Energy (nJ) 3D: 43,476,933
Cores Energy (nJ): 7,248,493
Route Energy (nJ): 12,557,182
Route Energy (nJ) 3D: 13,668,357
Mem Energy   (nJ): 22,560,084
Mem Energy   (nJ) 3D: 22,560,084
Avg. Power (mW): 385,132.75
Power Density (mW/mm2): 111.27

---Runtime---
Runtime in K cycles: 110.00
Microseconds: 110.00
Time per iteration (ms): 0.11

---Throughput---
GOP/s (aka OPS/ns): 9,786.48
GOP/s per core: 0.60
FLOP/s: 1,166.44
FLOP/s per core: 0.07
Max Peak FLOP/s: 16,384.00
Avg. BW GB/s: 39,721.07
Max BW GB/s: 65,536.00

---Traffic---
In-Die bisection_bytes BW (GB/s): 2,048.00
Inter-board traffic (msg/ns): 0.00, per-link: 0.00
Inter-pack traffic (msg/ns): 0.00, per-link: 0.00
Inter-die traffic (msg/ns): 0.00, per-link: 0.00
Ruche traffic (msg/ns): 0.00, per-link: 0.00
All traffic (msg/ns): 37,967.75, per-link: 2.32
Inter-die reduction wrt all: inf
Inter-board reduction wrt inter-die: -nan

---Data Movement---
All traffic (msg): 4,176,566,124
Arith. Intensity FLOP/Loads: 0.19
Arith. Intensity FLOP/Msgs: 0.03
Arith. Intensity GOPS/Loads: 0.00
Arith. Intensity GOPS/Msgs: 0.00



===Core Utilization Total=== CORE-S:11;; TIME K cy:110 ;; Nodes Proc: 17,152,018 -- Edges Proc: 0

===PRINTING FRAME STATS

FCollision In Avg:87, SD:34, Max:289, Min:0
FCollision Out Avg:69, SD:32, Max:184, Min:0
FCollision End Avg:0, SD:0, Max:0, Min:0
FTask1 Avg:0, SD:0, Max:0, Min:0
FTask2 Avg:0, SD:0, Max:0, Min:0
FTask3 Avg:4, SD:3, Max:19, Min:0
FCore Active Avg:6, SD:5, Max:36, Min:0
FRouter Active Avg:76, SD:19, Max:101, Min:30
T1 invocations: 0
T2 invocations: 0
T3 invocations: 859,017
T3b invocations: 0
Total3 invocations: 859,017
Total4 invocations: 0

T3/T2 ratio: inf
T3b/T3 ratio: 0

T1 avg ex cycles: -nan
T2 avg ex cycles: -nan
T3&b avg ex cycles: 2
T4 avg ex cycles: -nan
Avg. hops NOC1: -nan
Avg. latency NOC1 (T2): -nan
Avg. hops NOC2: 66
Avg. latency NOC2 (T3): 1,652

===PRINTING ACUM STATS at pu_cycles: 120,003

ACollision In Avg:43, SD:6, Max:73, Min:7
ACollision Out Avg:34, SD:8, Max:55, Min:3
ACollision End Avg:0, SD:0, Max:0, Min:0
ATask1 Avg:41, SD:0, Max:41, Min:41
ATask2 Avg:0, SD:0, Max:0, Min:0
ATask3 Avg:14, SD:1, Max:20, Min:11
ACore Active Avg:56, SD:2, Max:63, Min:52
ARouter Active Avg:67, SD:6, Max:82, Min:49
T1 invocations: 4,015,892
T2 invocations: 0
T3 invocations: 14,407,300
T3b invocations: 126,309,103
Total3 invocations: 140,716,403
Total4 invocations: 0

T3/T2 ratio: inf
T3b/T3 ratio: 9

T1 avg ex cycles: 201
T2 avg ex cycles: -nan
T3&b avg ex cycles: 2
T4 avg ex cycles: -nan
Avg. hops NOC1: -nan
Avg. latency NOC1 (T2): -nan
Avg. hops NOC2: 16
Avg. latency NOC2 (T3): 3,515
Number of K Nodes Processed: 140,717
Number of K Edges Processed: 140,717
Node Re-explore factor: 33.55
Edge Re-explore factor: 1.10
Nodes/cy: 1,173
Edges/cy: 1,173
TEPS: 1,069

---Pcache---
Pcache Size: 16,384
Cached: 0
  PHits: 0
  PMisses: 0
  PHit Rate (hit/miss): -nan%
  PEvictions: 0
  PEviction Rate (evict/misses): -nan%

---Energy---
Leakage Energy (nJ): 133,761
PU Dyn E (nJ): 7,274,896
Mem Dyn E (nJ): 22,874,831
Route Dyn E (nJ): 13,990,382
Dynamic Energy (nJ): 44,140,110
Ratio of Dyn/Leak: 330
Total Energy (nJ): 44,273,871
Total Energy (nJ) 3D: 45,512,147
Cores Energy (nJ): 7,280,240
Route Energy (nJ): 13,993,459
Route Energy (nJ) 3D: 15,231,735
Mem Energy   (nJ): 23,000,172
Mem Energy   (nJ) 3D: 23,000,172
Avg. Power (mW): 368,939.70
Power Density (mW/mm2): 106.59

---Runtime---
Runtime in K cycles: 120.00
Microseconds: 120.00
Time per iteration (ms): 0.12

---Throughput---
GOP/s (aka OPS/ns): 9,028.21
GOP/s per core: 0.55
FLOP/s: 1,069.24
FLOP/s per core: 0.07
Max Peak FLOP/s: 16,384.00
Avg. BW GB/s: 37,098.04
Max BW GB/s: 65,536.00

---Traffic---
In-Die bisection_bytes BW (GB/s): 2,048.00
Inter-board traffic (msg/ns): 0.00, per-link: 0.00
Inter-pack traffic (msg/ns): 0.00, per-link: 0.00
Inter-die traffic (msg/ns): 0.00, per-link: 0.00
Ruche traffic (msg/ns): 0.00, per-link: 0.00
All traffic (msg/ns): 38,580.40, per-link: 2.35
Inter-die reduction wrt all: inf
Inter-board reduction wrt inter-die: -nan

---Data Movement---
All traffic (msg): 4,629,763,822
Arith. Intensity FLOP/Loads: 0.19
Arith. Intensity FLOP/Msgs: 0.03
Arith. Intensity GOPS/Loads: 0.00
Arith. Intensity GOPS/Msgs: 0.00



===Core Utilization Total=== CORE-S:12;; TIME K cy:120 ;; Nodes Proc: 17,574,305 -- Edges Proc: 0

===PRINTING FRAME STATS

FCollision In Avg:78, SD:42, Max:250, Min:0
FCollision Out Avg:63, SD:28, Max:165, Min:0
FCollision End Avg:0, SD:0, Max:0, Min:0
FTask1 Avg:0, SD:0, Max:0, Min:0
FTask2 Avg:0, SD:0, Max:0, Min:0
FTask3 Avg:4, SD:3, Max:17, Min:0
FCore Active Avg:6, SD:5, Max:31, Min:0
FRouter Active Avg:75, SD:18, Max:100, Min:7
T1 invocations: 0
T2 invocations: 0
T3 invocations: 791,088
T3b invocations: 0
Total3 invocations: 791,088
Total4 invocations: 0

T3/T2 ratio: inf
T3b/T3 ratio: 0

T1 avg ex cycles: -nan
T2 avg ex cycles: -nan
T3&b avg ex cycles: 2
T4 avg ex cycles: -nan
Avg. hops NOC1: -nan
Avg. latency NOC1 (T2): -nan
Avg. hops NOC2: 70
Avg. latency NOC2 (T3): 1,609

===PRINTING ACUM STATS at pu_cycles: 130,004

ACollision In Avg:46, SD:7, Max:75, Min:6
ACollision Out Avg:36, SD:8, Max:56, Min:3
ACollision End Avg:0, SD:0, Max:0, Min:0
ATask1 Avg:38, SD:0, Max:38, Min:38
ATask2 Avg:0, SD:0, Max:0, Min:0
ATask3 Avg:14, SD:1, Max:19, Min:10
ACore Active Avg:52, SD:2, Max:58, Min:48
ARouter Active Avg:68, SD:6, Max:83, Min:48
T1 invocations: 4,015,892
T2 invocations: 0
T3 invocations: 17,579,740
T3b invocations: 126,309,103
Total3 invocations: 143,888,843
Total4 invocations: 0

T3/T2 ratio: inf
T3b/T3 ratio: 7

T1 avg ex cycles: 201
T2 avg ex cycles: -nan
T3&b avg ex cycles: 2
T4 avg ex cycles: -nan
Avg. hops NOC1: -nan
Avg. latency NOC1 (T2): -nan
Avg. hops NOC2: 18
Avg. latency NOC2 (T3): 3,472
Number of K Nodes Processed: 143,889
Number of K Edges Processed: 143,889
Node Re-explore factor: 34.31
Edge Re-explore factor: 1.12
Nodes/cy: 1,107
Edges/cy: 1,107
TEPS: 987

---Pcache---
Pcache Size: 16,384
Cached: 0
  PHits: 0
  PMisses: 0
  PHit Rate (hit/miss): -nan%
  PEvictions: 0
  PEviction Rate (evict/misses): -nan%

---Energy---
Leakage Energy (nJ): 144,908
PU Dyn E (nJ): 7,303,805
Mem Dyn E (nJ): 23,271,635
Route Dyn E (nJ): 15,315,270
Dynamic Energy (nJ): 45,890,711
Ratio of Dyn/Leak: 317
Total Energy (nJ): 46,035,619
Total Energy (nJ) 3D: 47,391,159
Cores Energy (nJ): 7,309,594
Route Energy (nJ): 15,318,603
Route Energy (nJ) 3D: 16,674,144
Mem Energy   (nJ): 23,407,421
Mem Energy   (nJ) 3D: 23,407,421
Avg. Power (mW): 354,109.25
Power Density (mW/mm2): 102.31

---Runtime---
Runtime in K cycles: 130.00
Microseconds: 130.00
Time per iteration (ms): 0.13

---Throughput---
GOP/s (aka OPS/ns): 8,382.49
GOP/s per core: 0.51
FLOP/s: 986.98
FLOP/s per core: 0.06
Max Peak FLOP/s: 16,384.00
Avg. BW GB/s: 34,829.81
Max BW GB/s: 65,536.00

---Traffic---
In-Die bisection_bytes BW (GB/s): 2,048.00
Inter-board traffic (msg/ns): 0.00, per-link: 0.00
Inter-pack traffic (msg/ns): 0.00, per-link: 0.00
Inter-die traffic (msg/ns): 0.00, per-link: 0.00
Ruche traffic (msg/ns): 0.00, per-link: 0.00
All traffic (msg/ns): 38,828.77, per-link: 2.37
Inter-die reduction wrt all: inf
Inter-board reduction wrt inter-die: -nan

---Data Movement---
All traffic (msg): 5,047,895,148
Arith. Intensity FLOP/Loads: 0.18
Arith. Intensity FLOP/Msgs: 0.03
Arith. Intensity GOPS/Loads: 0.00
Arith. Intensity GOPS/Msgs: 0.00



===Core Utilization Total=== CORE-S:13;; TIME K cy:130 ;; Nodes Proc: 17,966,126 -- Edges Proc: 0

===PRINTING FRAME STATS

FCollision In Avg:67, SD:46, Max:192, Min:0
FCollision Out Avg:56, SD:31, Max:160, Min:0
FCollision End Avg:0, SD:0, Max:0, Min:0
FTask1 Avg:0, SD:0, Max:0, Min:0
FTask2 Avg:0, SD:0, Max:0, Min:0
FTask3 Avg:4, SD:2, Max:13, Min:0
FCore Active Avg:6, SD:5, Max:26, Min:0
FRouter Active Avg:77, SD:19, Max:100, Min:6
T1 invocations: 0
T2 invocations: 0
T3 invocations: 764,362
T3b invocations: 0
Total3 invocations: 764,362
Total4 invocations: 0

T3/T2 ratio: inf
T3b/T3 ratio: 0

T1 avg ex cycles: -nan
T2 avg ex cycles: -nan
T3&b avg ex cycles: 2
T4 avg ex cycles: -nan
Avg. hops NOC1: -nan
Avg. latency NOC1 (T2): -nan
Avg. hops NOC2: 74
Avg. latency NOC2 (T3): 1,509

===PRINTING ACUM STATS at pu_cycles: 140,003

ACollision In Avg:47, SD:9, Max:77, Min:6
ACollision Out Avg:37, SD:9, Max:59, Min:3
ACollision End Avg:0, SD:0, Max:0, Min:0
ATask1 Avg:35, SD:0, Max:38, Min:35
ATask2 Avg:0, SD:0, Max:0, Min:0
ATask3 Avg:13, SD:1, Max:18, Min:10
ACore Active Avg:49, SD:1, Max:54, Min:45
ARouter Active Avg:69, SD:6, Max:83, Min:46
T1 invocations: 4,015,892
T2 invocations: 0
T3 invocations: 20,643,843
T3b invocations: 126,309,103
Total3 invocations: 146,952,946
Total4 invocations: 0

T3/T2 ratio: inf
T3b/T3 ratio: 6

T1 avg ex cycles: 201
T2 avg ex cycles: -nan
T3&b avg ex cycles: 2
T4 avg ex cycles: -nan
Avg. hops NOC1: -nan
Avg. latency NOC1 (T2): -nan
Avg. hops NOC2: 19
Avg. latency NOC2 (T3): 3,432
Number of K Nodes Processed: 146,958
Number of K Edges Processed: 146,958
Node Re-explore factor: 35.04
Edge Re-explore factor: 1.15
Nodes/cy: 1,050
Edges/cy: 1,050
TEPS: 916

---Pcache---
Pcache Size: 16,384
Cached: 0
  PHits: 0
  PMisses: 0
  PHit Rate (hit/miss): -nan%
  PEvictions: 0
  PEviction Rate (evict/misses): -nan%

---Energy---
Leakage Energy (nJ): 156,053
PU Dyn E (nJ): 7,331,727
Mem Dyn E (nJ): 23,654,888
Route Dyn E (nJ): 16,595,579
Dynamic Energy (nJ): 47,582,195
Ratio of Dyn/Leak: 305
Total Energy (nJ): 47,738,248
Total Energy (nJ) 3D: 49,207,107
Cores Energy (nJ): 7,337,962
Route Energy (nJ): 16,599,169
Route Energy (nJ) 3D: 18,068,028
Mem Energy   (nJ): 23,801,119
Mem Energy   (nJ) 3D: 23,801,119
Avg. Power (mW): 340,980.18
Power Density (mW/mm2): 98.51

---Runtime---
Runtime in K cycles: 140.00
Microseconds: 140.00
Time per iteration (ms): 0.14

---Throughput---
GOP/s (aka OPS/ns): 7,827.59
GOP/s per core: 0.48
FLOP/s: 916.49
FLOP/s per core: 0.06
Max Peak FLOP/s: 16,384.00
Avg. BW GB/s: 32,867.53
Max BW GB/s: 65,536.00

---Traffic---
In-Die bisection_bytes BW (GB/s): 2,048.00
Inter-board traffic (msg/ns): 0.00, per-link: 0.00
Inter-pack traffic (msg/ns): 0.00, per-link: 0.00
Inter-die traffic (msg/ns): 0.00, per-link: 0.00
Ruche traffic (msg/ns): 0.00, per-link: 0.00
All traffic (msg/ns): 38,941.70, per-link: 2.38
Inter-die reduction wrt all: inf
Inter-board reduction wrt inter-die: -nan

---Data Movement---
All traffic (msg): 5,451,954,334
Arith. Intensity FLOP/Loads: 0.18
Arith. Intensity FLOP/Msgs: 0.02
Arith. Intensity GOPS/Loads: 0.00
Arith. Intensity GOPS/Msgs: 0.00



===Core Utilization Total=== CORE-S:14;; TIME K cy:140 ;; Nodes Proc: 18,345,342 -- Edges Proc: 0
======== IT IS COLD ======= Only 603 Tiles active

===PRINTING FRAME STATS

FCollision In Avg:53, SD:48, Max:223, Min:0
FCollision Out Avg:44, SD:33, Max:138, Min:0
FCollision End Avg:0, SD:0, Max:0, Min:0
FTask1 Avg:0, SD:0, Max:0, Min:0
FTask2 Avg:0, SD:0, Max:0, Min:0
FTask3 Avg:4, SD:3, Max:15, Min:0
FCore Active Avg:6, SD:5, Max:27, Min:0
FRouter Active Avg:75, SD:22, Max:100, Min:4
T1 invocations: 0
T2 invocations: 0
T3 invocations: 792,821
T3b invocations: 0
Total3 invocations: 792,821
Total4 invocations: 0

T3/T2 ratio: inf
T3b/T3 ratio: 0

T1 avg ex cycles: -nan
T2 avg ex cycles: -nan
T3&b avg ex cycles: 2
T4 avg ex cycles: -nan
Avg. hops NOC1: -nan
Avg. latency NOC1 (T2): -nan
Avg. hops NOC2: 70
Avg. latency NOC2 (T3): 1,305

===PRINTING ACUM STATS at pu_cycles: 150,003

ACollision In Avg:48, SD:11, Max:79, Min:6
ACollision Out Avg:38, SD:10, Max:63, Min:3
ACollision End Avg:0, SD:0, Max:0, Min:0
ATask1 Avg:33, SD:0, Max:35, Min:33
ATask2 Avg:0, SD:0, Max:0, Min:0
ATask3 Avg:12, SD:1, Max:17, Min:10
ACore Active Avg:46, SD:1, Max:51, Min:43
ARouter Active Avg:69, SD:6, Max:81, Min:44
T1 invocations: 4,015,892
T2 invocations: 0
T3 invocations: 23,785,192
T3b invocations: 126,309,103
Total3 invocations: 150,094,295
Total4 invocations: 0

T3/T2 ratio: inf
T3b/T3 ratio: 5

T1 avg ex cycles: 201
T2 avg ex cycles: -nan
T3&b avg ex cycles: 2
T4 avg ex cycles: -nan
Avg. hops NOC1: -nan
Avg. latency NOC1 (T2): -nan
Avg. hops NOC2: 20
Avg. latency NOC2 (T3): 3,388
Number of K Nodes Processed: 150,139
Number of K Edges Processed: 150,139
Node Re-explore factor: 35.80
Edge Re-explore factor: 1.17
Nodes/cy: 1,001
Edges/cy: 1,001
TEPS: 855

---Pcache---
Pcache Size: 16,384
Cached: 0
  PHits: 0
  PMisses: 0
  PHit Rate (hit/miss): -nan%
  PEvictions: 0
  PEviction Rate (evict/misses): -nan%

---Energy---
Leakage Energy (nJ): 167,200
PU Dyn E (nJ): 7,360,353
Mem Dyn E (nJ): 24,047,803
Route Dyn E (nJ): 17,911,614
Dynamic Energy (nJ): 49,319,772
Ratio of Dyn/Leak: 295
Total Energy (nJ): 49,486,972
Total Energy (nJ) 3D: 51,072,312
Cores Energy (nJ): 7,367,033
Route Energy (nJ): 17,915,460
Route Energy (nJ) 3D: 19,500,801
Mem Energy   (nJ): 24,204,478
Mem Energy   (nJ) 3D: 24,204,478
Avg. Power (mW): 329,906.55
Power Density (mW/mm2): 95.31

---Runtime---
Runtime in K cycles: 150.00
Microseconds: 150.00
Time per iteration (ms): 0.15

---Throughput---
GOP/s (aka OPS/ns): 7,347.64
GOP/s per core: 0.45
FLOP/s: 855.39
FLOP/s per core: 0.05
Max Peak FLOP/s: 16,384.00
Avg. BW GB/s: 31,179.01
Max BW GB/s: 65,536.00

---Traffic---
In-Die bisection_bytes BW (GB/s): 2,048.00
Inter-board traffic (msg/ns): 0.00, per-link: 0.00
Inter-pack traffic (msg/ns): 0.00, per-link: 0.00
Inter-die traffic (msg/ns): 0.00, per-link: 0.00
Ruche traffic (msg/ns): 0.00, per-link: 0.00
All traffic (msg/ns): 39,114.37, per-link: 2.39
Inter-die reduction wrt all: inf
Inter-board reduction wrt inter-die: -nan

---Data Movement---
All traffic (msg): 5,867,272,166
Arith. Intensity FLOP/Loads: 0.18
Arith. Intensity FLOP/Msgs: 0.02
Arith. Intensity GOPS/Loads: 0.00
Arith. Intensity GOPS/Msgs: 0.00



===Core Utilization Total=== CORE-S:15;; TIME K cy:150 ;; Nodes Proc: 18,741,109 -- Edges Proc: 0
======== IT IS COLD ======= Only 239 Tiles active

===PRINTING FRAME STATS

FCollision In Avg:41, SD:50, Max:259, Min:0
FCollision Out Avg:44, SD:41, Max:175, Min:0
FCollision End Avg:0, SD:0, Max:0, Min:0
FTask1 Avg:0, SD:0, Max:0, Min:0
FTask2 Avg:0, SD:0, Max:0, Min:0
FTask3 Avg:3, SD:2, Max:13, Min:0
FCore Active Avg:4, SD:4, Max:26, Min:0
FRouter Active Avg:57, SD:25, Max:99, Min:3
T1 invocations: 0
T2 invocations: 0
T3 invocations: 612,975
T3b invocations: 0
Total3 invocations: 612,975
Total4 invocations: 0

T3/T2 ratio: inf
T3b/T3 ratio: 0

T1 avg ex cycles: -nan
T2 avg ex cycles: -nan
T3&b avg ex cycles: 2
T4 avg ex cycles: -nan
Avg. hops NOC1: -nan
Avg. latency NOC1 (T2): -nan
Avg. hops NOC2: 60
Avg. latency NOC2 (T3): 1,364

===PRINTING ACUM STATS at pu_cycles: 160,003

ACollision In Avg:47, SD:13, Max:77, Min:5
ACollision Out Avg:38, SD:12, Max:66, Min:3
ACollision End Avg:0, SD:0, Max:0, Min:0
ATask1 Avg:31, SD:0, Max:33, Min:31
ATask2 Avg:0, SD:0, Max:0, Min:0
ATask3 Avg:12, SD:1, Max:16, Min:9
ACore Active Avg:43, SD:1, Max:48, Min:40
ARouter Active Avg:68, SD:6, Max:80, Min:41
T1 invocations: 4,015,892
T2 invocations: 0
T3 invocations: 26,138,862
T3b invocations: 126,309,103
Total3 invocations: 152,447,965
Total4 invocations: 0

T3/T2 ratio: inf
T3b/T3 ratio: 5

T1 avg ex cycles: 201
T2 avg ex cycles: -nan
T3&b avg ex cycles: 2
T4 avg ex cycles: -nan
Avg. hops NOC1: -nan
Avg. latency NOC1 (T2): -nan
Avg. hops NOC2: 20
Avg. latency NOC2 (T3): 3,357
Number of K Nodes Processed: 152,585
Number of K Edges Processed: 152,585
Node Re-explore factor: 36.38
Edge Re-explore factor: 1.19
Nodes/cy: 954
Edges/cy: 954
TEPS: 802

---Pcache---
Pcache Size: 16,384
Cached: 0
  PHits: 0
  PMisses: 0
  PHit Rate (hit/miss): -nan%
  PEvictions: 0
  PEviction Rate (evict/misses): -nan%

---Energy---
Leakage Energy (nJ): 178,346
PU Dyn E (nJ): 7,381,801
Mem Dyn E (nJ): 24,342,197
Route Dyn E (nJ): 18,866,405
Dynamic Energy (nJ): 50,590,404
Ratio of Dyn/Leak: 284
Total Energy (nJ): 50,768,750
Total Energy (nJ) 3D: 52,438,598
Cores Energy (nJ): 7,388,926
Route Energy (nJ): 18,870,508
Route Energy (nJ) 3D: 20,540,356
Mem Energy   (nJ): 24,509,317
Mem Energy   (nJ) 3D: 24,509,317
Avg. Power (mW): 317,298.74
Power Density (mW/mm2): 91.67

---Runtime---
Runtime in K cycles: 160.00
Microseconds: 160.00
Time per iteration (ms): 0.16

---Throughput---
GOP/s (aka OPS/ns): 6,917.84
GOP/s per core: 0.42
FLOP/s: 801.93
FLOP/s per core: 0.05
Max Peak FLOP/s: 16,384.00
Avg. BW GB/s: 29,583.41
Max BW GB/s: 65,536.00

---Traffic---
In-Die bisection_bytes BW (GB/s): 2,048.00
Inter-board traffic (msg/ns): 0.00, per-link: 0.00
Inter-pack traffic (msg/ns): 0.00, per-link: 0.00
Inter-die traffic (msg/ns): 0.00, per-link: 0.00
Ruche traffic (msg/ns): 0.00, per-link: 0.00
All traffic (msg/ns): 38,553.88, per-link: 2.35
Inter-die reduction wrt all: inf
Inter-board reduction wrt inter-die: -nan

---Data Movement---
All traffic (msg): 6,168,736,662
Arith. Intensity FLOP/Loads: 0.18
Arith. Intensity FLOP/Msgs: 0.02
Arith. Intensity GOPS/Loads: 0.00
Arith. Intensity GOPS/Msgs: 0.00



===Core Utilization Total=== CORE-S:16;; TIME K cy:160 ;; Nodes Proc: 19,050,301 -- Edges Proc: 0
======== IT IS COLD ======= Only 54 Tiles active

===PRINTING FRAME STATS

FCollision In Avg:31, SD:45, Max:259, Min:0
FCollision Out Avg:30, SD:36, Max:194, Min:0
FCollision End Avg:0, SD:0, Max:0, Min:0
FTask1 Avg:0, SD:0, Max:0, Min:0
FTask2 Avg:0, SD:0, Max:0, Min:0
FTask3 Avg:3, SD:2, Max:13, Min:0
FCore Active Avg:4, SD:5, Max:27, Min:0
FRouter Active Avg:57, SD:29, Max:100, Min:4
T1 invocations: 0
T2 invocations: 0
T3 invocations: 603,352
T3b invocations: 0
Total3 invocations: 603,352
Total4 invocations: 0

T3/T2 ratio: inf
T3b/T3 ratio: 0

T1 avg ex cycles: -nan
T2 avg ex cycles: -nan
T3&b avg ex cycles: 2
T4 avg ex cycles: -nan
Avg. hops NOC1: -nan
Avg. latency NOC1 (T2): -nan
Avg. hops NOC2: 63
Avg. latency NOC2 (T3): 1,222

===PRINTING ACUM STATS at pu_cycles: 170,003

ACollision In Avg:46, SD:14, Max:77, Min:5
ACollision Out Avg:38, SD:13, Max:71, Min:2
ACollision End Avg:0, SD:0, Max:0, Min:0
ATask1 Avg:29, SD:0, Max:31, Min:29
ATask2 Avg:0, SD:0, Max:0, Min:0
ATask3 Avg:11, SD:1, Max:15, Min:9
ACore Active Avg:41, SD:1, Max:45, Min:38
ARouter Active Avg:68, SD:5, Max:79, Min:39
T1 invocations: 4,015,892
T2 invocations: 0
T3 invocations: 28,532,312
T3b invocations: 126,309,103
Total3 invocations: 154,841,415
Total4 invocations: 0

T3/T2 ratio: inf
T3b/T3 ratio: 4

T1 avg ex cycles: 201
T2 avg ex cycles: -nan
T3&b avg ex cycles: 2
T4 avg ex cycles: -nan
Avg. hops NOC1: -nan
Avg. latency NOC1 (T2): -nan
Avg. hops NOC2: 21
Avg. latency NOC2 (T3): 3,324
Number of K Nodes Processed: 154,994
Number of K Edges Processed: 154,994
Node Re-explore factor: 36.95
Edge Re-explore factor: 1.21
Nodes/cy: 912
Edges/cy: 912
TEPS: 755

---Pcache---
Pcache Size: 16,384
Cached: 0
  PHits: 0
  PMisses: 0
  PHit Rate (hit/miss): -nan%
  PEvictions: 0
  PEviction Rate (evict/misses): -nan%

---Energy---
Leakage Energy (nJ): 189,493
PU Dyn E (nJ): 7,403,612
Mem Dyn E (nJ): 24,641,566
Route Dyn E (nJ): 19,866,022
Dynamic Energy (nJ): 51,911,200
Ratio of Dyn/Leak: 274
Total Energy (nJ): 52,100,693
Total Energy (nJ) 3D: 53,859,017
Cores Energy (nJ): 7,411,182
Route Energy (nJ): 19,870,381
Route Energy (nJ) 3D: 21,628,704
Mem Energy   (nJ): 24,819,130
Mem Energy   (nJ) 3D: 24,819,130
Avg. Power (mW): 306,469.25
Power Density (mW/mm2): 88.54

---Runtime---
Runtime in K cycles: 170.00
Microseconds: 170.00
Time per iteration (ms): 0.17

---Throughput---
GOP/s (aka OPS/ns): 6,539.08
GOP/s per core: 0.40
FLOP/s: 754.76
FLOP/s per core: 0.05
Max Peak FLOP/s: 16,384.00
Avg. BW GB/s: 28,181.13
Max BW GB/s: 65,536.00

---Traffic---
In-Die bisection_bytes BW (GB/s): 2,048.00
Inter-board traffic (msg/ns): 0.00, per-link: 0.00
Inter-pack traffic (msg/ns): 0.00, per-link: 0.00
Inter-die traffic (msg/ns): 0.00, per-link: 0.00
Ruche traffic (msg/ns): 0.00, per-link: 0.00
All traffic (msg/ns): 38,141.76, per-link: 2.33
Inter-die reduction wrt all: inf
Inter-board reduction wrt inter-die: -nan

---Data Movement---
All traffic (msg): 6,484,213,058
Arith. Intensity FLOP/Loads: 0.18
Arith. Intensity FLOP/Msgs: 0.02
Arith. Intensity GOPS/Loads: 0.00
Arith. Intensity GOPS/Msgs: 0.00



===Core Utilization Total=== CORE-S:17;; TIME K cy:170 ;; Nodes Proc: 19,355,661 -- Edges Proc: 0
======== IT IS COLD ======= Only 57 Tiles active

===PRINTING FRAME STATS

FCollision In Avg:20, SD:37, Max:135, Min:0
FCollision Out Avg:17, SD:23, Max:137, Min:0
FCollision End Avg:0, SD:0, Max:0, Min:0
FTask1 Avg:0, SD:0, Max:0, Min:0
FTask2 Avg:0, SD:0, Max:0, Min:0
FTask3 Avg:3, SD:2, Max:10, Min:0
FCore Active Avg:4, SD:4, Max:24, Min:0
FRouter Active Avg:53, SD:32, Max:99, Min:2
T1 invocations: 0
T2 invocations: 0
T3 invocations: 531,461
T3b invocations: 0
Total3 invocations: 531,461
Total4 invocations: 0

T3/T2 ratio: inf
T3b/T3 ratio: 0

T1 avg ex cycles: -nan
T2 avg ex cycles: -nan
T3&b avg ex cycles: 2
T4 avg ex cycles: -nan
Avg. hops NOC1: -nan
Avg. latency NOC1 (T2): -nan
Avg. hops NOC2: 66
Avg. latency NOC2 (T3): 988

===PRINTING ACUM STATS at pu_cycles: 180,003

ACollision In Avg:45, SD:14, Max:77, Min:5
ACollision Out Avg:36, SD:13, Max:70, Min:2
ACollision End Avg:0, SD:0, Max:0, Min:0
ATask1 Avg:27, SD:0, Max:29, Min:27
ATask2 Avg:0, SD:0, Max:0, Min:0
ATask3 Avg:11, SD:1, Max:15, Min:9
ACore Active Avg:39, SD:1, Max:43, Min:37
ARouter Active Avg:67, SD:5, Max:79, Min:37
T1 invocations: 4,015,892
T2 invocations: 0
T3 invocations: 30,730,155
T3b invocations: 126,309,103
Total3 invocations: 157,039,258
Total4 invocations: 0

T3/T2 ratio: inf
T3b/T3 ratio: 4

T1 avg ex cycles: 201
T2 avg ex cycles: -nan
T3&b avg ex cycles: 2
T4 avg ex cycles: -nan
Avg. hops NOC1: -nan
Avg. latency NOC1 (T2): -nan
Avg. hops NOC2: 22
Avg. latency NOC2 (T3): 3,291
Number of K Nodes Processed: 157,118
Number of K Edges Processed: 157,118
Node Re-explore factor: 37.46
Edge Re-explore factor: 1.22
Nodes/cy: 873
Edges/cy: 873
TEPS: 713

---Pcache---
Pcache Size: 16,384
Cached: 0
  PHits: 0
  PMisses: 0
  PHit Rate (hit/miss): -nan%
  PEvictions: 0
  PEviction Rate (evict/misses): -nan%

---Energy---
Leakage Energy (nJ): 200,639
PU Dyn E (nJ): 7,423,640
Mem Dyn E (nJ): 24,916,469
Route Dyn E (nJ): 20,774,163
Dynamic Energy (nJ): 53,114,273
Ratio of Dyn/Leak: 265
Total Energy (nJ): 53,314,912
Total Energy (nJ) 3D: 55,153,614
Cores Energy (nJ): 7,431,656
Route Energy (nJ): 20,778,778
Route Energy (nJ) 3D: 22,617,480
Mem Energy   (nJ): 25,104,478
Mem Energy   (nJ) 3D: 25,104,478
Avg. Power (mW): 296,189.02
Power Density (mW/mm2): 85.57

---Runtime---
Runtime in K cycles: 180.00
Microseconds: 180.00
Time per iteration (ms): 0.18

---Throughput---
GOP/s (aka OPS/ns): 6,200.22
GOP/s per core: 0.38
FLOP/s: 712.83
FLOP/s per core: 0.04
Max Peak FLOP/s: 16,384.00
Avg. BW GB/s: 26,908.58
Max BW GB/s: 65,536.00

---Traffic---
In-Die bisection_bytes BW (GB/s): 2,048.00
Inter-board traffic (msg/ns): 0.00, per-link: 0.00
Inter-pack traffic (msg/ns): 0.00, per-link: 0.00
Inter-die traffic (msg/ns): 0.00, per-link: 0.00
Ruche traffic (msg/ns): 0.00, per-link: 0.00
All traffic (msg/ns): 37,615.30, per-link: 2.30
Inter-die reduction wrt all: inf
Inter-board reduction wrt inter-die: -nan

---Data Movement---
All traffic (msg): 6,770,866,778
Arith. Intensity FLOP/Loads: 0.17
Arith. Intensity FLOP/Msgs: 0.02
Arith. Intensity GOPS/Loads: 0.00
Arith. Intensity GOPS/Msgs: 0.00



===Core Utilization Total=== CORE-S:18;; TIME K cy:180 ;; Nodes Proc: 19,624,041 -- Edges Proc: 0
======== IT IS COLD ======= Only 42 Tiles active

===PRINTING FRAME STATS

FCollision In Avg:7, SD:23, Max:130, Min:0
FCollision Out Avg:6, SD:14, Max:74, Min:0
FCollision End Avg:0, SD:0, Max:0, Min:0
FTask1 Avg:0, SD:0, Max:0, Min:0
FTask2 Avg:0, SD:0, Max:0, Min:0
FTask3 Avg:2, SD:2, Max:11, Min:0
FCore Active Avg:2, SD:3, Max:24, Min:0
FRouter Active Avg:36, SD:29, Max:99, Min:2
T1 invocations: 0
T2 invocations: 0
T3 invocations: 342,337
T3b invocations: 0
Total3 invocations: 342,337
Total4 invocations: 0

T3/T2 ratio: inf
T3b/T3 ratio: 0

T1 avg ex cycles: -nan
T2 avg ex cycles: -nan
T3&b avg ex cycles: 2
T4 avg ex cycles: -nan
Avg. hops NOC1: -nan
Avg. latency NOC1 (T2): -nan
Avg. hops NOC2: 60
Avg. latency NOC2 (T3): 753

===PRINTING ACUM STATS at pu_cycles: 190,003

ACollision In Avg:43, SD:14, Max:79, Min:4
ACollision Out Avg:35, SD:13, Max:69, Min:2
ACollision End Avg:0, SD:0, Max:0, Min:0
ATask1 Avg:26, SD:0, Max:26, Min:26
ATask2 Avg:0, SD:0, Max:0, Min:0
ATask3 Avg:10, SD:1, Max:14, Min:8
ACore Active Avg:37, SD:1, Max:41, Min:35
ARouter Active Avg:65, SD:6, Max:76, Min:36
T1 invocations: 4,015,892
T2 invocations: 0
T3 invocations: 32,177,607
T3b invocations: 126,309,103
Total3 invocations: 158,486,710
Total4 invocations: 0

T3/T2 ratio: inf
T3b/T3 ratio: 4

T1 avg ex cycles: 201
T2 avg ex cycles: -nan
T3&b avg ex cycles: 2
T4 avg ex cycles: -nan
Avg. hops NOC1: -nan
Avg. latency NOC1 (T2): -nan
Avg. hops NOC2: 22
Avg. latency NOC2 (T3): 3,268
Number of K Nodes Processed: 158,486
Number of K Edges Processed: 158,486
Node Re-explore factor: 37.79
Edge Re-explore factor: 1.24
Nodes/cy: 834
Edges/cy: 834
TEPS: 675

---Pcache---
Pcache Size: 16,384
Cached: 0
  PHits: 0
  PMisses: 0
  PHit Rate (hit/miss): -nan%
  PEvictions: 0
  PEviction Rate (evict/misses): -nan%

---Energy---
Leakage Energy (nJ): 211,786
PU Dyn E (nJ): 7,436,830
Mem Dyn E (nJ): 25,097,514
Route Dyn E (nJ): 21,405,196
Dynamic Energy (nJ): 53,939,541
Ratio of Dyn/Leak: 255
Total Energy (nJ): 54,151,327
Total Energy (nJ) 3D: 56,045,881
Cores Energy (nJ): 7,445,291
Route Energy (nJ): 21,410,068
Route Energy (nJ) 3D: 23,304,622
Mem Energy   (nJ): 25,295,968
Mem Energy   (nJ) 3D: 25,295,968
Avg. Power (mW): 285,002.48
Power Density (mW/mm2): 82.34

---Runtime---
Runtime in K cycles: 190.00
Microseconds: 190.00
Time per iteration (ms): 0.19

---Throughput---
GOP/s (aka OPS/ns): 5,889.13
GOP/s per core: 0.36
FLOP/s: 675.31
FLOP/s per core: 0.04
Max Peak FLOP/s: 16,384.00
Avg. BW GB/s: 25,675.19
Max BW GB/s: 65,536.00

---Traffic---
In-Die bisection_bytes BW (GB/s): 2,048.00
Inter-board traffic (msg/ns): 0.00, per-link: 0.00
Inter-pack traffic (msg/ns): 0.00, per-link: 0.00
Inter-die traffic (msg/ns): 0.00, per-link: 0.00
Ruche traffic (msg/ns): 0.00, per-link: 0.00
All traffic (msg/ns): 36,683.06, per-link: 2.24
Inter-die reduction wrt all: inf
Inter-board reduction wrt inter-die: -nan

---Data Movement---
All traffic (msg): 6,969,892,134
Arith. Intensity FLOP/Loads: 0.17
Arith. Intensity FLOP/Msgs: 0.02
Arith. Intensity GOPS/Loads: 0.00
Arith. Intensity GOPS/Msgs: 0.00



===Core Utilization Total=== CORE-S:19;; TIME K cy:190 ;; Nodes Proc: 19,796,288 -- Edges Proc: 0
======== IT IS COLD ======= Only 25 Tiles active

===PRINTING FRAME STATS

FCollision In Avg:1, SD:5, Max:65, Min:0
FCollision Out Avg:0, SD:2, Max:16, Min:0
FCollision End Avg:0, SD:0, Max:0, Min:0
FTask1 Avg:0, SD:0, Max:0, Min:0
FTask2 Avg:0, SD:0, Max:0, Min:0
FTask3 Avg:1, SD:1, Max:5, Min:0
FCore Active Avg:1, SD:1, Max:16, Min:0
FRouter Active Avg:15, SD:15, Max:86, Min:0
T1 invocations: 0
T2 invocations: 0
T3 invocations: 132,742
T3b invocations: 0
Total3 invocations: 132,742
Total4 invocations: 0

T3/T2 ratio: inf
T3b/T3 ratio: 0

T1 avg ex cycles: -nan
T2 avg ex cycles: -nan
T3&b avg ex cycles: 2
T4 avg ex cycles: -nan
Avg. hops NOC1: -nan
Avg. latency NOC1 (T2): -nan
Avg. hops NOC2: 53
Avg. latency NOC2 (T3): 552

===PRINTING ACUM STATS at pu_cycles: 200,003

ACollision In Avg:41, SD:13, Max:77, Min:4
ACollision Out Avg:33, SD:12, Max:66, Min:2
ACollision End Avg:0, SD:0, Max:0, Min:0
ATask1 Avg:25, SD:0, Max:25, Min:25
ATask2 Avg:0, SD:0, Max:0, Min:0
ATask3 Avg:10, SD:1, Max:13, Min:8
ACore Active Avg:35, SD:1, Max:39, Min:33
ARouter Active Avg:63, SD:5, Max:74, Min:34
T1 invocations: 4,015,892
T2 invocations: 0
T3 invocations: 32,705,428
T3b invocations: 126,309,103
Total3 invocations: 159,014,531
Total4 invocations: 0

T3/T2 ratio: inf
T3b/T3 ratio: 4

T1 avg ex cycles: 201
T2 avg ex cycles: -nan
T3&b avg ex cycles: 2
T4 avg ex cycles: -nan
Avg. hops NOC1: -nan
Avg. latency NOC1 (T2): -nan
Avg. hops NOC2: 22
Avg. latency NOC2 (T3): 3,259
Number of K Nodes Processed: 159,014
Number of K Edges Processed: 159,014
Node Re-explore factor: 37.91
Edge Re-explore factor: 1.24
Nodes/cy: 795
Edges/cy: 795
TEPS: 642

---Pcache---
Pcache Size: 16,384
Cached: 0
  PHits: 0
  PMisses: 0
  PHit Rate (hit/miss): -nan%
  PEvictions: 0
  PEviction Rate (evict/misses): -nan%

---Energy---
Leakage Energy (nJ): 222,932
PU Dyn E (nJ): 7,441,640
Mem Dyn E (nJ): 25,163,533
Route Dyn E (nJ): 21,623,830
Dynamic Energy (nJ): 54,229,003
Ratio of Dyn/Leak: 243
Total Energy (nJ): 54,451,935
Total Energy (nJ) 3D: 56,365,841
Cores Energy (nJ): 7,450,546
Route Energy (nJ): 21,628,958
Route Energy (nJ) 3D: 23,542,863
Mem Energy   (nJ): 25,372,432
Mem Energy   (nJ) 3D: 25,372,432
Avg. Power (mW): 272,255.59
Power Density (mW/mm2): 78.66

---Runtime---
Runtime in K cycles: 200.00
Microseconds: 200.00
Time per iteration (ms): 0.20

---Throughput---
GOP/s (aka OPS/ns): 5,599.96
GOP/s per core: 0.34
FLOP/s: 641.55
FLOP/s per core: 0.04
Max Peak FLOP/s: 16,384.00
Avg. BW GB/s: 24,454.79
Max BW GB/s: 65,536.00

---Traffic---
In-Die bisection_bytes BW (GB/s): 2,048.00
Inter-board traffic (msg/ns): 0.00, per-link: 0.00
Inter-pack traffic (msg/ns): 0.00, per-link: 0.00
Inter-die traffic (msg/ns): 0.00, per-link: 0.00
Ruche traffic (msg/ns): 0.00, per-link: 0.00
All traffic (msg/ns): 35,193.98, per-link: 2.15
Inter-die reduction wrt all: inf
Inter-board reduction wrt inter-die: -nan

---Data Movement---
All traffic (msg): 7,038,901,042
Arith. Intensity FLOP/Loads: 0.17
Arith. Intensity FLOP/Msgs: 0.02
Arith. Intensity GOPS/Loads: 0.00
Arith. Intensity GOPS/Msgs: 0.00



===Core Utilization Total=== CORE-S:20;; TIME K cy:200 ;; Nodes Proc: 19,863,229 -- Edges Proc: 0
======== IT IS COLD ======= Only 4 Tiles active
Epoch Done Router: 7
Epoch Done Router: 5
Epoch Done Router: 6
Epoch Done Router: 1
Epoch Done Router: 4
Epoch Done Router: 0
Epoch Done Router: 2
Epoch Done Router: 3
##EPOCH## 2 COMPLETED at Time (K cy): 203
Nodes processed until now: 159,032,093
Edges processed until now: 0
Program Done Worker Thread: 0
Program Done Worker Thread: 3
Program Done Router Thread: 3
Program Done Router Thread: 6
Program Done Worker Thread: 1
Program Done Worker Thread: 2
Program Done Worker Thread: 7
Program Done Worker Thread: 6
Program Done Router Thread: 5
Program Done Worker Thread: 5
Program Done Router Thread: 7
Program Done Router Thread: 0
Program Done Router Thread: 1
Program Done Router Thread: 2
Program Done Router Thread: 4
Program Done Worker Thread: 4

===PRINTING ACUM STATS at pu_cycles: 203,660

ACollision In Avg:40, SD:13, Max:75, Min:4
ACollision Out Avg:33, SD:12, Max:65, Min:2
ACollision End Avg:0, SD:0, Max:0, Min:0
ATask1 Avg:24, SD:0, Max:24, Min:24
ATask2 Avg:0, SD:0, Max:0, Min:0
ATask3 Avg:10, SD:1, Max:13, Min:8
ACore Active Avg:35, SD:1, Max:38, Min:33
ARouter Active Avg:62, SD:5, Max:72, Min:33
T1 invocations: 4,015,892
T2 invocations: 0
T3 invocations: 32,722,990
T3b invocations: 126,309,103
Total3 invocations: 159,032,093
Total4 invocations: 0

T3/T2 ratio: inf
T3b/T3 ratio: 4

T1 avg ex cycles: 201
T2 avg ex cycles: -nan
T3&b avg ex cycles: 2
T4 avg ex cycles: -nan
Avg. hops NOC1: -nan
Avg. latency NOC1 (T2): -nan
Avg. hops NOC2: 22
Avg. latency NOC2 (T3): 3,259

Runtime at program end in K cycles: 203
Runtime before cooldown in K cycles: 130


Number of K Nodes Processed: 159,032
Number of K Edges Processed: 159,032
Node Re-explore factor: 37.92
Edge Re-explore factor: 1.24
Nodes/cy: 781
Edges/cy: 781
TEPS: 630

---Pcache---
Pcache Size: 16,384
Cached: 0
  PHits: 0
  PMisses: 0
  PHit Rate (hit/miss): -nan%
  PEvictions: 0
  PEviction Rate (evict/misses): -nan%

---Energy---
Leakage Energy (nJ): 227,008
PU Dyn E (nJ): 7,441,800
Mem Dyn E (nJ): 25,165,729
Route Dyn E (nJ): 21,631,017
Dynamic Energy (nJ): 54,238,547
Ratio of Dyn/Leak: 239
Total Energy (nJ): 54,465,555
Total Energy (nJ) 3D: 56,380,097
Cores Energy (nJ): 7,450,869
Route Energy (nJ): 21,636,238
Route Energy (nJ) 3D: 23,550,780
Mem Energy   (nJ): 25,378,448
Mem Energy   (nJ) 3D: 25,378,448
Avg. Power (mW): 267,433.74
Power Density (mW/mm2): 77.27

---Runtime---
Runtime in K cycles: 203.66
Microseconds: 203.66
Time per iteration (ms): 0.20

---Inst---
K Loads: 741,750
K Stores: 481,112
K Instructions: 1,120,043

---Throughput---
GOP/s (aka OPS/ns): 5,499.58
GOP/s per core: 0.34
FLOP/s: 630.03
FLOP/s per core: 0.04
Max Peak FLOP/s: 16,384.00
Avg. BW GB/s: 24,017.74
Max BW GB/s: 65,536.00

---Traffic---
In-Die bisection_bytes BW (GB/s): 2,048.00
Inter-board traffic (msg/ns): 0.00, per-link: 0.00
Inter-pack traffic (msg/ns): 0.00, per-link: 0.00
Inter-die traffic (msg/ns): 0.00, per-link: 0.00
Ruche traffic (msg/ns): 0.00, per-link: 0.00
All traffic (msg/ns): 34,573.16, per-link: 2.11
Inter-die reduction wrt all: inf
Inter-board reduction wrt inter-die: -nan

---Data Movement---
All traffic (msg): 7,041,169,938
Arith. Intensity FLOP/Loads: 0.17
Arith. Intensity FLOP/Msgs: 0.02
Arith. Intensity GOPS/Loads: 0.00
Arith. Intensity GOPS/Msgs: 0.00

Simulation time: 985.17
Sim noc_cy/s: 206.73
Sim Msg/s: 7,147,164.87

Version 31

