Dataset:  wikipedia/
Dry run: 0
Open Edge Count File succesfully
Edges Traversed BFS: 95554407
Found Vertices: 4210688, Edges: 101311613
avg degree 25
Array  wikipedia/node_array.bin found
Malloc array of size 16842756 bytes
Readin array of size 16825160 bytes
Finished Reading Array Bytes
No reordering Array 32bit
Array  wikipedia/edge_array.bin found
Malloc array of size 405246452 bytes
Readin array of size 405246452 bytes
Finished Reading Array Bytes
No reordering Array 32bit
Reading graph elapsed time: 0.126228s

Dataset Footprint: 403 MiB
Dataset Footprint per Board: 3380.61 Mb
Dataset injection time (ms): 0.051584
Max Dataset Footprint: 821 MiB

Dataset footprint per tile: 25 KiB
Proxys footprint per tile: 64 KiB
Reserved SRAM per tile: 7 KiB

Ideal SRAM per tile: 96 KiB
reserved_words_for_dataset:25855
dataset_words_per_tile:6448
remaining_sram_words:129278
min_dcache_sram_words_required:6448
dataset_words_per_tile:6448
min_pcache_sram_words_required:8
proxys_words_per_tile:16448
Dcache footprint ratio: 1
Pcache footprint ratio: 1
Dataset Cached: 0
DCache: 6448 words, lines: 403, sets: 403
Proxys Cached: 0
Pcache: 16448 words, sets: 16448
Node per tile: 257
Edge per tile: 6,184
GRID_X: 128
GRID_SIZE: 16,384
smt_per_tile: 1
noc_freq: 1
pu_freq: 1
RUCHE_X: 0
PROXY_W: 16
DIE_W: 128
DIE_H: 128
DIES: 1
BORDER_TILES_PER_DIE: 512
PACK_W: 128
PACK_H: 128
DIES_PACK_FACTOR: 1
DIES_PER_PACK: 1
PACKAGES: 1
BOARD_W: 128
BOARD_H: 128
BOARDS: 1
MUX_BUS: 1
DCACHE: 0
PCACHE: 1
PROXY_FACTOR: 8
CACHE_WAYS: 1
TORUS: 1
PHY_NOCS: 1
WIDE_NOC_ID: 0
NOC_CONF: 1
noc_width: 32
hbm_channel_bit_width: 512
ld_st_op_byte_width: 4
PROXY_ROUTING: 5
WRITE_THROUGH: 0
ASSERT_MODE: 0
GLOBAL_BARRIER: 2
OQ flits: 6 ; 32 ; 64
IQ flits: 6 ; 512 ; 1,024
OQ messages: 2 ; 16 ; 32
IQ messages: 2 ; 256 ; 512
max_task2 size: 64
io_factor_t2: 16
io_factor_t3: 16
io_factor_t3b: 16

Active SRAM Storage per tile: 96 KiB
Total SRAM Storage per tile: 512 KiB
Agreggated SRAM Storage: 8,192 MiB

Inter-Die #links: 4,096
Inter-Die (Gbits): 131,072
Inter-Die (Gbits/mm): 563.524
Bisection BW of Board (Gbits): 32,768
Border IO #Dies: 4
Border IO Die BW (Gbits): 16,384
Off-Board BW Total (Gbits): 65,536
Off-Board BW Density (Gbits/mm): 278
Die side: 58.15 mm
Die border wire density: 563.52 Gbits/mm
HBM wire density: 70.44 Gbits/mm

Tiles per Die: 16,384 (128x128)
Tile Area: 0.19 mm2, side: 0.44 mm
- Core/Rout Area: 0.05 mm2
- SRAM Area: 0.14 mm2
- SRAM/Logic Ratio: 2.80x

Dies per Package: 1 (1x1)
Die Area: 3,381.23 mm2, side: 58.15 mm
- Tiles Area: 3,191.28 mm2
- PHY Area: 189.96 mm2
- MC Area: 0.00 mm2

Packages per Board: 1 (1x1)
Package Area: 3,461.23 mm2, side: 58.83 mm
- IOdie Area: 80.00 mm2
- Dies Area: 3,381.23 mm2
- HBM Area: 0.00 mm2

Boards: 1 (1x1)
Board Area: 3,461.23 mm2
Total Area: 3,461.23 mm2



ESTIMATED COST OF SILICON AND PACKAGING. ONLY VARIABLE, NO FIXED COSTS
Good dies per wafer 3d: 5
Good dies per wafer 2d: 6
--Dies 3D Cost: 1,209.40 $
--Dies 2.5D Cost: 1,007.83 $
--Dies 2D Cost: 1,007.83 $
--HBM Cost: 60.00 $
--IOdie Cost: 8.44 $
--Packaging Cost 3d: 233.07 $
--Packaging Cost 2.5d: 505.18 $
--Packaging Cost 2d: 152.44 $
SiP Cost 3d: 1,510.91 $
SiP Cost 2.5d: 1,581.46 $
SiP Cost 2d: 1,168.71 $
--Board Cost: 3.46 $
Total SiPs Cost 3d: 1,514.37 $
Total SiPs Cost 2.5d: 1,584.92 $
Total SiPs Cost 2d: 1,172.18 $

Perf counters initialized
Mesh connected
Cache structures initialized
Allocated proxys
proxys initialized
Dataset structures initialized


Starting Simulation
INIT epoch: 1
INIT epoch: 1
INIT epoch: 1
INIT epoch: 1
INIT epoch: 1
INIT epoch: 1
INIT epoch: 1
INIT epoch: 1
INIT epoch: 1
INIT epoch: 1
INIT epoch: 1
INIT epoch: 1
INIT epoch: 1
INIT epoch: 1
INIT epoch: 1
INIT epoch: 1

===PRINTING FRAME STATS

FCollision In Avg:-nan, SD:-nan, Max:267, Min:0
FCollision Out Avg:-nan, SD:-nan, Max:100, Min:0
FCollision End Avg:-nan, SD:-nan, Max:47, Min:0
FTask1 Avg:-nan, SD:-nan, Max:100, Min:4
FTask2 Avg:-nan, SD:-nan, Max:0, Min:0
FTask3 Avg:-nan, SD:-nan, Max:94, Min:0
FCore Active Avg:-nan, SD:-nan, Max:100, Min:11
FRouter Active Avg:-nan, SD:-nan, Max:101, Min:21
T1 invocations: 175,782
T2 invocations: 0
T3 invocations: 162,882
T3b invocations: 3,177,073
Total3 invocations: 3,339,955
Total4 invocations: 0

T3/T2 ratio: inf
T3b/T3 ratio: 20

T1 avg ex cycles: 167
T2 avg ex cycles: -nan
T3&b avg ex cycles: 2
T4 avg ex cycles: -nan
Avg. hops NOC1: -nan
Avg. latency NOC1 (T2): -nan
Avg. hops NOC2: 16
Avg. latency NOC2 (T3): 1,934

===PRINTING ACUM STATS at pu_cycles: 10,401

ACollision In Avg:44, SD:42, Max:267, Min:0
ACollision Out Avg:24, SD:30, Max:100, Min:0
ACollision End Avg:0, SD:1, Max:47, Min:0
ATask1 Avg:71, SD:25, Max:100, Min:4
ATask2 Avg:0, SD:0, Max:0, Min:0
ATask3 Avg:16, SD:13, Max:94, Min:0
ACore Active Avg:87, SD:21, Max:100, Min:11
ARouter Active Avg:77, SD:16, Max:101, Min:21
T1 invocations: 642,907
T2 invocations: 0
T3 invocations: 688,514
T3b invocations: 11,532,454
Total3 invocations: 12,220,968
Total4 invocations: 0

T3/T2 ratio: inf
T3b/T3 ratio: 17

T1 avg ex cycles: 162
T2 avg ex cycles: -nan
T3&b avg ex cycles: 2
T4 avg ex cycles: -nan
Avg. hops NOC1: -nan
Avg. latency NOC1 (T2): -nan
Avg. hops NOC2: 15
Avg. latency NOC2 (T3): 1,680
Number of K Nodes Processed: 12,515
Number of K Edges Processed: 12,515
Node Re-explore factor: 2.97
Edge Re-explore factor: 0.12
Nodes/cy: 1,203
Edges/cy: 1,203
TEPS: 9,187

---Pcache---
Pcache Size: 16,448
Cached: 0
  PHits: 0
  PMisses: 0
  PHit Rate (hit/miss): -nan%
  PEvictions: 0
  PEviction Rate (evict/misses): -nan%

---Energy---
Leakage Energy (nJ): 10,954
PU Dyn E (nJ): 881,359
Mem Dyn E (nJ): 2,210,063
Route Dyn E (nJ): 1,082,661
Dynamic Energy (nJ): 4,174,083
Ratio of Dyn/Leak: 381
Total Energy (nJ): 4,185,037
Total Energy (nJ) 3D: 4,280,863
Cores Energy (nJ): 881,823
Route Energy (nJ): 1,082,928
Route Energy (nJ) 3D: 1,178,753
Mem Energy   (nJ): 2,220,287
Mem Energy   (nJ) 3D: 2,220,287
Avg. Power (mW): 402,368.75
Power Density (mW/mm2): 116.25

---Runtime---
Runtime in K cycles: 10.40
Microseconds: 10.40
Time per iteration (ms): 0.01

---Throughput---
GOP/s (aka OPS/ns): 12,296.51
GOP/s per core: 0.75
FLOP/s: 1,575.34
FLOP/s per core: 0.10
Max Peak FLOP/s: 16,384.00
Avg. BW GB/s: 41,544.00
Max BW GB/s: 65,536.00

---Traffic---
In-Die bisection_bytes BW (GB/s): 2,048.00
Inter-board traffic (msg/ns): 0.00, per-link: 0.00
Inter-pack traffic (msg/ns): 0.00, per-link: 0.00
Inter-die traffic (msg/ns): 0.00, per-link: 0.00
Ruche traffic (msg/ns): 0.00, per-link: 0.00
All traffic (msg/ns): 34,702.66, per-link: 2.12
Inter-die reduction wrt all: inf
Inter-board reduction wrt inter-die: -nan

---Data Movement---
All traffic (msg): 360,942,374
Arith. Intensity FLOP/Loads: 0.23
Arith. Intensity FLOP/Msgs: 0.05
Arith. Intensity OPS/Loads: 1.81
Arith. Intensity OPS/Msgs: 0.35



===Core Utilization Total=== CORE-S:1;; TIME K cy:10 ;; Nodes Proc: 782,879 -- Edges Proc: 0

===PRINTING FRAME STATS

FCollision In Avg:40, SD:42, Max:264, Min:0
FCollision Out Avg:22, SD:31, Max:131, Min:0
FCollision End Avg:0, SD:2, Max:125, Min:0
FTask1 Avg:67, SD:24, Max:100, Min:0
FTask2 Avg:0, SD:0, Max:0, Min:0
FTask3 Avg:21, SD:13, Max:100, Min:0
FCore Active Avg:88, SD:23, Max:100, Min:6
FRouter Active Avg:75, SD:17, Max:101, Min:20
T1 invocations: 161,782
T2 invocations: 0
T3 invocations: 203,497
T3b invocations: 4,041,506
Total3 invocations: 4,245,003
Total4 invocations: 0

T3/T2 ratio: inf
T3b/T3 ratio: 20

T1 avg ex cycles: 170
T2 avg ex cycles: -nan
T3&b avg ex cycles: 2
T4 avg ex cycles: -nan
Avg. hops NOC1: -nan
Avg. latency NOC1 (T2): -nan
Avg. hops NOC2: 12
Avg. latency NOC2 (T3): 2,881

===PRINTING ACUM STATS at pu_cycles: 20,401

ACollision In Avg:42, SD:41, Max:265, Min:0
ACollision Out Avg:23, SD:30, Max:102, Min:0
ACollision End Avg:0, SD:2, Max:86, Min:0
ATask1 Avg:69, SD:24, Max:100, Min:2
ATask2 Avg:0, SD:0, Max:0, Min:0
ATask3 Avg:18, SD:13, Max:97, Min:0
ACore Active Avg:88, SD:22, Max:100, Min:8
ARouter Active Avg:76, SD:16, Max:100, Min:21
T1 invocations: 1,238,604
T2 invocations: 0
T3 invocations: 1,478,087
T3b invocations: 25,659,211
Total3 invocations: 27,137,298
Total4 invocations: 0

T3/T2 ratio: inf
T3b/T3 ratio: 17

T1 avg ex cycles: 162
T2 avg ex cycles: -nan
T3&b avg ex cycles: 2
T4 avg ex cycles: -nan
Avg. hops NOC1: -nan
Avg. latency NOC1 (T2): -nan
Avg. hops NOC2: 13
Avg. latency NOC2 (T3): 2,212
Number of K Nodes Processed: 27,445
Number of K Edges Processed: 27,445
Node Re-explore factor: 6.52
Edge Re-explore factor: 0.27
Nodes/cy: 1,345
Edges/cy: 1,345
TEPS: 4,684

---Pcache---
Pcache Size: 16,448
Cached: 0
  PHits: 0
  PMisses: 0
  PHit Rate (hit/miss): -nan%
  PEvictions: 0
  PEviction Rate (evict/misses): -nan%

---Energy---
Leakage Energy (nJ): 21,486
PU Dyn E (nJ): 1,735,968
Mem Dyn E (nJ): 4,711,712
Route Dyn E (nJ): 2,091,893
Dynamic Energy (nJ): 8,539,574
Ratio of Dyn/Leak: 397
Total Energy (nJ): 8,561,060
Total Energy (nJ) 3D: 8,746,212
Cores Energy (nJ): 1,736,877
Route Energy (nJ): 2,092,417
Route Energy (nJ) 3D: 2,277,568
Mem Energy   (nJ): 4,731,767
Mem Energy   (nJ) 3D: 4,731,767
Avg. Power (mW): 419,639.25
Power Density (mW/mm2): 121.24

---Runtime---
Runtime in K cycles: 20.40
Microseconds: 20.40
Time per iteration (ms): 0.02

---Throughput---
GOP/s (aka OPS/ns): 12,463.82
GOP/s per core: 0.76
FLOP/s: 1,552.96
FLOP/s per core: 0.09
Max Peak FLOP/s: 16,384.00
Avg. BW GB/s: 45,076.87
Max BW GB/s: 65,536.00

---Traffic---
In-Die bisection_bytes BW (GB/s): 2,048.00
Inter-board traffic (msg/ns): 0.00, per-link: 0.00
Inter-pack traffic (msg/ns): 0.00, per-link: 0.00
Inter-die traffic (msg/ns): 0.00, per-link: 0.00
Ruche traffic (msg/ns): 0.00, per-link: 0.00
All traffic (msg/ns): 34,530.32, per-link: 2.11
Inter-die reduction wrt all: inf
Inter-board reduction wrt inter-die: -nan

---Data Movement---
All traffic (msg): 704,453,104
Arith. Intensity FLOP/Loads: 0.22
Arith. Intensity FLOP/Msgs: 0.04
Arith. Intensity OPS/Loads: 1.73
Arith. Intensity OPS/Msgs: 0.36



===Core Utilization Total=== CORE-S:2;; TIME K cy:20 ;; Nodes Proc: 1,692,439 -- Edges Proc: 0

===PRINTING FRAME STATS

FCollision In Avg:39, SD:42, Max:257, Min:0
FCollision Out Avg:21, SD:30, Max:156, Min:0
FCollision End Avg:0, SD:3, Max:140, Min:0
FTask1 Avg:67, SD:24, Max:99, Min:0
FTask2 Avg:0, SD:0, Max:0, Min:0
FTask3 Avg:21, SD:13, Max:100, Min:0
FCore Active Avg:88, SD:23, Max:100, Min:5
FRouter Active Avg:75, SD:17, Max:101, Min:20
T1 invocations: 160,887
T2 invocations: 0
T3 invocations: 214,578
T3b invocations: 4,077,548
Total3 invocations: 4,292,126
Total4 invocations: 0

T3/T2 ratio: inf
T3b/T3 ratio: 19

T1 avg ex cycles: 171
T2 avg ex cycles: -nan
T3&b avg ex cycles: 2
T4 avg ex cycles: -nan
Avg. hops NOC1: -nan
Avg. latency NOC1 (T2): -nan
Avg. hops NOC2: 12
Avg. latency NOC2 (T3): 3,052

===PRINTING ACUM STATS at pu_cycles: 30,401

ACollision In Avg:41, SD:41, Max:261, Min:0
ACollision Out Avg:23, SD:30, Max:120, Min:0
ACollision End Avg:0, SD:2, Max:104, Min:0
ATask1 Avg:69, SD:23, Max:98, Min:2
ATask2 Avg:0, SD:0, Max:0, Min:0
ATask3 Avg:19, SD:13, Max:98, Min:2
ACore Active Avg:88, SD:22, Max:100, Min:8
ARouter Active Avg:76, SD:16, Max:100, Min:21
T1 invocations: 1,833,066
T2 invocations: 0
T3 invocations: 2,327,764
T3b invocations: 40,049,200
Total3 invocations: 42,376,964
Total4 invocations: 0

T3/T2 ratio: inf
T3b/T3 ratio: 17

T1 avg ex cycles: 163
T2 avg ex cycles: -nan
T3&b avg ex cycles: 2
T4 avg ex cycles: -nan
Avg. hops NOC1: -nan
Avg. latency NOC1 (T2): -nan
Avg. hops NOC2: 12
Avg. latency NOC2 (T3): 2,432
Number of K Nodes Processed: 42,686
Number of K Edges Processed: 42,686
Node Re-explore factor: 10.14
Edge Re-explore factor: 0.42
Nodes/cy: 1,404
Edges/cy: 1,404
TEPS: 3,143

---Pcache---
Pcache Size: 16,448
Cached: 0
  PHits: 0
  PMisses: 0
  PHit Rate (hit/miss): -nan%
  PEvictions: 0
  PEviction Rate (evict/misses): -nan%

---Energy---
Leakage Energy (nJ): 32,018
PU Dyn E (nJ): 2,596,737
Mem Dyn E (nJ): 7,256,531
Route Dyn E (nJ): 3,102,734
Dynamic Energy (nJ): 12,956,002
Ratio of Dyn/Leak: 405
Total Energy (nJ): 12,988,020
Total Energy (nJ) 3D: 13,262,640
Cores Energy (nJ): 2,598,091
Route Energy (nJ): 3,103,513
Route Energy (nJ) 3D: 3,378,134
Mem Energy   (nJ): 7,286,416
Mem Energy   (nJ) 3D: 7,286,416
Avg. Power (mW): 427,223.46
Power Density (mW/mm2): 123.43

---Runtime---
Runtime in K cycles: 30.40
Microseconds: 30.40
Time per iteration (ms): 0.03

---Throughput---
GOP/s (aka OPS/ns): 12,556.13
GOP/s per core: 0.77
FLOP/s: 1,547.65
FLOP/s per core: 0.09
Max Peak FLOP/s: 16,384.00
Avg. BW GB/s: 46,559.14
Max BW GB/s: 65,536.00

---Traffic---
In-Die bisection_bytes BW (GB/s): 2,048.00
Inter-board traffic (msg/ns): 0.00, per-link: 0.00
Inter-pack traffic (msg/ns): 0.00, per-link: 0.00
Inter-die traffic (msg/ns): 0.00, per-link: 0.00
Ruche traffic (msg/ns): 0.00, per-link: 0.00
All traffic (msg/ns): 34,509.07, per-link: 2.11
Inter-die reduction wrt all: inf
Inter-board reduction wrt inter-die: -nan

---Data Movement---
All traffic (msg): 1,049,110,286
Arith. Intensity FLOP/Loads: 0.21
Arith. Intensity FLOP/Msgs: 0.04
Arith. Intensity OPS/Loads: 1.70
Arith. Intensity OPS/Msgs: 0.36



===Core Utilization Total=== CORE-S:3;; TIME K cy:30 ;; Nodes Proc: 2,609,474 -- Edges Proc: 0

===PRINTING FRAME STATS

FCollision In Avg:37, SD:41, Max:258, Min:0
FCollision Out Avg:20, SD:29, Max:155, Min:0
FCollision End Avg:0, SD:3, Max:147, Min:0
FTask1 Avg:68, SD:23, Max:100, Min:0
FTask2 Avg:0, SD:0, Max:0, Min:0
FTask3 Avg:21, SD:13, Max:100, Min:0
FCore Active Avg:89, SD:22, Max:100, Min:7
FRouter Active Avg:76, SD:17, Max:101, Min:20
T1 invocations: 161,130
T2 invocations: 0
T3 invocations: 230,980
T3b invocations: 4,141,209
Total3 invocations: 4,372,189
Total4 invocations: 0

T3/T2 ratio: inf
T3b/T3 ratio: 18

T1 avg ex cycles: 173
T2 avg ex cycles: -nan
T3&b avg ex cycles: 2
T4 avg ex cycles: -nan
Avg. hops NOC1: -nan
Avg. latency NOC1 (T2): -nan
Avg. hops NOC2: 12
Avg. latency NOC2 (T3): 3,126

===PRINTING ACUM STATS at pu_cycles: 40,401

ACollision In Avg:40, SD:41, Max:258, Min:0
ACollision Out Avg:22, SD:29, Max:129, Min:0
ACollision End Avg:0, SD:2, Max:115, Min:0
ATask1 Avg:68, SD:23, Max:97, Min:2
ATask2 Avg:0, SD:0, Max:0, Min:0
ATask3 Avg:20, SD:13, Max:98, Min:2
ACore Active Avg:88, SD:21, Max:100, Min:8
ARouter Active Avg:76, SD:16, Max:100, Min:21
T1 invocations: 2,422,904
T2 invocations: 0
T3 invocations: 3,205,832
T3b invocations: 54,418,415
Total3 invocations: 57,624,247
Total4 invocations: 0

T3/T2 ratio: inf
T3b/T3 ratio: 17

T1 avg ex cycles: 163
T2 avg ex cycles: -nan
T3&b avg ex cycles: 2
T4 avg ex cycles: -nan
Avg. hops NOC1: -nan
Avg. latency NOC1 (T2): -nan
Avg. hops NOC2: 12
Avg. latency NOC2 (T3): 2,555
Number of K Nodes Processed: 57,939
Number of K Edges Processed: 57,939
Node Re-explore factor: 13.76
Edge Re-explore factor: 0.57
Nodes/cy: 1,434
Edges/cy: 1,434
TEPS: 2,365

---Pcache---
Pcache Size: 16,448
Cached: 0
  PHits: 0
  PMisses: 0
  PHit Rate (hit/miss): -nan%
  PEvictions: 0
  PEviction Rate (evict/misses): -nan%

---Energy---
Leakage Energy (nJ): 42,550
PU Dyn E (nJ): 3,453,505
Mem Dyn E (nJ): 9,798,663
Route Dyn E (nJ): 4,109,854
Dynamic Energy (nJ): 17,362,023
Ratio of Dyn/Leak: 408
Total Energy (nJ): 17,404,573
Total Energy (nJ) 3D: 17,768,333
Cores Energy (nJ): 3,455,305
Route Energy (nJ): 4,110,890
Route Energy (nJ) 3D: 4,474,650
Mem Energy   (nJ): 9,838,379
Mem Energy   (nJ) 3D: 9,838,379
Avg. Power (mW): 430,795.61
Power Density (mW/mm2): 124.46

---Runtime---
Runtime in K cycles: 40.40
Microseconds: 40.40
Time per iteration (ms): 0.04

---Throughput---
GOP/s (aka OPS/ns): 12,589.48
GOP/s per core: 0.77
FLOP/s: 1,542.85
FLOP/s per core: 0.09
Max Peak FLOP/s: 16,384.00
Avg. BW GB/s: 47,293.83
Max BW GB/s: 65,536.00

---Traffic---
In-Die bisection_bytes BW (GB/s): 2,048.00
Inter-board traffic (msg/ns): 0.00, per-link: 0.00
Inter-pack traffic (msg/ns): 0.00, per-link: 0.00
Inter-die traffic (msg/ns): 0.00, per-link: 0.00
Ruche traffic (msg/ns): 0.00, per-link: 0.00
All traffic (msg/ns): 34,470.10, per-link: 2.10
Inter-die reduction wrt all: inf
Inter-board reduction wrt inter-die: -nan

---Data Movement---
All traffic (msg): 1,392,626,538
Arith. Intensity FLOP/Loads: 0.21
Arith. Intensity FLOP/Msgs: 0.04
Arith. Intensity OPS/Loads: 1.68
Arith. Intensity OPS/Msgs: 0.37



===Core Utilization Total=== CORE-S:4;; TIME K cy:40 ;; Nodes Proc: 3,533,181 -- Edges Proc: 0

===PRINTING FRAME STATS

FCollision In Avg:21, SD:29, Max:222, Min:0
FCollision Out Avg:10, SD:19, Max:105, Min:0
FCollision End Avg:0, SD:1, Max:67, Min:0
FTask1 Avg:57, SD:23, Max:100, Min:0
FTask2 Avg:0, SD:0, Max:0, Min:0
FTask3 Avg:21, SD:12, Max:100, Min:0
FCore Active Avg:78, SD:24, Max:100, Min:4
FRouter Active Avg:66, SD:20, Max:100, Min:5
T1 invocations: 130,993
T2 invocations: 0
T3 invocations: 299,226
T3b invocations: 3,978,600
Total3 invocations: 4,277,826
Total4 invocations: 0

T3/T2 ratio: inf
T3b/T3 ratio: 13

T1 avg ex cycles: 178
T2 avg ex cycles: -nan
T3&b avg ex cycles: 2
T4 avg ex cycles: -nan
Avg. hops NOC1: -nan
Avg. latency NOC1 (T2): -nan
Avg. hops NOC2: 10
Avg. latency NOC2 (T3): 3,227

===PRINTING ACUM STATS at pu_cycles: 50,401

ACollision In Avg:36, SD:37, Max:239, Min:0
ACollision Out Avg:20, SD:27, Max:124, Min:0
ACollision End Avg:0, SD:2, Max:105, Min:0
ATask1 Avg:66, SD:18, Max:80, Min:1
ATask2 Avg:0, SD:0, Max:0, Min:0
ATask3 Avg:20, SD:12, Max:98, Min:4
ACore Active Avg:86, SD:18, Max:100, Min:7
ARouter Active Avg:74, SD:16, Max:100, Min:18
T1 invocations: 2,931,776
T2 invocations: 0
T3 invocations: 4,271,548
T3b invocations: 68,505,409
Total3 invocations: 72,776,957
Total4 invocations: 0

T3/T2 ratio: inf
T3b/T3 ratio: 16

T1 avg ex cycles: 164
T2 avg ex cycles: -nan
T3&b avg ex cycles: 2
T4 avg ex cycles: -nan
Avg. hops NOC1: -nan
Avg. latency NOC1 (T2): -nan
Avg. hops NOC2: 12
Avg. latency NOC2 (T3): 2,638
Number of K Nodes Processed: 73,029
Number of K Edges Processed: 73,029
Node Re-explore factor: 17.34
Edge Re-explore factor: 0.72
Nodes/cy: 1,449
Edges/cy: 1,449
TEPS: 1,896

---Pcache---
Pcache Size: 16,448
Cached: 0
  PHits: 0
  PMisses: 0
  PHit Rate (hit/miss): -nan%
  PEvictions: 0
  PEviction Rate (evict/misses): -nan%

---Energy---
Leakage Energy (nJ): 53,082
PU Dyn E (nJ): 4,227,992
Mem Dyn E (nJ): 12,256,543
Route Dyn E (nJ): 4,965,332
Dynamic Energy (nJ): 21,449,867
Ratio of Dyn/Leak: 404
Total Energy (nJ): 21,502,949
Total Energy (nJ) 3D: 21,942,426
Cores Energy (nJ): 4,230,237
Route Energy (nJ): 4,966,624
Route Energy (nJ) 3D: 5,406,101
Mem Energy   (nJ): 12,306,089
Mem Energy   (nJ) 3D: 12,306,089
Avg. Power (mW): 426,637.36
Power Density (mW/mm2): 123.26

---Runtime---
Runtime in K cycles: 50.40
Microseconds: 50.40
Time per iteration (ms): 0.05

---Throughput---
GOP/s (aka OPS/ns): 12,387.93
GOP/s per core: 0.76
FLOP/s: 1,505.80
FLOP/s per core: 0.09
Max Peak FLOP/s: 16,384.00
Avg. BW GB/s: 47,399.42
Max BW GB/s: 65,536.00

---Traffic---
In-Die bisection_bytes BW (GB/s): 2,048.00
Inter-board traffic (msg/ns): 0.00, per-link: 0.00
Inter-pack traffic (msg/ns): 0.00, per-link: 0.00
Inter-die traffic (msg/ns): 0.00, per-link: 0.00
Ruche traffic (msg/ns): 0.00, per-link: 0.00
All traffic (msg/ns): 33,507.70, per-link: 2.05
Inter-die reduction wrt all: inf
Inter-board reduction wrt inter-die: -nan

---Data Movement---
All traffic (msg): 1,688,821,692
Arith. Intensity FLOP/Loads: 0.20
Arith. Intensity FLOP/Msgs: 0.04
Arith. Intensity OPS/Loads: 1.66
Arith. Intensity OPS/Msgs: 0.37



===Core Utilization Total=== CORE-S:5;; TIME K cy:50 ;; Nodes Proc: 4,456,017 -- Edges Proc: 0

===PRINTING FRAME STATS

FCollision In Avg:5, SD:13, Max:118, Min:0
FCollision Out Avg:2, SD:8, Max:84, Min:0
FCollision End Avg:0, SD:1, Max:48, Min:0
FTask1 Avg:31, SD:38, Max:100, Min:0
FTask2 Avg:0, SD:0, Max:0, Min:0
FTask3 Avg:12, SD:10, Max:100, Min:0
FCore Active Avg:44, SD:40, Max:100, Min:1
FRouter Active Avg:40, SD:25, Max:100, Min:1
T1 invocations: 67,285
T2 invocations: 0
T3 invocations: 190,839
T3b invocations: 2,282,540
Total3 invocations: 2,473,379
Total4 invocations: 0

T3/T2 ratio: inf
T3b/T3 ratio: 12

T1 avg ex cycles: 191
T2 avg ex cycles: -nan
T3&b avg ex cycles: 2
T4 avg ex cycles: -nan
Avg. hops NOC1: -nan
Avg. latency NOC1 (T2): -nan
Avg. hops NOC2: 9
Avg. latency NOC2 (T3): 2,692

===PRINTING ACUM STATS at pu_cycles: 60,402

ACollision In Avg:31, SD:32, Max:207, Min:0
ACollision Out Avg:17, SD:23, Max:116, Min:0
ACollision End Avg:0, SD:2, Max:87, Min:0
ATask1 Avg:60, SD:10, Max:68, Min:6
ATask2 Avg:0, SD:0, Max:0, Min:0
ATask3 Avg:19, SD:11, Max:94, Min:3
ACore Active Avg:79, SD:14, Max:100, Min:12
ARouter Active Avg:68, SD:16, Max:100, Min:15
T1 invocations: 3,260,547
T2 invocations: 0
T3 invocations: 5,032,417
T3b invocations: 78,212,204
Total3 invocations: 83,244,621
Total4 invocations: 0

T3/T2 ratio: inf
T3b/T3 ratio: 16

T1 avg ex cycles: 166
T2 avg ex cycles: -nan
T3&b avg ex cycles: 2
T4 avg ex cycles: -nan
Avg. hops NOC1: -nan
Avg. latency NOC1 (T2): -nan
Avg. hops NOC2: 11
Avg. latency NOC2 (T3): 2,613
Number of K Nodes Processed: 83,418
Number of K Edges Processed: 83,418
Node Re-explore factor: 19.81
Edge Re-explore factor: 0.82
Nodes/cy: 1,381
Edges/cy: 1,381
TEPS: 1,582

---Pcache---
Pcache Size: 16,448
Cached: 0
  PHits: 0
  PMisses: 0
  PHit Rate (hit/miss): -nan%
  PEvictions: 0
  PEviction Rate (evict/misses): -nan%

---Energy---
Leakage Energy (nJ): 63,616
PU Dyn E (nJ): 4,771,377
Mem Dyn E (nJ): 13,960,979
Route Dyn E (nJ): 5,529,637
Dynamic Energy (nJ): 24,261,995
Ratio of Dyn/Leak: 381
Total Energy (nJ): 24,325,611
Total Energy (nJ) 3D: 24,815,034
Cores Energy (nJ): 4,774,067
Route Energy (nJ): 5,531,186
Route Energy (nJ) 3D: 6,020,610
Mem Energy   (nJ): 14,020,357
Mem Energy   (nJ) 3D: 14,020,357
Avg. Power (mW): 402,728.56
Power Density (mW/mm2): 116.35

---Runtime---
Runtime in K cycles: 60.40
Microseconds: 60.40
Time per iteration (ms): 0.06

---Throughput---
GOP/s (aka OPS/ns): 11,677.50
GOP/s per core: 0.71
FLOP/s: 1,414.91
FLOP/s per core: 0.09
Max Peak FLOP/s: 16,384.00
Avg. BW GB/s: 45,043.30
Max BW GB/s: 65,536.00

---Traffic---
In-Die bisection_bytes BW (GB/s): 2,048.00
Inter-board traffic (msg/ns): 0.00, per-link: 0.00
Inter-pack traffic (msg/ns): 0.00, per-link: 0.00
Inter-die traffic (msg/ns): 0.00, per-link: 0.00
Ruche traffic (msg/ns): 0.00, per-link: 0.00
All traffic (msg/ns): 31,210.03, per-link: 1.90
Inter-die reduction wrt all: inf
Inter-board reduction wrt inter-die: -nan

---Data Movement---
All traffic (msg): 1,885,148,116
Arith. Intensity FLOP/Loads: 0.20
Arith. Intensity FLOP/Msgs: 0.05
Arith. Intensity OPS/Loads: 1.65
Arith. Intensity OPS/Msgs: 0.37



===Core Utilization Total=== CORE-S:6;; TIME K cy:60 ;; Nodes Proc: 5,132,592 -- Edges Proc: 0

===PRINTING FRAME STATS

FCollision In Avg:2, SD:7, Max:105, Min:0
FCollision Out Avg:0, SD:3, Max:65, Min:0
FCollision End Avg:0, SD:0, Max:0, Min:0
FTask1 Avg:18, SD:34, Max:100, Min:0
FTask2 Avg:0, SD:0, Max:0, Min:0
FTask3 Avg:7, SD:7, Max:80, Min:0
FCore Active Avg:24, SD:36, Max:100, Min:0
FRouter Active Avg:24, SD:23, Max:101, Min:0
T1 invocations: 37,246
T2 invocations: 0
T3 invocations: 95,293
T3b invocations: 1,261,378
Total3 invocations: 1,356,671
Total4 invocations: 0

T3/T2 ratio: inf
T3b/T3 ratio: 13

T1 avg ex cycles: 195
T2 avg ex cycles: -nan
T3&b avg ex cycles: 2
T4 avg ex cycles: -nan
Avg. hops NOC1: -nan
Avg. latency NOC1 (T2): -nan
Avg. hops NOC2: 9
Avg. latency NOC2 (T3): 2,658

===PRINTING ACUM STATS at pu_cycles: 70,400

ACollision In Avg:27, SD:28, Max:179, Min:0
ACollision Out Avg:14, SD:20, Max:99, Min:0
ACollision End Avg:0, SD:2, Max:75, Min:0
ATask1 Avg:54, SD:5, Max:58, Min:8
ATask2 Avg:0, SD:0, Max:0, Min:0
ATask3 Avg:17, SD:10, Max:92, Min:3
ACore Active Avg:71, SD:10, Max:100, Min:18
ARouter Active Avg:62, SD:16, Max:99, Min:13
T1 invocations: 3,489,873
T2 invocations: 0
T3 invocations: 5,533,090
T3b invocations: 85,208,991
Total3 invocations: 90,742,081
Total4 invocations: 0

T3/T2 ratio: inf
T3b/T3 ratio: 15

T1 avg ex cycles: 168
T2 avg ex cycles: -nan
T3&b avg ex cycles: 2
T4 avg ex cycles: -nan
Avg. hops NOC1: -nan
Avg. latency NOC1 (T2): -nan
Avg. hops NOC2: 11
Avg. latency NOC2 (T3): 2,605
Number of K Nodes Processed: 90,872
Number of K Edges Processed: 90,872
Node Re-explore factor: 21.58
Edge Re-explore factor: 0.90
Nodes/cy: 1,291
Edges/cy: 1,291
TEPS: 1,357

---Pcache---
Pcache Size: 16,448
Cached: 0
  PHits: 0
  PMisses: 0
  PHit Rate (hit/miss): -nan%
  PEvictions: 0
  PEviction Rate (evict/misses): -nan%

---Energy---
Leakage Energy (nJ): 74,146
PU Dyn E (nJ): 5,164,437
Mem Dyn E (nJ): 15,184,915
Route Dyn E (nJ): 5,928,974
Dynamic Energy (nJ): 26,278,327
Ratio of Dyn/Leak: 354
Total Energy (nJ): 26,352,473
Total Energy (nJ) 3D: 26,877,241
Cores Energy (nJ): 5,167,572
Route Energy (nJ): 5,930,780
Route Energy (nJ) 3D: 6,455,548
Mem Energy   (nJ): 15,254,121
Mem Energy   (nJ) 3D: 15,254,121
Avg. Power (mW): 374,324.89
Power Density (mW/mm2): 108.15

---Runtime---
Runtime in K cycles: 70.40
Microseconds: 70.40
Time per iteration (ms): 0.07

---Throughput---
GOP/s (aka OPS/ns): 10,849.94
GOP/s per core: 0.66
FLOP/s: 1,312.61
FLOP/s per core: 0.08
Max Peak FLOP/s: 16,384.00
Avg. BW GB/s: 42,030.51
Max BW GB/s: 65,536.00

---Traffic---
In-Die bisection_bytes BW (GB/s): 2,048.00
Inter-board traffic (msg/ns): 0.00, per-link: 0.00
Inter-pack traffic (msg/ns): 0.00, per-link: 0.00
Inter-die traffic (msg/ns): 0.00, per-link: 0.00
Ruche traffic (msg/ns): 0.00, per-link: 0.00
All traffic (msg/ns): 28,753.70, per-link: 1.75
Inter-die reduction wrt all: inf
Inter-board reduction wrt inter-die: -nan

---Data Movement---
All traffic (msg): 2,024,260,438
Arith. Intensity FLOP/Loads: 0.20
Arith. Intensity FLOP/Msgs: 0.05
Arith. Intensity OPS/Loads: 1.65
Arith. Intensity OPS/Msgs: 0.38



===Core Utilization Total=== CORE-S:7;; TIME K cy:70 ;; Nodes Proc: 5,647,315 -- Edges Proc: 0
======== IT IS COLD ======= Only 387 Tiles active

===PRINTING FRAME STATS

FCollision In Avg:1, SD:5, Max:97, Min:0
FCollision Out Avg:0, SD:3, Max:66, Min:0
FCollision End Avg:0, SD:0, Max:0, Min:0
FTask1 Avg:9, SD:25, Max:100, Min:0
FTask2 Avg:0, SD:0, Max:0, Min:0
FTask3 Avg:4, SD:5, Max:78, Min:0
FCore Active Avg:12, SD:27, Max:100, Min:0
FRouter Active Avg:12, SD:17, Max:100, Min:0
T1 invocations: 18,247
T2 invocations: 0
T3 invocations: 49,220
T3b invocations: 667,535
Total3 invocations: 716,755
Total4 invocations: 0

T3/T2 ratio: inf
T3b/T3 ratio: 14

T1 avg ex cycles: 194
T2 avg ex cycles: -nan
T3&b avg ex cycles: 2
T4 avg ex cycles: -nan
Avg. hops NOC1: -nan
Avg. latency NOC1 (T2): -nan
Avg. hops NOC2: 8
Avg. latency NOC2 (T3): 3,405

===PRINTING ACUM STATS at pu_cycles: 80,400

ACollision In Avg:24, SD:25, Max:157, Min:0
ACollision Out Avg:12, SD:17, Max:87, Min:0
ACollision End Avg:0, SD:1, Max:66, Min:0
ATask1 Avg:49, SD:2, Max:51, Min:13
ATask2 Avg:0, SD:0, Max:0, Min:0
ATask3 Avg:15, SD:9, Max:87, Min:3
ACore Active Avg:64, SD:9, Max:100, Min:25
ARouter Active Avg:55, SD:15, Max:99, Min:12
T1 invocations: 3,642,879
T2 invocations: 0
T3 invocations: 5,876,605
T3b invocations: 90,211,666
Total3 invocations: 96,088,271
Total4 invocations: 0

T3/T2 ratio: inf
T3b/T3 ratio: 15

T1 avg ex cycles: 169
T2 avg ex cycles: -nan
T3&b avg ex cycles: 2
T4 avg ex cycles: -nan
Avg. hops NOC1: -nan
Avg. latency NOC1 (T2): -nan
Avg. hops NOC2: 11
Avg. latency NOC2 (T3): 2,624
Number of K Nodes Processed: 96,174
Number of K Edges Processed: 96,174
Node Re-explore factor: 22.84
Edge Re-explore factor: 0.95
Nodes/cy: 1,196
Edges/cy: 1,196
TEPS: 1,188

---Pcache---
Pcache Size: 16,448
Cached: 0
  PHits: 0
  PMisses: 0
  PHit Rate (hit/miss): -nan%
  PEvictions: 0
  PEviction Rate (evict/misses): -nan%

---Energy---
Leakage Energy (nJ): 84,678
PU Dyn E (nJ): 5,431,088
Mem Dyn E (nJ): 16,045,630
Route Dyn E (nJ): 6,193,697
Dynamic Energy (nJ): 27,670,416
Ratio of Dyn/Leak: 327
Total Energy (nJ): 27,755,094
Total Energy (nJ) 3D: 28,303,293
Cores Energy (nJ): 5,434,668
Route Energy (nJ): 6,195,759
Route Energy (nJ) 3D: 6,743,958
Mem Energy   (nJ): 16,124,667
Mem Energy   (nJ) 3D: 16,124,667
Avg. Power (mW): 345,212.61
Power Density (mW/mm2): 99.74

---Runtime---
Runtime in K cycles: 80.40
Microseconds: 80.40
Time per iteration (ms): 0.08

---Throughput---
GOP/s (aka OPS/ns): 9,996.46
GOP/s per core: 0.61
FLOP/s: 1,207.32
FLOP/s per core: 0.07
Max Peak FLOP/s: 16,384.00
Avg. BW GB/s: 38,885.31
Max BW GB/s: 65,536.00

---Traffic---
In-Die bisection_bytes BW (GB/s): 2,048.00
Inter-board traffic (msg/ns): 0.00, per-link: 0.00
Inter-pack traffic (msg/ns): 0.00, per-link: 0.00
Inter-die traffic (msg/ns): 0.00, per-link: 0.00
Ruche traffic (msg/ns): 0.00, per-link: 0.00
All traffic (msg/ns): 26,333.72, per-link: 1.61
Inter-die reduction wrt all: inf
Inter-board reduction wrt inter-die: -nan

---Data Movement---
All traffic (msg): 2,117,231,004
Arith. Intensity FLOP/Loads: 0.20
Arith. Intensity FLOP/Msgs: 0.05
Arith. Intensity OPS/Loads: 1.64
Arith. Intensity OPS/Msgs: 0.38



===Core Utilization Total=== CORE-S:8;; TIME K cy:80 ;; Nodes Proc: 6,012,161 -- Edges Proc: 0
======== IT IS COLD ======= Only 235 Tiles active

===PRINTING FRAME STATS

FCollision In Avg:0, SD:1, Max:27, Min:0
FCollision Out Avg:0, SD:0, Max:13, Min:0
FCollision End Avg:0, SD:0, Max:0, Min:0
FTask1 Avg:2, SD:12, Max:100, Min:0
FTask2 Avg:0, SD:0, Max:0, Min:0
FTask3 Avg:1, SD:3, Max:55, Min:0
FCore Active Avg:3, SD:13, Max:100, Min:0
FRouter Active Avg:3, SD:8, Max:84, Min:0
T1 invocations: 4,617
T2 invocations: 0
T3 invocations: 18,852
T3b invocations: 197,876
Total3 invocations: 216,728
Total4 invocations: 0

T3/T2 ratio: inf
T3b/T3 ratio: 10

T1 avg ex cycles: 196
T2 avg ex cycles: -nan
T3&b avg ex cycles: 2
T4 avg ex cycles: -nan
Avg. hops NOC1: -nan
Avg. latency NOC1 (T2): -nan
Avg. hops NOC2: 7
Avg. latency NOC2 (T3): 5,139

===PRINTING ACUM STATS at pu_cycles: 90,397

ACollision In Avg:21, SD:22, Max:140, Min:0
ACollision Out Avg:11, SD:15, Max:77, Min:0
ACollision End Avg:0, SD:1, Max:58, Min:0
ATask1 Avg:43, SD:1, Max:45, Min:22
ATask2 Avg:0, SD:0, Max:0, Min:0
ATask3 Avg:14, SD:8, Max:78, Min:3
ACore Active Avg:57, SD:8, Max:100, Min:33
ARouter Active Avg:50, SD:14, Max:96, Min:10
T1 invocations: 3,718,806
T2 invocations: 0
T3 invocations: 6,069,378
T3b invocations: 92,942,547
Total3 invocations: 99,011,925
Total4 invocations: 0

T3/T2 ratio: inf
T3b/T3 ratio: 15

T1 avg ex cycles: 169
T2 avg ex cycles: -nan
T3&b avg ex cycles: 2
T4 avg ex cycles: -nan
Avg. hops NOC1: -nan
Avg. latency NOC1 (T2): -nan
Avg. hops NOC2: 11
Avg. latency NOC2 (T3): 2,646
Number of K Nodes Processed: 99,052
Number of K Edges Processed: 99,052
Node Re-explore factor: 23.52
Edge Re-explore factor: 0.98
Nodes/cy: 1,096
Edges/cy: 1,096
TEPS: 1,057

---Pcache---
Pcache Size: 16,448
Cached: 0
  PHits: 0
  PMisses: 0
  PHit Rate (hit/miss): -nan%
  PEvictions: 0
  PEviction Rate (evict/misses): -nan%

---Energy---
Leakage Energy (nJ): 95,206
PU Dyn E (nJ): 5,566,662
Mem Dyn E (nJ): 16,507,282
Route Dyn E (nJ): 6,325,845
Dynamic Energy (nJ): 28,399,789
Ratio of Dyn/Leak: 298
Total Energy (nJ): 28,494,995
Total Energy (nJ) 3D: 29,054,890
Cores Energy (nJ): 5,570,687
Route Energy (nJ): 6,328,163
Route Energy (nJ) 3D: 6,888,058
Mem Energy   (nJ): 16,596,146
Mem Energy   (nJ) 3D: 16,596,146
Avg. Power (mW): 315,220.59
Power Density (mW/mm2): 91.07

---Runtime---
Runtime in K cycles: 90.40
Microseconds: 90.40
Time per iteration (ms): 0.09

---Throughput---
GOP/s (aka OPS/ns): 9,117.00
GOP/s per core: 0.56
FLOP/s: 1,099.58
FLOP/s per core: 0.07
Max Peak FLOP/s: 16,384.00
Avg. BW GB/s: 35,577.50
Max BW GB/s: 65,536.00

---Traffic---
In-Die bisection_bytes BW (GB/s): 2,048.00
Inter-board traffic (msg/ns): 0.00, per-link: 0.00
Inter-pack traffic (msg/ns): 0.00, per-link: 0.00
Inter-die traffic (msg/ns): 0.00, per-link: 0.00
Ruche traffic (msg/ns): 0.00, per-link: 0.00
All traffic (msg/ns): 23,940.52, per-link: 1.46
Inter-die reduction wrt all: inf
Inter-board reduction wrt inter-die: -nan

---Data Movement---
All traffic (msg): 2,164,150,832
Arith. Intensity FLOP/Loads: 0.20
Arith. Intensity FLOP/Msgs: 0.05
Arith. Intensity OPS/Loads: 1.64
Arith. Intensity OPS/Msgs: 0.38



===Core Utilization Total=== CORE-S:9;; TIME K cy:90 ;; Nodes Proc: 6,206,783 -- Edges Proc: 0
======== IT IS COLD ======= Only 135 Tiles active

===PRINTING FRAME STATS

FCollision In Avg:0, SD:0, Max:5, Min:0
FCollision Out Avg:0, SD:0, Max:0, Min:0
FCollision End Avg:0, SD:0, Max:0, Min:0
FTask1 Avg:0, SD:5, Max:100, Min:0
FTask2 Avg:0, SD:0, Max:0, Min:0
FTask3 Avg:0, SD:1, Max:16, Min:0
FCore Active Avg:1, SD:5, Max:100, Min:0
FRouter Active Avg:1, SD:2, Max:46, Min:0
T1 invocations: 757
T2 invocations: 0
T3 invocations: 3,100
T3b invocations: 30,094
Total3 invocations: 33,194
Total4 invocations: 0

T3/T2 ratio: inf
T3b/T3 ratio: 10

T1 avg ex cycles: 198
T2 avg ex cycles: -nan
T3&b avg ex cycles: 2
T4 avg ex cycles: -nan
Avg. hops NOC1: -nan
Avg. latency NOC1 (T2): -nan
Avg. hops NOC2: 7
Avg. latency NOC2 (T3): 4,378

===PRINTING ACUM STATS at pu_cycles: 100,394

ACollision In Avg:19, SD:20, Max:126, Min:0
ACollision Out Avg:10, SD:14, Max:69, Min:0
ACollision End Avg:0, SD:1, Max:52, Min:0
ATask1 Avg:39, SD:0, Max:41, Min:30
ATask2 Avg:0, SD:0, Max:0, Min:0
ATask3 Avg:12, SD:8, Max:70, Min:2
ACore Active Avg:51, SD:8, Max:100, Min:40
ARouter Active Avg:45, SD:12, Max:91, Min:9
T1 invocations: 3,753,667
T2 invocations: 0
T3 invocations: 6,152,190
T3b invocations: 94,144,430
Total3 invocations: 100,296,620
Total4 invocations: 0

T3/T2 ratio: inf
T3b/T3 ratio: 15

T1 avg ex cycles: 170
T2 avg ex cycles: -nan
T3&b avg ex cycles: 2
T4 avg ex cycles: -nan
Avg. hops NOC1: -nan
Avg. latency NOC1 (T2): -nan
Avg. hops NOC2: 11
Avg. latency NOC2 (T3): 2,652
Number of K Nodes Processed: 100,318
Number of K Edges Processed: 100,318
Node Re-explore factor: 23.82
Edge Re-explore factor: 0.99
Nodes/cy: 999
Edges/cy: 999
TEPS: 952

---Pcache---
Pcache Size: 16,448
Cached: 0
  PHits: 0
  PMisses: 0
  PHit Rate (hit/miss): -nan%
  PEvictions: 0
  PEviction Rate (evict/misses): -nan%

---Energy---
Leakage Energy (nJ): 105,735
PU Dyn E (nJ): 5,628,781
Mem Dyn E (nJ): 16,712,372
Route Dyn E (nJ): 6,388,062
Dynamic Energy (nJ): 28,729,215
Ratio of Dyn/Leak: 272
Total Energy (nJ): 28,834,950
Total Energy (nJ) 3D: 29,400,352
Cores Energy (nJ): 5,633,251
Route Energy (nJ): 6,390,636
Route Energy (nJ) 3D: 6,956,037
Mem Energy   (nJ): 16,811,064
Mem Energy   (nJ) 3D: 16,811,064
Avg. Power (mW): 287,217.86
Power Density (mW/mm2): 82.98

---Runtime---
Runtime in K cycles: 100.39
Microseconds: 100.39
Time per iteration (ms): 0.10

---Throughput---
GOP/s (aka OPS/ns): 8,301.98
GOP/s per core: 0.51
FLOP/s: 1,000.83
FLOP/s per core: 0.06
Max Peak FLOP/s: 16,384.00
Avg. BW GB/s: 32,432.01
Max BW GB/s: 65,536.00

---Traffic---
In-Die bisection_bytes BW (GB/s): 2,048.00
Inter-board traffic (msg/ns): 0.00, per-link: 0.00
Inter-pack traffic (msg/ns): 0.00, per-link: 0.00
Inter-die traffic (msg/ns): 0.00, per-link: 0.00
Ruche traffic (msg/ns): 0.00, per-link: 0.00
All traffic (msg/ns): 21,774.78, per-link: 1.33
Inter-die reduction wrt all: inf
Inter-board reduction wrt inter-die: -nan

---Data Movement---
All traffic (msg): 2,186,057,744
Arith. Intensity FLOP/Loads: 0.20
Arith. Intensity FLOP/Msgs: 0.05
Arith. Intensity OPS/Loads: 1.64
Arith. Intensity OPS/Msgs: 0.38



===Core Utilization Total=== CORE-S:10;; TIME K cy:100 ;; Nodes Proc: 6,306,077 -- Edges Proc: 0
======== IT IS COLD ======= Only 81 Tiles active

===PRINTING FRAME STATS

FCollision In Avg:0, SD:0, Max:0, Min:0
FCollision Out Avg:0, SD:0, Max:0, Min:0
FCollision End Avg:0, SD:0, Max:0, Min:0
FTask1 Avg:0, SD:2, Max:92, Min:0
FTask2 Avg:0, SD:0, Max:0, Min:0
FTask3 Avg:0, SD:0, Max:11, Min:0
FCore Active Avg:0, SD:2, Max:100, Min:0
FRouter Active Avg:0, SD:1, Max:15, Min:0
T1 invocations: 113
T2 invocations: 0
T3 invocations: 769
T3b invocations: 5,451
Total3 invocations: 6,220
Total4 invocations: 0

T3/T2 ratio: inf
T3b/T3 ratio: 7

T1 avg ex cycles: 193
T2 avg ex cycles: -nan
T3&b avg ex cycles: 2
T4 avg ex cycles: -nan
Avg. hops NOC1: -nan
Avg. latency NOC1 (T2): -nan
Avg. hops NOC2: 6
Avg. latency NOC2 (T3): 11,168

===PRINTING ACUM STATS at pu_cycles: 110,401

ACollision In Avg:17, SD:18, Max:114, Min:0
ACollision Out Avg:9, SD:13, Max:63, Min:0
ACollision End Avg:0, SD:1, Max:48, Min:0
ATask1 Avg:36, SD:0, Max:37, Min:35
ATask2 Avg:0, SD:0, Max:0, Min:0
ATask3 Avg:11, SD:7, Max:65, Min:2
ACore Active Avg:47, SD:7, Max:100, Min:38
ARouter Active Avg:41, SD:11, Max:83, Min:8
T1 invocations: 3,770,833
T2 invocations: 0
T3 invocations: 6,189,555
T3b invocations: 94,740,753
Total3 invocations: 100,930,308
Total4 invocations: 0

T3/T2 ratio: inf
T3b/T3 ratio: 15

T1 avg ex cycles: 170
T2 avg ex cycles: -nan
T3&b avg ex cycles: 2
T4 avg ex cycles: -nan
Avg. hops NOC1: -nan
Avg. latency NOC1 (T2): -nan
Avg. hops NOC2: 11
Avg. latency NOC2 (T3): 2,654
Number of K Nodes Processed: 100,939
Number of K Edges Processed: 100,939
Node Re-explore factor: 23.97
Edge Re-explore factor: 1.00
Nodes/cy: 914
Edges/cy: 914
TEPS: 866

---Pcache---
Pcache Size: 16,448
Cached: 0
  PHits: 0
  PMisses: 0
  PHit Rate (hit/miss): -nan%
  PEvictions: 0
  PEviction Rate (evict/misses): -nan%

---Energy---
Leakage Energy (nJ): 116,275
PU Dyn E (nJ): 5,659,968
Mem Dyn E (nJ): 16,814,004
Route Dyn E (nJ): 6,419,584
Dynamic Energy (nJ): 28,893,556
Ratio of Dyn/Leak: 248
Total Energy (nJ): 29,009,831
Total Energy (nJ) 3D: 29,578,023
Cores Energy (nJ): 5,664,884
Route Energy (nJ): 6,422,415
Route Energy (nJ) 3D: 6,990,606
Mem Energy   (nJ): 16,922,533
Mem Energy   (nJ) 3D: 16,922,533
Avg. Power (mW): 262,767.83
Power Density (mW/mm2): 75.92

---Runtime---
Runtime in K cycles: 110.40
Microseconds: 110.40
Time per iteration (ms): 0.11

---Throughput---
GOP/s (aka OPS/ns): 7,591.76
GOP/s per core: 0.46
FLOP/s: 915.04
FLOP/s per core: 0.06
Max Peak FLOP/s: 16,384.00
Avg. BW GB/s: 29,671.34
Max BW GB/s: 65,536.00

---Traffic---
In-Die bisection_bytes BW (GB/s): 2,048.00
Inter-board traffic (msg/ns): 0.00, per-link: 0.00
Inter-pack traffic (msg/ns): 0.00, per-link: 0.00
Inter-die traffic (msg/ns): 0.00, per-link: 0.00
Ruche traffic (msg/ns): 0.00, per-link: 0.00
All traffic (msg/ns): 19,901.29, per-link: 1.21
Inter-die reduction wrt all: inf
Inter-board reduction wrt inter-die: -nan

---Data Movement---
All traffic (msg): 2,197,122,542
Arith. Intensity FLOP/Loads: 0.20
Arith. Intensity FLOP/Msgs: 0.05
Arith. Intensity OPS/Loads: 1.64
Arith. Intensity OPS/Msgs: 0.38



===Core Utilization Total=== CORE-S:11;; TIME K cy:110 ;; Nodes Proc: 6,367,530 -- Edges Proc: 0
======== IT IS COLD ======= Only 46 Tiles active

===PRINTING FRAME STATS

FCollision In Avg:0, SD:0, Max:0, Min:0
FCollision Out Avg:0, SD:0, Max:0, Min:0
FCollision End Avg:0, SD:0, Max:0, Min:0
FTask1 Avg:0, SD:0, Max:0, Min:0
FTask2 Avg:0, SD:0, Max:0, Min:0
FTask3 Avg:0, SD:0, Max:0, Min:0
FCore Active Avg:0, SD:0, Max:0, Min:0
FRouter Active Avg:0, SD:0, Max:0, Min:0
T1 invocations: 0
T2 invocations: 0
T3 invocations: 0
T3b invocations: 16
Total3 invocations: 16
Total4 invocations: 0

T3/T2 ratio: -nan
T3b/T3 ratio: inf

T1 avg ex cycles: -nan
T2 avg ex cycles: -nan
T3&b avg ex cycles: 2
T4 avg ex cycles: -nan
Avg. hops NOC1: -nan
Avg. latency NOC1 (T2): -nan
Avg. hops NOC2: 0
Avg. latency NOC2 (T3): 10,373

===PRINTING ACUM STATS at pu_cycles: 120,306

ACollision In Avg:16, SD:17, Max:105, Min:0
ACollision Out Avg:8, SD:11, Max:58, Min:0
ACollision End Avg:0, SD:1, Max:44, Min:0
ATask1 Avg:33, SD:0, Max:34, Min:32
ATask2 Avg:0, SD:0, Max:0, Min:0
ATask3 Avg:10, SD:6, Max:59, Min:2
ACore Active Avg:43, SD:6, Max:92, Min:35
ARouter Active Avg:37, SD:10, Max:76, Min:8
T1 invocations: 3,776,073
T2 invocations: 0
T3 invocations: 6,204,893
T3b invocations: 95,000,590
Total3 invocations: 101,205,483
Total4 invocations: 0

T3/T2 ratio: inf
T3b/T3 ratio: 15

T1 avg ex cycles: 170
T2 avg ex cycles: -nan
T3&b avg ex cycles: 2
T4 avg ex cycles: -nan
Avg. hops NOC1: -nan
Avg. latency NOC1 (T2): -nan
Avg. hops NOC2: 11
Avg. latency NOC2 (T3): 2,656
Number of K Nodes Processed: 101,214
Number of K Edges Processed: 101,214
Node Re-explore factor: 24.04
Edge Re-explore factor: 1.00
Nodes/cy: 841
Edges/cy: 841
TEPS: 794

---Pcache---
Pcache Size: 16,448
Cached: 0
  PHits: 0
  PMisses: 0
  PHit Rate (hit/miss): -nan%
  PEvictions: 0
  PEviction Rate (evict/misses): -nan%

---Energy---
Leakage Energy (nJ): 126,707
PU Dyn E (nJ): 5,670,195
Mem Dyn E (nJ): 16,855,220
Route Dyn E (nJ): 6,431,166
Dynamic Energy (nJ): 28,956,582
Ratio of Dyn/Leak: 229
Total Energy (nJ): 29,083,289
Total Energy (nJ) 3D: 29,652,505
Cores Energy (nJ): 5,675,553
Route Energy (nJ): 6,434,251
Route Energy (nJ) 3D: 7,003,467
Mem Energy   (nJ): 16,973,486
Mem Energy   (nJ) 3D: 16,973,486
Avg. Power (mW): 241,744.29
Power Density (mW/mm2): 69.84

---Runtime---
Runtime in K cycles: 120.31
Microseconds: 120.31
Time per iteration (ms): 0.12

---Throughput---
GOP/s (aka OPS/ns): 6,979.88
GOP/s per core: 0.43
FLOP/s: 841.07
FLOP/s per core: 0.05
Max Peak FLOP/s: 16,384.00
Avg. BW GB/s: 27,294.86
Max BW GB/s: 65,536.00

---Traffic---
In-Die bisection_bytes BW (GB/s): 2,048.00
Inter-board traffic (msg/ns): 0.00, per-link: 0.00
Inter-pack traffic (msg/ns): 0.00, per-link: 0.00
Inter-die traffic (msg/ns): 0.00, per-link: 0.00
Ruche traffic (msg/ns): 0.00, per-link: 0.00
All traffic (msg/ns): 18,297.28, per-link: 1.12
Inter-die reduction wrt all: inf
Inter-board reduction wrt inter-die: -nan

---Data Movement---
All traffic (msg): 2,201,272,632
Arith. Intensity FLOP/Loads: 0.20
Arith. Intensity FLOP/Msgs: 0.05
Arith. Intensity OPS/Loads: 1.64
Arith. Intensity OPS/Msgs: 0.38



===Core Utilization Total=== CORE-S:12;; TIME K cy:120 ;; Nodes Proc: 6,395,747 -- Edges Proc: 0
======== IT IS COLD ======= Only 5 Tiles active

===PRINTING FRAME STATS

FCollision In Avg:0, SD:0, Max:0, Min:0
FCollision Out Avg:0, SD:0, Max:0, Min:0
FCollision End Avg:0, SD:0, Max:0, Min:0
FTask1 Avg:0, SD:0, Max:0, Min:0
FTask2 Avg:0, SD:0, Max:0, Min:0
FTask3 Avg:0, SD:0, Max:0, Min:0
FCore Active Avg:0, SD:0, Max:0, Min:0
FRouter Active Avg:0, SD:0, Max:0, Min:0
T1 invocations: 0
T2 invocations: 0
T3 invocations: 0
T3b invocations: 0
Total3 invocations: 0
Total4 invocations: 0

T3/T2 ratio: -nan
T3b/T3 ratio: -nan

T1 avg ex cycles: -nan
T2 avg ex cycles: -nan
T3&b avg ex cycles: -nan
T4 avg ex cycles: -nan
Avg. hops NOC1: -nan
Avg. latency NOC1 (T2): -nan
Avg. hops NOC2: -nan
Avg. latency NOC2 (T3): -nan

===PRINTING ACUM STATS at pu_cycles: 130,573

ACollision In Avg:15, SD:15, Max:97, Min:0
ACollision Out Avg:8, SD:11, Max:53, Min:0
ACollision End Avg:0, SD:1, Max:40, Min:0
ATask1 Avg:30, SD:0, Max:31, Min:30
ATask2 Avg:0, SD:0, Max:0, Min:0
ATask3 Avg:10, SD:6, Max:55, Min:2
ACore Active Avg:40, SD:6, Max:85, Min:32
ARouter Active Avg:34, SD:10, Max:70, Min:7
T1 invocations: 3,779,801
T2 invocations: 0
T3 invocations: 6,209,433
T3b invocations: 95,090,920
Total3 invocations: 101,300,353
Total4 invocations: 0

T3/T2 ratio: inf
T3b/T3 ratio: 15

T1 avg ex cycles: 170
T2 avg ex cycles: -nan
T3&b avg ex cycles: 2
T4 avg ex cycles: -nan
Avg. hops NOC1: -nan
Avg. latency NOC1 (T2): -nan
Avg. hops NOC2: 11
Avg. latency NOC2 (T3): 2,659
Number of K Nodes Processed: 101,301
Number of K Edges Processed: 101,301
Node Re-explore factor: 24.06
Edge Re-explore factor: 1.00
Nodes/cy: 776
Edges/cy: 776
TEPS: 732

---Pcache---
Pcache Size: 16,448
Cached: 0
  PHits: 0
  PMisses: 0
  PHit Rate (hit/miss): -nan%
  PEvictions: 0
  PEviction Rate (evict/misses): -nan%

---Energy---
Leakage Energy (nJ): 137,520
PU Dyn E (nJ): 5,676,580
Mem Dyn E (nJ): 16,871,945
Route Dyn E (nJ): 6,436,557
Dynamic Energy (nJ): 28,985,083
Ratio of Dyn/Leak: 211
Total Energy (nJ): 29,122,603
Total Energy (nJ) 3D: 29,692,297
Cores Energy (nJ): 5,682,394
Route Energy (nJ): 6,439,905
Route Energy (nJ) 3D: 7,009,599
Mem Energy   (nJ): 17,000,304
Mem Energy   (nJ) 3D: 17,000,304
Avg. Power (mW): 223,036.94
Power Density (mW/mm2): 64.44

---Runtime---
Runtime in K cycles: 130.57
Microseconds: 130.57
Time per iteration (ms): 0.13

---Throughput---
GOP/s (aka OPS/ns): 6,438.16
GOP/s per core: 0.39
FLOP/s: 775.85
FLOP/s per core: 0.05
Max Peak FLOP/s: 16,384.00
Avg. BW GB/s: 25,173.67
Max BW GB/s: 65,536.00

---Traffic---
In-Die bisection_bytes BW (GB/s): 2,048.00
Inter-board traffic (msg/ns): 0.00, per-link: 0.00
Inter-pack traffic (msg/ns): 0.00, per-link: 0.00
Inter-die traffic (msg/ns): 0.00, per-link: 0.00
Ruche traffic (msg/ns): 0.00, per-link: 0.00
All traffic (msg/ns): 16,872.85, per-link: 1.03
Inter-die reduction wrt all: inf
Inter-board reduction wrt inter-die: -nan

---Data Movement---
All traffic (msg): 2,203,138,106
Arith. Intensity FLOP/Loads: 0.20
Arith. Intensity FLOP/Msgs: 0.05
Arith. Intensity OPS/Loads: 1.64
Arith. Intensity OPS/Msgs: 0.38



===Core Utilization Total=== CORE-S:13;; TIME K cy:130 ;; Nodes Proc: 6,397,994 -- Edges Proc: 0
======== IT IS COLD ======= Only 0 Tiles active
Epoch Done Router: 14
Epoch Done Router: 9
Epoch Done Router: 8
Epoch Done Router: 12
Epoch Done Router: 11
Epoch Done Router: 6
Epoch Done Router: 3
Epoch Done Router: 7
Epoch Done Router: 4
Epoch Done Router: 10
Epoch Done Router: 13
Epoch Done Router: 1
Epoch Done Router: 2
Epoch Done Router: 5
Epoch Done Router: 0
Epoch Done Router: 15
##EPOCH## 1 COMPLETED at Time (K cy): 138
Nodes processed until now: 101,311,645
Edges processed until now: 0
INIT epoch: 2
INIT epoch: 2
INIT epoch: 2
INIT epoch: 2
INIT epoch: 2
INIT epoch: 2
INIT epoch: 2
INIT epoch: 2
INIT epoch: 2
INIT epoch: 2
INIT epoch: 2
INIT epoch: 2
INIT epoch: 2
INIT epoch: 2
INIT epoch: 2
INIT epoch: 2

===PRINTING FRAME STATS

FCollision In Avg:16, SD:3, Max:23, Min:4
FCollision Out Avg:4, SD:2, Max:18, Min:0
FCollision End Avg:0, SD:0, Max:0, Min:0
FTask1 Avg:0, SD:0, Max:0, Min:0
FTask2 Avg:0, SD:0, Max:0, Min:0
FTask3 Avg:4, SD:2, Max:16, Min:0
FCore Active Avg:7, SD:3, Max:18, Min:1
FRouter Active Avg:17, SD:2, Max:22, Min:14
T1 invocations: 0
T2 invocations: 0
T3 invocations: 126,787
T3b invocations: 782,962
Total3 invocations: 909,749
Total4 invocations: 0

T3/T2 ratio: inf
T3b/T3 ratio: 6

T1 avg ex cycles: -nan
T2 avg ex cycles: -nan
T3&b avg ex cycles: 2
T4 avg ex cycles: -nan
Avg. hops NOC1: -nan
Avg. latency NOC1 (T2): -nan
Avg. hops NOC2: 18
Avg. latency NOC2 (T3): 239

===PRINTING ACUM STATS at pu_cycles: 140,004

ACollision In Avg:15, SD:14, Max:91, Min:1
ACollision Out Avg:7, SD:10, Max:50, Min:0
ACollision End Avg:0, SD:1, Max:37, Min:0
ATask1 Avg:28, SD:0, Max:29, Min:28
ATask2 Avg:0, SD:0, Max:0, Min:0
ATask3 Avg:9, SD:5, Max:51, Min:2
ACore Active Avg:37, SD:5, Max:79, Min:30
ARouter Active Avg:33, SD:9, Max:66, Min:8
T1 invocations: 3,780,028
T2 invocations: 0
T3 invocations: 6,699,909
T3b invocations: 98,040,717
Total3 invocations: 104,740,626
Total4 invocations: 0

T3/T2 ratio: inf
T3b/T3 ratio: 15

T1 avg ex cycles: 170
T2 avg ex cycles: -nan
T3&b avg ex cycles: 2
T4 avg ex cycles: -nan
Avg. hops NOC1: -nan
Avg. latency NOC1 (T2): -nan
Avg. hops NOC2: 11
Avg. latency NOC2 (T3): 2,580
Number of K Nodes Processed: 104,761
Number of K Edges Processed: 104,761
Node Re-explore factor: 24.88
Edge Re-explore factor: 1.03
Nodes/cy: 748
Edges/cy: 748
TEPS: 683

---Pcache---
Pcache Size: 16,448
Cached: 0
  PHits: 0
  PMisses: 0
  PHit Rate (hit/miss): -nan%
  PEvictions: 0
  PEviction Rate (evict/misses): -nan%

---Energy---
Leakage Energy (nJ): 147,453
PU Dyn E (nJ): 5,708,264
Mem Dyn E (nJ): 17,302,543
Route Dyn E (nJ): 6,809,617
Dynamic Energy (nJ): 29,820,425
Ratio of Dyn/Leak: 202
Total Energy (nJ): 29,967,878
Total Energy (nJ) 3D: 30,570,591
Cores Energy (nJ): 5,714,498
Route Energy (nJ): 6,813,207
Route Energy (nJ) 3D: 7,415,920
Mem Energy   (nJ): 17,440,173
Mem Energy   (nJ) 3D: 17,440,173
Avg. Power (mW): 214,050.15
Power Density (mW/mm2): 61.84

---Runtime---
Runtime in K cycles: 140.00
Microseconds: 140.00
Time per iteration (ms): 0.14

---Throughput---
GOP/s (aka OPS/ns): 6,053.93
GOP/s per core: 0.37
FLOP/s: 723.63
FLOP/s per core: 0.04
Max Peak FLOP/s: 16,384.00
Avg. BW GB/s: 24,068.09
Max BW GB/s: 65,536.00

---Traffic---
In-Die bisection_bytes BW (GB/s): 2,048.00
Inter-board traffic (msg/ns): 0.00, per-link: 0.00
Inter-pack traffic (msg/ns): 0.00, per-link: 0.00
Inter-die traffic (msg/ns): 0.00, per-link: 0.00
Ruche traffic (msg/ns): 0.00, per-link: 0.00
All traffic (msg/ns): 16,613.59, per-link: 1.01
Inter-die reduction wrt all: inf
Inter-board reduction wrt inter-die: -nan

---Data Movement---
All traffic (msg): 2,325,968,872
Arith. Intensity FLOP/Loads: 0.19
Arith. Intensity FLOP/Msgs: 0.04
Arith. Intensity OPS/Loads: 1.62
Arith. Intensity OPS/Msgs: 0.36



===Core Utilization Total=== CORE-S:14;; TIME K cy:140 ;; Nodes Proc: 6,645,813 -- Edges Proc: 0

===PRINTING FRAME STATS

FCollision In Avg:84, SD:14, Max:110, Min:9
FCollision Out Avg:18, SD:4, Max:32, Min:1
FCollision End Avg:0, SD:0, Max:0, Min:0
FTask1 Avg:0, SD:0, Max:0, Min:0
FTask2 Avg:0, SD:0, Max:0, Min:0
FTask3 Avg:28, SD:9, Max:70, Min:1
FCore Active Avg:42, SD:11, Max:81, Min:2
FRouter Active Avg:97, SD:11, Max:101, Min:16
T1 invocations: 0
T2 invocations: 0
T3 invocations: 847,001
T3b invocations: 4,939,414
Total3 invocations: 5,786,415
Total4 invocations: 0

T3/T2 ratio: inf
T3b/T3 ratio: 6

T1 avg ex cycles: -nan
T2 avg ex cycles: -nan
T3&b avg ex cycles: 2
T4 avg ex cycles: -nan
Avg. hops NOC1: -nan
Avg. latency NOC1 (T2): -nan
Avg. hops NOC2: 17
Avg. latency NOC2 (T3): 241

===PRINTING ACUM STATS at pu_cycles: 150,003

ACollision In Avg:19, SD:13, Max:91, Min:1
ACollision Out Avg:8, SD:9, Max:48, Min:0
ACollision End Avg:0, SD:1, Max:35, Min:0
ATask1 Avg:26, SD:0, Max:29, Min:26
ATask2 Avg:0, SD:0, Max:0, Min:0
ATask3 Avg:10, SD:5, Max:50, Min:3
ACore Active Avg:38, SD:5, Max:77, Min:30
ARouter Active Avg:37, SD:8, Max:68, Min:12
T1 invocations: 3,780,028
T2 invocations: 0
T3 invocations: 10,044,131
T3b invocations: 117,007,596
Total3 invocations: 127,051,727
Total4 invocations: 0

T3/T2 ratio: inf
T3b/T3 ratio: 12

T1 avg ex cycles: 170
T2 avg ex cycles: -nan
T3&b avg ex cycles: 2
T4 avg ex cycles: -nan
Avg. hops NOC1: -nan
Avg. latency NOC1 (T2): -nan
Avg. hops NOC2: 12
Avg. latency NOC2 (T3): 2,167
Number of K Nodes Processed: 127,245
Number of K Edges Processed: 127,245
Node Re-explore factor: 30.22
Edge Re-explore factor: 1.26
Nodes/cy: 848
Edges/cy: 848
TEPS: 637

---Pcache---
Pcache Size: 16,448
Cached: 0
  PHits: 0
  PMisses: 0
  PHit Rate (hit/miss): -nan%
  PEvictions: 0
  PEviction Rate (evict/misses): -nan%

---Energy---
Leakage Energy (nJ): 157,984
PU Dyn E (nJ): 5,911,577
Mem Dyn E (nJ): 20,093,181
Route Dyn E (nJ): 9,105,748
Dynamic Energy (nJ): 35,110,506
Ratio of Dyn/Leak: 222
Total Energy (nJ): 35,268,490
Total Energy (nJ) 3D: 36,074,432
Cores Energy (nJ): 5,918,257
Route Energy (nJ): 9,109,594
Route Energy (nJ) 3D: 9,915,535
Mem Energy   (nJ): 20,240,640
Mem Energy   (nJ) 3D: 20,240,640
Avg. Power (mW): 235,118.56
Power Density (mW/mm2): 67.93

---Runtime---
Runtime in K cycles: 150.00
Microseconds: 150.00
Time per iteration (ms): 0.15

---Throughput---
GOP/s (aka OPS/ns): 5,947.86
GOP/s per core: 0.36
FLOP/s: 675.40
FLOP/s per core: 0.04
Max Peak FLOP/s: 16,384.00
Avg. BW GB/s: 26,033.45
Max BW GB/s: 65,536.00

---Traffic---
In-Die bisection_bytes BW (GB/s): 2,048.00
Inter-board traffic (msg/ns): 0.00, per-link: 0.00
Inter-pack traffic (msg/ns): 0.00, per-link: 0.00
Inter-die traffic (msg/ns): 0.00, per-link: 0.00
Ruche traffic (msg/ns): 0.00, per-link: 0.00
All traffic (msg/ns): 20,561.24, per-link: 1.25
Inter-die reduction wrt all: inf
Inter-board reduction wrt inter-die: -nan

---Data Movement---
All traffic (msg): 3,084,248,056
Arith. Intensity FLOP/Loads: 0.17
Arith. Intensity FLOP/Msgs: 0.03
Arith. Intensity OPS/Loads: 1.51
Arith. Intensity OPS/Msgs: 0.29



===Core Utilization Total=== CORE-S:15;; TIME K cy:150 ;; Nodes Proc: 7,989,353 -- Edges Proc: 0

===PRINTING FRAME STATS

FCollision In Avg:71, SD:24, Max:100, Min:1
FCollision Out Avg:17, SD:7, Max:40, Min:0
FCollision End Avg:0, SD:0, Max:0, Min:0
FTask1 Avg:0, SD:0, Max:0, Min:0
FTask2 Avg:0, SD:0, Max:0, Min:0
FTask3 Avg:27, SD:9, Max:79, Min:3
FCore Active Avg:41, SD:11, Max:86, Min:5
FRouter Active Avg:97, SD:3, Max:101, Min:82
T1 invocations: 0
T2 invocations: 0
T3 invocations: 1,355,343
T3b invocations: 4,260,610
Total3 invocations: 5,615,953
Total4 invocations: 0

T3/T2 ratio: inf
T3b/T3 ratio: 3

T1 avg ex cycles: -nan
T2 avg ex cycles: -nan
T3&b avg ex cycles: 2
T4 avg ex cycles: -nan
Avg. hops NOC1: -nan
Avg. latency NOC1 (T2): -nan
Avg. hops NOC2: 17
Avg. latency NOC2 (T3): 215

===PRINTING ACUM STATS at pu_cycles: 160,003

ACollision In Avg:22, SD:13, Max:92, Min:3
ACollision Out Avg:9, SD:9, Max:46, Min:1
ACollision End Avg:0, SD:1, Max:33, Min:0
ATask1 Avg:25, SD:0, Max:27, Min:24
ATask2 Avg:0, SD:0, Max:0, Min:0
ATask3 Avg:11, SD:5, Max:48, Min:3
ACore Active Avg:38, SD:5, Max:73, Min:30
ARouter Active Avg:41, SD:8, Max:70, Min:14
T1 invocations: 3,780,028
T2 invocations: 0
T3 invocations: 15,410,429
T3b invocations: 132,733,983
Total3 invocations: 148,144,412
Total4 invocations: 0

T3/T2 ratio: inf
T3b/T3 ratio: 9

T1 avg ex cycles: 170
T2 avg ex cycles: -nan
T3&b avg ex cycles: 2
T4 avg ex cycles: -nan
Avg. hops NOC1: -nan
Avg. latency NOC1 (T2): -nan
Avg. hops NOC2: 13
Avg. latency NOC2 (T3): 1,887
Number of K Nodes Processed: 148,912
Number of K Edges Processed: 148,912
Node Re-explore factor: 35.37
Edge Re-explore factor: 1.47
Nodes/cy: 931
Edges/cy: 931
TEPS: 597

---Pcache---
Pcache Size: 16,448
Cached: 0
  PHits: 0
  PMisses: 0
  PHit Rate (hit/miss): -nan%
  PEvictions: 0
  PEviction Rate (evict/misses): -nan%

---Energy---
Leakage Energy (nJ): 168,516
PU Dyn E (nJ): 6,103,787
Mem Dyn E (nJ): 22,731,422
Route Dyn E (nJ): 11,273,723
Dynamic Energy (nJ): 40,108,933
Ratio of Dyn/Leak: 238
Total Energy (nJ): 40,277,449
Total Energy (nJ) 3D: 41,275,276
Cores Energy (nJ): 6,110,912
Route Energy (nJ): 11,277,825
Route Energy (nJ) 3D: 12,275,652
Mem Energy   (nJ): 22,888,711
Mem Energy   (nJ) 3D: 22,888,711
Avg. Power (mW): 251,729.33
Power Density (mW/mm2): 72.73

---Runtime---
Runtime in K cycles: 160.00
Microseconds: 160.00
Time per iteration (ms): 0.16

---Throughput---
GOP/s (aka OPS/ns): 5,839.78
GOP/s per core: 0.36
FLOP/s: 633.19
FLOP/s per core: 0.04
Max Peak FLOP/s: 16,384.00
Avg. BW GB/s: 27,570.23
Max BW GB/s: 65,536.00

---Traffic---
In-Die bisection_bytes BW (GB/s): 2,048.00
Inter-board traffic (msg/ns): 0.00, per-link: 0.00
Inter-pack traffic (msg/ns): 0.00, per-link: 0.00
Inter-die traffic (msg/ns): 0.00, per-link: 0.00
Ruche traffic (msg/ns): 0.00, per-link: 0.00
All traffic (msg/ns): 23,751.17, per-link: 1.45
Inter-die reduction wrt all: inf
Inter-board reduction wrt inter-die: -nan

---Data Movement---
All traffic (msg): 3,800,258,774
Arith. Intensity FLOP/Loads: 0.15
Arith. Intensity FLOP/Msgs: 0.03
Arith. Intensity OPS/Loads: 1.43
Arith. Intensity OPS/Msgs: 0.25



===Core Utilization Total=== CORE-S:16;; TIME K cy:160 ;; Nodes Proc: 9,211,802 -- Edges Proc: 0
======== IT IS COLD ======= Only 414 Tiles active

===PRINTING FRAME STATS

FCollision In Avg:25, SD:28, Max:98, Min:0
FCollision Out Avg:7, SD:8, Max:36, Min:0
FCollision End Avg:0, SD:0, Max:0, Min:0
FTask1 Avg:0, SD:0, Max:0, Min:0
FTask2 Avg:0, SD:0, Max:0, Min:0
FTask3 Avg:11, SD:8, Max:63, Min:0
FCore Active Avg:16, SD:12, Max:74, Min:0
FRouter Active Avg:57, SD:22, Max:101, Min:10
T1 invocations: 0
T2 invocations: 0
T3 invocations: 819,893
T3b invocations: 1,412,429
Total3 invocations: 2,232,322
Total4 invocations: 0

T3/T2 ratio: inf
T3b/T3 ratio: 2

T1 avg ex cycles: -nan
T2 avg ex cycles: -nan
T3&b avg ex cycles: 2
T4 avg ex cycles: -nan
Avg. hops NOC1: -nan
Avg. latency NOC1 (T2): -nan
Avg. hops NOC2: 16
Avg. latency NOC2 (T3): 187

===PRINTING ACUM STATS at pu_cycles: 170,003

ACollision In Avg:23, SD:12, Max:88, Min:3
ACollision Out Avg:9, SD:8, Max:43, Min:1
ACollision End Avg:0, SD:1, Max:31, Min:0
ATask1 Avg:23, SD:0, Max:25, Min:23
ATask2 Avg:0, SD:0, Max:0, Min:0
ATask3 Avg:11, SD:5, Max:46, Min:4
ACore Active Avg:37, SD:5, Max:70, Min:28
ARouter Active Avg:42, SD:8, Max:70, Min:19
T1 invocations: 3,780,028
T2 invocations: 0
T3 invocations: 18,525,501
T3b invocations: 137,908,153
Total3 invocations: 156,433,654
Total4 invocations: 0

T3/T2 ratio: inf
T3b/T3 ratio: 7

T1 avg ex cycles: 170
T2 avg ex cycles: -nan
T3&b avg ex cycles: 2
T4 avg ex cycles: -nan
Avg. hops NOC1: -nan
Avg. latency NOC1 (T2): -nan
Avg. hops NOC2: 13
Avg. latency NOC2 (T3): 1,797
Number of K Nodes Processed: 156,714
Number of K Edges Processed: 156,714
Node Re-explore factor: 37.22
Edge Re-explore factor: 1.55
Nodes/cy: 922
Edges/cy: 922
TEPS: 562

---Pcache---
Pcache Size: 16,448
Cached: 0
  PHits: 0
  PMisses: 0
  PHit Rate (hit/miss): -nan%
  PEvictions: 0
  PEviction Rate (evict/misses): -nan%

---Energy---
Leakage Energy (nJ): 179,048
PU Dyn E (nJ): 6,179,324
Mem Dyn E (nJ): 23,768,228
Route Dyn E (nJ): 12,110,304
Dynamic Energy (nJ): 42,057,856
Ratio of Dyn/Leak: 235
Total Energy (nJ): 42,236,904
Total Energy (nJ) 3D: 43,308,776
Cores Energy (nJ): 6,186,894
Route Energy (nJ): 12,114,663
Route Energy (nJ) 3D: 13,186,535
Mem Energy   (nJ): 23,935,347
Mem Energy   (nJ) 3D: 23,935,347
Avg. Power (mW): 248,447.99
Power Density (mW/mm2): 71.78

---Runtime---
Runtime in K cycles: 170.00
Microseconds: 170.00
Time per iteration (ms): 0.17

---Throughput---
GOP/s (aka OPS/ns): 5,593.79
GOP/s per core: 0.34
FLOP/s: 595.94
FLOP/s per core: 0.04
Max Peak FLOP/s: 16,384.00
Avg. BW GB/s: 27,118.70
Max BW GB/s: 65,536.00

---Traffic---
In-Die bisection_bytes BW (GB/s): 2,048.00
Inter-board traffic (msg/ns): 0.00, per-link: 0.00
Inter-pack traffic (msg/ns): 0.00, per-link: 0.00
Inter-die traffic (msg/ns): 0.00, per-link: 0.00
Ruche traffic (msg/ns): 0.00, per-link: 0.00
All traffic (msg/ns): 23,981.07, per-link: 1.46
Inter-die reduction wrt all: inf
Inter-board reduction wrt inter-die: -nan

---Data Movement---
All traffic (msg): 4,076,853,786
Arith. Intensity FLOP/Loads: 0.15
Arith. Intensity FLOP/Msgs: 0.02
Arith. Intensity OPS/Loads: 1.40
Arith. Intensity OPS/Msgs: 0.23



===Core Utilization Total=== CORE-S:17;; TIME K cy:170 ;; Nodes Proc: 9,555,737 -- Edges Proc: 0
======== IT IS COLD ======= Only 26 Tiles active

===PRINTING FRAME STATS

FCollision In Avg:2, SD:12, Max:100, Min:0
FCollision Out Avg:1, SD:3, Max:31, Min:0
FCollision End Avg:0, SD:0, Max:0, Min:0
FTask1 Avg:0, SD:0, Max:0, Min:0
FTask2 Avg:0, SD:0, Max:0, Min:0
FTask3 Avg:1, SD:3, Max:53, Min:0
FCore Active Avg:1, SD:5, Max:62, Min:0
FRouter Active Avg:6, SD:15, Max:97, Min:0
T1 invocations: 0
T2 invocations: 0
T3 invocations: 77,897
T3b invocations: 113,625
Total3 invocations: 191,522
Total4 invocations: 0

T3/T2 ratio: inf
T3b/T3 ratio: 1

T1 avg ex cycles: -nan
T2 avg ex cycles: -nan
T3&b avg ex cycles: 2
T4 avg ex cycles: -nan
Avg. hops NOC1: -nan
Avg. latency NOC1 (T2): -nan
Avg. hops NOC2: 16
Avg. latency NOC2 (T3): 218

===PRINTING ACUM STATS at pu_cycles: 180,003

ACollision In Avg:21, SD:12, Max:83, Min:3
ACollision Out Avg:8, SD:8, Max:41, Min:1
ACollision End Avg:0, SD:1, Max:29, Min:0
ATask1 Avg:22, SD:0, Max:23, Min:22
ATask2 Avg:0, SD:0, Max:0, Min:0
ATask3 Avg:11, SD:5, Max:43, Min:4
ACore Active Avg:35, SD:5, Max:66, Min:27
ARouter Active Avg:40, SD:7, Max:67, Min:18
T1 invocations: 3,780,028
T2 invocations: 0
T3 invocations: 18,864,280
T3b invocations: 138,414,958
Total3 invocations: 157,279,238
Total4 invocations: 0

T3/T2 ratio: inf
T3b/T3 ratio: 7

T1 avg ex cycles: 170
T2 avg ex cycles: -nan
T3&b avg ex cycles: 2
T4 avg ex cycles: -nan
Avg. hops NOC1: -nan
Avg. latency NOC1 (T2): -nan
Avg. hops NOC2: 13
Avg. latency NOC2 (T3): 1,788
Number of K Nodes Processed: 157,279
Number of K Edges Processed: 157,279
Node Re-explore factor: 37.35
Edge Re-explore factor: 1.55
Nodes/cy: 874
Edges/cy: 874
TEPS: 531

---Pcache---
Pcache Size: 16,448
Cached: 0
  PHits: 0
  PMisses: 0
  PHit Rate (hit/miss): -nan%
  PEvictions: 0
  PEviction Rate (evict/misses): -nan%

---Energy---
Leakage Energy (nJ): 189,580
PU Dyn E (nJ): 6,187,030
Mem Dyn E (nJ): 23,873,992
Route Dyn E (nJ): 12,198,394
Dynamic Energy (nJ): 42,259,416
Ratio of Dyn/Leak: 223
Total Energy (nJ): 42,448,996
Total Energy (nJ) 3D: 43,528,665
Cores Energy (nJ): 6,195,045
Route Energy (nJ): 12,203,009
Route Energy (nJ) 3D: 13,282,678
Mem Energy   (nJ): 24,050,942
Mem Energy   (nJ) 3D: 24,050,942
Avg. Power (mW): 235,823.82
Power Density (mW/mm2): 68.13

---Runtime---
Runtime in K cycles: 180.00
Microseconds: 180.00
Time per iteration (ms): 0.18

---Throughput---
GOP/s (aka OPS/ns): 5,292.42
GOP/s per core: 0.32
FLOP/s: 562.83
FLOP/s per core: 0.03
Max Peak FLOP/s: 16,384.00
Avg. BW GB/s: 25,724.88
Max BW GB/s: 65,536.00

---Traffic---
In-Die bisection_bytes BW (GB/s): 2,048.00
Inter-board traffic (msg/ns): 0.00, per-link: 0.00
Inter-pack traffic (msg/ns): 0.00, per-link: 0.00
Inter-die traffic (msg/ns): 0.00, per-link: 0.00
Ruche traffic (msg/ns): 0.00, per-link: 0.00
All traffic (msg/ns): 22,810.31, per-link: 1.39
Inter-die reduction wrt all: inf
Inter-board reduction wrt inter-die: -nan

---Data Movement---
All traffic (msg): 4,105,924,108
Arith. Intensity FLOP/Loads: 0.15
Arith. Intensity FLOP/Msgs: 0.02
Arith. Intensity OPS/Loads: 1.40
Arith. Intensity OPS/Msgs: 0.23



===Core Utilization Total=== CORE-S:18;; TIME K cy:180 ;; Nodes Proc: 9,573,280 -- Edges Proc: 0
======== IT IS COLD ======= Only 6 Tiles active

===PRINTING FRAME STATS

FCollision In Avg:1, SD:7, Max:96, Min:0
FCollision Out Avg:0, SD:2, Max:26, Min:0
FCollision End Avg:0, SD:0, Max:0, Min:0
FTask1 Avg:0, SD:0, Max:0, Min:0
FTask2 Avg:0, SD:0, Max:0, Min:0
FTask3 Avg:0, SD:2, Max:38, Min:0
FCore Active Avg:0, SD:3, Max:46, Min:0
FRouter Active Avg:2, SD:10, Max:95, Min:0
T1 invocations: 0
T2 invocations: 0
T3 invocations: 30,410
T3b invocations: 35,445
Total3 invocations: 65,855
Total4 invocations: 0

T3/T2 ratio: inf
T3b/T3 ratio: 1

T1 avg ex cycles: -nan
T2 avg ex cycles: -nan
T3&b avg ex cycles: 2
T4 avg ex cycles: -nan
Avg. hops NOC1: -nan
Avg. latency NOC1 (T2): -nan
Avg. hops NOC2: 15
Avg. latency NOC2 (T3): 272

===PRINTING ACUM STATS at pu_cycles: 190,003

ACollision In Avg:20, SD:11, Max:79, Min:2
ACollision Out Avg:8, SD:7, Max:39, Min:0
ACollision End Avg:0, SD:1, Max:28, Min:0
ATask1 Avg:21, SD:0, Max:22, Min:20
ATask2 Avg:0, SD:0, Max:0, Min:0
ATask3 Avg:10, SD:4, Max:41, Min:4
ACore Active Avg:33, SD:5, Max:63, Min:25
ARouter Active Avg:38, SD:7, Max:63, Min:17
T1 invocations: 3,780,028
T2 invocations: 0
T3 invocations: 18,899,539
T3b invocations: 138,454,144
Total3 invocations: 157,353,683
Total4 invocations: 0

T3/T2 ratio: inf
T3b/T3 ratio: 7

T1 avg ex cycles: 170
T2 avg ex cycles: -nan
T3&b avg ex cycles: 2
T4 avg ex cycles: -nan
Avg. hops NOC1: -nan
Avg. latency NOC1 (T2): -nan
Avg. hops NOC2: 13
Avg. latency NOC2 (T3): 1,788
Number of K Nodes Processed: 157,365
Number of K Edges Processed: 157,365
Node Re-explore factor: 37.37
Edge Re-explore factor: 1.55
Nodes/cy: 828
Edges/cy: 828
TEPS: 503

---Pcache---
Pcache Size: 16,448
Cached: 0
  PHits: 0
  PMisses: 0
  PHit Rate (hit/miss): -nan%
  PEvictions: 0
  PEviction Rate (evict/misses): -nan%

---Energy---
Leakage Energy (nJ): 200,112
PU Dyn E (nJ): 6,187,708
Mem Dyn E (nJ): 23,883,303
Route Dyn E (nJ): 12,205,892
Dynamic Energy (nJ): 42,276,904
Ratio of Dyn/Leak: 211
Total Energy (nJ): 42,477,016
Total Energy (nJ) 3D: 43,557,349
Cores Energy (nJ): 6,196,169
Route Energy (nJ): 12,210,764
Route Energy (nJ) 3D: 13,291,096
Mem Energy   (nJ): 24,070,084
Mem Energy   (nJ) 3D: 24,070,084
Avg. Power (mW): 223,559.71
Power Density (mW/mm2): 64.59

---Runtime---
Runtime in K cycles: 190.00
Microseconds: 190.00
Time per iteration (ms): 0.19

---Throughput---
GOP/s (aka OPS/ns): 5,014.66
GOP/s per core: 0.31
FLOP/s: 533.21
FLOP/s per core: 0.03
Max Peak FLOP/s: 16,384.00
Avg. BW GB/s: 24,380.36
Max BW GB/s: 65,536.00

---Traffic---
In-Die bisection_bytes BW (GB/s): 2,048.00
Inter-board traffic (msg/ns): 0.00, per-link: 0.00
Inter-pack traffic (msg/ns): 0.00, per-link: 0.00
Inter-die traffic (msg/ns): 0.00, per-link: 0.00
Ruche traffic (msg/ns): 0.00, per-link: 0.00
All traffic (msg/ns): 21,622.84, per-link: 1.32
Inter-die reduction wrt all: inf
Inter-board reduction wrt inter-die: -nan

---Data Movement---
All traffic (msg): 4,108,403,592
Arith. Intensity FLOP/Loads: 0.15
Arith. Intensity FLOP/Msgs: 0.02
Arith. Intensity OPS/Loads: 1.40
Arith. Intensity OPS/Msgs: 0.23



===Core Utilization Total=== CORE-S:19;; TIME K cy:190 ;; Nodes Proc: 9,577,334 -- Edges Proc: 0
======== IT IS COLD ======= Only 0 Tiles active
Epoch Done Router: 15
Epoch Done Router: 6
Epoch Done Router: 0
Epoch Done Router: 4
Epoch Done Router: 8
Epoch Done Router: 13
Epoch Done Router: 11
Epoch Done Router: 7
Epoch Done Router: 5
Epoch Done Router: 1
Epoch Done Router: 9
Epoch Done Router: 14
Epoch Done Router: 2
Epoch Done Router: 10
Epoch Done Router: 3
Epoch Done Router: 12
##EPOCH## 2 COMPLETED at Time (K cy): 191
Nodes processed until now: 157,367,128
Edges processed until now: 0
Program Done Worker Thread: 0
Program Done Router Thread: 13
Program Done Router Thread: 14
Program Done Router Thread: 2
Program Done Router Thread: 1
Program Done Router Thread: 9
Program Done Router Thread: 5
Program Done Router Thread: 11
Program Done Router Thread: 12
Program Done Router Thread: 0
Program Done Worker Thread: 11
Program Done Worker Thread: 3
Program Done Router Thread: 10
Program Done Worker Thread: 2
Program Done Worker Thread: 13
Program Done Worker Thread: 5
Program Done Router Thread: 6
Program Done Worker Thread: 9
Program Done Worker Thread: 1
Program Done Router Thread: 8
Program Done Worker Thread: 12
Program Done Worker Thread: 15
Program Done Router Thread: 7
Program Done Worker Thread: 6
Program Done Worker Thread: 4
Program Done Worker Thread: 10
Program Done Router Thread: 15
Program Done Router Thread: 3
Program Done Worker Thread: 8
Program Done Worker Thread: 7
Program Done Worker Thread: 14
Program Done Router Thread: 4

===PRINTING ACUM STATS at pu_cycles: 191,346

ACollision In Avg:20, SD:11, Max:78, Min:2
ACollision Out Avg:8, SD:7, Max:38, Min:0
ACollision End Avg:0, SD:1, Max:27, Min:0
ATask1 Avg:20, SD:0, Max:21, Min:20
ATask2 Avg:0, SD:0, Max:0, Min:0
ATask3 Avg:10, SD:4, Max:41, Min:4
ACore Active Avg:33, SD:5, Max:63, Min:25
ARouter Active Avg:38, SD:7, Max:63, Min:17
T1 invocations: 3,780,028
T2 invocations: 0
T3 invocations: 18,906,973
T3b invocations: 138,460,155
Total3 invocations: 157,367,128
Total4 invocations: 0

T3/T2 ratio: inf
T3b/T3 ratio: 7

T1 avg ex cycles: 170
T2 avg ex cycles: -nan
T3&b avg ex cycles: 2
T4 avg ex cycles: -nan
Avg. hops NOC1: -nan
Avg. latency NOC1 (T2): -nan
Avg. hops NOC2: 13
Avg. latency NOC2 (T3): 1,787

Runtime at program end in K cycles: 191
Runtime before cooldown in K cycles: 150


Number of K Nodes Processed: 157,367
Number of K Edges Processed: 157,367
Node Re-explore factor: 37.37
Edge Re-explore factor: 1.55
Nodes/cy: 822
Edges/cy: 822
TEPS: 499

---Pcache---
Pcache Size: 16,448
Cached: 0
  PHits: 0
  PMisses: 0
  PHit Rate (hit/miss): -nan%
  PEvictions: 0
  PEviction Rate (evict/misses): -nan%

---Energy---
Leakage Energy (nJ): 201,526
PU Dyn E (nJ): 6,187,831
Mem Dyn E (nJ): 23,884,985
Route Dyn E (nJ): 12,207,323
Dynamic Energy (nJ): 42,280,139
Ratio of Dyn/Leak: 210
Total Energy (nJ): 42,481,665
Total Energy (nJ) 3D: 43,562,124
Cores Energy (nJ): 6,196,351
Route Energy (nJ): 12,212,229
Route Energy (nJ) 3D: 13,292,688
Mem Energy   (nJ): 24,073,086
Mem Energy   (nJ) 3D: 24,073,086
Avg. Power (mW): 222,014.91
Power Density (mW/mm2): 64.14

---Runtime---
Runtime in K cycles: 191.35
Microseconds: 191.35
Time per iteration (ms): 0.19

---Inst---
K Loads: 682,284
K Stores: 475,881
K Instructions: 952,827

---Throughput---
GOP/s (aka OPS/ns): 4,979.61
GOP/s per core: 0.30
FLOP/s: 529.47
FLOP/s per core: 0.03
Max Peak FLOP/s: 16,384.00
Avg. BW GB/s: 24,210.93
Max BW GB/s: 65,536.00

---Traffic---
In-Die bisection_bytes BW (GB/s): 2,048.00
Inter-board traffic (msg/ns): 0.00, per-link: 0.00
Inter-pack traffic (msg/ns): 0.00, per-link: 0.00
Inter-die traffic (msg/ns): 0.00, per-link: 0.00
Ruche traffic (msg/ns): 0.00, per-link: 0.00
All traffic (msg/ns): 21,473.54, per-link: 1.31
Inter-die reduction wrt all: inf
Inter-board reduction wrt inter-die: -nan

---Data Movement---
All traffic (msg): 4,108,875,040
Arith. Intensity FLOP/Loads: 0.15
Arith. Intensity FLOP/Msgs: 0.02
Arith. Intensity OPS/Loads: 1.40
Arith. Intensity OPS/Msgs: 0.23

Simulation time: 500.99
Sim noc_cy/s: 381.94
Sim Msg/s: 8,201,507.26

Version 31

