Dataset:  Kron22/
Dry run: 0
Open Edge Count File succesfully
Edges Traversed BFS: 128309848
Found Vertices: 4194304, Edges: 128311436
avg degree 31
Array  Kron22/node_array.bin found
Malloc array of size 16777220 bytes
Readin array of size 16777216 bytes
Finished Reading Array Bytes
No reordering Array 32bit
Array  Kron22/edge_array.bin found
Malloc array of size 513245744 bytes
Readin array of size 513245744 bytes
Finished Reading Array Bytes
No reordering Array 32bit
Reading graph elapsed time: 0.129862s

Dataset Footprint: 506 MiB
Dataset Footprint per Board: 4244.64 Mb
Dataset injection time (ms): 0.064768
Max Dataset Footprint: 1027 MiB

Dataset footprint per tile: 31 KiB
Proxys footprint per tile: 64 KiB
Reserved SRAM per tile: 7 KiB

Ideal SRAM per tile: 102 KiB
reserved_words_for_dataset:25855
dataset_words_per_tile:8096
remaining_sram_words:129278
min_dcache_sram_words_required:8096
dataset_words_per_tile:8096
min_pcache_sram_words_required:8
proxys_words_per_tile:16384
Dcache footprint ratio: 1
Pcache footprint ratio: 1
Dataset Cached: 0
DCache: 8096 words, lines: 506, sets: 506
Proxys Cached: 0
Pcache: 16384 words, sets: 16384
Node per tile: 256
Edge per tile: 7,832
GRID_X: 128
GRID_SIZE: 16,384
smt_per_tile: 1
noc_freq: 1
pu_freq: 1
RUCHE_X: 0
PROXY_W: 16
DIE_W: 128
DIE_H: 128
DIES: 1
BORDER_TILES_PER_DIE: 512
PACK_W: 128
PACK_H: 128
DIES_PACK_FACTOR: 1
DIES_PER_PACK: 1
PACKAGES: 1
BOARD_W: 128
BOARD_H: 128
BOARDS: 1
MUX_BUS: 1
DCACHE: 0
PCACHE: 1
PROXY_FACTOR: 8
CACHE_WAYS: 1
TORUS: 1
PHY_NOCS: 1
WIDE_NOC_ID: 0
NOC_CONF: 1
noc_width: 32
hbm_channel_bit_width: 512
ld_st_op_byte_width: 4
PROXY_ROUTING: 4
WRITE_THROUGH: 0
ASSERT_MODE: 0
GLOBAL_BARRIER: 0
OQ flits: 6 ; 32 ; 64
IQ flits: 6 ; 512 ; 1,024
OQ messages: 2 ; 16 ; 32
IQ messages: 2 ; 256 ; 512
max_task2 size: 64
io_factor_t2: 16
io_factor_t3: 16
io_factor_t3b: 16

Active SRAM Storage per tile: 102 KiB
Total SRAM Storage per tile: 512 KiB
Agreggated SRAM Storage: 8,192 MiB

Inter-Die #links: 4,096
Inter-Die (Gbits): 131,072
Inter-Die (Gbits/mm): 563.524
Bisection BW of Board (Gbits): 32,768
Border IO #Dies: 4
Border IO Die BW (Gbits): 16,384
Off-Board BW Total (Gbits): 65,536
Off-Board BW Density (Gbits/mm): 278
Die side: 58.15 mm
Die border wire density: 563.52 Gbits/mm
HBM wire density: 70.44 Gbits/mm

Tiles per Die: 16,384 (128x128)
Tile Area: 0.19 mm2, side: 0.44 mm
- Core/Rout Area: 0.05 mm2
- SRAM Area: 0.14 mm2
- SRAM/Logic Ratio: 2.80x

Dies per Package: 1 (1x1)
Die Area: 3,381.23 mm2, side: 58.15 mm
- Tiles Area: 3,191.28 mm2
- PHY Area: 189.96 mm2
- MC Area: 0.00 mm2

Packages per Board: 1 (1x1)
Package Area: 3,461.23 mm2, side: 58.83 mm
- IOdie Area: 80.00 mm2
- Dies Area: 3,381.23 mm2
- HBM Area: 0.00 mm2

Boards: 1 (1x1)
Board Area: 3,461.23 mm2
Total Area: 3,461.23 mm2



ESTIMATED COST OF SILICON AND PACKAGING. ONLY VARIABLE, NO FIXED COSTS
Good dies per wafer 3d: 5
Good dies per wafer 2d: 6
--Dies 3D Cost: 1,209.40 $
--Dies 2.5D Cost: 1,007.83 $
--Dies 2D Cost: 1,007.83 $
--HBM Cost: 60.00 $
--IOdie Cost: 8.44 $
--Packaging Cost 3d: 233.07 $
--Packaging Cost 2.5d: 505.18 $
--Packaging Cost 2d: 152.44 $
SiP Cost 3d: 1,510.91 $
SiP Cost 2.5d: 1,581.46 $
SiP Cost 2d: 1,168.71 $
--Board Cost: 3.46 $
Total SiPs Cost 3d: 1,514.37 $
Total SiPs Cost 2.5d: 1,584.92 $
Total SiPs Cost 2d: 1,172.18 $

Perf counters initialized
Mesh connected
Cache structures initialized
Allocated proxys
proxys initialized
Dataset structures initialized


Starting Simulation
INIT epoch: 1
INIT epoch: 1
INIT epoch: 1
INIT epoch: 1
INIT epoch: 1
INIT epoch: 1
INIT epoch: 1
INIT epoch: 1
INIT epoch: 1
INIT epoch: 1
INIT epoch: 1
INIT epoch: 1
INIT epoch: 1
INIT epoch: 1
INIT epoch: 1
INIT epoch: 1

===PRINTING FRAME STATS

FCollision In Avg:-nan, SD:-nan, Max:32, Min:0
FCollision Out Avg:-nan, SD:-nan, Max:7, Min:0
FCollision End Avg:-nan, SD:-nan, Max:0, Min:0
FTask1 Avg:-nan, SD:-nan, Max:88, Min:70
FTask2 Avg:-nan, SD:-nan, Max:0, Min:0
FTask3 Avg:-nan, SD:-nan, Max:30, Min:12
FCore Active Avg:-nan, SD:-nan, Max:100, Min:98
FRouter Active Avg:-nan, SD:-nan, Max:98, Min:31
T1 invocations: 169,317
T2 invocations: 0
T3 invocations: 756
T3b invocations: 3,644,637
Total3 invocations: 3,645,393
Total4 invocations: 0

T3/T2 ratio: inf
T3b/T3 ratio: 4,821

T1 avg ex cycles: 200
T2 avg ex cycles: -nan
T3&b avg ex cycles: 2
T4 avg ex cycles: -nan
Avg. hops NOC1: -nan
Avg. latency NOC1 (T2): -nan
Avg. hops NOC2: 17
Avg. latency NOC2 (T3): 3,130

===PRINTING ACUM STATS at pu_cycles: 10,401

ACollision In Avg:9, SD:4, Max:32, Min:0
ACollision Out Avg:0, SD:1, Max:7, Min:0
ACollision End Avg:0, SD:0, Max:0, Min:0
ATask1 Avg:82, SD:2, Max:88, Min:70
ATask2 Avg:0, SD:0, Max:0, Min:0
ATask3 Avg:18, SD:2, Max:30, Min:12
ACore Active Avg:100, SD:0, Max:100, Min:98
ARouter Active Avg:84, SD:12, Max:98, Min:31
T1 invocations: 677,672
T2 invocations: 0
T3 invocations: 2,202
T3b invocations: 14,596,523
Total3 invocations: 14,598,725
Total4 invocations: 0

T3/T2 ratio: inf
T3b/T3 ratio: 6,629

T1 avg ex cycles: 201
T2 avg ex cycles: -nan
T3&b avg ex cycles: 2
T4 avg ex cycles: -nan
Avg. hops NOC1: -nan
Avg. latency NOC1 (T2): -nan
Avg. hops NOC2: 17
Avg. latency NOC2 (T3): 3,129
Number of K Nodes Processed: 14,994
Number of K Edges Processed: 14,994
Node Re-explore factor: 3.58
Edge Re-explore factor: 0.12
Nodes/cy: 1,442
Edges/cy: 1,442
TEPS: 12,336

---Pcache---
Pcache Size: 16,384
Cached: 0
  PHits: 0
  PMisses: 0
  PHit Rate (hit/miss): -nan%
  PEvictions: 0
  PEviction Rate (evict/misses): -nan%

---Energy---
Leakage Energy (nJ): 11,593
PU Dyn E (nJ): 1,143,299
Mem Dyn E (nJ): 2,715,156
Route Dyn E (nJ): 1,521,379
Dynamic Energy (nJ): 5,379,835
Ratio of Dyn/Leak: 464
Total Energy (nJ): 5,391,428
Total Energy (nJ) 3D: 5,526,083
Cores Energy (nJ): 1,143,763
Route Energy (nJ): 1,521,646
Route Energy (nJ) 3D: 1,656,302
Mem Energy   (nJ): 2,726,020
Mem Energy   (nJ) 3D: 2,726,020
Avg. Power (mW): 518,356.74
Power Density (mW/mm2): 149.76

---Runtime---
Runtime in K cycles: 10.40
Microseconds: 10.40
Time per iteration (ms): 0.01

---Throughput---
GOP/s (aka OPS/ns): 15,806.46
GOP/s per core: 0.96
FLOP/s: 2,079.67
FLOP/s per core: 0.13
Max Peak FLOP/s: 16,384.00
Avg. BW GB/s: 51,105.37
Max BW GB/s: 65,536.00

---Traffic---
In-Die bisection_bytes BW (GB/s): 2,048.00
Inter-board traffic (msg/ns): 0.00, per-link: 0.00
Inter-pack traffic (msg/ns): 0.00, per-link: 0.00
Inter-die traffic (msg/ns): 0.00, per-link: 0.00
Ruche traffic (msg/ns): 0.00, per-link: 0.00
All traffic (msg/ns): 48,269.90, per-link: 2.95
Inter-die reduction wrt all: inf
Inter-board reduction wrt inter-die: -nan

---Data Movement---
All traffic (msg): 502,055,192
Arith. Intensity FLOP/Loads: 0.24
Arith. Intensity FLOP/Msgs: 0.04
Arith. Intensity OPS/Loads: 1.86
Arith. Intensity OPS/Msgs: 0.33



===Core Utilization Total=== CORE-S:1;; TIME K cy:10 ;; Nodes Proc: 926,573 -- Edges Proc: 0

===PRINTING FRAME STATS

FCollision In Avg:8, SD:3, Max:16, Min:0
FCollision Out Avg:0, SD:0, Max:1, Min:0
FCollision End Avg:0, SD:0, Max:0, Min:0
FTask1 Avg:76, SD:2, Max:84, Min:66
FTask2 Avg:0, SD:0, Max:0, Min:0
FTask3 Avg:24, SD:2, Max:34, Min:16
FCore Active Avg:100, SD:0, Max:100, Min:100
FRouter Active Avg:82, SD:13, Max:97, Min:29
T1 invocations: 155,115
T2 invocations: 0
T3 invocations: 1,444
T3b invocations: 4,887,148
Total3 invocations: 4,888,592
Total4 invocations: 0

T3/T2 ratio: inf
T3b/T3 ratio: 3,384

T1 avg ex cycles: 201
T2 avg ex cycles: -nan
T3&b avg ex cycles: 2
T4 avg ex cycles: -nan
Avg. hops NOC1: -nan
Avg. latency NOC1 (T2): -nan
Avg. hops NOC2: 12
Avg. latency NOC2 (T3): 3,326

===PRINTING ACUM STATS at pu_cycles: 20,401

ACollision In Avg:8, SD:3, Max:22, Min:0
ACollision Out Avg:0, SD:0, Max:4, Min:0
ACollision End Avg:0, SD:0, Max:0, Min:0
ATask1 Avg:79, SD:2, Max:84, Min:68
ATask2 Avg:0, SD:0, Max:0, Min:0
ATask3 Avg:21, SD:2, Max:32, Min:16
ACore Active Avg:100, SD:0, Max:100, Min:99
ARouter Active Avg:83, SD:13, Max:97, Min:31
T1 invocations: 1,298,214
T2 invocations: 0
T3 invocations: 7,522
T3b invocations: 34,143,435
Total3 invocations: 34,150,957
Total4 invocations: 0

T3/T2 ratio: inf
T3b/T3 ratio: 4,539

T1 avg ex cycles: 201
T2 avg ex cycles: -nan
T3&b avg ex cycles: 2
T4 avg ex cycles: -nan
Avg. hops NOC1: -nan
Avg. latency NOC1 (T2): -nan
Avg. hops NOC2: 14
Avg. latency NOC2 (T3): 3,242
Number of K Nodes Processed: 34,545
Number of K Edges Processed: 34,545
Node Re-explore factor: 8.24
Edge Re-explore factor: 0.27
Nodes/cy: 1,693
Edges/cy: 1,693
TEPS: 6,289

---Pcache---
Pcache Size: 16,384
Cached: 0
  PHits: 0
  PMisses: 0
  PHit Rate (hit/miss): -nan%
  PEvictions: 0
  PEviction Rate (evict/misses): -nan%

---Energy---
Leakage Energy (nJ): 22,740
PU Dyn E (nJ): 2,248,844
Mem Dyn E (nJ): 5,976,886
Route Dyn E (nJ): 2,882,031
Dynamic Energy (nJ): 11,107,761
Ratio of Dyn/Leak: 488
Total Energy (nJ): 11,130,501
Total Energy (nJ) 3D: 11,385,587
Cores Energy (nJ): 2,249,753
Route Energy (nJ): 2,882,555
Route Energy (nJ) 3D: 3,137,641
Mem Energy   (nJ): 5,998,194
Mem Energy   (nJ) 3D: 5,998,194
Avg. Power (mW): 545,586.04
Power Density (mW/mm2): 157.63

---Runtime---
Runtime in K cycles: 20.40
Microseconds: 20.40
Time per iteration (ms): 0.02

---Throughput---
GOP/s (aka OPS/ns): 16,058.73
GOP/s per core: 0.98
FLOP/s: 2,033.61
FLOP/s per core: 0.12
Max Peak FLOP/s: 16,384.00
Avg. BW GB/s: 57,208.16
Max BW GB/s: 65,536.00

---Traffic---
In-Die bisection_bytes BW (GB/s): 2,048.00
Inter-board traffic (msg/ns): 0.00, per-link: 0.00
Inter-pack traffic (msg/ns): 0.00, per-link: 0.00
Inter-die traffic (msg/ns): 0.00, per-link: 0.00
Ruche traffic (msg/ns): 0.00, per-link: 0.00
All traffic (msg/ns): 47,255.63, per-link: 2.88
Inter-die reduction wrt all: inf
Inter-board reduction wrt inter-die: -nan

---Data Movement---
All traffic (msg): 964,062,042
Arith. Intensity FLOP/Loads: 0.22
Arith. Intensity FLOP/Msgs: 0.04
Arith. Intensity OPS/Loads: 1.74
Arith. Intensity OPS/Msgs: 0.34



===Core Utilization Total=== CORE-S:2;; TIME K cy:20 ;; Nodes Proc: 2,137,788 -- Edges Proc: 0

===PRINTING FRAME STATS

FCollision In Avg:8, SD:3, Max:17, Min:0
FCollision Out Avg:0, SD:0, Max:1, Min:0
FCollision End Avg:0, SD:0, Max:0, Min:0
FTask1 Avg:76, SD:2, Max:83, Min:65
FTask2 Avg:0, SD:0, Max:0, Min:0
FTask3 Avg:24, SD:2, Max:35, Min:17
FCore Active Avg:100, SD:0, Max:100, Min:100
FRouter Active Avg:82, SD:13, Max:97, Min:29
T1 invocations: 155,110
T2 invocations: 0
T3 invocations: 3,759
T3b invocations: 4,888,474
Total3 invocations: 4,892,233
Total4 invocations: 0

T3/T2 ratio: inf
T3b/T3 ratio: 1,300

T1 avg ex cycles: 201
T2 avg ex cycles: -nan
T3&b avg ex cycles: 2
T4 avg ex cycles: -nan
Avg. hops NOC1: -nan
Avg. latency NOC1 (T2): -nan
Avg. hops NOC2: 12
Avg. latency NOC2 (T3): 3,334

===PRINTING ACUM STATS at pu_cycles: 30,401

ACollision In Avg:8, SD:3, Max:19, Min:0
ACollision Out Avg:0, SD:0, Max:2, Min:0
ACollision End Avg:0, SD:0, Max:0, Min:0
ATask1 Avg:78, SD:2, Max:83, Min:68
ATask2 Avg:0, SD:0, Max:0, Min:0
ATask3 Avg:22, SD:2, Max:32, Min:17
ACore Active Avg:100, SD:0, Max:100, Min:99
ARouter Active Avg:82, SD:13, Max:96, Min:30
T1 invocations: 1,918,639
T2 invocations: 0
T3 invocations: 24,049
T3b invocations: 53,690,871
Total3 invocations: 53,714,920
Total4 invocations: 0

T3/T2 ratio: inf
T3b/T3 ratio: 2,233

T1 avg ex cycles: 201
T2 avg ex cycles: -nan
T3&b avg ex cycles: 2
T4 avg ex cycles: -nan
Avg. hops NOC1: -nan
Avg. latency NOC1 (T2): -nan
Avg. hops NOC2: 13
Avg. latency NOC2 (T3): 3,276
Number of K Nodes Processed: 54,111
Number of K Edges Processed: 54,111
Node Re-explore factor: 12.90
Edge Re-explore factor: 0.42
Nodes/cy: 1,780
Edges/cy: 1,780
TEPS: 4,221

---Pcache---
Pcache Size: 16,384
Cached: 0
  PHits: 0
  PMisses: 0
  PHit Rate (hit/miss): -nan%
  PEvictions: 0
  PEviction Rate (evict/misses): -nan%

---Energy---
Leakage Energy (nJ): 33,886
PU Dyn E (nJ): 3,354,324
Mem Dyn E (nJ): 9,239,932
Route Dyn E (nJ): 4,241,703
Dynamic Energy (nJ): 16,835,960
Ratio of Dyn/Leak: 497
Total Energy (nJ): 16,869,846
Total Energy (nJ) 3D: 17,245,275
Cores Energy (nJ): 3,355,678
Route Energy (nJ): 4,242,483
Route Energy (nJ) 3D: 4,617,913
Mem Energy   (nJ): 9,271,685
Mem Energy   (nJ) 3D: 9,271,685
Avg. Power (mW): 554,910.90
Power Density (mW/mm2): 160.32

---Runtime---
Runtime in K cycles: 30.40
Microseconds: 30.40
Time per iteration (ms): 0.03

---Throughput---
GOP/s (aka OPS/ns): 16,145.06
GOP/s per core: 0.99
FLOP/s: 2,017.73
FLOP/s per core: 0.12
Max Peak FLOP/s: 16,384.00
Avg. BW GB/s: 59,304.33
Max BW GB/s: 65,536.00

---Traffic---
In-Die bisection_bytes BW (GB/s): 2,048.00
Inter-board traffic (msg/ns): 0.00, per-link: 0.00
Inter-pack traffic (msg/ns): 0.00, per-link: 0.00
Inter-die traffic (msg/ns): 0.00, per-link: 0.00
Ruche traffic (msg/ns): 0.00, per-link: 0.00
All traffic (msg/ns): 46,899.37, per-link: 2.86
Inter-die reduction wrt all: inf
Inter-board reduction wrt inter-die: -nan

---Data Movement---
All traffic (msg): 1,425,787,824
Arith. Intensity FLOP/Loads: 0.21
Arith. Intensity FLOP/Msgs: 0.04
Arith. Intensity OPS/Loads: 1.71
Arith. Intensity OPS/Msgs: 0.34



===Core Utilization Total=== CORE-S:3;; TIME K cy:30 ;; Nodes Proc: 3,350,074 -- Edges Proc: 0

===PRINTING FRAME STATS

FCollision In Avg:8, SD:3, Max:16, Min:0
FCollision Out Avg:0, SD:0, Max:1, Min:0
FCollision End Avg:0, SD:0, Max:0, Min:0
FTask1 Avg:76, SD:2, Max:82, Min:66
FTask2 Avg:0, SD:0, Max:0, Min:0
FTask3 Avg:24, SD:2, Max:34, Min:18
FCore Active Avg:100, SD:0, Max:100, Min:100
FRouter Active Avg:82, SD:13, Max:97, Min:29
T1 invocations: 155,093
T2 invocations: 0
T3 invocations: 6,865
T3b invocations: 4,884,816
Total3 invocations: 4,891,681
Total4 invocations: 0

T3/T2 ratio: inf
T3b/T3 ratio: 712

T1 avg ex cycles: 201
T2 avg ex cycles: -nan
T3&b avg ex cycles: 2
T4 avg ex cycles: -nan
Avg. hops NOC1: -nan
Avg. latency NOC1 (T2): -nan
Avg. hops NOC2: 12
Avg. latency NOC2 (T3): 3,353

===PRINTING ACUM STATS at pu_cycles: 40,401

ACollision In Avg:8, SD:3, Max:17, Min:0
ACollision Out Avg:0, SD:0, Max:2, Min:0
ACollision End Avg:0, SD:0, Max:0, Min:0
ATask1 Avg:78, SD:2, Max:83, Min:67
ATask2 Avg:0, SD:0, Max:0, Min:0
ATask3 Avg:22, SD:2, Max:33, Min:17
ACore Active Avg:100, SD:0, Max:100, Min:100
ARouter Active Avg:82, SD:13, Max:96, Min:30
T1 invocations: 2,538,960
T2 invocations: 0
T3 invocations: 52,584
T3b invocations: 73,231,739
Total3 invocations: 73,284,323
Total4 invocations: 0

T3/T2 ratio: inf
T3b/T3 ratio: 1,393

T1 avg ex cycles: 201
T2 avg ex cycles: -nan
T3&b avg ex cycles: 2
T4 avg ex cycles: -nan
Avg. hops NOC1: -nan
Avg. latency NOC1 (T2): -nan
Avg. hops NOC2: 13
Avg. latency NOC2 (T3): 3,297
Number of K Nodes Processed: 73,680
Number of K Edges Processed: 73,680
Node Re-explore factor: 17.57
Edge Re-explore factor: 0.57
Nodes/cy: 1,824
Edges/cy: 1,824
TEPS: 3,176

---Pcache---
Pcache Size: 16,384
Cached: 0
  PHits: 0
  PMisses: 0
  PHit Rate (hit/miss): -nan%
  PEvictions: 0
  PEviction Rate (evict/misses): -nan%

---Energy---
Leakage Energy (nJ): 45,033
PU Dyn E (nJ): 4,459,700
Mem Dyn E (nJ): 12,503,523
Route Dyn E (nJ): 5,602,100
Dynamic Energy (nJ): 22,565,324
Ratio of Dyn/Leak: 501
Total Energy (nJ): 22,610,357
Total Energy (nJ) 3D: 23,106,194
Cores Energy (nJ): 4,461,500
Route Energy (nJ): 5,603,136
Route Energy (nJ) 3D: 6,098,973
Mem Energy   (nJ): 12,545,721
Mem Energy   (nJ) 3D: 12,545,721
Avg. Power (mW): 559,648.44
Power Density (mW/mm2): 161.69

---Runtime---
Runtime in K cycles: 40.40
Microseconds: 40.40
Time per iteration (ms): 0.04

---Throughput---
GOP/s (aka OPS/ns): 16,188.41
GOP/s per core: 0.99
FLOP/s: 2,009.64
FLOP/s per core: 0.12
Max Peak FLOP/s: 16,384.00
Avg. BW GB/s: 60,365.37
Max BW GB/s: 65,536.00

---Traffic---
In-Die bisection_bytes BW (GB/s): 2,048.00
Inter-board traffic (msg/ns): 0.00, per-link: 0.00
Inter-pack traffic (msg/ns): 0.00, per-link: 0.00
Inter-die traffic (msg/ns): 0.00, per-link: 0.00
Ruche traffic (msg/ns): 0.00, per-link: 0.00
All traffic (msg/ns): 46,725.32, per-link: 2.85
Inter-die reduction wrt all: inf
Inter-board reduction wrt inter-die: -nan

---Data Movement---
All traffic (msg): 1,887,749,560
Arith. Intensity FLOP/Loads: 0.21
Arith. Intensity FLOP/Msgs: 0.04
Arith. Intensity OPS/Loads: 1.69
Arith. Intensity OPS/Msgs: 0.35



===Core Utilization Total=== CORE-S:4;; TIME K cy:40 ;; Nodes Proc: 4,561,171 -- Edges Proc: 0

===PRINTING FRAME STATS

FCollision In Avg:8, SD:3, Max:17, Min:0
FCollision Out Avg:0, SD:0, Max:1, Min:0
FCollision End Avg:0, SD:0, Max:0, Min:0
FTask1 Avg:76, SD:2, Max:82, Min:65
FTask2 Avg:0, SD:0, Max:0, Min:0
FTask3 Avg:24, SD:2, Max:35, Min:18
FCore Active Avg:100, SD:0, Max:100, Min:100
FRouter Active Avg:82, SD:13, Max:97, Min:29
T1 invocations: 155,069
T2 invocations: 0
T3 invocations: 10,864
T3b invocations: 4,884,831
Total3 invocations: 4,895,695
Total4 invocations: 0

T3/T2 ratio: inf
T3b/T3 ratio: 450

T1 avg ex cycles: 201
T2 avg ex cycles: -nan
T3&b avg ex cycles: 2
T4 avg ex cycles: -nan
Avg. hops NOC1: -nan
Avg. latency NOC1 (T2): -nan
Avg. hops NOC2: 12
Avg. latency NOC2 (T3): 3,385

===PRINTING ACUM STATS at pu_cycles: 50,401

ACollision In Avg:8, SD:3, Max:16, Min:0
ACollision Out Avg:0, SD:0, Max:1, Min:0
ACollision End Avg:0, SD:0, Max:0, Min:0
ATask1 Avg:77, SD:2, Max:82, Min:67
ATask2 Avg:0, SD:0, Max:0, Min:0
ATask3 Avg:23, SD:2, Max:33, Min:18
ACore Active Avg:100, SD:0, Max:100, Min:100
ARouter Active Avg:82, SD:13, Max:96, Min:30
T1 invocations: 3,159,208
T2 invocations: 0
T3 invocations: 95,877
T3b invocations: 92,772,142
Total3 invocations: 92,868,019
Total4 invocations: 0

T3/T2 ratio: inf
T3b/T3 ratio: 968

T1 avg ex cycles: 201
T2 avg ex cycles: -nan
T3&b avg ex cycles: 2
T4 avg ex cycles: -nan
Avg. hops NOC1: -nan
Avg. latency NOC1 (T2): -nan
Avg. hops NOC2: 13
Avg. latency NOC2 (T3): 3,315
Number of K Nodes Processed: 93,264
Number of K Edges Processed: 93,264
Node Re-explore factor: 22.24
Edge Re-explore factor: 0.73
Nodes/cy: 1,850
Edges/cy: 1,850
TEPS: 2,546

---Pcache---
Pcache Size: 16,384
Cached: 0
  PHits: 0
  PMisses: 0
  PHit Rate (hit/miss): -nan%
  PEvictions: 0
  PEviction Rate (evict/misses): -nan%

---Energy---
Leakage Energy (nJ): 56,179
PU Dyn E (nJ): 5,565,092
Mem Dyn E (nJ): 15,768,801
Route Dyn E (nJ): 6,961,204
Dynamic Energy (nJ): 28,295,097
Ratio of Dyn/Leak: 504
Total Energy (nJ): 28,351,276
Total Energy (nJ) 3D: 28,967,406
Cores Energy (nJ): 5,567,336
Route Energy (nJ): 6,962,497
Route Energy (nJ) 3D: 7,578,626
Mem Energy   (nJ): 15,821,444
Mem Energy   (nJ) 3D: 15,821,444
Avg. Power (mW): 562,514.16
Power Density (mW/mm2): 162.52

---Runtime---
Runtime in K cycles: 50.40
Microseconds: 50.40
Time per iteration (ms): 0.05

---Throughput---
GOP/s (aka OPS/ns): 16,214.82
GOP/s per core: 0.99
FLOP/s: 2,004.70
FLOP/s per core: 0.12
Max Peak FLOP/s: 16,384.00
Avg. BW GB/s: 61,011.77
Max BW GB/s: 65,536.00

---Traffic---
In-Die bisection_bytes BW (GB/s): 2,048.00
Inter-board traffic (msg/ns): 0.00, per-link: 0.00
Inter-pack traffic (msg/ns): 0.00, per-link: 0.00
Inter-die traffic (msg/ns): 0.00, per-link: 0.00
Ruche traffic (msg/ns): 0.00, per-link: 0.00
All traffic (msg/ns): 46,612.93, per-link: 2.85
Inter-die reduction wrt all: inf
Inter-board reduction wrt inter-die: -nan

---Data Movement---
All traffic (msg): 2,349,338,126
Arith. Intensity FLOP/Loads: 0.21
Arith. Intensity FLOP/Msgs: 0.04
Arith. Intensity OPS/Loads: 1.68
Arith. Intensity OPS/Msgs: 0.35



===Core Utilization Total=== CORE-S:5;; TIME K cy:50 ;; Nodes Proc: 5,774,080 -- Edges Proc: 0

===PRINTING FRAME STATS

FCollision In Avg:8, SD:3, Max:17, Min:0
FCollision Out Avg:0, SD:0, Max:1, Min:0
FCollision End Avg:0, SD:0, Max:0, Min:0
FTask1 Avg:76, SD:2, Max:82, Min:64
FTask2 Avg:0, SD:0, Max:0, Min:0
FTask3 Avg:24, SD:2, Max:36, Min:18
FCore Active Avg:100, SD:0, Max:100, Min:100
FRouter Active Avg:82, SD:13, Max:97, Min:29
T1 invocations: 154,999
T2 invocations: 0
T3 invocations: 16,815
T3b invocations: 4,883,820
Total3 invocations: 4,900,635
Total4 invocations: 0

T3/T2 ratio: inf
T3b/T3 ratio: 290

T1 avg ex cycles: 201
T2 avg ex cycles: -nan
T3&b avg ex cycles: 2
T4 avg ex cycles: -nan
Avg. hops NOC1: -nan
Avg. latency NOC1 (T2): -nan
Avg. hops NOC2: 12
Avg. latency NOC2 (T3): 3,444

===PRINTING ACUM STATS at pu_cycles: 60,401

ACollision In Avg:8, SD:3, Max:16, Min:0
ACollision Out Avg:0, SD:0, Max:1, Min:0
ACollision End Avg:0, SD:0, Max:0, Min:0
ATask1 Avg:77, SD:2, Max:82, Min:67
ATask2 Avg:0, SD:0, Max:0, Min:0
ATask3 Avg:23, SD:2, Max:33, Min:18
ACore Active Avg:100, SD:0, Max:100, Min:100
ARouter Active Avg:82, SD:13, Max:96, Min:30
T1 invocations: 3,779,184
T2 invocations: 0
T3 invocations: 164,140
T3b invocations: 112,304,504
Total3 invocations: 112,468,644
Total4 invocations: 0

T3/T2 ratio: inf
T3b/T3 ratio: 684

T1 avg ex cycles: 201
T2 avg ex cycles: -nan
T3&b avg ex cycles: 2
T4 avg ex cycles: -nan
Avg. hops NOC1: -nan
Avg. latency NOC1 (T2): -nan
Avg. hops NOC2: 12
Avg. latency NOC2 (T3): 3,338
Number of K Nodes Processed: 112,865
Number of K Edges Processed: 112,865
Node Re-explore factor: 26.91
Edge Re-explore factor: 0.88
Nodes/cy: 1,869
Edges/cy: 1,869
TEPS: 2,124

---Pcache---
Pcache Size: 16,384
Cached: 0
  PHits: 0
  PMisses: 0
  PHit Rate (hit/miss): -nan%
  PEvictions: 0
  PEviction Rate (evict/misses): -nan%

---Energy---
Leakage Energy (nJ): 67,326
PU Dyn E (nJ): 6,670,230
Mem Dyn E (nJ): 19,035,838
Route Dyn E (nJ): 8,320,008
Dynamic Energy (nJ): 34,026,077
Ratio of Dyn/Leak: 505
Total Energy (nJ): 34,093,403
Total Energy (nJ) 3D: 34,829,799
Cores Energy (nJ): 6,672,920
Route Energy (nJ): 8,321,557
Route Energy (nJ) 3D: 9,057,954
Mem Energy   (nJ): 19,098,926
Mem Energy   (nJ) 3D: 19,098,926
Avg. Power (mW): 564,450.96
Power Density (mW/mm2): 163.08

---Runtime---
Runtime in K cycles: 60.40
Microseconds: 60.40
Time per iteration (ms): 0.06

---Throughput---
GOP/s (aka OPS/ns): 16,232.15
GOP/s per core: 0.99
FLOP/s: 2,001.26
FLOP/s per core: 0.12
Max Peak FLOP/s: 16,384.00
Avg. BW GB/s: 61,449.65
Max BW GB/s: 65,536.00

---Traffic---
In-Die bisection_bytes BW (GB/s): 2,048.00
Inter-board traffic (msg/ns): 0.00, per-link: 0.00
Inter-pack traffic (msg/ns): 0.00, per-link: 0.00
Inter-die traffic (msg/ns): 0.00, per-link: 0.00
Ruche traffic (msg/ns): 0.00, per-link: 0.00
All traffic (msg/ns): 46,536.77, per-link: 2.84
Inter-die reduction wrt all: inf
Inter-board reduction wrt inter-die: -nan

---Data Movement---
All traffic (msg): 2,810,867,402
Arith. Intensity FLOP/Loads: 0.21
Arith. Intensity FLOP/Msgs: 0.04
Arith. Intensity OPS/Loads: 1.67
Arith. Intensity OPS/Msgs: 0.35



===Core Utilization Total=== CORE-S:6;; TIME K cy:60 ;; Nodes Proc: 6,987,285 -- Edges Proc: 0

===PRINTING FRAME STATS

FCollision In Avg:41, SD:13, Max:67, Min:0
FCollision Out Avg:8, SD:3, Max:19, Min:0
FCollision End Avg:0, SD:0, Max:0, Min:0
FTask1 Avg:30, SD:14, Max:86, Min:0
FTask2 Avg:0, SD:0, Max:0, Min:0
FTask3 Avg:32, SD:9, Max:73, Min:14
FCore Active Avg:68, SD:13, Max:100, Min:39
FRouter Active Avg:91, SD:5, Max:99, Min:31
T1 invocations: 60,884
T2 invocations: 0
T3 invocations: 621,454
T3b invocations: 5,932,896
Total3 invocations: 6,554,350
Total4 invocations: 0

T3/T2 ratio: inf
T3b/T3 ratio: 10

T1 avg ex cycles: 197
T2 avg ex cycles: -nan
T3&b avg ex cycles: 2
T4 avg ex cycles: -nan
Avg. hops NOC1: -nan
Avg. latency NOC1 (T2): -nan
Avg. hops NOC2: 10
Avg. latency NOC2 (T3): 3,688

===PRINTING ACUM STATS at pu_cycles: 70,200

ACollision In Avg:13, SD:4, Max:20, Min:0
ACollision Out Avg:1, SD:0, Max:3, Min:0
ACollision End Avg:0, SD:0, Max:0, Min:0
ATask1 Avg:70, SD:1, Max:80, Min:67
ATask2 Avg:0, SD:0, Max:0, Min:0
ATask3 Avg:24, SD:2, Max:33, Min:19
ACore Active Avg:95, SD:2, Max:100, Min:91
ARouter Active Avg:83, SD:11, Max:96, Min:32
T1 invocations: 4,010,024
T2 invocations: 0
T3 invocations: 2,643,241
T3b invocations: 135,646,154
Total3 invocations: 138,289,395
Total4 invocations: 0

T3/T2 ratio: inf
T3b/T3 ratio: 51

T1 avg ex cycles: 201
T2 avg ex cycles: -nan
T3&b avg ex cycles: 2
T4 avg ex cycles: -nan
Avg. hops NOC1: -nan
Avg. latency NOC1 (T2): -nan
Avg. hops NOC2: 12
Avg. latency NOC2 (T3): 3,401
Number of K Nodes Processed: 138,979
Number of K Edges Processed: 138,979
Node Re-explore factor: 33.14
Edge Re-explore factor: 1.08
Nodes/cy: 1,980
Edges/cy: 1,980
TEPS: 1,828

---Pcache---
Pcache Size: 16,384
Cached: 0
  PHits: 0
  PMisses: 0
  PHit Rate (hit/miss): -nan%
  PEvictions: 0
  PEviction Rate (evict/misses): -nan%

---Energy---
Leakage Energy (nJ): 78,248
PU Dyn E (nJ): 7,243,619
Mem Dyn E (nJ): 22,563,209
Route Dyn E (nJ): 9,861,177
Dynamic Energy (nJ): 39,668,005
Ratio of Dyn/Leak: 507
Total Energy (nJ): 39,746,253
Total Energy (nJ) 3D: 40,619,057
Cores Energy (nJ): 7,246,745
Route Energy (nJ): 9,862,977
Route Energy (nJ) 3D: 10,735,781
Mem Energy   (nJ): 22,636,531
Mem Energy   (nJ) 3D: 22,636,531
Avg. Power (mW): 566,185.94
Power Density (mW/mm2): 163.58

---Runtime---
Runtime in K cycles: 70.20
Microseconds: 70.20
Time per iteration (ms): 0.07

---Throughput---
GOP/s (aka OPS/ns): 15,346.63
GOP/s per core: 0.94
FLOP/s: 1,825.00
FLOP/s per core: 0.11
Max Peak FLOP/s: 16,384.00
Avg. BW GB/s: 62,563.91
Max BW GB/s: 65,536.00

---Traffic---
In-Die bisection_bytes BW (GB/s): 2,048.00
Inter-board traffic (msg/ns): 0.00, per-link: 0.00
Inter-pack traffic (msg/ns): 0.00, per-link: 0.00
Inter-die traffic (msg/ns): 0.00, per-link: 0.00
Ruche traffic (msg/ns): 0.00, per-link: 0.00
All traffic (msg/ns): 47,599.96, per-link: 2.91
Inter-die reduction wrt all: inf
Inter-board reduction wrt inter-die: -nan

---Data Movement---
All traffic (msg): 3,341,517,338
Arith. Intensity FLOP/Loads: 0.19
Arith. Intensity FLOP/Msgs: 0.04
Arith. Intensity OPS/Loads: 1.59
Arith. Intensity OPS/Msgs: 0.32



===Core Utilization Total=== CORE-S:7;; TIME K cy:70 ;; Nodes Proc: 8,612,903 -- Edges Proc: 0

===PRINTING FRAME STATS

FCollision In Avg:77, SD:17, Max:100, Min:6
FCollision Out Avg:12, SD:4, Max:21, Min:0
FCollision End Avg:0, SD:0, Max:0, Min:0
FTask1 Avg:2, SD:7, Max:85, Min:0
FTask2 Avg:0, SD:0, Max:0, Min:0
FTask3 Avg:23, SD:13, Max:58, Min:0
FCore Active Avg:35, SD:20, Max:100, Min:0
FRouter Active Avg:96, SD:2, Max:101, Min:78
T1 invocations: 3,375
T2 invocations: 0
T3 invocations: 411,401
T3b invocations: 4,196,558
Total3 invocations: 4,607,959
Total4 invocations: 0

T3/T2 ratio: inf
T3b/T3 ratio: 10

T1 avg ex cycles: 198
T2 avg ex cycles: -nan
T3&b avg ex cycles: 2
T4 avg ex cycles: -nan
Avg. hops NOC1: -nan
Avg. latency NOC1 (T2): -nan
Avg. hops NOC2: 16
Avg. latency NOC2 (T3): 452

===PRINTING ACUM STATS at pu_cycles: 80,004

ACollision In Avg:21, SD:5, Max:30, Min:5
ACollision Out Avg:2, SD:1, Max:4, Min:0
ACollision End Avg:0, SD:0, Max:0, Min:0
ATask1 Avg:62, SD:2, Max:70, Min:61
ATask2 Avg:0, SD:0, Max:0, Min:0
ATask3 Avg:24, SD:3, Max:32, Min:17
ACore Active Avg:88, SD:4, Max:100, Min:80
ARouter Active Avg:85, SD:10, Max:96, Min:38
T1 invocations: 4,016,262
T2 invocations: 0
T3 invocations: 4,257,124
T3b invocations: 152,118,266
Total3 invocations: 156,375,390
Total4 invocations: 0

T3/T2 ratio: inf
T3b/T3 ratio: 36

T1 avg ex cycles: 201
T2 avg ex cycles: -nan
T3&b avg ex cycles: 2
T4 avg ex cycles: -nan
Avg. hops NOC1: -nan
Avg. latency NOC1 (T2): -nan
Avg. hops NOC2: 13
Avg. latency NOC2 (T3): 3,040
Number of K Nodes Processed: 157,112
Number of K Edges Processed: 157,112
Node Re-explore factor: 37.46
Edge Re-explore factor: 1.22
Nodes/cy: 1,964
Edges/cy: 1,964
TEPS: 1,604

---Pcache---
Pcache Size: 16,384
Cached: 0
  PHits: 0
  PMisses: 0
  PHit Rate (hit/miss): -nan%
  PEvictions: 0
  PEviction Rate (evict/misses): -nan%

---Energy---
Leakage Energy (nJ): 89,176
PU Dyn E (nJ): 7,417,602
Mem Dyn E (nJ): 24,833,453
Route Dyn E (nJ): 11,688,977
Dynamic Energy (nJ): 43,940,032
Ratio of Dyn/Leak: 493
Total Energy (nJ): 44,029,208
Total Energy (nJ) 3D: 45,063,789
Cores Energy (nJ): 7,421,164
Route Energy (nJ): 11,691,028
Route Energy (nJ) 3D: 12,725,609
Mem Energy   (nJ): 24,917,016
Mem Energy   (nJ) 3D: 24,917,016
Avg. Power (mW): 550,337.58
Power Density (mW/mm2): 159.00

---Runtime---
Runtime in K cycles: 80.00
Microseconds: 80.00
Time per iteration (ms): 0.08

---Throughput---
GOP/s (aka OPS/ns): 13,933.47
GOP/s per core: 0.85
FLOP/s: 1,603.81
FLOP/s per core: 0.10
Max Peak FLOP/s: 16,384.00
Avg. BW GB/s: 60,343.18
Max BW GB/s: 65,536.00

---Traffic---
In-Die bisection_bytes BW (GB/s): 2,048.00
Inter-board traffic (msg/ns): 0.00, per-link: 0.00
Inter-pack traffic (msg/ns): 0.00, per-link: 0.00
Inter-die traffic (msg/ns): 0.00, per-link: 0.00
Ruche traffic (msg/ns): 0.00, per-link: 0.00
All traffic (msg/ns): 49,319.85, per-link: 3.01
Inter-die reduction wrt all: inf
Inter-board reduction wrt inter-die: -nan

---Data Movement---
All traffic (msg): 3,945,785,164
Arith. Intensity FLOP/Loads: 0.17
Arith. Intensity FLOP/Msgs: 0.03
Arith. Intensity OPS/Loads: 1.52
Arith. Intensity OPS/Msgs: 0.28



===Core Utilization Total=== CORE-S:8;; TIME K cy:80 ;; Nodes Proc: 9,706,858 -- Edges Proc: 0

===PRINTING FRAME STATS

FCollision In Avg:72, SD:24, Max:101, Min:0
FCollision Out Avg:11, SD:5, Max:22, Min:0
FCollision End Avg:0, SD:0, Max:0, Min:0
FTask1 Avg:0, SD:0, Max:0, Min:0
FTask2 Avg:0, SD:0, Max:0, Min:0
FTask3 Avg:24, SD:15, Max:58, Min:0
FCore Active Avg:36, SD:22, Max:81, Min:0
FRouter Active Avg:97, SD:2, Max:101, Min:90
T1 invocations: 0
T2 invocations: 0
T3 invocations: 570,712
T3b invocations: 4,304,689
Total3 invocations: 4,875,401
Total4 invocations: 0

T3/T2 ratio: inf
T3b/T3 ratio: 8

T1 avg ex cycles: -nan
T2 avg ex cycles: -nan
T3&b avg ex cycles: 2
T4 avg ex cycles: -nan
Avg. hops NOC1: -nan
Avg. latency NOC1 (T2): -nan
Avg. hops NOC2: 17
Avg. latency NOC2 (T3): 130

===PRINTING ACUM STATS at pu_cycles: 90,004

ACollision In Avg:27, SD:4, Max:35, Min:4
ACollision Out Avg:4, SD:1, Max:5, Min:0
ACollision End Avg:0, SD:0, Max:0, Min:0
ATask1 Avg:55, SD:0, Max:61, Min:55
ATask2 Avg:0, SD:0, Max:0, Min:0
ATask3 Avg:24, SD:2, Max:30, Min:17
ACore Active Avg:82, SD:2, Max:89, Min:75
ARouter Active Avg:86, SD:9, Max:96, Min:50
T1 invocations: 4,016,264
T2 invocations: 0
T3 invocations: 6,583,380
T3b invocations: 169,782,255
Total3 invocations: 176,365,635
Total4 invocations: 0

T3/T2 ratio: inf
T3b/T3 ratio: 26

T1 avg ex cycles: 201
T2 avg ex cycles: -nan
T3&b avg ex cycles: 2
T4 avg ex cycles: -nan
Avg. hops NOC1: -nan
Avg. latency NOC1 (T2): -nan
Avg. hops NOC2: 13
Avg. latency NOC2 (T3): 2,710
Number of K Nodes Processed: 176,730
Number of K Edges Processed: 176,730
Node Re-explore factor: 42.14
Edge Re-explore factor: 1.38
Nodes/cy: 1,964
Edges/cy: 1,964
TEPS: 1,426

---Pcache---
Pcache Size: 16,384
Cached: 0
  PHits: 0
  PMisses: 0
  PHit Rate (hit/miss): -nan%
  PEvictions: 0
  PEviction Rate (evict/misses): -nan%

---Energy---
Leakage Energy (nJ): 100,322
PU Dyn E (nJ): 7,599,768
Mem Dyn E (nJ): 27,333,805
Route Dyn E (nJ): 13,748,282
Dynamic Energy (nJ): 48,681,856
Ratio of Dyn/Leak: 485
Total Energy (nJ): 48,782,178
Total Energy (nJ) 3D: 49,999,026
Cores Energy (nJ): 7,603,777
Route Energy (nJ): 13,750,590
Route Energy (nJ) 3D: 14,967,438
Mem Energy   (nJ): 27,427,812
Mem Energy   (nJ) 3D: 27,427,812
Avg. Power (mW): 542,000.11
Power Density (mW/mm2): 156.59

---Runtime---
Runtime in K cycles: 90.00
Microseconds: 90.00
Time per iteration (ms): 0.09

---Throughput---
GOP/s (aka OPS/ns): 12,829.58
GOP/s per core: 0.78
FLOP/s: 1,425.62
FLOP/s per core: 0.09
Max Peak FLOP/s: 16,384.00
Avg. BW GB/s: 58,969.18
Max BW GB/s: 65,536.00

---Traffic---
In-Die bisection_bytes BW (GB/s): 2,048.00
Inter-board traffic (msg/ns): 0.00, per-link: 0.00
Inter-pack traffic (msg/ns): 0.00, per-link: 0.00
Inter-die traffic (msg/ns): 0.00, per-link: 0.00
Ruche traffic (msg/ns): 0.00, per-link: 0.00
All traffic (msg/ns): 51,395.67, per-link: 3.14
Inter-die reduction wrt all: inf
Inter-board reduction wrt inter-die: -nan

---Data Movement---
All traffic (msg): 4,625,815,554
Arith. Intensity FLOP/Loads: 0.16
Arith. Intensity FLOP/Msgs: 0.03
Arith. Intensity OPS/Loads: 1.45
Arith. Intensity OPS/Msgs: 0.25



===Core Utilization Total=== CORE-S:9;; TIME K cy:90 ;; Nodes Proc: 10,878,442 -- Edges Proc: 0

===PRINTING FRAME STATS

FCollision In Avg:62, SD:19, Max:100, Min:1
FCollision Out Avg:9, SD:3, Max:21, Min:0
FCollision End Avg:0, SD:0, Max:0, Min:0
FTask1 Avg:0, SD:0, Max:0, Min:0
FTask2 Avg:0, SD:0, Max:0, Min:0
FTask3 Avg:28, SD:8, Max:55, Min:0
FCore Active Avg:42, SD:11, Max:75, Min:0
FRouter Active Avg:98, SD:2, Max:101, Min:78
T1 invocations: 0
T2 invocations: 0
T3 invocations: 1,312,317
T3b invocations: 4,437,265
Total3 invocations: 5,749,582
Total4 invocations: 0

T3/T2 ratio: inf
T3b/T3 ratio: 3

T1 avg ex cycles: -nan
T2 avg ex cycles: -nan
T3&b avg ex cycles: 2
T4 avg ex cycles: -nan
Avg. hops NOC1: -nan
Avg. latency NOC1 (T2): -nan
Avg. hops NOC2: 17
Avg. latency NOC2 (T3): 117

===PRINTING ACUM STATS at pu_cycles: 100,004

ACollision In Avg:30, SD:5, Max:38, Min:6
ACollision Out Avg:4, SD:1, Max:6, Min:0
ACollision End Avg:0, SD:0, Max:0, Min:0
ATask1 Avg:50, SD:1, Max:55, Min:49
ATask2 Avg:0, SD:0, Max:0, Min:0
ATask3 Avg:24, SD:1, Max:32, Min:17
ACore Active Avg:78, SD:2, Max:88, Min:73
ARouter Active Avg:87, SD:8, Max:97, Min:51
T1 invocations: 4,016,264
T2 invocations: 0
T3 invocations: 11,702,431
T3b invocations: 186,649,847
Total3 invocations: 198,352,278
Total4 invocations: 0

T3/T2 ratio: inf
T3b/T3 ratio: 16

T1 avg ex cycles: 201
T2 avg ex cycles: -nan
T3&b avg ex cycles: 2
T4 avg ex cycles: -nan
Avg. hops NOC1: -nan
Avg. latency NOC1 (T2): -nan
Avg. hops NOC2: 14
Avg. latency NOC2 (T3): 2,423
Number of K Nodes Processed: 199,894
Number of K Edges Processed: 199,894
Node Re-explore factor: 47.66
Edge Re-explore factor: 1.56
Nodes/cy: 1,999
Edges/cy: 1,999
TEPS: 1,283

---Pcache---
Pcache Size: 16,384
Cached: 0
  PHits: 0
  PMisses: 0
  PHit Rate (hit/miss): -nan%
  PEvictions: 0
  PEviction Rate (evict/misses): -nan%

---Energy---
Leakage Energy (nJ): 111,469
PU Dyn E (nJ): 7,800,125
Mem Dyn E (nJ): 30,083,860
Route Dyn E (nJ): 16,008,588
Dynamic Energy (nJ): 53,892,574
Ratio of Dyn/Leak: 483
Total Energy (nJ): 54,004,043
Total Energy (nJ) 3D: 55,420,949
Cores Energy (nJ): 7,804,578
Route Energy (nJ): 16,011,153
Route Energy (nJ) 3D: 17,428,058
Mem Energy   (nJ): 30,188,312
Mem Energy   (nJ) 3D: 30,188,312
Avg. Power (mW): 540,018.83
Power Density (mW/mm2): 156.02

---Runtime---
Runtime in K cycles: 100.00
Microseconds: 100.00
Time per iteration (ms): 0.10

---Throughput---
GOP/s (aka OPS/ns): 11,986.39
GOP/s per core: 0.73
FLOP/s: 1,283.06
FLOP/s per core: 0.08
Max Peak FLOP/s: 16,384.00
Avg. BW GB/s: 58,349.08
Max BW GB/s: 65,536.00

---Traffic---
In-Die bisection_bytes BW (GB/s): 2,048.00
Inter-board traffic (msg/ns): 0.00, per-link: 0.00
Inter-pack traffic (msg/ns): 0.00, per-link: 0.00
Inter-die traffic (msg/ns): 0.00, per-link: 0.00
Ruche traffic (msg/ns): 0.00, per-link: 0.00
All traffic (msg/ns): 53,720.96, per-link: 3.28
Inter-die reduction wrt all: inf
Inter-board reduction wrt inter-die: -nan

---Data Movement---
All traffic (msg): 5,372,311,280
Arith. Intensity FLOP/Loads: 0.15
Arith. Intensity FLOP/Msgs: 0.02
Arith. Intensity OPS/Loads: 1.39
Arith. Intensity OPS/Msgs: 0.22



===Core Utilization Total=== CORE-S:10;; TIME K cy:100 ;; Nodes Proc: 12,219,592 -- Edges Proc: 0
Epoch Done Router: 0
Epoch Done Router: 14
Epoch Done Router: 2
Epoch Done Router: 3
Epoch Done Router: 15
Epoch Done Router: 1
Epoch Done Router: 12
Epoch Done Router: 11
Epoch Done Router: 9
Epoch Done Router: 6
Epoch Done Router: 7
Epoch Done Router: 5
Epoch Done Router: 13
Epoch Done Router: 10
Epoch Done Router: 4
Epoch Done Router: 8
##EPOCH## 1 COMPLETED at Time (K cy): 108
Nodes processed until now: 207,505,130
Edges processed until now: 0
Program Done Worker Thread: 0
Program Done Router Thread: 13
Program Done Router Thread: 7
Program Done Router Thread: 11
Program Done Router Thread: 3
Program Done Router Thread: 8
Program Done Worker Thread: 2
Program Done Router Thread: 5
Program Done Router Thread: 9
Program Done Router Thread: 1
Program Done Worker Thread: 8
Program Done Worker Thread: 14
Program Done Worker Thread: 9
Program Done Worker Thread: 10
Program Done Worker Thread: 15
Program Done Worker Thread: 13
Program Done Router Thread: 10
Program Done Worker Thread: 4
Program Done Worker Thread: 3
Program Done Worker Thread: 5
Program Done Router Thread: 14
Program Done Router Thread: 15
Program Done Worker Thread: 1
Program Done Worker Thread: 7
Program Done Router Thread: 12
Program Done Router Thread: 0
Program Done Router Thread: 6
Program Done Worker Thread: 6
Program Done Worker Thread: 11
Program Done Router Thread: 4
Program Done Router Thread: 2
Program Done Worker Thread: 12

===PRINTING ACUM STATS at pu_cycles: 108,620

ACollision In Avg:29, SD:5, Max:40, Min:5
ACollision Out Avg:4, SD:1, Max:6, Min:0
ACollision End Avg:0, SD:0, Max:0, Min:0
ATask1 Avg:45, SD:0, Max:45, Min:45
ATask2 Avg:0, SD:0, Max:0, Min:0
ATask3 Avg:23, SD:2, Max:31, Min:19
ACore Active Avg:73, SD:2, Max:81, Min:68
ARouter Active Avg:84, SD:8, Max:96, Min:52
T1 invocations: 4,016,264
T2 invocations: 0
T3 invocations: 14,952,312
T3b invocations: 192,552,818
Total3 invocations: 207,505,130
Total4 invocations: 0

T3/T2 ratio: inf
T3b/T3 ratio: 13

T1 avg ex cycles: 201
T2 avg ex cycles: -nan
T3&b avg ex cycles: 2
T4 avg ex cycles: -nan
Avg. hops NOC1: -nan
Avg. latency NOC1 (T2): -nan
Avg. hops NOC2: 14
Avg. latency NOC2 (T3): 2,321

Runtime at program end in K cycles: 108
Runtime before cooldown in K cycles: 100


Number of K Nodes Processed: 207,505
Number of K Edges Processed: 207,505
Node Re-explore factor: 49.47
Edge Re-explore factor: 1.62
Nodes/cy: 1,910
Edges/cy: 1,910
TEPS: 1,181

---Pcache---
Pcache Size: 16,384
Cached: 0
  PHits: 0
  PMisses: 0
  PHit Rate (hit/miss): -nan%
  PEvictions: 0
  PEviction Rate (evict/misses): -nan%

---Energy---
Leakage Energy (nJ): 121,073
PU Dyn E (nJ): 7,883,532
Mem Dyn E (nJ): 31,228,685
Route Dyn E (nJ): 16,935,510
Dynamic Energy (nJ): 56,047,727
Ratio of Dyn/Leak: 463
Total Energy (nJ): 56,168,800
Total Energy (nJ) 3D: 57,667,746
Cores Energy (nJ): 7,888,369
Route Energy (nJ): 16,938,295
Route Energy (nJ) 3D: 18,437,241
Mem Energy   (nJ): 31,342,136
Mem Energy   (nJ) 3D: 31,342,136
Avg. Power (mW): 517,112.87
Power Density (mW/mm2): 149.40

---Runtime---
Runtime in K cycles: 108.62
Microseconds: 108.62
Time per iteration (ms): 0.11

---Inst---
K Loads: 887,170
K Stores: 626,531
K Instructions: 1,216,992

---Throughput---
GOP/s (aka OPS/ns): 11,204.13
GOP/s per core: 0.68
FLOP/s: 1,181.29
FLOP/s per core: 0.07
Max Peak FLOP/s: 16,384.00
Avg. BW GB/s: 55,743.05
Max BW GB/s: 65,536.00

---Traffic---
In-Die bisection_bytes BW (GB/s): 2,048.00
Inter-board traffic (msg/ns): 0.00, per-link: 0.00
Inter-pack traffic (msg/ns): 0.00, per-link: 0.00
Inter-die traffic (msg/ns): 0.00, per-link: 0.00
Ruche traffic (msg/ns): 0.00, per-link: 0.00
All traffic (msg/ns): 52,280.54, per-link: 3.19
Inter-die reduction wrt all: inf
Inter-board reduction wrt inter-die: -nan

---Data Movement---
All traffic (msg): 5,678,712,046
Arith. Intensity FLOP/Loads: 0.14
Arith. Intensity FLOP/Msgs: 0.02
Arith. Intensity OPS/Loads: 1.37
Arith. Intensity OPS/Msgs: 0.21

Simulation time: 497.07
Sim noc_cy/s: 218.52
Sim Msg/s: 11,424,345.85

Version 31

