Dataset:  wikipedia/
Dry run: 0
Open Edge Count File succesfully
Edges Traversed BFS: 95554407
Found Vertices: 4210688, Edges: 101311613
avg degree 25
Array  wikipedia/node_array.bin found
Malloc array of size 16842756 bytes
Readin array of size 16825160 bytes
Finished Reading Array Bytes
No reordering Array 32bit
Array  wikipedia/edge_array.bin found
Malloc array of size 405246452 bytes
Readin array of size 405246452 bytes
Finished Reading Array Bytes
No reordering Array 32bit
Array  wikipedia/edge_values.bin found
Malloc array of size 405246452 bytes
Readin array of size 405246452 bytes
Finished Reading Array Bytes
No reordering Array 32bit
Reading graph elapsed time: 0.18435s

Dataset Footprint: 822 MiB
Dataset Footprint per Board: 6895.44 Mb
Dataset injection time (ms): 0.105216
Max Dataset Footprint: 821 MiB

Dataset footprint per tile: 51 KiB
Proxys footprint per tile: 64 KiB
Reserved SRAM per tile: 41 KiB

Ideal SRAM per tile: 156 KiB
reserved_words_for_dataset:24103
dataset_words_per_tile:13152
remaining_sram_words:120518
min_dcache_sram_words_required:13152
dataset_words_per_tile:13152
min_pcache_sram_words_required:8
proxys_words_per_tile:16448
Dcache footprint ratio: 1
Pcache footprint ratio: 1
Dataset Cached: 0
DCache: 13152 words, lines: 822, sets: 822
Proxys Cached: 0
Pcache: 16448 words, sets: 16448
Node per tile: 257
Edge per tile: 6,184
GRID_X: 128
GRID_SIZE: 16,384
smt_per_tile: 1
noc_freq: 1
pu_freq: 1
RUCHE_X: 0
PROXY_W: 16
DIE_W: 128
DIE_H: 128
DIES: 1
BORDER_TILES_PER_DIE: 512
PACK_W: 128
PACK_H: 128
DIES_PACK_FACTOR: 1
DIES_PER_PACK: 1
PACKAGES: 1
BOARD_W: 128
BOARD_H: 128
BOARDS: 1
MUX_BUS: 1
DCACHE: 0
PCACHE: 1
PROXY_FACTOR: 8
CACHE_WAYS: 1
TORUS: 1
PHY_NOCS: 1
WIDE_NOC_ID: 0
NOC_CONF: 1
noc_width: 32
hbm_channel_bit_width: 512
ld_st_op_byte_width: 4
PROXY_ROUTING: 3
WRITE_THROUGH: 0
ASSERT_MODE: 0
GLOBAL_BARRIER: 0
OQ flits: 36 ; 192 ; 384
IQ flits: 576 ; 3,072 ; 6,144
OQ messages: 12 ; 96 ; 192
IQ messages: 192 ; 1,536 ; 3,072
max_task2 size: 64
io_factor_t2: 16
io_factor_t3: 16
io_factor_t3b: 16

Active SRAM Storage per tile: 156 KiB
Total SRAM Storage per tile: 512 KiB
Agreggated SRAM Storage: 8,192 MiB

Inter-Die #links: 4,096
Inter-Die (Gbits): 131,072
Inter-Die (Gbits/mm): 563.524
Bisection BW of Board (Gbits): 32,768
Border IO #Dies: 4
Border IO Die BW (Gbits): 16,384
Off-Board BW Total (Gbits): 65,536
Off-Board BW Density (Gbits/mm): 278
Die side: 58.15 mm
Die border wire density: 563.52 Gbits/mm
HBM wire density: 70.44 Gbits/mm

Tiles per Die: 16,384 (128x128)
Tile Area: 0.19 mm2, side: 0.44 mm
- Core/Rout Area: 0.05 mm2
- SRAM Area: 0.14 mm2
- SRAM/Logic Ratio: 2.80x

Dies per Package: 1 (1x1)
Die Area: 3,381.23 mm2, side: 58.15 mm
- Tiles Area: 3,191.28 mm2
- PHY Area: 189.96 mm2
- MC Area: 0.00 mm2

Packages per Board: 1 (1x1)
Package Area: 3,461.23 mm2, side: 58.83 mm
- IOdie Area: 80.00 mm2
- Dies Area: 3,381.23 mm2
- HBM Area: 0.00 mm2

Boards: 1 (1x1)
Board Area: 3,461.23 mm2
Total Area: 3,461.23 mm2



ESTIMATED COST OF SILICON AND PACKAGING. ONLY VARIABLE, NO FIXED COSTS
Good dies per wafer 3d: 5
Good dies per wafer 2d: 6
--Dies 3D Cost: 1,209.40 $
--Dies 2.5D Cost: 1,007.83 $
--Dies 2D Cost: 1,007.83 $
--HBM Cost: 60.00 $
--IOdie Cost: 8.44 $
--Packaging Cost 3d: 233.07 $
--Packaging Cost 2.5d: 505.18 $
--Packaging Cost 2d: 152.44 $
SiP Cost 3d: 1,510.91 $
SiP Cost 2.5d: 1,581.46 $
SiP Cost 2d: 1,168.71 $
--Board Cost: 3.46 $
Total SiPs Cost 3d: 1,514.37 $
Total SiPs Cost 2.5d: 1,584.92 $
Total SiPs Cost 2d: 1,172.18 $

Perf counters initialized
Mesh connected
Cache structures initialized
Allocated proxys
proxys initialized
Dataset structures initialized


Starting Simulation
INIT epoch: 1
INIT epoch: 1
INIT epoch: 1
INIT epoch: 1
INIT epoch: 1
INIT epoch: 1
INIT epoch: 1
INIT epoch: 1

===PRINTING FRAME STATS

FCollision In Avg:-nan, SD:-nan, Max:419, Min:1
FCollision Out Avg:-nan, SD:-nan, Max:266, Min:0
FCollision End Avg:-nan, SD:-nan, Max:60, Min:0
FTask1 Avg:-nan, SD:-nan, Max:87, Min:3
FTask2 Avg:-nan, SD:-nan, Max:96, Min:0
FTask3 Avg:-nan, SD:-nan, Max:88, Min:0
FCore Active Avg:-nan, SD:-nan, Max:100, Min:8
FRouter Active Avg:-nan, SD:-nan, Max:100, Min:6
T1 invocations: 59,523
T2 invocations: 156,348
T3 invocations: 165,059
T3b invocations: 2,605,634
Total3 invocations: 2,770,693
Total4 invocations: 0

T3/T2 ratio: 1
T3b/T3 ratio: 16

T1 avg ex cycles: 141
T2 avg ex cycles: 48
T3&b avg ex cycles: 2
T4 avg ex cycles: -nan
Avg. hops NOC1: 44
Avg. latency NOC1 (T2): 3,273
Avg. hops NOC2: 13
Avg. latency NOC2 (T3): 1,076

===PRINTING ACUM STATS at pu_cycles: 10,678

ACollision In Avg:143, SD:47, Max:419, Min:1
ACollision Out Avg:118, SD:37, Max:266, Min:0
ACollision End Avg:0, SD:3, Max:60, Min:0
ATask1 Avg:21, SD:13, Max:87, Min:3
ATask2 Avg:18, SD:18, Max:96, Min:0
ATask3 Avg:14, SD:9, Max:88, Min:0
ACore Active Avg:52, SD:22, Max:100, Min:8
ARouter Active Avg:74, SD:16, Max:100, Min:6
T1 invocations: 263,086
T2 invocations: 591,555
T3 invocations: 690,590
T3b invocations: 9,376,693
Total3 invocations: 10,067,283
Total4 invocations: 0

T3/T2 ratio: 1
T3b/T3 ratio: 14

T1 avg ex cycles: 142
T2 avg ex cycles: 48
T3&b avg ex cycles: 2
T4 avg ex cycles: -nan
Avg. hops NOC1: 49
Avg. latency NOC1 (T2): 3,249
Avg. hops NOC2: 12
Avg. latency NOC2 (T3): 1,224
Number of K Nodes Processed: 10,417
Number of K Edges Processed: 12,165
Node Re-explore factor: 2.47
Edge Re-explore factor: 0.12
Nodes/cy: 976
Edges/cy: 1,139
TEPS: 8,949

---Pcache---
Pcache Size: 16,448
Cached: 0
  PHits: 0
  PMisses: 0
  PHit Rate (hit/miss): -nan%
  PEvictions: 0
  PEviction Rate (evict/misses): -nan%

---Energy---
Leakage Energy (nJ): 17,807
PU Dyn E (nJ): 789,142
Mem Dyn E (nJ): 2,511,587
Route Dyn E (nJ): 1,008,329
Dynamic Energy (nJ): 4,309,058
Ratio of Dyn/Leak: 242
Total Energy (nJ): 4,326,865
Total Energy (nJ) 3D: 4,416,112
Cores Energy (nJ): 789,618
Route Energy (nJ): 1,008,604
Route Energy (nJ) 3D: 1,097,850
Mem Energy   (nJ): 2,528,644
Mem Energy   (nJ) 3D: 2,528,644
Avg. Power (mW): 405,213.02
Power Density (mW/mm2): 117.07

---Runtime---
Runtime in K cycles: 10.68
Microseconds: 10.68
Time per iteration (ms): 0.01

---Throughput---
GOP/s (aka OPS/ns): 8,016.86
GOP/s per core: 0.49
FLOP/s: 2,050.78
FLOP/s per core: 0.13
Max Peak FLOP/s: 16,384.00
Avg. BW GB/s: 45,120.39
Max BW GB/s: 65,536.00

---Traffic---
In-Die bisection_bytes BW (GB/s): 2,048.00
Inter-board traffic (msg/ns): 0.00, per-link: 0.00
Inter-pack traffic (msg/ns): 0.00, per-link: 0.00
Inter-die traffic (msg/ns): 0.00, per-link: 0.00
Ruche traffic (msg/ns): 0.00, per-link: 0.00
All traffic (msg/ns): 31,401.65, per-link: 1.92
Inter-die reduction wrt all: inf
Inter-board reduction wrt inter-die: -nan

---Data Movement---
All traffic (msg): 335,306,782
Arith. Intensity FLOP/Loads: 0.37
Arith. Intensity FLOP/Msgs: 0.07
Arith. Intensity OPS/Loads: 1.43
Arith. Intensity OPS/Msgs: 0.26



===Core Utilization Total=== CORE-S:1;; TIME K cy:10 ;; Nodes Proc: 1,317,480 -- Edges Proc: 1,571,303

===PRINTING FRAME STATS

FCollision In Avg:122, SD:42, Max:426, Min:0
FCollision Out Avg:112, SD:35, Max:288, Min:0
FCollision End Avg:0, SD:5, Max:100, Min:0
FTask1 Avg:7, SD:10, Max:67, Min:0
FTask2 Avg:14, SD:20, Max:100, Min:0
FTask3 Avg:12, SD:11, Max:100, Min:0
FCore Active Avg:33, SD:25, Max:100, Min:2
FRouter Active Avg:61, SD:19, Max:101, Min:9
T1 invocations: 21,003
T2 invocations: 114,954
T3 invocations: 190,996
T3b invocations: 2,339,371
Total3 invocations: 2,530,367
Total4 invocations: 0

T3/T2 ratio: 2
T3b/T3 ratio: 12

T1 avg ex cycles: 127
T2 avg ex cycles: 50
T3&b avg ex cycles: 2
T4 avg ex cycles: -nan
Avg. hops NOC1: 28
Avg. latency NOC1 (T2): 8,316
Avg. hops NOC2: 12
Avg. latency NOC2 (T3): 1,264

===PRINTING ACUM STATS at pu_cycles: 20,646

ACollision In Avg:132, SD:40, Max:420, Min:1
ACollision Out Avg:115, SD:33, Max:249, Min:0
ACollision End Avg:0, SD:4, Max:79, Min:0
ATask1 Avg:14, SD:9, Max:65, Min:2
ATask2 Avg:16, SD:16, Max:79, Min:0
ATask3 Avg:13, SD:9, Max:94, Min:0
ACore Active Avg:43, SD:21, Max:100, Min:6
ARouter Active Avg:68, SD:16, Max:100, Min:10
T1 invocations: 333,721
T2 invocations: 992,716
T3 invocations: 1,569,045
T3b invocations: 18,058,528
Total3 invocations: 19,627,573
Total4 invocations: 0

T3/T2 ratio: 2
T3b/T3 ratio: 12

T1 avg ex cycles: 137
T2 avg ex cycles: 50
T3&b avg ex cycles: 2
T4 avg ex cycles: -nan
Avg. hops NOC1: 40
Avg. latency NOC1 (T2): 5,555
Avg. hops NOC2: 12
Avg. latency NOC2 (T3): 1,382
Number of K Nodes Processed: 19,904
Number of K Edges Processed: 20,985
Node Re-explore factor: 4.73
Edge Re-explore factor: 0.21
Nodes/cy: 964
Edges/cy: 1,016
TEPS: 4,628

---Pcache---
Pcache Size: 16,448
Cached: 0
  PHits: 0
  PMisses: 0
  PHit Rate (hit/miss): -nan%
  PEvictions: 0
  PEviction Rate (evict/misses): -nan%

---Energy---
Leakage Energy (nJ): 34,429
PU Dyn E (nJ): 1,346,814
Mem Dyn E (nJ): 4,544,348
Route Dyn E (nJ): 1,742,440
Dynamic Energy (nJ): 7,633,603
Ratio of Dyn/Leak: 222
Total Energy (nJ): 7,668,032
Total Energy (nJ) 3D: 7,822,253
Cores Energy (nJ): 1,347,734
Route Energy (nJ): 1,742,969
Route Energy (nJ) 3D: 1,897,191
Mem Energy   (nJ): 4,577,329
Mem Energy   (nJ) 3D: 4,577,329
Avg. Power (mW): 371,405.23
Power Density (mW/mm2): 107.30

---Runtime---
Runtime in K cycles: 20.65
Microseconds: 20.65
Time per iteration (ms): 0.02

---Throughput---
GOP/s (aka OPS/ns): 6,497.30
GOP/s per core: 0.40
FLOP/s: 1,954.97
FLOP/s per core: 0.12
Max Peak FLOP/s: 16,384.00
Avg. BW GB/s: 42,226.39
Max BW GB/s: 65,536.00

---Traffic---
In-Die bisection_bytes BW (GB/s): 2,048.00
Inter-board traffic (msg/ns): 0.00, per-link: 0.00
Inter-pack traffic (msg/ns): 0.00, per-link: 0.00
Inter-die traffic (msg/ns): 0.00, per-link: 0.00
Ruche traffic (msg/ns): 0.00, per-link: 0.00
All traffic (msg/ns): 28,276.60, per-link: 1.73
Inter-die reduction wrt all: inf
Inter-board reduction wrt inter-die: -nan

---Data Movement---
All traffic (msg): 583,798,606
Arith. Intensity FLOP/Loads: 0.37
Arith. Intensity FLOP/Msgs: 0.07
Arith. Intensity OPS/Loads: 1.23
Arith. Intensity OPS/Msgs: 0.23



===Core Utilization Total=== CORE-S:2;; TIME K cy:20 ;; Nodes Proc: 2,518,453 -- Edges Proc: 2,690,227

===PRINTING FRAME STATS

FCollision In Avg:109, SD:38, Max:389, Min:0
FCollision Out Avg:101, SD:33, Max:296, Min:0
FCollision End Avg:0, SD:4, Max:100, Min:0
FTask1 Avg:5, SD:11, Max:74, Min:0
FTask2 Avg:10, SD:19, Max:100, Min:0
FTask3 Avg:10, SD:10, Max:100, Min:0
FCore Active Avg:26, SD:25, Max:100, Min:1
FRouter Active Avg:56, SD:19, Max:101, Min:7
T1 invocations: 17,173
T2 invocations: 84,811
T3 invocations: 250,421
T3b invocations: 1,791,577
Total3 invocations: 2,041,998
Total4 invocations: 0

T3/T2 ratio: 3
T3b/T3 ratio: 7

T1 avg ex cycles: 129
T2 avg ex cycles: 50
T3&b avg ex cycles: 2
T4 avg ex cycles: -nan
Avg. hops NOC1: 30
Avg. latency NOC1 (T2): 9,389
Avg. hops NOC2: 13
Avg. latency NOC2 (T3): 1,570

===PRINTING ACUM STATS at pu_cycles: 30,654

ACollision In Avg:124, SD:36, Max:407, Min:1
ACollision Out Avg:110, SD:30, Max:244, Min:0
ACollision End Avg:0, SD:3, Max:69, Min:0
ATask1 Avg:11, SD:7, Max:44, Min:1
ATask2 Avg:14, SD:14, Max:61, Min:0
ATask3 Avg:12, SD:8, Max:96, Min:2
ACore Active Avg:37, SD:19, Max:100, Min:5
ARouter Active Avg:64, SD:16, Max:100, Min:10
T1 invocations: 382,679
T2 invocations: 1,302,322
T3 invocations: 2,555,725
T3b invocations: 24,879,094
Total3 invocations: 27,434,819
Total4 invocations: 0

T3/T2 ratio: 2
T3b/T3 ratio: 10

T1 avg ex cycles: 136
T2 avg ex cycles: 51
T3&b avg ex cycles: 2
T4 avg ex cycles: -nan
Avg. hops NOC1: 36
Avg. latency NOC1 (T2): 7,111
Avg. hops NOC2: 12
Avg. latency NOC2 (T3): 1,437
Number of K Nodes Processed: 27,648
Number of K Edges Processed: 27,897
Node Re-explore factor: 6.57
Edge Re-explore factor: 0.28
Nodes/cy: 902
Edges/cy: 910
TEPS: 3,117

---Pcache---
Pcache Size: 16,448
Cached: 0
  PHits: 0
  PMisses: 0
  PHit Rate (hit/miss): -nan%
  PEvictions: 0
  PEviction Rate (evict/misses): -nan%

---Energy---
Leakage Energy (nJ): 51,119
PU Dyn E (nJ): 1,789,955
Mem Dyn E (nJ): 6,173,630
Route Dyn E (nJ): 2,391,175
Dynamic Energy (nJ): 10,354,761
Ratio of Dyn/Leak: 203
Total Energy (nJ): 10,405,880
Total Energy (nJ) 3D: 10,617,521
Cores Energy (nJ): 1,791,321
Route Energy (nJ): 2,391,962
Route Energy (nJ) 3D: 2,603,603
Mem Energy   (nJ): 6,222,598
Mem Energy   (nJ) 3D: 6,222,598
Avg. Power (mW): 339,462.38
Power Density (mW/mm2): 98.08

---Runtime---
Runtime in K cycles: 30.65
Microseconds: 30.65
Time per iteration (ms): 0.03

---Throughput---
GOP/s (aka OPS/ns): 5,618.53
GOP/s per core: 0.34
FLOP/s: 1,799.28
FLOP/s per core: 0.11
Max Peak FLOP/s: 16,384.00
Avg. BW GB/s: 38,638.02
Max BW GB/s: 65,536.00

---Traffic---
In-Die bisection_bytes BW (GB/s): 2,048.00
Inter-board traffic (msg/ns): 0.00, per-link: 0.00
Inter-pack traffic (msg/ns): 0.00, per-link: 0.00
Inter-die traffic (msg/ns): 0.00, per-link: 0.00
Ruche traffic (msg/ns): 0.00, per-link: 0.00
All traffic (msg/ns): 26,162.15, per-link: 1.60
Inter-die reduction wrt all: inf
Inter-board reduction wrt inter-die: -nan

---Data Movement---
All traffic (msg): 801,974,580
Arith. Intensity FLOP/Loads: 0.37
Arith. Intensity FLOP/Msgs: 0.07
Arith. Intensity OPS/Loads: 1.17
Arith. Intensity OPS/Msgs: 0.21



===Core Utilization Total=== CORE-S:3;; TIME K cy:30 ;; Nodes Proc: 3,516,846 -- Edges Proc: 3,569,935

===PRINTING FRAME STATS

FCollision In Avg:103, SD:34, Max:384, Min:0
FCollision Out Avg:101, SD:33, Max:312, Min:0
FCollision End Avg:0, SD:3, Max:100, Min:0
FTask1 Avg:4, SD:9, Max:68, Min:0
FTask2 Avg:8, SD:16, Max:100, Min:0
FTask3 Avg:8, SD:9, Max:100, Min:0
FCore Active Avg:20, SD:21, Max:100, Min:1
FRouter Active Avg:52, SD:19, Max:101, Min:9
T1 invocations: 12,887
T2 invocations: 62,609
T3 invocations: 239,214
T3b invocations: 1,346,001
Total3 invocations: 1,585,215
Total4 invocations: 0

T3/T2 ratio: 4
T3b/T3 ratio: 6

T1 avg ex cycles: 128
T2 avg ex cycles: 52
T3&b avg ex cycles: 2
T4 avg ex cycles: -nan
Avg. hops NOC1: 37
Avg. latency NOC1 (T2): 13,260
Avg. hops NOC2: 15
Avg. latency NOC2 (T3): 1,261

===PRINTING ACUM STATS at pu_cycles: 40,642

ACollision In Avg:119, SD:32, Max:357, Min:1
ACollision Out Avg:108, SD:28, Max:255, Min:0
ACollision End Avg:0, SD:3, Max:76, Min:0
ATask1 Avg:9, SD:6, Max:33, Min:1
ATask2 Avg:13, SD:11, Max:47, Min:0
ATask3 Avg:11, SD:8, Max:87, Min:2
ACore Active Avg:33, SD:17, Max:100, Min:5
ARouter Active Avg:61, SD:15, Max:99, Min:11
T1 invocations: 434,232
T2 invocations: 1,569,610
T3 invocations: 3,582,860
T3b invocations: 30,625,582
Total3 invocations: 34,208,442
Total4 invocations: 0

T3/T2 ratio: 2
T3b/T3 ratio: 9

T1 avg ex cycles: 134
T2 avg ex cycles: 51
T3&b avg ex cycles: 2
T4 avg ex cycles: -nan
Avg. hops NOC1: 35
Avg. latency NOC1 (T2): 8,610
Avg. hops NOC2: 12
Avg. latency NOC2 (T3): 1,418
Number of K Nodes Processed: 34,465
Number of K Edges Processed: 33,994
Node Re-explore factor: 8.19
Edge Re-explore factor: 0.34
Nodes/cy: 848
Edges/cy: 836
TEPS: 2,351

---Pcache---
Pcache Size: 16,448
Cached: 0
  PHits: 0
  PMisses: 0
  PHit Rate (hit/miss): -nan%
  PEvictions: 0
  PEviction Rate (evict/misses): -nan%

---Energy---
Leakage Energy (nJ): 67,775
PU Dyn E (nJ): 2,177,834
Mem Dyn E (nJ): 7,589,321
Route Dyn E (nJ): 3,033,376
Dynamic Energy (nJ): 12,800,532
Ratio of Dyn/Leak: 189
Total Energy (nJ): 12,868,307
Total Energy (nJ) 3D: 13,136,788
Cores Energy (nJ): 2,179,644
Route Energy (nJ): 3,034,419
Route Energy (nJ) 3D: 3,302,900
Mem Energy   (nJ): 7,654,244
Mem Energy   (nJ) 3D: 7,654,244
Avg. Power (mW): 316,625.82
Power Density (mW/mm2): 91.48

---Runtime---
Runtime in K cycles: 40.64
Microseconds: 40.64
Time per iteration (ms): 0.04

---Throughput---
GOP/s (aka OPS/ns): 5,072.56
GOP/s per core: 0.31
FLOP/s: 1,672.05
FLOP/s per core: 0.10
Max Peak FLOP/s: 16,384.00
Avg. BW GB/s: 35,825.73
Max BW GB/s: 65,536.00

---Traffic---
In-Die bisection_bytes BW (GB/s): 2,048.00
Inter-board traffic (msg/ns): 0.00, per-link: 0.00
Inter-pack traffic (msg/ns): 0.00, per-link: 0.00
Inter-die traffic (msg/ns): 0.00, per-link: 0.00
Ruche traffic (msg/ns): 0.00, per-link: 0.00
All traffic (msg/ns): 24,996.93, per-link: 1.53
Inter-die reduction wrt all: inf
Inter-board reduction wrt inter-die: -nan

---Data Movement---
All traffic (msg): 1,015,925,300
Arith. Intensity FLOP/Loads: 0.37
Arith. Intensity FLOP/Msgs: 0.07
Arith. Intensity OPS/Loads: 1.14
Arith. Intensity OPS/Msgs: 0.20



===Core Utilization Total=== CORE-S:4;; TIME K cy:40 ;; Nodes Proc: 4,362,926 -- Edges Proc: 4,291,784

===PRINTING FRAME STATS

FCollision In Avg:104, SD:34, Max:442, Min:0
FCollision Out Avg:109, SD:39, Max:273, Min:0
FCollision End Avg:0, SD:2, Max:96, Min:0
FTask1 Avg:5, SD:9, Max:75, Min:0
FTask2 Avg:10, SD:18, Max:100, Min:0
FTask3 Avg:9, SD:8, Max:96, Min:0
FCore Active Avg:25, SD:21, Max:100, Min:1
FRouter Active Avg:60, SD:18, Max:100, Min:13
T1 invocations: 16,424
T2 invocations: 84,085
T3 invocations: 307,646
T3b invocations: 1,572,465
Total3 invocations: 1,880,111
Total4 invocations: 0

T3/T2 ratio: 4
T3b/T3 ratio: 5

T1 avg ex cycles: 127
T2 avg ex cycles: 49
T3&b avg ex cycles: 2
T4 avg ex cycles: -nan
Avg. hops NOC1: 34
Avg. latency NOC1 (T2): 13,462
Avg. hops NOC2: 16
Avg. latency NOC2 (T3): 750

===PRINTING ACUM STATS at pu_cycles: 50,681

ACollision In Avg:116, SD:30, Max:310, Min:1
ACollision Out Avg:108, SD:27, Max:258, Min:0
ACollision End Avg:0, SD:2, Max:80, Min:0
ATask1 Avg:8, SD:5, Max:26, Min:1
ATask2 Avg:12, SD:10, Max:39, Min:0
ATask3 Avg:11, SD:7, Max:82, Min:2
ACore Active Avg:31, SD:15, Max:100, Min:5
ARouter Active Avg:60, SD:15, Max:98, Min:13
T1 invocations: 498,582
T2 invocations: 1,893,452
T3 invocations: 4,823,593
T3b invocations: 36,983,029
Total3 invocations: 41,806,622
Total4 invocations: 0

T3/T2 ratio: 3
T3b/T3 ratio: 8

T1 avg ex cycles: 133
T2 avg ex cycles: 51
T3&b avg ex cycles: 2
T4 avg ex cycles: -nan
Avg. hops NOC1: 34
Avg. latency NOC1 (T2): 9,951
Avg. hops NOC2: 13
Avg. latency NOC2 (T3): 1,352
Number of K Nodes Processed: 42,109
Number of K Edges Processed: 40,922
Node Re-explore factor: 10.00
Edge Re-explore factor: 0.40
Nodes/cy: 831
Edges/cy: 807
TEPS: 1,885

---Pcache---
Pcache Size: 16,448
Cached: 0
  PHits: 0
  PMisses: 0
  PHit Rate (hit/miss): -nan%
  PEvictions: 0
  PEviction Rate (evict/misses): -nan%

---Energy---
Leakage Energy (nJ): 84,516
PU Dyn E (nJ): 2,622,525
Mem Dyn E (nJ): 9,197,846
Route Dyn E (nJ): 3,818,454
Dynamic Energy (nJ): 15,638,825
Ratio of Dyn/Leak: 185
Total Energy (nJ): 15,723,341
Total Energy (nJ) 3D: 16,061,309
Cores Energy (nJ): 2,624,782
Route Energy (nJ): 3,819,754
Route Energy (nJ) 3D: 4,157,722
Mem Energy   (nJ): 9,278,806
Mem Energy   (nJ) 3D: 9,278,806
Avg. Power (mW): 310,241.33
Power Density (mW/mm2): 89.63

---Runtime---
Runtime in K cycles: 50.68
Microseconds: 50.68
Time per iteration (ms): 0.05

---Throughput---
GOP/s (aka OPS/ns): 4,848.58
GOP/s per core: 0.30
FLOP/s: 1,627.08
FLOP/s per core: 0.10
Max Peak FLOP/s: 16,384.00
Avg. BW GB/s: 34,818.68
Max BW GB/s: 65,536.00

---Traffic---
In-Die bisection_bytes BW (GB/s): 2,048.00
Inter-board traffic (msg/ns): 0.00, per-link: 0.00
Inter-pack traffic (msg/ns): 0.00, per-link: 0.00
Inter-die traffic (msg/ns): 0.00, per-link: 0.00
Ruche traffic (msg/ns): 0.00, per-link: 0.00
All traffic (msg/ns): 25,179.10, per-link: 1.54
Inter-die reduction wrt all: inf
Inter-board reduction wrt inter-die: -nan

---Data Movement---
All traffic (msg): 1,276,102,086
Arith. Intensity FLOP/Loads: 0.37
Arith. Intensity FLOP/Msgs: 0.06
Arith. Intensity OPS/Loads: 1.12
Arith. Intensity OPS/Msgs: 0.19



===Core Utilization Total=== CORE-S:5;; TIME K cy:50 ;; Nodes Proc: 5,251,152 -- Edges Proc: 5,108,795

===PRINTING FRAME STATS

FCollision In Avg:113, SD:44, Max:455, Min:0
FCollision Out Avg:123, SD:50, Max:340, Min:0
FCollision End Avg:0, SD:2, Max:71, Min:0
FTask1 Avg:9, SD:13, Max:71, Min:0
FTask2 Avg:13, SD:20, Max:100, Min:0
FTask3 Avg:12, SD:10, Max:96, Min:0
FCore Active Avg:34, SD:24, Max:100, Min:1
FRouter Active Avg:73, SD:17, Max:101, Min:13
T1 invocations: 28,260
T2 invocations: 110,612
T3 invocations: 336,996
T3b invocations: 2,077,322
Total3 invocations: 2,414,318
Total4 invocations: 0

T3/T2 ratio: 3
T3b/T3 ratio: 6

T1 avg ex cycles: 127
T2 avg ex cycles: 49
T3&b avg ex cycles: 2
T4 avg ex cycles: -nan
Avg. hops NOC1: 41
Avg. latency NOC1 (T2): 10,401
Avg. hops NOC2: 16
Avg. latency NOC2 (T3): 935

===PRINTING ACUM STATS at pu_cycles: 60,620

ACollision In Avg:115, SD:29, Max:303, Min:6
ACollision Out Avg:110, SD:28, Max:238, Min:0
ACollision End Avg:0, SD:2, Max:78, Min:0
ATask1 Avg:8, SD:4, Max:22, Min:1
ATask2 Avg:12, SD:9, Max:33, Min:0
ATask3 Avg:11, SD:7, Max:84, Min:2
ACore Active Avg:32, SD:13, Max:100, Min:4
ARouter Active Avg:62, SD:14, Max:98, Min:14
T1 invocations: 578,772
T2 invocations: 2,274,822
T3 invocations: 6,148,642
T3b invocations: 44,445,866
Total3 invocations: 50,594,508
Total4 invocations: 0

T3/T2 ratio: 3
T3b/T3 ratio: 7

T1 avg ex cycles: 132
T2 avg ex cycles: 51
T3&b avg ex cycles: 2
T4 avg ex cycles: -nan
Avg. hops NOC1: 34
Avg. latency NOC1 (T2): 10,625
Avg. hops NOC2: 13
Avg. latency NOC2 (T3): 1,313
Number of K Nodes Processed: 50,859
Number of K Edges Processed: 48,886
Node Re-explore factor: 12.08
Edge Re-explore factor: 0.48
Nodes/cy: 839
Edges/cy: 806
TEPS: 1,576

---Pcache---
Pcache Size: 16,448
Cached: 0
  PHits: 0
  PMisses: 0
  PHit Rate (hit/miss): -nan%
  PEvictions: 0
  PEviction Rate (evict/misses): -nan%

---Energy---
Leakage Energy (nJ): 101,090
PU Dyn E (nJ): 3,141,137
Mem Dyn E (nJ): 11,064,543
Route Dyn E (nJ): 4,749,972
Dynamic Energy (nJ): 18,955,653
Ratio of Dyn/Leak: 188
Total Energy (nJ): 19,056,743
Total Energy (nJ) 3D: 19,477,158
Cores Energy (nJ): 3,143,837
Route Energy (nJ): 4,751,526
Route Energy (nJ) 3D: 5,171,942
Mem Energy   (nJ): 11,161,380
Mem Energy   (nJ) 3D: 11,161,380
Avg. Power (mW): 314,363.96
Power Density (mW/mm2): 90.82

---Runtime---
Runtime in K cycles: 60.62
Microseconds: 60.62
Time per iteration (ms): 0.06

---Throughput---
GOP/s (aka OPS/ns): 4,823.15
GOP/s per core: 0.29
FLOP/s: 1,637.34
FLOP/s per core: 0.10
Max Peak FLOP/s: 16,384.00
Avg. BW GB/s: 35,018.01
Max BW GB/s: 65,536.00

---Traffic---
In-Die bisection_bytes BW (GB/s): 2,048.00
Inter-board traffic (msg/ns): 0.00, per-link: 0.00
Inter-pack traffic (msg/ns): 0.00, per-link: 0.00
Inter-die traffic (msg/ns): 0.00, per-link: 0.00
Ruche traffic (msg/ns): 0.00, per-link: 0.00
All traffic (msg/ns): 26,135.69, per-link: 1.60
Inter-die reduction wrt all: inf
Inter-board reduction wrt inter-die: -nan

---Data Movement---
All traffic (msg): 1,584,345,594
Arith. Intensity FLOP/Loads: 0.37
Arith. Intensity FLOP/Msgs: 0.06
Arith. Intensity OPS/Loads: 1.10
Arith. Intensity OPS/Msgs: 0.18



===Core Utilization Total=== CORE-S:6;; TIME K cy:60 ;; Nodes Proc: 6,313,227 -- Edges Proc: 6,114,568

===PRINTING FRAME STATS

FCollision In Avg:107, SD:41, Max:395, Min:0
FCollision Out Avg:124, SD:51, Max:339, Min:0
FCollision End Avg:0, SD:4, Max:98, Min:0
FTask1 Avg:4, SD:9, Max:67, Min:0
FTask2 Avg:9, SD:18, Max:100, Min:0
FTask3 Avg:10, SD:9, Max:100, Min:0
FCore Active Avg:24, SD:22, Max:100, Min:1
FRouter Active Avg:62, SD:19, Max:101, Min:7
T1 invocations: 13,321
T2 invocations: 72,781
T3 invocations: 352,114
T3b invocations: 1,635,178
Total3 invocations: 1,987,292
Total4 invocations: 0

T3/T2 ratio: 5
T3b/T3 ratio: 5

T1 avg ex cycles: 128
T2 avg ex cycles: 52
T3&b avg ex cycles: 2
T4 avg ex cycles: -nan
Avg. hops NOC1: 30
Avg. latency NOC1 (T2): 10,021
Avg. hops NOC2: 16
Avg. latency NOC2 (T3): 1,189

===PRINTING ACUM STATS at pu_cycles: 70,680

ACollision In Avg:114, SD:28, Max:294, Min:11
ACollision Out Avg:112, SD:28, Max:236, Min:0
ACollision End Avg:0, SD:2, Max:67, Min:0
ATask1 Avg:8, SD:4, Max:19, Min:1
ATask2 Avg:12, SD:8, Max:29, Min:0
ATask3 Avg:11, SD:7, Max:75, Min:2
ACore Active Avg:31, SD:12, Max:100, Min:4
ARouter Active Avg:62, SD:14, Max:97, Min:13
T1 invocations: 627,980
T2 invocations: 2,574,696
T3 invocations: 7,508,060
T3b invocations: 50,826,258
Total3 invocations: 58,334,318
Total4 invocations: 0

T3/T2 ratio: 3
T3b/T3 ratio: 7

T1 avg ex cycles: 131
T2 avg ex cycles: 51
T3&b avg ex cycles: 2
T4 avg ex cycles: -nan
Avg. hops NOC1: 34
Avg. latency NOC1 (T2): 11,120
Avg. hops NOC2: 14
Avg. latency NOC2 (T3): 1,298
Number of K Nodes Processed: 58,568
Number of K Edges Processed: 55,309
Node Re-explore factor: 13.91
Edge Re-explore factor: 0.55
Nodes/cy: 829
Edges/cy: 783
TEPS: 1,352

---Pcache---
Pcache Size: 16,448
Cached: 0
  PHits: 0
  PMisses: 0
  PHit Rate (hit/miss): -nan%
  PEvictions: 0
  PEviction Rate (evict/misses): -nan%

---Energy---
Leakage Energy (nJ): 117,866
PU Dyn E (nJ): 3,567,759
Mem Dyn E (nJ): 12,640,074
Route Dyn E (nJ): 5,556,405
Dynamic Energy (nJ): 21,764,239
Ratio of Dyn/Leak: 185
Total Energy (nJ): 21,882,105
Total Energy (nJ) 3D: 22,373,897
Cores Energy (nJ): 3,570,907
Route Energy (nJ): 5,558,218
Route Energy (nJ) 3D: 6,050,010
Mem Energy   (nJ): 12,752,981
Mem Energy   (nJ) 3D: 12,752,981
Avg. Power (mW): 309,594.02
Power Density (mW/mm2): 89.45

---Runtime---
Runtime in K cycles: 70.68
Microseconds: 70.68
Time per iteration (ms): 0.07

---Throughput---
GOP/s (aka OPS/ns): 4,658.01
GOP/s per core: 0.28
FLOP/s: 1,605.14
FLOP/s per core: 0.10
Max Peak FLOP/s: 16,384.00
Avg. BW GB/s: 34,310.76
Max BW GB/s: 65,536.00

---Traffic---
In-Die bisection_bytes BW (GB/s): 2,048.00
Inter-board traffic (msg/ns): 0.00, per-link: 0.00
Inter-pack traffic (msg/ns): 0.00, per-link: 0.00
Inter-die traffic (msg/ns): 0.00, per-link: 0.00
Ruche traffic (msg/ns): 0.00, per-link: 0.00
All traffic (msg/ns): 26,193.71, per-link: 1.60
Inter-die reduction wrt all: inf
Inter-board reduction wrt inter-die: -nan

---Data Movement---
All traffic (msg): 1,851,371,238
Arith. Intensity FLOP/Loads: 0.38
Arith. Intensity FLOP/Msgs: 0.06
Arith. Intensity OPS/Loads: 1.09
Arith. Intensity OPS/Msgs: 0.18



===Core Utilization Total=== CORE-S:7;; TIME K cy:70 ;; Nodes Proc: 7,257,141 -- Edges Proc: 6,902,845

===PRINTING FRAME STATS

FCollision In Avg:101, SD:36, Max:459, Min:0
FCollision Out Avg:120, SD:49, Max:298, Min:0
FCollision End Avg:0, SD:3, Max:96, Min:0
FTask1 Avg:4, SD:9, Max:68, Min:0
FTask2 Avg:8, SD:17, Max:100, Min:0
FTask3 Avg:8, SD:8, Max:88, Min:0
FCore Active Avg:21, SD:21, Max:100, Min:1
FRouter Active Avg:58, SD:19, Max:101, Min:6
T1 invocations: 11,802
T2 invocations: 64,789
T3 invocations: 320,571
T3b invocations: 1,330,336
Total3 invocations: 1,650,907
Total4 invocations: 0

T3/T2 ratio: 5
T3b/T3 ratio: 4

T1 avg ex cycles: 129
T2 avg ex cycles: 51
T3&b avg ex cycles: 2
T4 avg ex cycles: -nan
Avg. hops NOC1: 32
Avg. latency NOC1 (T2): 12,036
Avg. hops NOC2: 18
Avg. latency NOC2 (T3): 913

===PRINTING ACUM STATS at pu_cycles: 80,615

ACollision In Avg:113, SD:27, Max:314, Min:11
ACollision Out Avg:113, SD:28, Max:230, Min:1
ACollision End Avg:0, SD:2, Max:58, Min:0
ATask1 Avg:7, SD:3, Max:17, Min:1
ATask2 Avg:11, SD:7, Max:25, Min:0
ATask3 Avg:10, SD:7, Max:74, Min:2
ACore Active Avg:29, SD:11, Max:100, Min:4
ARouter Active Avg:62, SD:14, Max:98, Min:13
T1 invocations: 682,660
T2 invocations: 2,870,321
T3 invocations: 8,804,943
T3b invocations: 56,574,248
Total3 invocations: 65,379,191
Total4 invocations: 0

T3/T2 ratio: 3
T3b/T3 ratio: 6

T1 avg ex cycles: 131
T2 avg ex cycles: 51
T3&b avg ex cycles: 2
T4 avg ex cycles: -nan
Avg. hops NOC1: 33
Avg. latency NOC1 (T2): 11,548
Avg. hops NOC2: 14
Avg. latency NOC2 (T3): 1,265
Number of K Nodes Processed: 65,600
Number of K Edges Processed: 61,489
Node Re-explore factor: 15.58
Edge Re-explore factor: 0.61
Nodes/cy: 814
Edges/cy: 763
TEPS: 1,185

---Pcache---
Pcache Size: 16,448
Cached: 0
  PHits: 0
  PMisses: 0
  PHit Rate (hit/miss): -nan%
  PEvictions: 0
  PEviction Rate (evict/misses): -nan%

---Energy---
Leakage Energy (nJ): 134,434
PU Dyn E (nJ): 3,971,717
Mem Dyn E (nJ): 14,109,656
Route Dyn E (nJ): 6,348,272
Dynamic Energy (nJ): 24,429,646
Ratio of Dyn/Leak: 182
Total Energy (nJ): 24,564,080
Total Energy (nJ) 3D: 25,125,960
Cores Energy (nJ): 3,975,307
Route Energy (nJ): 6,350,340
Route Energy (nJ) 3D: 6,912,219
Mem Energy   (nJ): 14,238,434
Mem Energy   (nJ) 3D: 14,238,434
Avg. Power (mW): 304,708.55
Power Density (mW/mm2): 88.03

---Runtime---
Runtime in K cycles: 80.61
Microseconds: 80.61
Time per iteration (ms): 0.08

---Throughput---
GOP/s (aka OPS/ns): 4,527.63
GOP/s per core: 0.28
FLOP/s: 1,571.35
FLOP/s per core: 0.10
Max Peak FLOP/s: 16,384.00
Avg. BW GB/s: 33,579.88
Max BW GB/s: 65,536.00

---Traffic---
In-Die bisection_bytes BW (GB/s): 2,048.00
Inter-board traffic (msg/ns): 0.00, per-link: 0.00
Inter-pack traffic (msg/ns): 0.00, per-link: 0.00
Inter-die traffic (msg/ns): 0.00, per-link: 0.00
Ruche traffic (msg/ns): 0.00, per-link: 0.00
All traffic (msg/ns): 26,204.39, per-link: 1.60
Inter-die reduction wrt all: inf
Inter-board reduction wrt inter-die: -nan

---Data Movement---
All traffic (msg): 2,112,467,014
Arith. Intensity FLOP/Loads: 0.38
Arith. Intensity FLOP/Msgs: 0.06
Arith. Intensity OPS/Loads: 1.08
Arith. Intensity OPS/Msgs: 0.17



===Core Utilization Total=== CORE-S:8;; TIME K cy:80 ;; Nodes Proc: 8,044,480 -- Edges Proc: 7,599,619

===PRINTING FRAME STATS

FCollision In Avg:98, SD:34, Max:436, Min:0
FCollision Out Avg:115, SD:48, Max:290, Min:0
FCollision End Avg:0, SD:1, Max:51, Min:0
FTask1 Avg:5, SD:11, Max:74, Min:0
FTask2 Avg:8, SD:18, Max:100, Min:0
FTask3 Avg:8, SD:8, Max:100, Min:0
FCore Active Avg:22, SD:22, Max:100, Min:0
FRouter Active Avg:60, SD:20, Max:101, Min:11
T1 invocations: 15,145
T2 invocations: 61,619
T3 invocations: 323,116
T3b invocations: 1,273,143
Total3 invocations: 1,596,259
Total4 invocations: 0

T3/T2 ratio: 5
T3b/T3 ratio: 4

T1 avg ex cycles: 138
T2 avg ex cycles: 54
T3&b avg ex cycles: 2
T4 avg ex cycles: -nan
Avg. hops NOC1: 41
Avg. latency NOC1 (T2): 11,433
Avg. hops NOC2: 19
Avg. latency NOC2 (T3): 887

===PRINTING ACUM STATS at pu_cycles: 90,677

ACollision In Avg:111, SD:26, Max:311, Min:10
ACollision Out Avg:114, SD:28, Max:215, Min:1
ACollision End Avg:0, SD:2, Max:52, Min:0
ATask1 Avg:7, SD:3, Max:15, Min:0
ATask2 Avg:11, SD:6, Max:22, Min:0
ATask3 Avg:10, SD:6, Max:70, Min:2
ACore Active Avg:29, SD:10, Max:93, Min:4
ARouter Active Avg:62, SD:13, Max:98, Min:15
T1 invocations: 736,035
T2 invocations: 3,163,364
T3 invocations: 10,120,458
T3b invocations: 62,373,026
Total3 invocations: 72,493,484
Total4 invocations: 0

T3/T2 ratio: 3
T3b/T3 ratio: 6

T1 avg ex cycles: 131
T2 avg ex cycles: 51
T3&b avg ex cycles: 2
T4 avg ex cycles: -nan
Avg. hops NOC1: 33
Avg. latency NOC1 (T2): 11,767
Avg. hops NOC2: 14
Avg. latency NOC2 (T3): 1,246
Number of K Nodes Processed: 72,736
Number of K Edges Processed: 67,705
Node Re-explore factor: 17.27
Edge Re-explore factor: 0.67
Nodes/cy: 802
Edges/cy: 747
TEPS: 1,054

---Pcache---
Pcache Size: 16,448
Cached: 0
  PHits: 0
  PMisses: 0
  PHit Rate (hit/miss): -nan%
  PEvictions: 0
  PEviction Rate (evict/misses): -nan%

---Energy---
Leakage Energy (nJ): 151,213
PU Dyn E (nJ): 4,378,460
Mem Dyn E (nJ): 15,589,621
Route Dyn E (nJ): 7,168,466
Dynamic Energy (nJ): 27,136,547
Ratio of Dyn/Leak: 179
Total Energy (nJ): 27,287,760
Total Energy (nJ) 3D: 27,922,235
Cores Energy (nJ): 4,382,498
Route Energy (nJ): 7,170,791
Route Energy (nJ) 3D: 7,805,266
Mem Energy   (nJ): 15,734,472
Mem Energy   (nJ) 3D: 15,734,472
Avg. Power (mW): 300,933.65
Power Density (mW/mm2): 86.94

---Runtime---
Runtime in K cycles: 90.68
Microseconds: 90.68
Time per iteration (ms): 0.09

---Throughput---
GOP/s (aka OPS/ns): 4,422.47
GOP/s per core: 0.27
FLOP/s: 1,543.80
FLOP/s per core: 0.09
Max Peak FLOP/s: 16,384.00
Avg. BW GB/s: 32,985.13
Max BW GB/s: 65,536.00

---Traffic---
In-Die bisection_bytes BW (GB/s): 2,048.00
Inter-board traffic (msg/ns): 0.00, per-link: 0.00
Inter-pack traffic (msg/ns): 0.00, per-link: 0.00
Inter-die traffic (msg/ns): 0.00, per-link: 0.00
Ruche traffic (msg/ns): 0.00, per-link: 0.00
All traffic (msg/ns): 26,274.56, per-link: 1.60
Inter-die reduction wrt all: inf
Inter-board reduction wrt inter-die: -nan

---Data Movement---
All traffic (msg): 2,382,497,933
Arith. Intensity FLOP/Loads: 0.38
Arith. Intensity FLOP/Msgs: 0.06
Arith. Intensity OPS/Loads: 1.07
Arith. Intensity OPS/Msgs: 0.17



===Core Utilization Total=== CORE-S:9;; TIME K cy:90 ;; Nodes Proc: 8,890,603 -- Edges Proc: 8,347,396

===PRINTING FRAME STATS

FCollision In Avg:98, SD:36, Max:362, Min:0
FCollision Out Avg:115, SD:43, Max:285, Min:0
FCollision End Avg:0, SD:2, Max:65, Min:0
FTask1 Avg:5, SD:11, Max:100, Min:0
FTask2 Avg:8, SD:19, Max:100, Min:0
FTask3 Avg:8, SD:8, Max:100, Min:0
FCore Active Avg:22, SD:23, Max:100, Min:1
FRouter Active Avg:61, SD:18, Max:100, Min:16
T1 invocations: 15,628
T2 invocations: 58,867
T3 invocations: 339,720
T3b invocations: 1,293,692
Total3 invocations: 1,633,412
Total4 invocations: 0

T3/T2 ratio: 6
T3b/T3 ratio: 4

T1 avg ex cycles: 138
T2 avg ex cycles: 54
T3&b avg ex cycles: 2
T4 avg ex cycles: -nan
Avg. hops NOC1: 41
Avg. latency NOC1 (T2): 10,775
Avg. hops NOC2: 19
Avg. latency NOC2 (T3): 1,135

===PRINTING ACUM STATS at pu_cycles: 100,631

ACollision In Avg:110, SD:25, Max:301, Min:9
ACollision Out Avg:114, SD:28, Max:208, Min:1
ACollision End Avg:0, SD:1, Max:47, Min:0
ATask1 Avg:7, SD:2, Max:14, Min:0
ATask2 Avg:11, SD:5, Max:20, Min:0
ATask3 Avg:10, SD:6, Max:65, Min:2
ACore Active Avg:28, SD:9, Max:87, Min:4
ARouter Active Avg:62, SD:13, Max:98, Min:16
T1 invocations: 775,741
T2 invocations: 3,417,872
T3 invocations: 11,395,347
T3b invocations: 67,747,835
Total3 invocations: 79,143,182
Total4 invocations: 0

T3/T2 ratio: 3
T3b/T3 ratio: 6

T1 avg ex cycles: 131
T2 avg ex cycles: 51
T3&b avg ex cycles: 2
T4 avg ex cycles: -nan
Avg. hops NOC1: 33
Avg. latency NOC1 (T2): 11,929
Avg. hops NOC2: 14
Avg. latency NOC2 (T3): 1,241
Number of K Nodes Processed: 79,343
Number of K Edges Processed: 73,190
Node Re-explore factor: 18.84
Edge Re-explore factor: 0.72
Nodes/cy: 788
Edges/cy: 727
TEPS: 950

---Pcache---
Pcache Size: 16,448
Cached: 0
  PHits: 0
  PMisses: 0
  PHit Rate (hit/miss): -nan%
  PEvictions: 0
  PEviction Rate (evict/misses): -nan%

---Energy---
Leakage Energy (nJ): 167,813
PU Dyn E (nJ): 4,744,619
Mem Dyn E (nJ): 16,941,364
Route Dyn E (nJ): 7,926,045
Dynamic Energy (nJ): 29,612,028
Ratio of Dyn/Leak: 176
Total Energy (nJ): 29,779,841
Total Energy (nJ) 3D: 30,481,369
Cores Energy (nJ): 4,749,100
Route Energy (nJ): 7,928,626
Route Energy (nJ) 3D: 8,630,153
Mem Energy   (nJ): 17,102,116
Mem Energy   (nJ) 3D: 17,102,116
Avg. Power (mW): 295,931.08
Power Density (mW/mm2): 85.50

---Runtime---
Runtime in K cycles: 100.63
Microseconds: 100.63
Time per iteration (ms): 0.10

---Throughput---
GOP/s (aka OPS/ns): 4,299.70
GOP/s per core: 0.26
FLOP/s: 1,512.06
FLOP/s per core: 0.09
Max Peak FLOP/s: 16,384.00
Avg. BW GB/s: 32,299.63
Max BW GB/s: 65,536.00

---Traffic---
In-Die bisection_bytes BW (GB/s): 2,048.00
Inter-board traffic (msg/ns): 0.00, per-link: 0.00
Inter-pack traffic (msg/ns): 0.00, per-link: 0.00
Inter-die traffic (msg/ns): 0.00, per-link: 0.00
Ruche traffic (msg/ns): 0.00, per-link: 0.00
All traffic (msg/ns): 26,155.19, per-link: 1.60
Inter-die reduction wrt all: inf
Inter-board reduction wrt inter-die: -nan

---Data Movement---
All traffic (msg): 2,632,023,054
Arith. Intensity FLOP/Loads: 0.38
Arith. Intensity FLOP/Msgs: 0.06
Arith. Intensity OPS/Loads: 1.07
Arith. Intensity OPS/Msgs: 0.16



===Core Utilization Total=== CORE-S:10;; TIME K cy:100 ;; Nodes Proc: 9,732,329 -- Edges Proc: 9,037,908

===PRINTING FRAME STATS

FCollision In Avg:98, SD:32, Max:446, Min:0
FCollision Out Avg:106, SD:36, Max:290, Min:0
FCollision End Avg:0, SD:2, Max:100, Min:0
FTask1 Avg:3, SD:9, Max:75, Min:0
FTask2 Avg:7, SD:16, Max:100, Min:0
FTask3 Avg:7, SD:8, Max:100, Min:0
FCore Active Avg:18, SD:20, Max:100, Min:1
FRouter Active Avg:59, SD:17, Max:101, Min:12
T1 invocations: 10,254
T2 invocations: 51,616
T3 invocations: 335,095
T3b invocations: 1,160,360
Total3 invocations: 1,495,455
Total4 invocations: 0

T3/T2 ratio: 6
T3b/T3 ratio: 3

T1 avg ex cycles: 134
T2 avg ex cycles: 54
T3&b avg ex cycles: 2
T4 avg ex cycles: -nan
Avg. hops NOC1: 37
Avg. latency NOC1 (T2): 17,761
Avg. hops NOC2: 21
Avg. latency NOC2 (T3): 1,172

===PRINTING ACUM STATS at pu_cycles: 110,604

ACollision In Avg:108, SD:24, Max:289, Min:9
ACollision Out Avg:113, SD:27, Max:207, Min:1
ACollision End Avg:0, SD:1, Max:42, Min:0
ATask1 Avg:7, SD:2, Max:15, Min:1
ATask2 Avg:10, SD:5, Max:18, Min:0
ATask3 Avg:10, SD:6, Max:61, Min:2
ACore Active Avg:27, SD:8, Max:80, Min:4
ARouter Active Avg:61, SD:13, Max:98, Min:16
T1 invocations: 813,417
T2 invocations: 3,640,192
T3 invocations: 12,628,578
T3b invocations: 72,538,296
Total3 invocations: 85,166,874
Total4 invocations: 0

T3/T2 ratio: 3
T3b/T3 ratio: 6

T1 avg ex cycles: 131
T2 avg ex cycles: 51
T3&b avg ex cycles: 2
T4 avg ex cycles: -nan
Avg. hops NOC1: 33
Avg. latency NOC1 (T2): 12,349
Avg. hops NOC2: 15
Avg. latency NOC2 (T3): 1,238
Number of K Nodes Processed: 85,337
Number of K Edges Processed: 78,084
Node Re-explore factor: 20.27
Edge Re-explore factor: 0.77
Nodes/cy: 772
Edges/cy: 706
TEPS: 864

---Pcache---
Pcache Size: 16,448
Cached: 0
  PHits: 0
  PMisses: 0
  PHit Rate (hit/miss): -nan%
  PEvictions: 0
  PEviction Rate (evict/misses): -nan%

---Energy---
Leakage Energy (nJ): 184,444
PU Dyn E (nJ): 5,074,045
Mem Dyn E (nJ): 18,158,821
Route Dyn E (nJ): 8,659,027
Dynamic Energy (nJ): 31,891,894
Ratio of Dyn/Leak: 173
Total Energy (nJ): 32,076,338
Total Energy (nJ) 3D: 32,842,741
Cores Energy (nJ): 5,078,970
Route Energy (nJ): 8,661,863
Route Energy (nJ) 3D: 9,428,266
Mem Energy   (nJ): 18,335,504
Mem Energy   (nJ) 3D: 18,335,504
Avg. Power (mW): 290,010.65
Power Density (mW/mm2): 83.79

---Runtime---
Runtime in K cycles: 110.60
Microseconds: 110.60
Time per iteration (ms): 0.11

---Throughput---
GOP/s (aka OPS/ns): 4,169.56
GOP/s per core: 0.25
FLOP/s: 1,474.76
FLOP/s per core: 0.09
Max Peak FLOP/s: 16,384.00
Avg. BW GB/s: 31,499.13
Max BW GB/s: 65,536.00

---Traffic---
In-Die bisection_bytes BW (GB/s): 2,048.00
Inter-board traffic (msg/ns): 0.00, per-link: 0.00
Inter-pack traffic (msg/ns): 0.00, per-link: 0.00
Inter-die traffic (msg/ns): 0.00, per-link: 0.00
Ruche traffic (msg/ns): 0.00, per-link: 0.00
All traffic (msg/ns): 25,971.52, per-link: 1.59
Inter-die reduction wrt all: inf
Inter-board reduction wrt inter-die: -nan

---Data Movement---
All traffic (msg): 2,872,554,471
Arith. Intensity FLOP/Loads: 0.38
Arith. Intensity FLOP/Msgs: 0.06
Arith. Intensity OPS/Loads: 1.06
Arith. Intensity OPS/Msgs: 0.16



===Core Utilization Total=== CORE-S:11;; TIME K cy:110 ;; Nodes Proc: 10,434,778 -- Edges Proc: 9,627,979

===PRINTING FRAME STATS

FCollision In Avg:99, SD:29, Max:351, Min:1
FCollision Out Avg:106, SD:28, Max:270, Min:0
FCollision End Avg:0, SD:2, Max:77, Min:0
FTask1 Avg:5, SD:12, Max:89, Min:0
FTask2 Avg:10, SD:19, Max:100, Min:0
FTask3 Avg:9, SD:8, Max:100, Min:0
FCore Active Avg:25, SD:23, Max:100, Min:1
FRouter Active Avg:66, SD:18, Max:101, Min:12
T1 invocations: 15,233
T2 invocations: 76,242
T3 invocations: 311,439
T3b invocations: 1,513,679
Total3 invocations: 1,825,118
Total4 invocations: 0

T3/T2 ratio: 4
T3b/T3 ratio: 5

T1 avg ex cycles: 138
T2 avg ex cycles: 53
T3&b avg ex cycles: 2
T4 avg ex cycles: -nan
Avg. hops NOC1: 40
Avg. latency NOC1 (T2): 15,089
Avg. hops NOC2: 19
Avg. latency NOC2 (T3): 841

===PRINTING ACUM STATS at pu_cycles: 120,659

ACollision In Avg:108, SD:23, Max:276, Min:10
ACollision Out Avg:112, SD:25, Max:206, Min:1
ACollision End Avg:0, SD:1, Max:39, Min:0
ATask1 Avg:6, SD:1, Max:20, Min:1
ATask2 Avg:10, SD:4, Max:17, Min:0
ATask3 Avg:10, SD:6, Max:58, Min:2
ACore Active Avg:27, SD:7, Max:76, Min:7
ARouter Active Avg:62, SD:12, Max:97, Min:18
T1 invocations: 875,936
T2 invocations: 3,935,354
T3 invocations: 13,756,748
T3b invocations: 78,188,028
Total3 invocations: 91,944,776
Total4 invocations: 0

T3/T2 ratio: 3
T3b/T3 ratio: 6

T1 avg ex cycles: 131
T2 avg ex cycles: 51
T3&b avg ex cycles: 2
T4 avg ex cycles: -nan
Avg. hops NOC1: 33
Avg. latency NOC1 (T2): 12,600
Avg. hops NOC2: 15
Avg. latency NOC2 (T3): 1,218
Number of K Nodes Processed: 92,175
Number of K Edges Processed: 84,348
Node Re-explore factor: 21.89
Edge Re-explore factor: 0.83
Nodes/cy: 764
Edges/cy: 699
TEPS: 792

---Pcache---
Pcache Size: 16,448
Cached: 0
  PHits: 0
  PMisses: 0
  PHit Rate (hit/miss): -nan%
  PEvictions: 0
  PEviction Rate (evict/misses): -nan%

---Energy---
Leakage Energy (nJ): 201,211
PU Dyn E (nJ): 5,476,561
Mem Dyn E (nJ): 19,603,180
Route Dyn E (nJ): 9,464,487
Dynamic Energy (nJ): 34,544,228
Ratio of Dyn/Leak: 172
Total Energy (nJ): 34,745,439
Total Energy (nJ) 3D: 35,583,132
Cores Energy (nJ): 5,481,934
Route Energy (nJ): 9,467,581
Route Energy (nJ) 3D: 10,305,274
Mem Energy   (nJ): 19,795,926
Mem Energy   (nJ) 3D: 19,795,926
Avg. Power (mW): 287,963.93
Power Density (mW/mm2): 83.20

---Runtime---
Runtime in K cycles: 120.66
Microseconds: 120.66
Time per iteration (ms): 0.12

---Throughput---
GOP/s (aka OPS/ns): 4,123.81
GOP/s per core: 0.25
FLOP/s: 1,459.47
FLOP/s per core: 0.09
Max Peak FLOP/s: 16,384.00
Avg. BW GB/s: 31,170.85
Max BW GB/s: 65,536.00

---Traffic---
In-Die bisection_bytes BW (GB/s): 2,048.00
Inter-board traffic (msg/ns): 0.00, per-link: 0.00
Inter-pack traffic (msg/ns): 0.00, per-link: 0.00
Inter-die traffic (msg/ns): 0.00, per-link: 0.00
Ruche traffic (msg/ns): 0.00, per-link: 0.00
All traffic (msg/ns): 26,001.70, per-link: 1.59
Inter-die reduction wrt all: inf
Inter-board reduction wrt inter-die: -nan

---Data Movement---
All traffic (msg): 3,137,339,508
Arith. Intensity FLOP/Loads: 0.38
Arith. Intensity FLOP/Msgs: 0.06
Arith. Intensity OPS/Loads: 1.06
Arith. Intensity OPS/Msgs: 0.16



===Core Utilization Total=== CORE-S:12;; TIME K cy:120 ;; Nodes Proc: 11,236,140 -- Edges Proc: 10,375,376

===PRINTING FRAME STATS

FCollision In Avg:99, SD:28, Max:393, Min:0
FCollision Out Avg:105, SD:29, Max:340, Min:13
FCollision End Avg:0, SD:2, Max:99, Min:0
FTask1 Avg:2, SD:7, Max:74, Min:0
FTask2 Avg:8, SD:19, Max:100, Min:0
FTask3 Avg:8, SD:9, Max:100, Min:0
FCore Active Avg:19, SD:22, Max:100, Min:1
FRouter Active Avg:58, SD:20, Max:101, Min:6
T1 invocations: 5,076
T2 invocations: 53,045
T3 invocations: 301,184
T3b invocations: 1,387,701
Total3 invocations: 1,688,885
Total4 invocations: 0

T3/T2 ratio: 6
T3b/T3 ratio: 5

T1 avg ex cycles: 141
T2 avg ex cycles: 60
T3&b avg ex cycles: 2
T4 avg ex cycles: -nan
Avg. hops NOC1: 25
Avg. latency NOC1 (T2): 7,983
Avg. hops NOC2: 19
Avg. latency NOC2 (T3): 1,180

===PRINTING ACUM STATS at pu_cycles: 130,649

ACollision In Avg:107, SD:22, Max:276, Min:16
ACollision Out Avg:112, SD:24, Max:202, Min:8
ACollision End Avg:0, SD:1, Max:36, Min:0
ATask1 Avg:6, SD:1, Max:18, Min:1
ATask2 Avg:10, SD:3, Max:16, Min:0
ATask3 Avg:9, SD:6, Max:54, Min:2
ACore Active Avg:26, SD:7, Max:71, Min:9
ARouter Active Avg:61, SD:12, Max:97, Min:21
T1 invocations: 906,969
T2 invocations: 4,161,738
T3 invocations: 14,825,749
T3b invocations: 83,234,635
Total3 invocations: 98,060,384
Total4 invocations: 0

T3/T2 ratio: 4
T3b/T3 ratio: 6

T1 avg ex cycles: 131
T2 avg ex cycles: 51
T3&b avg ex cycles: 2
T4 avg ex cycles: -nan
Avg. hops NOC1: 33
Avg. latency NOC1 (T2): 12,508
Avg. hops NOC2: 15
Avg. latency NOC2 (T3): 1,217
Number of K Nodes Processed: 98,216
Number of K Edges Processed: 89,347
Node Re-explore factor: 23.33
Edge Re-explore factor: 0.88
Nodes/cy: 752
Edges/cy: 684
TEPS: 731

---Pcache---
Pcache Size: 16,448
Cached: 0
  PHits: 0
  PMisses: 0
  PHit Rate (hit/miss): -nan%
  PEvictions: 0
  PEviction Rate (evict/misses): -nan%

---Energy---
Leakage Energy (nJ): 217,871
PU Dyn E (nJ): 5,809,382
Mem Dyn E (nJ): 20,840,475
Route Dyn E (nJ): 10,137,338
Dynamic Energy (nJ): 36,787,195
Ratio of Dyn/Leak: 169
Total Energy (nJ): 37,005,066
Total Energy (nJ) 3D: 37,902,313
Cores Energy (nJ): 5,815,200
Route Energy (nJ): 10,140,688
Route Energy (nJ) 3D: 11,037,934
Mem Energy   (nJ): 21,049,179
Mem Energy   (nJ) 3D: 21,049,179
Avg. Power (mW): 283,240.33
Power Density (mW/mm2): 81.83

---Runtime---
Runtime in K cycles: 130.65
Microseconds: 130.65
Time per iteration (ms): 0.13

---Throughput---
GOP/s (aka OPS/ns): 4,025.21
GOP/s per core: 0.25
FLOP/s: 1,433.47
FLOP/s per core: 0.09
Max Peak FLOP/s: 16,384.00
Avg. BW GB/s: 30,604.44
Max BW GB/s: 65,536.00

---Traffic---
In-Die bisection_bytes BW (GB/s): 2,048.00
Inter-board traffic (msg/ns): 0.00, per-link: 0.00
Inter-pack traffic (msg/ns): 0.00, per-link: 0.00
Inter-die traffic (msg/ns): 0.00, per-link: 0.00
Ruche traffic (msg/ns): 0.00, per-link: 0.00
All traffic (msg/ns): 25,713.00, per-link: 1.57
Inter-die reduction wrt all: inf
Inter-board reduction wrt inter-die: -nan

---Data Movement---
All traffic (msg): 3,359,377,703
Arith. Intensity FLOP/Loads: 0.38
Arith. Intensity FLOP/Msgs: 0.06
Arith. Intensity OPS/Loads: 1.05
Arith. Intensity OPS/Msgs: 0.16



===Core Utilization Total=== CORE-S:13;; TIME K cy:130 ;; Nodes Proc: 12,006,325 -- Edges Proc: 11,017,947

===PRINTING FRAME STATS

FCollision In Avg:99, SD:29, Max:328, Min:0
FCollision Out Avg:100, SD:25, Max:351, Min:10
FCollision End Avg:0, SD:2, Max:100, Min:0
FTask1 Avg:0, SD:3, Max:77, Min:0
FTask2 Avg:4, SD:14, Max:100, Min:0
FTask3 Avg:5, SD:7, Max:100, Min:0
FCore Active Avg:11, SD:17, Max:100, Min:0
FRouter Active Avg:46, SD:22, Max:101, Min:4
T1 invocations: 1,107
T2 invocations: 30,016
T3 invocations: 278,211
T3b invocations: 747,937
Total3 invocations: 1,026,148
Total4 invocations: 0

T3/T2 ratio: 9
T3b/T3 ratio: 3

T1 avg ex cycles: 124
T2 avg ex cycles: 60
T3&b avg ex cycles: 2
T4 avg ex cycles: -nan
Avg. hops NOC1: 28
Avg. latency NOC1 (T2): 8,888
Avg. hops NOC2: 23
Avg. latency NOC2 (T3): 1,382

===PRINTING ACUM STATS at pu_cycles: 140,637

ACollision In Avg:106, SD:21, Max:268, Min:22
ACollision Out Avg:111, SD:23, Max:195, Min:15
ACollision End Avg:0, SD:1, Max:33, Min:0
ATask1 Avg:6, SD:1, Max:17, Min:1
ATask2 Avg:10, SD:2, Max:15, Min:0
ATask3 Avg:9, SD:5, Max:51, Min:2
ACore Active Avg:25, SD:6, Max:66, Min:8
ARouter Active Avg:60, SD:12, Max:97, Min:20
T1 invocations: 932,716
T2 invocations: 4,322,318
T3 invocations: 15,883,454
T3b invocations: 86,654,267
Total3 invocations: 102,537,721
Total4 invocations: 0

T3/T2 ratio: 4
T3b/T3 ratio: 5

T1 avg ex cycles: 131
T2 avg ex cycles: 51
T3&b avg ex cycles: 2
T4 avg ex cycles: -nan
Avg. hops NOC1: 33
Avg. latency NOC1 (T2): 12,468
Avg. hops NOC2: 15
Avg. latency NOC2 (T3): 1,220
Number of K Nodes Processed: 102,668
Number of K Edges Processed: 92,858
Node Re-explore factor: 24.38
Edge Re-explore factor: 0.92
Nodes/cy: 730
Edges/cy: 660
TEPS: 679

---Pcache---
Pcache Size: 16,448
Cached: 0
  PHits: 0
  PMisses: 0
  PHit Rate (hit/miss): -nan%
  PEvictions: 0
  PEviction Rate (evict/misses): -nan%

---Energy---
Leakage Energy (nJ): 234,527
PU Dyn E (nJ): 6,049,493
Mem Dyn E (nJ): 21,732,100
Route Dyn E (nJ): 10,726,952
Dynamic Energy (nJ): 38,508,546
Ratio of Dyn/Leak: 164
Total Energy (nJ): 38,743,073
Total Energy (nJ) 3D: 39,692,506
Cores Energy (nJ): 6,055,756
Route Energy (nJ): 10,730,558
Route Energy (nJ) 3D: 11,679,991
Mem Energy   (nJ): 21,956,759
Mem Energy   (nJ) 3D: 21,956,759
Avg. Power (mW): 275,482.79
Power Density (mW/mm2): 79.59

---Runtime---
Runtime in K cycles: 140.64
Microseconds: 140.64
Time per iteration (ms): 0.14

---Throughput---
GOP/s (aka OPS/ns): 3,886.54
GOP/s per core: 0.24
FLOP/s: 1,388.54
FLOP/s per core: 0.08
Max Peak FLOP/s: 16,384.00
Avg. BW GB/s: 29,647.32
Max BW GB/s: 65,536.00

---Traffic---
In-Die bisection_bytes BW (GB/s): 2,048.00
Inter-board traffic (msg/ns): 0.00, per-link: 0.00
Inter-pack traffic (msg/ns): 0.00, per-link: 0.00
Inter-die traffic (msg/ns): 0.00, per-link: 0.00
Ruche traffic (msg/ns): 0.00, per-link: 0.00
All traffic (msg/ns): 25,257.02, per-link: 1.54
Inter-die reduction wrt all: inf
Inter-board reduction wrt inter-die: -nan

---Data Movement---
All traffic (msg): 3,552,071,346
Arith. Intensity FLOP/Loads: 0.38
Arith. Intensity FLOP/Msgs: 0.05
Arith. Intensity OPS/Loads: 1.05
Arith. Intensity OPS/Msgs: 0.15



===Core Utilization Total=== CORE-S:14;; TIME K cy:140 ;; Nodes Proc: 12,500,971 -- Edges Proc: 11,386,061

===PRINTING FRAME STATS

FCollision In Avg:100, SD:29, Max:319, Min:0
FCollision Out Avg:99, SD:20, Max:217, Min:0
FCollision End Avg:0, SD:1, Max:33, Min:0
FTask1 Avg:0, SD:3, Max:51, Min:0
FTask2 Avg:5, SD:15, Max:100, Min:0
FTask3 Avg:5, SD:7, Max:100, Min:0
FCore Active Avg:10, SD:17, Max:100, Min:0
FRouter Active Avg:38, SD:21, Max:101, Min:1
T1 invocations: 751
T2 invocations: 33,911
T3 invocations: 211,275
T3b invocations: 793,578
Total3 invocations: 1,004,853
Total4 invocations: 0

T3/T2 ratio: 6
T3b/T3 ratio: 4

T1 avg ex cycles: 139
T2 avg ex cycles: 57
T3&b avg ex cycles: 2
T4 avg ex cycles: -nan
Avg. hops NOC1: 23
Avg. latency NOC1 (T2): 8,811
Avg. hops NOC2: 19
Avg. latency NOC2 (T3): 1,097

===PRINTING ACUM STATS at pu_cycles: 150,656

ACollision In Avg:106, SD:20, Max:257, Min:27
ACollision Out Avg:110, SD:22, Max:189, Min:20
ACollision End Avg:0, SD:1, Max:31, Min:0
ATask1 Avg:5, SD:0, Max:16, Min:4
ATask2 Avg:9, SD:2, Max:14, Min:0
ATask3 Avg:9, SD:5, Max:48, Min:2
ACore Active Avg:24, SD:6, Max:62, Min:8
ARouter Active Avg:59, SD:11, Max:96, Min:20
T1 invocations: 959,081
T2 invocations: 4,479,460
T3 invocations: 16,653,966
T3b invocations: 89,980,444
Total3 invocations: 106,634,410
Total4 invocations: 0

T3/T2 ratio: 4
T3b/T3 ratio: 5

T1 avg ex cycles: 131
T2 avg ex cycles: 51
T3&b avg ex cycles: 2
T4 avg ex cycles: -nan
Avg. hops NOC1: 33
Avg. latency NOC1 (T2): 12,410
Avg. hops NOC2: 15
Avg. latency NOC2 (T3): 1,213
Number of K Nodes Processed: 106,763
Number of K Edges Processed: 96,344
Node Re-explore factor: 25.36
Edge Re-explore factor: 0.95
Nodes/cy: 709
Edges/cy: 639
TEPS: 634

---Pcache---
Pcache Size: 16,448
Cached: 0
  PHits: 0
  PMisses: 0
  PHit Rate (hit/miss): -nan%
  PEvictions: 0
  PEviction Rate (evict/misses): -nan%

---Energy---
Leakage Energy (nJ): 251,234
PU Dyn E (nJ): 6,278,947
Mem Dyn E (nJ): 22,573,806
Route Dyn E (nJ): 11,214,198
Dynamic Energy (nJ): 40,066,951
Ratio of Dyn/Leak: 159
Total Energy (nJ): 40,318,185
Total Energy (nJ) 3D: 41,310,744
Cores Energy (nJ): 6,285,656
Route Energy (nJ): 11,218,060
Route Energy (nJ) 3D: 12,210,619
Mem Energy   (nJ): 22,814,470
Mem Energy   (nJ) 3D: 22,814,470
Avg. Power (mW): 267,617.52
Power Density (mW/mm2): 77.32

---Runtime---
Runtime in K cycles: 150.66
Microseconds: 150.66
Time per iteration (ms): 0.15

---Throughput---
GOP/s (aka OPS/ns): 3,760.92
GOP/s per core: 0.23
FLOP/s: 1,346.56
FLOP/s per core: 0.08
Max Peak FLOP/s: 16,384.00
Avg. BW GB/s: 28,747.63
Max BW GB/s: 65,536.00

---Traffic---
In-Die bisection_bytes BW (GB/s): 2,048.00
Inter-board traffic (msg/ns): 0.00, per-link: 0.00
Inter-pack traffic (msg/ns): 0.00, per-link: 0.00
Inter-die traffic (msg/ns): 0.00, per-link: 0.00
Ruche traffic (msg/ns): 0.00, per-link: 0.00
All traffic (msg/ns): 24,640.08, per-link: 1.50
Inter-die reduction wrt all: inf
Inter-board reduction wrt inter-die: -nan

---Data Movement---
All traffic (msg): 3,712,176,149
Arith. Intensity FLOP/Loads: 0.38
Arith. Intensity FLOP/Msgs: 0.05
Arith. Intensity OPS/Loads: 1.05
Arith. Intensity OPS/Msgs: 0.15



===Core Utilization Total=== CORE-S:15;; TIME K cy:150 ;; Nodes Proc: 13,068,050 -- Edges Proc: 11,884,144

===PRINTING FRAME STATS

FCollision In Avg:98, SD:29, Max:300, Min:0
FCollision Out Avg:96, SD:22, Max:210, Min:0
FCollision End Avg:0, SD:2, Max:100, Min:0
FTask1 Avg:0, SD:0, Max:27, Min:0
FTask2 Avg:4, SD:15, Max:100, Min:0
FTask3 Avg:5, SD:7, Max:100, Min:0
FCore Active Avg:9, SD:16, Max:100, Min:0
FRouter Active Avg:46, SD:20, Max:100, Min:7
T1 invocations: 26
T2 invocations: 24,024
T3 invocations: 346,563
T3b invocations: 634,493
Total3 invocations: 981,056
Total4 invocations: 0

T3/T2 ratio: 14
T3b/T3 ratio: 2

T1 avg ex cycles: 153
T2 avg ex cycles: 62
T3&b avg ex cycles: 2
T4 avg ex cycles: -nan
Avg. hops NOC1: 15
Avg. latency NOC1 (T2): 7,102
Avg. hops NOC2: 25
Avg. latency NOC2 (T3): 1,631

===PRINTING ACUM STATS at pu_cycles: 160,566

ACollision In Avg:105, SD:20, Max:252, Min:31
ACollision Out Avg:109, SD:21, Max:183, Min:25
ACollision End Avg:0, SD:1, Max:29, Min:0
ATask1 Avg:5, SD:0, Max:15, Min:4
ATask2 Avg:9, SD:1, Max:13, Min:0
ATask3 Avg:9, SD:5, Max:45, Min:2
ACore Active Avg:23, SD:5, Max:59, Min:9
ARouter Active Avg:58, SD:11, Max:95, Min:19
T1 invocations: 972,810
T2 invocations: 4,583,788
T3 invocations: 17,954,760
T3b invocations: 92,406,000
Total3 invocations: 110,360,760
Total4 invocations: 0

T3/T2 ratio: 4
T3b/T3 ratio: 5

T1 avg ex cycles: 131
T2 avg ex cycles: 51
T3&b avg ex cycles: 2
T4 avg ex cycles: -nan
Avg. hops NOC1: 33
Avg. latency NOC1 (T2): 12,323
Avg. hops NOC2: 16
Avg. latency NOC2 (T3): 1,227
Number of K Nodes Processed: 110,447
Number of K Edges Processed: 98,758
Node Re-explore factor: 26.23
Edge Re-explore factor: 0.97
Nodes/cy: 688
Edges/cy: 615
TEPS: 595

---Pcache---
Pcache Size: 16,448
Cached: 0
  PHits: 0
  PMisses: 0
  PHit Rate (hit/miss): -nan%
  PEvictions: 0
  PEviction Rate (evict/misses): -nan%

---Energy---
Leakage Energy (nJ): 267,760
PU Dyn E (nJ): 6,460,573
Mem Dyn E (nJ): 23,268,931
Route Dyn E (nJ): 11,819,910
Dynamic Energy (nJ): 41,549,414
Ratio of Dyn/Leak: 155
Total Energy (nJ): 41,817,174
Total Energy (nJ) 3D: 42,863,344
Cores Energy (nJ): 6,467,723
Route Energy (nJ): 11,824,027
Route Energy (nJ) 3D: 12,870,196
Mem Energy   (nJ): 23,525,426
Mem Energy   (nJ) 3D: 23,525,426
Avg. Power (mW): 260,436.05
Power Density (mW/mm2): 75.24

---Runtime---
Runtime in K cycles: 160.57
Microseconds: 160.57
Time per iteration (ms): 0.16

---Throughput---
GOP/s (aka OPS/ns): 3,622.55
GOP/s per core: 0.22
FLOP/s: 1,302.08
FLOP/s per core: 0.08
Max Peak FLOP/s: 16,384.00
Avg. BW GB/s: 27,803.99
Max BW GB/s: 65,536.00

---Traffic---
In-Die bisection_bytes BW (GB/s): 2,048.00
Inter-board traffic (msg/ns): 0.00, per-link: 0.00
Inter-pack traffic (msg/ns): 0.00, per-link: 0.00
Inter-die traffic (msg/ns): 0.00, per-link: 0.00
Ruche traffic (msg/ns): 0.00, per-link: 0.00
All traffic (msg/ns): 24,340.16, per-link: 1.49
Inter-die reduction wrt all: inf
Inter-board reduction wrt inter-die: -nan

---Data Movement---
All traffic (msg): 3,908,202,461
Arith. Intensity FLOP/Loads: 0.38
Arith. Intensity FLOP/Msgs: 0.05
Arith. Intensity OPS/Loads: 1.04
Arith. Intensity OPS/Msgs: 0.15



===Core Utilization Total=== CORE-S:16;; TIME K cy:160 ;; Nodes Proc: 13,643,016 -- Edges Proc: 12,311,158

===PRINTING FRAME STATS

FCollision In Avg:90, SD:37, Max:348, Min:0
FCollision Out Avg:92, SD:26, Max:206, Min:0
FCollision End Avg:0, SD:0, Max:21, Min:0
FTask1 Avg:0, SD:0, Max:0, Min:0
FTask2 Avg:1, SD:9, Max:100, Min:0
FTask3 Avg:3, SD:5, Max:96, Min:0
FCore Active Avg:5, SD:11, Max:100, Min:0
FRouter Active Avg:38, SD:18, Max:101, Min:6
T1 invocations: 0
T2 invocations: 8,763
T3 invocations: 344,848
T3b invocations: 261,083
Total3 invocations: 605,931
Total4 invocations: 0

T3/T2 ratio: 39
T3b/T3 ratio: 1

T1 avg ex cycles: -nan
T2 avg ex cycles: 66
T3&b avg ex cycles: 2
T4 avg ex cycles: -nan
Avg. hops NOC1: 4
Avg. latency NOC1 (T2): 10,660
Avg. hops NOC2: 34
Avg. latency NOC2 (T3): 2,464

===PRINTING ACUM STATS at pu_cycles: 170,501

ACollision In Avg:105, SD:19, Max:251, Min:30
ACollision Out Avg:108, SD:20, Max:177, Min:24
ACollision End Avg:0, SD:1, Max:27, Min:0
ATask1 Avg:5, SD:0, Max:14, Min:4
ATask2 Avg:9, SD:1, Max:12, Min:1
ATask3 Avg:8, SD:5, Max:43, Min:2
ACore Active Avg:22, SD:5, Max:56, Min:11
ARouter Active Avg:57, SD:11, Max:94, Min:20
T1 invocations: 978,671
T2 invocations: 4,633,238
T3 invocations: 19,245,015
T3b invocations: 93,625,149
Total3 invocations: 112,870,164
Total4 invocations: 0

T3/T2 ratio: 4
T3b/T3 ratio: 5

T1 avg ex cycles: 131
T2 avg ex cycles: 51
T3&b avg ex cycles: 2
T4 avg ex cycles: -nan
Avg. hops NOC1: 33
Avg. latency NOC1 (T2): 12,291
Avg. hops NOC2: 16
Avg. latency NOC2 (T3): 1,246
Number of K Nodes Processed: 112,912
Number of K Edges Processed: 99,958
Node Re-explore factor: 26.82
Edge Re-explore factor: 0.99
Nodes/cy: 662
Edges/cy: 586
TEPS: 560

---Pcache---
Pcache Size: 16,448
Cached: 0
  PHits: 0
  PMisses: 0
  PHit Rate (hit/miss): -nan%
  PEvictions: 0
  PEviction Rate (evict/misses): -nan%

---Energy---
Leakage Energy (nJ): 284,328
PU Dyn E (nJ): 6,568,072
Mem Dyn E (nJ): 23,695,359
Route Dyn E (nJ): 12,348,332
Dynamic Energy (nJ): 42,611,763
Ratio of Dyn/Leak: 150
Total Energy (nJ): 42,896,091
Total Energy (nJ) 3D: 43,989,031
Cores Energy (nJ): 6,575,664
Route Energy (nJ): 12,352,703
Route Energy (nJ) 3D: 13,445,643
Mem Energy   (nJ): 23,967,724
Mem Energy   (nJ) 3D: 23,967,724
Avg. Power (mW): 251,588.50
Power Density (mW/mm2): 72.69

---Runtime---
Runtime in K cycles: 170.50
Microseconds: 170.50
Time per iteration (ms): 0.17

---Throughput---
GOP/s (aka OPS/ns): 3,462.18
GOP/s per core: 0.21
FLOP/s: 1,248.12
FLOP/s per core: 0.08
Max Peak FLOP/s: 16,384.00
Avg. BW GB/s: 26,663.74
Max BW GB/s: 65,536.00

---Traffic---
In-Die bisection_bytes BW (GB/s): 2,048.00
Inter-board traffic (msg/ns): 0.00, per-link: 0.00
Inter-pack traffic (msg/ns): 0.00, per-link: 0.00
Inter-die traffic (msg/ns): 0.00, per-link: 0.00
Ruche traffic (msg/ns): 0.00, per-link: 0.00
All traffic (msg/ns): 23,915.45, per-link: 1.46
Inter-die reduction wrt all: inf
Inter-board reduction wrt inter-die: -nan

---Data Movement---
All traffic (msg): 4,077,607,660
Arith. Intensity FLOP/Loads: 0.38
Arith. Intensity FLOP/Msgs: 0.05
Arith. Intensity OPS/Loads: 1.04
Arith. Intensity OPS/Msgs: 0.14



===Core Utilization Total=== CORE-S:17;; TIME K cy:170 ;; Nodes Proc: 13,994,729 -- Edges Proc: 12,497,453

===PRINTING FRAME STATS

FCollision In Avg:79, SD:42, Max:343, Min:0
FCollision Out Avg:80, SD:26, Max:194, Min:0
FCollision End Avg:0, SD:0, Max:0, Min:0
FTask1 Avg:0, SD:0, Max:0, Min:0
FTask2 Avg:0, SD:3, Max:92, Min:0
FTask3 Avg:2, SD:3, Max:70, Min:0
FCore Active Avg:4, SD:5, Max:97, Min:0
FRouter Active Avg:49, SD:15, Max:100, Min:16
T1 invocations: 0
T2 invocations: 742
T3 invocations: 464,050
T3b invocations: 36,949
Total3 invocations: 500,999
Total4 invocations: 0

T3/T2 ratio: 625
T3b/T3 ratio: 0

T1 avg ex cycles: -nan
T2 avg ex cycles: 100
T3&b avg ex cycles: 2
T4 avg ex cycles: -nan
Avg. hops NOC1: 0
Avg. latency NOC1 (T2): 24,578
Avg. hops NOC2: 56
Avg. latency NOC2 (T3): 2,128

===PRINTING ACUM STATS at pu_cycles: 180,641

ACollision In Avg:103, SD:19, Max:239, Min:28
ACollision Out Avg:107, SD:19, Max:173, Min:22
ACollision End Avg:0, SD:1, Max:26, Min:0
ATask1 Avg:4, SD:0, Max:13, Min:4
ATask2 Avg:8, SD:1, Max:11, Min:1
ATask3 Avg:8, SD:5, Max:40, Min:2
ACore Active Avg:21, SD:5, Max:53, Min:12
ARouter Active Avg:56, SD:11, Max:94, Min:22
T1 invocations: 983,746
T2 invocations: 4,662,774
T3 invocations: 20,925,622
T3b invocations: 94,245,669
Total3 invocations: 115,171,291
Total4 invocations: 0

T3/T2 ratio: 4
T3b/T3 ratio: 5

T1 avg ex cycles: 131
T2 avg ex cycles: 51
T3&b avg ex cycles: 2
T4 avg ex cycles: -nan
Avg. hops NOC1: 33
Avg. latency NOC1 (T2): 12,267
Avg. hops NOC2: 17
Avg. latency NOC2 (T3): 1,256
Number of K Nodes Processed: 115,234
Number of K Edges Processed: 100,592
Node Re-explore factor: 27.37
Edge Re-explore factor: 0.99
Nodes/cy: 638
Edges/cy: 557
TEPS: 529

---Pcache---
Pcache Size: 16,448
Cached: 0
  PHits: 0
  PMisses: 0
  PHit Rate (hit/miss): -nan%
  PEvictions: 0
  PEviction Rate (evict/misses): -nan%

---Energy---
Leakage Energy (nJ): 301,238
PU Dyn E (nJ): 6,652,571
Mem Dyn E (nJ): 24,043,628
Route Dyn E (nJ): 13,010,809
Dynamic Energy (nJ): 43,707,009
Ratio of Dyn/Leak: 145
Total Energy (nJ): 44,008,247
Total Energy (nJ) 3D: 45,159,822
Cores Energy (nJ): 6,660,614
Route Energy (nJ): 13,015,441
Route Energy (nJ) 3D: 14,167,016
Mem Energy   (nJ): 24,332,192
Mem Energy   (nJ) 3D: 24,332,192
Avg. Power (mW): 243,622.69
Power Density (mW/mm2): 70.39

---Runtime---
Runtime in K cycles: 180.64
Microseconds: 180.64
Time per iteration (ms): 0.18

---Throughput---
GOP/s (aka OPS/ns): 3,305.39
GOP/s per core: 0.20
FLOP/s: 1,194.34
FLOP/s per core: 0.07
Max Peak FLOP/s: 16,384.00
Avg. BW GB/s: 25,536.94
Max BW GB/s: 65,536.00

---Traffic---
In-Die bisection_bytes BW (GB/s): 2,048.00
Inter-board traffic (msg/ns): 0.00, per-link: 0.00
Inter-pack traffic (msg/ns): 0.00, per-link: 0.00
Inter-die traffic (msg/ns): 0.00, per-link: 0.00
Ruche traffic (msg/ns): 0.00, per-link: 0.00
All traffic (msg/ns): 23,738.81, per-link: 1.45
Inter-die reduction wrt all: inf
Inter-board reduction wrt inter-die: -nan

---Data Movement---
All traffic (msg): 4,288,202,240
Arith. Intensity FLOP/Loads: 0.37
Arith. Intensity FLOP/Msgs: 0.05
Arith. Intensity OPS/Loads: 1.04
Arith. Intensity OPS/Msgs: 0.14



===Core Utilization Total=== CORE-S:18;; TIME K cy:180 ;; Nodes Proc: 14,264,056 -- Edges Proc: 12,560,375

===PRINTING FRAME STATS

FCollision In Avg:61, SD:49, Max:373, Min:0
FCollision Out Avg:71, SD:34, Max:200, Min:0
FCollision End Avg:0, SD:0, Max:0, Min:0
FTask1 Avg:0, SD:0, Max:0, Min:0
FTask2 Avg:0, SD:2, Max:78, Min:0
FTask3 Avg:2, SD:3, Max:68, Min:0
FCore Active Avg:3, SD:4, Max:79, Min:0
FRouter Active Avg:43, SD:16, Max:101, Min:8
T1 invocations: 0
T2 invocations: 277
T3 invocations: 410,066
T3b invocations: 13,943
Total3 invocations: 424,009
Total4 invocations: 0

T3/T2 ratio: 1,480
T3b/T3 ratio: 0

T1 avg ex cycles: -nan
T2 avg ex cycles: 104
T3&b avg ex cycles: 2
T4 avg ex cycles: -nan
Avg. hops NOC1: 0
Avg. latency NOC1 (T2): 38,789
Avg. hops NOC2: 57
Avg. latency NOC2 (T3): 1,777

===PRINTING ACUM STATS at pu_cycles: 190,431

ACollision In Avg:101, SD:19, Max:236, Min:26
ACollision Out Avg:105, SD:19, Max:174, Min:21
ACollision End Avg:0, SD:1, Max:25, Min:0
ATask1 Avg:4, SD:0, Max:13, Min:4
ATask2 Avg:8, SD:1, Max:11, Min:1
ATask3 Avg:8, SD:4, Max:39, Min:2
ACore Active Avg:20, SD:5, Max:51, Min:13
ARouter Active Avg:56, SD:11, Max:94, Min:23
T1 invocations: 985,922
T2 invocations: 4,681,019
T3 invocations: 22,416,414
T3b invocations: 94,645,812
Total3 invocations: 117,062,226
Total4 invocations: 0

T3/T2 ratio: 5
T3b/T3 ratio: 4

T1 avg ex cycles: 131
T2 avg ex cycles: 51
T3&b avg ex cycles: 2
T4 avg ex cycles: -nan
Avg. hops NOC1: 33
Avg. latency NOC1 (T2): 12,247
Avg. hops NOC2: 17
Avg. latency NOC2 (T3): 1,261
Number of K Nodes Processed: 117,086
Number of K Edges Processed: 100,994
Node Re-explore factor: 27.81
Edge Re-explore factor: 1.00
Nodes/cy: 615
Edges/cy: 530
TEPS: 502

---Pcache---
Pcache Size: 16,448
Cached: 0
  PHits: 0
  PMisses: 0
  PHit Rate (hit/miss): -nan%
  PEvictions: 0
  PEviction Rate (evict/misses): -nan%

---Energy---
Leakage Energy (nJ): 317,563
PU Dyn E (nJ): 6,717,376
Mem Dyn E (nJ): 24,317,790
Route Dyn E (nJ): 13,590,488
Dynamic Energy (nJ): 44,625,655
Ratio of Dyn/Leak: 141
Total Energy (nJ): 44,943,218
Total Energy (nJ) 3D: 46,146,100
Cores Energy (nJ): 6,725,856
Route Energy (nJ): 13,595,371
Route Energy (nJ) 3D: 14,798,252
Mem Energy   (nJ): 24,621,992
Mem Energy   (nJ) 3D: 24,621,992
Avg. Power (mW): 236,007.89
Power Density (mW/mm2): 68.19

---Runtime---
Runtime in K cycles: 190.43
Microseconds: 190.43
Time per iteration (ms): 0.19

---Throughput---
GOP/s (aka OPS/ns): 3,161.92
GOP/s per core: 0.19
FLOP/s: 1,144.99
FLOP/s per core: 0.07
Max Peak FLOP/s: 16,384.00
Avg. BW GB/s: 24,500.33
Max BW GB/s: 65,536.00

---Traffic---
In-Die bisection_bytes BW (GB/s): 2,048.00
Inter-board traffic (msg/ns): 0.00, per-link: 0.00
Inter-pack traffic (msg/ns): 0.00, per-link: 0.00
Inter-die traffic (msg/ns): 0.00, per-link: 0.00
Ruche traffic (msg/ns): 0.00, per-link: 0.00
All traffic (msg/ns): 23,484.66, per-link: 1.43
Inter-die reduction wrt all: inf
Inter-board reduction wrt inter-die: -nan

---Data Movement---
All traffic (msg): 4,472,208,013
Arith. Intensity FLOP/Loads: 0.37
Arith. Intensity FLOP/Msgs: 0.05
Arith. Intensity OPS/Loads: 1.03
Arith. Intensity OPS/Msgs: 0.13



===Core Utilization Total=== CORE-S:19;; TIME K cy:190 ;; Nodes Proc: 14,494,071 -- Edges Proc: 12,614,254

===PRINTING FRAME STATS

FCollision In Avg:48, SD:48, Max:271, Min:0
FCollision Out Avg:60, SD:40, Max:183, Min:0
FCollision End Avg:0, SD:0, Max:0, Min:0
FTask1 Avg:0, SD:0, Max:0, Min:0
FTask2 Avg:0, SD:2, Max:65, Min:0
FTask3 Avg:2, SD:3, Max:61, Min:0
FCore Active Avg:3, SD:4, Max:69, Min:0
FRouter Active Avg:43, SD:17, Max:100, Min:8
T1 invocations: 0
T2 invocations: 326
T3 invocations: 419,863
T3b invocations: 16,764
Total3 invocations: 436,627
Total4 invocations: 0

T3/T2 ratio: 1,288
T3b/T3 ratio: 0

T1 avg ex cycles: -nan
T2 avg ex cycles: 58
T3&b avg ex cycles: 2
T4 avg ex cycles: -nan
Avg. hops NOC1: 0
Avg. latency NOC1 (T2): 52,127
Avg. hops NOC2: 54
Avg. latency NOC2 (T3): 1,818

===PRINTING ACUM STATS at pu_cycles: 200,197

ACollision In Avg:98, SD:19, Max:230, Min:25
ACollision Out Avg:103, SD:18, Max:174, Min:20
ACollision End Avg:0, SD:1, Max:23, Min:0
ATask1 Avg:4, SD:0, Max:12, Min:3
ATask2 Avg:7, SD:1, Max:10, Min:1
ATask3 Avg:7, SD:4, Max:37, Min:1
ACore Active Avg:19, SD:5, Max:49, Min:13
ARouter Active Avg:55, SD:10, Max:94, Min:24
T1 invocations: 987,177
T2 invocations: 4,691,880
T3 invocations: 24,014,102
T3b invocations: 94,919,502
Total3 invocations: 118,933,604
Total4 invocations: 0

T3/T2 ratio: 5
T3b/T3 ratio: 4

T1 avg ex cycles: 131
T2 avg ex cycles: 51
T3&b avg ex cycles: 2
T4 avg ex cycles: -nan
Avg. hops NOC1: 33
Avg. latency NOC1 (T2): 12,237
Avg. hops NOC2: 18
Avg. latency NOC2 (T3): 1,267
Number of K Nodes Processed: 118,947
Number of K Edges Processed: 101,271
Node Re-explore factor: 28.25
Edge Re-explore factor: 1.00
Nodes/cy: 594
Edges/cy: 506
TEPS: 477

---Pcache---
Pcache Size: 16,448
Cached: 0
  PHits: 0
  PMisses: 0
  PHit Rate (hit/miss): -nan%
  PEvictions: 0
  PEviction Rate (evict/misses): -nan%

---Energy---
Leakage Energy (nJ): 333,849
PU Dyn E (nJ): 6,776,739
Mem Dyn E (nJ): 24,575,393
Route Dyn E (nJ): 14,197,250
Dynamic Energy (nJ): 45,549,384
Ratio of Dyn/Leak: 136
Total Energy (nJ): 45,883,233
Total Energy (nJ) 3D: 47,139,818
Cores Energy (nJ): 6,785,654
Route Energy (nJ): 14,202,383
Route Energy (nJ) 3D: 15,458,969
Mem Energy   (nJ): 24,895,196
Mem Energy   (nJ) 3D: 24,895,196
Avg. Power (mW): 229,190.41
Power Density (mW/mm2): 66.22

---Runtime---
Runtime in K cycles: 200.20
Microseconds: 200.20
Time per iteration (ms): 0.20

---Throughput---
GOP/s (aka OPS/ns): 3,030.28
GOP/s per core: 0.18
FLOP/s: 1,099.76
FLOP/s per core: 0.07
Max Peak FLOP/s: 16,384.00
Avg. BW GB/s: 23,552.06
Max BW GB/s: 65,536.00

---Traffic---
In-Die bisection_bytes BW (GB/s): 2,048.00
Inter-board traffic (msg/ns): 0.00, per-link: 0.00
Inter-pack traffic (msg/ns): 0.00, per-link: 0.00
Inter-die traffic (msg/ns): 0.00, per-link: 0.00
Ruche traffic (msg/ns): 0.00, per-link: 0.00
All traffic (msg/ns): 23,299.90, per-link: 1.42
Inter-die reduction wrt all: inf
Inter-board reduction wrt inter-die: -nan

---Data Movement---
All traffic (msg): 4,664,570,134
Arith. Intensity FLOP/Loads: 0.37
Arith. Intensity FLOP/Msgs: 0.05
Arith. Intensity OPS/Loads: 1.03
Arith. Intensity OPS/Msgs: 0.13



===Core Utilization Total=== CORE-S:20;; TIME K cy:200 ;; Nodes Proc: 14,723,678 -- Edges Proc: 12,656,572
======== IT IS COLD ======= Only 917 Tiles active

===PRINTING FRAME STATS

FCollision In Avg:37, SD:47, Max:259, Min:0
FCollision Out Avg:48, SD:41, Max:177, Min:0
FCollision End Avg:0, SD:0, Max:0, Min:0
FTask1 Avg:0, SD:0, Max:0, Min:0
FTask2 Avg:0, SD:0, Max:8, Min:0
FTask3 Avg:2, SD:3, Max:35, Min:0
FCore Active Avg:3, SD:4, Max:44, Min:0
FRouter Active Avg:44, SD:19, Max:100, Min:8
T1 invocations: 0
T2 invocations: 34
T3 invocations: 462,355
T3b invocations: 1,496
Total3 invocations: 463,851
Total4 invocations: 0

T3/T2 ratio: 13,599
T3b/T3 ratio: 0

T1 avg ex cycles: -nan
T2 avg ex cycles: 80
T3&b avg ex cycles: 2
T4 avg ex cycles: -nan
Avg. hops NOC1: 0
Avg. latency NOC1 (T2): 55,852
Avg. hops NOC2: 54
Avg. latency NOC2 (T3): 1,470

===PRINTING ACUM STATS at pu_cycles: 210,088

ACollision In Avg:96, SD:19, Max:227, Min:24
ACollision Out Avg:100, SD:18, Max:166, Min:19
ACollision End Avg:0, SD:1, Max:22, Min:0
ATask1 Avg:4, SD:0, Max:12, Min:3
ATask2 Avg:7, SD:1, Max:10, Min:6
ATask3 Avg:7, SD:4, Max:35, Min:1
ACore Active Avg:19, SD:4, Max:48, Min:12
ARouter Active Avg:55, SD:10, Max:94, Min:25
T1 invocations: 987,210
T2 invocations: 4,693,545
T3 invocations: 25,615,937
T3b invocations: 94,963,791
Total3 invocations: 120,579,728
Total4 invocations: 0

T3/T2 ratio: 5
T3b/T3 ratio: 4

T1 avg ex cycles: 131
T2 avg ex cycles: 51
T3&b avg ex cycles: 2
T4 avg ex cycles: -nan
Avg. hops NOC1: 33
Avg. latency NOC1 (T2): 12,238
Avg. hops NOC2: 18
Avg. latency NOC2 (T3): 1,269
Number of K Nodes Processed: 120,804
Number of K Edges Processed: 101,310
Node Re-explore factor: 28.69
Edge Re-explore factor: 1.00
Nodes/cy: 575
Edges/cy: 482
TEPS: 455

---Pcache---
Pcache Size: 16,448
Cached: 0
  PHits: 0
  PMisses: 0
  PHit Rate (hit/miss): -nan%
  PEvictions: 0
  PEviction Rate (evict/misses): -nan%

---Energy---
Leakage Energy (nJ): 350,343
PU Dyn E (nJ): 6,823,622
Mem Dyn E (nJ): 24,787,006
Route Dyn E (nJ): 14,793,607
Dynamic Energy (nJ): 46,404,236
Ratio of Dyn/Leak: 132
Total Energy (nJ): 46,754,579
Total Energy (nJ) 3D: 48,063,948
Cores Energy (nJ): 6,832,977
Route Energy (nJ): 14,798,994
Route Energy (nJ) 3D: 16,108,362
Mem Energy   (nJ): 25,122,609
Mem Energy   (nJ) 3D: 25,122,609
Avg. Power (mW): 222,547.60
Power Density (mW/mm2): 64.30

---Runtime---
Runtime in K cycles: 210.09
Microseconds: 210.09
Time per iteration (ms): 0.21

---Throughput---
GOP/s (aka OPS/ns): 2,904.00
GOP/s per core: 0.18
FLOP/s: 1,056.13
FLOP/s per core: 0.06
Max Peak FLOP/s: 16,384.00
Avg. BW GB/s: 22,636.49
Max BW GB/s: 65,536.00

---Traffic---
In-Die bisection_bytes BW (GB/s): 2,048.00
Inter-board traffic (msg/ns): 0.00, per-link: 0.00
Inter-pack traffic (msg/ns): 0.00, per-link: 0.00
Inter-die traffic (msg/ns): 0.00, per-link: 0.00
Ruche traffic (msg/ns): 0.00, per-link: 0.00
All traffic (msg/ns): 23,100.89, per-link: 1.41
Inter-die reduction wrt all: inf
Inter-board reduction wrt inter-die: -nan

---Data Movement---
All traffic (msg): 4,853,220,279
Arith. Intensity FLOP/Loads: 0.37
Arith. Intensity FLOP/Msgs: 0.05
Arith. Intensity OPS/Loads: 1.03
Arith. Intensity OPS/Msgs: 0.13



===Core Utilization Total=== CORE-S:21;; TIME K cy:210 ;; Nodes Proc: 14,949,002 -- Edges Proc: 12,664,832
======== IT IS COLD ======= Only 703 Tiles active

===PRINTING FRAME STATS

FCollision In Avg:23, SD:41, Max:300, Min:0
FCollision Out Avg:37, SD:41, Max:197, Min:0
FCollision End Avg:0, SD:0, Max:0, Min:0
FTask1 Avg:0, SD:0, Max:0, Min:0
FTask2 Avg:0, SD:0, Max:0, Min:0
FTask3 Avg:2, SD:3, Max:38, Min:0
FCore Active Avg:2, SD:4, Max:45, Min:0
FRouter Active Avg:37, SD:20, Max:100, Min:7
T1 invocations: 0
T2 invocations: 0
T3 invocations: 346,391
T3b invocations: 7
Total3 invocations: 346,398
Total4 invocations: 0

T3/T2 ratio: inf
T3b/T3 ratio: 0

T1 avg ex cycles: -nan
T2 avg ex cycles: -nan
T3&b avg ex cycles: 2
T4 avg ex cycles: -nan
Avg. hops NOC1: -nan
Avg. latency NOC1 (T2): -nan
Avg. hops NOC2: 58
Avg. latency NOC2 (T3): 959

===PRINTING ACUM STATS at pu_cycles: 220,003

ACollision In Avg:92, SD:19, Max:226, Min:23
ACollision Out Avg:97, SD:18, Max:162, Min:18
ACollision End Avg:0, SD:1, Max:21, Min:0
ATask1 Avg:4, SD:0, Max:11, Min:3
ATask2 Avg:7, SD:1, Max:9, Min:6
ATask3 Avg:7, SD:4, Max:34, Min:1
ACore Active Avg:18, SD:4, Max:46, Min:12
ARouter Active Avg:54, SD:10, Max:94, Min:25
T1 invocations: 987,210
T2 invocations: 4,693,776
T3 invocations: 27,151,685
T3b invocations: 94,967,149
Total3 invocations: 122,118,834
Total4 invocations: 0

T3/T2 ratio: 6
T3b/T3 ratio: 3

T1 avg ex cycles: 131
T2 avg ex cycles: 51
T3&b avg ex cycles: 2
T4 avg ex cycles: -nan
Avg. hops NOC1: 33
Avg. latency NOC1 (T2): 12,238
Avg. hops NOC2: 19
Avg. latency NOC2 (T3): 1,265
Number of K Nodes Processed: 122,119
Number of K Edges Processed: 101,311
Node Re-explore factor: 29.00
Edge Re-explore factor: 1.00
Nodes/cy: 555
Edges/cy: 461
TEPS: 434

---Pcache---
Pcache Size: 16,448
Cached: 0
  PHits: 0
  PMisses: 0
  PHit Rate (hit/miss): -nan%
  PEvictions: 0
  PEviction Rate (evict/misses): -nan%

---Energy---
Leakage Energy (nJ): 366,878
PU Dyn E (nJ): 6,866,023
Mem Dyn E (nJ): 24,980,511
Route Dyn E (nJ): 15,383,262
Dynamic Energy (nJ): 47,229,797
Ratio of Dyn/Leak: 129
Total Energy (nJ): 47,596,675
Total Energy (nJ) 3D: 48,958,234
Cores Energy (nJ): 6,875,820
Route Energy (nJ): 15,388,903
Route Energy (nJ) 3D: 16,750,461
Mem Energy   (nJ): 25,331,953
Mem Energy   (nJ) 3D: 25,331,953
Avg. Power (mW): 216,345.57
Power Density (mW/mm2): 62.51

---Runtime---
Runtime in K cycles: 220.00
Microseconds: 220.00
Time per iteration (ms): 0.22

---Throughput---
GOP/s (aka OPS/ns): 2,787.23
GOP/s per core: 0.17
FLOP/s: 1,015.58
FLOP/s per core: 0.06
Max Peak FLOP/s: 16,384.00
Avg. BW GB/s: 21,785.09
Max BW GB/s: 65,536.00

---Traffic---
In-Die bisection_bytes BW (GB/s): 2,048.00
Inter-board traffic (msg/ns): 0.00, per-link: 0.00
Inter-pack traffic (msg/ns): 0.00, per-link: 0.00
Inter-die traffic (msg/ns): 0.00, per-link: 0.00
Ruche traffic (msg/ns): 0.00, per-link: 0.00
All traffic (msg/ns): 22,906.82, per-link: 1.40
Inter-die reduction wrt all: inf
Inter-board reduction wrt inter-die: -nan

---Data Movement---
All traffic (msg): 5,039,568,991
Arith. Intensity FLOP/Loads: 0.37
Arith. Intensity FLOP/Msgs: 0.04
Arith. Intensity OPS/Loads: 1.03
Arith. Intensity OPS/Msgs: 0.12



===Core Utilization Total=== CORE-S:22;; TIME K cy:220 ;; Nodes Proc: 15,107,159 -- Edges Proc: 12,664,832
======== IT IS COLD ======= Only 610 Tiles active

===PRINTING FRAME STATS

FCollision In Avg:14, SD:32, Max:262, Min:0
FCollision Out Avg:20, SD:32, Max:103, Min:0
FCollision End Avg:0, SD:0, Max:0, Min:0
FTask1 Avg:0, SD:0, Max:0, Min:0
FTask2 Avg:0, SD:0, Max:0, Min:0
FTask3 Avg:1, SD:2, Max:32, Min:0
FCore Active Avg:2, SD:3, Max:32, Min:0
FRouter Active Avg:35, SD:19, Max:100, Min:5
T1 invocations: 0
T2 invocations: 0
T3 invocations: 279,528
T3b invocations: 0
Total3 invocations: 279,528
Total4 invocations: 0

T3/T2 ratio: inf
T3b/T3 ratio: 0

T1 avg ex cycles: -nan
T2 avg ex cycles: -nan
T3&b avg ex cycles: 2
T4 avg ex cycles: -nan
Avg. hops NOC1: -nan
Avg. latency NOC1 (T2): -nan
Avg. hops NOC2: 65
Avg. latency NOC2 (T3): 1,785

===PRINTING ACUM STATS at pu_cycles: 230,003

ACollision In Avg:89, SD:19, Max:223, Min:22
ACollision Out Avg:94, SD:18, Max:156, Min:18
ACollision End Avg:0, SD:1, Max:20, Min:0
ATask1 Avg:3, SD:0, Max:10, Min:3
ATask2 Avg:6, SD:1, Max:9, Min:6
ATask3 Avg:7, SD:4, Max:32, Min:1
ACore Active Avg:17, SD:4, Max:44, Min:11
ARouter Active Avg:53, SD:10, Max:94, Min:25
T1 invocations: 987,210
T2 invocations: 4,693,776
T3 invocations: 28,212,674
T3b invocations: 94,967,149
Total3 invocations: 123,179,823
Total4 invocations: 0

T3/T2 ratio: 6
T3b/T3 ratio: 3

T1 avg ex cycles: 131
T2 avg ex cycles: 51
T3&b avg ex cycles: 2
T4 avg ex cycles: -nan
Avg. hops NOC1: 33
Avg. latency NOC1 (T2): 12,238
Avg. hops NOC2: 19
Avg. latency NOC2 (T3): 1,268
Number of K Nodes Processed: 123,185
Number of K Edges Processed: 101,311
Node Re-explore factor: 29.26
Edge Re-explore factor: 1.00
Nodes/cy: 536
Edges/cy: 440
TEPS: 415

---Pcache---
Pcache Size: 16,448
Cached: 0
  PHits: 0
  PMisses: 0
  PHit Rate (hit/miss): -nan%
  PEvictions: 0
  PEviction Rate (evict/misses): -nan%

---Energy---
Leakage Energy (nJ): 383,554
PU Dyn E (nJ): 6,895,029
Mem Dyn E (nJ): 25,113,218
Route Dyn E (nJ): 15,787,903
Dynamic Energy (nJ): 47,796,151
Ratio of Dyn/Leak: 125
Total Energy (nJ): 48,179,705
Total Energy (nJ) 3D: 49,577,078
Cores Energy (nJ): 6,905,271
Route Energy (nJ): 15,793,800
Route Energy (nJ) 3D: 17,191,173
Mem Energy   (nJ): 25,480,634
Mem Energy   (nJ) 3D: 25,480,634
Avg. Power (mW): 209,474.24
Power Density (mW/mm2): 60.52

---Runtime---
Runtime in K cycles: 230.00
Microseconds: 230.00
Time per iteration (ms): 0.23

---Throughput---
GOP/s (aka OPS/ns): 2,675.27
GOP/s per core: 0.16
FLOP/s: 976.04
FLOP/s per core: 0.06
Max Peak FLOP/s: 16,384.00
Avg. BW GB/s: 20,948.63
Max BW GB/s: 65,536.00

---Traffic---
In-Die bisection_bytes BW (GB/s): 2,048.00
Inter-board traffic (msg/ns): 0.00, per-link: 0.00
Inter-pack traffic (msg/ns): 0.00, per-link: 0.00
Inter-die traffic (msg/ns): 0.00, per-link: 0.00
Ruche traffic (msg/ns): 0.00, per-link: 0.00
All traffic (msg/ns): 22,466.91, per-link: 1.37
Inter-die reduction wrt all: inf
Inter-board reduction wrt inter-die: -nan

---Data Movement---
All traffic (msg): 5,167,456,909
Arith. Intensity FLOP/Loads: 0.37
Arith. Intensity FLOP/Msgs: 0.04
Arith. Intensity OPS/Loads: 1.02
Arith. Intensity OPS/Msgs: 0.12



===Core Utilization Total=== CORE-S:23;; TIME K cy:230 ;; Nodes Proc: 15,233,858 -- Edges Proc: 12,664,832
======== IT IS COLD ======= Only 310 Tiles active

===PRINTING FRAME STATS

FCollision In Avg:7, SD:24, Max:200, Min:0
FCollision Out Avg:11, SD:27, Max:100, Min:0
FCollision End Avg:0, SD:0, Max:0, Min:0
FTask1 Avg:0, SD:0, Max:0, Min:0
FTask2 Avg:0, SD:0, Max:0, Min:0
FTask3 Avg:1, SD:2, Max:34, Min:0
FCore Active Avg:1, SD:2, Max:34, Min:0
FRouter Active Avg:29, SD:16, Max:100, Min:2
T1 invocations: 0
T2 invocations: 0
T3 invocations: 242,660
T3b invocations: 0
Total3 invocations: 242,660
Total4 invocations: 0

T3/T2 ratio: inf
T3b/T3 ratio: 0

T1 avg ex cycles: -nan
T2 avg ex cycles: -nan
T3&b avg ex cycles: 2
T4 avg ex cycles: -nan
Avg. hops NOC1: -nan
Avg. latency NOC1 (T2): -nan
Avg. hops NOC2: 59
Avg. latency NOC2 (T3): 1,871

===PRINTING ACUM STATS at pu_cycles: 240,003

ACollision In Avg:85, SD:18, Max:217, Min:21
ACollision Out Avg:90, SD:17, Max:150, Min:17
ACollision End Avg:0, SD:1, Max:19, Min:0
ATask1 Avg:3, SD:0, Max:10, Min:3
ATask2 Avg:6, SD:1, Max:9, Min:5
ATask3 Avg:6, SD:4, Max:31, Min:1
ACore Active Avg:16, SD:4, Max:43, Min:11
ARouter Active Avg:52, SD:10, Max:95, Min:24
T1 invocations: 987,210
T2 invocations: 4,693,776
T3 invocations: 29,152,126
T3b invocations: 94,967,149
Total3 invocations: 124,119,275
Total4 invocations: 0

T3/T2 ratio: 6
T3b/T3 ratio: 3

T1 avg ex cycles: 131
T2 avg ex cycles: 51
T3&b avg ex cycles: 2
T4 avg ex cycles: -nan
Avg. hops NOC1: 33
Avg. latency NOC1 (T2): 12,238
Avg. hops NOC2: 19
Avg. latency NOC2 (T3): 1,271
Number of K Nodes Processed: 124,119
Number of K Edges Processed: 101,311
Node Re-explore factor: 29.48
Edge Re-explore factor: 1.00
Nodes/cy: 517
Edges/cy: 422
TEPS: 398

---Pcache---
Pcache Size: 16,448
Cached: 0
  PHits: 0
  PMisses: 0
  PHit Rate (hit/miss): -nan%
  PEvictions: 0
  PEviction Rate (evict/misses): -nan%

---Energy---
Leakage Energy (nJ): 400,230
PU Dyn E (nJ): 6,920,711
Mem Dyn E (nJ): 25,230,723
Route Dyn E (nJ): 16,141,861
Dynamic Energy (nJ): 48,293,296
Ratio of Dyn/Leak: 121
Total Energy (nJ): 48,693,526
Total Energy (nJ) 3D: 50,122,227
Cores Energy (nJ): 6,931,399
Route Energy (nJ): 16,148,014
Route Energy (nJ) 3D: 17,576,715
Mem Energy   (nJ): 25,614,114
Mem Energy   (nJ) 3D: 25,614,114
Avg. Power (mW): 202,887.15
Power Density (mW/mm2): 58.62

---Runtime---
Runtime in K cycles: 240.00
Microseconds: 240.00
Time per iteration (ms): 0.24

---Throughput---
GOP/s (aka OPS/ns): 2,571.63
GOP/s per core: 0.16
FLOP/s: 939.28
FLOP/s per core: 0.06
Max Peak FLOP/s: 16,384.00
Avg. BW GB/s: 20,169.73
Max BW GB/s: 65,536.00

---Traffic---
In-Die bisection_bytes BW (GB/s): 2,048.00
Inter-board traffic (msg/ns): 0.00, per-link: 0.00
Inter-pack traffic (msg/ns): 0.00, per-link: 0.00
Inter-die traffic (msg/ns): 0.00, per-link: 0.00
Ruche traffic (msg/ns): 0.00, per-link: 0.00
All traffic (msg/ns): 21,997.01, per-link: 1.34
Inter-die reduction wrt all: inf
Inter-board reduction wrt inter-die: -nan

---Data Movement---
All traffic (msg): 5,279,348,821
Arith. Intensity FLOP/Loads: 0.37
Arith. Intensity FLOP/Msgs: 0.04
Arith. Intensity OPS/Loads: 1.02
Arith. Intensity OPS/Msgs: 0.12



===Core Utilization Total=== CORE-S:24;; TIME K cy:240 ;; Nodes Proc: 15,348,299 -- Edges Proc: 12,664,832
======== IT IS COLD ======= Only 94 Tiles active

===PRINTING FRAME STATS

FCollision In Avg:3, SD:15, Max:164, Min:0
FCollision Out Avg:4, SD:15, Max:100, Min:0
FCollision End Avg:0, SD:0, Max:0, Min:0
FTask1 Avg:0, SD:0, Max:0, Min:0
FTask2 Avg:0, SD:0, Max:0, Min:0
FTask3 Avg:1, SD:2, Max:27, Min:0
FCore Active Avg:1, SD:2, Max:27, Min:0
FRouter Active Avg:25, SD:17, Max:101, Min:4
T1 invocations: 0
T2 invocations: 0
T3 invocations: 240,149
T3b invocations: 0
Total3 invocations: 240,149
Total4 invocations: 0

T3/T2 ratio: inf
T3b/T3 ratio: 0

T1 avg ex cycles: -nan
T2 avg ex cycles: -nan
T3&b avg ex cycles: 2
T4 avg ex cycles: -nan
Avg. hops NOC1: -nan
Avg. latency NOC1 (T2): -nan
Avg. hops NOC2: 49
Avg. latency NOC2 (T3): 1,333

===PRINTING ACUM STATS at pu_cycles: 250,003

ACollision In Avg:82, SD:18, Max:210, Min:20
ACollision Out Avg:87, SD:17, Max:144, Min:16
ACollision End Avg:0, SD:1, Max:19, Min:0
ATask1 Avg:3, SD:0, Max:10, Min:3
ATask2 Avg:6, SD:1, Max:8, Min:5
ATask3 Avg:6, SD:4, Max:30, Min:1
ACore Active Avg:16, SD:4, Max:42, Min:10
ARouter Active Avg:51, SD:9, Max:95, Min:23
T1 invocations: 987,210
T2 invocations: 4,693,776
T3 invocations: 30,053,797
T3b invocations: 94,967,149
Total3 invocations: 125,020,946
Total4 invocations: 0

T3/T2 ratio: 6
T3b/T3 ratio: 3

T1 avg ex cycles: 131
T2 avg ex cycles: 51
T3&b avg ex cycles: 2
T4 avg ex cycles: -nan
Avg. hops NOC1: 33
Avg. latency NOC1 (T2): 12,238
Avg. hops NOC2: 20
Avg. latency NOC2 (T3): 1,270
Number of K Nodes Processed: 125,022
Number of K Edges Processed: 101,311
Node Re-explore factor: 29.69
Edge Re-explore factor: 1.00
Nodes/cy: 500
Edges/cy: 405
TEPS: 382

---Pcache---
Pcache Size: 16,448
Cached: 0
  PHits: 0
  PMisses: 0
  PHit Rate (hit/miss): -nan%
  PEvictions: 0
  PEviction Rate (evict/misses): -nan%

---Energy---
Leakage Energy (nJ): 416,906
PU Dyn E (nJ): 6,945,361
Mem Dyn E (nJ): 25,343,503
Route Dyn E (nJ): 16,480,503
Dynamic Energy (nJ): 48,769,367
Ratio of Dyn/Leak: 117
Total Energy (nJ): 49,186,273
Total Energy (nJ) 3D: 50,644,948
Cores Energy (nJ): 6,956,494
Route Energy (nJ): 16,486,912
Route Energy (nJ) 3D: 17,945,586
Mem Energy   (nJ): 25,742,868
Mem Energy   (nJ) 3D: 25,742,868
Avg. Power (mW): 196,742.73
Power Density (mW/mm2): 56.84

---Runtime---
Runtime in K cycles: 250.00
Microseconds: 250.00
Time per iteration (ms): 0.25

---Throughput---
GOP/s (aka OPS/ns): 2,475.98
GOP/s per core: 0.15
FLOP/s: 905.32
FLOP/s per core: 0.06
Max Peak FLOP/s: 16,384.00
Avg. BW GB/s: 19,449.51
Max BW GB/s: 65,536.00

---Traffic---
In-Die bisection_bytes BW (GB/s): 2,048.00
Inter-board traffic (msg/ns): 0.00, per-link: 0.00
Inter-pack traffic (msg/ns): 0.00, per-link: 0.00
Inter-die traffic (msg/ns): 0.00, per-link: 0.00
Ruche traffic (msg/ns): 0.00, per-link: 0.00
All traffic (msg/ns): 21,545.36, per-link: 1.32
Inter-die reduction wrt all: inf
Inter-board reduction wrt inter-die: -nan

---Data Movement---
All traffic (msg): 5,386,404,941
Arith. Intensity FLOP/Loads: 0.37
Arith. Intensity FLOP/Msgs: 0.04
Arith. Intensity OPS/Loads: 1.02
Arith. Intensity OPS/Msgs: 0.11



===Core Utilization Total=== CORE-S:25;; TIME K cy:250 ;; Nodes Proc: 15,460,998 -- Edges Proc: 12,664,832
======== IT IS COLD ======= Only 21 Tiles active

===PRINTING FRAME STATS

FCollision In Avg:0, SD:3, Max:62, Min:0
FCollision Out Avg:0, SD:2, Max:22, Min:0
FCollision End Avg:0, SD:0, Max:0, Min:0
FTask1 Avg:0, SD:0, Max:0, Min:0
FTask2 Avg:0, SD:0, Max:0, Min:0
FTask3 Avg:1, SD:2, Max:17, Min:0
FCore Active Avg:1, SD:2, Max:17, Min:0
FRouter Active Avg:18, SD:16, Max:99, Min:1
T1 invocations: 0
T2 invocations: 0
T3 invocations: 193,527
T3b invocations: 0
Total3 invocations: 193,527
Total4 invocations: 0

T3/T2 ratio: inf
T3b/T3 ratio: 0

T1 avg ex cycles: -nan
T2 avg ex cycles: -nan
T3&b avg ex cycles: 2
T4 avg ex cycles: -nan
Avg. hops NOC1: -nan
Avg. latency NOC1 (T2): -nan
Avg. hops NOC2: 41
Avg. latency NOC2 (T3): 1,190

===PRINTING ACUM STATS at pu_cycles: 260,003

ACollision In Avg:79, SD:17, Max:202, Min:19
ACollision Out Avg:83, SD:16, Max:138, Min:16
ACollision End Avg:0, SD:1, Max:18, Min:0
ATask1 Avg:3, SD:0, Max:9, Min:3
ATask2 Avg:6, SD:0, Max:8, Min:5
ATask3 Avg:6, SD:3, Max:29, Min:1
ACore Active Avg:15, SD:4, Max:41, Min:10
ARouter Active Avg:50, SD:9, Max:94, Min:22
T1 invocations: 987,210
T2 invocations: 4,693,776
T3 invocations: 30,778,172
T3b invocations: 94,967,149
Total3 invocations: 125,745,321
Total4 invocations: 0

T3/T2 ratio: 7
T3b/T3 ratio: 3

T1 avg ex cycles: 131
T2 avg ex cycles: 51
T3&b avg ex cycles: 2
T4 avg ex cycles: -nan
Avg. hops NOC1: 33
Avg. latency NOC1 (T2): 12,238
Avg. hops NOC2: 20
Avg. latency NOC2 (T3): 1,269
Number of K Nodes Processed: 125,745
Number of K Edges Processed: 101,311
Node Re-explore factor: 29.86
Edge Re-explore factor: 1.00
Nodes/cy: 484
Edges/cy: 390
TEPS: 368

---Pcache---
Pcache Size: 16,448
Cached: 0
  PHits: 0
  PMisses: 0
  PHit Rate (hit/miss): -nan%
  PEvictions: 0
  PEviction Rate (evict/misses): -nan%

---Energy---
Leakage Energy (nJ): 433,582
PU Dyn E (nJ): 6,965,164
Mem Dyn E (nJ): 25,434,107
Route Dyn E (nJ): 16,754,369
Dynamic Energy (nJ): 49,153,641
Ratio of Dyn/Leak: 113
Total Energy (nJ): 49,587,223
Total Energy (nJ) 3D: 51,070,137
Cores Energy (nJ): 6,976,742
Route Energy (nJ): 16,761,035
Route Energy (nJ) 3D: 18,243,949
Mem Energy   (nJ): 25,849,446
Mem Energy   (nJ) 3D: 25,849,446
Avg. Power (mW): 190,717.89
Power Density (mW/mm2): 55.10

---Runtime---
Runtime in K cycles: 260.00
Microseconds: 260.00
Time per iteration (ms): 0.26

---Throughput---
GOP/s (aka OPS/ns): 2,386.33
GOP/s per core: 0.15
FLOP/s: 873.29
FLOP/s per core: 0.05
Max Peak FLOP/s: 16,384.00
Avg. BW GB/s: 18,768.32
Max BW GB/s: 65,536.00

---Traffic---
In-Die bisection_bytes BW (GB/s): 2,048.00
Inter-board traffic (msg/ns): 0.00, per-link: 0.00
Inter-pack traffic (msg/ns): 0.00, per-link: 0.00
Inter-die traffic (msg/ns): 0.00, per-link: 0.00
Ruche traffic (msg/ns): 0.00, per-link: 0.00
All traffic (msg/ns): 21,049.66, per-link: 1.28
Inter-die reduction wrt all: inf
Inter-board reduction wrt inter-die: -nan

---Data Movement---
All traffic (msg): 5,472,973,871
Arith. Intensity FLOP/Loads: 0.37
Arith. Intensity FLOP/Msgs: 0.04
Arith. Intensity OPS/Loads: 1.02
Arith. Intensity OPS/Msgs: 0.11



===Core Utilization Total=== CORE-S:26;; TIME K cy:260 ;; Nodes Proc: 15,549,871 -- Edges Proc: 12,664,832
======== IT IS COLD ======= Only 7 Tiles active

===PRINTING FRAME STATS

FCollision In Avg:0, SD:0, Max:0, Min:0
FCollision Out Avg:0, SD:0, Max:2, Min:0
FCollision End Avg:0, SD:0, Max:0, Min:0
FTask1 Avg:0, SD:0, Max:0, Min:0
FTask2 Avg:0, SD:0, Max:0, Min:0
FTask3 Avg:0, SD:1, Max:13, Min:0
FCore Active Avg:0, SD:1, Max:13, Min:0
FRouter Active Avg:4, SD:7, Max:100, Min:0
T1 invocations: 0
T2 invocations: 0
T3 invocations: 84,101
T3b invocations: 0
Total3 invocations: 84,101
Total4 invocations: 0

T3/T2 ratio: inf
T3b/T3 ratio: 0

T1 avg ex cycles: -nan
T2 avg ex cycles: -nan
T3&b avg ex cycles: 2
T4 avg ex cycles: -nan
Avg. hops NOC1: -nan
Avg. latency NOC1 (T2): -nan
Avg. hops NOC2: 21
Avg. latency NOC2 (T3): 1,415

===PRINTING ACUM STATS at pu_cycles: 270,003

ACollision In Avg:76, SD:17, Max:195, Min:19
ACollision Out Avg:80, SD:15, Max:133, Min:15
ACollision End Avg:0, SD:1, Max:17, Min:0
ATask1 Avg:3, SD:0, Max:9, Min:3
ATask2 Avg:5, SD:0, Max:8, Min:5
ATask3 Avg:6, SD:3, Max:28, Min:1
ACore Active Avg:15, SD:4, Max:39, Min:9
ARouter Active Avg:48, SD:9, Max:91, Min:22
T1 invocations: 987,210
T2 invocations: 4,693,776
T3 invocations: 31,083,143
T3b invocations: 94,967,149
Total3 invocations: 126,050,292
Total4 invocations: 0

T3/T2 ratio: 7
T3b/T3 ratio: 3

T1 avg ex cycles: 131
T2 avg ex cycles: 51
T3&b avg ex cycles: 2
T4 avg ex cycles: -nan
Avg. hops NOC1: 33
Avg. latency NOC1 (T2): 12,238
Avg. hops NOC2: 20
Avg. latency NOC2 (T3): 1,268
Number of K Nodes Processed: 126,051
Number of K Edges Processed: 101,311
Node Re-explore factor: 29.94
Edge Re-explore factor: 1.00
Nodes/cy: 467
Edges/cy: 375
TEPS: 354

---Pcache---
Pcache Size: 16,448
Cached: 0
  PHits: 0
  PMisses: 0
  PHit Rate (hit/miss): -nan%
  PEvictions: 0
  PEviction Rate (evict/misses): -nan%

---Energy---
Leakage Energy (nJ): 450,258
PU Dyn E (nJ): 6,973,502
Mem Dyn E (nJ): 25,472,252
Route Dyn E (nJ): 16,868,825
Dynamic Energy (nJ): 49,314,579
Ratio of Dyn/Leak: 110
Total Energy (nJ): 49,764,837
Total Energy (nJ) 3D: 51,257,882
Cores Energy (nJ): 6,985,524
Route Energy (nJ): 16,875,748
Route Energy (nJ) 3D: 18,368,792
Mem Energy   (nJ): 25,903,566
Mem Energy   (nJ) 3D: 25,903,566
Avg. Power (mW): 184,312.16
Power Density (mW/mm2): 53.25

---Runtime---
Runtime in K cycles: 270.00
Microseconds: 270.00
Time per iteration (ms): 0.27

---Throughput---
GOP/s (aka OPS/ns): 2,300.20
GOP/s per core: 0.14
FLOP/s: 842.07
FLOP/s per core: 0.05
Max Peak FLOP/s: 16,384.00
Avg. BW GB/s: 18,100.32
Max BW GB/s: 65,536.00

---Traffic---
In-Die bisection_bytes BW (GB/s): 2,048.00
Inter-board traffic (msg/ns): 0.00, per-link: 0.00
Inter-pack traffic (msg/ns): 0.00, per-link: 0.00
Inter-die traffic (msg/ns): 0.00, per-link: 0.00
Ruche traffic (msg/ns): 0.00, per-link: 0.00
All traffic (msg/ns): 20,404.06, per-link: 1.25
Inter-die reduction wrt all: inf
Inter-board reduction wrt inter-die: -nan

---Data Movement---
All traffic (msg): 5,509,157,649
Arith. Intensity FLOP/Loads: 0.37
Arith. Intensity FLOP/Msgs: 0.04
Arith. Intensity OPS/Loads: 1.02
Arith. Intensity OPS/Msgs: 0.11



===Core Utilization Total=== CORE-S:27;; TIME K cy:270 ;; Nodes Proc: 15,587,414 -- Edges Proc: 12,664,832
======== IT IS COLD ======= Only 9 Tiles active

===PRINTING FRAME STATS

FCollision In Avg:0, SD:0, Max:0, Min:0
FCollision Out Avg:0, SD:0, Max:0, Min:0
FCollision End Avg:0, SD:0, Max:0, Min:0
FTask1 Avg:0, SD:0, Max:0, Min:0
FTask2 Avg:0, SD:0, Max:0, Min:0
FTask3 Avg:0, SD:1, Max:14, Min:0
FCore Active Avg:0, SD:1, Max:14, Min:0
FRouter Active Avg:6, SD:8, Max:93, Min:0
T1 invocations: 0
T2 invocations: 0
T3 invocations: 93,821
T3b invocations: 0
Total3 invocations: 93,821
Total4 invocations: 0

T3/T2 ratio: inf
T3b/T3 ratio: 0

T1 avg ex cycles: -nan
T2 avg ex cycles: -nan
T3&b avg ex cycles: 2
T4 avg ex cycles: -nan
Avg. hops NOC1: -nan
Avg. latency NOC1 (T2): -nan
Avg. hops NOC2: 25
Avg. latency NOC2 (T3): 1,436

===PRINTING ACUM STATS at pu_cycles: 280,003

ACollision In Avg:73, SD:16, Max:188, Min:18
ACollision Out Avg:77, SD:15, Max:128, Min:14
ACollision End Avg:0, SD:1, Max:17, Min:0
ATask1 Avg:3, SD:0, Max:9, Min:2
ATask2 Avg:5, SD:0, Max:7, Min:5
ATask3 Avg:6, SD:3, Max:27, Min:1
ACore Active Avg:14, SD:3, Max:38, Min:9
ARouter Active Avg:47, SD:9, Max:91, Min:21
T1 invocations: 987,210
T2 invocations: 4,693,776
T3 invocations: 31,443,266
T3b invocations: 94,967,149
Total3 invocations: 126,410,415
Total4 invocations: 0

T3/T2 ratio: 7
T3b/T3 ratio: 3

T1 avg ex cycles: 131
T2 avg ex cycles: 51
T3&b avg ex cycles: 2
T4 avg ex cycles: -nan
Avg. hops NOC1: 33
Avg. latency NOC1 (T2): 12,238
Avg. hops NOC2: 20
Avg. latency NOC2 (T3): 1,268
Number of K Nodes Processed: 126,411
Number of K Edges Processed: 101,311
Node Re-explore factor: 30.02
Edge Re-explore factor: 1.00
Nodes/cy: 451
Edges/cy: 362
TEPS: 341

---Pcache---
Pcache Size: 16,448
Cached: 0
  PHits: 0
  PMisses: 0
  PHit Rate (hit/miss): -nan%
  PEvictions: 0
  PEviction Rate (evict/misses): -nan%

---Energy---
Leakage Energy (nJ): 466,934
PU Dyn E (nJ): 6,983,347
Mem Dyn E (nJ): 25,517,296
Route Dyn E (nJ): 17,007,981
Dynamic Energy (nJ): 49,508,624
Ratio of Dyn/Leak: 106
Total Energy (nJ): 49,975,558
Total Energy (nJ) 3D: 51,480,919
Cores Energy (nJ): 6,995,815
Route Energy (nJ): 17,015,160
Route Energy (nJ) 3D: 18,520,521
Mem Energy   (nJ): 25,964,584
Mem Energy   (nJ) 3D: 25,964,584
Avg. Power (mW): 178,482.22
Power Density (mW/mm2): 51.57

---Runtime---
Runtime in K cycles: 280.00
Microseconds: 280.00
Time per iteration (ms): 0.28

---Throughput---
GOP/s (aka OPS/ns): 2,220.63
GOP/s per core: 0.14
FLOP/s: 813.28
FLOP/s per core: 0.05
Max Peak FLOP/s: 16,384.00
Avg. BW GB/s: 17,484.75
Max BW GB/s: 65,536.00

---Traffic---
In-Die bisection_bytes BW (GB/s): 2,048.00
Inter-board traffic (msg/ns): 0.00, per-link: 0.00
Inter-pack traffic (msg/ns): 0.00, per-link: 0.00
Inter-die traffic (msg/ns): 0.00, per-link: 0.00
Ruche traffic (msg/ns): 0.00, per-link: 0.00
All traffic (msg/ns): 19,832.39, per-link: 1.21
Inter-die reduction wrt all: inf
Inter-board reduction wrt inter-die: -nan

---Data Movement---
All traffic (msg): 5,553,128,735
Arith. Intensity FLOP/Loads: 0.37
Arith. Intensity FLOP/Msgs: 0.04
Arith. Intensity OPS/Loads: 1.02
Arith. Intensity OPS/Msgs: 0.11



===Core Utilization Total=== CORE-S:28;; TIME K cy:280 ;; Nodes Proc: 15,634,115 -- Edges Proc: 12,664,832
======== IT IS COLD ======= Only 7 Tiles active

===PRINTING FRAME STATS

FCollision In Avg:0, SD:0, Max:0, Min:0
FCollision Out Avg:0, SD:0, Max:0, Min:0
FCollision End Avg:0, SD:0, Max:0, Min:0
FTask1 Avg:0, SD:0, Max:0, Min:0
FTask2 Avg:0, SD:0, Max:0, Min:0
FTask3 Avg:0, SD:1, Max:7, Min:0
FCore Active Avg:0, SD:1, Max:7, Min:0
FRouter Active Avg:4, SD:7, Max:97, Min:0
T1 invocations: 0
T2 invocations: 0
T3 invocations: 60,429
T3b invocations: 0
Total3 invocations: 60,429
Total4 invocations: 0

T3/T2 ratio: inf
T3b/T3 ratio: 0

T1 avg ex cycles: -nan
T2 avg ex cycles: -nan
T3&b avg ex cycles: 2
T4 avg ex cycles: -nan
Avg. hops NOC1: -nan
Avg. latency NOC1 (T2): -nan
Avg. hops NOC2: 29
Avg. latency NOC2 (T3): 1,079

===PRINTING ACUM STATS at pu_cycles: 290,003

ACollision In Avg:71, SD:15, Max:181, Min:17
ACollision Out Avg:75, SD:14, Max:124, Min:14
ACollision End Avg:0, SD:1, Max:16, Min:0
ATask1 Avg:3, SD:0, Max:8, Min:2
ATask2 Avg:5, SD:0, Max:7, Min:5
ATask3 Avg:5, SD:3, Max:26, Min:1
ACore Active Avg:14, SD:3, Max:37, Min:9
ARouter Active Avg:45, SD:9, Max:90, Min:20
T1 invocations: 987,210
T2 invocations: 4,693,776
T3 invocations: 31,672,439
T3b invocations: 94,967,149
Total3 invocations: 126,639,588
Total4 invocations: 0

T3/T2 ratio: 7
T3b/T3 ratio: 3

T1 avg ex cycles: 131
T2 avg ex cycles: 51
T3&b avg ex cycles: 2
T4 avg ex cycles: -nan
Avg. hops NOC1: 33
Avg. latency NOC1 (T2): 12,238
Avg. hops NOC2: 20
Avg. latency NOC2 (T3): 1,267
Number of K Nodes Processed: 126,639
Number of K Edges Processed: 101,311
Node Re-explore factor: 30.08
Edge Re-explore factor: 1.00
Nodes/cy: 437
Edges/cy: 349
TEPS: 329

---Pcache---
Pcache Size: 16,448
Cached: 0
  PHits: 0
  PMisses: 0
  PHit Rate (hit/miss): -nan%
  PEvictions: 0
  PEviction Rate (evict/misses): -nan%

---Energy---
Leakage Energy (nJ): 483,610
PU Dyn E (nJ): 6,989,612
Mem Dyn E (nJ): 25,545,960
Route Dyn E (nJ): 17,096,269
Dynamic Energy (nJ): 49,631,841
Ratio of Dyn/Leak: 103
Total Energy (nJ): 50,115,451
Total Energy (nJ) 3D: 51,628,627
Cores Energy (nJ): 7,002,525
Route Energy (nJ): 17,103,704
Route Energy (nJ) 3D: 18,616,879
Mem Energy   (nJ): 26,009,223
Mem Energy   (nJ) 3D: 26,009,223
Avg. Power (mW): 172,810.11
Power Density (mW/mm2): 49.93

---Runtime---
Runtime in K cycles: 290.00
Microseconds: 290.00
Time per iteration (ms): 0.29

---Throughput---
GOP/s (aka OPS/ns): 2,145.64
GOP/s per core: 0.13
FLOP/s: 786.03
FLOP/s per core: 0.05
Max Peak FLOP/s: 16,384.00
Avg. BW GB/s: 16,900.80
Max BW GB/s: 65,536.00

---Traffic---
In-Die bisection_bytes BW (GB/s): 2,048.00
Inter-board traffic (msg/ns): 0.00, per-link: 0.00
Inter-pack traffic (msg/ns): 0.00, per-link: 0.00
Inter-die traffic (msg/ns): 0.00, per-link: 0.00
Ruche traffic (msg/ns): 0.00, per-link: 0.00
All traffic (msg/ns): 19,244.72, per-link: 1.17
Inter-die reduction wrt all: inf
Inter-board reduction wrt inter-die: -nan

---Data Movement---
All traffic (msg): 5,581,027,745
Arith. Intensity FLOP/Loads: 0.37
Arith. Intensity FLOP/Msgs: 0.04
Arith. Intensity OPS/Loads: 1.02
Arith. Intensity OPS/Msgs: 0.11



===Core Utilization Total=== CORE-S:29;; TIME K cy:290 ;; Nodes Proc: 15,661,534 -- Edges Proc: 12,664,832
======== IT IS COLD ======= Only 5 Tiles active
Epoch Done Router: 4
Epoch Done Router: 6
Epoch Done Router: 1
Epoch Done Router: 5
Epoch Done Router: 7
Epoch Done Router: 3
Epoch Done Router: 0
Epoch Done Router: 2
##EPOCH## 1 COMPLETED at Time (K cy): 298
Nodes processed until now: 126,726,516
Edges processed until now: 101,311,613
Program Done Worker Thread: 0
Program Done Worker Thread: 2
Program Done Router Thread: 7
Program Done Worker Thread: 3
Program Done Router Thread: 6
Program Done Router Thread: 3
Program Done Worker Thread: 5
Program Done Worker Thread: 7
Program Done Worker Thread: 1
Program Done Router Thread: 4
Program Done Router Thread: 5
Program Done Router Thread: 1
Program Done Worker Thread: 6
Program Done Router Thread: 2
Program Done Router Thread: 0
Program Done Worker Thread: 4

===PRINTING ACUM STATS at pu_cycles: 298,033

ACollision In Avg:69, SD:15, Max:176, Min:17
ACollision Out Avg:73, SD:14, Max:121, Min:14
ACollision End Avg:0, SD:1, Max:16, Min:0
ATask1 Avg:3, SD:0, Max:8, Min:2
ATask2 Avg:5, SD:0, Max:7, Min:4
ATask3 Avg:5, SD:3, Max:25, Min:1
ACore Active Avg:13, SD:3, Max:36, Min:9
ARouter Active Avg:44, SD:8, Max:89, Min:20
T1 invocations: 987,210
T2 invocations: 4,693,776
T3 invocations: 31,759,367
T3b invocations: 94,967,149
Total3 invocations: 126,726,516
Total4 invocations: 0

T3/T2 ratio: 7
T3b/T3 ratio: 3

T1 avg ex cycles: 131
T2 avg ex cycles: 51
T3&b avg ex cycles: 2
T4 avg ex cycles: -nan
Avg. hops NOC1: 33
Avg. latency NOC1 (T2): 12,238
Avg. hops NOC2: 20
Avg. latency NOC2 (T3): 1,266

Runtime at program end in K cycles: 298
Runtime before cooldown in K cycles: 190


Number of K Nodes Processed: 126,726
Number of K Edges Processed: 101,311
Node Re-explore factor: 30.10
Edge Re-explore factor: 1.00
Nodes/cy: 425
Edges/cy: 340
TEPS: 321

---Pcache---
Pcache Size: 16,448
Cached: 0
  PHits: 0
  PMisses: 0
  PHit Rate (hit/miss): -nan%
  PEvictions: 0
  PEviction Rate (evict/misses): -nan%

---Energy---
Leakage Energy (nJ): 497,001
PU Dyn E (nJ): 6,991,988
Mem Dyn E (nJ): 25,556,833
Route Dyn E (nJ): 17,130,457
Dynamic Energy (nJ): 49,679,279
Ratio of Dyn/Leak: 100
Total Energy (nJ): 50,176,280
Total Energy (nJ) 3D: 51,692,481
Cores Energy (nJ): 7,005,259
Route Energy (nJ): 17,138,098
Route Energy (nJ) 3D: 18,654,299
Mem Energy   (nJ): 26,032,923
Mem Energy   (nJ) 3D: 26,032,923
Avg. Power (mW): 168,358.13
Power Density (mW/mm2): 48.64

---Runtime---
Runtime in K cycles: 298.03
Microseconds: 298.03
Time per iteration (ms): 0.30

---Inst---
K Loads: 611,954
K Stores: 613,887
K Instructions: 622,414

---Throughput---
GOP/s (aka OPS/ns): 2,088.41
GOP/s per core: 0.13
FLOP/s: 765.14
FLOP/s per core: 0.05
Max Peak FLOP/s: 16,384.00
Avg. BW GB/s: 16,452.44
Max BW GB/s: 65,536.00

---Traffic---
In-Die bisection_bytes BW (GB/s): 2,048.00
Inter-board traffic (msg/ns): 0.00, per-link: 0.00
Inter-pack traffic (msg/ns): 0.00, per-link: 0.00
Inter-die traffic (msg/ns): 0.00, per-link: 0.00
Ruche traffic (msg/ns): 0.00, per-link: 0.00
All traffic (msg/ns): 18,762.44, per-link: 1.15
Inter-die reduction wrt all: inf
Inter-board reduction wrt inter-die: -nan

---Data Movement---
All traffic (msg): 5,591,827,599
Arith. Intensity FLOP/Loads: 0.37
Arith. Intensity FLOP/Msgs: 0.04
Arith. Intensity OPS/Loads: 1.02
Arith. Intensity OPS/Msgs: 0.11

Simulation time: 1,130.99
Sim noc_cy/s: 263.51
Sim Msg/s: 4,944,180.85

Version 31

