Dataset:  wikipedia/
Dry run: 0
Open Edge Count File succesfully
Edges Traversed BFS: 95554407
Found Vertices: 4206592, Edges: 101311613
avg degree 25
Array  wikipedia/node_array.bin found
Malloc array of size 16826372 bytes
Readin array of size 16825160 bytes
Finished Reading Array Bytes
No reordering Array 32bit
Array  wikipedia/edge_array.bin found
Malloc array of size 405246452 bytes
Readin array of size 405246452 bytes
Finished Reading Array Bytes
No reordering Array 32bit
Array  wikipedia/edge_values.bin found
Malloc array of size 405246452 bytes
Readin array of size 405246452 bytes
Finished Reading Array Bytes
No reordering Array 32bit
Reading graph elapsed time: 0.197947s

Dataset Footprint: 419 MiB
Dataset Footprint per Board: 3520.07 Mb
Dataset injection time (ms): 0.214848
Max Dataset Footprint: 821 MiB

Dataset footprint per tile: 419 KiB
Proxys footprint per tile: 0 KiB
Reserved SRAM per tile: 221 KiB

Ideal SRAM per tile: 640 KiB
reserved_words_for_dataset:93509
dataset_words_per_tile:107424
remaining_sram_words:467546
min_dcache_sram_words_required:107424
dataset_words_per_tile:107424
min_pcache_sram_words_required:0
proxys_words_per_tile:0
Dcache footprint ratio: 1
Dataset Cached: 0
DCache: 107424 words, lines: 6714, sets: 6714
Proxys Cached: 0
Pcache: 0 words, sets: 0
Node per tile: 4,108
Edge per tile: 98,938
GRID_X: 32
GRID_SIZE: 1,024
smt_per_tile: 4
noc_freq: 1
pu_freq: 1
RUCHE_X: 4
PROXY_W: 32
DIE_W: 8
DIE_H: 8
DIES: 16
BORDER_TILES_PER_DIE: 32
PACK_W: 32
PACK_H: 32
DIES_PACK_FACTOR: 4
DIES_PER_PACK: 16
PACKAGES: 1
BOARD_W: 32
BOARD_H: 32
BOARDS: 1
MUX_BUS: 1
DCACHE: 1
PCACHE: 0
PROXY_FACTOR: 1
CACHE_WAYS: 1
TORUS: 1
PHY_NOCS: 1
WIDE_NOC_ID: 0
NOC_CONF: 1
noc_width: 32
hbm_channel_bit_width: 512
ld_st_op_byte_width: 4
PROXY_ROUTING: 0
WRITE_THROUGH: 1
ASSERT_MODE: 0
GLOBAL_BARRIER: 0
OQ flits: 144 ; 6,144 ; 2
IQ flits: 1,152 ; 49,152 ; 2
OQ messages: 48 ; 3,072 ; 1
IQ messages: 384 ; 24,576 ; 1
max_task2 size: 64
io_factor_t2: 8
io_factor_t3: 8
io_factor_t3b: 8

Active SRAM Storage per tile: 641 KiB
Total SRAM Storage per tile: 2,048 KiB
Agreggated SRAM Storage: 2,048 MiB

Active DRAM Storage per tile: 0 MiB
Total DRAM Storage per tile: 128 MiB
Agreggated DRAM Storage: 128 GiB

Inter-Die #links: 256
Inter-Die (Gbits): 8,192
Inter-Die (Gbits/mm): 245.576
Bisection BW of Board (Gbits): 8,192
Border IO #Dies: 16
Border IO Die BW (Gbits): 1,024
Off-Board BW Total (Gbits): 16,384
Off-Board BW Density (Gbits/mm): 72
Die side: 8.34 mm
Die border wire density: 245.58 Gbits/mm
HBM wire density: 491.15 Gbits/mm

Tiles per Die: 64 (8x8)
Tile Area: 0.76 mm2, side: 0.87 mm
- Core/Rout Area: 0.19 mm2
- SRAM Area: 0.57 mm2
- SRAM/Logic Ratio: 3.08x

Dies per Package: 16 (4x4)
Die Area: 69.55 mm2, side: 8.34 mm
- Tiles Area: 48.68 mm2
- PHY Area: 11.87 mm2
- MC Area: 9.00 mm2

Packages per Board: 1 (1x1)
Package Area: 3,192.77 mm2, side: 56.50 mm
- IOdie Area: 320.00 mm2
- Dies Area: 1,112.77 mm2
- HBM Area: 1,760.00 mm2

Boards: 1 (1x1)
Board Area: 3,192.77 mm2
Total Area: 3,192.77 mm2



ESTIMATED COST OF SILICON AND PACKAGING. ONLY VARIABLE, NO FIXED COSTS
Good dies per wafer 3d: 481
Good dies per wafer 2d: 802
--Dies 3D Cost: 201.15 $
--Dies 2.5D Cost: 120.64 $
--Dies 2D Cost: 120.64 $
--HBM Cost: 960.00 $
--IOdie Cost: 33.76 $
--Packaging Cost 3d: 41.27 $
--Packaging Cost 2.5d: 65.38 $
--Packaging Cost 2d: 23.16 $
SiP Cost 3d: 1,236.17 $
SiP Cost 2.5d: 1,179.78 $
SiP Cost 2d: 177.56 $
--Board Cost: 3.19 $
Total SiPs Cost 3d: 1,239.37 $
Total SiPs Cost 2.5d: 1,182.97 $
Total SiPs Cost 2d: 180.75 $

Perf counters initialized
Mesh connected
Cache structures initialized
Replicas initialized
Allocated Frontier List
Dataset structures initialized


Starting Simulation
INIT epoch: 1
INIT epoch: 1
INIT epoch: 1
INIT epoch: 1
INIT epoch: 1
INIT epoch: 1
INIT epoch: 1
INIT epoch: 1

===PRINTING FRAME STATS

FCollision In Avg:-nan, SD:-nan, Max:410, Min:10
FCollision Out Avg:-nan, SD:-nan, Max:413, Min:1
FCollision End Avg:-nan, SD:-nan, Max:93, Min:0
FTask1 Avg:-nan, SD:-nan, Max:122, Min:0
FTask2 Avg:-nan, SD:-nan, Max:188, Min:0
FTask3 Avg:-nan, SD:-nan, Max:398, Min:7
FCore Active Avg:-nan, SD:-nan, Max:100, Min:4
FRouter Active Avg:-nan, SD:-nan, Max:98, Min:17
T1 invocations: 363,253
T2 invocations: 364,755
T3 invocations: 10,305,587
T3b invocations: 0
Total3 invocations: 10,305,587
Total4 invocations: 12,635

T3/T2 ratio: 28
T3b/T3 ratio: 0

T1 avg ex cycles: 33
T2 avg ex cycles: 70
T3&b avg ex cycles: 7
T4 avg ex cycles: 295
Avg. hops NOC1: 6
Avg. latency NOC1 (T2): 14,055
Avg. hops NOC2: 8
Avg. latency NOC2 (T3): 9,904

===PRINTING ACUM STATS at pu_cycles: 100,576

ACollision In Avg:-nan, SD:-nan, Max:410, Min:10
ACollision Out Avg:-nan, SD:-nan, Max:413, Min:1
ACollision End Avg:-nan, SD:-nan, Max:93, Min:0
ATask1 Avg:-nan, SD:-nan, Max:122, Min:0
ATask2 Avg:-nan, SD:-nan, Max:188, Min:0
ATask3 Avg:-nan, SD:-nan, Max:398, Min:7
ACore Active Avg:-nan, SD:-nan, Max:100, Min:4
ARouter Active Avg:-nan, SD:-nan, Max:98, Min:17
T1 invocations: 363,933
T2 invocations: 364,800
T3 invocations: 10,313,290
T3b invocations: 0
Total3 invocations: 10,313,290
Total4 invocations: 12,648

T3/T2 ratio: 28
T3b/T3 ratio: 0

T1 avg ex cycles: 33
T2 avg ex cycles: 70
T3&b avg ex cycles: 7
T4 avg ex cycles: 295
Avg. hops NOC1: 6
Avg. latency NOC1 (T2): 14,054
Avg. hops NOC2: 8
Avg. latency NOC2 (T3): 9,905
Number of K Nodes Processed: 2,057
Number of K Edges Processed: 11,547
Node Re-explore factor: 0.49
Edge Re-explore factor: 0.11
Nodes/cy: 20
Edges/cy: 115
TEPS: 950

---DCache---
DCache Size: 107,424
DRAM words: 0
  DHits: 0
  DMisses: 0

---Energy---
Leakage Energy (nJ): 46,632
PU Dyn E (nJ): 762,473
Mem Dyn E (nJ): 4,288,128
Route Dyn E (nJ): 1,115,135
Dynamic Energy (nJ): 6,165,736
Ratio of Dyn/Leak: 132
Total Energy (nJ): 6,212,368
Total Energy (nJ) 3D: 6,758,711
Cores Energy (nJ): 763,593
Route Energy (nJ): 1,119,387
Route Energy (nJ) 3D: 1,665,730
Mem Energy   (nJ): 4,329,388
Mem Energy   (nJ) 3D: 4,329,388
Avg. Power (mW): 61,767.89
Power Density (mW/mm2): 19.35

---Runtime---
Runtime in K cycles: 100.58
Microseconds: 100.58
Time per iteration (ms): 0.10

---Throughput---
GOP/s (aka OPS/ns): 800.14
GOP/s per core: 0.78
FLOP/s: 215.93
FLOP/s per core: 0.21
Max Peak FLOP/s: 4,096.00
Avg. BW GB/s: 4,280.60
Max BW GB/s: 16,384.00

---Traffic---
In-Die bisection_bytes BW (GB/s): 128.00
Inter-board traffic (msg/ns): 0.00, per-link: 0.00
Inter-pack traffic (msg/ns): 0.00, per-link: 0.00
Inter-die traffic (msg/ns): 102.97, per-link: 0.20
Ruche traffic (msg/ns): 185.72, per-link: 0.36
All traffic (msg/ns): 1,696.88, per-link: 1.66
Inter-die reduction wrt all: 16.48
Inter-board reduction wrt inter-die: inf

---Data Movement---
All traffic (msg): 170,665,319
Arith. Intensity FLOP/Loads: 0.41
Arith. Intensity FLOP/Msgs: 0.13
Arith. Intensity OPS/Loads: 1.51
Arith. Intensity OPS/Msgs: 0.47



===Core Utilization Total=== CORE-S:1;; TIME K cy:100 ;; Nodes Proc: 287,733 -- Edges Proc: 1,887,442

===PRINTING FRAME STATS

FCollision In Avg:120, SD:55, Max:389, Min:0
FCollision Out Avg:104, SD:74, Max:449, Min:0
FCollision End Avg:10, SD:26, Max:100, Min:0
FTask1 Avg:10, SD:18, Max:115, Min:0
FTask2 Avg:21, SD:30, Max:185, Min:0
FTask3 Avg:51, SD:50, Max:341, Min:4
FCore Active Avg:21, SD:18, Max:100, Min:2
FRouter Active Avg:51, SD:19, Max:99, Min:8
T1 invocations: 328,230
T2 invocations: 379,874
T3 invocations: 9,467,708
T3b invocations: 0
Total3 invocations: 9,467,708
Total4 invocations: 9,637

T3/T2 ratio: 25
T3b/T3 ratio: 0

T1 avg ex cycles: 32
T2 avg ex cycles: 56
T3&b avg ex cycles: 6
T4 avg ex cycles: 311
Avg. hops NOC1: 5
Avg. latency NOC1 (T2): 20,700
Avg. hops NOC2: 7
Avg. latency NOC2 (T3): 9,929

===PRINTING ACUM STATS at pu_cycles: 200,604

ACollision In Avg:119, SD:51, Max:393, Min:5
ACollision Out Avg:107, SD:66, Max:431, Min:1
ACollision End Avg:10, SD:21, Max:97, Min:0
ATask1 Avg:11, SD:14, Max:82, Min:0
ATask2 Avg:23, SD:24, Max:144, Min:0
ATask3 Avg:63, SD:50, Max:365, Min:6
ACore Active Avg:25, SD:17, Max:99, Min:3
ARouter Active Avg:54, SD:17, Max:98, Min:13
T1 invocations: 695,610
T2 invocations: 746,990
T3 invocations: 19,854,652
T3b invocations: 0
Total3 invocations: 19,854,652
Total4 invocations: 22,363

T3/T2 ratio: 27
T3b/T3 ratio: 0

T1 avg ex cycles: 32
T2 avg ex cycles: 63
T3&b avg ex cycles: 6
T4 avg ex cycles: 302
Avg. hops NOC1: 6
Avg. latency NOC1 (T2): 17,411
Avg. hops NOC2: 8
Avg. latency NOC2 (T3): 9,914
Number of K Nodes Processed: 2,941
Number of K Edges Processed: 20,836
Node Re-explore factor: 0.70
Edge Re-explore factor: 0.21
Nodes/cy: 15
Edges/cy: 104
TEPS: 476

---DCache---
DCache Size: 107,424
DRAM words: 0
  DHits: 0
  DMisses: 0

---Energy---
Leakage Energy (nJ): 93,009
PU Dyn E (nJ): 1,389,718
Mem Dyn E (nJ): 7,790,782
Route Dyn E (nJ): 2,050,240
Dynamic Energy (nJ): 11,230,740
Ratio of Dyn/Leak: 121
Total Energy (nJ): 11,323,749
Total Energy (nJ) 3D: 12,325,330
Cores Energy (nJ): 1,391,951
Route Energy (nJ): 2,058,721
Route Energy (nJ) 3D: 3,060,302
Mem Energy   (nJ): 7,873,078
Mem Energy   (nJ) 3D: 7,873,078
Avg. Power (mW): 56,448.27
Power Density (mW/mm2): 17.68

---Runtime---
Runtime in K cycles: 200.60
Microseconds: 200.60
Time per iteration (ms): 0.20

---Throughput---
GOP/s (aka OPS/ns): 710.48
GOP/s per core: 0.69
FLOP/s: 202.49
FLOP/s per core: 0.20
Max Peak FLOP/s: 4,096.00
Avg. BW GB/s: 3,899.83
Max BW GB/s: 16,384.00

---Traffic---
In-Die bisection_bytes BW (GB/s): 128.00
Inter-board traffic (msg/ns): 0.00, per-link: 0.00
Inter-pack traffic (msg/ns): 0.00, per-link: 0.00
Inter-die traffic (msg/ns): 94.51, per-link: 0.18
Ruche traffic (msg/ns): 173.27, per-link: 0.34
All traffic (msg/ns): 1,572.70, per-link: 1.54
Inter-die reduction wrt all: 16.64
Inter-board reduction wrt inter-die: inf

---Data Movement---
All traffic (msg): 315,489,371
Arith. Intensity FLOP/Loads: 0.42
Arith. Intensity FLOP/Msgs: 0.13
Arith. Intensity OPS/Loads: 1.46
Arith. Intensity OPS/Msgs: 0.45



===Core Utilization Total=== CORE-S:2;; TIME K cy:200 ;; Nodes Proc: 403,861 -- Edges Proc: 3,387,361

===PRINTING FRAME STATS

FCollision In Avg:117, SD:52, Max:391, Min:1
FCollision Out Avg:97, SD:69, Max:420, Min:0
FCollision End Avg:9, SD:24, Max:100, Min:0
FTask1 Avg:11, SD:17, Max:98, Min:0
FTask2 Avg:22, SD:27, Max:127, Min:0
FTask3 Avg:49, SD:50, Max:343, Min:3
FCore Active Avg:21, SD:18, Max:100, Min:2
FRouter Active Avg:52, SD:18, Max:99, Min:11
T1 invocations: 368,674
T2 invocations: 417,766
T3 invocations: 9,757,875
T3b invocations: 0
Total3 invocations: 9,757,875
Total4 invocations: 14,195

T3/T2 ratio: 23
T3b/T3 ratio: 0

T1 avg ex cycles: 32
T2 avg ex cycles: 53
T3&b avg ex cycles: 5
T4 avg ex cycles: 241
Avg. hops NOC1: 5
Avg. latency NOC1 (T2): 20,968
Avg. hops NOC2: 7
Avg. latency NOC2 (T3): 8,846

===PRINTING ACUM STATS at pu_cycles: 300,614

ACollision In Avg:118, SD:48, Max:367, Min:4
ACollision Out Avg:104, SD:64, Max:427, Min:2
ACollision End Avg:9, SD:20, Max:98, Min:0
ATask1 Avg:11, SD:13, Max:67, Min:0
ATask2 Avg:22, SD:22, Max:107, Min:0
ATask3 Avg:58, SD:48, Max:349, Min:5
ACore Active Avg:24, SD:16, Max:95, Min:3
ARouter Active Avg:53, SD:16, Max:98, Min:14
T1 invocations: 1,064,732
T2 invocations: 1,165,022
T3 invocations: 29,615,770
T3b invocations: 0
Total3 invocations: 29,615,770
Total4 invocations: 36,565

T3/T2 ratio: 25
T3b/T3 ratio: 0

T1 avg ex cycles: 32
T2 avg ex cycles: 59
T3&b avg ex cycles: 6
T4 avg ex cycles: 278
Avg. hops NOC1: 5
Avg. latency NOC1 (T2): 18,674
Avg. hops NOC2: 7
Avg. latency NOC2 (T3): 9,569
Number of K Nodes Processed: 3,595
Number of K Edges Processed: 30,454
Node Re-explore factor: 0.85
Edge Re-explore factor: 0.30
Nodes/cy: 12
Edges/cy: 101
TEPS: 318

---DCache---
DCache Size: 107,424
DRAM words: 0
  DHits: 0
  DMisses: 0

---Energy---
Leakage Energy (nJ): 139,378
PU Dyn E (nJ): 2,026,683
Mem Dyn E (nJ): 11,313,203
Route Dyn E (nJ): 2,998,635
Dynamic Energy (nJ): 16,338,521
Ratio of Dyn/Leak: 117
Total Energy (nJ): 16,477,899
Total Energy (nJ) 3D: 17,940,159
Cores Energy (nJ): 2,030,030
Route Energy (nJ): 3,011,343
Route Energy (nJ) 3D: 4,473,603
Mem Energy   (nJ): 11,436,527
Mem Energy   (nJ) 3D: 11,436,527
Avg. Power (mW): 54,814.15
Power Density (mW/mm2): 17.17

---Runtime---
Runtime in K cycles: 300.61
Microseconds: 300.61
Time per iteration (ms): 0.30

---Throughput---
GOP/s (aka OPS/ns): 680.97
GOP/s per core: 0.67
FLOP/s: 199.67
FLOP/s per core: 0.19
Max Peak FLOP/s: 4,096.00
Avg. BW GB/s: 3,779.28
Max BW GB/s: 16,384.00

---Traffic---
In-Die bisection_bytes BW (GB/s): 128.00
Inter-board traffic (msg/ns): 0.00, per-link: 0.00
Inter-pack traffic (msg/ns): 0.00, per-link: 0.00
Inter-die traffic (msg/ns): 92.38, per-link: 0.18
Ruche traffic (msg/ns): 169.98, per-link: 0.33
All traffic (msg/ns): 1,538.60, per-link: 1.50
Inter-die reduction wrt all: 16.66
Inter-board reduction wrt inter-die: inf

---Data Movement---
All traffic (msg): 462,523,509
Arith. Intensity FLOP/Loads: 0.42
Arith. Intensity FLOP/Msgs: 0.13
Arith. Intensity OPS/Loads: 1.44
Arith. Intensity OPS/Msgs: 0.44



===Core Utilization Total=== CORE-S:3;; TIME K cy:300 ;; Nodes Proc: 487,960 -- Edges Proc: 4,635,109

===PRINTING FRAME STATS

FCollision In Avg:111, SD:55, Max:420, Min:0
FCollision Out Avg:94, SD:70, Max:443, Min:0
FCollision End Avg:8, SD:23, Max:100, Min:0
FTask1 Avg:11, SD:17, Max:96, Min:0
FTask2 Avg:19, SD:26, Max:139, Min:0
FTask3 Avg:42, SD:46, Max:338, Min:3
FCore Active Avg:19, SD:17, Max:96, Min:1
FRouter Active Avg:47, SD:19, Max:99, Min:9
T1 invocations: 350,001
T2 invocations: 389,753
T3 invocations: 8,727,699
T3b invocations: 0
Total3 invocations: 8,727,699
Total4 invocations: 16,515

T3/T2 ratio: 22
T3b/T3 ratio: 0

T1 avg ex cycles: 32
T2 avg ex cycles: 51
T3&b avg ex cycles: 5
T4 avg ex cycles: 200
Avg. hops NOC1: 5
Avg. latency NOC1 (T2): 18,311
Avg. hops NOC2: 7
Avg. latency NOC2 (T3): 8,016

===PRINTING ACUM STATS at pu_cycles: 400,571

ACollision In Avg:117, SD:47, Max:365, Min:3
ACollision Out Avg:101, SD:63, Max:431, Min:1
ACollision End Avg:9, SD:19, Max:98, Min:0
ATask1 Avg:11, SD:12, Max:54, Min:0
ATask2 Avg:22, SD:20, Max:85, Min:0
ATask3 Avg:54, SD:46, Max:325, Min:5
ACore Active Avg:22, SD:15, Max:95, Min:2
ARouter Active Avg:52, SD:16, Max:97, Min:13
T1 invocations: 1,411,855
T2 invocations: 1,555,563
T3 invocations: 38,246,387
T3b invocations: 0
Total3 invocations: 38,246,387
Total4 invocations: 53,095

T3/T2 ratio: 25
T3b/T3 ratio: 0

T1 avg ex cycles: 32
T2 avg ex cycles: 57
T3&b avg ex cycles: 6
T4 avg ex cycles: 254
Avg. hops NOC1: 5
Avg. latency NOC1 (T2): 18,581
Avg. hops NOC2: 7
Avg. latency NOC2 (T3): 9,208
Number of K Nodes Processed: 4,066
Number of K Edges Processed: 39,122
Node Re-explore factor: 0.97
Edge Re-explore factor: 0.39
Nodes/cy: 10
Edges/cy: 98
TEPS: 239

---DCache---
DCache Size: 107,424
DRAM words: 0
  DHits: 0
  DMisses: 0

---Energy---
Leakage Energy (nJ): 185,723
PU Dyn E (nJ): 2,591,514
Mem Dyn E (nJ): 14,416,793
Route Dyn E (nJ): 3,832,930
Dynamic Energy (nJ): 20,841,238
Ratio of Dyn/Leak: 112
Total Energy (nJ): 21,026,961
Total Energy (nJ) 3D: 22,893,005
Cores Energy (nJ): 2,595,974
Route Energy (nJ): 3,849,864
Route Energy (nJ) 3D: 5,715,908
Mem Energy   (nJ): 14,581,124
Mem Energy   (nJ) 3D: 14,581,124
Avg. Power (mW): 52,492.47
Power Density (mW/mm2): 16.44

---Runtime---
Runtime in K cycles: 400.57
Microseconds: 400.57
Time per iteration (ms): 0.40

---Throughput---
GOP/s (aka OPS/ns): 648.19
GOP/s per core: 0.63
FLOP/s: 192.93
FLOP/s per core: 0.19
Max Peak FLOP/s: 4,096.00
Avg. BW GB/s: 3,614.37
Max BW GB/s: 16,384.00

---Traffic---
In-Die bisection_bytes BW (GB/s): 128.00
Inter-board traffic (msg/ns): 0.00, per-link: 0.00
Inter-pack traffic (msg/ns): 0.00, per-link: 0.00
Inter-die traffic (msg/ns): 88.36, per-link: 0.17
Ruche traffic (msg/ns): 164.18, per-link: 0.32
All traffic (msg/ns): 1,477.57, per-link: 1.44
Inter-die reduction wrt all: 16.72
Inter-board reduction wrt inter-die: inf

---Data Movement---
All traffic (msg): 591,870,323
Arith. Intensity FLOP/Loads: 0.43
Arith. Intensity FLOP/Msgs: 0.13
Arith. Intensity OPS/Loads: 1.43
Arith. Intensity OPS/Msgs: 0.44



===Core Utilization Total=== CORE-S:4;; TIME K cy:400 ;; Nodes Proc: 543,990 -- Edges Proc: 5,755,995

===PRINTING FRAME STATS

FCollision In Avg:107, SD:60, Max:386, Min:0
FCollision Out Avg:91, SD:71, Max:518, Min:0
FCollision End Avg:7, SD:23, Max:100, Min:0
FTask1 Avg:10, SD:17, Max:100, Min:0
FTask2 Avg:17, SD:24, Max:153, Min:0
FTask3 Avg:36, SD:43, Max:287, Min:2
FCore Active Avg:16, SD:16, Max:99, Min:1
FRouter Active Avg:42, SD:20, Max:98, Min:6
T1 invocations: 314,369
T2 invocations: 356,452
T3 invocations: 7,640,910
T3b invocations: 0
Total3 invocations: 7,640,910
Total4 invocations: 18,942

T3/T2 ratio: 21
T3b/T3 ratio: 0

T1 avg ex cycles: 32
T2 avg ex cycles: 50
T3&b avg ex cycles: 5
T4 avg ex cycles: 161
Avg. hops NOC1: 5
Avg. latency NOC1 (T2): 16,691
Avg. hops NOC2: 7
Avg. latency NOC2 (T3): 8,164

===PRINTING ACUM STATS at pu_cycles: 500,663

ACollision In Avg:115, SD:47, Max:357, Min:3
ACollision Out Avg:99, SD:63, Max:448, Min:1
ACollision End Avg:9, SD:19, Max:99, Min:0
ATask1 Avg:11, SD:11, Max:44, Min:0
ATask2 Avg:21, SD:19, Max:74, Min:0
ATask3 Avg:50, SD:44, Max:311, Min:4
ACore Active Avg:21, SD:14, Max:94, Min:2
ARouter Active Avg:50, SD:16, Max:97, Min:12
T1 invocations: 1,727,255
T2 invocations: 1,906,935
T3 invocations: 45,962,680
T3b invocations: 0
Total3 invocations: 45,962,680
Total4 invocations: 72,015

T3/T2 ratio: 24
T3b/T3 ratio: 0

T1 avg ex cycles: 32
T2 avg ex cycles: 56
T3&b avg ex cycles: 6
T4 avg ex cycles: 229
Avg. hops NOC1: 5
Avg. latency NOC1 (T2): 18,234
Avg. hops NOC2: 7
Avg. latency NOC2 (T3): 9,038
Number of K Nodes Processed: 4,417
Number of K Edges Processed: 46,704
Node Re-explore factor: 1.05
Edge Re-explore factor: 0.46
Nodes/cy: 9
Edges/cy: 93
TEPS: 191

---DCache---
DCache Size: 107,424
DRAM words: 0
  DHits: 0
  DMisses: 0

---Energy---
Leakage Energy (nJ): 232,130
PU Dyn E (nJ): 3,090,787
Mem Dyn E (nJ): 17,152,363
Route Dyn E (nJ): 4,569,754
Dynamic Energy (nJ): 24,812,904
Ratio of Dyn/Leak: 107
Total Energy (nJ): 25,045,034
Total Energy (nJ) 3D: 27,268,327
Cores Energy (nJ): 3,096,361
Route Energy (nJ): 4,590,919
Route Energy (nJ) 3D: 6,814,212
Mem Energy   (nJ): 17,357,755
Mem Energy   (nJ) 3D: 17,357,755
Avg. Power (mW): 50,023.74
Power Density (mW/mm2): 15.67

---Runtime---
Runtime in K cycles: 500.66
Microseconds: 500.66
Time per iteration (ms): 0.50

---Throughput---
GOP/s (aka OPS/ns): 615.55
GOP/s per core: 0.60
FLOP/s: 184.84
FLOP/s per core: 0.18
Max Peak FLOP/s: 4,096.00
Avg. BW GB/s: 3,440.61
Max BW GB/s: 16,384.00

---Traffic---
In-Die bisection_bytes BW (GB/s): 128.00
Inter-board traffic (msg/ns): 0.00, per-link: 0.00
Inter-pack traffic (msg/ns): 0.00, per-link: 0.00
Inter-die traffic (msg/ns): 84.60, per-link: 0.17
Ruche traffic (msg/ns): 156.64, per-link: 0.31
All traffic (msg/ns): 1,410.89, per-link: 1.38
Inter-die reduction wrt all: 16.68
Inter-board reduction wrt inter-die: inf

---Data Movement---
All traffic (msg): 706,379,742
Arith. Intensity FLOP/Loads: 0.43
Arith. Intensity FLOP/Msgs: 0.13
Arith. Intensity OPS/Loads: 1.43
Arith. Intensity OPS/Msgs: 0.44



===Core Utilization Total=== CORE-S:5;; TIME K cy:500 ;; Nodes Proc: 582,099 -- Edges Proc: 6,893,879

===PRINTING FRAME STATS

FCollision In Avg:100, SD:65, Max:424, Min:0
FCollision Out Avg:90, SD:72, Max:452, Min:0
FCollision End Avg:6, SD:21, Max:100, Min:0
FTask1 Avg:7, SD:15, Max:92, Min:0
FTask2 Avg:13, SD:22, Max:141, Min:0
FTask3 Avg:27, SD:39, Max:282, Min:1
FCore Active Avg:13, SD:14, Max:94, Min:1
FRouter Active Avg:34, SD:19, Max:99, Min:4
T1 invocations: 241,263
T2 invocations: 271,777
T3 invocations: 5,970,642
T3b invocations: 0
Total3 invocations: 5,970,642
Total4 invocations: 17,640

T3/T2 ratio: 22
T3b/T3 ratio: 0

T1 avg ex cycles: 32
T2 avg ex cycles: 50
T3&b avg ex cycles: 5
T4 avg ex cycles: 136
Avg. hops NOC1: 5
Avg. latency NOC1 (T2): 21,212
Avg. hops NOC2: 7
Avg. latency NOC2 (T3): 8,783

===PRINTING ACUM STATS at pu_cycles: 600,661

ACollision In Avg:112, SD:48, Max:352, Min:2
ACollision Out Avg:98, SD:63, Max:449, Min:1
ACollision End Avg:8, SD:18, Max:99, Min:0
ATask1 Avg:10, SD:10, Max:37, Min:0
ATask2 Avg:20, SD:17, Max:62, Min:0
ATask3 Avg:46, SD:42, Max:299, Min:6
ACore Active Avg:20, SD:13, Max:87, Min:2
ARouter Active Avg:47, SD:16, Max:97, Min:11
T1 invocations: 1,974,281
T2 invocations: 2,184,630
T3 invocations: 52,041,695
T3b invocations: 0
Total3 invocations: 52,041,695
Total4 invocations: 89,843

T3/T2 ratio: 24
T3b/T3 ratio: 0

T1 avg ex cycles: 32
T2 avg ex cycles: 55
T3&b avg ex cycles: 5
T4 avg ex cycles: 211
Avg. hops NOC1: 5
Avg. latency NOC1 (T2): 18,579
Avg. hops NOC2: 7
Avg. latency NOC2 (T3): 9,001
Number of K Nodes Processed: 4,654
Number of K Edges Processed: 52,600
Node Re-explore factor: 1.11
Edge Re-explore factor: 0.52
Nodes/cy: 8
Edges/cy: 88
TEPS: 159

---DCache---
DCache Size: 107,424
DRAM words: 0
  DHits: 0
  DMisses: 0

---Energy---
Leakage Energy (nJ): 278,494
PU Dyn E (nJ): 3,484,274
Mem Dyn E (nJ): 19,306,033
Route Dyn E (nJ): 5,141,144
Dynamic Energy (nJ): 27,931,453
Ratio of Dyn/Leak: 100
Total Energy (nJ): 28,209,947
Total Energy (nJ) 3D: 30,709,522
Cores Energy (nJ): 3,490,961
Route Energy (nJ): 5,166,537
Route Energy (nJ) 3D: 7,666,113
Mem Energy   (nJ): 19,552,449
Mem Energy   (nJ) 3D: 19,552,449
Avg. Power (mW): 46,964.84
Power Density (mW/mm2): 14.71

---Runtime---
Runtime in K cycles: 600.66
Microseconds: 600.66
Time per iteration (ms): 0.60

---Throughput---
GOP/s (aka OPS/ns): 576.37
GOP/s per core: 0.56
FLOP/s: 174.19
FLOP/s per core: 0.17
Max Peak FLOP/s: 4,096.00
Avg. BW GB/s: 3,227.95
Max BW GB/s: 16,384.00

---Traffic---
In-Die bisection_bytes BW (GB/s): 128.00
Inter-board traffic (msg/ns): 0.00, per-link: 0.00
Inter-pack traffic (msg/ns): 0.00, per-link: 0.00
Inter-die traffic (msg/ns): 79.69, per-link: 0.16
Ruche traffic (msg/ns): 146.86, per-link: 0.29
All traffic (msg/ns): 1,324.05, per-link: 1.29
Inter-die reduction wrt all: 16.62
Inter-board reduction wrt inter-die: inf

---Data Movement---
All traffic (msg): 795,306,307
Arith. Intensity FLOP/Loads: 0.43
Arith. Intensity FLOP/Msgs: 0.13
Arith. Intensity OPS/Loads: 1.42
Arith. Intensity OPS/Msgs: 0.44



===Core Utilization Total=== CORE-S:6;; TIME K cy:600 ;; Nodes Proc: 610,480 -- Edges Proc: 7,770,807

===PRINTING FRAME STATS

FCollision In Avg:92, SD:64, Max:459, Min:0
FCollision Out Avg:80, SD:69, Max:539, Min:0
FCollision End Avg:5, SD:19, Max:100, Min:0
FTask1 Avg:6, SD:15, Max:104, Min:0
FTask2 Avg:12, SD:23, Max:159, Min:0
FTask3 Avg:25, SD:37, Max:345, Min:1
FCore Active Avg:11, SD:14, Max:97, Min:0
FRouter Active Avg:32, SD:20, Max:98, Min:5
T1 invocations: 208,745
T2 invocations: 241,192
T3 invocations: 5,448,911
T3b invocations: 0
Total3 invocations: 5,448,911
Total4 invocations: 17,923

T3/T2 ratio: 23
T3b/T3 ratio: 0

T1 avg ex cycles: 32
T2 avg ex cycles: 51
T3&b avg ex cycles: 5
T4 avg ex cycles: 118
Avg. hops NOC1: 5
Avg. latency NOC1 (T2): 22,085
Avg. hops NOC2: 7
Avg. latency NOC2 (T3): 8,358

===PRINTING ACUM STATS at pu_cycles: 700,802

ACollision In Avg:109, SD:48, Max:365, Min:3
ACollision Out Avg:95, SD:62, Max:462, Min:1
ACollision End Avg:8, SD:17, Max:99, Min:0
ATask1 Avg:10, SD:9, Max:32, Min:0
ATask2 Avg:19, SD:15, Max:55, Min:0
ATask3 Avg:43, SD:39, Max:293, Min:5
ACore Active Avg:19, SD:12, Max:82, Min:2
ARouter Active Avg:45, SD:15, Max:97, Min:11
T1 invocations: 2,183,026
T2 invocations: 2,425,822
T3 invocations: 57,490,606
T3b invocations: 0
Total3 invocations: 57,490,606
Total4 invocations: 107,766

T3/T2 ratio: 24
T3b/T3 ratio: 0

T1 avg ex cycles: 32
T2 avg ex cycles: 55
T3&b avg ex cycles: 5
T4 avg ex cycles: 196
Avg. hops NOC1: 5
Avg. latency NOC1 (T2): 18,928
Avg. hops NOC2: 7
Avg. latency NOC2 (T3): 8,940
Number of K Nodes Processed: 4,863
Number of K Edges Processed: 57,872
Node Re-explore factor: 1.16
Edge Re-explore factor: 0.57
Nodes/cy: 7
Edges/cy: 83
TEPS: 136

---DCache---
DCache Size: 107,424
DRAM words: 0
  DHits: 0
  DMisses: 0

---Energy---
Leakage Energy (nJ): 324,924
PU Dyn E (nJ): 3,831,636
Mem Dyn E (nJ): 21,214,216
Route Dyn E (nJ): 5,675,983
Dynamic Energy (nJ): 30,721,836
Ratio of Dyn/Leak: 95
Total Energy (nJ): 31,046,760
Total Energy (nJ) 3D: 33,800,349
Cores Energy (nJ): 3,839,438
Route Energy (nJ): 5,705,609
Route Energy (nJ) 3D: 8,459,199
Mem Energy   (nJ): 21,501,713
Mem Energy   (nJ) 3D: 21,501,713
Avg. Power (mW): 44,301.76
Power Density (mW/mm2): 13.88

---Runtime---
Runtime in K cycles: 700.80
Microseconds: 700.80
Time per iteration (ms): 0.70

---Throughput---
GOP/s (aka OPS/ns): 541.62
GOP/s per core: 0.53
FLOP/s: 164.59
FLOP/s per core: 0.16
Max Peak FLOP/s: 4,096.00
Avg. BW GB/s: 3,040.20
Max BW GB/s: 16,384.00

---Traffic---
In-Die bisection_bytes BW (GB/s): 128.00
Inter-board traffic (msg/ns): 0.00, per-link: 0.00
Inter-pack traffic (msg/ns): 0.00, per-link: 0.00
Inter-die traffic (msg/ns): 75.52, per-link: 0.15
Ruche traffic (msg/ns): 139.84, per-link: 0.27
All traffic (msg/ns): 1,252.17, per-link: 1.22
Inter-die reduction wrt all: 16.58
Inter-board reduction wrt inter-die: inf

---Data Movement---
All traffic (msg): 877,524,661
Arith. Intensity FLOP/Loads: 0.43
Arith. Intensity FLOP/Msgs: 0.13
Arith. Intensity OPS/Loads: 1.42
Arith. Intensity OPS/Msgs: 0.43



===Core Utilization Total=== CORE-S:7;; TIME K cy:700 ;; Nodes Proc: 633,275 -- Edges Proc: 8,527,616

===PRINTING FRAME STATS

FCollision In Avg:91, SD:63, Max:336, Min:0
FCollision Out Avg:74, SD:65, Max:342, Min:0
FCollision End Avg:4, SD:17, Max:100, Min:0
FTask1 Avg:8, SD:12, Max:107, Min:0
FTask2 Avg:14, SD:19, Max:138, Min:0
FTask3 Avg:27, SD:37, Max:327, Min:1
FCore Active Avg:13, SD:12, Max:98, Min:0
FRouter Active Avg:37, SD:17, Max:94, Min:7
T1 invocations: 245,465
T2 invocations: 280,259
T3 invocations: 5,989,715
T3b invocations: 0
Total3 invocations: 5,989,715
Total4 invocations: 22,760

T3/T2 ratio: 21
T3b/T3 ratio: 0

T1 avg ex cycles: 32
T2 avg ex cycles: 50
T3&b avg ex cycles: 5
T4 avg ex cycles: 109
Avg. hops NOC1: 6
Avg. latency NOC1 (T2): 27,708
Avg. hops NOC2: 8
Avg. latency NOC2 (T3): 9,738

===PRINTING ACUM STATS at pu_cycles: 800,710

ACollision In Avg:107, SD:47, Max:361, Min:5
ACollision Out Avg:93, SD:61, Max:447, Min:1
ACollision End Avg:7, SD:16, Max:99, Min:0
ATask1 Avg:9, SD:8, Max:28, Min:0
ATask2 Avg:18, SD:13, Max:49, Min:0
ATask3 Avg:41, SD:38, Max:288, Min:5
ACore Active Avg:18, SD:12, Max:81, Min:3
ARouter Active Avg:44, SD:15, Max:97, Min:11
T1 invocations: 2,425,271
T2 invocations: 2,703,097
T3 invocations: 63,376,202
T3b invocations: 0
Total3 invocations: 63,376,202
Total4 invocations: 130,435

T3/T2 ratio: 23
T3b/T3 ratio: 0

T1 avg ex cycles: 32
T2 avg ex cycles: 54
T3&b avg ex cycles: 5
T4 avg ex cycles: 180
Avg. hops NOC1: 5
Avg. latency NOC1 (T2): 19,824
Avg. hops NOC2: 7
Avg. latency NOC2 (T3): 9,016
Number of K Nodes Processed: 5,097
Number of K Edges Processed: 64,039
Node Re-explore factor: 1.21
Edge Re-explore factor: 0.63
Nodes/cy: 6
Edges/cy: 80
TEPS: 119

---DCache---
DCache Size: 107,424
DRAM words: 0
  DHits: 0
  DMisses: 0

---Energy---
Leakage Energy (nJ): 371,246
PU Dyn E (nJ): 4,217,743
Mem Dyn E (nJ): 23,324,544
Route Dyn E (nJ): 6,287,531
Dynamic Energy (nJ): 33,829,819
Ratio of Dyn/Leak: 91
Total Energy (nJ): 34,201,065
Total Energy (nJ) 3D: 37,245,696
Cores Energy (nJ): 4,226,657
Route Energy (nJ): 6,321,381
Route Energy (nJ) 3D: 9,366,012
Mem Energy   (nJ): 23,653,028
Mem Energy   (nJ) 3D: 23,653,028
Avg. Power (mW): 42,713.42
Power Density (mW/mm2): 13.38

---Runtime---
Runtime in K cycles: 800.71
Microseconds: 800.71
Time per iteration (ms): 0.80

---Throughput---
GOP/s (aka OPS/ns): 520.44
GOP/s per core: 0.51
FLOP/s: 158.91
FLOP/s per core: 0.16
Max Peak FLOP/s: 4,096.00
Avg. BW GB/s: 2,925.55
Max BW GB/s: 16,384.00

---Traffic---
In-Die bisection_bytes BW (GB/s): 128.00
Inter-board traffic (msg/ns): 0.00, per-link: 0.00
Inter-pack traffic (msg/ns): 0.00, per-link: 0.00
Inter-die traffic (msg/ns): 73.50, per-link: 0.14
Ruche traffic (msg/ns): 136.11, per-link: 0.27
All traffic (msg/ns): 1,212.56, per-link: 1.18
Inter-die reduction wrt all: 16.50
Inter-board reduction wrt inter-die: inf

---Data Movement---
All traffic (msg): 970,912,410
Arith. Intensity FLOP/Loads: 0.43
Arith. Intensity FLOP/Msgs: 0.13
Arith. Intensity OPS/Loads: 1.42
Arith. Intensity OPS/Msgs: 0.43



===Core Utilization Total=== CORE-S:8;; TIME K cy:800 ;; Nodes Proc: 655,919 -- Edges Proc: 9,565,314

===PRINTING FRAME STATS

FCollision In Avg:83, SD:58, Max:307, Min:0
FCollision Out Avg:71, SD:63, Max:314, Min:0
FCollision End Avg:4, SD:18, Max:100, Min:0
FTask1 Avg:7, SD:13, Max:111, Min:0
FTask2 Avg:13, SD:20, Max:145, Min:0
FTask3 Avg:25, SD:33, Max:306, Min:1
FCore Active Avg:12, SD:12, Max:78, Min:1
FRouter Active Avg:35, SD:17, Max:95, Min:7
T1 invocations: 223,692
T2 invocations: 257,636
T3 invocations: 5,575,969
T3b invocations: 0
Total3 invocations: 5,575,969
Total4 invocations: 21,289

T3/T2 ratio: 22
T3b/T3 ratio: 0

T1 avg ex cycles: 32
T2 avg ex cycles: 50
T3&b avg ex cycles: 5
T4 avg ex cycles: 107
Avg. hops NOC1: 6
Avg. latency NOC1 (T2): 19,110
Avg. hops NOC2: 8
Avg. latency NOC2 (T3): 7,373

===PRINTING ACUM STATS at pu_cycles: 900,645

ACollision In Avg:104, SD:47, Max:351, Min:6
ACollision Out Avg:90, SD:60, Max:428, Min:1
ACollision End Avg:7, SD:16, Max:99, Min:0
ATask1 Avg:9, SD:7, Max:25, Min:0
ATask2 Avg:17, SD:12, Max:45, Min:0
ATask3 Avg:40, SD:36, Max:286, Min:4
ACore Active Avg:17, SD:11, Max:80, Min:2
ARouter Active Avg:43, SD:14, Max:96, Min:12
T1 invocations: 2,661,274
T2 invocations: 2,964,043
T3 invocations: 69,043,894
T3b invocations: 0
Total3 invocations: 69,043,894
Total4 invocations: 151,941

T3/T2 ratio: 23
T3b/T3 ratio: 0

T1 avg ex cycles: 32
T2 avg ex cycles: 54
T3&b avg ex cycles: 5
T4 avg ex cycles: 171
Avg. hops NOC1: 5
Avg. latency NOC1 (T2): 19,755
Avg. hops NOC2: 7
Avg. latency NOC2 (T3): 8,878
Number of K Nodes Processed: 5,300
Number of K Edges Processed: 69,556
Node Re-explore factor: 1.26
Edge Re-explore factor: 0.69
Nodes/cy: 6
Edges/cy: 77
TEPS: 106

---DCache---
DCache Size: 107,424
DRAM words: 0
  DHits: 0
  DMisses: 0

---Energy---
Leakage Energy (nJ): 417,580
PU Dyn E (nJ): 4,584,411
Mem Dyn E (nJ): 25,326,198
Route Dyn E (nJ): 6,892,287
Dynamic Energy (nJ): 36,802,897
Ratio of Dyn/Leak: 88
Total Energy (nJ): 37,220,477
Total Energy (nJ) 3D: 40,554,768
Cores Energy (nJ): 4,594,438
Route Energy (nJ): 6,930,362
Route Energy (nJ) 3D: 10,264,653
Mem Energy   (nJ): 25,695,678
Mem Energy   (nJ) 3D: 25,695,678
Avg. Power (mW): 41,326.47
Power Density (mW/mm2): 12.94

---Runtime---
Runtime in K cycles: 900.64
Microseconds: 900.64
Time per iteration (ms): 0.90

---Throughput---
GOP/s (aka OPS/ns): 502.07
GOP/s per core: 0.49
FLOP/s: 153.77
FLOP/s per core: 0.15
Max Peak FLOP/s: 4,096.00
Avg. BW GB/s: 2,824.17
Max BW GB/s: 16,384.00

---Traffic---
In-Die bisection_bytes BW (GB/s): 128.00
Inter-board traffic (msg/ns): 0.00, per-link: 0.00
Inter-pack traffic (msg/ns): 0.00, per-link: 0.00
Inter-die traffic (msg/ns): 71.54, per-link: 0.14
Ruche traffic (msg/ns): 133.13, per-link: 0.26
All traffic (msg/ns): 1,180.39, per-link: 1.15
Inter-die reduction wrt all: 16.50
Inter-board reduction wrt inter-die: inf

---Data Movement---
All traffic (msg): 1,063,111,775
Arith. Intensity FLOP/Loads: 0.43
Arith. Intensity FLOP/Msgs: 0.13
Arith. Intensity OPS/Loads: 1.42
Arith. Intensity OPS/Msgs: 0.43



===Core Utilization Total=== CORE-S:9;; TIME K cy:900 ;; Nodes Proc: 674,085 -- Edges Proc: 10,327,635

===PRINTING FRAME STATS

FCollision In Avg:83, SD:62, Max:301, Min:0
FCollision Out Avg:71, SD:63, Max:309, Min:0
FCollision End Avg:4, SD:18, Max:100, Min:0
FTask1 Avg:7, SD:12, Max:99, Min:0
FTask2 Avg:12, SD:20, Max:152, Min:0
FTask3 Avg:24, SD:33, Max:340, Min:1
FCore Active Avg:11, SD:12, Max:91, Min:1
FRouter Active Avg:35, SD:18, Max:96, Min:6
T1 invocations: 220,990
T2 invocations: 253,377
T3 invocations: 5,330,784
T3b invocations: 0
Total3 invocations: 5,330,784
Total4 invocations: 19,728

T3/T2 ratio: 21
T3b/T3 ratio: 0

T1 avg ex cycles: 32
T2 avg ex cycles: 49
T3&b avg ex cycles: 5
T4 avg ex cycles: 113
Avg. hops NOC1: 7
Avg. latency NOC1 (T2): 17,092
Avg. hops NOC2: 8
Avg. latency NOC2 (T3): 6,941

===PRINTING ACUM STATS at pu_cycles: 1,000,466

ACollision In Avg:102, SD:47, Max:346, Min:6
ACollision Out Avg:88, SD:59, Max:414, Min:1
ACollision End Avg:7, SD:16, Max:99, Min:0
ATask1 Avg:9, SD:6, Max:22, Min:0
ATask2 Avg:17, SD:10, Max:41, Min:0
ATask3 Avg:38, SD:35, Max:291, Min:4
ACore Active Avg:17, SD:10, Max:81, Min:2
ARouter Active Avg:42, SD:14, Max:96, Min:12
T1 invocations: 2,887,815
T2 invocations: 3,214,871
T3 invocations: 74,358,246
T3b invocations: 0
Total3 invocations: 74,358,246
Total4 invocations: 171,700

T3/T2 ratio: 23
T3b/T3 ratio: 0

T1 avg ex cycles: 32
T2 avg ex cycles: 53
T3&b avg ex cycles: 5
T4 avg ex cycles: 164
Avg. hops NOC1: 6
Avg. latency NOC1 (T2): 19,537
Avg. hops NOC2: 7
Avg. latency NOC2 (T3): 8,738
Number of K Nodes Processed: 5,481
Number of K Edges Processed: 74,874
Node Re-explore factor: 1.30
Edge Re-explore factor: 0.74
Nodes/cy: 5
Edges/cy: 75
TEPS: 96

---DCache---
DCache Size: 107,424
DRAM words: 0
  DHits: 0
  DMisses: 0

---Energy---
Leakage Energy (nJ): 463,862
PU Dyn E (nJ): 4,929,005
Mem Dyn E (nJ): 27,204,042
Route Dyn E (nJ): 7,477,622
Dynamic Energy (nJ): 39,610,669
Ratio of Dyn/Leak: 85
Total Energy (nJ): 40,074,531
Total Energy (nJ) 3D: 43,686,872
Cores Energy (nJ): 4,940,143
Route Energy (nJ): 7,519,917
Route Energy (nJ) 3D: 11,132,257
Mem Energy   (nJ): 27,614,473
Mem Energy   (nJ) 3D: 27,614,473
Avg. Power (mW): 40,055.87
Power Density (mW/mm2): 12.55

---Runtime---
Runtime in K cycles: 1,000.47
Microseconds: 1,000.47
Time per iteration (ms): 1.00

---Throughput---
GOP/s (aka OPS/ns): 485.36
GOP/s per core: 0.47
FLOP/s: 148.98
FLOP/s per core: 0.15
Max Peak FLOP/s: 4,096.00
Avg. BW GB/s: 2,730.92
Max BW GB/s: 16,384.00

---Traffic---
In-Die bisection_bytes BW (GB/s): 128.00
Inter-board traffic (msg/ns): 0.00, per-link: 0.00
Inter-pack traffic (msg/ns): 0.00, per-link: 0.00
Inter-die traffic (msg/ns): 69.66, per-link: 0.14
Ruche traffic (msg/ns): 130.82, per-link: 0.26
All traffic (msg/ns): 1,151.22, per-link: 1.12
Inter-die reduction wrt all: 16.53
Inter-board reduction wrt inter-die: inf

---Data Movement---
All traffic (msg): 1,151,760,860
Arith. Intensity FLOP/Loads: 0.43
Arith. Intensity FLOP/Msgs: 0.13
Arith. Intensity OPS/Loads: 1.42
Arith. Intensity OPS/Msgs: 0.42



===Core Utilization Total=== CORE-S:10;; TIME K cy:1,000 ;; Nodes Proc: 691,855 -- Edges Proc: 11,208,033

===PRINTING FRAME STATS

FCollision In Avg:75, SD:62, Max:378, Min:0
FCollision Out Avg:63, SD:64, Max:352, Min:0
FCollision End Avg:4, SD:19, Max:100, Min:0
FTask1 Avg:5, SD:11, Max:118, Min:0
FTask2 Avg:9, SD:16, Max:141, Min:0
FTask3 Avg:18, SD:27, Max:290, Min:1
FCore Active Avg:9, SD:10, Max:83, Min:0
FRouter Active Avg:28, SD:16, Max:100, Min:6
T1 invocations: 177,499
T2 invocations: 196,856
T3 invocations: 4,154,571
T3b invocations: 0
Total3 invocations: 4,154,571
Total4 invocations: 16,693

T3/T2 ratio: 21
T3b/T3 ratio: 0

T1 avg ex cycles: 32
T2 avg ex cycles: 48
T3&b avg ex cycles: 5
T4 avg ex cycles: 107
Avg. hops NOC1: 7
Avg. latency NOC1 (T2): 19,409
Avg. hops NOC2: 8
Avg. latency NOC2 (T3): 6,382

===PRINTING ACUM STATS at pu_cycles: 1,100,575

ACollision In Avg:100, SD:46, Max:332, Min:5
ACollision Out Avg:86, SD:58, Max:395, Min:1
ACollision End Avg:7, SD:15, Max:99, Min:0
ATask1 Avg:9, SD:6, Max:22, Min:0
ATask2 Avg:16, SD:9, Max:38, Min:0
ATask3 Avg:36, SD:33, Max:287, Min:4
ACore Active Avg:16, SD:10, Max:79, Min:2
ARouter Active Avg:41, SD:13, Max:96, Min:13
T1 invocations: 3,077,116
T2 invocations: 3,413,496
T3 invocations: 78,656,942
T3b invocations: 0
Total3 invocations: 78,656,942
Total4 invocations: 188,680

T3/T2 ratio: 23
T3b/T3 ratio: 0

T1 avg ex cycles: 32
T2 avg ex cycles: 53
T3&b avg ex cycles: 5
T4 avg ex cycles: 159
Avg. hops NOC1: 6
Avg. latency NOC1 (T2): 19,516
Avg. hops NOC2: 7
Avg. latency NOC2 (T3): 8,609
Number of K Nodes Processed: 5,610
Number of K Edges Processed: 79,008
Node Re-explore factor: 1.33
Edge Re-explore factor: 0.78
Nodes/cy: 5
Edges/cy: 72
TEPS: 87

---DCache---
DCache Size: 107,424
DRAM words: 0
  DHits: 0
  DMisses: 0

---Energy---
Leakage Energy (nJ): 510,277
PU Dyn E (nJ): 5,205,487
Mem Dyn E (nJ): 28,706,239
Route Dyn E (nJ): 7,938,287
Dynamic Energy (nJ): 41,850,013
Ratio of Dyn/Leak: 82
Total Energy (nJ): 42,360,290
Total Energy (nJ) 3D: 46,193,880
Cores Energy (nJ): 5,217,738
Route Energy (nJ): 7,984,814
Route Energy (nJ) 3D: 11,818,403
Mem Energy   (nJ): 29,157,739
Mem Energy   (nJ) 3D: 29,157,739
Avg. Power (mW): 38,489.24
Power Density (mW/mm2): 12.06

---Runtime---
Runtime in K cycles: 1,100.58
Microseconds: 1,100.58
Time per iteration (ms): 1.10

---Throughput---
GOP/s (aka OPS/ns): 465.71
GOP/s per core: 0.45
FLOP/s: 143.09
FLOP/s per core: 0.14
Max Peak FLOP/s: 4,096.00
Avg. BW GB/s: 2,619.62
Max BW GB/s: 16,384.00

---Traffic---
In-Die bisection_bytes BW (GB/s): 128.00
Inter-board traffic (msg/ns): 0.00, per-link: 0.00
Inter-pack traffic (msg/ns): 0.00, per-link: 0.00
Inter-die traffic (msg/ns): 67.10, per-link: 0.13
Ruche traffic (msg/ns): 126.52, per-link: 0.25
All traffic (msg/ns): 1,110.35, per-link: 1.08
Inter-die reduction wrt all: 16.55
Inter-board reduction wrt inter-die: inf

---Data Movement---
All traffic (msg): 1,222,018,152
Arith. Intensity FLOP/Loads: 0.44
Arith. Intensity FLOP/Msgs: 0.13
Arith. Intensity OPS/Loads: 1.42
Arith. Intensity OPS/Msgs: 0.42



===Core Utilization Total=== CORE-S:11;; TIME K cy:1,100 ;; Nodes Proc: 706,317 -- Edges Proc: 11,750,579
======== IT IS COLD ======= Only 62 Tiles active

===PRINTING FRAME STATS

FCollision In Avg:70, SD:61, Max:300, Min:0
FCollision Out Avg:58, SD:63, Max:347, Min:0
FCollision End Avg:4, SD:18, Max:100, Min:0
FTask1 Avg:4, SD:8, Max:75, Min:0
FTask2 Avg:7, SD:13, Max:101, Min:0
FTask3 Avg:13, SD:23, Max:220, Min:1
FCore Active Avg:6, SD:8, Max:66, Min:0
FRouter Active Avg:21, SD:16, Max:97, Min:3
T1 invocations: 119,783
T2 invocations: 141,527
T3 invocations: 3,073,443
T3b invocations: 0
Total3 invocations: 3,073,443
Total4 invocations: 13,772

T3/T2 ratio: 22
T3b/T3 ratio: 0

T1 avg ex cycles: 32
T2 avg ex cycles: 49
T3&b avg ex cycles: 4
T4 avg ex cycles: 92
Avg. hops NOC1: 6
Avg. latency NOC1 (T2): 26,161
Avg. hops NOC2: 8
Avg. latency NOC2 (T3): 7,454

===PRINTING ACUM STATS at pu_cycles: 1,200,496

ACollision In Avg:97, SD:46, Max:318, Min:5
ACollision Out Avg:84, SD:57, Max:378, Min:1
ACollision End Avg:6, SD:15, Max:99, Min:0
ATask1 Avg:8, SD:5, Max:21, Min:0
ATask2 Avg:15, SD:9, Max:35, Min:0
ATask3 Avg:34, SD:32, Max:275, Min:3
ACore Active Avg:15, SD:9, Max:75, Min:2
ARouter Active Avg:39, SD:13, Max:96, Min:12
T1 invocations: 3,202,140
T2 invocations: 3,559,384
T3 invocations: 81,778,608
T3b invocations: 0
Total3 invocations: 81,778,608
Total4 invocations: 202,551

T3/T2 ratio: 23
T3b/T3 ratio: 0

T1 avg ex cycles: 32
T2 avg ex cycles: 53
T3&b avg ex cycles: 5
T4 avg ex cycles: 155
Avg. hops NOC1: 6
Avg. latency NOC1 (T2): 19,743
Avg. hops NOC2: 7
Avg. latency NOC2 (T3): 8,563
Number of K Nodes Processed: 5,694
Number of K Edges Processed: 82,047
Node Re-explore factor: 1.35
Edge Re-explore factor: 0.81
Nodes/cy: 5
Edges/cy: 68
TEPS: 80

---DCache---
DCache Size: 107,424
DRAM words: 0
  DHits: 0
  DMisses: 0

---Energy---
Leakage Energy (nJ): 556,605
PU Dyn E (nJ): 5,405,817
Mem Dyn E (nJ): 29,800,778
Route Dyn E (nJ): 8,277,096
Dynamic Energy (nJ): 43,483,691
Ratio of Dyn/Leak: 78
Total Energy (nJ): 44,040,296
Total Energy (nJ) 3D: 48,036,822
Cores Energy (nJ): 5,419,181
Route Energy (nJ): 8,327,846
Route Energy (nJ) 3D: 12,324,373
Mem Energy   (nJ): 30,293,269
Mem Energy   (nJ) 3D: 30,293,269
Avg. Power (mW): 36,685.08
Power Density (mW/mm2): 11.49

---Runtime---
Runtime in K cycles: 1,200.50
Microseconds: 1,200.50
Time per iteration (ms): 1.20

---Throughput---
GOP/s (aka OPS/ns): 442.90
GOP/s per core: 0.43
FLOP/s: 136.35
FLOP/s per core: 0.13
Max Peak FLOP/s: 4,096.00
Avg. BW GB/s: 2,493.16
Max BW GB/s: 16,384.00

---Traffic---
In-Die bisection_bytes BW (GB/s): 128.00
Inter-board traffic (msg/ns): 0.00, per-link: 0.00
Inter-pack traffic (msg/ns): 0.00, per-link: 0.00
Inter-die traffic (msg/ns): 64.05, per-link: 0.13
Ruche traffic (msg/ns): 121.09, per-link: 0.24
All traffic (msg/ns): 1,060.92, per-link: 1.04
Inter-die reduction wrt all: 16.56
Inter-board reduction wrt inter-die: inf

---Data Movement---
All traffic (msg): 1,273,632,608
Arith. Intensity FLOP/Loads: 0.44
Arith. Intensity FLOP/Msgs: 0.13
Arith. Intensity OPS/Loads: 1.41
Arith. Intensity OPS/Msgs: 0.42



===Core Utilization Total=== CORE-S:12;; TIME K cy:1,200 ;; Nodes Proc: 716,338 -- Edges Proc: 12,216,657
======== IT IS COLD ======= Only 59 Tiles active

===PRINTING FRAME STATS

FCollision In Avg:63, SD:59, Max:301, Min:0
FCollision Out Avg:51, SD:60, Max:339, Min:0
FCollision End Avg:3, SD:16, Max:100, Min:0
FTask1 Avg:4, SD:10, Max:86, Min:0
FTask2 Avg:7, SD:16, Max:108, Min:0
FTask3 Avg:13, SD:24, Max:333, Min:0
FCore Active Avg:6, SD:9, Max:98, Min:0
FRouter Active Avg:20, SD:16, Max:97, Min:2
T1 invocations: 119,347
T2 invocations: 133,358
T3 invocations: 2,964,629
T3b invocations: 0
Total3 invocations: 2,964,629
Total4 invocations: 14,691

T3/T2 ratio: 22
T3b/T3 ratio: 0

T1 avg ex cycles: 32
T2 avg ex cycles: 52
T3&b avg ex cycles: 4
T4 avg ex cycles: 86
Avg. hops NOC1: 6
Avg. latency NOC1 (T2): 19,576
Avg. hops NOC2: 7
Avg. latency NOC2 (T3): 5,475

===PRINTING ACUM STATS at pu_cycles: 1,300,486

ACollision In Avg:95, SD:46, Max:305, Min:5
ACollision Out Avg:81, SD:56, Max:360, Min:1
ACollision End Avg:6, SD:15, Max:99, Min:0
ATask1 Avg:8, SD:5, Max:20, Min:0
ATask2 Avg:15, SD:8, Max:34, Min:0
ATask3 Avg:33, SD:31, Max:266, Min:3
ACore Active Avg:14, SD:9, Max:72, Min:2
ARouter Active Avg:38, SD:12, Max:96, Min:12
T1 invocations: 3,327,266
T2 invocations: 3,696,514
T3 invocations: 84,789,333
T3b invocations: 0
Total3 invocations: 84,789,333
Total4 invocations: 217,414

T3/T2 ratio: 23
T3b/T3 ratio: 0

T1 avg ex cycles: 32
T2 avg ex cycles: 53
T3&b avg ex cycles: 5
T4 avg ex cycles: 150
Avg. hops NOC1: 6
Avg. latency NOC1 (T2): 19,727
Avg. hops NOC2: 7
Avg. latency NOC2 (T3): 8,453
Number of K Nodes Processed: 5,776
Number of K Edges Processed: 85,066
Node Re-explore factor: 1.37
Edge Re-explore factor: 0.84
Nodes/cy: 4
Edges/cy: 65
TEPS: 73

---DCache---
DCache Size: 107,424
DRAM words: 0
  DHits: 0
  DMisses: 0

---Energy---
Leakage Energy (nJ): 602,965
PU Dyn E (nJ): 5,603,616
Mem Dyn E (nJ): 30,877,891
Route Dyn E (nJ): 8,587,298
Dynamic Energy (nJ): 45,068,806
Ratio of Dyn/Leak: 75
Total Energy (nJ): 45,671,771
Total Energy (nJ) 3D: 49,816,285
Cores Energy (nJ): 5,618,094
Route Energy (nJ): 8,642,275
Route Energy (nJ) 3D: 12,786,789
Mem Energy   (nJ): 31,411,403
Mem Energy   (nJ) 3D: 31,411,403
Avg. Power (mW): 35,119.00
Power Density (mW/mm2): 11.00

---Runtime---
Runtime in K cycles: 1,300.49
Microseconds: 1,300.49
Time per iteration (ms): 1.30

---Throughput---
GOP/s (aka OPS/ns): 423.34
GOP/s per core: 0.41
FLOP/s: 130.59
FLOP/s per core: 0.13
Max Peak FLOP/s: 4,096.00
Avg. BW GB/s: 2,384.65
Max BW GB/s: 16,384.00

---Traffic---
In-Die bisection_bytes BW (GB/s): 128.00
Inter-board traffic (msg/ns): 0.00, per-link: 0.00
Inter-pack traffic (msg/ns): 0.00, per-link: 0.00
Inter-die traffic (msg/ns): 61.19, per-link: 0.12
Ruche traffic (msg/ns): 116.27, per-link: 0.23
All traffic (msg/ns): 1,015.84, per-link: 0.99
Inter-die reduction wrt all: 16.60
Inter-board reduction wrt inter-die: inf

---Data Movement---
All traffic (msg): 1,321,080,346
Arith. Intensity FLOP/Loads: 0.44
Arith. Intensity FLOP/Msgs: 0.13
Arith. Intensity OPS/Loads: 1.41
Arith. Intensity OPS/Msgs: 0.42



===Core Utilization Total=== CORE-S:13;; TIME K cy:1,300 ;; Nodes Proc: 723,179 -- Edges Proc: 12,606,111

===PRINTING FRAME STATS

FCollision In Avg:63, SD:59, Max:303, Min:0
FCollision Out Avg:50, SD:57, Max:294, Min:0
FCollision End Avg:3, SD:16, Max:100, Min:0
FTask1 Avg:5, SD:10, Max:90, Min:0
FTask2 Avg:9, SD:15, Max:129, Min:0
FTask3 Avg:16, SD:25, Max:224, Min:0
FCore Active Avg:8, SD:9, Max:76, Min:0
FRouter Active Avg:24, SD:16, Max:99, Min:5
T1 invocations: 162,901
T2 invocations: 177,525
T3 invocations: 3,661,027
T3b invocations: 0
Total3 invocations: 3,661,027
Total4 invocations: 17,214

T3/T2 ratio: 21
T3b/T3 ratio: 0

T1 avg ex cycles: 32
T2 avg ex cycles: 49
T3&b avg ex cycles: 4
T4 avg ex cycles: 97
Avg. hops NOC1: 7
Avg. latency NOC1 (T2): 32,359
Avg. hops NOC2: 8
Avg. latency NOC2 (T3): 8,015

===PRINTING ACUM STATS at pu_cycles: 1,400,594

ACollision In Avg:92, SD:45, Max:294, Min:4
ACollision Out Avg:79, SD:55, Max:345, Min:1
ACollision End Avg:6, SD:14, Max:99, Min:0
ATask1 Avg:8, SD:4, Max:19, Min:0
ATask2 Avg:14, SD:7, Max:32, Min:0
ATask3 Avg:32, SD:29, Max:259, Min:3
ACore Active Avg:14, SD:8, Max:70, Min:2
ARouter Active Avg:37, SD:12, Max:96, Min:12
T1 invocations: 3,490,749
T2 invocations: 3,874,122
T3 invocations: 88,479,690
T3b invocations: 0
Total3 invocations: 88,479,690
Total4 invocations: 234,677

T3/T2 ratio: 23
T3b/T3 ratio: 0

T1 avg ex cycles: 32
T2 avg ex cycles: 53
T3&b avg ex cycles: 5
T4 avg ex cycles: 147
Avg. hops NOC1: 6
Avg. latency NOC1 (T2): 20,310
Avg. hops NOC2: 7
Avg. latency NOC2 (T3): 8,434
Number of K Nodes Processed: 5,878
Number of K Edges Processed: 88,826
Node Re-explore factor: 1.40
Edge Re-explore factor: 0.88
Nodes/cy: 4
Edges/cy: 63
TEPS: 68

---DCache---
DCache Size: 107,424
DRAM words: 0
  DHits: 0
  DMisses: 0

---Energy---
Leakage Energy (nJ): 649,380
PU Dyn E (nJ): 5,845,655
Mem Dyn E (nJ): 32,191,108
Route Dyn E (nJ): 8,980,576
Dynamic Energy (nJ): 47,017,340
Ratio of Dyn/Leak: 72
Total Energy (nJ): 47,666,720
Total Energy (nJ) 3D: 51,997,546
Cores Energy (nJ): 5,861,247
Route Energy (nJ): 9,039,786
Route Energy (nJ) 3D: 13,370,612
Mem Energy   (nJ): 32,765,688
Mem Energy   (nJ) 3D: 32,765,688
Avg. Power (mW): 34,033.22
Power Density (mW/mm2): 10.66

---Runtime---
Runtime in K cycles: 1,400.59
Microseconds: 1,400.59
Time per iteration (ms): 1.40

---Throughput---
GOP/s (aka OPS/ns): 409.75
GOP/s per core: 0.40
FLOP/s: 126.57
FLOP/s per core: 0.12
Max Peak FLOP/s: 4,096.00
Avg. BW GB/s: 2,308.37
Max BW GB/s: 16,384.00

---Traffic---
In-Die bisection_bytes BW (GB/s): 128.00
Inter-board traffic (msg/ns): 0.00, per-link: 0.00
Inter-pack traffic (msg/ns): 0.00, per-link: 0.00
Inter-die traffic (msg/ns): 59.36, per-link: 0.12
Ruche traffic (msg/ns): 113.26, per-link: 0.22
All traffic (msg/ns): 985.91, per-link: 0.96
Inter-die reduction wrt all: 16.61
Inter-board reduction wrt inter-die: inf

---Data Movement---
All traffic (msg): 1,380,856,279
Arith. Intensity FLOP/Loads: 0.44
Arith. Intensity FLOP/Msgs: 0.13
Arith. Intensity OPS/Loads: 1.41
Arith. Intensity OPS/Msgs: 0.42



===Core Utilization Total=== CORE-S:14;; TIME K cy:1,400 ;; Nodes Proc: 733,515 -- Edges Proc: 13,039,514

===PRINTING FRAME STATS

FCollision In Avg:63, SD:59, Max:295, Min:0
FCollision Out Avg:54, SD:56, Max:287, Min:0
FCollision End Avg:3, SD:16, Max:100, Min:0
FTask1 Avg:6, SD:10, Max:80, Min:0
FTask2 Avg:9, SD:14, Max:108, Min:0
FTask3 Avg:18, SD:25, Max:270, Min:1
FCore Active Avg:9, SD:9, Max:79, Min:0
FRouter Active Avg:29, SD:17, Max:99, Min:5
T1 invocations: 178,989
T2 invocations: 192,840
T3 invocations: 4,106,851
T3b invocations: 0
Total3 invocations: 4,106,851
Total4 invocations: 19,692

T3/T2 ratio: 21
T3b/T3 ratio: 0

T1 avg ex cycles: 31
T2 avg ex cycles: 48
T3&b avg ex cycles: 5
T4 avg ex cycles: 94
Avg. hops NOC1: 8
Avg. latency NOC1 (T2): 22,604
Avg. hops NOC2: 8
Avg. latency NOC2 (T3): 6,672

===PRINTING ACUM STATS at pu_cycles: 1,500,532

ACollision In Avg:90, SD:45, Max:286, Min:4
ACollision Out Avg:77, SD:54, Max:336, Min:1
ACollision End Avg:6, SD:14, Max:99, Min:0
ATask1 Avg:8, SD:4, Max:18, Min:0
ATask2 Avg:14, SD:7, Max:30, Min:0
ATask3 Avg:31, SD:29, Max:260, Min:3
ACore Active Avg:14, SD:8, Max:70, Min:2
ARouter Active Avg:36, SD:12, Max:94, Min:14
T1 invocations: 3,666,040
T2 invocations: 4,065,402
T3 invocations: 92,539,839
T3b invocations: 0
Total3 invocations: 92,539,839
Total4 invocations: 254,376

T3/T2 ratio: 23
T3b/T3 ratio: 0

T1 avg ex cycles: 32
T2 avg ex cycles: 53
T3&b avg ex cycles: 5
T4 avg ex cycles: 142
Avg. hops NOC1: 6
Avg. latency NOC1 (T2): 20,403
Avg. hops NOC2: 7
Avg. latency NOC2 (T3): 8,357
Number of K Nodes Processed: 5,996
Number of K Edges Processed: 92,837
Node Re-explore factor: 1.43
Edge Re-explore factor: 0.92
Nodes/cy: 4
Edges/cy: 62
TEPS: 64

---DCache---
DCache Size: 107,424
DRAM words: 0
  DHits: 0
  DMisses: 0

---Energy---
Leakage Energy (nJ): 695,716
PU Dyn E (nJ): 6,106,919
Mem Dyn E (nJ): 33,611,622
Route Dyn E (nJ): 9,453,273
Dynamic Energy (nJ): 49,171,814
Ratio of Dyn/Leak: 71
Total Energy (nJ): 49,867,530
Total Energy (nJ) 3D: 54,421,625
Cores Energy (nJ): 6,123,623
Route Energy (nJ): 9,516,707
Route Energy (nJ) 3D: 14,070,802
Mem Energy   (nJ): 34,227,200
Mem Energy   (nJ) 3D: 34,227,200
Avg. Power (mW): 33,233.23
Power Density (mW/mm2): 10.41

---Runtime---
Runtime in K cycles: 1,500.53
Microseconds: 1,500.53
Time per iteration (ms): 1.50

---Throughput---
GOP/s (aka OPS/ns): 399.37
GOP/s per core: 0.39
FLOP/s: 123.46
FLOP/s per core: 0.12
Max Peak FLOP/s: 4,096.00
Avg. BW GB/s: 2,249.73
Max BW GB/s: 16,384.00

---Traffic---
In-Die bisection_bytes BW (GB/s): 128.00
Inter-board traffic (msg/ns): 0.00, per-link: 0.00
Inter-pack traffic (msg/ns): 0.00, per-link: 0.00
Inter-die traffic (msg/ns): 58.42, per-link: 0.11
Ruche traffic (msg/ns): 111.54, per-link: 0.22
All traffic (msg/ns): 967.53, per-link: 0.94
Inter-die reduction wrt all: 16.56
Inter-board reduction wrt inter-die: inf

---Data Movement---
All traffic (msg): 1,451,815,927
Arith. Intensity FLOP/Loads: 0.44
Arith. Intensity FLOP/Msgs: 0.13
Arith. Intensity OPS/Loads: 1.41
Arith. Intensity OPS/Msgs: 0.41



===Core Utilization Total=== CORE-S:15;; TIME K cy:1,500 ;; Nodes Proc: 744,962 -- Edges Proc: 13,443,982
======== IT IS COLD ======= Only 52 Tiles active

===PRINTING FRAME STATS

FCollision In Avg:57, SD:58, Max:295, Min:0
FCollision Out Avg:45, SD:54, Max:273, Min:0
FCollision End Avg:3, SD:15, Max:100, Min:0
FTask1 Avg:5, SD:10, Max:76, Min:0
FTask2 Avg:9, SD:16, Max:95, Min:0
FTask3 Avg:17, SD:26, Max:251, Min:0
FCore Active Avg:8, SD:9, Max:75, Min:1
FRouter Active Avg:27, SD:18, Max:98, Min:4
T1 invocations: 173,485
T2 invocations: 193,758
T3 invocations: 3,899,408
T3b invocations: 0
Total3 invocations: 3,899,408
Total4 invocations: 19,279

T3/T2 ratio: 20
T3b/T3 ratio: 0

T1 avg ex cycles: 31
T2 avg ex cycles: 47
T3&b avg ex cycles: 4
T4 avg ex cycles: 93
Avg. hops NOC1: 7
Avg. latency NOC1 (T2): 20,962
Avg. hops NOC2: 8
Avg. latency NOC2 (T3): 5,433

===PRINTING ACUM STATS at pu_cycles: 1,600,763

ACollision In Avg:88, SD:45, Max:281, Min:4
ACollision Out Avg:75, SD:54, Max:325, Min:1
ACollision End Avg:5, SD:14, Max:99, Min:0
ATask1 Avg:7, SD:3, Max:17, Min:0
ATask2 Avg:14, SD:6, Max:28, Min:0
ATask3 Avg:30, SD:28, Max:257, Min:3
ACore Active Avg:13, SD:7, Max:70, Min:2
ARouter Active Avg:36, SD:12, Max:93, Min:14
T1 invocations: 3,838,811
T2 invocations: 4,261,674
T3 invocations: 96,459,627
T3b invocations: 0
Total3 invocations: 96,459,627
Total4 invocations: 273,679

T3/T2 ratio: 23
T3b/T3 ratio: 0

T1 avg ex cycles: 32
T2 avg ex cycles: 52
T3&b avg ex cycles: 5
T4 avg ex cycles: 139
Avg. hops NOC1: 6
Avg. latency NOC1 (T2): 20,423
Avg. hops NOC2: 7
Avg. latency NOC2 (T3): 8,237
Number of K Nodes Processed: 6,094
Number of K Edges Processed: 96,680
Node Re-explore factor: 1.45
Edge Re-explore factor: 0.95
Nodes/cy: 4
Edges/cy: 60
TEPS: 60

---DCache---
DCache Size: 107,424
DRAM words: 0
  DHits: 0
  DMisses: 0

---Energy---
Leakage Energy (nJ): 742,187
PU Dyn E (nJ): 6,361,531
Mem Dyn E (nJ): 34,993,496
Route Dyn E (nJ): 9,898,401
Dynamic Energy (nJ): 51,253,428
Ratio of Dyn/Leak: 69
Total Energy (nJ): 51,995,615
Total Energy (nJ) 3D: 56,761,198
Cores Energy (nJ): 6,379,351
Route Energy (nJ): 9,966,073
Route Energy (nJ) 3D: 14,731,655
Mem Energy   (nJ): 35,650,193
Mem Energy   (nJ) 3D: 35,650,193
Avg. Power (mW): 32,481.77
Power Density (mW/mm2): 10.17

---Runtime---
Runtime in K cycles: 1,600.76
Microseconds: 1,600.76
Time per iteration (ms): 1.60

---Throughput---
GOP/s (aka OPS/ns): 389.76
GOP/s per core: 0.38
FLOP/s: 120.61
FLOP/s per core: 0.12
Max Peak FLOP/s: 4,096.00
Avg. BW GB/s: 2,195.57
Max BW GB/s: 16,384.00

---Traffic---
In-Die bisection_bytes BW (GB/s): 128.00
Inter-board traffic (msg/ns): 0.00, per-link: 0.00
Inter-pack traffic (msg/ns): 0.00, per-link: 0.00
Inter-die traffic (msg/ns): 57.31, per-link: 0.11
Ruche traffic (msg/ns): 109.72, per-link: 0.21
All traffic (msg/ns): 948.93, per-link: 0.93
Inter-die reduction wrt all: 16.56
Inter-board reduction wrt inter-die: inf

---Data Movement---
All traffic (msg): 1,519,008,260
Arith. Intensity FLOP/Loads: 0.44
Arith. Intensity FLOP/Msgs: 0.13
Arith. Intensity OPS/Loads: 1.41
Arith. Intensity OPS/Msgs: 0.41



===Core Utilization Total=== CORE-S:16;; TIME K cy:1,600 ;; Nodes Proc: 757,286 -- Edges Proc: 13,795,518
======== IT IS COLD ======= Only 46 Tiles active

===PRINTING FRAME STATS

FCollision In Avg:47, SD:54, Max:279, Min:0
FCollision Out Avg:37, SD:52, Max:286, Min:0
FCollision End Avg:2, SD:15, Max:100, Min:0
FTask1 Avg:5, SD:10, Max:83, Min:0
FTask2 Avg:7, SD:14, Max:105, Min:0
FTask3 Avg:14, SD:20, Max:183, Min:1
FCore Active Avg:7, SD:8, Max:59, Min:0
FRouter Active Avg:22, SD:16, Max:91, Min:3
T1 invocations: 146,777
T2 invocations: 159,691
T3 invocations: 3,140,425
T3b invocations: 0
Total3 invocations: 3,140,425
Total4 invocations: 16,679

T3/T2 ratio: 20
T3b/T3 ratio: 0

T1 avg ex cycles: 31
T2 avg ex cycles: 46
T3&b avg ex cycles: 4
T4 avg ex cycles: 92
Avg. hops NOC1: 8
Avg. latency NOC1 (T2): 16,345
Avg. hops NOC2: 8
Avg. latency NOC2 (T3): 4,973

===PRINTING ACUM STATS at pu_cycles: 1,700,365

ACollision In Avg:86, SD:44, Max:274, Min:4
ACollision Out Avg:73, SD:53, Max:320, Min:1
ACollision End Avg:5, SD:14, Max:99, Min:0
ATask1 Avg:7, SD:3, Max:16, Min:0
ATask2 Avg:13, SD:5, Max:27, Min:0
ATask3 Avg:29, SD:27, Max:253, Min:3
ACore Active Avg:13, SD:7, Max:68, Min:2
ARouter Active Avg:35, SD:12, Max:93, Min:14
T1 invocations: 3,992,420
T2 invocations: 4,425,021
T3 invocations: 99,636,503
T3b invocations: 0
Total3 invocations: 99,636,503
Total4 invocations: 290,554

T3/T2 ratio: 23
T3b/T3 ratio: 0

T1 avg ex cycles: 32
T2 avg ex cycles: 52
T3&b avg ex cycles: 5
T4 avg ex cycles: 136
Avg. hops NOC1: 6
Avg. latency NOC1 (T2): 20,263
Avg. hops NOC2: 8
Avg. latency NOC2 (T3): 8,133
Number of K Nodes Processed: 6,165
Number of K Edges Processed: 99,796
Node Re-explore factor: 1.47
Edge Re-explore factor: 0.99
Nodes/cy: 4
Edges/cy: 59
TEPS: 56

---DCache---
DCache Size: 107,424
DRAM words: 0
  DHits: 0
  DMisses: 0

---Energy---
Leakage Energy (nJ): 788,368
PU Dyn E (nJ): 6,569,504
Mem Dyn E (nJ): 36,113,924
Route Dyn E (nJ): 10,272,338
Dynamic Energy (nJ): 52,955,767
Ratio of Dyn/Leak: 67
Total Energy (nJ): 53,744,135
Total Energy (nJ) 3D: 58,688,516
Cores Energy (nJ): 6,588,433
Route Energy (nJ): 10,344,220
Route Energy (nJ) 3D: 15,288,601
Mem Energy   (nJ): 36,811,482
Mem Energy   (nJ) 3D: 36,811,482
Avg. Power (mW): 31,607.41
Power Density (mW/mm2): 9.90

---Runtime---
Runtime in K cycles: 1,700.37
Microseconds: 1,700.37
Time per iteration (ms): 1.70

---Throughput---
GOP/s (aka OPS/ns): 378.94
GOP/s per core: 0.37
FLOP/s: 117.26
FLOP/s per core: 0.11
Max Peak FLOP/s: 4,096.00
Avg. BW GB/s: 2,133.15
Max BW GB/s: 16,384.00

---Traffic---
In-Die bisection_bytes BW (GB/s): 128.00
Inter-board traffic (msg/ns): 0.00, per-link: 0.00
Inter-pack traffic (msg/ns): 0.00, per-link: 0.00
Inter-die traffic (msg/ns): 55.95, per-link: 0.11
Ruche traffic (msg/ns): 107.32, per-link: 0.21
All traffic (msg/ns): 926.47, per-link: 0.90
Inter-die reduction wrt all: 16.56
Inter-board reduction wrt inter-die: inf

---Data Movement---
All traffic (msg): 1,575,336,372
Arith. Intensity FLOP/Loads: 0.44
Arith. Intensity FLOP/Msgs: 0.13
Arith. Intensity OPS/Loads: 1.41
Arith. Intensity OPS/Msgs: 0.41



===Core Utilization Total=== CORE-S:17;; TIME K cy:1,700 ;; Nodes Proc: 764,747 -- Edges Proc: 13,995,787
======== IT IS COLD ======= Only 32 Tiles active

===PRINTING FRAME STATS

FCollision In Avg:41, SD:56, Max:357, Min:0
FCollision Out Avg:33, SD:52, Max:280, Min:0
FCollision End Avg:2, SD:14, Max:100, Min:0
FTask1 Avg:4, SD:11, Max:98, Min:0
FTask2 Avg:6, SD:16, Max:135, Min:0
FTask3 Avg:11, SD:19, Max:291, Min:0
FCore Active Avg:5, SD:8, Max:87, Min:0
FRouter Active Avg:18, SD:15, Max:92, Min:2
T1 invocations: 115,946
T2 invocations: 134,303
T3 invocations: 2,469,210
T3b invocations: 0
Total3 invocations: 2,469,210
Total4 invocations: 14,212

T3/T2 ratio: 18
T3b/T3 ratio: 0

T1 avg ex cycles: 32
T2 avg ex cycles: 45
T3&b avg ex cycles: 4
T4 avg ex cycles: 86
Avg. hops NOC1: 6
Avg. latency NOC1 (T2): 14,736
Avg. hops NOC2: 8
Avg. latency NOC2 (T3): 5,906

===PRINTING ACUM STATS at pu_cycles: 1,800,581

ACollision In Avg:83, SD:44, Max:274, Min:3
ACollision Out Avg:71, SD:52, Max:317, Min:1
ACollision End Avg:5, SD:14, Max:99, Min:0
ATask1 Avg:7, SD:3, Max:15, Min:0
ATask2 Avg:13, SD:5, Max:25, Min:0
ATask3 Avg:28, SD:26, Max:244, Min:3
ACore Active Avg:12, SD:7, Max:66, Min:2
ARouter Active Avg:34, SD:11, Max:93, Min:15
T1 invocations: 4,106,806
T2 invocations: 4,556,364
T3 invocations: 102,082,262
T3b invocations: 0
Total3 invocations: 102,082,262
Total4 invocations: 304,726

T3/T2 ratio: 22
T3b/T3 ratio: 0

T1 avg ex cycles: 32
T2 avg ex cycles: 52
T3&b avg ex cycles: 5
T4 avg ex cycles: 134
Avg. hops NOC1: 6
Avg. latency NOC1 (T2): 20,108
Avg. hops NOC2: 8
Avg. latency NOC2 (T3): 8,080
Number of K Nodes Processed: 6,224
Number of K Edges Processed: 102,286
Node Re-explore factor: 1.48
Edge Re-explore factor: 1.01
Nodes/cy: 3
Edges/cy: 57
TEPS: 53

---DCache---
DCache Size: 107,424
DRAM words: 0
  DHits: 0
  DMisses: 0

---Energy---
Leakage Energy (nJ): 834,832
PU Dyn E (nJ): 6,731,046
Mem Dyn E (nJ): 36,986,638
Route Dyn E (nJ): 10,547,288
Dynamic Energy (nJ): 54,264,972
Ratio of Dyn/Leak: 65
Total Energy (nJ): 55,099,804
Total Energy (nJ) 3D: 60,171,191
Cores Energy (nJ): 6,751,090
Route Energy (nJ): 10,623,407
Route Energy (nJ) 3D: 15,694,794
Mem Energy   (nJ): 37,725,308
Mem Energy   (nJ) 3D: 37,725,308
Avg. Power (mW): 30,601.13
Power Density (mW/mm2): 9.58

---Runtime---
Runtime in K cycles: 1,800.58
Microseconds: 1,800.58
Time per iteration (ms): 1.80

---Throughput---
GOP/s (aka OPS/ns): 366.59
GOP/s per core: 0.36
FLOP/s: 113.47
FLOP/s per core: 0.11
Max Peak FLOP/s: 4,096.00
Avg. BW GB/s: 2,063.11
Max BW GB/s: 16,384.00

---Traffic---
In-Die bisection_bytes BW (GB/s): 128.00
Inter-board traffic (msg/ns): 0.00, per-link: 0.00
Inter-pack traffic (msg/ns): 0.00, per-link: 0.00
Inter-die traffic (msg/ns): 54.21, per-link: 0.11
Ruche traffic (msg/ns): 104.44, per-link: 0.20
All traffic (msg/ns): 897.79, per-link: 0.88
Inter-die reduction wrt all: 16.56
Inter-board reduction wrt inter-die: inf

---Data Movement---
All traffic (msg): 1,616,540,124
Arith. Intensity FLOP/Loads: 0.44
Arith. Intensity FLOP/Msgs: 0.13
Arith. Intensity OPS/Loads: 1.41
Arith. Intensity OPS/Msgs: 0.41



===Core Utilization Total=== CORE-S:18;; TIME K cy:1,800 ;; Nodes Proc: 770,443 -- Edges Proc: 14,088,972
======== IT IS COLD ======= Only 31 Tiles active

===PRINTING FRAME STATS

FCollision In Avg:37, SD:52, Max:366, Min:0
FCollision Out Avg:27, SD:45, Max:270, Min:0
FCollision End Avg:2, SD:13, Max:100, Min:0
FTask1 Avg:4, SD:10, Max:95, Min:0
FTask2 Avg:7, SD:14, Max:105, Min:0
FTask3 Avg:13, SD:22, Max:314, Min:0
FCore Active Avg:6, SD:9, Max:99, Min:0
FRouter Active Avg:20, SD:17, Max:92, Min:1
T1 invocations: 130,747
T2 invocations: 144,527
T3 invocations: 2,900,402
T3b invocations: 0
Total3 invocations: 2,900,402
Total4 invocations: 18,375

T3/T2 ratio: 20
T3b/T3 ratio: 0

T1 avg ex cycles: 32
T2 avg ex cycles: 47
T3&b avg ex cycles: 4
T4 avg ex cycles: 77
Avg. hops NOC1: 6
Avg. latency NOC1 (T2): 16,069
Avg. hops NOC2: 8
Avg. latency NOC2 (T3): 5,308

===PRINTING ACUM STATS at pu_cycles: 1,900,417

ACollision In Avg:81, SD:43, Max:267, Min:3
ACollision Out Avg:68, SD:51, Max:313, Min:1
ACollision End Avg:5, SD:13, Max:99, Min:0
ATask1 Avg:7, SD:3, Max:14, Min:0
ATask2 Avg:12, SD:5, Max:24, Min:0
ATask3 Avg:27, SD:25, Max:243, Min:2
ACore Active Avg:12, SD:7, Max:65, Min:3
ARouter Active Avg:33, SD:11, Max:92, Min:15
T1 invocations: 4,240,370
T2 invocations: 4,698,078
T3 invocations: 104,978,589
T3b invocations: 0
Total3 invocations: 104,978,589
Total4 invocations: 323,097

T3/T2 ratio: 22
T3b/T3 ratio: 0

T1 avg ex cycles: 32
T2 avg ex cycles: 52
T3&b avg ex cycles: 5
T4 avg ex cycles: 131
Avg. hops NOC1: 6
Avg. latency NOC1 (T2): 19,992
Avg. hops NOC2: 8
Avg. latency NOC2 (T3): 8,005
Number of K Nodes Processed: 6,292
Number of K Edges Processed: 105,225
Node Re-explore factor: 1.50
Edge Re-explore factor: 1.04
Nodes/cy: 3
Edges/cy: 55
TEPS: 50

---DCache---
DCache Size: 107,424
DRAM words: 0
  DHits: 0
  DMisses: 0

---Energy---
Leakage Energy (nJ): 881,121
PU Dyn E (nJ): 6,919,076
Mem Dyn E (nJ): 38,002,444
Route Dyn E (nJ): 10,864,979
Dynamic Energy (nJ): 55,786,500
Ratio of Dyn/Leak: 63
Total Energy (nJ): 56,667,621
Total Energy (nJ) 3D: 61,889,800
Cores Energy (nJ): 6,940,232
Route Energy (nJ): 10,945,319
Route Energy (nJ) 3D: 16,167,497
Mem Energy   (nJ): 38,782,071
Mem Energy   (nJ) 3D: 38,782,071
Avg. Power (mW): 29,818.52
Power Density (mW/mm2): 9.34

---Runtime---
Runtime in K cycles: 1,900.42
Microseconds: 1,900.42
Time per iteration (ms): 1.90

---Throughput---
GOP/s (aka OPS/ns): 357.01
GOP/s per core: 0.35
FLOP/s: 110.51
FLOP/s per core: 0.11
Max Peak FLOP/s: 4,096.00
Avg. BW GB/s: 2,008.42
Max BW GB/s: 16,384.00

---Traffic---
In-Die bisection_bytes BW (GB/s): 128.00
Inter-board traffic (msg/ns): 0.00, per-link: 0.00
Inter-pack traffic (msg/ns): 0.00, per-link: 0.00
Inter-die traffic (msg/ns): 52.90, per-link: 0.10
Ruche traffic (msg/ns): 102.06, per-link: 0.20
All traffic (msg/ns): 875.96, per-link: 0.86
Inter-die reduction wrt all: 16.56
Inter-board reduction wrt inter-die: inf

---Data Movement---
All traffic (msg): 1,664,682,587
Arith. Intensity FLOP/Loads: 0.44
Arith. Intensity FLOP/Msgs: 0.13
Arith. Intensity OPS/Loads: 1.41
Arith. Intensity OPS/Msgs: 0.41



===Core Utilization Total=== CORE-S:19;; TIME K cy:1,900 ;; Nodes Proc: 777,221 -- Edges Proc: 14,233,535
======== IT IS COLD ======= Only 21 Tiles active

===PRINTING FRAME STATS

FCollision In Avg:38, SD:52, Max:300, Min:0
FCollision Out Avg:29, SD:42, Max:211, Min:0
FCollision End Avg:2, SD:12, Max:98, Min:0
FTask1 Avg:6, SD:13, Max:102, Min:0
FTask2 Avg:10, SD:19, Max:136, Min:0
FTask3 Avg:18, SD:29, Max:276, Min:0
FCore Active Avg:9, SD:11, Max:92, Min:0
FRouter Active Avg:29, SD:19, Max:94, Min:2
T1 invocations: 180,128
T2 invocations: 203,502
T3 invocations: 4,123,622
T3b invocations: 0
Total3 invocations: 4,123,622
Total4 invocations: 25,837

T3/T2 ratio: 20
T3b/T3 ratio: 0

T1 avg ex cycles: 32
T2 avg ex cycles: 50
T3&b avg ex cycles: 4
T4 avg ex cycles: 76
Avg. hops NOC1: 7
Avg. latency NOC1 (T2): 18,224
Avg. hops NOC2: 8
Avg. latency NOC2 (T3): 4,830

===PRINTING ACUM STATS at pu_cycles: 2,000,546

ACollision In Avg:79, SD:42, Max:264, Min:3
ACollision Out Avg:66, SD:49, Max:306, Min:1
ACollision End Avg:5, SD:13, Max:98, Min:0
ATask1 Avg:7, SD:2, Max:13, Min:0
ATask2 Avg:12, SD:4, Max:23, Min:0
ATask3 Avg:27, SD:25, Max:243, Min:2
ACore Active Avg:12, SD:6, Max:65, Min:3
ARouter Active Avg:33, SD:11, Max:92, Min:14
T1 invocations: 4,426,842
T2 invocations: 4,903,808
T3 invocations: 109,111,549
T3b invocations: 0
Total3 invocations: 109,111,549
Total4 invocations: 348,963

T3/T2 ratio: 22
T3b/T3 ratio: 0

T1 avg ex cycles: 32
T2 avg ex cycles: 52
T3&b avg ex cycles: 5
T4 avg ex cycles: 127
Avg. hops NOC1: 6
Avg. latency NOC1 (T2): 19,872
Avg. hops NOC2: 8
Avg. latency NOC2 (T3): 7,882
Number of K Nodes Processed: 6,387
Number of K Edges Processed: 109,660
Node Re-explore factor: 1.52
Edge Re-explore factor: 1.08
Nodes/cy: 3
Edges/cy: 55
TEPS: 48

---DCache---
DCache Size: 107,424
DRAM words: 0
  DHits: 0
  DMisses: 0

---Energy---
Leakage Energy (nJ): 927,545
PU Dyn E (nJ): 7,194,136
Mem Dyn E (nJ): 39,490,046
Route Dyn E (nJ): 11,336,133
Dynamic Energy (nJ): 58,020,316
Ratio of Dyn/Leak: 63
Total Energy (nJ): 58,947,861
Total Energy (nJ) 3D: 64,390,652
Cores Energy (nJ): 7,216,406
Route Energy (nJ): 11,420,705
Route Energy (nJ) 3D: 16,863,496
Mem Energy   (nJ): 40,310,750
Mem Energy   (nJ) 3D: 40,310,750
Avg. Power (mW): 29,465.89
Power Density (mW/mm2): 9.23

---Runtime---
Runtime in K cycles: 2,000.55
Microseconds: 2,000.55
Time per iteration (ms): 2.00

---Throughput---
GOP/s (aka OPS/ns): 352.35
GOP/s per core: 0.34
FLOP/s: 109.23
FLOP/s per core: 0.11
Max Peak FLOP/s: 4,096.00
Avg. BW GB/s: 1,982.57
Max BW GB/s: 16,384.00

---Traffic---
In-Die bisection_bytes BW (GB/s): 128.00
Inter-board traffic (msg/ns): 0.00, per-link: 0.00
Inter-pack traffic (msg/ns): 0.00, per-link: 0.00
Inter-die traffic (msg/ns): 52.34, per-link: 0.10
Ruche traffic (msg/ns): 101.59, per-link: 0.20
All traffic (msg/ns): 867.48, per-link: 0.85
Inter-die reduction wrt all: 16.57
Inter-board reduction wrt inter-die: inf

---Data Movement---
All traffic (msg): 1,735,426,345
Arith. Intensity FLOP/Loads: 0.44
Arith. Intensity FLOP/Msgs: 0.13
Arith. Intensity OPS/Loads: 1.41
Arith. Intensity OPS/Msgs: 0.41



===Core Utilization Total=== CORE-S:20;; TIME K cy:2,000 ;; Nodes Proc: 786,556 -- Edges Proc: 14,501,201
======== IT IS COLD ======= Only 25 Tiles active

===PRINTING FRAME STATS

FCollision In Avg:37, SD:51, Max:299, Min:0
FCollision Out Avg:31, SD:41, Max:254, Min:0
FCollision End Avg:2, SD:10, Max:98, Min:0
FTask1 Avg:6, SD:13, Max:103, Min:0
FTask2 Avg:10, SD:20, Max:156, Min:0
FTask3 Avg:20, SD:33, Max:340, Min:0
FCore Active Avg:9, SD:12, Max:86, Min:0
FRouter Active Avg:30, SD:19, Max:99, Min:4
T1 invocations: 184,933
T2 invocations: 209,341
T3 invocations: 4,559,544
T3b invocations: 0
Total3 invocations: 4,559,544
Total4 invocations: 26,486

T3/T2 ratio: 22
T3b/T3 ratio: 0

T1 avg ex cycles: 32
T2 avg ex cycles: 49
T3&b avg ex cycles: 4
T4 avg ex cycles: 76
Avg. hops NOC1: 6
Avg. latency NOC1 (T2): 9,703
Avg. hops NOC2: 8
Avg. latency NOC2 (T3): 5,441

===PRINTING ACUM STATS at pu_cycles: 2,100,792

ACollision In Avg:77, SD:42, Max:255, Min:3
ACollision Out Avg:65, SD:48, Max:297, Min:2
ACollision End Avg:5, SD:12, Max:93, Min:0
ATask1 Avg:7, SD:2, Max:13, Min:0
ATask2 Avg:12, SD:3, Max:22, Min:0
ATask3 Avg:26, SD:25, Max:250, Min:2
ACore Active Avg:12, SD:6, Max:67, Min:3
ARouter Active Avg:33, SD:11, Max:90, Min:14
T1 invocations: 4,623,367
T2 invocations: 5,124,744
T3 invocations: 113,900,141
T3b invocations: 0
Total3 invocations: 113,900,141
Total4 invocations: 375,764

T3/T2 ratio: 22
T3b/T3 ratio: 0

T1 avg ex cycles: 32
T2 avg ex cycles: 52
T3&b avg ex cycles: 5
T4 avg ex cycles: 123
Avg. hops NOC1: 6
Avg. latency NOC1 (T2): 19,456
Avg. hops NOC2: 8
Avg. latency NOC2 (T3): 7,780
Number of K Nodes Processed: 6,486
Number of K Edges Processed: 114,076
Node Re-explore factor: 1.54
Edge Re-explore factor: 1.13
Nodes/cy: 3
Edges/cy: 54
TEPS: 45

---DCache---
DCache Size: 107,424
DRAM words: 0
  DHits: 0
  DMisses: 0

---Energy---
Leakage Energy (nJ): 974,024
PU Dyn E (nJ): 7,499,551
Mem Dyn E (nJ): 41,153,209
Route Dyn E (nJ): 11,850,476
Dynamic Energy (nJ): 60,503,237
Ratio of Dyn/Leak: 62
Total Energy (nJ): 61,477,261
Total Energy (nJ) 3D: 67,161,602
Cores Energy (nJ): 7,522,937
Route Energy (nJ): 11,939,286
Route Energy (nJ) 3D: 17,623,627
Mem Energy   (nJ): 42,015,038
Mem Energy   (nJ) 3D: 42,015,038
Avg. Power (mW): 29,263.85
Power Density (mW/mm2): 9.17

---Runtime---
Runtime in K cycles: 2,100.79
Microseconds: 2,100.79
Time per iteration (ms): 2.10

---Throughput---
GOP/s (aka OPS/ns): 349.48
GOP/s per core: 0.34
FLOP/s: 108.50
FLOP/s per core: 0.11
Max Peak FLOP/s: 4,096.00
Avg. BW GB/s: 1,967.49
Max BW GB/s: 16,384.00

---Traffic---
In-Die bisection_bytes BW (GB/s): 128.00
Inter-board traffic (msg/ns): 0.00, per-link: 0.00
Inter-pack traffic (msg/ns): 0.00, per-link: 0.00
Inter-die traffic (msg/ns): 51.88, per-link: 0.10
Ruche traffic (msg/ns): 101.65, per-link: 0.20
All traffic (msg/ns): 863.14, per-link: 0.84
Inter-die reduction wrt all: 16.64
Inter-board reduction wrt inter-die: inf

---Data Movement---
All traffic (msg): 1,813,272,313
Arith. Intensity FLOP/Loads: 0.44
Arith. Intensity FLOP/Msgs: 0.13
Arith. Intensity OPS/Loads: 1.41
Arith. Intensity OPS/Msgs: 0.40



===Core Utilization Total=== CORE-S:21;; TIME K cy:2,100 ;; Nodes Proc: 793,626 -- Edges Proc: 14,919,584
======== IT IS COLD ======= Only 16 Tiles active

===PRINTING FRAME STATS

FCollision In Avg:24, SD:42, Max:253, Min:0
FCollision Out Avg:20, SD:34, Max:239, Min:0
FCollision End Avg:1, SD:7, Max:100, Min:0
FTask1 Avg:5, SD:12, Max:98, Min:0
FTask2 Avg:8, SD:19, Max:147, Min:0
FTask3 Avg:16, SD:31, Max:366, Min:1
FCore Active Avg:7, SD:12, Max:100, Min:0
FRouter Active Avg:24, SD:18, Max:99, Min:3
T1 invocations: 149,879
T2 invocations: 171,241
T3 invocations: 3,634,048
T3b invocations: 0
Total3 invocations: 3,634,048
Total4 invocations: 23,157

T3/T2 ratio: 21
T3b/T3 ratio: 0

T1 avg ex cycles: 32
T2 avg ex cycles: 49
T3&b avg ex cycles: 4
T4 avg ex cycles: 72
Avg. hops NOC1: 7
Avg. latency NOC1 (T2): 6,031
Avg. hops NOC2: 8
Avg. latency NOC2 (T3): 3,845

===PRINTING ACUM STATS at pu_cycles: 2,200,628

ACollision In Avg:74, SD:41, Max:245, Min:3
ACollision Out Avg:63, SD:46, Max:291, Min:2
ACollision End Avg:4, SD:12, Max:89, Min:0
ATask1 Avg:7, SD:2, Max:12, Min:0
ATask2 Avg:12, SD:3, Max:21, Min:0
ATask3 Avg:26, SD:24, Max:250, Min:2
ACore Active Avg:12, SD:6, Max:67, Min:4
ARouter Active Avg:32, SD:11, Max:88, Min:14
T1 invocations: 4,774,296
T2 invocations: 5,293,583
T3 invocations: 117,419,583
T3b invocations: 0
Total3 invocations: 117,419,583
Total4 invocations: 398,495

T3/T2 ratio: 22
T3b/T3 ratio: 0

T1 avg ex cycles: 32
T2 avg ex cycles: 51
T3&b avg ex cycles: 5
T4 avg ex cycles: 121
Avg. hops NOC1: 6
Avg. latency NOC1 (T2): 19,025
Avg. hops NOC2: 8
Avg. latency NOC2 (T3): 7,657
Number of K Nodes Processed: 6,559
Number of K Edges Processed: 117,703
Node Re-explore factor: 1.56
Edge Re-explore factor: 1.16
Nodes/cy: 3
Edges/cy: 53
TEPS: 43

---DCache---
DCache Size: 107,424
DRAM words: 0
  DHits: 0
  DMisses: 0

---Energy---
Leakage Energy (nJ): 1,020,312
PU Dyn E (nJ): 7,727,995
Mem Dyn E (nJ): 42,392,863
Route Dyn E (nJ): 12,238,008
Dynamic Energy (nJ): 62,358,867
Ratio of Dyn/Leak: 61
Total Energy (nJ): 63,379,179
Total Energy (nJ) 3D: 69,237,063
Cores Energy (nJ): 7,752,492
Route Energy (nJ): 12,331,039
Route Energy (nJ) 3D: 18,188,924
Mem Energy   (nJ): 43,295,649
Mem Energy   (nJ) 3D: 43,295,649
Avg. Power (mW): 28,800.50
Power Density (mW/mm2): 9.02

---Runtime---
Runtime in K cycles: 2,200.63
Microseconds: 2,200.63
Time per iteration (ms): 2.20

---Throughput---
GOP/s (aka OPS/ns): 343.59
GOP/s per core: 0.34
FLOP/s: 106.79
FLOP/s per core: 0.10
Max Peak FLOP/s: 4,096.00
Avg. BW GB/s: 1,934.81
Max BW GB/s: 16,384.00

---Traffic---
In-Die bisection_bytes BW (GB/s): 128.00
Inter-board traffic (msg/ns): 0.00, per-link: 0.00
Inter-pack traffic (msg/ns): 0.00, per-link: 0.00
Inter-die traffic (msg/ns): 51.08, per-link: 0.10
Ruche traffic (msg/ns): 100.92, per-link: 0.20
All traffic (msg/ns): 850.15, per-link: 0.83
Inter-die reduction wrt all: 16.64
Inter-board reduction wrt inter-die: inf

---Data Movement---
All traffic (msg): 1,870,871,164
Arith. Intensity FLOP/Loads: 0.44
Arith. Intensity FLOP/Msgs: 0.13
Arith. Intensity OPS/Loads: 1.41
Arith. Intensity OPS/Msgs: 0.40



===Core Utilization Total=== CORE-S:22;; TIME K cy:2,200 ;; Nodes Proc: 798,605 -- Edges Proc: 15,234,117
======== IT IS COLD ======= Only 23 Tiles active

===PRINTING FRAME STATS

FCollision In Avg:21, SD:39, Max:261, Min:0
FCollision Out Avg:19, SD:35, Max:267, Min:0
FCollision End Avg:1, SD:7, Max:100, Min:0
FTask1 Avg:3, SD:10, Max:77, Min:0
FTask2 Avg:6, SD:14, Max:105, Min:0
FTask3 Avg:11, SD:27, Max:376, Min:0
FCore Active Avg:5, SD:10, Max:99, Min:0
FRouter Active Avg:19, SD:17, Max:99, Min:2
T1 invocations: 103,701
T2 invocations: 116,724
T3 invocations: 2,622,608
T3b invocations: 0
Total3 invocations: 2,622,608
Total4 invocations: 19,128

T3/T2 ratio: 22
T3b/T3 ratio: 0

T1 avg ex cycles: 32
T2 avg ex cycles: 51
T3&b avg ex cycles: 4
T4 avg ex cycles: 63
Avg. hops NOC1: 7
Avg. latency NOC1 (T2): 7,506
Avg. hops NOC2: 8
Avg. latency NOC2 (T3): 4,163

===PRINTING ACUM STATS at pu_cycles: 2,300,552

ACollision In Avg:72, SD:40, Max:235, Min:3
ACollision Out Avg:61, SD:45, Max:283, Min:2
ACollision End Avg:4, SD:11, Max:85, Min:0
ATask1 Avg:7, SD:1, Max:12, Min:0
ATask2 Avg:12, SD:3, Max:20, Min:0
ATask3 Avg:25, SD:24, Max:259, Min:2
ACore Active Avg:11, SD:6, Max:69, Min:4
ARouter Active Avg:32, SD:11, Max:86, Min:13
T1 invocations: 4,879,867
T2 invocations: 5,413,494
T3 invocations: 120,105,740
T3b invocations: 0
Total3 invocations: 120,105,740
Total4 invocations: 417,978

T3/T2 ratio: 22
T3b/T3 ratio: 0

T1 avg ex cycles: 32
T2 avg ex cycles: 51
T3&b avg ex cycles: 5
T4 avg ex cycles: 118
Avg. hops NOC1: 6
Avg. latency NOC1 (T2): 18,768
Avg. hops NOC2: 8
Avg. latency NOC2 (T3): 7,578
Number of K Nodes Processed: 6,609
Number of K Edges Processed: 120,302
Node Re-explore factor: 1.57
Edge Re-explore factor: 1.19
Nodes/cy: 3
Edges/cy: 52
TEPS: 42

---DCache---
DCache Size: 107,424
DRAM words: 0
  DHits: 0
  DMisses: 0

---Energy---
Leakage Energy (nJ): 1,066,642
PU Dyn E (nJ): 7,898,662
Mem Dyn E (nJ): 43,323,511
Route Dyn E (nJ): 12,542,739
Dynamic Energy (nJ): 63,764,912
Ratio of Dyn/Leak: 60
Total Energy (nJ): 64,831,554
Total Energy (nJ) 3D: 70,828,985
Cores Energy (nJ): 7,924,271
Route Energy (nJ): 12,639,994
Route Energy (nJ) 3D: 18,637,425
Mem Energy   (nJ): 44,267,289
Mem Energy   (nJ) 3D: 44,267,289
Avg. Power (mW): 28,180.87
Power Density (mW/mm2): 8.83

---Runtime---
Runtime in K cycles: 2,300.55
Microseconds: 2,300.55
Time per iteration (ms): 2.30

---Throughput---
GOP/s (aka OPS/ns): 335.73
GOP/s per core: 0.33
FLOP/s: 104.45
FLOP/s per core: 0.10
Max Peak FLOP/s: 4,096.00
Avg. BW GB/s: 1,891.41
Max BW GB/s: 16,384.00

---Traffic---
In-Die bisection_bytes BW (GB/s): 128.00
Inter-board traffic (msg/ns): 0.00, per-link: 0.00
Inter-pack traffic (msg/ns): 0.00, per-link: 0.00
Inter-die traffic (msg/ns): 49.97, per-link: 0.10
Ruche traffic (msg/ns): 99.36, per-link: 0.19
All traffic (msg/ns): 832.97, per-link: 0.81
Inter-die reduction wrt all: 16.67
Inter-board reduction wrt inter-die: inf

---Data Movement---
All traffic (msg): 1,916,284,581
Arith. Intensity FLOP/Loads: 0.44
Arith. Intensity FLOP/Msgs: 0.13
Arith. Intensity OPS/Loads: 1.41
Arith. Intensity OPS/Msgs: 0.40



===Core Utilization Total=== CORE-S:23;; TIME K cy:2,300 ;; Nodes Proc: 802,453 -- Edges Proc: 15,625,326
======== IT IS COLD ======= Only 16 Tiles active

===PRINTING FRAME STATS

FCollision In Avg:14, SD:34, Max:285, Min:0
FCollision Out Avg:10, SD:24, Max:267, Min:0
FCollision End Avg:0, SD:4, Max:80, Min:0
FTask1 Avg:2, SD:8, Max:86, Min:0
FTask2 Avg:5, SD:13, Max:104, Min:0
FTask3 Avg:9, SD:26, Max:373, Min:0
FCore Active Avg:4, SD:9, Max:100, Min:0
FRouter Active Avg:16, SD:17, Max:98, Min:2
T1 invocations: 77,747
T2 invocations: 91,622
T3 invocations: 2,190,066
T3b invocations: 0
Total3 invocations: 2,190,066
Total4 invocations: 17,606

T3/T2 ratio: 24
T3b/T3 ratio: 0

T1 avg ex cycles: 32
T2 avg ex cycles: 54
T3&b avg ex cycles: 4
T4 avg ex cycles: 54
Avg. hops NOC1: 7
Avg. latency NOC1 (T2): 8,623
Avg. hops NOC2: 8
Avg. latency NOC2 (T3): 4,356

===PRINTING ACUM STATS at pu_cycles: 2,400,437

ACollision In Avg:70, SD:39, Max:226, Min:3
ACollision Out Avg:59, SD:43, Max:277, Min:2
ACollision End Avg:4, SD:11, Max:82, Min:0
ATask1 Avg:6, SD:1, Max:11, Min:1
ATask2 Avg:12, SD:2, Max:19, Min:1
ATask3 Avg:25, SD:24, Max:263, Min:2
ACore Active Avg:11, SD:6, Max:70, Min:4
ARouter Active Avg:31, SD:10, Max:84, Min:13
T1 invocations: 4,961,740
T2 invocations: 5,508,947
T3 invocations: 122,342,685
T3b invocations: 0
Total3 invocations: 122,342,685
Total4 invocations: 435,697

T3/T2 ratio: 22
T3b/T3 ratio: 0

T1 avg ex cycles: 32
T2 avg ex cycles: 51
T3&b avg ex cycles: 5
T4 avg ex cycles: 115
Avg. hops NOC1: 6
Avg. latency NOC1 (T2): 18,593
Avg. hops NOC2: 8
Avg. latency NOC2 (T3): 7,520
Number of K Nodes Processed: 6,647
Number of K Edges Processed: 122,474
Node Re-explore factor: 1.58
Edge Re-explore factor: 1.21
Nodes/cy: 3
Edges/cy: 51
TEPS: 40

---DCache---
DCache Size: 107,424
DRAM words: 0
  DHits: 0
  DMisses: 0

---Energy---
Leakage Energy (nJ): 1,112,953
PU Dyn E (nJ): 8,040,472
Mem Dyn E (nJ): 44,099,702
Route Dyn E (nJ): 12,786,857
Dynamic Energy (nJ): 64,927,032
Ratio of Dyn/Leak: 58
Total Energy (nJ): 66,039,985
Total Energy (nJ) 3D: 72,147,599
Cores Energy (nJ): 8,067,193
Route Energy (nJ): 12,888,334
Route Energy (nJ) 3D: 18,995,949
Mem Energy   (nJ): 45,084,457
Mem Energy   (nJ) 3D: 45,084,457
Avg. Power (mW): 27,511.65
Power Density (mW/mm2): 8.62

---Runtime---
Runtime in K cycles: 2,400.44
Microseconds: 2,400.44
Time per iteration (ms): 2.40

---Throughput---
GOP/s (aka OPS/ns): 327.32
GOP/s per core: 0.32
FLOP/s: 101.96
FLOP/s per core: 0.10
Max Peak FLOP/s: 4,096.00
Avg. BW GB/s: 1,845.19
Max BW GB/s: 16,384.00

---Traffic---
In-Die bisection_bytes BW (GB/s): 128.00
Inter-board traffic (msg/ns): 0.00, per-link: 0.00
Inter-pack traffic (msg/ns): 0.00, per-link: 0.00
Inter-die traffic (msg/ns): 48.73, per-link: 0.10
Ruche traffic (msg/ns): 97.49, per-link: 0.19
All traffic (msg/ns): 813.46, per-link: 0.79
Inter-die reduction wrt all: 16.69
Inter-board reduction wrt inter-die: inf

---Data Movement---
All traffic (msg): 1,952,665,246
Arith. Intensity FLOP/Loads: 0.44
Arith. Intensity FLOP/Msgs: 0.13
Arith. Intensity OPS/Loads: 1.41
Arith. Intensity OPS/Msgs: 0.40



===Core Utilization Total=== CORE-S:24;; TIME K cy:2,400 ;; Nodes Proc: 805,763 -- Edges Proc: 15,903,651
======== IT IS COLD ======= Only 2 Tiles active

===PRINTING FRAME STATS

FCollision In Avg:12, SD:37, Max:439, Min:0
FCollision Out Avg:10, SD:24, Max:182, Min:0
FCollision End Avg:0, SD:4, Max:79, Min:0
FTask1 Avg:1, SD:4, Max:50, Min:0
FTask2 Avg:3, SD:10, Max:89, Min:0
FTask3 Avg:6, SD:22, Max:350, Min:0
FCore Active Avg:2, SD:7, Max:100, Min:0
FRouter Active Avg:9, SD:13, Max:98, Min:1
T1 invocations: 33,973
T2 invocations: 44,840
T3 invocations: 1,294,274
T3b invocations: 0
Total3 invocations: 1,294,274
Total4 invocations: 11,421

T3/T2 ratio: 29
T3b/T3 ratio: 0

T1 avg ex cycles: 33
T2 avg ex cycles: 65
T3&b avg ex cycles: 4
T4 avg ex cycles: 41
Avg. hops NOC1: 6
Avg. latency NOC1 (T2): 9,946
Avg. hops NOC2: 8
Avg. latency NOC2 (T3): 6,483

===PRINTING ACUM STATS at pu_cycles: 2,500,529

ACollision In Avg:67, SD:38, Max:217, Min:2
ACollision Out Avg:57, SD:42, Max:271, Min:1
ACollision End Avg:4, SD:10, Max:78, Min:0
ATask1 Avg:6, SD:1, Max:11, Min:1
ATask2 Avg:11, SD:2, Max:18, Min:1
ATask3 Avg:24, SD:23, Max:264, Min:2
ACore Active Avg:11, SD:6, Max:71, Min:4
ARouter Active Avg:30, SD:10, Max:81, Min:13
T1 invocations: 4,993,633
T2 invocations: 5,553,393
T3 invocations: 123,640,780
T3b invocations: 0
Total3 invocations: 123,640,780
Total4 invocations: 447,112

T3/T2 ratio: 22
T3b/T3 ratio: 0

T1 avg ex cycles: 32
T2 avg ex cycles: 52
T3&b avg ex cycles: 5
T4 avg ex cycles: 113
Avg. hops NOC1: 6
Avg. latency NOC1 (T2): 18,525
Avg. hops NOC2: 8
Avg. latency NOC2 (T3): 7,509
Number of K Nodes Processed: 6,669
Number of K Edges Processed: 123,757
Node Re-explore factor: 1.59
Edge Re-explore factor: 1.22
Nodes/cy: 3
Edges/cy: 49
TEPS: 38

---DCache---
DCache Size: 107,424
DRAM words: 0
  DHits: 0
  DMisses: 0

---Energy---
Leakage Energy (nJ): 1,159,360
PU Dyn E (nJ): 8,119,974
Mem Dyn E (nJ): 44,543,171
Route Dyn E (nJ): 12,922,592
Dynamic Energy (nJ): 65,585,737
Ratio of Dyn/Leak: 57
Total Energy (nJ): 66,745,097
Total Energy (nJ) 3D: 72,915,035
Cores Energy (nJ): 8,147,810
Route Energy (nJ): 13,028,300
Route Energy (nJ) 3D: 19,198,239
Mem Energy   (nJ): 45,568,988
Mem Energy   (nJ) 3D: 45,568,988
Avg. Power (mW): 26,692.39
Power Density (mW/mm2): 8.36

---Runtime---
Runtime in K cycles: 2,500.53
Microseconds: 2,500.53
Time per iteration (ms): 2.50

---Throughput---
GOP/s (aka OPS/ns): 317.07
GOP/s per core: 0.31
FLOP/s: 98.91
FLOP/s per core: 0.10
Max Peak FLOP/s: 4,096.00
Avg. BW GB/s: 1,789.14
Max BW GB/s: 16,384.00

---Traffic---
In-Die bisection_bytes BW (GB/s): 128.00
Inter-board traffic (msg/ns): 0.00, per-link: 0.00
Inter-pack traffic (msg/ns): 0.00, per-link: 0.00
Inter-die traffic (msg/ns): 47.18, per-link: 0.09
Ruche traffic (msg/ns): 94.79, per-link: 0.19
All traffic (msg/ns): 789.07, per-link: 0.77
Inter-die reduction wrt all: 16.72
Inter-board reduction wrt inter-die: inf

---Data Movement---
All traffic (msg): 1,973,087,257
Arith. Intensity FLOP/Loads: 0.44
Arith. Intensity FLOP/Msgs: 0.13
Arith. Intensity OPS/Loads: 1.41
Arith. Intensity OPS/Msgs: 0.40



===Core Utilization Total=== CORE-S:25;; TIME K cy:2,500 ;; Nodes Proc: 807,440 -- Edges Proc: 16,000,001
======== IT IS COLD ======= Only 1 Tiles active

===PRINTING FRAME STATS

FCollision In Avg:8, SD:28, Max:356, Min:0
FCollision Out Avg:6, SD:17, Max:187, Min:0
FCollision End Avg:0, SD:4, Max:91, Min:0
FTask1 Avg:1, SD:5, Max:66, Min:0
FTask2 Avg:3, SD:10, Max:115, Min:0
FTask3 Avg:6, SD:20, Max:342, Min:0
FCore Active Avg:3, SD:7, Max:98, Min:0
FRouter Active Avg:10, SD:14, Max:97, Min:1
T1 invocations: 40,219
T2 invocations: 50,035
T3 invocations: 1,343,496
T3b invocations: 0
Total3 invocations: 1,343,496
Total4 invocations: 11,873

T3/T2 ratio: 27
T3b/T3 ratio: 0

T1 avg ex cycles: 32
T2 avg ex cycles: 61
T3&b avg ex cycles: 4
T4 avg ex cycles: 45
Avg. hops NOC1: 6
Avg. latency NOC1 (T2): 8,179
Avg. hops NOC2: 8
Avg. latency NOC2 (T3): 5,272

===PRINTING ACUM STATS at pu_cycles: 2,600,680

ACollision In Avg:65, SD:36, Max:209, Min:2
ACollision Out Avg:55, SD:40, Max:266, Min:1
ACollision End Avg:4, SD:10, Max:75, Min:0
ATask1 Avg:6, SD:1, Max:10, Min:1
ATask2 Avg:11, SD:2, Max:18, Min:2
ATask3 Avg:23, SD:23, Max:264, Min:2
ACore Active Avg:10, SD:6, Max:71, Min:4
ARouter Active Avg:30, SD:10, Max:79, Min:12
T1 invocations: 5,035,464
T2 invocations: 5,603,913
T3 invocations: 124,923,844
T3b invocations: 0
Total3 invocations: 124,923,844
Total4 invocations: 458,969

T3/T2 ratio: 22
T3b/T3 ratio: 0

T1 avg ex cycles: 32
T2 avg ex cycles: 52
T3&b avg ex cycles: 5
T4 avg ex cycles: 112
Avg. hops NOC1: 6
Avg. latency NOC1 (T2): 18,429
Avg. hops NOC2: 8
Avg. latency NOC2 (T3): 7,485
Number of K Nodes Processed: 6,693
Number of K Edges Processed: 125,097
Node Re-explore factor: 1.59
Edge Re-explore factor: 1.23
Nodes/cy: 3
Edges/cy: 48
TEPS: 37

---DCache---
DCache Size: 107,424
DRAM words: 0
  DHits: 0
  DMisses: 0

---Energy---
Leakage Energy (nJ): 1,205,795
PU Dyn E (nJ): 8,202,859
Mem Dyn E (nJ): 44,999,050
Route Dyn E (nJ): 13,071,059
Dynamic Energy (nJ): 66,272,968
Ratio of Dyn/Leak: 55
Total Energy (nJ): 67,478,763
Total Energy (nJ) 3D: 73,717,748
Cores Energy (nJ): 8,231,809
Route Energy (nJ): 13,181,001
Route Energy (nJ) 3D: 19,419,986
Mem Energy   (nJ): 46,065,953
Mem Energy   (nJ) 3D: 46,065,953
Avg. Power (mW): 25,946.58
Power Density (mW/mm2): 8.13

---Runtime---
Runtime in K cycles: 2,600.68
Microseconds: 2,600.68
Time per iteration (ms): 2.60

---Throughput---
GOP/s (aka OPS/ns): 307.78
GOP/s per core: 0.30
FLOP/s: 96.12
FLOP/s per core: 0.09
Max Peak FLOP/s: 4,096.00
Avg. BW GB/s: 1,737.84
Max BW GB/s: 16,384.00

---Traffic---
In-Die bisection_bytes BW (GB/s): 128.00
Inter-board traffic (msg/ns): 0.00, per-link: 0.00
Inter-pack traffic (msg/ns): 0.00, per-link: 0.00
Inter-die traffic (msg/ns): 45.83, per-link: 0.09
Ruche traffic (msg/ns): 92.33, per-link: 0.18
All traffic (msg/ns): 767.20, per-link: 0.75
Inter-die reduction wrt all: 16.74
Inter-board reduction wrt inter-die: inf

---Data Movement---
All traffic (msg): 1,995,248,714
Arith. Intensity FLOP/Loads: 0.44
Arith. Intensity FLOP/Msgs: 0.13
Arith. Intensity OPS/Loads: 1.41
Arith. Intensity OPS/Msgs: 0.40



===Core Utilization Total=== CORE-S:26;; TIME K cy:2,600 ;; Nodes Proc: 809,157 -- Edges Proc: 16,127,868
======== IT IS COLD ======= Only 4 Tiles active

===PRINTING FRAME STATS

FCollision In Avg:5, SD:19, Max:283, Min:0
FCollision Out Avg:2, SD:9, Max:83, Min:0
FCollision End Avg:0, SD:2, Max:39, Min:0
FTask1 Avg:1, SD:5, Max:72, Min:0
FTask2 Avg:2, SD:10, Max:101, Min:0
FTask3 Avg:4, SD:17, Max:326, Min:0
FCore Active Avg:2, SD:6, Max:95, Min:0
FRouter Active Avg:7, SD:12, Max:93, Min:0
T1 invocations: 23,053
T2 invocations: 31,037
T3 invocations: 930,794
T3b invocations: 0
Total3 invocations: 930,794
Total4 invocations: 6,757

T3/T2 ratio: 30
T3b/T3 ratio: 0

T1 avg ex cycles: 33
T2 avg ex cycles: 68
T3&b avg ex cycles: 4
T4 avg ex cycles: 43
Avg. hops NOC1: 6
Avg. latency NOC1 (T2): 8,552
Avg. hops NOC2: 8
Avg. latency NOC2 (T3): 4,701

===PRINTING ACUM STATS at pu_cycles: 2,700,485

ACollision In Avg:63, SD:35, Max:201, Min:2
ACollision Out Avg:53, SD:39, Max:259, Min:1
ACollision End Avg:4, SD:10, Max:73, Min:0
ATask1 Avg:6, SD:1, Max:10, Min:1
ATask2 Avg:11, SD:2, Max:17, Min:3
ATask3 Avg:22, SD:22, Max:266, Min:2
ACore Active Avg:10, SD:6, Max:71, Min:4
ARouter Active Avg:29, SD:10, Max:77, Min:12
T1 invocations: 5,057,414
T2 invocations: 5,634,674
T3 invocations: 125,893,910
T3b invocations: 0
Total3 invocations: 125,893,910
Total4 invocations: 465,743

T3/T2 ratio: 22
T3b/T3 ratio: 0

T1 avg ex cycles: 32
T2 avg ex cycles: 52
T3&b avg ex cycles: 5
T4 avg ex cycles: 111
Avg. hops NOC1: 6
Avg. latency NOC1 (T2): 18,376
Avg. hops NOC2: 8
Avg. latency NOC2 (T3): 7,464
Number of K Nodes Processed: 6,704
Number of K Edges Processed: 126,007
Node Re-explore factor: 1.59
Edge Re-explore factor: 1.24
Nodes/cy: 2
Edges/cy: 47
TEPS: 35

---DCache---
DCache Size: 107,424
DRAM words: 0
  DHits: 0
  DMisses: 0

---Energy---
Leakage Energy (nJ): 1,252,069
PU Dyn E (nJ): 8,260,473
Mem Dyn E (nJ): 45,321,823
Route Dyn E (nJ): 13,172,241
Dynamic Energy (nJ): 66,754,538
Ratio of Dyn/Leak: 53
Total Energy (nJ): 68,006,607
Total Energy (nJ) 3D: 74,294,280
Cores Energy (nJ): 8,290,534
Route Energy (nJ): 13,286,403
Route Energy (nJ) 3D: 19,574,077
Mem Energy   (nJ): 46,429,670
Mem Energy   (nJ) 3D: 46,429,670
Avg. Power (mW): 25,183.11
Power Density (mW/mm2): 7.89

---Runtime---
Runtime in K cycles: 2,700.49
Microseconds: 2,700.49
Time per iteration (ms): 2.70

---Throughput---
GOP/s (aka OPS/ns): 298.29
GOP/s per core: 0.29
FLOP/s: 93.26
FLOP/s per core: 0.09
Max Peak FLOP/s: 4,096.00
Avg. BW GB/s: 1,685.62
Max BW GB/s: 16,384.00

---Traffic---
In-Die bisection_bytes BW (GB/s): 128.00
Inter-board traffic (msg/ns): 0.00, per-link: 0.00
Inter-pack traffic (msg/ns): 0.00, per-link: 0.00
Inter-die traffic (msg/ns): 44.40, per-link: 0.09
Ruche traffic (msg/ns): 89.65, per-link: 0.18
All traffic (msg/ns): 744.57, per-link: 0.73
Inter-die reduction wrt all: 16.77
Inter-board reduction wrt inter-die: inf

---Data Movement---
All traffic (msg): 2,010,703,250
Arith. Intensity FLOP/Loads: 0.44
Arith. Intensity FLOP/Msgs: 0.13
Arith. Intensity OPS/Loads: 1.41
Arith. Intensity OPS/Msgs: 0.40



===Core Utilization Total=== CORE-S:27;; TIME K cy:2,700 ;; Nodes Proc: 809,946 -- Edges Proc: 16,217,380
======== IT IS COLD ======= Only 0 Tiles active
Epoch Done Router: 0
Epoch Done Router: 3
Epoch Done Router: 6
Epoch Done Router: 1
Epoch Done Router: 7
Epoch Done Router: 2
Epoch Done Router: 4
Epoch Done Router: 5
##EPOCH## 1 COMPLETED at Time (K cy): 2,787
Nodes processed until now: 6,708,675
Edges processed until now: 126,415,138
Program Done Worker Thread: 0
Program Done Router Thread: 1
Program Done Router Thread: 3
Program Done Worker Thread: 5
Program Done Router Thread: 4
Program Done Router Thread: 0
Program Done Router Thread: 5
Program Done Worker Thread: 4
Program Done Worker Thread: 3
Program Done Worker Thread: 1
Program Done Router Thread: 2
Program Done Router Thread: 6
Program Done Worker Thread: 6
Program Done Worker Thread: 7
Program Done Worker Thread: 2
Program Done Router Thread: 7

===PRINTING ACUM STATS at pu_cycles: 2,787,775

ACollision In Avg:61, SD:34, Max:195, Min:2
ACollision Out Avg:51, SD:38, Max:251, Min:1
ACollision End Avg:4, SD:9, Max:70, Min:0
ATask1 Avg:6, SD:1, Max:10, Min:1
ATask2 Avg:10, SD:2, Max:17, Min:5
ATask3 Avg:22, SD:22, Max:258, Min:2
ACore Active Avg:10, SD:6, Max:69, Min:3
ARouter Active Avg:28, SD:10, Max:75, Min:11
T1 invocations: 5,068,773
T2 invocations: 5,648,031
T3 invocations: 126,383,359
T3b invocations: 0
Total3 invocations: 126,383,359
Total4 invocations: 468,559

T3/T2 ratio: 22
T3b/T3 ratio: 0

T1 avg ex cycles: 32
T2 avg ex cycles: 52
T3&b avg ex cycles: 5
T4 avg ex cycles: 110
Avg. hops NOC1: 6
Avg. latency NOC1 (T2): 18,367
Avg. hops NOC2: 8
Avg. latency NOC2 (T3): 7,455

Runtime at program end in K cycles: 2,787
Runtime before cooldown in K cycles: 1,400


Number of K Nodes Processed: 6,708
Number of K Edges Processed: 126,415
Node Re-explore factor: 1.59
Edge Re-explore factor: 1.25
Nodes/cy: 2
Edges/cy: 45
TEPS: 34

---DCache---
DCache Size: 107,424
DRAM words: 0
  DHits: 0
  DMisses: 0

---Energy---
Leakage Energy (nJ): 1,292,541
PU Dyn E (nJ): 8,288,455
Mem Dyn E (nJ): 45,478,651
Route Dyn E (nJ): 13,217,599
Dynamic Energy (nJ): 66,984,705
Ratio of Dyn/Leak: 52
Total Energy (nJ): 68,277,246
Total Energy (nJ) 3D: 74,586,873
Cores Energy (nJ): 8,319,489
Route Energy (nJ): 13,335,450
Route Energy (nJ) 3D: 19,645,077
Mem Energy   (nJ): 46,622,308
Mem Energy   (nJ) 3D: 46,622,308
Avg. Power (mW): 24,491.66
Power Density (mW/mm2): 7.67

---Runtime---
Runtime in K cycles: 2,787.78
Microseconds: 2,787.78
Time per iteration (ms): 2.79

---Inst---
K Loads: 574,077
K Stores: 567,861
K Instructions: 808,042

---Throughput---
GOP/s (aka OPS/ns): 289.85
GOP/s per core: 0.28
FLOP/s: 90.67
FLOP/s per core: 0.09
Max Peak FLOP/s: 4,096.00
Avg. BW GB/s: 1,638.50
Max BW GB/s: 16,384.00

---Traffic---
In-Die bisection_bytes BW (GB/s): 128.00
Inter-board traffic (msg/ns): 0.00, per-link: 0.00
Inter-pack traffic (msg/ns): 0.00, per-link: 0.00
Inter-die traffic (msg/ns): 43.14, per-link: 0.08
Ruche traffic (msg/ns): 87.16, per-link: 0.17
All traffic (msg/ns): 723.79, per-link: 0.71
Inter-die reduction wrt all: 16.78
Inter-board reduction wrt inter-die: inf

---Data Movement---
All traffic (msg): 2,017,752,283
Arith. Intensity FLOP/Loads: 0.44
Arith. Intensity FLOP/Msgs: 0.13
Arith. Intensity OPS/Loads: 1.41
Arith. Intensity OPS/Msgs: 0.40

Simulation time: 388.64
Sim noc_cy/s: 7,173.07
Sim Msg/s: 5,191,769.46

Version 31

