Dataset:  Kron22/
Dry run: 0
Open Edge Count File succesfully
Edges Traversed BFS: 128309848
Found Vertices: 4194304, Edges: 128311436
avg degree 31
Array  Kron22/node_array.bin found
Malloc array of size 16777220 bytes
Readin array of size 16777216 bytes
Finished Reading Array Bytes
No reordering Array 32bit
Array  Kron22/edge_array.bin found
Malloc array of size 513245744 bytes
Readin array of size 513245744 bytes
Finished Reading Array Bytes
No reordering Array 32bit
Reading graph elapsed time: 0.095615s

Dataset Footprint: 506 MiB
Dataset Footprint per Board: 4244.64 Mb
Dataset injection time (ms): 0.064768
Max Dataset Footprint: 1027 MiB

Dataset footprint per tile: 31 KiB
Proxys footprint per tile: 64 KiB
Reserved SRAM per tile: 7 KiB

Ideal SRAM per tile: 102 KiB
reserved_words_for_dataset:25855
dataset_words_per_tile:8096
remaining_sram_words:129278
min_dcache_sram_words_required:8096
dataset_words_per_tile:8096
min_pcache_sram_words_required:8
proxys_words_per_tile:16384
Dcache footprint ratio: 1
Pcache footprint ratio: 1
Dataset Cached: 0
DCache: 8096 words, lines: 506, sets: 506
Proxys Cached: 0
Pcache: 16384 words, sets: 16384
Node per tile: 256
Edge per tile: 7,832
GRID_X: 128
GRID_SIZE: 16,384
smt_per_tile: 1
noc_freq: 1
pu_freq: 1
RUCHE_X: 0
PROXY_W: 16
DIE_W: 128
DIE_H: 128
DIES: 1
BORDER_TILES_PER_DIE: 512
PACK_W: 128
PACK_H: 128
DIES_PACK_FACTOR: 1
DIES_PER_PACK: 1
PACKAGES: 1
BOARD_W: 128
BOARD_H: 128
BOARDS: 1
MUX_BUS: 1
DCACHE: 0
PCACHE: 1
PROXY_FACTOR: 8
CACHE_WAYS: 1
TORUS: 1
PHY_NOCS: 1
WIDE_NOC_ID: 0
NOC_CONF: 1
noc_width: 32
hbm_channel_bit_width: 512
ld_st_op_byte_width: 4
PROXY_ROUTING: 3
WRITE_THROUGH: 0
ASSERT_MODE: 0
GLOBAL_BARRIER: 0
OQ flits: 6 ; 32 ; 64
IQ flits: 6 ; 512 ; 1,024
OQ messages: 2 ; 16 ; 32
IQ messages: 2 ; 256 ; 512
max_task2 size: 64
io_factor_t2: 16
io_factor_t3: 16
io_factor_t3b: 16

Active SRAM Storage per tile: 102 KiB
Total SRAM Storage per tile: 512 KiB
Agreggated SRAM Storage: 8,192 MiB

Inter-Die #links: 4,096
Inter-Die (Gbits): 131,072
Inter-Die (Gbits/mm): 563.524
Bisection BW of Board (Gbits): 32,768
Border IO #Dies: 4
Border IO Die BW (Gbits): 16,384
Off-Board BW Total (Gbits): 65,536
Off-Board BW Density (Gbits/mm): 278
Die side: 58.15 mm
Die border wire density: 563.52 Gbits/mm
HBM wire density: 70.44 Gbits/mm

Tiles per Die: 16,384 (128x128)
Tile Area: 0.19 mm2, side: 0.44 mm
- Core/Rout Area: 0.05 mm2
- SRAM Area: 0.14 mm2
- SRAM/Logic Ratio: 2.80x

Dies per Package: 1 (1x1)
Die Area: 3,381.23 mm2, side: 58.15 mm
- Tiles Area: 3,191.28 mm2
- PHY Area: 189.96 mm2
- MC Area: 0.00 mm2

Packages per Board: 1 (1x1)
Package Area: 3,461.23 mm2, side: 58.83 mm
- IOdie Area: 80.00 mm2
- Dies Area: 3,381.23 mm2
- HBM Area: 0.00 mm2

Boards: 1 (1x1)
Board Area: 3,461.23 mm2
Total Area: 3,461.23 mm2



ESTIMATED COST OF SILICON AND PACKAGING. ONLY VARIABLE, NO FIXED COSTS
Good dies per wafer 3d: 5
Good dies per wafer 2d: 6
--Dies 3D Cost: 1,209.40 $
--Dies 2.5D Cost: 1,007.83 $
--Dies 2D Cost: 1,007.83 $
--HBM Cost: 60.00 $
--IOdie Cost: 8.44 $
--Packaging Cost 3d: 233.07 $
--Packaging Cost 2.5d: 505.18 $
--Packaging Cost 2d: 152.44 $
SiP Cost 3d: 1,510.91 $
SiP Cost 2.5d: 1,581.46 $
SiP Cost 2d: 1,168.71 $
--Board Cost: 3.46 $
Total SiPs Cost 3d: 1,514.37 $
Total SiPs Cost 2.5d: 1,584.92 $
Total SiPs Cost 2d: 1,172.18 $

Perf counters initialized
Mesh connected
Cache structures initialized
Allocated proxys
proxys initialized
Dataset structures initialized


Starting Simulation
INIT epoch: 1
INIT epoch: 1
INIT epoch: 1
INIT epoch: 1
INIT epoch: 1
INIT epoch: 1
INIT epoch: 1
INIT epoch: 1

===PRINTING FRAME STATS

FCollision In Avg:9, SD:4, Max:33, Min:0
FCollision Out Avg:0, SD:0, Max:7, Min:0
FCollision End Avg:0, SD:0, Max:0, Min:0
FTask1 Avg:82, SD:2, Max:88, Min:70
FTask2 Avg:0, SD:0, Max:0, Min:0
FTask3 Avg:18, SD:2, Max:30, Min:12
FCore Active Avg:100, SD:0, Max:100, Min:98
FRouter Active Avg:84, SD:12, Max:98, Min:32
T1 invocations: 169,469
T2 invocations: 0
T3 invocations: 731
T3b invocations: 3,648,539
Total3 invocations: 3,649,270
Total4 invocations: 0

T3/T2 ratio: inf
T3b/T3 ratio: 4,991

T1 avg ex cycles: 201
T2 avg ex cycles: -nan
T3&b avg ex cycles: 2
T4 avg ex cycles: -nan
Avg. hops NOC1: -nan
Avg. latency NOC1 (T2): -nan
Avg. hops NOC2: 17
Avg. latency NOC2 (T3): 3,130

===PRINTING ACUM STATS at pu_cycles: 10,401

ACollision In Avg:9, SD:4, Max:33, Min:0
ACollision Out Avg:0, SD:0, Max:7, Min:0
ACollision End Avg:0, SD:0, Max:0, Min:0
ATask1 Avg:82, SD:2, Max:88, Min:70
ATask2 Avg:0, SD:0, Max:0, Min:0
ATask3 Avg:18, SD:2, Max:30, Min:12
ACore Active Avg:100, SD:0, Max:100, Min:98
ARouter Active Avg:84, SD:12, Max:98, Min:32
T1 invocations: 677,691
T2 invocations: 0
T3 invocations: 2,185
T3b invocations: 14,596,573
Total3 invocations: 14,598,758
Total4 invocations: 0

T3/T2 ratio: inf
T3b/T3 ratio: 6,680

T1 avg ex cycles: 201
T2 avg ex cycles: -nan
T3&b avg ex cycles: 2
T4 avg ex cycles: -nan
Avg. hops NOC1: -nan
Avg. latency NOC1 (T2): -nan
Avg. hops NOC2: 17
Avg. latency NOC2 (T3): 3,129
Number of K Nodes Processed: 14,992
Number of K Edges Processed: 14,992
Node Re-explore factor: 3.57
Edge Re-explore factor: 0.12
Nodes/cy: 1,441
Edges/cy: 1,441
TEPS: 12,336

---Pcache---
Pcache Size: 16,384
Cached: 0
  PHits: 0
  PMisses: 0
  PHit Rate (hit/miss): -nan%
  PEvictions: 0
  PEviction Rate (evict/misses): -nan%

---Energy---
Leakage Energy (nJ): 11,593
PU Dyn E (nJ): 1,143,315
Mem Dyn E (nJ): 2,715,175
Route Dyn E (nJ): 1,521,481
Dynamic Energy (nJ): 5,379,972
Ratio of Dyn/Leak: 464
Total Energy (nJ): 5,391,565
Total Energy (nJ) 3D: 5,526,230
Cores Energy (nJ): 1,143,779
Route Energy (nJ): 1,521,748
Route Energy (nJ) 3D: 1,656,413
Mem Energy   (nJ): 2,726,039
Mem Energy   (nJ) 3D: 2,726,039
Avg. Power (mW): 518,369.91
Power Density (mW/mm2): 149.76

---Runtime---
Runtime in K cycles: 10.40
Microseconds: 10.40
Time per iteration (ms): 0.01

---Throughput---
GOP/s (aka OPS/ns): 15,806.67
GOP/s per core: 0.96
FLOP/s: 2,079.71
FLOP/s per core: 0.13
Max Peak FLOP/s: 16,384.00
Avg. BW GB/s: 51,105.73
Max BW GB/s: 65,536.00

---Traffic---
In-Die bisection_bytes BW (GB/s): 2,048.00
Inter-board traffic (msg/ns): 0.00, per-link: 0.00
Inter-pack traffic (msg/ns): 0.00, per-link: 0.00
Inter-die traffic (msg/ns): 0.00, per-link: 0.00
Ruche traffic (msg/ns): 0.00, per-link: 0.00
All traffic (msg/ns): 48,272.96, per-link: 2.95
Inter-die reduction wrt all: inf
Inter-board reduction wrt inter-die: -nan

---Data Movement---
All traffic (msg): 502,087,064
Arith. Intensity FLOP/Loads: 0.24
Arith. Intensity FLOP/Msgs: 0.04
Arith. Intensity OPS/Loads: 1.86
Arith. Intensity OPS/Msgs: 0.33



===Core Utilization Total=== CORE-S:1;; TIME K cy:10 ;; Nodes Proc: 1,875,336 -- Edges Proc: 0

===PRINTING FRAME STATS

FCollision In Avg:8, SD:3, Max:17, Min:0
FCollision Out Avg:0, SD:0, Max:1, Min:0
FCollision End Avg:0, SD:0, Max:0, Min:0
FTask1 Avg:76, SD:2, Max:82, Min:66
FTask2 Avg:0, SD:0, Max:0, Min:0
FTask3 Avg:24, SD:2, Max:34, Min:18
FCore Active Avg:100, SD:0, Max:100, Min:100
FRouter Active Avg:82, SD:13, Max:97, Min:30
T1 invocations: 155,111
T2 invocations: 0
T3 invocations: 1,443
T3b invocations: 4,887,346
Total3 invocations: 4,888,789
Total4 invocations: 0

T3/T2 ratio: inf
T3b/T3 ratio: 3,387

T1 avg ex cycles: 201
T2 avg ex cycles: -nan
T3&b avg ex cycles: 2
T4 avg ex cycles: -nan
Avg. hops NOC1: -nan
Avg. latency NOC1 (T2): -nan
Avg. hops NOC2: 12
Avg. latency NOC2 (T3): 3,326

===PRINTING ACUM STATS at pu_cycles: 20,401

ACollision In Avg:8, SD:3, Max:23, Min:0
ACollision Out Avg:0, SD:0, Max:3, Min:0
ACollision End Avg:0, SD:0, Max:0, Min:0
ATask1 Avg:79, SD:2, Max:84, Min:68
ATask2 Avg:0, SD:0, Max:0, Min:0
ATask3 Avg:21, SD:2, Max:32, Min:16
ACore Active Avg:100, SD:0, Max:100, Min:99
ARouter Active Avg:83, SD:13, Max:96, Min:31
T1 invocations: 1,298,219
T2 invocations: 0
T3 invocations: 7,507
T3b invocations: 34,143,169
Total3 invocations: 34,150,676
Total4 invocations: 0

T3/T2 ratio: inf
T3b/T3 ratio: 4,548

T1 avg ex cycles: 201
T2 avg ex cycles: -nan
T3&b avg ex cycles: 2
T4 avg ex cycles: -nan
Avg. hops NOC1: -nan
Avg. latency NOC1 (T2): -nan
Avg. hops NOC2: 14
Avg. latency NOC2 (T3): 3,242
Number of K Nodes Processed: 34,545
Number of K Edges Processed: 34,545
Node Re-explore factor: 8.24
Edge Re-explore factor: 0.27
Nodes/cy: 1,693
Edges/cy: 1,693
TEPS: 6,289

---Pcache---
Pcache Size: 16,384
Cached: 0
  PHits: 0
  PMisses: 0
  PHit Rate (hit/miss): -nan%
  PEvictions: 0
  PEviction Rate (evict/misses): -nan%

---Energy---
Leakage Energy (nJ): 22,740
PU Dyn E (nJ): 2,248,834
Mem Dyn E (nJ): 5,976,845
Route Dyn E (nJ): 2,882,083
Dynamic Energy (nJ): 11,107,763
Ratio of Dyn/Leak: 488
Total Energy (nJ): 11,130,503
Total Energy (nJ) 3D: 11,385,593
Cores Energy (nJ): 2,249,743
Route Energy (nJ): 2,882,607
Route Energy (nJ) 3D: 3,137,697
Mem Energy   (nJ): 5,998,153
Mem Energy   (nJ) 3D: 5,998,153
Avg. Power (mW): 545,586.14
Power Density (mW/mm2): 157.63

---Runtime---
Runtime in K cycles: 20.40
Microseconds: 20.40
Time per iteration (ms): 0.02

---Throughput---
GOP/s (aka OPS/ns): 16,058.66
GOP/s per core: 0.98
FLOP/s: 2,033.61
FLOP/s per core: 0.12
Max Peak FLOP/s: 16,384.00
Avg. BW GB/s: 57,207.77
Max BW GB/s: 65,536.00

---Traffic---
In-Die bisection_bytes BW (GB/s): 2,048.00
Inter-board traffic (msg/ns): 0.00, per-link: 0.00
Inter-pack traffic (msg/ns): 0.00, per-link: 0.00
Inter-die traffic (msg/ns): 0.00, per-link: 0.00
Ruche traffic (msg/ns): 0.00, per-link: 0.00
All traffic (msg/ns): 47,256.40, per-link: 2.88
Inter-die reduction wrt all: inf
Inter-board reduction wrt inter-die: -nan

---Data Movement---
All traffic (msg): 964,077,716
Arith. Intensity FLOP/Loads: 0.22
Arith. Intensity FLOP/Msgs: 0.04
Arith. Intensity OPS/Loads: 1.74
Arith. Intensity OPS/Msgs: 0.34



===Core Utilization Total=== CORE-S:2;; TIME K cy:20 ;; Nodes Proc: 4,319,288 -- Edges Proc: 0

===PRINTING FRAME STATS

FCollision In Avg:8, SD:3, Max:17, Min:0
FCollision Out Avg:0, SD:0, Max:1, Min:0
FCollision End Avg:0, SD:0, Max:0, Min:0
FTask1 Avg:76, SD:2, Max:83, Min:66
FTask2 Avg:0, SD:0, Max:0, Min:0
FTask3 Avg:24, SD:2, Max:34, Min:17
FCore Active Avg:100, SD:0, Max:100, Min:100
FRouter Active Avg:82, SD:13, Max:97, Min:29
T1 invocations: 155,104
T2 invocations: 0
T3 invocations: 3,770
T3b invocations: 4,888,834
Total3 invocations: 4,892,604
Total4 invocations: 0

T3/T2 ratio: inf
T3b/T3 ratio: 1,297

T1 avg ex cycles: 201
T2 avg ex cycles: -nan
T3&b avg ex cycles: 2
T4 avg ex cycles: -nan
Avg. hops NOC1: -nan
Avg. latency NOC1 (T2): -nan
Avg. hops NOC2: 12
Avg. latency NOC2 (T3): 3,334

===PRINTING ACUM STATS at pu_cycles: 30,401

ACollision In Avg:8, SD:3, Max:19, Min:0
ACollision Out Avg:0, SD:0, Max:2, Min:0
ACollision End Avg:0, SD:0, Max:0, Min:0
ATask1 Avg:78, SD:2, Max:83, Min:68
ATask2 Avg:0, SD:0, Max:0, Min:0
ATask3 Avg:22, SD:2, Max:32, Min:17
ACore Active Avg:100, SD:0, Max:100, Min:99
ARouter Active Avg:82, SD:13, Max:96, Min:30
T1 invocations: 1,918,639
T2 invocations: 0
T3 invocations: 24,077
T3b invocations: 53,690,993
Total3 invocations: 53,715,070
Total4 invocations: 0

T3/T2 ratio: inf
T3b/T3 ratio: 2,230

T1 avg ex cycles: 201
T2 avg ex cycles: -nan
T3&b avg ex cycles: 2
T4 avg ex cycles: -nan
Avg. hops NOC1: -nan
Avg. latency NOC1 (T2): -nan
Avg. hops NOC2: 13
Avg. latency NOC2 (T3): 3,276
Number of K Nodes Processed: 54,109
Number of K Edges Processed: 54,109
Node Re-explore factor: 12.90
Edge Re-explore factor: 0.42
Nodes/cy: 1,780
Edges/cy: 1,780
TEPS: 4,221

---Pcache---
Pcache Size: 16,384
Cached: 0
  PHits: 0
  PMisses: 0
  PHit Rate (hit/miss): -nan%
  PEvictions: 0
  PEviction Rate (evict/misses): -nan%

---Energy---
Leakage Energy (nJ): 33,886
PU Dyn E (nJ): 3,354,312
Mem Dyn E (nJ): 9,239,939
Route Dyn E (nJ): 4,241,762
Dynamic Energy (nJ): 16,836,014
Ratio of Dyn/Leak: 497
Total Energy (nJ): 16,869,900
Total Energy (nJ) 3D: 17,245,334
Cores Energy (nJ): 3,355,666
Route Energy (nJ): 4,242,542
Route Energy (nJ) 3D: 4,617,977
Mem Energy   (nJ): 9,271,692
Mem Energy   (nJ) 3D: 9,271,692
Avg. Power (mW): 554,912.68
Power Density (mW/mm2): 160.32

---Runtime---
Runtime in K cycles: 30.40
Microseconds: 30.40
Time per iteration (ms): 0.03

---Throughput---
GOP/s (aka OPS/ns): 16,145.01
GOP/s per core: 0.99
FLOP/s: 2,017.73
FLOP/s per core: 0.12
Max Peak FLOP/s: 16,384.00
Avg. BW GB/s: 59,304.37
Max BW GB/s: 65,536.00

---Traffic---
In-Die bisection_bytes BW (GB/s): 2,048.00
Inter-board traffic (msg/ns): 0.00, per-link: 0.00
Inter-pack traffic (msg/ns): 0.00, per-link: 0.00
Inter-die traffic (msg/ns): 0.00, per-link: 0.00
Ruche traffic (msg/ns): 0.00, per-link: 0.00
All traffic (msg/ns): 46,899.98, per-link: 2.86
Inter-die reduction wrt all: inf
Inter-board reduction wrt inter-die: -nan

---Data Movement---
All traffic (msg): 1,425,806,358
Arith. Intensity FLOP/Loads: 0.21
Arith. Intensity FLOP/Msgs: 0.04
Arith. Intensity OPS/Loads: 1.71
Arith. Intensity OPS/Msgs: 0.34



===Core Utilization Total=== CORE-S:3;; TIME K cy:30 ;; Nodes Proc: 6,765,548 -- Edges Proc: 0

===PRINTING FRAME STATS

FCollision In Avg:8, SD:3, Max:16, Min:0
FCollision Out Avg:0, SD:0, Max:1, Min:0
FCollision End Avg:0, SD:0, Max:0, Min:0
FTask1 Avg:76, SD:2, Max:82, Min:66
FTask2 Avg:0, SD:0, Max:0, Min:0
FTask3 Avg:24, SD:2, Max:34, Min:18
FCore Active Avg:100, SD:0, Max:100, Min:100
FRouter Active Avg:82, SD:13, Max:97, Min:29
T1 invocations: 155,092
T2 invocations: 0
T3 invocations: 6,880
T3b invocations: 4,884,501
Total3 invocations: 4,891,381
Total4 invocations: 0

T3/T2 ratio: inf
T3b/T3 ratio: 710

T1 avg ex cycles: 201
T2 avg ex cycles: -nan
T3&b avg ex cycles: 2
T4 avg ex cycles: -nan
Avg. hops NOC1: -nan
Avg. latency NOC1 (T2): -nan
Avg. hops NOC2: 12
Avg. latency NOC2 (T3): 3,354

===PRINTING ACUM STATS at pu_cycles: 40,401

ACollision In Avg:8, SD:3, Max:17, Min:0
ACollision Out Avg:0, SD:0, Max:2, Min:0
ACollision End Avg:0, SD:0, Max:0, Min:0
ATask1 Avg:78, SD:2, Max:83, Min:67
ATask2 Avg:0, SD:0, Max:0, Min:0
ATask3 Avg:22, SD:2, Max:33, Min:17
ACore Active Avg:100, SD:0, Max:100, Min:100
ARouter Active Avg:82, SD:13, Max:96, Min:30
T1 invocations: 2,538,948
T2 invocations: 0
T3 invocations: 52,639
T3b invocations: 73,231,095
Total3 invocations: 73,283,734
Total4 invocations: 0

T3/T2 ratio: inf
T3b/T3 ratio: 1,391

T1 avg ex cycles: 201
T2 avg ex cycles: -nan
T3&b avg ex cycles: 2
T4 avg ex cycles: -nan
Avg. hops NOC1: -nan
Avg. latency NOC1 (T2): -nan
Avg. hops NOC2: 13
Avg. latency NOC2 (T3): 3,297
Number of K Nodes Processed: 73,677
Number of K Edges Processed: 73,677
Node Re-explore factor: 17.57
Edge Re-explore factor: 0.57
Nodes/cy: 1,824
Edges/cy: 1,824
TEPS: 3,176

---Pcache---
Pcache Size: 16,384
Cached: 0
  PHits: 0
  PMisses: 0
  PHit Rate (hit/miss): -nan%
  PEvictions: 0
  PEviction Rate (evict/misses): -nan%

---Energy---
Leakage Energy (nJ): 45,033
PU Dyn E (nJ): 4,459,661
Mem Dyn E (nJ): 12,503,420
Route Dyn E (nJ): 5,602,117
Dynamic Energy (nJ): 22,565,198
Ratio of Dyn/Leak: 501
Total Energy (nJ): 22,610,231
Total Energy (nJ) 3D: 23,106,069
Cores Energy (nJ): 4,461,460
Route Energy (nJ): 5,603,153
Route Energy (nJ) 3D: 6,098,991
Mem Energy   (nJ): 12,545,618
Mem Energy   (nJ) 3D: 12,545,618
Avg. Power (mW): 559,645.32
Power Density (mW/mm2): 161.69

---Runtime---
Runtime in K cycles: 40.40
Microseconds: 40.40
Time per iteration (ms): 0.04

---Throughput---
GOP/s (aka OPS/ns): 16,188.27
GOP/s per core: 0.99
FLOP/s: 2,009.62
FLOP/s per core: 0.12
Max Peak FLOP/s: 16,384.00
Avg. BW GB/s: 60,364.87
Max BW GB/s: 65,536.00

---Traffic---
In-Die bisection_bytes BW (GB/s): 2,048.00
Inter-board traffic (msg/ns): 0.00, per-link: 0.00
Inter-pack traffic (msg/ns): 0.00, per-link: 0.00
Inter-die traffic (msg/ns): 0.00, per-link: 0.00
Ruche traffic (msg/ns): 0.00, per-link: 0.00
All traffic (msg/ns): 46,725.42, per-link: 2.85
Inter-die reduction wrt all: inf
Inter-board reduction wrt inter-die: -nan

---Data Movement---
All traffic (msg): 1,887,753,568
Arith. Intensity FLOP/Loads: 0.21
Arith. Intensity FLOP/Msgs: 0.04
Arith. Intensity OPS/Loads: 1.69
Arith. Intensity OPS/Msgs: 0.35



===Core Utilization Total=== CORE-S:4;; TIME K cy:40 ;; Nodes Proc: 9,210,815 -- Edges Proc: 0

===PRINTING FRAME STATS

FCollision In Avg:8, SD:3, Max:17, Min:0
FCollision Out Avg:0, SD:0, Max:1, Min:0
FCollision End Avg:0, SD:0, Max:0, Min:0
FTask1 Avg:76, SD:2, Max:82, Min:65
FTask2 Avg:0, SD:0, Max:0, Min:0
FTask3 Avg:24, SD:2, Max:35, Min:18
FCore Active Avg:100, SD:0, Max:100, Min:100
FRouter Active Avg:82, SD:13, Max:97, Min:29
T1 invocations: 155,081
T2 invocations: 0
T3 invocations: 10,875
T3b invocations: 4,884,868
Total3 invocations: 4,895,743
Total4 invocations: 0

T3/T2 ratio: inf
T3b/T3 ratio: 449

T1 avg ex cycles: 201
T2 avg ex cycles: -nan
T3&b avg ex cycles: 2
T4 avg ex cycles: -nan
Avg. hops NOC1: -nan
Avg. latency NOC1 (T2): -nan
Avg. hops NOC2: 12
Avg. latency NOC2 (T3): 3,385

===PRINTING ACUM STATS at pu_cycles: 50,401

ACollision In Avg:8, SD:3, Max:16, Min:0
ACollision Out Avg:0, SD:0, Max:1, Min:0
ACollision End Avg:0, SD:0, Max:0, Min:0
ATask1 Avg:77, SD:2, Max:82, Min:67
ATask2 Avg:0, SD:0, Max:0, Min:0
ATask3 Avg:23, SD:2, Max:33, Min:18
ACore Active Avg:100, SD:0, Max:100, Min:100
ARouter Active Avg:82, SD:13, Max:96, Min:30
T1 invocations: 3,159,223
T2 invocations: 0
T3 invocations: 95,827
T3b invocations: 92,772,368
Total3 invocations: 92,868,195
Total4 invocations: 0

T3/T2 ratio: inf
T3b/T3 ratio: 968

T1 avg ex cycles: 201
T2 avg ex cycles: -nan
T3&b avg ex cycles: 2
T4 avg ex cycles: -nan
Avg. hops NOC1: -nan
Avg. latency NOC1 (T2): -nan
Avg. hops NOC2: 13
Avg. latency NOC2 (T3): 3,315
Number of K Nodes Processed: 93,262
Number of K Edges Processed: 93,262
Node Re-explore factor: 22.24
Edge Re-explore factor: 0.73
Nodes/cy: 1,850
Edges/cy: 1,850
TEPS: 2,546

---Pcache---
Pcache Size: 16,384
Cached: 0
  PHits: 0
  PMisses: 0
  PHit Rate (hit/miss): -nan%
  PEvictions: 0
  PEviction Rate (evict/misses): -nan%

---Energy---
Leakage Energy (nJ): 56,179
PU Dyn E (nJ): 5,565,098
Mem Dyn E (nJ): 15,768,827
Route Dyn E (nJ): 6,961,280
Dynamic Energy (nJ): 28,295,205
Ratio of Dyn/Leak: 504
Total Energy (nJ): 28,351,384
Total Energy (nJ) 3D: 28,967,521
Cores Energy (nJ): 5,567,342
Route Energy (nJ): 6,962,573
Route Energy (nJ) 3D: 7,578,709
Mem Energy   (nJ): 15,821,470
Mem Energy   (nJ) 3D: 15,821,470
Avg. Power (mW): 562,516.30
Power Density (mW/mm2): 162.52

---Runtime---
Runtime in K cycles: 50.40
Microseconds: 50.40
Time per iteration (ms): 0.05

---Throughput---
GOP/s (aka OPS/ns): 16,214.84
GOP/s per core: 0.99
FLOP/s: 2,004.70
FLOP/s per core: 0.12
Max Peak FLOP/s: 16,384.00
Avg. BW GB/s: 61,011.87
Max BW GB/s: 65,536.00

---Traffic---
In-Die bisection_bytes BW (GB/s): 2,048.00
Inter-board traffic (msg/ns): 0.00, per-link: 0.00
Inter-pack traffic (msg/ns): 0.00, per-link: 0.00
Inter-die traffic (msg/ns): 0.00, per-link: 0.00
Ruche traffic (msg/ns): 0.00, per-link: 0.00
All traffic (msg/ns): 46,613.40, per-link: 2.85
Inter-die reduction wrt all: inf
Inter-board reduction wrt inter-die: -nan

---Data Movement---
All traffic (msg): 2,349,362,122
Arith. Intensity FLOP/Loads: 0.21
Arith. Intensity FLOP/Msgs: 0.04
Arith. Intensity OPS/Loads: 1.68
Arith. Intensity OPS/Msgs: 0.35



===Core Utilization Total=== CORE-S:5;; TIME K cy:50 ;; Nodes Proc: 11,658,581 -- Edges Proc: 0

===PRINTING FRAME STATS

FCollision In Avg:8, SD:3, Max:18, Min:0
FCollision Out Avg:0, SD:0, Max:1, Min:0
FCollision End Avg:0, SD:0, Max:0, Min:0
FTask1 Avg:76, SD:2, Max:82, Min:64
FTask2 Avg:0, SD:0, Max:0, Min:0
FTask3 Avg:24, SD:2, Max:36, Min:18
FCore Active Avg:100, SD:0, Max:100, Min:100
FRouter Active Avg:82, SD:13, Max:97, Min:29
T1 invocations: 155,001
T2 invocations: 0
T3 invocations: 16,831
T3b invocations: 4,883,641
Total3 invocations: 4,900,472
Total4 invocations: 0

T3/T2 ratio: inf
T3b/T3 ratio: 290

T1 avg ex cycles: 201
T2 avg ex cycles: -nan
T3&b avg ex cycles: 2
T4 avg ex cycles: -nan
Avg. hops NOC1: -nan
Avg. latency NOC1 (T2): -nan
Avg. hops NOC2: 12
Avg. latency NOC2 (T3): 3,444

===PRINTING ACUM STATS at pu_cycles: 60,401

ACollision In Avg:8, SD:3, Max:16, Min:0
ACollision Out Avg:0, SD:0, Max:1, Min:0
ACollision End Avg:0, SD:0, Max:0, Min:0
ATask1 Avg:77, SD:2, Max:82, Min:67
ATask2 Avg:0, SD:0, Max:0, Min:0
ATask3 Avg:23, SD:2, Max:33, Min:18
ACore Active Avg:100, SD:0, Max:100, Min:100
ARouter Active Avg:82, SD:13, Max:96, Min:30
T1 invocations: 3,779,208
T2 invocations: 0
T3 invocations: 164,115
T3b invocations: 112,304,352
Total3 invocations: 112,468,467
Total4 invocations: 0

T3/T2 ratio: inf
T3b/T3 ratio: 684

T1 avg ex cycles: 201
T2 avg ex cycles: -nan
T3&b avg ex cycles: 2
T4 avg ex cycles: -nan
Avg. hops NOC1: -nan
Avg. latency NOC1 (T2): -nan
Avg. hops NOC2: 12
Avg. latency NOC2 (T3): 3,338
Number of K Nodes Processed: 112,862
Number of K Edges Processed: 112,862
Node Re-explore factor: 26.91
Edge Re-explore factor: 0.88
Nodes/cy: 1,869
Edges/cy: 1,869
TEPS: 2,124

---Pcache---
Pcache Size: 16,384
Cached: 0
  PHits: 0
  PMisses: 0
  PHit Rate (hit/miss): -nan%
  PEvictions: 0
  PEviction Rate (evict/misses): -nan%

---Energy---
Leakage Energy (nJ): 67,326
PU Dyn E (nJ): 6,670,246
Mem Dyn E (nJ): 19,035,832
Route Dyn E (nJ): 8,320,092
Dynamic Energy (nJ): 34,026,171
Ratio of Dyn/Leak: 505
Total Energy (nJ): 34,093,497
Total Energy (nJ) 3D: 34,829,900
Cores Energy (nJ): 6,672,936
Route Energy (nJ): 8,321,641
Route Energy (nJ) 3D: 9,058,045
Mem Energy   (nJ): 19,098,919
Mem Energy   (nJ) 3D: 19,098,919
Avg. Power (mW): 564,452.52
Power Density (mW/mm2): 163.08

---Runtime---
Runtime in K cycles: 60.40
Microseconds: 60.40
Time per iteration (ms): 0.06

---Throughput---
GOP/s (aka OPS/ns): 16,232.18
GOP/s per core: 0.99
FLOP/s: 2,001.26
FLOP/s per core: 0.12
Max Peak FLOP/s: 16,384.00
Avg. BW GB/s: 61,449.64
Max BW GB/s: 65,536.00

---Traffic---
In-Die bisection_bytes BW (GB/s): 2,048.00
Inter-board traffic (msg/ns): 0.00, per-link: 0.00
Inter-pack traffic (msg/ns): 0.00, per-link: 0.00
Inter-die traffic (msg/ns): 0.00, per-link: 0.00
Ruche traffic (msg/ns): 0.00, per-link: 0.00
All traffic (msg/ns): 46,537.20, per-link: 2.84
Inter-die reduction wrt all: inf
Inter-board reduction wrt inter-die: -nan

---Data Movement---
All traffic (msg): 2,810,893,146
Arith. Intensity FLOP/Loads: 0.21
Arith. Intensity FLOP/Msgs: 0.04
Arith. Intensity OPS/Loads: 1.67
Arith. Intensity OPS/Msgs: 0.35



===Core Utilization Total=== CORE-S:6;; TIME K cy:60 ;; Nodes Proc: 14,109,073 -- Edges Proc: 0

===PRINTING FRAME STATS

FCollision In Avg:56, SD:15, Max:155, Min:3
FCollision Out Avg:48, SD:18, Max:105, Min:0
FCollision End Avg:0, SD:0, Max:0, Min:0
FTask1 Avg:29, SD:12, Max:88, Min:0
FTask2 Avg:0, SD:0, Max:0, Min:0
FTask3 Avg:23, SD:4, Max:46, Min:12
FCore Active Avg:53, SD:10, Max:100, Min:35
FRouter Active Avg:81, SD:10, Max:99, Min:53
T1 invocations: 59,177
T2 invocations: 0
T3 invocations: 1,098,880
T3b invocations: 3,497,578
Total3 invocations: 4,596,458
Total4 invocations: 0

T3/T2 ratio: inf
T3b/T3 ratio: 3

T1 avg ex cycles: 197
T2 avg ex cycles: -nan
T3&b avg ex cycles: 2
T4 avg ex cycles: -nan
Avg. hops NOC1: -nan
Avg. latency NOC1 (T2): -nan
Avg. hops NOC2: 14
Avg. latency NOC2 (T3): 5,290

===PRINTING ACUM STATS at pu_cycles: 70,250

ACollision In Avg:15, SD:4, Max:31, Min:3
ACollision Out Avg:7, SD:3, Max:15, Min:0
ACollision End Avg:0, SD:0, Max:0, Min:0
ATask1 Avg:70, SD:0, Max:70, Min:67
ATask2 Avg:0, SD:0, Max:0, Min:0
ATask3 Avg:23, SD:2, Max:33, Min:19
ACore Active Avg:93, SD:1, Max:100, Min:91
ARouter Active Avg:82, SD:12, Max:95, Min:35
T1 invocations: 4,015,712
T2 invocations: 0
T3 invocations: 4,544,910
T3b invocations: 126,282,422
Total3 invocations: 130,827,332
Total4 invocations: 0

T3/T2 ratio: inf
T3b/T3 ratio: 28

T1 avg ex cycles: 201
T2 avg ex cycles: -nan
T3&b avg ex cycles: 2
T4 avg ex cycles: -nan
Avg. hops NOC1: -nan
Avg. latency NOC1 (T2): -nan
Avg. hops NOC2: 13
Avg. latency NOC2 (T3): 3,612
Number of K Nodes Processed: 130,868
Number of K Edges Processed: 130,868
Node Re-explore factor: 31.20
Edge Re-explore factor: 1.02
Nodes/cy: 1,863
Edges/cy: 1,863
TEPS: 1,826

---Pcache---
Pcache Size: 16,384
Cached: 0
  PHits: 0
  PMisses: 0
  PHit Rate (hit/miss): -nan%
  PEvictions: 0
  PEviction Rate (evict/misses): -nan%

---Energy---
Leakage Energy (nJ): 78,304
PU Dyn E (nJ): 7,184,432
Mem Dyn E (nJ): 21,637,616
Route Dyn E (nJ): 9,868,966
Dynamic Energy (nJ): 38,691,014
Ratio of Dyn/Leak: 494
Total Energy (nJ): 38,769,318
Total Energy (nJ) 3D: 39,642,812
Cores Energy (nJ): 7,187,560
Route Energy (nJ): 9,870,768
Route Energy (nJ) 3D: 10,744,261
Mem Energy   (nJ): 21,710,991
Mem Energy   (nJ) 3D: 21,710,991
Avg. Power (mW): 551,876.41
Power Density (mW/mm2): 159.44

---Runtime---
Runtime in K cycles: 70.25
Microseconds: 70.25
Time per iteration (ms): 0.07

---Throughput---
GOP/s (aka OPS/ns): 15,140.04
GOP/s per core: 0.92
FLOP/s: 1,826.39
FLOP/s per core: 0.11
Max Peak FLOP/s: 16,384.00
Avg. BW GB/s: 59,992.54
Max BW GB/s: 65,536.00

---Traffic---
In-Die bisection_bytes BW (GB/s): 2,048.00
Inter-board traffic (msg/ns): 0.00, per-link: 0.00
Inter-pack traffic (msg/ns): 0.00, per-link: 0.00
Inter-die traffic (msg/ns): 0.00, per-link: 0.00
Ruche traffic (msg/ns): 0.00, per-link: 0.00
All traffic (msg/ns): 47,388.10, per-link: 2.89
Inter-die reduction wrt all: inf
Inter-board reduction wrt inter-die: -nan

---Data Movement---
All traffic (msg): 3,329,014,236
Arith. Intensity FLOP/Loads: 0.20
Arith. Intensity FLOP/Msgs: 0.04
Arith. Intensity OPS/Loads: 1.62
Arith. Intensity OPS/Msgs: 0.32



===Core Utilization Total=== CORE-S:7;; TIME K cy:70 ;; Nodes Proc: 16,357,574 -- Edges Proc: 0

===PRINTING FRAME STATS

FCollision In Avg:101, SD:16, Max:282, Min:0
FCollision Out Avg:88, SD:29, Max:190, Min:0
FCollision End Avg:0, SD:0, Max:0, Min:0
FTask1 Avg:0, SD:0, Max:2, Min:0
FTask2 Avg:0, SD:0, Max:0, Min:0
FTask3 Avg:3, SD:3, Max:23, Min:0
FCore Active Avg:4, SD:5, Max:32, Min:0
FRouter Active Avg:54, SD:22, Max:100, Min:15
T1 invocations: 2
T2 invocations: 0
T3 invocations: 582,301
T3b invocations: 5,714
Total3 invocations: 588,015
Total4 invocations: 0

T3/T2 ratio: inf
T3b/T3 ratio: 0

T1 avg ex cycles: 125
T2 avg ex cycles: -nan
T3&b avg ex cycles: 2
T4 avg ex cycles: -nan
Avg. hops NOC1: -nan
Avg. latency NOC1 (T2): -nan
Avg. hops NOC2: 60
Avg. latency NOC2 (T3): 1,323

===PRINTING ACUM STATS at pu_cycles: 80,004

ACollision In Avg:25, SD:4, Max:58, Min:4
ACollision Out Avg:17, SD:5, Max:32, Min:1
ACollision End Avg:0, SD:0, Max:0, Min:0
ATask1 Avg:61, SD:0, Max:62, Min:61
ATask2 Avg:0, SD:0, Max:0, Min:0
ATask3 Avg:20, SD:1, Max:28, Min:17
ACore Active Avg:82, SD:1, Max:90, Min:80
ARouter Active Avg:78, SD:11, Max:95, Min:34
T1 invocations: 4,015,951
T2 invocations: 0
T3 invocations: 6,878,949
T3b invocations: 126,309,103
Total3 invocations: 133,188,052
Total4 invocations: 0

T3/T2 ratio: inf
T3b/T3 ratio: 18

T1 avg ex cycles: 201
T2 avg ex cycles: -nan
T3&b avg ex cycles: 2
T4 avg ex cycles: -nan
Avg. hops NOC1: -nan
Avg. latency NOC1 (T2): -nan
Avg. hops NOC2: 14
Avg. latency NOC2 (T3): 3,573
Number of K Nodes Processed: 133,188
Number of K Edges Processed: 133,188
Node Re-explore factor: 31.75
Edge Re-explore factor: 1.04
Nodes/cy: 1,665
Edges/cy: 1,665
TEPS: 1,604

---Pcache---
Pcache Size: 16,384
Cached: 0
  PHits: 0
  PMisses: 0
  PHit Rate (hit/miss): -nan%
  PEvictions: 0
  PEviction Rate (evict/misses): -nan%

---Energy---
Leakage Energy (nJ): 89,176
PU Dyn E (nJ): 7,206,295
Mem Dyn E (nJ): 21,933,200
Route Dyn E (nJ): 10,843,022
Dynamic Energy (nJ): 39,982,517
Ratio of Dyn/Leak: 448
Total Energy (nJ): 40,071,693
Total Energy (nJ) 3D: 41,031,399
Cores Energy (nJ): 7,209,858
Route Energy (nJ): 10,845,073
Route Energy (nJ) 3D: 11,804,779
Mem Energy   (nJ): 22,016,763
Mem Energy   (nJ) 3D: 22,016,763
Avg. Power (mW): 500,871.12
Power Density (mW/mm2): 144.71

---Runtime---
Runtime in K cycles: 80.00
Microseconds: 80.00
Time per iteration (ms): 0.08

---Throughput---
GOP/s (aka OPS/ns): 13,353.78
GOP/s per core: 0.82
FLOP/s: 1,603.81
FLOP/s per core: 0.10
Max Peak FLOP/s: 16,384.00
Avg. BW GB/s: 53,387.29
Max BW GB/s: 65,536.00

---Traffic---
In-Die bisection_bytes BW (GB/s): 2,048.00
Inter-board traffic (msg/ns): 0.00, per-link: 0.00
Inter-pack traffic (msg/ns): 0.00, per-link: 0.00
Inter-die traffic (msg/ns): 0.00, per-link: 0.00
Ruche traffic (msg/ns): 0.00, per-link: 0.00
All traffic (msg/ns): 45,453.73, per-link: 2.77
Inter-die reduction wrt all: inf
Inter-board reduction wrt inter-die: -nan

---Data Movement---
All traffic (msg): 3,636,480,356
Arith. Intensity FLOP/Loads: 0.19
Arith. Intensity FLOP/Msgs: 0.04
Arith. Intensity OPS/Loads: 1.61
Arith. Intensity OPS/Msgs: 0.29



===Core Utilization Total=== CORE-S:8;; TIME K cy:80 ;; Nodes Proc: 16,640,992 -- Edges Proc: 0

===PRINTING FRAME STATS

FCollision In Avg:100, SD:19, Max:299, Min:0
FCollision Out Avg:84, SD:31, Max:199, Min:0
FCollision End Avg:0, SD:0, Max:0, Min:0
FTask1 Avg:0, SD:0, Max:0, Min:0
FTask2 Avg:0, SD:0, Max:0, Min:0
FTask3 Avg:3, SD:3, Max:16, Min:0
FCore Active Avg:4, SD:5, Max:32, Min:0
FRouter Active Avg:57, SD:24, Max:101, Min:10
T1 invocations: 0
T2 invocations: 0
T3 invocations: 613,701
T3b invocations: 0
Total3 invocations: 613,701
Total4 invocations: 0

T3/T2 ratio: inf
T3b/T3 ratio: 0

T1 avg ex cycles: -nan
T2 avg ex cycles: -nan
T3&b avg ex cycles: 2
T4 avg ex cycles: -nan
Avg. hops NOC1: -nan
Avg. latency NOC1 (T2): -nan
Avg. hops NOC2: 61
Avg. latency NOC2 (T3): 1,131

===PRINTING ACUM STATS at pu_cycles: 90,005

ACollision In Avg:34, SD:5, Max:78, Min:3
ACollision Out Avg:24, SD:8, Max:45, Min:1
ACollision End Avg:0, SD:0, Max:0, Min:0
ATask1 Avg:55, SD:0, Max:55, Min:55
ATask2 Avg:0, SD:0, Max:0, Min:0
ATask3 Avg:18, SD:1, Max:25, Min:15
ACore Active Avg:74, SD:1, Max:80, Min:71
ARouter Active Avg:76, SD:11, Max:95, Min:34
T1 invocations: 4,015,951
T2 invocations: 0
T3 invocations: 9,336,043
T3b invocations: 126,309,103
Total3 invocations: 135,645,146
Total4 invocations: 0

T3/T2 ratio: inf
T3b/T3 ratio: 14

T1 avg ex cycles: 201
T2 avg ex cycles: -nan
T3&b avg ex cycles: 2
T4 avg ex cycles: -nan
Avg. hops NOC1: -nan
Avg. latency NOC1 (T2): -nan
Avg. hops NOC2: 15
Avg. latency NOC2 (T3): 3,530
Number of K Nodes Processed: 135,646
Number of K Edges Processed: 135,646
Node Re-explore factor: 32.34
Edge Re-explore factor: 1.06
Nodes/cy: 1,507
Edges/cy: 1,507
TEPS: 1,426

---Pcache---
Pcache Size: 16,384
Cached: 0
  PHits: 0
  PMisses: 0
  PHit Rate (hit/miss): -nan%
  PEvictions: 0
  PEviction Rate (evict/misses): -nan%

---Energy---
Leakage Energy (nJ): 100,323
PU Dyn E (nJ): 7,228,685
Mem Dyn E (nJ): 22,240,530
Route Dyn E (nJ): 11,869,770
Dynamic Energy (nJ): 41,338,985
Ratio of Dyn/Leak: 412
Total Energy (nJ): 41,439,308
Total Energy (nJ) 3D: 42,489,891
Cores Energy (nJ): 7,232,693
Route Energy (nJ): 11,872,078
Route Energy (nJ) 3D: 12,922,660
Mem Energy   (nJ): 22,334,538
Mem Energy   (nJ) 3D: 22,334,538
Avg. Power (mW): 460,411.18
Power Density (mW/mm2): 133.02

---Runtime---
Runtime in K cycles: 90.00
Microseconds: 90.00
Time per iteration (ms): 0.09

---Throughput---
GOP/s (aka OPS/ns): 11,924.56
GOP/s per core: 0.73
FLOP/s: 1,425.60
FLOP/s per core: 0.09
Max Peak FLOP/s: 16,384.00
Avg. BW GB/s: 48,110.29
Max BW GB/s: 65,536.00

---Traffic---
In-Die bisection_bytes BW (GB/s): 2,048.00
Inter-board traffic (msg/ns): 0.00, per-link: 0.00
Inter-pack traffic (msg/ns): 0.00, per-link: 0.00
Inter-die traffic (msg/ns): 0.00, per-link: 0.00
Ruche traffic (msg/ns): 0.00, per-link: 0.00
All traffic (msg/ns): 44,003.30, per-link: 2.69
Inter-die reduction wrt all: inf
Inter-board reduction wrt inter-die: -nan

---Data Movement---
All traffic (msg): 3,960,516,742
Arith. Intensity FLOP/Loads: 0.19
Arith. Intensity FLOP/Msgs: 0.03
Arith. Intensity OPS/Loads: 1.60
Arith. Intensity OPS/Msgs: 0.27



===Core Utilization Total=== CORE-S:9;; TIME K cy:90 ;; Nodes Proc: 16,943,495 -- Edges Proc: 0

===PRINTING FRAME STATS

FCollision In Avg:95, SD:23, Max:208, Min:0
FCollision Out Avg:75, SD:30, Max:164, Min:0
FCollision End Avg:0, SD:0, Max:0, Min:0
FTask1 Avg:0, SD:0, Max:0, Min:0
FTask2 Avg:0, SD:0, Max:0, Min:0
FTask3 Avg:4, SD:2, Max:16, Min:0
FCore Active Avg:6, SD:4, Max:30, Min:0
FRouter Active Avg:70, SD:19, Max:100, Min:20
T1 invocations: 0
T2 invocations: 0
T3 invocations: 794,220
T3b invocations: 0
Total3 invocations: 794,220
Total4 invocations: 0

T3/T2 ratio: inf
T3b/T3 ratio: 0

T1 avg ex cycles: -nan
T2 avg ex cycles: -nan
T3&b avg ex cycles: 2
T4 avg ex cycles: -nan
Avg. hops NOC1: -nan
Avg. latency NOC1 (T2): -nan
Avg. hops NOC2: 63
Avg. latency NOC2 (T3): 1,129

===PRINTING ACUM STATS at pu_cycles: 100,003

ACollision In Avg:40, SD:5, Max:88, Min:3
ACollision Out Avg:30, SD:9, Max:53, Min:0
ACollision End Avg:0, SD:0, Max:0, Min:0
ATask1 Avg:49, SD:0, Max:49, Min:49
ATask2 Avg:0, SD:0, Max:0, Min:0
ATask3 Avg:17, SD:1, Max:23, Min:14
ACore Active Avg:67, SD:1, Max:72, Min:64
ARouter Active Avg:75, SD:10, Max:95, Min:36
T1 invocations: 4,015,951
T2 invocations: 0
T3 invocations: 12,510,370
T3b invocations: 126,309,103
Total3 invocations: 138,819,473
Total4 invocations: 0

T3/T2 ratio: inf
T3b/T3 ratio: 10

T1 avg ex cycles: 201
T2 avg ex cycles: -nan
T3&b avg ex cycles: 2
T4 avg ex cycles: -nan
Avg. hops NOC1: -nan
Avg. latency NOC1 (T2): -nan
Avg. hops NOC2: 16
Avg. latency NOC2 (T3): 3,476
Number of K Nodes Processed: 138,820
Number of K Edges Processed: 138,820
Node Re-explore factor: 33.10
Edge Re-explore factor: 1.08
Nodes/cy: 1,388
Edges/cy: 1,388
TEPS: 1,283

---Pcache---
Pcache Size: 16,384
Cached: 0
  PHits: 0
  PMisses: 0
  PHit Rate (hit/miss): -nan%
  PEvictions: 0
  PEviction Rate (evict/misses): -nan%

---Energy---
Leakage Energy (nJ): 111,468
PU Dyn E (nJ): 7,257,612
Mem Dyn E (nJ): 22,637,570
Route Dyn E (nJ): 13,197,201
Dynamic Energy (nJ): 43,092,382
Ratio of Dyn/Leak: 387
Total Energy (nJ): 43,203,850
Total Energy (nJ) 3D: 44,371,923
Cores Energy (nJ): 7,262,065
Route Energy (nJ): 13,199,765
Route Energy (nJ) 3D: 14,367,837
Mem Energy   (nJ): 22,742,021
Mem Energy   (nJ) 3D: 22,742,021
Avg. Power (mW): 432,025.54
Power Density (mW/mm2): 124.82

---Runtime---
Runtime in K cycles: 100.00
Microseconds: 100.00
Time per iteration (ms): 0.10

---Throughput---
GOP/s (aka OPS/ns): 10,795.87
GOP/s per core: 0.66
FLOP/s: 1,283.08
FLOP/s per core: 0.08
Max Peak FLOP/s: 16,384.00
Avg. BW GB/s: 44,062.18
Max BW GB/s: 65,536.00

---Traffic---
In-Die bisection_bytes BW (GB/s): 2,048.00
Inter-board traffic (msg/ns): 0.00, per-link: 0.00
Inter-pack traffic (msg/ns): 0.00, per-link: 0.00
Inter-die traffic (msg/ns): 0.00, per-link: 0.00
Ruche traffic (msg/ns): 0.00, per-link: 0.00
All traffic (msg/ns): 43,793.11, per-link: 2.67
Inter-die reduction wrt all: inf
Inter-board reduction wrt inter-die: -nan

---Data Movement---
All traffic (msg): 4,379,442,234
Arith. Intensity FLOP/Loads: 0.19
Arith. Intensity FLOP/Msgs: 0.03
Arith. Intensity OPS/Loads: 1.59
Arith. Intensity OPS/Msgs: 0.25



===Core Utilization Total=== CORE-S:10;; TIME K cy:100 ;; Nodes Proc: 17,333,829 -- Edges Proc: 0

===PRINTING FRAME STATS

FCollision In Avg:87, SD:33, Max:247, Min:0
FCollision Out Avg:67, SD:32, Max:180, Min:0
FCollision End Avg:0, SD:0, Max:0, Min:0
FTask1 Avg:0, SD:0, Max:0, Min:0
FTask2 Avg:0, SD:0, Max:0, Min:0
FTask3 Avg:4, SD:2, Max:16, Min:0
FCore Active Avg:6, SD:4, Max:31, Min:0
FRouter Active Avg:77, SD:16, Max:100, Min:28
T1 invocations: 0
T2 invocations: 0
T3 invocations: 847,212
T3b invocations: 0
Total3 invocations: 847,212
Total4 invocations: 0

T3/T2 ratio: inf
T3b/T3 ratio: 0

T1 avg ex cycles: -nan
T2 avg ex cycles: -nan
T3&b avg ex cycles: 2
T4 avg ex cycles: -nan
Avg. hops NOC1: -nan
Avg. latency NOC1 (T2): -nan
Avg. hops NOC2: 67
Avg. latency NOC2 (T3): 918

===PRINTING ACUM STATS at pu_cycles: 110,004

ACollision In Avg:44, SD:6, Max:89, Min:3
ACollision Out Avg:33, SD:11, Max:58, Min:0
ACollision End Avg:0, SD:0, Max:0, Min:0
ATask1 Avg:45, SD:0, Max:45, Min:45
ATask2 Avg:0, SD:0, Max:0, Min:0
ATask3 Avg:16, SD:1, Max:21, Min:13
ACore Active Avg:61, SD:1, Max:66, Min:58
ARouter Active Avg:76, SD:10, Max:94, Min:39
T1 invocations: 4,015,951
T2 invocations: 0
T3 invocations: 15,895,843
T3b invocations: 126,309,103
Total3 invocations: 142,204,946
Total4 invocations: 0

T3/T2 ratio: inf
T3b/T3 ratio: 8

T1 avg ex cycles: 201
T2 avg ex cycles: -nan
T3&b avg ex cycles: 2
T4 avg ex cycles: -nan
Avg. hops NOC1: -nan
Avg. latency NOC1 (T2): -nan
Avg. hops NOC2: 17
Avg. latency NOC2 (T3): 3,415
Number of K Nodes Processed: 142,205
Number of K Edges Processed: 142,205
Node Re-explore factor: 33.90
Edge Re-explore factor: 1.11
Nodes/cy: 1,293
Edges/cy: 1,293
TEPS: 1,166

---Pcache---
Pcache Size: 16,384
Cached: 0
  PHits: 0
  PMisses: 0
  PHit Rate (hit/miss): -nan%
  PEvictions: 0
  PEviction Rate (evict/misses): -nan%

---Energy---
Leakage Energy (nJ): 122,615
PU Dyn E (nJ): 7,288,463
Mem Dyn E (nJ): 23,061,019
Route Dyn E (nJ): 14,611,950
Dynamic Energy (nJ): 44,961,433
Ratio of Dyn/Leak: 367
Total Energy (nJ): 45,084,048
Total Energy (nJ) 3D: 46,377,338
Cores Energy (nJ): 7,293,361
Route Energy (nJ): 14,614,771
Route Energy (nJ) 3D: 15,908,061
Mem Energy   (nJ): 23,175,916
Mem Energy   (nJ) 3D: 23,175,916
Avg. Power (mW): 409,840.08
Power Density (mW/mm2): 118.41

---Runtime---
Runtime in K cycles: 110.00
Microseconds: 110.00
Time per iteration (ms): 0.11

---Throughput---
GOP/s (aka OPS/ns): 9,875.91
GOP/s per core: 0.60
FLOP/s: 1,166.43
FLOP/s per core: 0.07
Max Peak FLOP/s: 16,384.00
Avg. BW GB/s: 40,794.90
Max BW GB/s: 65,536.00

---Traffic---
In-Die bisection_bytes BW (GB/s): 2,048.00
Inter-board traffic (msg/ns): 0.00, per-link: 0.00
Inter-pack traffic (msg/ns): 0.00, per-link: 0.00
Inter-die traffic (msg/ns): 0.00, per-link: 0.00
Ruche traffic (msg/ns): 0.00, per-link: 0.00
All traffic (msg/ns): 43,870.49, per-link: 2.68
Inter-die reduction wrt all: inf
Inter-board reduction wrt inter-die: -nan

---Data Movement---
All traffic (msg): 4,825,929,540
Arith. Intensity FLOP/Loads: 0.19
Arith. Intensity FLOP/Msgs: 0.03
Arith. Intensity OPS/Loads: 1.57
Arith. Intensity OPS/Msgs: 0.23



===Core Utilization Total=== CORE-S:11;; TIME K cy:110 ;; Nodes Proc: 17,751,028 -- Edges Proc: 0

===PRINTING FRAME STATS

FCollision In Avg:76, SD:42, Max:251, Min:0
FCollision Out Avg:51, SD:31, Max:144, Min:0
FCollision End Avg:0, SD:0, Max:0, Min:0
FTask1 Avg:0, SD:0, Max:0, Min:0
FTask2 Avg:0, SD:0, Max:0, Min:0
FTask3 Avg:4, SD:2, Max:15, Min:0
FCore Active Avg:7, SD:5, Max:30, Min:0
FRouter Active Avg:82, SD:14, Max:100, Min:22
T1 invocations: 0
T2 invocations: 0
T3 invocations: 886,065
T3b invocations: 0
Total3 invocations: 886,065
Total4 invocations: 0

T3/T2 ratio: inf
T3b/T3 ratio: 0

T1 avg ex cycles: -nan
T2 avg ex cycles: -nan
T3&b avg ex cycles: 2
T4 avg ex cycles: -nan
Avg. hops NOC1: -nan
Avg. latency NOC1 (T2): -nan
Avg. hops NOC2: 72
Avg. latency NOC2 (T3): 832

===PRINTING ACUM STATS at pu_cycles: 120,003

ACollision In Avg:47, SD:8, Max:90, Min:3
ACollision Out Avg:34, SD:12, Max:60, Min:0
ACollision End Avg:0, SD:0, Max:0, Min:0
ATask1 Avg:41, SD:0, Max:45, Min:41
ATask2 Avg:0, SD:0, Max:0, Min:0
ATask3 Avg:15, SD:1, Max:20, Min:12
ACore Active Avg:57, SD:1, Max:66, Min:54
ARouter Active Avg:76, SD:9, Max:93, Min:44
T1 invocations: 4,015,951
T2 invocations: 0
T3 invocations: 19,439,518
T3b invocations: 126,309,103
Total3 invocations: 145,748,621
Total4 invocations: 0

T3/T2 ratio: inf
T3b/T3 ratio: 6

T1 avg ex cycles: 201
T2 avg ex cycles: -nan
T3&b avg ex cycles: 2
T4 avg ex cycles: -nan
Avg. hops NOC1: -nan
Avg. latency NOC1 (T2): -nan
Avg. hops NOC2: 18
Avg. latency NOC2 (T3): 3,353
Number of K Nodes Processed: 145,778
Number of K Edges Processed: 145,778
Node Re-explore factor: 34.76
Edge Re-explore factor: 1.14
Nodes/cy: 1,215
Edges/cy: 1,215
TEPS: 1,069

---Pcache---
Pcache Size: 16,384
Cached: 0
  PHits: 0
  PMisses: 0
  PHit Rate (hit/miss): -nan%
  PEvictions: 0
  PEviction Rate (evict/misses): -nan%

---Energy---
Leakage Energy (nJ): 133,761
PU Dyn E (nJ): 7,320,755
Mem Dyn E (nJ): 23,504,257
Route Dyn E (nJ): 16,091,812
Dynamic Energy (nJ): 46,916,824
Ratio of Dyn/Leak: 351
Total Energy (nJ): 47,050,585
Total Energy (nJ) 3D: 48,474,857
Cores Energy (nJ): 7,326,099
Route Energy (nJ): 16,094,889
Route Energy (nJ) 3D: 17,519,161
Mem Energy   (nJ): 23,629,597
Mem Energy   (nJ) 3D: 23,629,597
Avg. Power (mW): 392,078.40
Power Density (mW/mm2): 113.28

---Runtime---
Runtime in K cycles: 120.00
Microseconds: 120.00
Time per iteration (ms): 0.12

---Throughput---
GOP/s (aka OPS/ns): 9,112.08
GOP/s per core: 0.56
FLOP/s: 1,069.24
FLOP/s per core: 0.07
Max Peak FLOP/s: 16,384.00
Avg. BW GB/s: 38,104.46
Max BW GB/s: 65,536.00

---Traffic---
In-Die bisection_bytes BW (GB/s): 2,048.00
Inter-board traffic (msg/ns): 0.00, per-link: 0.00
Inter-pack traffic (msg/ns): 0.00, per-link: 0.00
Inter-die traffic (msg/ns): 0.00, per-link: 0.00
Ruche traffic (msg/ns): 0.00, per-link: 0.00
All traffic (msg/ns): 44,106.99, per-link: 2.69
Inter-die reduction wrt all: inf
Inter-board reduction wrt inter-die: -nan

---Data Movement---
All traffic (msg): 5,292,970,610
Arith. Intensity FLOP/Loads: 0.18
Arith. Intensity FLOP/Msgs: 0.02
Arith. Intensity OPS/Loads: 1.56
Arith. Intensity OPS/Msgs: 0.21



===Core Utilization Total=== CORE-S:12;; TIME K cy:120 ;; Nodes Proc: 18,195,201 -- Edges Proc: 0
======== IT IS COLD ======= Only 624 Tiles active

===PRINTING FRAME STATS

FCollision In Avg:64, SD:46, Max:226, Min:0
FCollision Out Avg:43, SD:33, Max:141, Min:0
FCollision End Avg:0, SD:0, Max:0, Min:0
FTask1 Avg:0, SD:0, Max:0, Min:0
FTask2 Avg:0, SD:0, Max:0, Min:0
FTask3 Avg:4, SD:2, Max:14, Min:0
FCore Active Avg:7, SD:5, Max:28, Min:0
FRouter Active Avg:80, SD:18, Max:101, Min:20
T1 invocations: 0
T2 invocations: 0
T3 invocations: 900,676
T3b invocations: 0
Total3 invocations: 900,676
Total4 invocations: 0

T3/T2 ratio: inf
T3b/T3 ratio: 0

T1 avg ex cycles: -nan
T2 avg ex cycles: -nan
T3&b avg ex cycles: 2
T4 avg ex cycles: -nan
Avg. hops NOC1: -nan
Avg. latency NOC1 (T2): -nan
Avg. hops NOC2: 70
Avg. latency NOC2 (T3): 728

===PRINTING ACUM STATS at pu_cycles: 130,003

ACollision In Avg:48, SD:10, Max:85, Min:2
ACollision Out Avg:35, SD:13, Max:64, Min:0
ACollision End Avg:0, SD:0, Max:0, Min:0
ATask1 Avg:38, SD:0, Max:41, Min:38
ATask2 Avg:0, SD:0, Max:0, Min:0
ATask3 Avg:14, SD:1, Max:19, Min:11
ACore Active Avg:53, SD:1, Max:59, Min:50
ARouter Active Avg:76, SD:8, Max:93, Min:47
T1 invocations: 4,015,951
T2 invocations: 0
T3 invocations: 22,755,920
T3b invocations: 126,309,103
Total3 invocations: 149,065,023
Total4 invocations: 0

T3/T2 ratio: inf
T3b/T3 ratio: 6

T1 avg ex cycles: 201
T2 avg ex cycles: -nan
T3&b avg ex cycles: 2
T4 avg ex cycles: -nan
Avg. hops NOC1: -nan
Avg. latency NOC1 (T2): -nan
Avg. hops NOC2: 19
Avg. latency NOC2 (T3): 3,295
Number of K Nodes Processed: 149,391
Number of K Edges Processed: 149,391
Node Re-explore factor: 35.62
Edge Re-explore factor: 1.16
Nodes/cy: 1,149
Edges/cy: 1,149
TEPS: 987

---Pcache---
Pcache Size: 16,384
Cached: 0
  PHits: 0
  PMisses: 0
  PHit Rate (hit/miss): -nan%
  PEvictions: 0
  PEviction Rate (evict/misses): -nan%

---Energy---
Leakage Energy (nJ): 144,907
PU Dyn E (nJ): 7,350,976
Mem Dyn E (nJ): 23,919,067
Route Dyn E (nJ): 17,453,687
Dynamic Energy (nJ): 48,723,731
Ratio of Dyn/Leak: 336
Total Energy (nJ): 48,868,638
Total Energy (nJ) 3D: 50,413,448
Cores Energy (nJ): 7,356,765
Route Energy (nJ): 17,457,020
Route Energy (nJ) 3D: 19,001,830
Mem Energy   (nJ): 24,054,853
Mem Energy   (nJ) 3D: 24,054,853
Avg. Power (mW): 375,903.93
Power Density (mW/mm2): 108.60

---Runtime---
Runtime in K cycles: 130.00
Microseconds: 130.00
Time per iteration (ms): 0.13

---Throughput---
GOP/s (aka OPS/ns): 8,462.19
GOP/s per core: 0.52
FLOP/s: 986.99
FLOP/s per core: 0.06
Max Peak FLOP/s: 16,384.00
Avg. BW GB/s: 35,785.66
Max BW GB/s: 65,536.00

---Traffic---
In-Die bisection_bytes BW (GB/s): 2,048.00
Inter-board traffic (msg/ns): 0.00, per-link: 0.00
Inter-pack traffic (msg/ns): 0.00, per-link: 0.00
Inter-die traffic (msg/ns): 0.00, per-link: 0.00
Ruche traffic (msg/ns): 0.00, per-link: 0.00
All traffic (msg/ns): 44,021.18, per-link: 2.69
Inter-die reduction wrt all: inf
Inter-board reduction wrt inter-die: -nan

---Data Movement---
All traffic (msg): 5,722,885,836
Arith. Intensity FLOP/Loads: 0.18
Arith. Intensity FLOP/Msgs: 0.02
Arith. Intensity OPS/Loads: 1.55
Arith. Intensity OPS/Msgs: 0.19



===Core Utilization Total=== CORE-S:13;; TIME K cy:130 ;; Nodes Proc: 18,648,172 -- Edges Proc: 0
======== IT IS COLD ======= Only 194 Tiles active

===PRINTING FRAME STATS

FCollision In Avg:50, SD:48, Max:226, Min:0
FCollision Out Avg:33, SD:30, Max:141, Min:0
FCollision End Avg:0, SD:0, Max:0, Min:0
FTask1 Avg:0, SD:0, Max:0, Min:0
FTask2 Avg:0, SD:0, Max:0, Min:0
FTask3 Avg:4, SD:2, Max:14, Min:0
FCore Active Avg:6, SD:5, Max:28, Min:0
FRouter Active Avg:74, SD:23, Max:101, Min:18
T1 invocations: 0
T2 invocations: 0
T3 invocations: 857,638
T3b invocations: 0
Total3 invocations: 857,638
Total4 invocations: 0

T3/T2 ratio: inf
T3b/T3 ratio: 0

T1 avg ex cycles: -nan
T2 avg ex cycles: -nan
T3&b avg ex cycles: 2
T4 avg ex cycles: -nan
Avg. hops NOC1: -nan
Avg. latency NOC1 (T2): -nan
Avg. hops NOC2: 66
Avg. latency NOC2 (T3): 651

===PRINTING ACUM STATS at pu_cycles: 140,003

ACollision In Avg:48, SD:11, Max:81, Min:2
ACollision Out Avg:35, SD:14, Max:64, Min:0
ACollision End Avg:0, SD:0, Max:0, Min:0
ATask1 Avg:36, SD:1, Max:38, Min:35
ATask2 Avg:0, SD:0, Max:0, Min:0
ATask3 Avg:13, SD:1, Max:19, Min:11
ACore Active Avg:50, SD:2, Max:57, Min:47
ARouter Active Avg:76, SD:7, Max:91, Min:47
T1 invocations: 4,015,951
T2 invocations: 0
T3 invocations: 26,104,486
T3b invocations: 126,309,103
Total3 invocations: 152,413,589
Total4 invocations: 0

T3/T2 ratio: inf
T3b/T3 ratio: 5

T1 avg ex cycles: 201
T2 avg ex cycles: -nan
T3&b avg ex cycles: 2
T4 avg ex cycles: -nan
Avg. hops NOC1: -nan
Avg. latency NOC1 (T2): -nan
Avg. hops NOC2: 20
Avg. latency NOC2 (T3): 3,237
Number of K Nodes Processed: 152,752
Number of K Edges Processed: 152,752
Node Re-explore factor: 36.42
Edge Re-explore factor: 1.19
Nodes/cy: 1,091
Edges/cy: 1,091
TEPS: 916

---Pcache---
Pcache Size: 16,384
Cached: 0
  PHits: 0
  PMisses: 0
  PHit Rate (hit/miss): -nan%
  PEvictions: 0
  PEviction Rate (evict/misses): -nan%

---Energy---
Leakage Energy (nJ): 156,053
PU Dyn E (nJ): 7,381,490
Mem Dyn E (nJ): 24,337,901
Route Dyn E (nJ): 18,839,778
Dynamic Energy (nJ): 50,559,170
Ratio of Dyn/Leak: 324
Total Energy (nJ): 50,715,223
Total Energy (nJ) 3D: 52,382,714
Cores Energy (nJ): 7,387,725
Route Energy (nJ): 18,843,368
Route Energy (nJ) 3D: 20,510,859
Mem Energy   (nJ): 24,484,131
Mem Energy   (nJ) 3D: 24,484,131
Avg. Power (mW): 362,243.83
Power Density (mW/mm2): 104.66

---Runtime---
Runtime in K cycles: 140.00
Microseconds: 140.00
Time per iteration (ms): 0.14

---Throughput---
GOP/s (aka OPS/ns): 7,905.60
GOP/s per core: 0.48
FLOP/s: 916.49
FLOP/s per core: 0.06
Max Peak FLOP/s: 16,384.00
Avg. BW GB/s: 33,803.63
Max BW GB/s: 65,536.00

---Traffic---
In-Die bisection_bytes BW (GB/s): 2,048.00
Inter-board traffic (msg/ns): 0.00, per-link: 0.00
Inter-pack traffic (msg/ns): 0.00, per-link: 0.00
Inter-die traffic (msg/ns): 0.00, per-link: 0.00
Ruche traffic (msg/ns): 0.00, per-link: 0.00
All traffic (msg/ns): 44,001.86, per-link: 2.69
Inter-die reduction wrt all: inf
Inter-board reduction wrt inter-die: -nan

---Data Movement---
All traffic (msg): 6,160,391,974
Arith. Intensity FLOP/Loads: 0.18
Arith. Intensity FLOP/Msgs: 0.02
Arith. Intensity OPS/Loads: 1.53
Arith. Intensity OPS/Msgs: 0.18



===Core Utilization Total=== CORE-S:14;; TIME K cy:140 ;; Nodes Proc: 19,070,425 -- Edges Proc: 0
======== IT IS COLD ======= Only 78 Tiles active

===PRINTING FRAME STATS

FCollision In Avg:33, SD:44, Max:259, Min:0
FCollision Out Avg:24, SD:31, Max:142, Min:0
FCollision End Avg:0, SD:0, Max:0, Min:0
FTask1 Avg:0, SD:0, Max:0, Min:0
FTask2 Avg:0, SD:0, Max:0, Min:0
FTask3 Avg:3, SD:2, Max:12, Min:0
FCore Active Avg:5, SD:4, Max:24, Min:0
FRouter Active Avg:64, SD:28, Max:101, Min:9
T1 invocations: 0
T2 invocations: 0
T3 invocations: 686,162
T3b invocations: 0
Total3 invocations: 686,162
Total4 invocations: 0

T3/T2 ratio: inf
T3b/T3 ratio: 0

T1 avg ex cycles: -nan
T2 avg ex cycles: -nan
T3&b avg ex cycles: 2
T4 avg ex cycles: -nan
Avg. hops NOC1: -nan
Avg. latency NOC1 (T2): -nan
Avg. hops NOC2: 67
Avg. latency NOC2 (T3): 605

===PRINTING ACUM STATS at pu_cycles: 150,003

ACollision In Avg:47, SD:13, Max:83, Min:2
ACollision Out Avg:34, SD:14, Max:63, Min:0
ACollision End Avg:0, SD:0, Max:0, Min:0
ATask1 Avg:33, SD:0, Max:35, Min:33
ATask2 Avg:0, SD:0, Max:0, Min:0
ATask3 Avg:13, SD:1, Max:17, Min:10
ACore Active Avg:47, SD:1, Max:51, Min:44
ARouter Active Avg:75, SD:6, Max:88, Min:51
T1 invocations: 4,015,951
T2 invocations: 0
T3 invocations: 28,982,801
T3b invocations: 126,309,103
Total3 invocations: 155,291,904
Total4 invocations: 0

T3/T2 ratio: inf
T3b/T3 ratio: 4

T1 avg ex cycles: 201
T2 avg ex cycles: -nan
T3&b avg ex cycles: 2
T4 avg ex cycles: -nan
Avg. hops NOC1: -nan
Avg. latency NOC1 (T2): -nan
Avg. hops NOC2: 21
Avg. latency NOC2 (T3): 3,188
Number of K Nodes Processed: 155,492
Number of K Edges Processed: 155,492
Node Re-explore factor: 37.07
Edge Re-explore factor: 1.21
Nodes/cy: 1,037
Edges/cy: 1,037
TEPS: 855

---Pcache---
Pcache Size: 16,384
Cached: 0
  PHits: 0
  PMisses: 0
  PHit Rate (hit/miss): -nan%
  PEvictions: 0
  PEviction Rate (evict/misses): -nan%

---Energy---
Leakage Energy (nJ): 167,200
PU Dyn E (nJ): 7,407,719
Mem Dyn E (nJ): 24,697,916
Route Dyn E (nJ): 20,038,171
Dynamic Energy (nJ): 52,143,807
Ratio of Dyn/Leak: 312
Total Energy (nJ): 52,311,007
Total Energy (nJ) 3D: 54,084,567
Cores Energy (nJ): 7,414,399
Route Energy (nJ): 20,042,017
Route Energy (nJ) 3D: 21,815,577
Mem Energy   (nJ): 24,854,591
Mem Energy   (nJ) 3D: 24,854,591
Avg. Power (mW): 348,733.07
Power Density (mW/mm2): 100.75

---Runtime---
Runtime in K cycles: 150.00
Microseconds: 150.00
Time per iteration (ms): 0.15

---Throughput---
GOP/s (aka OPS/ns): 7,416.94
GOP/s per core: 0.45
FLOP/s: 855.39
FLOP/s per core: 0.05
Max Peak FLOP/s: 16,384.00
Avg. BW GB/s: 32,010.62
Max BW GB/s: 65,536.00

---Traffic---
In-Die bisection_bytes BW (GB/s): 2,048.00
Inter-board traffic (msg/ns): 0.00, per-link: 0.00
Inter-pack traffic (msg/ns): 0.00, per-link: 0.00
Inter-die traffic (msg/ns): 0.00, per-link: 0.00
Ruche traffic (msg/ns): 0.00, per-link: 0.00
All traffic (msg/ns): 43,589.92, per-link: 2.66
Inter-die reduction wrt all: inf
Inter-board reduction wrt inter-die: -nan

---Data Movement---
All traffic (msg): 6,538,619,392
Arith. Intensity FLOP/Loads: 0.18
Arith. Intensity FLOP/Msgs: 0.02
Arith. Intensity OPS/Loads: 1.52
Arith. Intensity OPS/Msgs: 0.17



===Core Utilization Total=== CORE-S:15;; TIME K cy:150 ;; Nodes Proc: 19,417,198 -- Edges Proc: 0
======== IT IS COLD ======= Only 61 Tiles active

===PRINTING FRAME STATS

FCollision In Avg:19, SD:37, Max:259, Min:0
FCollision Out Avg:14, SD:25, Max:118, Min:0
FCollision End Avg:0, SD:0, Max:0, Min:0
FTask1 Avg:0, SD:0, Max:0, Min:0
FTask2 Avg:0, SD:0, Max:0, Min:0
FTask3 Avg:3, SD:2, Max:12, Min:0
FCore Active Avg:4, SD:4, Max:23, Min:0
FRouter Active Avg:48, SD:32, Max:101, Min:3
T1 invocations: 0
T2 invocations: 0
T3 invocations: 520,275
T3b invocations: 0
Total3 invocations: 520,275
Total4 invocations: 0

T3/T2 ratio: inf
T3b/T3 ratio: 0

T1 avg ex cycles: -nan
T2 avg ex cycles: -nan
T3&b avg ex cycles: 2
T4 avg ex cycles: -nan
Avg. hops NOC1: -nan
Avg. latency NOC1 (T2): -nan
Avg. hops NOC2: 61
Avg. latency NOC2 (T3): 557

===PRINTING ACUM STATS at pu_cycles: 160,003

ACollision In Avg:45, SD:13, Max:84, Min:2
ACollision Out Avg:33, SD:14, Max:63, Min:0
ACollision End Avg:0, SD:0, Max:0, Min:0
ATask1 Avg:31, SD:0, Max:33, Min:31
ATask2 Avg:0, SD:0, Max:0, Min:0
ATask3 Avg:12, SD:1, Max:16, Min:10
ACore Active Avg:44, SD:1, Max:48, Min:42
ARouter Active Avg:74, SD:6, Max:86, Min:48
T1 invocations: 4,015,951
T2 invocations: 0
T3 invocations: 30,823,426
T3b invocations: 126,309,103
Total3 invocations: 157,132,529
Total4 invocations: 0

T3/T2 ratio: inf
T3b/T3 ratio: 4

T1 avg ex cycles: 201
T2 avg ex cycles: -nan
T3&b avg ex cycles: 2
T4 avg ex cycles: -nan
Avg. hops NOC1: -nan
Avg. latency NOC1 (T2): -nan
Avg. hops NOC2: 21
Avg. latency NOC2 (T3): 3,157
Number of K Nodes Processed: 157,526
Number of K Edges Processed: 157,526
Node Re-explore factor: 37.56
Edge Re-explore factor: 1.23
Nodes/cy: 985
Edges/cy: 985
TEPS: 802

---Pcache---
Pcache Size: 16,384
Cached: 0
  PHits: 0
  PMisses: 0
  PHit Rate (hit/miss): -nan%
  PEvictions: 0
  PEviction Rate (evict/misses): -nan%

---Energy---
Leakage Energy (nJ): 178,346
PU Dyn E (nJ): 7,424,492
Mem Dyn E (nJ): 24,928,138
Route Dyn E (nJ): 20,703,265
Dynamic Energy (nJ): 53,055,897
Ratio of Dyn/Leak: 297
Total Energy (nJ): 53,234,243
Total Energy (nJ) 3D: 55,066,670
Cores Energy (nJ): 7,431,617
Route Energy (nJ): 20,707,368
Route Energy (nJ) 3D: 22,539,795
Mem Energy   (nJ): 25,095,258
Mem Energy   (nJ) 3D: 25,095,258
Avg. Power (mW): 332,707.78
Power Density (mW/mm2): 96.12

---Runtime---
Runtime in K cycles: 160.00
Microseconds: 160.00
Time per iteration (ms): 0.16

---Throughput---
GOP/s (aka OPS/ns): 6,976.40
GOP/s per core: 0.43
FLOP/s: 801.93
FLOP/s per core: 0.05
Max Peak FLOP/s: 16,384.00
Avg. BW GB/s: 30,286.08
Max BW GB/s: 65,536.00

---Traffic---
In-Die bisection_bytes BW (GB/s): 2,048.00
Inter-board traffic (msg/ns): 0.00, per-link: 0.00
Inter-pack traffic (msg/ns): 0.00, per-link: 0.00
Inter-die traffic (msg/ns): 0.00, per-link: 0.00
Ruche traffic (msg/ns): 0.00, per-link: 0.00
All traffic (msg/ns): 42,180.57, per-link: 2.57
Inter-die reduction wrt all: inf
Inter-board reduction wrt inter-die: -nan

---Data Movement---
All traffic (msg): 6,749,017,674
Arith. Intensity FLOP/Loads: 0.17
Arith. Intensity FLOP/Msgs: 0.02
Arith. Intensity OPS/Loads: 1.52
Arith. Intensity OPS/Msgs: 0.17



===Core Utilization Total=== CORE-S:16;; TIME K cy:160 ;; Nodes Proc: 19,674,296 -- Edges Proc: 0
======== IT IS COLD ======= Only 50 Tiles active

===PRINTING FRAME STATS

FCollision In Avg:10, SD:28, Max:197, Min:0
FCollision Out Avg:7, SD:18, Max:118, Min:0
FCollision End Avg:0, SD:0, Max:0, Min:0
FTask1 Avg:0, SD:0, Max:0, Min:0
FTask2 Avg:0, SD:0, Max:0, Min:0
FTask3 Avg:2, SD:2, Max:9, Min:0
FCore Active Avg:2, SD:3, Max:22, Min:0
FRouter Active Avg:36, SD:29, Max:100, Min:1
T1 invocations: 0
T2 invocations: 0
T3 invocations: 369,500
T3b invocations: 0
Total3 invocations: 369,500
Total4 invocations: 0

T3/T2 ratio: inf
T3b/T3 ratio: 0

T1 avg ex cycles: -nan
T2 avg ex cycles: -nan
T3&b avg ex cycles: 2
T4 avg ex cycles: -nan
Avg. hops NOC1: -nan
Avg. latency NOC1 (T2): -nan
Avg. hops NOC2: 59
Avg. latency NOC2 (T3): 419

===PRINTING ACUM STATS at pu_cycles: 170,003

ACollision In Avg:43, SD:13, Max:81, Min:2
ACollision Out Avg:31, SD:14, Max:61, Min:0
ACollision End Avg:0, SD:0, Max:0, Min:0
ATask1 Avg:29, SD:0, Max:31, Min:29
ATask2 Avg:0, SD:0, Max:0, Min:0
ATask3 Avg:11, SD:1, Max:16, Min:9
ACore Active Avg:42, SD:1, Max:47, Min:39
ARouter Active Avg:71, SD:6, Max:86, Min:45
T1 invocations: 4,015,951
T2 invocations: 0
T3 invocations: 32,545,225
T3b invocations: 126,309,103
Total3 invocations: 158,854,328
Total4 invocations: 0

T3/T2 ratio: inf
T3b/T3 ratio: 4

T1 avg ex cycles: 201
T2 avg ex cycles: -nan
T3&b avg ex cycles: 2
T4 avg ex cycles: -nan
Avg. hops NOC1: -nan
Avg. latency NOC1 (T2): -nan
Avg. hops NOC2: 22
Avg. latency NOC2 (T3): 3,128
Number of K Nodes Processed: 158,909
Number of K Edges Processed: 158,909
Node Re-explore factor: 37.89
Edge Re-explore factor: 1.24
Nodes/cy: 935
Edges/cy: 935
TEPS: 755

---Pcache---
Pcache Size: 16,384
Cached: 0
  PHits: 0
  PMisses: 0
  PHit Rate (hit/miss): -nan%
  PEvictions: 0
  PEviction Rate (evict/misses): -nan%

---Energy---
Leakage Energy (nJ): 189,493
PU Dyn E (nJ): 7,440,183
Mem Dyn E (nJ): 25,143,498
Route Dyn E (nJ): 21,521,672
Dynamic Energy (nJ): 54,105,353
Ratio of Dyn/Leak: 286
Total Energy (nJ): 54,294,846
Total Energy (nJ) 3D: 56,199,710
Cores Energy (nJ): 7,447,753
Route Energy (nJ): 21,526,030
Route Energy (nJ) 3D: 23,430,894
Mem Energy   (nJ): 25,321,063
Mem Energy   (nJ) 3D: 25,321,063
Avg. Power (mW): 319,375.81
Power Density (mW/mm2): 92.27

---Runtime---
Runtime in K cycles: 170.00
Microseconds: 170.00
Time per iteration (ms): 0.17

---Throughput---
GOP/s (aka OPS/ns): 6,586.29
GOP/s per core: 0.40
FLOP/s: 754.76
FLOP/s per core: 0.05
Max Peak FLOP/s: 16,384.00
Avg. BW GB/s: 28,747.65
Max BW GB/s: 65,536.00

---Traffic---
In-Die bisection_bytes BW (GB/s): 2,048.00
Inter-board traffic (msg/ns): 0.00, per-link: 0.00
Inter-pack traffic (msg/ns): 0.00, per-link: 0.00
Inter-die traffic (msg/ns): 0.00, per-link: 0.00
Ruche traffic (msg/ns): 0.00, per-link: 0.00
All traffic (msg/ns): 41,215.91, per-link: 2.52
Inter-die reduction wrt all: inf
Inter-board reduction wrt inter-die: -nan

---Data Movement---
All traffic (msg): 7,006,828,988
Arith. Intensity FLOP/Loads: 0.17
Arith. Intensity FLOP/Msgs: 0.02
Arith. Intensity OPS/Loads: 1.51
Arith. Intensity OPS/Msgs: 0.16



===Core Utilization Total=== CORE-S:17;; TIME K cy:170 ;; Nodes Proc: 19,849,601 -- Edges Proc: 0
======== IT IS COLD ======= Only 17 Tiles active

===PRINTING FRAME STATS

FCollision In Avg:1, SD:6, Max:65, Min:0
FCollision Out Avg:0, SD:1, Max:11, Min:0
FCollision End Avg:0, SD:0, Max:0, Min:0
FTask1 Avg:0, SD:0, Max:0, Min:0
FTask2 Avg:0, SD:0, Max:0, Min:0
FTask3 Avg:0, SD:0, Max:3, Min:0
FCore Active Avg:0, SD:1, Max:14, Min:0
FRouter Active Avg:10, SD:14, Max:77, Min:0
T1 invocations: 0
T2 invocations: 0
T3 invocations: 65,358
T3b invocations: 0
Total3 invocations: 65,358
Total4 invocations: 0

T3/T2 ratio: inf
T3b/T3 ratio: 0

T1 avg ex cycles: -nan
T2 avg ex cycles: -nan
T3&b avg ex cycles: 2
T4 avg ex cycles: -nan
Avg. hops NOC1: -nan
Avg. latency NOC1 (T2): -nan
Avg. hops NOC2: 73
Avg. latency NOC2 (T3): 265

===PRINTING ACUM STATS at pu_cycles: 180,002

ACollision In Avg:41, SD:13, Max:77, Min:2
ACollision Out Avg:29, SD:13, Max:58, Min:0
ACollision End Avg:0, SD:0, Max:0, Min:0
ATask1 Avg:27, SD:0, Max:29, Min:27
ATask2 Avg:0, SD:0, Max:0, Min:0
ATask3 Avg:11, SD:1, Max:15, Min:9
ACore Active Avg:39, SD:1, Max:43, Min:37
ARouter Active Avg:68, SD:6, Max:82, Min:43
T1 invocations: 4,015,951
T2 invocations: 0
T3 invocations: 32,863,081
T3b invocations: 126,309,103
Total3 invocations: 159,172,184
Total4 invocations: 0

T3/T2 ratio: inf
T3b/T3 ratio: 4

T1 avg ex cycles: 201
T2 avg ex cycles: -nan
T3&b avg ex cycles: 2
T4 avg ex cycles: -nan
Avg. hops NOC1: -nan
Avg. latency NOC1 (T2): -nan
Avg. hops NOC2: 22
Avg. latency NOC2 (T3): 3,122
Number of K Nodes Processed: 159,172
Number of K Edges Processed: 159,172
Node Re-explore factor: 37.95
Edge Re-explore factor: 1.24
Nodes/cy: 884
Edges/cy: 884
TEPS: 713

---Pcache---
Pcache Size: 16,384
Cached: 0
  PHits: 0
  PMisses: 0
  PHit Rate (hit/miss): -nan%
  PEvictions: 0
  PEviction Rate (evict/misses): -nan%

---Energy---
Leakage Energy (nJ): 200,638
PU Dyn E (nJ): 7,443,079
Mem Dyn E (nJ): 25,183,255
Route Dyn E (nJ): 21,689,688
Dynamic Energy (nJ): 54,316,023
Ratio of Dyn/Leak: 271
Total Energy (nJ): 54,516,661
Total Energy (nJ) 3D: 56,436,395
Cores Energy (nJ): 7,451,095
Route Energy (nJ): 21,694,303
Route Energy (nJ) 3D: 23,614,037
Mem Energy   (nJ): 25,371,264
Mem Energy   (nJ) 3D: 25,371,264
Avg. Power (mW): 302,866.97
Power Density (mW/mm2): 87.50

---Runtime---
Runtime in K cycles: 180.00
Microseconds: 180.00
Time per iteration (ms): 0.18

---Throughput---
GOP/s (aka OPS/ns): 6,223.96
GOP/s per core: 0.38
FLOP/s: 712.83
FLOP/s per core: 0.04
Max Peak FLOP/s: 16,384.00
Avg. BW GB/s: 27,193.12
Max BW GB/s: 65,536.00

---Traffic---
In-Die bisection_bytes BW (GB/s): 2,048.00
Inter-board traffic (msg/ns): 0.00, per-link: 0.00
Inter-pack traffic (msg/ns): 0.00, per-link: 0.00
Inter-die traffic (msg/ns): 0.00, per-link: 0.00
Ruche traffic (msg/ns): 0.00, per-link: 0.00
All traffic (msg/ns): 39,220.04, per-link: 2.39
Inter-die reduction wrt all: inf
Inter-board reduction wrt inter-die: -nan

---Data Movement---
All traffic (msg): 7,059,685,504
Arith. Intensity FLOP/Loads: 0.17
Arith. Intensity FLOP/Msgs: 0.02
Arith. Intensity OPS/Loads: 1.51
Arith. Intensity OPS/Msgs: 0.16



===Core Utilization Total=== CORE-S:18;; TIME K cy:180 ;; Nodes Proc: 19,883,114 -- Edges Proc: 0
======== IT IS COLD ======= Only 1 Tiles active
Epoch Done Router: 4
##EPOCH## 1 COMPLETED at Time (K cy): 180
Nodes processed until now: 159,172,882
Edges processed until now: 0
Epoch Done Router: 5
Epoch Done Router: 2
Epoch Done Router: 0
Epoch Done Router: 1
Epoch Done Router: 6
Epoch Done Router: 3
Epoch Done Router: 7
Program Done Router Thread: 5
Program Done Worker Thread: 2
Program Done Router Thread: 0
Program Done Worker Thread: 4
Program Done Worker Thread: 0
Program Done Worker Thread: 7
Program Done Router Thread: 6
Program Done Worker Thread: 6
Program Done Router Thread: 3
Program Done Worker Thread: 1
Program Done Router Thread: 4
Program Done Worker Thread: 3
Program Done Router Thread: 1
Program Done Worker Thread: 5
Program Done Router Thread: 7
Program Done Router Thread: 2

===PRINTING ACUM STATS at pu_cycles: 180,749

ACollision In Avg:40, SD:13, Max:77, Min:2
ACollision Out Avg:29, SD:13, Max:58, Min:0
ACollision End Avg:0, SD:0, Max:0, Min:0
ATask1 Avg:27, SD:0, Max:27, Min:27
ATask2 Avg:0, SD:0, Max:0, Min:0
ATask3 Avg:11, SD:1, Max:15, Min:9
ACore Active Avg:39, SD:1, Max:43, Min:37
ARouter Active Avg:68, SD:6, Max:82, Min:43
T1 invocations: 4,015,951
T2 invocations: 0
T3 invocations: 32,863,779
T3b invocations: 126,309,103
Total3 invocations: 159,172,882
Total4 invocations: 0

T3/T2 ratio: inf
T3b/T3 ratio: 4

T1 avg ex cycles: 201
T2 avg ex cycles: -nan
T3&b avg ex cycles: 2
T4 avg ex cycles: -nan
Avg. hops NOC1: -nan
Avg. latency NOC1 (T2): -nan
Avg. hops NOC2: 22
Avg. latency NOC2 (T3): 3,122

Runtime at program end in K cycles: 180
Runtime before cooldown in K cycles: 110


Number of K Nodes Processed: 159,172
Number of K Edges Processed: 159,172
Node Re-explore factor: 37.95
Edge Re-explore factor: 1.24
Nodes/cy: 881
Edges/cy: 881
TEPS: 710

---Pcache---
Pcache Size: 16,384
Cached: 0
  PHits: 0
  PMisses: 0
  PHit Rate (hit/miss): -nan%
  PEvictions: 0
  PEviction Rate (evict/misses): -nan%

---Energy---
Leakage Energy (nJ): 201,471
PU Dyn E (nJ): 7,443,085
Mem Dyn E (nJ): 25,183,343
Route Dyn E (nJ): 21,689,921
Dynamic Energy (nJ): 54,316,349
Ratio of Dyn/Leak: 270
Total Energy (nJ): 54,517,820
Total Energy (nJ) 3D: 56,437,576
Cores Energy (nJ): 7,451,134
Route Energy (nJ): 21,694,555
Route Energy (nJ) 3D: 23,614,310
Mem Energy   (nJ): 25,372,131
Mem Energy   (nJ) 3D: 25,372,131
Avg. Power (mW): 301,621.69
Power Density (mW/mm2): 87.14

---Runtime---
Runtime in K cycles: 180.75
Microseconds: 180.75
Time per iteration (ms): 0.18

---Inst---
K Loads: 742,173
K Stores: 481,534
K Instructions: 1,120,325

---Throughput---
GOP/s (aka OPS/ns): 6,198.24
GOP/s per core: 0.38
FLOP/s: 709.89
FLOP/s per core: 0.04
Max Peak FLOP/s: 16,384.00
Avg. BW GB/s: 27,080.83
Max BW GB/s: 65,536.00

---Traffic---
In-Die bisection_bytes BW (GB/s): 2,048.00
Inter-board traffic (msg/ns): 0.00, per-link: 0.00
Inter-pack traffic (msg/ns): 0.00, per-link: 0.00
Inter-die traffic (msg/ns): 0.00, per-link: 0.00
Ruche traffic (msg/ns): 0.00, per-link: 0.00
All traffic (msg/ns): 39,058.36, per-link: 2.38
Inter-die reduction wrt all: inf
Inter-board reduction wrt inter-die: -nan

---Data Movement---
All traffic (msg): 7,059,759,394
Arith. Intensity FLOP/Loads: 0.17
Arith. Intensity FLOP/Msgs: 0.02
Arith. Intensity OPS/Loads: 1.51
Arith. Intensity OPS/Msgs: 0.16

Simulation time: 983.40
Sim noc_cy/s: 183.80
Sim Msg/s: 7,178,896.94

Version 31

