Dataset:  wikipedia/
Dry run: 0
Open Edge Count File succesfully
Edges Traversed BFS: 95554407
Found Vertices: 4206336, Edges: 101311613
avg degree 25
Array  wikipedia/node_array.bin found
Malloc array of size 16825348 bytes
Readin array of size 16825160 bytes
Finished Reading Array Bytes
No reordering Array 32bit
Array  wikipedia/edge_array.bin found
Malloc array of size 405246452 bytes
Readin array of size 405246452 bytes
Finished Reading Array Bytes
No reordering Array 32bit
Array  wikipedia/edge_values.bin found
Malloc array of size 405246452 bytes
Readin array of size 405246452 bytes
Finished Reading Array Bytes
No reordering Array 32bit
Reading graph elapsed time: 0.201373s

Dataset Footprint: 821 MiB
Dataset Footprint per Board: 6887.83 Mb
Dataset injection time (ms): 0.4204
Max Dataset Footprint: 821 MiB

Dataset footprint per tile: 3284 KiB
Proxys footprint per tile: 0 KiB
Reserved SRAM per tile: 1159 KiB

Ideal SRAM per tile: 4443 KiB
reserved_words_for_dataset:360072
dataset_words_per_tile:840800
remaining_sram_words:1800362
min_dcache_sram_words_required:363580
dataset_words_per_tile:840800
min_pcache_sram_words_required:0
proxys_words_per_tile:0
Dcache footprint ratio: 1
Dataset Cached: 0
DCache: 840800 words, lines: 52550, sets: 52550
Proxys Cached: 0
Pcache: 0 words, sets: 0
Node per tile: 16,431
Edge per tile: 395,749
GRID_X: 16
GRID_SIZE: 256
smt_per_tile: 16
noc_freq: 2
pu_freq: 1
RUCHE_X: 2
PROXY_W: 16
DIE_W: 4
DIE_H: 4
DIES: 16
BORDER_TILES_PER_DIE: 16
PACK_W: 16
PACK_H: 16
DIES_PACK_FACTOR: 4
DIES_PER_PACK: 16
PACKAGES: 1
BOARD_W: 16
BOARD_H: 16
BOARDS: 1
MUX_BUS: 1
DCACHE: 1
PCACHE: 0
PROXY_FACTOR: 1
CACHE_WAYS: 1
TORUS: 1
PHY_NOCS: 1
WIDE_NOC_ID: 0
NOC_CONF: 1
noc_width: 32
hbm_channel_bit_width: 512
ld_st_op_byte_width: 4
PROXY_ROUTING: 0
WRITE_THROUGH: 0
ASSERT_MODE: 0
GLOBAL_BARRIER: 0
OQ flits: 576 ; 98,304 ; 2
IQ flits: 1,152 ; 196,608 ; 2
OQ messages: 192 ; 49,152 ; 1
IQ messages: 384 ; 98,304 ; 1
max_task2 size: 64
io_factor_t2: 2
io_factor_t3: 2
io_factor_t3b: 2

Active SRAM Storage per tile: 4,443 KiB
Total SRAM Storage per tile: 8,192 KiB
Agreggated SRAM Storage: 2,048 MiB

Active DRAM Storage per tile: 0 MiB
Total DRAM Storage per tile: 512 MiB
Agreggated DRAM Storage: 128 GiB

Inter-Die #links: 128
Inter-Die (Gbits): 8,192
Inter-Die (Gbits/mm): 246.342
Bisection BW of Board (Gbits): 8,192
Border IO #Dies: 16
Border IO Die BW (Gbits): 1,024
Off-Board BW Total (Gbits): 16,384
Off-Board BW Density (Gbits/mm): 54
Die side: 8.31 mm
Die border wire density: 246.34 Gbits/mm
HBM wire density: 492.68 Gbits/mm

Tiles per Die: 16 (4x4)
Tile Area: 3.02 mm2, side: 1.74 mm
- Core/Rout Area: 0.72 mm2
- SRAM Area: 2.30 mm2
- SRAM/Logic Ratio: 3.19x

Dies per Package: 16 (4x4)
Die Area: 69.12 mm2, side: 8.31 mm
- Tiles Area: 48.24 mm2
- PHY Area: 11.87 mm2
- MC Area: 9.00 mm2

Packages per Board: 1 (1x1)
Package Area: 5,745.87 mm2, side: 75.80 mm
- IOdie Area: 2,880.00 mm2
- Dies Area: 1,105.87 mm2
- HBM Area: 1,760.00 mm2

Boards: 1 (1x1)
Board Area: 5,745.87 mm2
Total Area: 5,745.87 mm2



ESTIMATED COST OF SILICON AND PACKAGING. ONLY VARIABLE, NO FIXED COSTS
Good dies per wafer 3d: 483
Good dies per wafer 2d: 808
--Dies 3D Cost: 200.31 $
--Dies 2.5D Cost: 119.74 $
--Dies 2D Cost: 119.74 $
--HBM Cost: 960.00 $
--IOdie Cost: 417.03 $
--Packaging Cost 3d: 98.59 $
--Packaging Cost 2.5d: 122.43 $
--Packaging Cost 2d: 80.52 $
SiP Cost 3d: 1,675.94 $
SiP Cost 2.5d: 1,619.20 $
SiP Cost 2d: 617.29 $
--Board Cost: 5.75 $
Total SiPs Cost 3d: 1,681.68 $
Total SiPs Cost 2.5d: 1,624.95 $
Total SiPs Cost 2d: 623.04 $

Perf counters initialized
Mesh connected
Cache structures initialized
proxys initialized
Dataset structures initialized


Starting Simulation
INIT epoch: 1
INIT epoch: 1
INIT epoch: 1
INIT epoch: 1
INIT epoch: 1
INIT epoch: 1
INIT epoch: 1
INIT epoch: 1

===PRINTING FRAME STATS

FCollision In Avg:-nan, SD:-nan, Max:769, Min:18
FCollision Out Avg:-nan, SD:-nan, Max:430, Min:0
FCollision End Avg:-nan, SD:-nan, Max:94, Min:0
FTask1 Avg:-nan, SD:-nan, Max:465, Min:13
FTask2 Avg:-nan, SD:-nan, Max:1,460, Min:0
FTask3 Avg:-nan, SD:-nan, Max:772, Min:12
FCore Active Avg:-nan, SD:-nan, Max:100, Min:2
FRouter Active Avg:-nan, SD:-nan, Max:100, Min:7
T1 invocations: 228,435
T2 invocations: 542,847
T3 invocations: 6,603,463
T3b invocations: 0
Total3 invocations: 6,603,463
Total4 invocations: 0

T3/T2 ratio: 12
T3b/T3 ratio: 0

T1 avg ex cycles: 105
T2 avg ex cycles: 125
T3&b avg ex cycles: 4
T4 avg ex cycles: -nan
Avg. hops NOC1: 4
Avg. latency NOC1 (T2): 4,559
Avg. hops NOC2: 4
Avg. latency NOC2 (T3): 16,870

===PRINTING ACUM STATS at pu_cycles: 105,377

ACollision In Avg:-nan, SD:-nan, Max:769, Min:16
ACollision Out Avg:-nan, SD:-nan, Max:430, Min:0
ACollision End Avg:-nan, SD:-nan, Max:94, Min:0
ATask1 Avg:-nan, SD:-nan, Max:465, Min:13
ATask2 Avg:-nan, SD:-nan, Max:1,460, Min:0
ATask3 Avg:-nan, SD:-nan, Max:772, Min:12
ACore Active Avg:-nan, SD:-nan, Max:100, Min:2
ARouter Active Avg:-nan, SD:-nan, Max:100, Min:7
T1 invocations: 232,457
T2 invocations: 585,196
T3 invocations: 6,767,821
T3b invocations: 0
Total3 invocations: 6,767,821
Total4 invocations: 0

T3/T2 ratio: 12
T3b/T3 ratio: 0

T1 avg ex cycles: 105
T2 avg ex cycles: 126
T3&b avg ex cycles: 4
T4 avg ex cycles: -nan
Avg. hops NOC1: 4
Avg. latency NOC1 (T2): 4,592
Avg. hops NOC2: 4
Avg. latency NOC2 (T3): 17,387
Number of K Nodes Processed: 7,247
Number of K Edges Processed: 13,409
Node Re-explore factor: 1.72
Edge Re-explore factor: 0.13
Nodes/cy: 69
Edges/cy: 127
TEPS: 907

---DCache---
DCache Size: 840,800
DRAM words: 0
  DHits: 0
  DMisses: 0

---Energy---
Leakage Energy (nJ): 107,663
PU Dyn E (nJ): 607,637
Mem Dyn E (nJ): 7,860,199
Route Dyn E (nJ): 906,468
Dynamic Energy (nJ): 9,374,304
Ratio of Dyn/Leak: 87
Total Energy (nJ): 9,481,967
Total Energy (nJ) 3D: 9,868,108
Cores Energy (nJ): 608,811
Route Energy (nJ): 938,048
Route Energy (nJ) 3D: 1,324,188
Mem Energy   (nJ): 7,935,109
Mem Energy   (nJ) 3D: 7,935,109
Avg. Power (mW): 89,981.37
Power Density (mW/mm2): 15.66

---Runtime---
Runtime in K cycles: 105.38
Microseconds: 105.38
Time per iteration (ms): 0.11

---Throughput---
GOP/s (aka OPS/ns): 573.40
GOP/s per core: 2.24
FLOP/s: 173.04
FLOP/s per core: 0.68
Max Peak FLOP/s: 4,096.00
Avg. BW GB/s: 3,614.12
Max BW GB/s: 16,384.00

---Traffic---
In-Die bisection_bytes BW (GB/s): 256.00
Inter-board traffic (msg/ns): 0.00, per-link: 0.00
Inter-pack traffic (msg/ns): 0.00, per-link: 0.00
Inter-die traffic (msg/ns): 36.42, per-link: 0.14
Ruche traffic (msg/ns): 159.98, per-link: 0.62
All traffic (msg/ns): 614.75, per-link: 2.40
Inter-die reduction wrt all: 16.88
Inter-board reduction wrt inter-die: inf

---Data Movement---
All traffic (msg): 64,780,669
Arith. Intensity FLOP/Loads: 0.38
Arith. Intensity FLOP/Msgs: 0.28
Arith. Intensity OPS/Loads: 1.27
Arith. Intensity OPS/Msgs: 0.93



===Core Utilization Total=== CORE-S:1;; TIME K cy:100 ;; Nodes Proc: 688,257 -- Edges Proc: 1,477,236

===PRINTING FRAME STATS

FCollision In Avg:200, SD:107, Max:684, Min:16
FCollision Out Avg:165, SD:96, Max:467, Min:1
FCollision End Avg:33, SD:42, Max:100, Min:0
FTask1 Avg:47, SD:85, Max:502, Min:0
FTask2 Avg:171, SD:285, Max:1,412, Min:0
FTask3 Avg:119, SD:128, Max:828, Min:12
FCore Active Avg:21, SD:23, Max:100, Min:1
FRouter Active Avg:47, SD:25, Max:100, Min:7
T1 invocations: 128,535
T2 invocations: 333,415
T3 invocations: 7,630,553
T3b invocations: 0
Total3 invocations: 7,630,553
Total4 invocations: 0

T3/T2 ratio: 23
T3b/T3 ratio: 0

T1 avg ex cycles: 94
T2 avg ex cycles: 131
T3&b avg ex cycles: 4
T4 avg ex cycles: -nan
Avg. hops NOC1: 3
Avg. latency NOC1 (T2): 17,695
Avg. hops NOC2: 4
Avg. latency NOC2 (T3): 41,413

===PRINTING ACUM STATS at pu_cycles: 204,675

ACollision In Avg:196, SD:110, Max:726, Min:17
ACollision Out Avg:161, SD:90, Max:448, Min:2
ACollision End Avg:30, SD:36, Max:96, Min:0
ATask1 Avg:77, SD:81, Max:336, Min:7
ATask2 Avg:253, SD:282, Max:1,249, Min:0
ATask3 Avg:116, SD:115, Max:786, Min:12
ACore Active Avg:28, SD:23, Max:99, Min:2
ARouter Active Avg:47, SD:25, Max:100, Min:8
T1 invocations: 382,105
T2 invocations: 997,875
T3 invocations: 14,787,156
T3b invocations: 0
Total3 invocations: 14,787,156
Total4 invocations: 0

T3/T2 ratio: 15
T3b/T3 ratio: 0

T1 avg ex cycles: 103
T2 avg ex cycles: 129
T3&b avg ex cycles: 4
T4 avg ex cycles: -nan
Avg. hops NOC1: 3
Avg. latency NOC1 (T2): 8,920
Avg. hops NOC2: 4
Avg. latency NOC2 (T3): 29,813
Number of K Nodes Processed: 14,857
Number of K Edges Processed: 20,375
Node Re-explore factor: 3.53
Edge Re-explore factor: 0.20
Nodes/cy: 73
Edges/cy: 100
TEPS: 467

---DCache---
DCache Size: 840,800
DRAM words: 0
  DHits: 0
  DMisses: 0

---Energy---
Leakage Energy (nJ): 209,115
PU Dyn E (nJ): 1,129,787
Mem Dyn E (nJ): 15,138,896
Route Dyn E (nJ): 1,985,510
Dynamic Energy (nJ): 18,254,193
Ratio of Dyn/Leak: 87
Total Energy (nJ): 18,463,308
Total Energy (nJ) 3D: 19,365,683
Cores Energy (nJ): 1,132,066
Route Energy (nJ): 2,046,848
Route Energy (nJ) 3D: 2,949,222
Mem Energy   (nJ): 15,284,395
Mem Energy   (nJ) 3D: 15,284,395
Avg. Power (mW): 90,207.93
Power Density (mW/mm2): 15.70

---Runtime---
Runtime in K cycles: 204.68
Microseconds: 204.68
Time per iteration (ms): 0.20

---Throughput---
GOP/s (aka OPS/ns): 530.32
GOP/s per core: 2.07
FLOP/s: 170.29
FLOP/s per core: 0.67
Max Peak FLOP/s: 4,096.00
Avg. BW GB/s: 3,583.83
Max BW GB/s: 16,384.00

---Traffic---
In-Die bisection_bytes BW (GB/s): 256.00
Inter-board traffic (msg/ns): 0.00, per-link: 0.00
Inter-pack traffic (msg/ns): 0.00, per-link: 0.00
Inter-die traffic (msg/ns): 39.31, per-link: 0.15
Ruche traffic (msg/ns): 160.70, per-link: 0.63
All traffic (msg/ns): 687.88, per-link: 2.69
Inter-die reduction wrt all: 17.50
Inter-board reduction wrt inter-die: inf

---Data Movement---
All traffic (msg): 140,791,937
Arith. Intensity FLOP/Loads: 0.38
Arith. Intensity FLOP/Msgs: 0.25
Arith. Intensity OPS/Loads: 1.19
Arith. Intensity OPS/Msgs: 0.77



===Core Utilization Total=== CORE-S:2;; TIME K cy:200 ;; Nodes Proc: 1,398,196 -- Edges Proc: 2,048,545

===PRINTING FRAME STATS

FCollision In Avg:183, SD:97, Max:636, Min:1
FCollision Out Avg:139, SD:95, Max:396, Min:0
FCollision End Avg:28, SD:41, Max:100, Min:0
FTask1 Avg:47, SD:88, Max:456, Min:0
FTask2 Avg:150, SD:267, Max:1,180, Min:0
FTask3 Avg:127, SD:129, Max:800, Min:15
FCore Active Avg:20, SD:22, Max:96, Min:1
FRouter Active Avg:51, SD:23, Max:100, Min:8
T1 invocations: 138,678
T2 invocations: 292,790
T3 invocations: 8,125,781
T3b invocations: 0
Total3 invocations: 8,125,781
Total4 invocations: 0

T3/T2 ratio: 28
T3b/T3 ratio: 0

T1 avg ex cycles: 87
T2 avg ex cycles: 131
T3&b avg ex cycles: 4
T4 avg ex cycles: -nan
Avg. hops NOC1: 4
Avg. latency NOC1 (T2): 21,068
Avg. hops NOC2: 5
Avg. latency NOC2 (T3): 47,550

===PRINTING ACUM STATS at pu_cycles: 303,911

ACollision In Avg:192, SD:103, Max:668, Min:20
ACollision Out Avg:154, SD:89, Max:416, Min:2
ACollision End Avg:29, SD:35, Max:97, Min:0
ATask1 Avg:67, SD:69, Max:228, Min:5
ATask2 Avg:221, SD:227, Max:856, Min:0
ATask3 Avg:120, SD:112, Max:790, Min:13
ACore Active Avg:25, SD:19, Max:81, Min:2
ARouter Active Avg:49, SD:21, Max:100, Min:10
T1 invocations: 514,247
T2 invocations: 1,289,257
T3 invocations: 22,393,365
T3b invocations: 0
Total3 invocations: 22,393,365
Total4 invocations: 0

T3/T2 ratio: 17
T3b/T3 ratio: 0

T1 avg ex cycles: 99
T2 avg ex cycles: 129
T3&b avg ex cycles: 4
T4 avg ex cycles: -nan
Avg. hops NOC1: 4
Avg. latency NOC1 (T2): 11,567
Avg. hops NOC2: 5
Avg. latency NOC2 (T3): 36,317
Number of K Nodes Processed: 22,807
Number of K Edges Processed: 27,166
Node Re-explore factor: 5.42
Edge Re-explore factor: 0.27
Nodes/cy: 75
Edges/cy: 89
TEPS: 314

---DCache---
DCache Size: 840,800
DRAM words: 0
  DHits: 0
  DMisses: 0

---Energy---
Leakage Energy (nJ): 310,504
PU Dyn E (nJ): 1,554,068
Mem Dyn E (nJ): 21,248,056
Route Dyn E (nJ): 3,069,767
Dynamic Energy (nJ): 25,871,891
Ratio of Dyn/Leak: 83
Total Energy (nJ): 26,182,395
Total Energy (nJ) 3D: 27,576,977
Cores Energy (nJ): 1,557,451
Route Energy (nJ): 3,160,844
Route Energy (nJ) 3D: 4,555,426
Mem Energy   (nJ): 21,464,100
Mem Energy   (nJ) 3D: 21,464,100
Avg. Power (mW): 86,151.52
Power Density (mW/mm2): 14.99

---Runtime---
Runtime in K cycles: 303.91
Microseconds: 303.91
Time per iteration (ms): 0.30

---Throughput---
GOP/s (aka OPS/ns): 484.19
GOP/s per core: 1.89
FLOP/s: 159.53
FLOP/s per core: 0.62
Max Peak FLOP/s: 4,096.00
Avg. BW GB/s: 3,387.60
Max BW GB/s: 16,384.00

---Traffic---
In-Die bisection_bytes BW (GB/s): 256.00
Inter-board traffic (msg/ns): 0.00, per-link: 0.00
Inter-pack traffic (msg/ns): 0.00, per-link: 0.00
Inter-die traffic (msg/ns): 46.91, per-link: 0.18
Ruche traffic (msg/ns): 161.49, per-link: 0.63
All traffic (msg/ns): 710.67, per-link: 2.78
Inter-die reduction wrt all: 15.15
Inter-board reduction wrt inter-die: inf

---Data Movement---
All traffic (msg): 215,979,752
Arith. Intensity FLOP/Loads: 0.38
Arith. Intensity FLOP/Msgs: 0.22
Arith. Intensity OPS/Loads: 1.15
Arith. Intensity OPS/Msgs: 0.68



===Core Utilization Total=== CORE-S:3;; TIME K cy:300 ;; Nodes Proc: 2,205,409 -- Edges Proc: 2,531,953

===PRINTING FRAME STATS

FCollision In Avg:171, SD:89, Max:615, Min:2
FCollision Out Avg:125, SD:89, Max:423, Min:0
FCollision End Avg:27, SD:40, Max:100, Min:0
FTask1 Avg:66, SD:83, Max:426, Min:0
FTask2 Avg:230, SD:296, Max:1,141, Min:0
FTask3 Avg:143, SD:130, Max:776, Min:18
FCore Active Avg:27, SD:23, Max:100, Min:1
FRouter Active Avg:60, SD:20, Max:99, Min:20
T1 invocations: 178,371
T2 invocations: 457,845
T3 invocations: 9,133,818
T3b invocations: 0
Total3 invocations: 9,133,818
Total4 invocations: 0

T3/T2 ratio: 20
T3b/T3 ratio: 0

T1 avg ex cycles: 94
T2 avg ex cycles: 129
T3&b avg ex cycles: 4
T4 avg ex cycles: -nan
Avg. hops NOC1: 4
Avg. latency NOC1 (T2): 25,236
Avg. hops NOC2: 5
Avg. latency NOC2 (T3): 46,265

===PRINTING ACUM STATS at pu_cycles: 403,011

ACollision In Avg:186, SD:95, Max:655, Min:16
ACollision Out Avg:147, SD:86, Max:386, Min:4
ACollision End Avg:29, SD:34, Max:98, Min:0
ATask1 Avg:67, SD:56, Max:195, Min:4
ATask2 Avg:228, SD:192, Max:642, Min:0
ATask3 Avg:125, SD:109, Max:787, Min:14
ACore Active Avg:26, SD:17, Max:80, Min:2
ARouter Active Avg:52, SD:18, Max:100, Min:16
T1 invocations: 693,845
T2 invocations: 1,796,464
T3 invocations: 31,640,860
T3b invocations: 0
Total3 invocations: 31,640,860
Total4 invocations: 0

T3/T2 ratio: 18
T3b/T3 ratio: 0

T1 avg ex cycles: 98
T2 avg ex cycles: 129
T3&b avg ex cycles: 4
T4 avg ex cycles: -nan
Avg. hops NOC1: 4
Avg. latency NOC1 (T2): 14,988
Avg. hops NOC2: 5
Avg. latency NOC2 (T3): 39,355
Number of K Nodes Processed: 31,864
Number of K Edges Processed: 36,575
Node Re-explore factor: 7.58
Edge Re-explore factor: 0.36
Nodes/cy: 79
Edges/cy: 91
TEPS: 237

---DCache---
DCache Size: 840,800
DRAM words: 0
  DHits: 0
  DMisses: 0

---Energy---
Leakage Energy (nJ): 411,754
PU Dyn E (nJ): 2,165,298
Mem Dyn E (nJ): 29,752,660
Route Dyn E (nJ): 4,477,312
Dynamic Energy (nJ): 36,395,271
Ratio of Dyn/Leak: 88
Total Energy (nJ): 36,807,025
Total Energy (nJ) 3D: 38,874,017
Cores Energy (nJ): 2,169,785
Route Energy (nJ): 4,598,088
Route Energy (nJ) 3D: 6,665,079
Mem Energy   (nJ): 30,039,153
Mem Energy   (nJ) 3D: 30,039,153
Avg. Power (mW): 91,330.07
Power Density (mW/mm2): 15.89

---Runtime---
Runtime in K cycles: 403.01
Microseconds: 403.01
Time per iteration (ms): 0.40

---Throughput---
GOP/s (aka OPS/ns): 505.02
GOP/s per core: 1.97
FLOP/s: 168.54
FLOP/s per core: 0.66
Max Peak FLOP/s: 4,096.00
Avg. BW GB/s: 3,577.08
Max BW GB/s: 16,384.00

---Traffic---
In-Die bisection_bytes BW (GB/s): 256.00
Inter-board traffic (msg/ns): 0.00, per-link: 0.00
Inter-pack traffic (msg/ns): 0.00, per-link: 0.00
Inter-die traffic (msg/ns): 55.37, per-link: 0.22
Ruche traffic (msg/ns): 167.49, per-link: 0.65
All traffic (msg/ns): 775.70, per-link: 3.03
Inter-die reduction wrt all: 14.01
Inter-board reduction wrt inter-die: inf

---Data Movement---
All traffic (msg): 312,615,178
Arith. Intensity FLOP/Loads: 0.38
Arith. Intensity FLOP/Msgs: 0.22
Arith. Intensity OPS/Loads: 1.13
Arith. Intensity OPS/Msgs: 0.65



===Core Utilization Total=== CORE-S:4;; TIME K cy:400 ;; Nodes Proc: 3,351,993 -- Edges Proc: 3,264,480

===PRINTING FRAME STATS

FCollision In Avg:169, SD:92, Max:592, Min:0
FCollision Out Avg:133, SD:91, Max:432, Min:0
FCollision End Avg:29, SD:41, Max:100, Min:0
FTask1 Avg:53, SD:79, Max:355, Min:0
FTask2 Avg:184, SD:234, Max:1,151, Min:0
FTask3 Avg:121, SD:109, Max:777, Min:12
FCore Active Avg:22, SD:19, Max:81, Min:1
FRouter Active Avg:54, SD:19, Max:99, Min:11
T1 invocations: 145,752
T2 invocations: 365,804
T3 invocations: 7,769,255
T3b invocations: 0
Total3 invocations: 7,769,255
Total4 invocations: 0

T3/T2 ratio: 21
T3b/T3 ratio: 0

T1 avg ex cycles: 93
T2 avg ex cycles: 129
T3&b avg ex cycles: 4
T4 avg ex cycles: -nan
Avg. hops NOC1: 4
Avg. latency NOC1 (T2): 17,212
Avg. hops NOC2: 5
Avg. latency NOC2 (T3): 46,472

===PRINTING ACUM STATS at pu_cycles: 505,362

ACollision In Avg:183, SD:90, Max:642, Min:27
ACollision Out Avg:144, SD:84, Max:395, Min:3
ACollision End Avg:29, SD:32, Max:98, Min:0
ATask1 Avg:64, SD:47, Max:161, Min:3
ATask2 Avg:219, SD:165, Max:521, Min:0
ATask3 Avg:124, SD:104, Max:785, Min:14
ACore Active Avg:25, SD:15, Max:73, Min:3
ARouter Active Avg:52, SD:16, Max:100, Min:17
T1 invocations: 839,147
T2 invocations: 2,159,269
T3 invocations: 39,501,868
T3b invocations: 0
Total3 invocations: 39,501,868
Total4 invocations: 0

T3/T2 ratio: 18
T3b/T3 ratio: 0

T1 avg ex cycles: 97
T2 avg ex cycles: 129
T3&b avg ex cycles: 4
T4 avg ex cycles: -nan
Avg. hops NOC1: 4
Avg. latency NOC1 (T2): 15,308
Avg. hops NOC2: 5
Avg. latency NOC2 (T3): 40,710
Number of K Nodes Processed: 39,654
Number of K Edges Processed: 44,195
Node Re-explore factor: 9.43
Edge Re-explore factor: 0.44
Nodes/cy: 78
Edges/cy: 87
TEPS: 189

---DCache---
DCache Size: 840,800
DRAM words: 0
  DHits: 0
  DMisses: 0

---Energy---
Leakage Energy (nJ): 516,325
PU Dyn E (nJ): 2,641,745
Mem Dyn E (nJ): 36,485,714
Route Dyn E (nJ): 5,671,232
Dynamic Energy (nJ): 44,798,691
Ratio of Dyn/Leak: 87
Total Energy (nJ): 45,315,016
Total Energy (nJ) 3D: 47,945,435
Cores Energy (nJ): 2,647,371
Route Energy (nJ): 5,822,680
Route Energy (nJ) 3D: 8,453,098
Mem Energy   (nJ): 36,844,966
Mem Energy   (nJ) 3D: 36,844,966
Avg. Power (mW): 89,668.43
Power Density (mW/mm2): 15.61

---Runtime---
Runtime in K cycles: 505.36
Microseconds: 505.36
Time per iteration (ms): 0.51

---Throughput---
GOP/s (aka OPS/ns): 489.51
GOP/s per core: 1.91
FLOP/s: 164.45
FLOP/s per core: 0.64
Max Peak FLOP/s: 4,096.00
Avg. BW GB/s: 3,498.16
Max BW GB/s: 16,384.00

---Traffic---
In-Die bisection_bytes BW (GB/s): 256.00
Inter-board traffic (msg/ns): 0.00, per-link: 0.00
Inter-pack traffic (msg/ns): 0.00, per-link: 0.00
Inter-die traffic (msg/ns): 57.57, per-link: 0.22
Ruche traffic (msg/ns): 165.66, per-link: 0.65
All traffic (msg/ns): 780.50, per-link: 3.05
Inter-die reduction wrt all: 13.56
Inter-board reduction wrt inter-die: inf

---Data Movement---
All traffic (msg): 394,437,441
Arith. Intensity FLOP/Loads: 0.38
Arith. Intensity FLOP/Msgs: 0.21
Arith. Intensity OPS/Loads: 1.12
Arith. Intensity OPS/Msgs: 0.63



===Core Utilization Total=== CORE-S:5;; TIME K cy:500 ;; Nodes Proc: 4,209,256 -- Edges Proc: 3,966,844

===PRINTING FRAME STATS

FCollision In Avg:146, SD:92, Max:637, Min:0
FCollision Out Avg:118, SD:94, Max:381, Min:0
FCollision End Avg:25, SD:40, Max:100, Min:0
FTask1 Avg:46, SD:76, Max:370, Min:0
FTask2 Avg:170, SD:262, Max:1,018, Min:0
FTask3 Avg:126, SD:120, Max:796, Min:16
FCore Active Avg:21, SD:20, Max:88, Min:1
FRouter Active Avg:55, SD:20, Max:100, Min:8
T1 invocations: 134,141
T2 invocations: 318,810
T3 invocations: 8,091,319
T3b invocations: 0
Total3 invocations: 8,091,319
Total4 invocations: 0

T3/T2 ratio: 25
T3b/T3 ratio: 0

T1 avg ex cycles: 88
T2 avg ex cycles: 136
T3&b avg ex cycles: 4
T4 avg ex cycles: -nan
Avg. hops NOC1: 5
Avg. latency NOC1 (T2): 20,641
Avg. hops NOC2: 5
Avg. latency NOC2 (T3): 41,866

===PRINTING ACUM STATS at pu_cycles: 604,558

ACollision In Avg:177, SD:88, Max:641, Min:25
ACollision Out Avg:140, SD:83, Max:391, Min:3
ACollision End Avg:28, SD:31, Max:98, Min:0
ATask1 Avg:61, SD:40, Max:130, Min:3
ATask2 Avg:213, SD:145, Max:434, Min:0
ATask3 Avg:125, SD:101, Max:787, Min:15
ACore Active Avg:25, SD:14, Max:72, Min:2
ARouter Active Avg:53, SD:15, Max:100, Min:17
T1 invocations: 975,285
T2 invocations: 2,504,464
T3 invocations: 47,614,175
T3b invocations: 0
Total3 invocations: 47,614,175
Total4 invocations: 0

T3/T2 ratio: 19
T3b/T3 ratio: 0

T1 avg ex cycles: 96
T2 avg ex cycles: 130
T3&b avg ex cycles: 4
T4 avg ex cycles: -nan
Avg. hops NOC1: 4
Avg. latency NOC1 (T2): 15,954
Avg. hops NOC2: 5
Avg. latency NOC2 (T3): 40,880
Number of K Nodes Processed: 47,861
Number of K Edges Processed: 51,611
Node Re-explore factor: 11.38
Edge Re-explore factor: 0.51
Nodes/cy: 79
Edges/cy: 85
TEPS: 158

---DCache---
DCache Size: 840,800
DRAM words: 0
  DHits: 0
  DMisses: 0

---Energy---
Leakage Energy (nJ): 617,673
PU Dyn E (nJ): 3,119,132
Mem Dyn E (nJ): 43,309,515
Route Dyn E (nJ): 6,954,829
Dynamic Energy (nJ): 53,383,476
Ratio of Dyn/Leak: 86
Total Energy (nJ): 54,001,149
Total Energy (nJ) 3D: 57,230,407
Cores Energy (nJ): 3,125,862
Route Energy (nJ): 7,136,004
Route Energy (nJ) 3D: 10,365,262
Mem Energy   (nJ): 43,739,283
Mem Energy   (nJ) 3D: 43,739,283
Avg. Power (mW): 89,323.35
Power Density (mW/mm2): 15.55

---Runtime---
Runtime in K cycles: 604.56
Microseconds: 604.56
Time per iteration (ms): 0.60

---Throughput---
GOP/s (aka OPS/ns): 480.41
GOP/s per core: 1.88
FLOP/s: 162.98
FLOP/s per core: 0.64
Max Peak FLOP/s: 4,096.00
Avg. BW GB/s: 3,471.08
Max BW GB/s: 16,384.00

---Traffic---
In-Die bisection_bytes BW (GB/s): 256.00
Inter-board traffic (msg/ns): 0.00, per-link: 0.00
Inter-pack traffic (msg/ns): 0.00, per-link: 0.00
Inter-die traffic (msg/ns): 58.13, per-link: 0.23
Ruche traffic (msg/ns): 170.25, per-link: 0.67
All traffic (msg/ns): 796.64, per-link: 3.11
Inter-die reduction wrt all: 13.70
Inter-board reduction wrt inter-die: inf

---Data Movement---
All traffic (msg): 481,614,237
Arith. Intensity FLOP/Loads: 0.38
Arith. Intensity FLOP/Msgs: 0.20
Arith. Intensity OPS/Loads: 1.11
Arith. Intensity OPS/Msgs: 0.60



===Core Utilization Total=== CORE-S:6;; TIME K cy:600 ;; Nodes Proc: 5,160,026 -- Edges Proc: 4,563,373

===PRINTING FRAME STATS

FCollision In Avg:131, SD:88, Max:562, Min:0
FCollision Out Avg:101, SD:90, Max:443, Min:0
FCollision End Avg:21, SD:35, Max:100, Min:0
FTask1 Avg:55, SD:86, Max:484, Min:0
FTask2 Avg:186, SD:262, Max:1,288, Min:0
FTask3 Avg:127, SD:123, Max:777, Min:17
FCore Active Avg:23, SD:20, Max:95, Min:1
FRouter Active Avg:57, SD:20, Max:100, Min:9
T1 invocations: 152,809
T2 invocations: 380,909
T3 invocations: 8,111,157
T3b invocations: 0
Total3 invocations: 8,111,157
Total4 invocations: 0

T3/T2 ratio: 21
T3b/T3 ratio: 0

T1 avg ex cycles: 92
T2 avg ex cycles: 125
T3&b avg ex cycles: 4
T4 avg ex cycles: -nan
Avg. hops NOC1: 5
Avg. latency NOC1 (T2): 19,052
Avg. hops NOC2: 5
Avg. latency NOC2 (T3): 39,525

===PRINTING ACUM STATS at pu_cycles: 705,407

ACollision In Avg:170, SD:86, Max:630, Min:22
ACollision Out Avg:134, SD:81, Max:391, Min:2
ACollision End Avg:27, SD:30, Max:99, Min:0
ATask1 Avg:60, SD:34, Max:100, Min:2
ATask2 Avg:211, SD:126, Max:372, Min:0
ATask3 Avg:125, SD:100, Max:785, Min:16
ACore Active Avg:25, SD:12, Max:71, Min:3
ARouter Active Avg:53, SD:15, Max:100, Min:18
T1 invocations: 1,134,699
T2 invocations: 2,922,660
T3 invocations: 55,676,791
T3b invocations: 0
Total3 invocations: 55,676,791
Total4 invocations: 0

T3/T2 ratio: 19
T3b/T3 ratio: 0

T1 avg ex cycles: 95
T2 avg ex cycles: 129
T3&b avg ex cycles: 4
T4 avg ex cycles: -nan
Avg. hops NOC1: 4
Avg. latency NOC1 (T2): 16,336
Avg. hops NOC2: 5
Avg. latency NOC2 (T3): 40,689
Number of K Nodes Processed: 55,949
Number of K Edges Processed: 59,282
Node Re-explore factor: 13.30
Edge Re-explore factor: 0.59
Nodes/cy: 79
Edges/cy: 84
TEPS: 135

---DCache---
DCache Size: 840,800
DRAM words: 0
  DHits: 0
  DMisses: 0

---Energy---
Leakage Energy (nJ): 720,709
PU Dyn E (nJ): 3,628,988
Mem Dyn E (nJ): 50,448,372
Route Dyn E (nJ): 8,281,930
Dynamic Energy (nJ): 62,359,290
Ratio of Dyn/Leak: 87
Total Energy (nJ): 63,079,999
Total Energy (nJ) 3D: 66,935,236
Cores Energy (nJ): 3,636,841
Route Energy (nJ): 8,493,327
Route Energy (nJ) 3D: 12,348,565
Mem Energy   (nJ): 50,949,832
Mem Energy   (nJ) 3D: 50,949,832
Avg. Power (mW): 89,423.55
Power Density (mW/mm2): 15.56

---Runtime---
Runtime in K cycles: 705.41
Microseconds: 705.41
Time per iteration (ms): 0.71

---Throughput---
GOP/s (aka OPS/ns): 478.75
GOP/s per core: 1.87
FLOP/s: 162.59
FLOP/s per core: 0.64
Max Peak FLOP/s: 4,096.00
Avg. BW GB/s: 3,465.19
Max BW GB/s: 16,384.00

---Traffic---
In-Die bisection_bytes BW (GB/s): 256.00
Inter-board traffic (msg/ns): 0.00, per-link: 0.00
Inter-pack traffic (msg/ns): 0.00, per-link: 0.00
Inter-die traffic (msg/ns): 58.70, per-link: 0.23
Ruche traffic (msg/ns): 173.31, per-link: 0.68
All traffic (msg/ns): 809.83, per-link: 3.16
Inter-die reduction wrt all: 13.80
Inter-board reduction wrt inter-die: inf

---Data Movement---
All traffic (msg): 571,258,905
Arith. Intensity FLOP/Loads: 0.38
Arith. Intensity FLOP/Msgs: 0.20
Arith. Intensity OPS/Loads: 1.11
Arith. Intensity OPS/Msgs: 0.59



===Core Utilization Total=== CORE-S:7;; TIME K cy:700 ;; Nodes Proc: 6,030,827 -- Edges Proc: 5,323,965

===PRINTING FRAME STATS

FCollision In Avg:117, SD:87, Max:386, Min:0
FCollision Out Avg:84, SD:78, Max:355, Min:0
FCollision End Avg:19, SD:33, Max:99, Min:0
FTask1 Avg:47, SD:78, Max:366, Min:0
FTask2 Avg:184, SD:271, Max:1,165, Min:0
FTask3 Avg:121, SD:133, Max:733, Min:10
FCore Active Avg:22, SD:21, Max:90, Min:1
FRouter Active Avg:54, SD:23, Max:99, Min:7
T1 invocations: 130,245
T2 invocations: 342,965
T3 invocations: 7,775,658
T3b invocations: 0
Total3 invocations: 7,775,658
Total4 invocations: 0

T3/T2 ratio: 23
T3b/T3 ratio: 0

T1 avg ex cycles: 91
T2 avg ex cycles: 138
T3&b avg ex cycles: 4
T4 avg ex cycles: -nan
Avg. hops NOC1: 4
Avg. latency NOC1 (T2): 15,872
Avg. hops NOC2: 5
Avg. latency NOC2 (T3): 38,159

===PRINTING ACUM STATS at pu_cycles: 801,421

ACollision In Avg:164, SD:83, Max:599, Min:19
ACollision Out Avg:128, SD:78, Max:362, Min:3
ACollision End Avg:26, SD:28, Max:98, Min:0
ATask1 Avg:59, SD:29, Max:91, Min:2
ATask2 Avg:208, SD:109, Max:327, Min:0
ATask3 Avg:125, SD:98, Max:775, Min:18
ACore Active Avg:24, SD:11, Max:68, Min:3
ARouter Active Avg:53, SD:14, Max:100, Min:22
T1 invocations: 1,267,196
T2 invocations: 3,280,675
T3 invocations: 63,715,429
T3b invocations: 0
Total3 invocations: 63,715,429
Total4 invocations: 0

T3/T2 ratio: 19
T3b/T3 ratio: 0

T1 avg ex cycles: 95
T2 avg ex cycles: 130
T3&b avg ex cycles: 4
T4 avg ex cycles: -nan
Avg. hops NOC1: 4
Avg. latency NOC1 (T2): 16,291
Avg. hops NOC2: 5
Avg. latency NOC2 (T3): 40,313
Number of K Nodes Processed: 63,730
Number of K Edges Processed: 66,688
Node Re-explore factor: 15.15
Edge Re-explore factor: 0.66
Nodes/cy: 80
Edges/cy: 83
TEPS: 119

---DCache---
DCache Size: 840,800
DRAM words: 0
  DHits: 0
  DMisses: 0

---Energy---
Leakage Energy (nJ): 818,806
PU Dyn E (nJ): 4,114,795
Mem Dyn E (nJ): 57,359,863
Route Dyn E (nJ): 9,514,119
Dynamic Energy (nJ): 70,988,777
Ratio of Dyn/Leak: 87
Total Energy (nJ): 71,807,583
Total Energy (nJ) 3D: 76,245,108
Cores Energy (nJ): 4,123,717
Route Energy (nJ): 9,754,290
Route Energy (nJ) 3D: 14,191,815
Mem Energy   (nJ): 57,929,577
Mem Energy   (nJ) 3D: 57,929,577
Avg. Power (mW): 89,600.33
Power Density (mW/mm2): 15.59

---Runtime---
Runtime in K cycles: 801.42
Microseconds: 801.42
Time per iteration (ms): 0.80

---Throughput---
GOP/s (aka OPS/ns): 476.02
GOP/s per core: 1.86
FLOP/s: 162.71
FLOP/s per core: 0.64
Max Peak FLOP/s: 4,096.00
Avg. BW GB/s: 3,467.91
Max BW GB/s: 16,384.00

---Traffic---
In-Die bisection_bytes BW (GB/s): 256.00
Inter-board traffic (msg/ns): 0.00, per-link: 0.00
Inter-pack traffic (msg/ns): 0.00, per-link: 0.00
Inter-die traffic (msg/ns): 58.44, per-link: 0.23
Ruche traffic (msg/ns): 175.31, per-link: 0.68
All traffic (msg/ns): 817.93, per-link: 3.20
Inter-die reduction wrt all: 14.00
Inter-board reduction wrt inter-die: inf

---Data Movement---
All traffic (msg): 655,503,440
Arith. Intensity FLOP/Loads: 0.38
Arith. Intensity FLOP/Msgs: 0.20
Arith. Intensity OPS/Loads: 1.10
Arith. Intensity OPS/Msgs: 0.58



===Core Utilization Total=== CORE-S:8;; TIME K cy:800 ;; Nodes Proc: 7,018,696 -- Edges Proc: 6,533,555

===PRINTING FRAME STATS

FCollision In Avg:93, SD:85, Max:467, Min:0
FCollision Out Avg:67, SD:75, Max:348, Min:0
FCollision End Avg:15, SD:30, Max:99, Min:0
FTask1 Avg:38, SD:79, Max:446, Min:0
FTask2 Avg:142, SD:258, Max:1,355, Min:0
FTask3 Avg:108, SD:118, Max:783, Min:13
FCore Active Avg:18, SD:19, Max:90, Min:1
FRouter Active Avg:50, SD:22, Max:100, Min:4
T1 invocations: 113,074
T2 invocations: 256,006
T3 invocations: 6,917,418
T3b invocations: 0
Total3 invocations: 6,917,418
Total4 invocations: 0

T3/T2 ratio: 27
T3b/T3 ratio: 0

T1 avg ex cycles: 86
T2 avg ex cycles: 142
T3&b avg ex cycles: 4
T4 avg ex cycles: -nan
Avg. hops NOC1: 5
Avg. latency NOC1 (T2): 14,509
Avg. hops NOC2: 5
Avg. latency NOC2 (T3): 33,664

===PRINTING ACUM STATS at pu_cycles: 905,096

ACollision In Avg:156, SD:81, Max:578, Min:17
ACollision Out Avg:121, SD:75, Max:338, Min:10
ACollision End Avg:25, SD:26, Max:98, Min:0
ATask1 Avg:56, SD:24, Max:83, Min:2
ATask2 Avg:201, SD:93, Max:291, Min:0
ATask3 Avg:123, SD:96, Max:776, Min:19
ACore Active Avg:24, SD:9, Max:65, Min:3
ARouter Active Avg:53, SD:13, Max:100, Min:25
T1 invocations: 1,376,251
T2 invocations: 3,529,576
T3 invocations: 70,407,777
T3b invocations: 0
Total3 invocations: 70,407,777
Total4 invocations: 0

T3/T2 ratio: 20
T3b/T3 ratio: 0

T1 avg ex cycles: 94
T2 avg ex cycles: 131
T3&b avg ex cycles: 4
T4 avg ex cycles: -nan
Avg. hops NOC1: 4
Avg. latency NOC1 (T2): 16,169
Avg. hops NOC2: 5
Avg. latency NOC2 (T3): 39,714
Number of K Nodes Processed: 70,612
Number of K Edges Processed: 72,727
Node Re-explore factor: 16.79
Edge Re-explore factor: 0.72
Nodes/cy: 78
Edges/cy: 80
TEPS: 106

---DCache---
DCache Size: 840,800
DRAM words: 0
  DHits: 0
  DMisses: 0

---Energy---
Leakage Energy (nJ): 924,730
PU Dyn E (nJ): 4,493,343
Mem Dyn E (nJ): 62,817,288
Route Dyn E (nJ): 10,562,150
Dynamic Energy (nJ): 77,872,781
Ratio of Dyn/Leak: 84
Total Energy (nJ): 78,797,511
Total Energy (nJ) 3D: 83,709,879
Cores Energy (nJ): 4,503,419
Route Energy (nJ): 10,833,390
Route Energy (nJ) 3D: 15,745,759
Mem Energy   (nJ): 63,460,702
Mem Energy   (nJ) 3D: 63,460,702
Avg. Power (mW): 87,059.84
Power Density (mW/mm2): 15.15

---Runtime---
Runtime in K cycles: 905.10
Microseconds: 905.10
Time per iteration (ms): 0.91

---Throughput---
GOP/s (aka OPS/ns): 458.99
GOP/s per core: 1.79
FLOP/s: 157.65
FLOP/s per core: 0.62
Max Peak FLOP/s: 4,096.00
Avg. BW GB/s: 3,362.83
Max BW GB/s: 16,384.00

---Traffic---
In-Die bisection_bytes BW (GB/s): 256.00
Inter-board traffic (msg/ns): 0.00, per-link: 0.00
Inter-pack traffic (msg/ns): 0.00, per-link: 0.00
Inter-die traffic (msg/ns): 56.33, per-link: 0.22
Ruche traffic (msg/ns): 174.64, per-link: 0.68
All traffic (msg/ns): 802.97, per-link: 3.14
Inter-die reduction wrt all: 14.25
Inter-board reduction wrt inter-die: inf

---Data Movement---
All traffic (msg): 726,764,336
Arith. Intensity FLOP/Loads: 0.38
Arith. Intensity FLOP/Msgs: 0.20
Arith. Intensity OPS/Loads: 1.09
Arith. Intensity OPS/Msgs: 0.57



===Core Utilization Total=== CORE-S:9;; TIME K cy:900 ;; Nodes Proc: 7,909,451 -- Edges Proc: 7,460,807

===PRINTING FRAME STATS

FCollision In Avg:69, SD:79, Max:513, Min:0
FCollision Out Avg:53, SD:69, Max:308, Min:0
FCollision End Avg:12, SD:27, Max:100, Min:0
FTask1 Avg:33, SD:75, Max:395, Min:0
FTask2 Avg:132, SD:276, Max:1,255, Min:0
FTask3 Avg:93, SD:120, Max:789, Min:10
FCore Active Avg:16, SD:20, Max:98, Min:1
FRouter Active Avg:47, SD:25, Max:100, Min:5
T1 invocations: 99,035
T2 invocations: 232,020
T3 invocations: 5,978,812
T3b invocations: 0
Total3 invocations: 5,978,812
Total4 invocations: 0

T3/T2 ratio: 26
T3b/T3 ratio: 0

T1 avg ex cycles: 85
T2 avg ex cycles: 146
T3&b avg ex cycles: 4
T4 avg ex cycles: -nan
Avg. hops NOC1: 5
Avg. latency NOC1 (T2): 15,087
Avg. hops NOC2: 5
Avg. latency NOC2 (T3): 28,812

===PRINTING ACUM STATS at pu_cycles: 1,003,011

ACollision In Avg:147, SD:79, Max:559, Min:15
ACollision Out Avg:114, SD:73, Max:314, Min:10
ACollision End Avg:24, SD:24, Max:98, Min:0
ATask1 Avg:54, SD:20, Max:74, Min:2
ATask2 Avg:194, SD:79, Max:262, Min:0
ATask3 Avg:120, SD:93, Max:777, Min:18
ACore Active Avg:23, SD:8, Max:62, Min:4
ARouter Active Avg:53, SD:13, Max:100, Min:27
T1 invocations: 1,471,935
T2 invocations: 3,772,509
T3 invocations: 76,514,036
T3b invocations: 0
Total3 invocations: 76,514,036
Total4 invocations: 0

T3/T2 ratio: 20
T3b/T3 ratio: 0

T1 avg ex cycles: 94
T2 avg ex cycles: 132
T3&b avg ex cycles: 4
T4 avg ex cycles: -nan
Avg. hops NOC1: 4
Avg. latency NOC1 (T2): 16,059
Avg. hops NOC2: 5
Avg. latency NOC2 (T3): 38,865
Number of K Nodes Processed: 76,602
Number of K Edges Processed: 78,198
Node Re-explore factor: 18.21
Edge Re-explore factor: 0.77
Nodes/cy: 76
Edges/cy: 78
TEPS: 95

---DCache---
DCache Size: 840,800
DRAM words: 0
  DHits: 0
  DMisses: 0

---Energy---
Leakage Energy (nJ): 1,024,769
PU Dyn E (nJ): 4,850,678
Mem Dyn E (nJ): 67,956,099
Route Dyn E (nJ): 11,548,627
Dynamic Energy (nJ): 84,355,405
Ratio of Dyn/Leak: 82
Total Energy (nJ): 85,380,174
Total Energy (nJ) 3D: 90,749,678
Cores Energy (nJ): 4,861,844
Route Energy (nJ): 11,849,211
Route Energy (nJ) 3D: 17,218,716
Mem Energy   (nJ): 68,669,120
Mem Energy   (nJ) 3D: 68,669,120
Avg. Power (mW): 85,123.87
Power Density (mW/mm2): 14.81

---Runtime---
Runtime in K cycles: 1,003.01
Microseconds: 1,003.01
Time per iteration (ms): 1.00

---Throughput---
GOP/s (aka OPS/ns): 445.72
GOP/s per core: 1.74
FLOP/s: 153.92
FLOP/s per core: 0.60
Max Peak FLOP/s: 4,096.00
Avg. BW GB/s: 3,282.79
Max BW GB/s: 16,384.00

---Traffic---
In-Die bisection_bytes BW (GB/s): 256.00
Inter-board traffic (msg/ns): 0.00, per-link: 0.00
Inter-pack traffic (msg/ns): 0.00, per-link: 0.00
Inter-die traffic (msg/ns): 54.76, per-link: 0.21
Ruche traffic (msg/ns): 173.27, per-link: 0.68
All traffic (msg/ns): 791.07, per-link: 3.09
Inter-die reduction wrt all: 14.45
Inter-board reduction wrt inter-die: inf

---Data Movement---
All traffic (msg): 793,447,987
Arith. Intensity FLOP/Loads: 0.38
Arith. Intensity FLOP/Msgs: 0.19
Arith. Intensity OPS/Loads: 1.09
Arith. Intensity OPS/Msgs: 0.56



===Core Utilization Total=== CORE-S:10;; TIME K cy:1,000 ;; Nodes Proc: 8,579,872 -- Edges Proc: 8,369,171
======== IT IS COLD ======= Only 12 Tiles active

===PRINTING FRAME STATS

FCollision In Avg:48, SD:63, Max:327, Min:0
FCollision Out Avg:35, SD:52, Max:207, Min:0
FCollision End Avg:9, SD:23, Max:99, Min:0
FTask1 Avg:34, SD:83, Max:420, Min:0
FTask2 Avg:131, SD:288, Max:1,471, Min:0
FTask3 Avg:89, SD:111, Max:666, Min:10
FCore Active Avg:16, SD:21, Max:100, Min:1
FRouter Active Avg:45, SD:26, Max:99, Min:6
T1 invocations: 105,490
T2 invocations: 242,738
T3 invocations: 5,668,627
T3b invocations: 0
Total3 invocations: 5,668,627
Total4 invocations: 0

T3/T2 ratio: 23
T3b/T3 ratio: 0

T1 avg ex cycles: 83
T2 avg ex cycles: 139
T3&b avg ex cycles: 4
T4 avg ex cycles: -nan
Avg. hops NOC1: 5
Avg. latency NOC1 (T2): 16,061
Avg. hops NOC2: 5
Avg. latency NOC2 (T3): 26,921

===PRINTING ACUM STATS at pu_cycles: 1,101,470

ACollision In Avg:138, SD:75, Max:524, Min:14
ACollision Out Avg:107, SD:69, Max:295, Min:10
ACollision End Avg:22, SD:22, Max:96, Min:0
ATask1 Avg:52, SD:15, Max:67, Min:3
ATask2 Avg:189, SD:65, Max:238, Min:0
ATask3 Avg:117, SD:90, Max:767, Min:22
ACore Active Avg:22, SD:8, Max:59, Min:4
ARouter Active Avg:52, SD:13, Max:100, Min:26
T1 invocations: 1,580,411
T2 invocations: 4,030,886
T3 invocations: 82,208,303
T3b invocations: 0
Total3 invocations: 82,208,303
Total4 invocations: 0

T3/T2 ratio: 20
T3b/T3 ratio: 0

T1 avg ex cycles: 93
T2 avg ex cycles: 132
T3&b avg ex cycles: 4
T4 avg ex cycles: -nan
Avg. hops NOC1: 4
Avg. latency NOC1 (T2): 16,034
Avg. hops NOC2: 5
Avg. latency NOC2 (T3): 37,989
Number of K Nodes Processed: 82,266
Number of K Edges Processed: 83,537
Node Re-explore factor: 19.56
Edge Re-explore factor: 0.82
Nodes/cy: 75
Edges/cy: 76
TEPS: 87

---DCache---
DCache Size: 840,800
DRAM words: 0
  DHits: 0
  DMisses: 0

---Energy---
Leakage Energy (nJ): 1,125,364
PU Dyn E (nJ): 5,200,910
Mem Dyn E (nJ): 72,916,264
Route Dyn E (nJ): 12,514,594
Dynamic Energy (nJ): 90,631,768
Ratio of Dyn/Leak: 81
Total Energy (nJ): 91,757,132
Total Energy (nJ) 3D: 97,565,768
Cores Energy (nJ): 5,213,172
Route Energy (nJ): 12,844,684
Route Energy (nJ) 3D: 18,653,320
Mem Energy   (nJ): 73,699,277
Mem Energy   (nJ) 3D: 73,699,277
Avg. Power (mW): 83,304.25
Power Density (mW/mm2): 14.50

---Runtime---
Runtime in K cycles: 1,101.47
Microseconds: 1,101.47
Time per iteration (ms): 1.10

---Throughput---
GOP/s (aka OPS/ns): 434.70
GOP/s per core: 1.70
FLOP/s: 150.40
FLOP/s per core: 0.59
Max Peak FLOP/s: 4,096.00
Avg. BW GB/s: 3,207.54
Max BW GB/s: 16,384.00

---Traffic---
In-Die bisection_bytes BW (GB/s): 256.00
Inter-board traffic (msg/ns): 0.00, per-link: 0.00
Inter-pack traffic (msg/ns): 0.00, per-link: 0.00
Inter-die traffic (msg/ns): 53.61, per-link: 0.21
Ruche traffic (msg/ns): 172.11, per-link: 0.67
All traffic (msg/ns): 779.20, per-link: 3.04
Inter-die reduction wrt all: 14.54
Inter-board reduction wrt inter-die: inf

---Data Movement---
All traffic (msg): 858,263,118
Arith. Intensity FLOP/Loads: 0.38
Arith. Intensity FLOP/Msgs: 0.19
Arith. Intensity OPS/Loads: 1.09
Arith. Intensity OPS/Msgs: 0.56



===Core Utilization Total=== CORE-S:11;; TIME K cy:1,100 ;; Nodes Proc: 9,177,101 -- Edges Proc: 9,185,027
======== IT IS COLD ======= Only 9 Tiles active

===PRINTING FRAME STATS

FCollision In Avg:38, SD:58, Max:331, Min:0
FCollision Out Avg:27, SD:46, Max:207, Min:0
FCollision End Avg:8, SD:22, Max:99, Min:0
FTask1 Avg:28, SD:74, Max:406, Min:0
FTask2 Avg:103, SD:250, Max:1,319, Min:0
FTask3 Avg:79, SD:108, Max:722, Min:8
FCore Active Avg:13, SD:19, Max:98, Min:1
FRouter Active Avg:40, SD:25, Max:99, Min:3
T1 invocations: 85,294
T2 invocations: 175,137
T3 invocations: 5,073,980
T3b invocations: 0
Total3 invocations: 5,073,980
Total4 invocations: 0

T3/T2 ratio: 29
T3b/T3 ratio: 0

T1 avg ex cycles: 85
T2 avg ex cycles: 151
T3&b avg ex cycles: 4
T4 avg ex cycles: -nan
Avg. hops NOC1: 5
Avg. latency NOC1 (T2): 11,910
Avg. hops NOC2: 5
Avg. latency NOC2 (T3): 21,695

===PRINTING ACUM STATS at pu_cycles: 1,203,936

ACollision In Avg:130, SD:72, Max:500, Min:13
ACollision Out Avg:100, SD:66, Max:285, Min:11
ACollision End Avg:21, SD:21, Max:96, Min:0
ATask1 Avg:50, SD:11, Max:62, Min:3
ATask2 Avg:182, SD:55, Max:218, Min:0
ATask3 Avg:114, SD:88, Max:763, Min:24
ACore Active Avg:22, SD:7, Max:57, Min:5
ARouter Active Avg:51, SD:13, Max:99, Min:24
T1 invocations: 1,655,400
T2 invocations: 4,192,236
T3 invocations: 87,105,640
T3b invocations: 0
Total3 invocations: 87,105,640
Total4 invocations: 0

T3/T2 ratio: 21
T3b/T3 ratio: 0

T1 avg ex cycles: 93
T2 avg ex cycles: 133
T3&b avg ex cycles: 4
T4 avg ex cycles: -nan
Avg. hops NOC1: 4
Avg. latency NOC1 (T2): 15,821
Avg. hops NOC2: 5
Avg. latency NOC2 (T3): 37,098
Number of K Nodes Processed: 87,337
Number of K Edges Processed: 88,354
Node Re-explore factor: 20.76
Edge Re-explore factor: 0.87
Nodes/cy: 73
Edges/cy: 73
TEPS: 79

---DCache---
DCache Size: 840,800
DRAM words: 0
  DHits: 0
  DMisses: 0

---Energy---
Leakage Energy (nJ): 1,230,053
PU Dyn E (nJ): 5,469,169
Mem Dyn E (nJ): 76,818,298
Route Dyn E (nJ): 13,262,368
Dynamic Energy (nJ): 95,549,835
Ratio of Dyn/Leak: 78
Total Energy (nJ): 96,779,888
Total Energy (nJ) 3D: 102,900,136
Cores Energy (nJ): 5,482,571
Route Energy (nJ): 13,623,165
Route Energy (nJ) 3D: 19,743,413
Mem Energy   (nJ): 77,674,152
Mem Energy   (nJ) 3D: 77,674,152
Avg. Power (mW): 80,386.24
Power Density (mW/mm2): 13.99

---Runtime---
Runtime in K cycles: 1,203.94
Microseconds: 1,203.94
Time per iteration (ms): 1.20

---Throughput---
GOP/s (aka OPS/ns): 417.46
GOP/s per core: 1.63
FLOP/s: 144.89
FLOP/s per core: 0.57
Max Peak FLOP/s: 4,096.00
Avg. BW GB/s: 3,091.59
Max BW GB/s: 16,384.00

---Traffic---
In-Die bisection_bytes BW (GB/s): 256.00
Inter-board traffic (msg/ns): 0.00, per-link: 0.00
Inter-pack traffic (msg/ns): 0.00, per-link: 0.00
Inter-die traffic (msg/ns): 51.74, per-link: 0.20
Ruche traffic (msg/ns): 169.39, per-link: 0.66
All traffic (msg/ns): 755.35, per-link: 2.95
Inter-die reduction wrt all: 14.60
Inter-board reduction wrt inter-die: inf

---Data Movement---
All traffic (msg): 909,388,837
Arith. Intensity FLOP/Loads: 0.38
Arith. Intensity FLOP/Msgs: 0.19
Arith. Intensity OPS/Loads: 1.08
Arith. Intensity OPS/Msgs: 0.55



===Core Utilization Total=== CORE-S:12;; TIME K cy:1,200 ;; Nodes Proc: 9,679,976 -- Edges Proc: 9,802,990
======== IT IS COLD ======= Only 8 Tiles active

===PRINTING FRAME STATS

FCollision In Avg:31, SD:52, Max:280, Min:0
FCollision Out Avg:21, SD:36, Max:182, Min:0
FCollision End Avg:6, SD:17, Max:96, Min:0
FTask1 Avg:25, SD:73, Max:441, Min:0
FTask2 Avg:114, SD:265, Max:1,325, Min:0
FTask3 Avg:77, SD:113, Max:709, Min:7
FCore Active Avg:14, SD:20, Max:84, Min:0
FRouter Active Avg:39, SD:26, Max:99, Min:3
T1 invocations: 73,578
T2 invocations: 188,318
T3 invocations: 4,938,126
T3b invocations: 0
Total3 invocations: 4,938,126
Total4 invocations: 0

T3/T2 ratio: 26
T3b/T3 ratio: 0

T1 avg ex cycles: 86
T2 avg ex cycles: 155
T3&b avg ex cycles: 4
T4 avg ex cycles: -nan
Avg. hops NOC1: 4
Avg. latency NOC1 (T2): 8,168
Avg. hops NOC2: 5
Avg. latency NOC2 (T3): 21,536

===PRINTING ACUM STATS at pu_cycles: 1,302,962

ACollision In Avg:122, SD:69, Max:473, Min:12
ACollision Out Avg:94, SD:62, Max:277, Min:10
ACollision End Avg:20, SD:19, Max:95, Min:0
ATask1 Avg:48, SD:8, Max:57, Min:3
ATask2 Avg:178, SD:44, Max:203, Min:0
ATask3 Avg:111, SD:85, Max:746, Min:28
ACore Active Avg:21, SD:6, Max:55, Min:6
ARouter Active Avg:50, SD:13, Max:98, Min:25
T1 invocations: 1,738,661
T2 invocations: 4,427,570
T3 invocations: 92,275,965
T3b invocations: 0
Total3 invocations: 92,275,965
Total4 invocations: 0

T3/T2 ratio: 21
T3b/T3 ratio: 0

T1 avg ex cycles: 92
T2 avg ex cycles: 134
T3&b avg ex cycles: 4
T4 avg ex cycles: -nan
Avg. hops NOC1: 4
Avg. latency NOC1 (T2): 15,459
Avg. hops NOC2: 5
Avg. latency NOC2 (T3): 36,250
Number of K Nodes Processed: 92,276
Number of K Edges Processed: 92,970
Node Re-explore factor: 21.94
Edge Re-explore factor: 0.92
Nodes/cy: 71
Edges/cy: 71
TEPS: 73

---DCache---
DCache Size: 840,800
DRAM words: 0
  DHits: 0
  DMisses: 0

---Energy---
Leakage Energy (nJ): 1,331,227
PU Dyn E (nJ): 5,799,067
Mem Dyn E (nJ): 81,490,284
Route Dyn E (nJ): 14,104,562
Dynamic Energy (nJ): 101,393,914
Ratio of Dyn/Leak: 76
Total Energy (nJ): 102,725,141
Total Energy (nJ) 3D: 109,234,601
Cores Energy (nJ): 5,813,572
Route Energy (nJ): 14,495,036
Route Energy (nJ) 3D: 21,004,496
Mem Energy   (nJ): 82,416,534
Mem Energy   (nJ) 3D: 82,416,534
Avg. Power (mW): 78,839.71
Power Density (mW/mm2): 13.72

---Runtime---
Runtime in K cycles: 1,302.96
Microseconds: 1,302.96
Time per iteration (ms): 1.30

---Throughput---
GOP/s (aka OPS/ns): 408.12
GOP/s per core: 1.59
FLOP/s: 142.17
FLOP/s per core: 0.56
Max Peak FLOP/s: 4,096.00
Avg. BW GB/s: 3,030.36
Max BW GB/s: 16,384.00

---Traffic---
In-Die bisection_bytes BW (GB/s): 256.00
Inter-board traffic (msg/ns): 0.00, per-link: 0.00
Inter-pack traffic (msg/ns): 0.00, per-link: 0.00
Inter-die traffic (msg/ns): 50.19, per-link: 0.20
Ruche traffic (msg/ns): 167.08, per-link: 0.65
All traffic (msg/ns): 741.63, per-link: 2.90
Inter-die reduction wrt all: 14.78
Inter-board reduction wrt inter-die: inf

---Data Movement---
All traffic (msg): 966,320,749
Arith. Intensity FLOP/Loads: 0.38
Arith. Intensity FLOP/Msgs: 0.19
Arith. Intensity OPS/Loads: 1.08
Arith. Intensity OPS/Msgs: 0.55



===Core Utilization Total=== CORE-S:13;; TIME K cy:1,300 ;; Nodes Proc: 10,440,051 -- Edges Proc: 10,105,816
======== IT IS COLD ======= Only 3 Tiles active

===PRINTING FRAME STATS

FCollision In Avg:19, SD:45, Max:284, Min:0
FCollision Out Avg:13, SD:32, Max:169, Min:0
FCollision End Avg:4, SD:17, Max:97, Min:0
FTask1 Avg:13, SD:52, Max:416, Min:0
FTask2 Avg:75, SD:262, Max:1,446, Min:0
FTask3 Avg:50, SD:98, Max:732, Min:4
FCore Active Avg:9, SD:19, Max:95, Min:0
FRouter Active Avg:28, SD:28, Max:100, Min:1
T1 invocations: 41,668
T2 invocations: 102,014
T3 invocations: 3,217,558
T3b invocations: 0
Total3 invocations: 3,217,558
Total4 invocations: 0

T3/T2 ratio: 32
T3b/T3 ratio: 0

T1 avg ex cycles: 81
T2 avg ex cycles: 189
T3&b avg ex cycles: 4
T4 avg ex cycles: -nan
Avg. hops NOC1: 5
Avg. latency NOC1 (T2): 12,643
Avg. hops NOC2: 5
Avg. latency NOC2 (T3): 17,776

===PRINTING ACUM STATS at pu_cycles: 1,400,407

ACollision In Avg:115, SD:65, Max:448, Min:11
ACollision Out Avg:88, SD:59, Max:269, Min:9
ACollision End Avg:19, SD:18, Max:88, Min:0
ATask1 Avg:46, SD:6, Max:54, Min:3
ATask2 Avg:171, SD:34, Max:188, Min:0
ATask3 Avg:107, SD:83, Max:722, Min:26
ACore Active Avg:20, SD:6, Max:57, Min:5
ARouter Active Avg:48, SD:13, Max:98, Min:24
T1 invocations: 1,780,329
T2 invocations: 4,529,584
T3 invocations: 95,493,523
T3b invocations: 0
Total3 invocations: 95,493,523
Total4 invocations: 0

T3/T2 ratio: 21
T3b/T3 ratio: 0

T1 avg ex cycles: 92
T2 avg ex cycles: 135
T3&b avg ex cycles: 4
T4 avg ex cycles: -nan
Avg. hops NOC1: 4
Avg. latency NOC1 (T2): 15,396
Avg. hops NOC2: 5
Avg. latency NOC2 (T3): 35,628
Number of K Nodes Processed: 95,493
Number of K Edges Processed: 96,052
Node Re-explore factor: 22.70
Edge Re-explore factor: 0.95
Nodes/cy: 68
Edges/cy: 69
TEPS: 68

---DCache---
DCache Size: 840,800
DRAM words: 0
  DHits: 0
  DMisses: 0

---Energy---
Leakage Energy (nJ): 1,430,786
PU Dyn E (nJ): 5,987,104
Mem Dyn E (nJ): 84,216,310
Route Dyn E (nJ): 14,618,370
Dynamic Energy (nJ): 104,821,785
Ratio of Dyn/Leak: 73
Total Energy (nJ): 106,252,571
Total Energy (nJ) 3D: 112,990,040
Cores Energy (nJ): 6,002,693
Route Energy (nJ): 15,038,047
Route Energy (nJ) 3D: 21,775,515
Mem Energy   (nJ): 85,211,832
Mem Energy   (nJ) 3D: 85,211,832
Avg. Power (mW): 75,872.64
Power Density (mW/mm2): 13.20

---Runtime---
Runtime in K cycles: 1,400.41
Microseconds: 1,400.41
Time per iteration (ms): 1.40

---Throughput---
GOP/s (aka OPS/ns): 391.20
GOP/s per core: 1.53
FLOP/s: 136.78
FLOP/s per core: 0.53
Max Peak FLOP/s: 4,096.00
Avg. BW GB/s: 2,913.82
Max BW GB/s: 16,384.00

---Traffic---
In-Die bisection_bytes BW (GB/s): 256.00
Inter-board traffic (msg/ns): 0.00, per-link: 0.00
Inter-pack traffic (msg/ns): 0.00, per-link: 0.00
Inter-die traffic (msg/ns): 47.92, per-link: 0.19
Ruche traffic (msg/ns): 162.10, per-link: 0.63
All traffic (msg/ns): 714.85, per-link: 2.79
Inter-die reduction wrt all: 14.92
Inter-board reduction wrt inter-die: inf

---Data Movement---
All traffic (msg): 1,001,085,195
Arith. Intensity FLOP/Loads: 0.38
Arith. Intensity FLOP/Msgs: 0.19
Arith. Intensity OPS/Loads: 1.08
Arith. Intensity OPS/Msgs: 0.55



===Core Utilization Total=== CORE-S:14;; TIME K cy:1,400 ;; Nodes Proc: 10,746,150 -- Edges Proc: 10,830,536
======== IT IS COLD ======= Only 4 Tiles active

===PRINTING FRAME STATS

FCollision In Avg:9, SD:28, Max:251, Min:0
FCollision Out Avg:9, SD:26, Max:168, Min:0
FCollision End Avg:3, SD:12, Max:84, Min:0
FTask1 Avg:10, SD:48, Max:417, Min:0
FTask2 Avg:46, SD:200, Max:1,437, Min:0
FTask3 Avg:37, SD:81, Max:574, Min:3
FCore Active Avg:6, SD:14, Max:91, Min:0
FRouter Active Avg:21, SD:24, Max:95, Min:1
T1 invocations: 32,255
T2 invocations: 63,893
T3 invocations: 2,366,543
T3b invocations: 0
Total3 invocations: 2,366,543
Total4 invocations: 0

T3/T2 ratio: 37
T3b/T3 ratio: 0

T1 avg ex cycles: 77
T2 avg ex cycles: 184
T3&b avg ex cycles: 4
T4 avg ex cycles: -nan
Avg. hops NOC1: 6
Avg. latency NOC1 (T2): 15,989
Avg. hops NOC2: 5
Avg. latency NOC2 (T3): 19,512

===PRINTING ACUM STATS at pu_cycles: 1,500,378

ACollision In Avg:108, SD:62, Max:435, Min:10
ACollision Out Avg:83, SD:55, Max:258, Min:9
ACollision End Avg:18, SD:16, Max:83, Min:0
ATask1 Avg:43, SD:4, Max:53, Min:7
ATask2 Avg:163, SD:27, Max:176, Min:0
ATask3 Avg:102, SD:81, Max:706, Min:24
ACore Active Avg:19, SD:5, Max:55, Min:5
ARouter Active Avg:47, SD:13, Max:96, Min:22
T1 invocations: 1,812,584
T2 invocations: 4,593,431
T3 invocations: 97,834,880
T3b invocations: 0
Total3 invocations: 97,834,880
Total4 invocations: 0

T3/T2 ratio: 21
T3b/T3 ratio: 0

T1 avg ex cycles: 92
T2 avg ex cycles: 136
T3&b avg ex cycles: 4
T4 avg ex cycles: -nan
Avg. hops NOC1: 4
Avg. latency NOC1 (T2): 15,403
Avg. hops NOC2: 5
Avg. latency NOC2 (T3): 35,242
Number of K Nodes Processed: 97,843
Number of K Edges Processed: 98,153
Node Re-explore factor: 23.26
Edge Re-explore factor: 0.97
Nodes/cy: 65
Edges/cy: 65
TEPS: 64

---DCache---
DCache Size: 840,800
DRAM words: 0
  DHits: 0
  DMisses: 0

---Energy---
Leakage Energy (nJ): 1,532,926
PU Dyn E (nJ): 6,113,574
Mem Dyn E (nJ): 86,074,902
Route Dyn E (nJ): 14,978,434
Dynamic Energy (nJ): 107,166,911
Ratio of Dyn/Leak: 70
Total Energy (nJ): 108,699,837
Total Energy (nJ) 3D: 115,592,752
Cores Energy (nJ): 6,130,276
Route Energy (nJ): 15,428,070
Route Energy (nJ) 3D: 22,320,985
Mem Energy   (nJ): 87,141,491
Mem Energy   (nJ) 3D: 87,141,491
Avg. Power (mW): 72,448.30
Power Density (mW/mm2): 12.61

---Runtime---
Runtime in K cycles: 1,500.38
Microseconds: 1,500.38
Time per iteration (ms): 1.50

---Throughput---
GOP/s (aka OPS/ns): 372.38
GOP/s per core: 1.45
FLOP/s: 130.48
FLOP/s per core: 0.51
Max Peak FLOP/s: 4,096.00
Avg. BW GB/s: 2,779.69
Max BW GB/s: 16,384.00

---Traffic---
In-Die bisection_bytes BW (GB/s): 256.00
Inter-board traffic (msg/ns): 0.00, per-link: 0.00
Inter-pack traffic (msg/ns): 0.00, per-link: 0.00
Inter-die traffic (msg/ns): 45.46, per-link: 0.18
Ruche traffic (msg/ns): 155.94, per-link: 0.61
All traffic (msg/ns): 683.57, per-link: 2.67
Inter-die reduction wrt all: 15.04
Inter-board reduction wrt inter-die: inf

---Data Movement---
All traffic (msg): 1,025,610,984
Arith. Intensity FLOP/Loads: 0.38
Arith. Intensity FLOP/Msgs: 0.19
Arith. Intensity OPS/Loads: 1.07
Arith. Intensity OPS/Msgs: 0.54



===Core Utilization Total=== CORE-S:15;; TIME K cy:1,500 ;; Nodes Proc: 10,840,829 -- Edges Proc: 11,661,399
======== IT IS COLD ======= Only 3 Tiles active

===PRINTING FRAME STATS

FCollision In Avg:8, SD:27, Max:251, Min:0
FCollision Out Avg:7, SD:24, Max:168, Min:0
FCollision End Avg:2, SD:9, Max:84, Min:0
FTask1 Avg:10, SD:48, Max:417, Min:0
FTask2 Avg:33, SD:154, Max:1,256, Min:0
FTask3 Avg:36, SD:81, Max:574, Min:2
FCore Active Avg:5, SD:12, Max:79, Min:0
FRouter Active Avg:19, SD:22, Max:93, Min:1
T1 invocations: 32,255
T2 invocations: 47,858
T3 invocations: 2,301,857
T3b invocations: 0
Total3 invocations: 2,301,857
Total4 invocations: 0

T3/T2 ratio: 48
T3b/T3 ratio: 0

T1 avg ex cycles: 77
T2 avg ex cycles: 177
T3&b avg ex cycles: 4
T4 avg ex cycles: -nan
Avg. hops NOC1: 7
Avg. latency NOC1 (T2): 12,762
Avg. hops NOC2: 5
Avg. latency NOC2 (T3): 19,716

===PRINTING ACUM STATS at pu_cycles: 1,600,392

ACollision In Avg:101, SD:59, Max:423, Min:10
ACollision Out Avg:78, SD:52, Max:243, Min:8
ACollision End Avg:17, SD:15, Max:78, Min:0
ATask1 Avg:41, SD:3, Max:50, Min:10
ATask2 Avg:154, SD:23, Max:165, Min:0
ATask3 Avg:97, SD:77, Max:686, Min:23
ACore Active Avg:18, SD:5, Max:53, Min:5
ARouter Active Avg:44, SD:13, Max:94, Min:21
T1 invocations: 1,824,004
T2 invocations: 4,631,608
T3 invocations: 98,904,316
T3b invocations: 0
Total3 invocations: 98,904,316
Total4 invocations: 0

T3/T2 ratio: 21
T3b/T3 ratio: 0

T1 avg ex cycles: 92
T2 avg ex cycles: 136
T3&b avg ex cycles: 4
T4 avg ex cycles: -nan
Avg. hops NOC1: 4
Avg. latency NOC1 (T2): 15,339
Avg. hops NOC2: 5
Avg. latency NOC2 (T3): 35,088
Number of K Nodes Processed: 98,904
Number of K Edges Processed: 98,953
Node Re-explore factor: 23.51
Edge Re-explore factor: 0.98
Nodes/cy: 62
Edges/cy: 62
TEPS: 60

---DCache---
DCache Size: 840,800
DRAM words: 0
  DHits: 0
  DMisses: 0

---Energy---
Leakage Energy (nJ): 1,635,109
PU Dyn E (nJ): 6,175,128
Mem Dyn E (nJ): 86,977,430
Route Dyn E (nJ): 15,165,826
Dynamic Energy (nJ): 108,318,384
Ratio of Dyn/Leak: 66
Total Energy (nJ): 109,953,493
Total Energy (nJ) 3D: 116,931,692
Cores Energy (nJ): 6,192,944
Route Energy (nJ): 15,645,433
Route Energy (nJ) 3D: 22,623,633
Mem Energy   (nJ): 88,115,116
Mem Energy   (nJ) 3D: 88,115,116
Avg. Power (mW): 68,704.10
Power Density (mW/mm2): 11.96

---Runtime---
Runtime in K cycles: 1,600.39
Microseconds: 1,600.39
Time per iteration (ms): 1.60

---Throughput---
GOP/s (aka OPS/ns): 352.32
GOP/s per core: 1.38
FLOP/s: 123.63
FLOP/s per core: 0.48
Max Peak FLOP/s: 4,096.00
Avg. BW GB/s: 2,633.30
Max BW GB/s: 16,384.00

---Traffic---
In-Die bisection_bytes BW (GB/s): 256.00
Inter-board traffic (msg/ns): 0.00, per-link: 0.00
Inter-pack traffic (msg/ns): 0.00, per-link: 0.00
Inter-die traffic (msg/ns): 42.93, per-link: 0.17
Ruche traffic (msg/ns): 148.29, per-link: 0.58
All traffic (msg/ns): 648.64, per-link: 2.53
Inter-die reduction wrt all: 15.11
Inter-board reduction wrt inter-die: inf

---Data Movement---
All traffic (msg): 1,038,078,152
Arith. Intensity FLOP/Loads: 0.38
Arith. Intensity FLOP/Msgs: 0.19
Arith. Intensity OPS/Loads: 1.07
Arith. Intensity OPS/Msgs: 0.54



===Core Utilization Total=== CORE-S:16;; TIME K cy:1,600 ;; Nodes Proc: 10,900,208 -- Edges Proc: 11,872,470
======== IT IS COLD ======= Only 0 Tiles active

===PRINTING FRAME STATS

FCollision In Avg:2, SD:15, Max:192, Min:0
FCollision Out Avg:2, SD:17, Max:183, Min:0
FCollision End Avg:0, SD:6, Max:89, Min:0
FTask1 Avg:2, SD:22, Max:325, Min:0
FTask2 Avg:8, SD:94, Max:1,444, Min:0
FTask3 Avg:7, SD:31, Max:361, Min:1
FCore Active Avg:1, SD:7, Max:90, Min:0
FRouter Active Avg:5, SD:12, Max:93, Min:0
T1 invocations: 6,314
T2 invocations: 8,407
T3 invocations: 455,513
T3b invocations: 0
Total3 invocations: 455,513
Total4 invocations: 0

T3/T2 ratio: 54
T3b/T3 ratio: 0

T1 avg ex cycles: 71
T2 avg ex cycles: 241
T3&b avg ex cycles: 4
T4 avg ex cycles: -nan
Avg. hops NOC1: 8
Avg. latency NOC1 (T2): 10,028
Avg. hops NOC2: 5
Avg. latency NOC2 (T3): 13,734

===PRINTING ACUM STATS at pu_cycles: 1,700,375

ACollision In Avg:95, SD:56, Max:409, Min:9
ACollision Out Avg:74, SD:49, Max:228, Min:8
ACollision End Avg:16, SD:14, Max:74, Min:0
ATask1 Avg:39, SD:2, Max:47, Min:16
ATask2 Avg:145, SD:20, Max:155, Min:0
ATask3 Avg:91, SD:73, Max:667, Min:22
ACore Active Avg:17, SD:5, Max:52, Min:5
ARouter Active Avg:42, SD:12, Max:91, Min:20
T1 invocations: 1,830,318
T2 invocations: 4,636,829
T3 invocations: 99,358,628
T3b invocations: 0
Total3 invocations: 99,358,628
Total4 invocations: 0

T3/T2 ratio: 21
T3b/T3 ratio: 0

T1 avg ex cycles: 92
T2 avg ex cycles: 136
T3&b avg ex cycles: 4
T4 avg ex cycles: -nan
Avg. hops NOC1: 4
Avg. latency NOC1 (T2): 15,335
Avg. hops NOC2: 5
Avg. latency NOC2 (T3): 34,990
Number of K Nodes Processed: 99,361
Number of K Edges Processed: 99,459
Node Re-explore factor: 23.62
Edge Re-explore factor: 0.98
Nodes/cy: 58
Edges/cy: 58
TEPS: 56

---DCache---
DCache Size: 840,800
DRAM words: 0
  DHits: 0
  DMisses: 0

---Energy---
Leakage Energy (nJ): 1,737,261
PU Dyn E (nJ): 6,196,608
Mem Dyn E (nJ): 87,301,889
Route Dyn E (nJ): 15,241,538
Dynamic Energy (nJ): 108,740,035
Ratio of Dyn/Leak: 63
Total Energy (nJ): 110,477,296
Total Energy (nJ) 3D: 117,489,810
Cores Energy (nJ): 6,215,537
Route Energy (nJ): 15,751,109
Route Energy (nJ) 3D: 22,763,622
Mem Energy   (nJ): 88,510,652
Mem Energy   (nJ) 3D: 88,510,652
Avg. Power (mW): 64,972.31
Power Density (mW/mm2): 11.31

---Runtime---
Runtime in K cycles: 1,700.38
Microseconds: 1,700.38
Time per iteration (ms): 1.70

---Throughput---
GOP/s (aka OPS/ns): 332.68
GOP/s per core: 1.30
FLOP/s: 116.78
FLOP/s per core: 0.46
Max Peak FLOP/s: 4,096.00
Avg. BW GB/s: 2,487.71
Max BW GB/s: 16,384.00

---Traffic---
In-Die bisection_bytes BW (GB/s): 256.00
Inter-board traffic (msg/ns): 0.00, per-link: 0.00
Inter-pack traffic (msg/ns): 0.00, per-link: 0.00
Inter-die traffic (msg/ns): 40.53, per-link: 0.16
Ruche traffic (msg/ns): 140.37, per-link: 0.55
All traffic (msg/ns): 613.47, per-link: 2.40
Inter-die reduction wrt all: 15.14
Inter-board reduction wrt inter-die: inf

---Data Movement---
All traffic (msg): 1,043,129,571
Arith. Intensity FLOP/Loads: 0.38
Arith. Intensity FLOP/Msgs: 0.19
Arith. Intensity OPS/Loads: 1.07
Arith. Intensity OPS/Msgs: 0.54



===Core Utilization Total=== CORE-S:17;; TIME K cy:1,700 ;; Nodes Proc: 10,926,293 -- Edges Proc: 12,106,992
======== IT IS COLD ======= Only 1 Tiles active

===PRINTING FRAME STATS

FCollision In Avg:1, SD:10, Max:111, Min:0
FCollision Out Avg:2, SD:16, Max:195, Min:0
FCollision End Avg:0, SD:5, Max:68, Min:0
FTask1 Avg:0, SD:6, Max:92, Min:0
FTask2 Avg:7, SD:70, Max:991, Min:0
FTask3 Avg:5, SD:29, Max:421, Min:0
FCore Active Avg:1, SD:5, Max:62, Min:0
FRouter Active Avg:4, SD:10, Max:98, Min:0
T1 invocations: 2,039
T2 invocations: 5,677
T3 invocations: 335,655
T3b invocations: 0
Total3 invocations: 335,655
Total4 invocations: 0

T3/T2 ratio: 59
T3b/T3 ratio: 0

T1 avg ex cycles: 55
T2 avg ex cycles: 294
T3&b avg ex cycles: 4
T4 avg ex cycles: -nan
Avg. hops NOC1: 6
Avg. latency NOC1 (T2): 13,832
Avg. hops NOC2: 6
Avg. latency NOC2 (T3): 20,803

===PRINTING ACUM STATS at pu_cycles: 1,800,344

ACollision In Avg:90, SD:52, Max:392, Min:8
ACollision Out Avg:70, SD:46, Max:216, Min:7
ACollision End Avg:15, SD:14, Max:70, Min:0
ATask1 Avg:36, SD:2, Max:45, Min:21
ATask2 Avg:138, SD:17, Max:147, Min:0
ATask3 Avg:87, SD:70, Max:653, Min:21
ACore Active Avg:16, SD:5, Max:51, Min:5
ARouter Active Avg:40, SD:12, Max:89, Min:19
T1 invocations: 1,832,357
T2 invocations: 4,651,150
T3 invocations: 99,696,814
T3b invocations: 0
Total3 invocations: 99,696,814
Total4 invocations: 0

T3/T2 ratio: 21
T3b/T3 ratio: 0

T1 avg ex cycles: 92
T2 avg ex cycles: 137
T3&b avg ex cycles: 4
T4 avg ex cycles: -nan
Avg. hops NOC1: 4
Avg. latency NOC1 (T2): 15,317
Avg. hops NOC2: 5
Avg. latency NOC2 (T3): 34,942
Number of K Nodes Processed: 99,696
Number of K Edges Processed: 99,729
Node Re-explore factor: 23.70
Edge Re-explore factor: 0.98
Nodes/cy: 55
Edges/cy: 55
TEPS: 53

---DCache---
DCache Size: 840,800
DRAM words: 0
  DHits: 0
  DMisses: 0

---Energy---
Leakage Energy (nJ): 1,839,399
PU Dyn E (nJ): 6,220,728
Mem Dyn E (nJ): 87,647,759
Route Dyn E (nJ): 15,308,822
Dynamic Energy (nJ): 109,177,310
Ratio of Dyn/Leak: 59
Total Energy (nJ): 111,016,709
Total Energy (nJ) 3D: 118,063,264
Cores Energy (nJ): 6,240,770
Route Energy (nJ): 15,848,352
Route Energy (nJ) 3D: 22,894,906
Mem Energy   (nJ): 88,927,588
Mem Energy   (nJ) 3D: 88,927,588
Avg. Power (mW): 61,664.16
Power Density (mW/mm2): 10.73

---Runtime---
Runtime in K cycles: 1,800.34
Microseconds: 1,800.34
Time per iteration (ms): 1.80

---Throughput---
GOP/s (aka OPS/ns): 315.27
GOP/s per core: 1.23
FLOP/s: 110.77
FLOP/s per core: 0.43
Max Peak FLOP/s: 4,096.00
Avg. BW GB/s: 2,358.88
Max BW GB/s: 16,384.00

---Traffic---
In-Die bisection_bytes BW (GB/s): 256.00
Inter-board traffic (msg/ns): 0.00, per-link: 0.00
Inter-pack traffic (msg/ns): 0.00, per-link: 0.00
Inter-die traffic (msg/ns): 38.34, per-link: 0.15
Ruche traffic (msg/ns): 133.14, per-link: 0.52
All traffic (msg/ns): 581.84, per-link: 2.27
Inter-die reduction wrt all: 15.18
Inter-board reduction wrt inter-die: inf

---Data Movement---
All traffic (msg): 1,047,505,552
Arith. Intensity FLOP/Loads: 0.38
Arith. Intensity FLOP/Msgs: 0.19
Arith. Intensity OPS/Loads: 1.07
Arith. Intensity OPS/Msgs: 0.54



===Core Utilization Total=== CORE-S:18;; TIME K cy:1,800 ;; Nodes Proc: 10,939,437 -- Edges Proc: 12,347,520
======== IT IS COLD ======= Only 2 Tiles active

===PRINTING FRAME STATS

FCollision In Avg:1, SD:8, Max:97, Min:0
FCollision Out Avg:2, SD:17, Max:195, Min:0
FCollision End Avg:0, SD:6, Max:96, Min:0
FTask1 Avg:0, SD:8, Max:120, Min:0
FTask2 Avg:6, SD:88, Max:1,419, Min:0
FTask3 Avg:3, SD:18, Max:273, Min:0
FCore Active Avg:1, SD:6, Max:89, Min:0
FRouter Active Avg:3, SD:9, Max:100, Min:0
T1 invocations: 1,992
T2 invocations: 4,568
T3 invocations: 220,119
T3b invocations: 0
Total3 invocations: 220,119
Total4 invocations: 0

T3/T2 ratio: 48
T3b/T3 ratio: 0

T1 avg ex cycles: 60
T2 avg ex cycles: 311
T3&b avg ex cycles: 4
T4 avg ex cycles: -nan
Avg. hops NOC1: 7
Avg. latency NOC1 (T2): 13,772
Avg. hops NOC2: 6
Avg. latency NOC2 (T3): 18,861

===PRINTING ACUM STATS at pu_cycles: 1,900,311

ACollision In Avg:85, SD:50, Max:377, Min:8
ACollision Out Avg:66, SD:44, Max:204, Min:7
ACollision End Avg:14, SD:13, Max:66, Min:0
ATask1 Avg:35, SD:2, Max:42, Min:26
ATask2 Avg:131, SD:15, Max:139, Min:0
ATask3 Avg:82, SD:67, Max:633, Min:20
ACore Active Avg:15, SD:4, Max:50, Min:5
ARouter Active Avg:38, SD:11, Max:87, Min:18
T1 invocations: 1,834,349
T2 invocations: 4,655,718
T3 invocations: 99,911,180
T3b invocations: 0
Total3 invocations: 99,911,180
Total4 invocations: 0

T3/T2 ratio: 21
T3b/T3 ratio: 0

T1 avg ex cycles: 92
T2 avg ex cycles: 137
T3&b avg ex cycles: 4
T4 avg ex cycles: -nan
Avg. hops NOC1: 4
Avg. latency NOC1 (T2): 15,316
Avg. hops NOC2: 5
Avg. latency NOC2 (T3): 34,907
Number of K Nodes Processed: 99,911
Number of K Edges Processed: 99,960
Node Re-explore factor: 23.75
Edge Re-explore factor: 0.99
Nodes/cy: 53
Edges/cy: 53
TEPS: 50

---DCache---
DCache Size: 840,800
DRAM words: 0
  DHits: 0
  DMisses: 0

---Energy---
Leakage Energy (nJ): 1,941,534
PU Dyn E (nJ): 6,233,479
Mem Dyn E (nJ): 87,834,931
Route Dyn E (nJ): 15,347,383
Dynamic Energy (nJ): 109,415,794
Ratio of Dyn/Leak: 56
Total Energy (nJ): 111,357,328
Total Energy (nJ) 3D: 118,421,564
Cores Energy (nJ): 6,254,634
Route Energy (nJ): 15,916,871
Route Energy (nJ) 3D: 22,981,107
Mem Energy   (nJ): 89,185,824
Mem Energy   (nJ) 3D: 89,185,824
Avg. Power (mW): 58,599.53
Power Density (mW/mm2): 10.20

---Runtime---
Runtime in K cycles: 1,900.31
Microseconds: 1,900.31
Time per iteration (ms): 1.90

---Throughput---
GOP/s (aka OPS/ns): 299.22
GOP/s per core: 1.17
FLOP/s: 105.18
FLOP/s per core: 0.41
Max Peak FLOP/s: 4,096.00
Avg. BW GB/s: 2,239.56
Max BW GB/s: 16,384.00

---Traffic---
In-Die bisection_bytes BW (GB/s): 256.00
Inter-board traffic (msg/ns): 0.00, per-link: 0.00
Inter-pack traffic (msg/ns): 0.00, per-link: 0.00
Inter-die traffic (msg/ns): 36.34, per-link: 0.14
Ruche traffic (msg/ns): 126.52, per-link: 0.49
All traffic (msg/ns): 552.57, per-link: 2.16
Inter-die reduction wrt all: 15.20
Inter-board reduction wrt inter-die: inf

---Data Movement---
All traffic (msg): 1,050,049,354
Arith. Intensity FLOP/Loads: 0.38
Arith. Intensity FLOP/Msgs: 0.19
Arith. Intensity OPS/Loads: 1.07
Arith. Intensity OPS/Msgs: 0.54



===Core Utilization Total=== CORE-S:19;; TIME K cy:1,900 ;; Nodes Proc: 10,949,692 -- Edges Proc: 12,577,906
======== IT IS COLD ======= Only 1 Tiles active

===PRINTING FRAME STATS

FCollision In Avg:1, SD:9, Max:97, Min:0
FCollision Out Avg:2, SD:17, Max:193, Min:0
FCollision End Avg:0, SD:4, Max:62, Min:0
FTask1 Avg:0, SD:8, Max:120, Min:0
FTask2 Avg:6, SD:74, Max:1,059, Min:0
FTask3 Avg:4, SD:18, Max:273, Min:0
FCore Active Avg:1, SD:5, Max:66, Min:0
FRouter Active Avg:3, SD:8, Max:70, Min:0
T1 invocations: 1,992
T2 invocations: 5,462
T3 invocations: 236,077
T3b invocations: 0
Total3 invocations: 236,077
Total4 invocations: 0

T3/T2 ratio: 43
T3b/T3 ratio: 0

T1 avg ex cycles: 60
T2 avg ex cycles: 291
T3&b avg ex cycles: 4
T4 avg ex cycles: -nan
Avg. hops NOC1: 7
Avg. latency NOC1 (T2): 12,794
Avg. hops NOC2: 6
Avg. latency NOC2 (T3): 17,660

===PRINTING ACUM STATS at pu_cycles: 2,000,392

ACollision In Avg:82, SD:48, Max:363, Min:8
ACollision Out Avg:63, SD:42, Max:194, Min:6
ACollision End Avg:14, SD:12, Max:63, Min:0
ATask1 Avg:33, SD:2, Max:40, Min:26
ATask2 Avg:126, SD:13, Max:137, Min:0
ATask3 Avg:79, SD:65, Max:614, Min:19
ACore Active Avg:15, SD:4, Max:48, Min:4
ARouter Active Avg:36, SD:11, Max:84, Min:17
T1 invocations: 1,836,647
T2 invocations: 4,661,180
T3 invocations: 100,153,832
T3b invocations: 0
Total3 invocations: 100,153,832
Total4 invocations: 0

T3/T2 ratio: 21
T3b/T3 ratio: 0

T1 avg ex cycles: 91
T2 avg ex cycles: 137
T3&b avg ex cycles: 4
T4 avg ex cycles: -nan
Avg. hops NOC1: 4
Avg. latency NOC1 (T2): 15,313
Avg. hops NOC2: 5
Avg. latency NOC2 (T3): 34,862
Number of K Nodes Processed: 100,178
Number of K Edges Processed: 100,218
Node Re-explore factor: 23.82
Edge Re-explore factor: 0.99
Nodes/cy: 50
Edges/cy: 50
TEPS: 48

---DCache---
DCache Size: 840,800
DRAM words: 0
  DHits: 0
  DMisses: 0

---Energy---
Leakage Energy (nJ): 2,043,786
PU Dyn E (nJ): 6,247,905
Mem Dyn E (nJ): 88,046,241
Route Dyn E (nJ): 15,394,941
Dynamic Energy (nJ): 109,689,088
Ratio of Dyn/Leak: 54
Total Energy (nJ): 111,732,874
Total Energy (nJ) 3D: 118,819,547
Cores Energy (nJ): 6,270,174
Route Energy (nJ): 15,994,422
Route Energy (nJ) 3D: 23,081,095
Mem Energy   (nJ): 89,468,279
Mem Energy   (nJ) 3D: 89,468,279
Avg. Power (mW): 55,855.49
Power Density (mW/mm2): 9.72

---Runtime---
Runtime in K cycles: 2,000.39
Microseconds: 2,000.39
Time per iteration (ms): 2.00

---Throughput---
GOP/s (aka OPS/ns): 284.83
GOP/s per core: 1.11
FLOP/s: 100.17
FLOP/s per core: 0.39
Max Peak FLOP/s: 4,096.00
Avg. BW GB/s: 2,132.63
Max BW GB/s: 16,384.00

---Traffic---
In-Die bisection_bytes BW (GB/s): 256.00
Inter-board traffic (msg/ns): 0.00, per-link: 0.00
Inter-pack traffic (msg/ns): 0.00, per-link: 0.00
Inter-die traffic (msg/ns): 34.58, per-link: 0.14
Ruche traffic (msg/ns): 120.59, per-link: 0.47
All traffic (msg/ns): 526.47, per-link: 2.06
Inter-die reduction wrt all: 15.22
Inter-board reduction wrt inter-die: inf

---Data Movement---
All traffic (msg): 1,053,140,731
Arith. Intensity FLOP/Loads: 0.38
Arith. Intensity FLOP/Msgs: 0.19
Arith. Intensity OPS/Loads: 1.07
Arith. Intensity OPS/Msgs: 0.54



===Core Utilization Total=== CORE-S:20;; TIME K cy:2,000 ;; Nodes Proc: 10,965,984 -- Edges Proc: 12,663,968
======== IT IS COLD ======= Only 0 Tiles active

===PRINTING FRAME STATS

FCollision In Avg:1, SD:10, Max:100, Min:0
FCollision Out Avg:3, SD:18, Max:195, Min:0
FCollision End Avg:0, SD:6, Max:93, Min:0
FTask1 Avg:0, SD:7, Max:108, Min:0
FTask2 Avg:5, SD:80, Max:1,287, Min:0
FTask3 Avg:3, SD:15, Max:220, Min:0
FCore Active Avg:1, SD:5, Max:81, Min:0
FRouter Active Avg:3, SD:9, Max:100, Min:0
T1 invocations: 1,907
T2 invocations: 4,178
T3 invocations: 207,879
T3b invocations: 0
Total3 invocations: 207,879
Total4 invocations: 0

T3/T2 ratio: 50
T3b/T3 ratio: 0

T1 avg ex cycles: 57
T2 avg ex cycles: 308
T3&b avg ex cycles: 4
T4 avg ex cycles: -nan
Avg. hops NOC1: 9
Avg. latency NOC1 (T2): 14,963
Avg. hops NOC2: 6
Avg. latency NOC2 (T3): 21,941

===PRINTING ACUM STATS at pu_cycles: 2,100,385

ACollision In Avg:77, SD:45, Max:350, Min:7
ACollision Out Avg:60, SD:40, Max:185, Min:6
ACollision End Avg:13, SD:12, Max:60, Min:0
ATask1 Avg:31, SD:1, Max:38, Min:25
ATask2 Avg:119, SD:11, Max:126, Min:0
ATask3 Avg:75, SD:61, Max:596, Min:18
ACore Active Avg:14, SD:4, Max:47, Min:4
ARouter Active Avg:35, SD:10, Max:82, Min:16
T1 invocations: 1,838,554
T2 invocations: 4,665,358
T3 invocations: 100,385,235
T3b invocations: 0
Total3 invocations: 100,385,235
Total4 invocations: 0

T3/T2 ratio: 22
T3b/T3 ratio: 0

T1 avg ex cycles: 91
T2 avg ex cycles: 137
T3&b avg ex cycles: 4
T4 avg ex cycles: -nan
Avg. hops NOC1: 4
Avg. latency NOC1 (T2): 15,313
Avg. hops NOC2: 5
Avg. latency NOC2 (T3): 34,831
Number of K Nodes Processed: 100,385
Number of K Edges Processed: 100,437
Node Re-explore factor: 23.87
Edge Re-explore factor: 0.99
Nodes/cy: 48
Edges/cy: 48
TEPS: 45

---DCache---
DCache Size: 840,800
DRAM words: 0
  DHits: 0
  DMisses: 0

---Energy---
Leakage Energy (nJ): 2,145,949
PU Dyn E (nJ): 6,260,481
Mem Dyn E (nJ): 88,234,487
Route Dyn E (nJ): 15,434,182
Dynamic Energy (nJ): 109,929,150
Ratio of Dyn/Leak: 51
Total Energy (nJ): 112,075,099
Total Energy (nJ) 3D: 119,180,636
Cores Energy (nJ): 6,283,862
Route Energy (nJ): 16,063,628
Route Energy (nJ) 3D: 23,169,165
Mem Energy   (nJ): 89,727,609
Mem Energy   (nJ) 3D: 89,727,609
Avg. Power (mW): 53,359.31
Power Density (mW/mm2): 9.29

---Runtime---
Runtime in K cycles: 2,100.39
Microseconds: 2,100.39
Time per iteration (ms): 2.10

---Throughput---
GOP/s (aka OPS/ns): 271.75
GOP/s per core: 1.06
FLOP/s: 95.61
FLOP/s per core: 0.37
Max Peak FLOP/s: 4,096.00
Avg. BW GB/s: 2,035.45
Max BW GB/s: 16,384.00

---Traffic---
In-Die bisection_bytes BW (GB/s): 256.00
Inter-board traffic (msg/ns): 0.00, per-link: 0.00
Inter-pack traffic (msg/ns): 0.00, per-link: 0.00
Inter-die traffic (msg/ns): 32.99, per-link: 0.13
Ruche traffic (msg/ns): 115.14, per-link: 0.45
All traffic (msg/ns): 502.65, per-link: 1.96
Inter-die reduction wrt all: 15.23
Inter-board reduction wrt inter-die: inf

---Data Movement---
All traffic (msg): 1,055,751,718
Arith. Intensity FLOP/Loads: 0.38
Arith. Intensity FLOP/Msgs: 0.19
Arith. Intensity OPS/Loads: 1.07
Arith. Intensity OPS/Msgs: 0.54



===Core Utilization Total=== CORE-S:21;; TIME K cy:2,100 ;; Nodes Proc: 10,979,215 -- Edges Proc: 12,663,968
======== IT IS COLD ======= Only 0 Tiles active

===PRINTING FRAME STATS

FCollision In Avg:1, SD:10, Max:100, Min:0
FCollision Out Avg:3, SD:19, Max:195, Min:0
FCollision End Avg:0, SD:6, Max:96, Min:0
FTask1 Avg:0, SD:7, Max:108, Min:0
FTask2 Avg:6, SD:94, Max:1,512, Min:0
FTask3 Avg:3, SD:15, Max:220, Min:0
FCore Active Avg:1, SD:6, Max:94, Min:0
FRouter Active Avg:3, SD:9, Max:100, Min:0
T1 invocations: 1,907
T2 invocations: 4,784
T3 invocations: 196,426
T3b invocations: 0
Total3 invocations: 196,426
Total4 invocations: 0

T3/T2 ratio: 41
T3b/T3 ratio: 0

T1 avg ex cycles: 57
T2 avg ex cycles: 335
T3&b avg ex cycles: 4
T4 avg ex cycles: -nan
Avg. hops NOC1: 9
Avg. latency NOC1 (T2): 14,444
Avg. hops NOC2: 7
Avg. latency NOC2 (T3): 20,313

===PRINTING ACUM STATS at pu_cycles: 2,200,385

ACollision In Avg:74, SD:43, Max:339, Min:7
ACollision Out Avg:57, SD:38, Max:176, Min:6
ACollision End Avg:12, SD:11, Max:57, Min:0
ATask1 Avg:30, SD:1, Max:38, Min:24
ATask2 Avg:114, SD:8, Max:120, Min:0
ATask3 Avg:71, SD:59, Max:589, Min:17
ACore Active Avg:13, SD:4, Max:46, Min:4
ARouter Active Avg:33, SD:10, Max:81, Min:15
T1 invocations: 1,840,344
T2 invocations: 4,670,335
T3 invocations: 100,649,036
T3b invocations: 0
Total3 invocations: 100,649,036
Total4 invocations: 0

T3/T2 ratio: 22
T3b/T3 ratio: 0

T1 avg ex cycles: 91
T2 avg ex cycles: 137
T3&b avg ex cycles: 4
T4 avg ex cycles: -nan
Avg. hops NOC1: 4
Avg. latency NOC1 (T2): 15,311
Avg. hops NOC2: 5
Avg. latency NOC2 (T3): 34,782
Number of K Nodes Processed: 100,649
Number of K Edges Processed: 100,698
Node Re-explore factor: 23.93
Edge Re-explore factor: 0.99
Nodes/cy: 46
Edges/cy: 46
TEPS: 43

---DCache---
DCache Size: 840,800
DRAM words: 0
  DHits: 0
  DMisses: 0

---Energy---
Leakage Energy (nJ): 2,248,118
PU Dyn E (nJ): 6,275,599
Mem Dyn E (nJ): 88,459,500
Route Dyn E (nJ): 15,482,481
Dynamic Energy (nJ): 110,217,581
Ratio of Dyn/Leak: 49
Total Energy (nJ): 112,465,699
Total Energy (nJ) 3D: 119,594,084
Cores Energy (nJ): 6,300,094
Route Energy (nJ): 16,141,896
Route Energy (nJ) 3D: 23,270,281
Mem Energy   (nJ): 90,023,710
Mem Energy   (nJ) 3D: 90,023,710
Avg. Power (mW): 51,111.83
Power Density (mW/mm2): 8.90

---Runtime---
Runtime in K cycles: 2,200.39
Microseconds: 2,200.39
Time per iteration (ms): 2.20

---Throughput---
GOP/s (aka OPS/ns): 259.93
GOP/s per core: 1.02
FLOP/s: 91.51
FLOP/s per core: 0.36
Max Peak FLOP/s: 4,096.00
Avg. BW GB/s: 1,947.90
Max BW GB/s: 16,384.00

---Traffic---
In-Die bisection_bytes BW (GB/s): 256.00
Inter-board traffic (msg/ns): 0.00, per-link: 0.00
Inter-pack traffic (msg/ns): 0.00, per-link: 0.00
Inter-die traffic (msg/ns): 31.53, per-link: 0.12
Ruche traffic (msg/ns): 110.29, per-link: 0.43
All traffic (msg/ns): 481.24, per-link: 1.88
Inter-die reduction wrt all: 15.26
Inter-board reduction wrt inter-die: inf

---Data Movement---
All traffic (msg): 1,058,924,106
Arith. Intensity FLOP/Loads: 0.38
Arith. Intensity FLOP/Msgs: 0.19
Arith. Intensity OPS/Loads: 1.07
Arith. Intensity OPS/Msgs: 0.54



===Core Utilization Total=== CORE-S:22;; TIME K cy:2,200 ;; Nodes Proc: 10,988,407 -- Edges Proc: 12,663,968
======== IT IS COLD ======= Only 0 Tiles active

===PRINTING FRAME STATS

FCollision In Avg:1, SD:10, Max:110, Min:0
FCollision Out Avg:3, SD:14, Max:112, Min:0
FCollision End Avg:0, SD:4, Max:56, Min:0
FTask1 Avg:0, SD:5, Max:74, Min:0
FTask2 Avg:3, SD:53, Max:856, Min:0
FTask3 Avg:4, SD:29, Max:435, Min:0
FCore Active Avg:0, SD:4, Max:54, Min:0
FRouter Active Avg:3, SD:10, Max:94, Min:0
T1 invocations: 1,619
T2 invocations: 2,312
T3 invocations: 259,384
T3b invocations: 0
Total3 invocations: 259,384
Total4 invocations: 0

T3/T2 ratio: 112
T3b/T3 ratio: 0

T1 avg ex cycles: 46
T2 avg ex cycles: 370
T3&b avg ex cycles: 4
T4 avg ex cycles: -nan
Avg. hops NOC1: 16
Avg. latency NOC1 (T2): 21,799
Avg. hops NOC2: 6
Avg. latency NOC2 (T3): 20,785

===PRINTING ACUM STATS at pu_cycles: 2,300,273

ACollision In Avg:71, SD:42, Max:329, Min:7
ACollision Out Avg:55, SD:37, Max:169, Min:6
ACollision End Avg:12, SD:11, Max:54, Min:0
ATask1 Avg:29, SD:1, Max:40, Min:23
ATask2 Avg:109, SD:7, Max:115, Min:0
ATask3 Avg:69, SD:58, Max:582, Min:16
ACore Active Avg:13, SD:4, Max:46, Min:4
ARouter Active Avg:32, SD:10, Max:80, Min:15
T1 invocations: 1,841,963
T2 invocations: 4,672,647
T3 invocations: 100,907,959
T3b invocations: 0
Total3 invocations: 100,907,959
Total4 invocations: 0

T3/T2 ratio: 22
T3b/T3 ratio: 0

T1 avg ex cycles: 91
T2 avg ex cycles: 137
T3&b avg ex cycles: 4
T4 avg ex cycles: -nan
Avg. hops NOC1: 4
Avg. latency NOC1 (T2): 15,314
Avg. hops NOC2: 5
Avg. latency NOC2 (T3): 34,746
Number of K Nodes Processed: 100,908
Number of K Edges Processed: 100,955
Node Re-explore factor: 23.99
Edge Re-explore factor: 1.00
Nodes/cy: 44
Edges/cy: 44
TEPS: 42

---DCache---
DCache Size: 840,800
DRAM words: 0
  DHits: 0
  DMisses: 0

---Energy---
Leakage Energy (nJ): 2,350,173
PU Dyn E (nJ): 6,286,841
Mem Dyn E (nJ): 88,637,209
Route Dyn E (nJ): 15,527,560
Dynamic Energy (nJ): 110,451,611
Ratio of Dyn/Leak: 47
Total Energy (nJ): 112,801,784
Total Energy (nJ) 3D: 119,950,536
Cores Energy (nJ): 6,312,447
Route Energy (nJ): 16,216,909
Route Energy (nJ) 3D: 23,365,662
Mem Energy   (nJ): 90,272,427
Mem Energy   (nJ) 3D: 90,272,427
Avg. Power (mW): 49,038.43
Power Density (mW/mm2): 8.53

---Runtime---
Runtime in K cycles: 2,300.27
Microseconds: 2,300.27
Time per iteration (ms): 2.30

---Throughput---
GOP/s (aka OPS/ns): 249.02
GOP/s per core: 0.97
FLOP/s: 87.71
FLOP/s per core: 0.34
Max Peak FLOP/s: 4,096.00
Avg. BW GB/s: 1,867.05
Max BW GB/s: 16,384.00

---Traffic---
In-Die bisection_bytes BW (GB/s): 256.00
Inter-board traffic (msg/ns): 0.00, per-link: 0.00
Inter-pack traffic (msg/ns): 0.00, per-link: 0.00
Inter-die traffic (msg/ns): 30.19, per-link: 0.12
Ruche traffic (msg/ns): 105.88, per-link: 0.41
All traffic (msg/ns): 461.64, per-link: 1.80
Inter-die reduction wrt all: 15.29
Inter-board reduction wrt inter-die: inf

---Data Movement---
All traffic (msg): 1,061,906,388
Arith. Intensity FLOP/Loads: 0.38
Arith. Intensity FLOP/Msgs: 0.19
Arith. Intensity OPS/Loads: 1.07
Arith. Intensity OPS/Msgs: 0.54



===Core Utilization Total=== CORE-S:23;; TIME K cy:2,300 ;; Nodes Proc: 10,997,516 -- Edges Proc: 12,663,968
======== IT IS COLD ======= Only 1 Tiles active

===PRINTING FRAME STATS

FCollision In Avg:1, SD:9, Max:96, Min:0
FCollision Out Avg:3, SD:18, Max:196, Min:0
FCollision End Avg:0, SD:4, Max:56, Min:0
FTask1 Avg:0, SD:5, Max:73, Min:0
FTask2 Avg:6, SD:70, Max:856, Min:0
FTask3 Avg:3, SD:19, Max:280, Min:0
FCore Active Avg:1, SD:5, Max:54, Min:0
FRouter Active Avg:3, SD:9, Max:94, Min:0
T1 invocations: 1,455
T2 invocations: 4,351
T3 invocations: 201,912
T3b invocations: 0
Total3 invocations: 201,912
Total4 invocations: 0

T3/T2 ratio: 46
T3b/T3 ratio: 0

T1 avg ex cycles: 50
T2 avg ex cycles: 362
T3&b avg ex cycles: 4
T4 avg ex cycles: -nan
Avg. hops NOC1: 8
Avg. latency NOC1 (T2): 17,437
Avg. hops NOC2: 6
Avg. latency NOC2 (T3): 23,028

===PRINTING ACUM STATS at pu_cycles: 2,400,361

ACollision In Avg:68, SD:40, Max:319, Min:7
ACollision Out Avg:53, SD:36, Max:162, Min:5
ACollision End Avg:11, SD:10, Max:52, Min:1
ATask1 Avg:28, SD:1, Max:41, Min:22
ATask2 Avg:105, SD:3, Max:112, Min:81
ATask3 Avg:66, SD:56, Max:570, Min:16
ACore Active Avg:12, SD:4, Max:45, Min:9
ARouter Active Avg:31, SD:9, Max:78, Min:14
T1 invocations: 1,843,418
T2 invocations: 4,678,340
T3 invocations: 101,093,325
T3b invocations: 0
Total3 invocations: 101,093,325
Total4 invocations: 0

T3/T2 ratio: 22
T3b/T3 ratio: 0

T1 avg ex cycles: 91
T2 avg ex cycles: 138
T3&b avg ex cycles: 4
T4 avg ex cycles: -nan
Avg. hops NOC1: 4
Avg. latency NOC1 (T2): 15,315
Avg. hops NOC2: 5
Avg. latency NOC2 (T3): 34,726
Number of K Nodes Processed: 101,108
Number of K Edges Processed: 101,157
Node Re-explore factor: 24.04
Edge Re-explore factor: 1.00
Nodes/cy: 42
Edges/cy: 42
TEPS: 40

---DCache---
DCache Size: 840,800
DRAM words: 0
  DHits: 0
  DMisses: 0

---Energy---
Leakage Energy (nJ): 2,452,432
PU Dyn E (nJ): 6,301,107
Mem Dyn E (nJ): 88,839,231
Route Dyn E (nJ): 15,567,998
Dynamic Energy (nJ): 110,708,336
Ratio of Dyn/Leak: 45
Total Energy (nJ): 113,160,768
Total Energy (nJ) 3D: 120,328,736
Cores Energy (nJ): 6,327,827
Route Energy (nJ): 16,287,341
Route Energy (nJ) 3D: 23,455,309
Mem Energy   (nJ): 90,545,600
Mem Energy   (nJ) 3D: 90,545,600
Avg. Power (mW): 47,143.23
Power Density (mW/mm2): 8.20

---Runtime---
Runtime in K cycles: 2,400.36
Microseconds: 2,400.36
Time per iteration (ms): 2.40

---Throughput---
GOP/s (aka OPS/ns): 239.10
GOP/s per core: 0.93
FLOP/s: 84.26
FLOP/s per core: 0.33
Max Peak FLOP/s: 4,096.00
Avg. BW GB/s: 1,793.28
Max BW GB/s: 16,384.00

---Traffic---
In-Die bisection_bytes BW (GB/s): 256.00
Inter-board traffic (msg/ns): 0.00, per-link: 0.00
Inter-pack traffic (msg/ns): 0.00, per-link: 0.00
Inter-die traffic (msg/ns): 28.98, per-link: 0.11
Ruche traffic (msg/ns): 101.74, per-link: 0.40
All traffic (msg/ns): 443.47, per-link: 1.73
Inter-die reduction wrt all: 15.30
Inter-board reduction wrt inter-die: inf

---Data Movement---
All traffic (msg): 1,064,495,706
Arith. Intensity FLOP/Loads: 0.38
Arith. Intensity FLOP/Msgs: 0.19
Arith. Intensity OPS/Loads: 1.07
Arith. Intensity OPS/Msgs: 0.54



===Core Utilization Total=== CORE-S:24;; TIME K cy:2,400 ;; Nodes Proc: 11,004,957 -- Edges Proc: 12,663,968
======== IT IS COLD ======= Only 0 Tiles active
Epoch Done Router: 3
Epoch Done Router: 7
Epoch Done Router: 2
Epoch Done Router: 0
Epoch Done Router: 4
Epoch Done Router: 1
Epoch Done Router: 5
Epoch Done Router: 6
##EPOCH## 1 COMPLETED at Time (K cy): 2,465
Nodes processed until now: 101,311,613
Edges processed until now: 101,311,613
Program Done Worker Thread: 0
Program Done Router Thread: 2
Program Done Router Thread: 5
Program Done Worker Thread: 4
Program Done Worker Thread: 6
Program Done Router Thread: 4
Program Done Router Thread: 6
Program Done Worker Thread: 5
Program Done Worker Thread: 2
Program Done Router Thread: 3
Program Done Router Thread: 7
Program Done Worker Thread: 1
Program Done Worker Thread: 3
Program Done Worker Thread: 7
Program Done Router Thread: 1
Program Done Router Thread: 0

===PRINTING ACUM STATS at pu_cycles: 2,465,870

ACollision In Avg:66, SD:39, Max:313, Min:7
ACollision Out Avg:52, SD:35, Max:157, Min:5
ACollision End Avg:11, SD:10, Max:51, Min:1
ATask1 Avg:27, SD:1, Max:42, Min:21
ATask2 Avg:102, SD:2, Max:107, Min:98
ATask3 Avg:64, SD:55, Max:564, Min:15
ACore Active Avg:12, SD:3, Max:44, Min:9
ARouter Active Avg:30, SD:9, Max:77, Min:14
T1 invocations: 1,844,236
T2 invocations: 4,681,226
T3 invocations: 101,311,613
T3b invocations: 0
Total3 invocations: 101,311,613
Total4 invocations: 0

T3/T2 ratio: 22
T3b/T3 ratio: 0

T1 avg ex cycles: 91
T2 avg ex cycles: 138
T3&b avg ex cycles: 4
T4 avg ex cycles: -nan
Avg. hops NOC1: 4
Avg. latency NOC1 (T2): 15,316
Avg. hops NOC2: 5
Avg. latency NOC2 (T3): 34,689

Runtime at program end in K cycles: 2,465
Runtime before cooldown in K cycles: 905


Number of K Nodes Processed: 101,311
Number of K Edges Processed: 101,311
Node Re-explore factor: 24.09
Edge Re-explore factor: 1.00
Nodes/cy: 41
Edges/cy: 41
TEPS: 39

---DCache---
DCache Size: 840,800
DRAM words: 0
  DHits: 0
  DMisses: 0

---Energy---
Leakage Energy (nJ): 2,519,362
PU Dyn E (nJ): 6,311,561
Mem Dyn E (nJ): 89,000,883
Route Dyn E (nJ): 15,608,570
Dynamic Energy (nJ): 110,921,014
Ratio of Dyn/Leak: 44
Total Energy (nJ): 113,440,376
Total Energy (nJ) 3D: 120,627,238
Cores Energy (nJ): 6,339,011
Route Energy (nJ): 16,347,545
Route Energy (nJ) 3D: 23,534,408
Mem Energy   (nJ): 90,753,820
Mem Energy   (nJ) 3D: 90,753,820
Avg. Power (mW): 46,004.20
Power Density (mW/mm2): 8.01

---Runtime---
Runtime in K cycles: 2,465.87
Microseconds: 2,465.87
Time per iteration (ms): 2.47

---Inst---
K Loads: 537,860
K Stores: 540,227
K Instructions: 574,737

---Throughput---
GOP/s (aka OPS/ns): 233.08
GOP/s per core: 0.91
FLOP/s: 82.17
FLOP/s per core: 0.32
Max Peak FLOP/s: 4,096.00
Avg. BW GB/s: 1,748.82
Max BW GB/s: 16,384.00

---Traffic---
In-Die bisection_bytes BW (GB/s): 256.00
Inter-board traffic (msg/ns): 0.00, per-link: 0.00
Inter-pack traffic (msg/ns): 0.00, per-link: 0.00
Inter-die traffic (msg/ns): 28.25, per-link: 0.11
Ruche traffic (msg/ns): 99.32, per-link: 0.39
All traffic (msg/ns): 432.77, per-link: 1.69
Inter-die reduction wrt all: 15.32
Inter-board reduction wrt inter-die: inf

---Data Movement---
All traffic (msg): 1,067,150,983
Arith. Intensity FLOP/Loads: 0.38
Arith. Intensity FLOP/Msgs: 0.19
Arith. Intensity OPS/Loads: 1.07
Arith. Intensity OPS/Msgs: 0.54

Simulation time: 314.82
Sim noc_cy/s: 15,665.51
Sim Msg/s: 3,389,769.46

Version 31

