Dataset:  wikipedia/
Dry run: 0
Open Edge Count File succesfully
Edges Traversed BFS: 95554407
Found Vertices: 4210688, Edges: 101311613
avg degree 25
Array  wikipedia/node_array.bin found
Malloc array of size 16842756 bytes
Readin array of size 16825160 bytes
Finished Reading Array Bytes
No reordering Array 32bit
Array  wikipedia/edge_array.bin found
Malloc array of size 405246452 bytes
Readin array of size 405246452 bytes
Finished Reading Array Bytes
No reordering Array 32bit
Reading graph elapsed time: 0.129496s

Dataset Footprint: 403 MiB
Dataset Footprint per Board: 3380.61 Mb
Dataset injection time (ms): 0.051584
Max Dataset Footprint: 821 MiB

Dataset footprint per tile: 25 KiB
Proxys footprint per tile: 64 KiB
Reserved SRAM per tile: 7 KiB

Ideal SRAM per tile: 96 KiB
reserved_words_for_dataset:25855
dataset_words_per_tile:6448
remaining_sram_words:129278
min_dcache_sram_words_required:6448
dataset_words_per_tile:6448
min_pcache_sram_words_required:8
proxys_words_per_tile:16448
Dcache footprint ratio: 1
Pcache footprint ratio: 1
Dataset Cached: 0
DCache: 6448 words, lines: 403, sets: 403
Proxys Cached: 0
Pcache: 16448 words, sets: 16448
Node per tile: 257
Edge per tile: 6,184
GRID_X: 128
GRID_SIZE: 16,384
smt_per_tile: 1
noc_freq: 1
pu_freq: 1
RUCHE_X: 0
PROXY_W: 16
DIE_W: 128
DIE_H: 128
DIES: 1
BORDER_TILES_PER_DIE: 512
PACK_W: 128
PACK_H: 128
DIES_PACK_FACTOR: 1
DIES_PER_PACK: 1
PACKAGES: 1
BOARD_W: 128
BOARD_H: 128
BOARDS: 1
MUX_BUS: 1
DCACHE: 0
PCACHE: 1
PROXY_FACTOR: 8
CACHE_WAYS: 1
TORUS: 1
PHY_NOCS: 1
WIDE_NOC_ID: 0
NOC_CONF: 1
noc_width: 32
hbm_channel_bit_width: 512
ld_st_op_byte_width: 4
PROXY_ROUTING: 4
WRITE_THROUGH: 0
ASSERT_MODE: 0
GLOBAL_BARRIER: 0
OQ flits: 6 ; 32 ; 64
IQ flits: 6 ; 512 ; 1,024
OQ messages: 2 ; 16 ; 32
IQ messages: 2 ; 256 ; 512
max_task2 size: 64
io_factor_t2: 16
io_factor_t3: 16
io_factor_t3b: 16

Active SRAM Storage per tile: 96 KiB
Total SRAM Storage per tile: 512 KiB
Agreggated SRAM Storage: 8,192 MiB

Inter-Die #links: 4,096
Inter-Die (Gbits): 131,072
Inter-Die (Gbits/mm): 563.524
Bisection BW of Board (Gbits): 32,768
Border IO #Dies: 4
Border IO Die BW (Gbits): 16,384
Off-Board BW Total (Gbits): 65,536
Off-Board BW Density (Gbits/mm): 278
Die side: 58.15 mm
Die border wire density: 563.52 Gbits/mm
HBM wire density: 70.44 Gbits/mm

Tiles per Die: 16,384 (128x128)
Tile Area: 0.19 mm2, side: 0.44 mm
- Core/Rout Area: 0.05 mm2
- SRAM Area: 0.14 mm2
- SRAM/Logic Ratio: 2.80x

Dies per Package: 1 (1x1)
Die Area: 3,381.23 mm2, side: 58.15 mm
- Tiles Area: 3,191.28 mm2
- PHY Area: 189.96 mm2
- MC Area: 0.00 mm2

Packages per Board: 1 (1x1)
Package Area: 3,461.23 mm2, side: 58.83 mm
- IOdie Area: 80.00 mm2
- Dies Area: 3,381.23 mm2
- HBM Area: 0.00 mm2

Boards: 1 (1x1)
Board Area: 3,461.23 mm2
Total Area: 3,461.23 mm2



ESTIMATED COST OF SILICON AND PACKAGING. ONLY VARIABLE, NO FIXED COSTS
Good dies per wafer 3d: 5
Good dies per wafer 2d: 6
--Dies 3D Cost: 1,209.40 $
--Dies 2.5D Cost: 1,007.83 $
--Dies 2D Cost: 1,007.83 $
--HBM Cost: 60.00 $
--IOdie Cost: 8.44 $
--Packaging Cost 3d: 233.07 $
--Packaging Cost 2.5d: 505.18 $
--Packaging Cost 2d: 152.44 $
SiP Cost 3d: 1,510.91 $
SiP Cost 2.5d: 1,581.46 $
SiP Cost 2d: 1,168.71 $
--Board Cost: 3.46 $
Total SiPs Cost 3d: 1,514.37 $
Total SiPs Cost 2.5d: 1,584.92 $
Total SiPs Cost 2d: 1,172.18 $

Perf counters initialized
Mesh connected
Cache structures initialized
Allocated proxys
proxys initialized
Dataset structures initialized


Starting Simulation
INIT epoch: 1
INIT epoch: 1
INIT epoch: 1
INIT epoch: 1
INIT epoch: 1
INIT epoch: 1
INIT epoch: 1
INIT epoch: 1
INIT epoch: 1
INIT epoch: 1
INIT epoch: 1
INIT epoch: 1
INIT epoch: 1
INIT epoch: 1
INIT epoch: 1
INIT epoch: 1

===PRINTING FRAME STATS

FCollision In Avg:-nan, SD:-nan, Max:267, Min:0
FCollision Out Avg:-nan, SD:-nan, Max:108, Min:0
FCollision End Avg:-nan, SD:-nan, Max:41, Min:0
FTask1 Avg:-nan, SD:-nan, Max:100, Min:4
FTask2 Avg:-nan, SD:-nan, Max:0, Min:0
FTask3 Avg:-nan, SD:-nan, Max:94, Min:0
FCore Active Avg:-nan, SD:-nan, Max:100, Min:11
FRouter Active Avg:-nan, SD:-nan, Max:101, Min:21
T1 invocations: 175,814
T2 invocations: 0
T3 invocations: 163,204
T3b invocations: 3,175,546
Total3 invocations: 3,338,750
Total4 invocations: 0

T3/T2 ratio: inf
T3b/T3 ratio: 19

T1 avg ex cycles: 167
T2 avg ex cycles: -nan
T3&b avg ex cycles: 2
T4 avg ex cycles: -nan
Avg. hops NOC1: -nan
Avg. latency NOC1 (T2): -nan
Avg. hops NOC2: 16
Avg. latency NOC2 (T3): 1,933

===PRINTING ACUM STATS at pu_cycles: 10,401

ACollision In Avg:44, SD:42, Max:267, Min:0
ACollision Out Avg:24, SD:30, Max:108, Min:0
ACollision End Avg:0, SD:1, Max:41, Min:0
ATask1 Avg:71, SD:25, Max:100, Min:4
ATask2 Avg:0, SD:0, Max:0, Min:0
ATask3 Avg:16, SD:13, Max:94, Min:0
ACore Active Avg:88, SD:21, Max:100, Min:11
ARouter Active Avg:77, SD:16, Max:101, Min:21
T1 invocations: 643,755
T2 invocations: 0
T3 invocations: 688,462
T3b invocations: 11,534,864
Total3 invocations: 12,223,326
Total4 invocations: 0

T3/T2 ratio: inf
T3b/T3 ratio: 17

T1 avg ex cycles: 162
T2 avg ex cycles: -nan
T3&b avg ex cycles: 2
T4 avg ex cycles: -nan
Avg. hops NOC1: -nan
Avg. latency NOC1 (T2): -nan
Avg. hops NOC2: 15
Avg. latency NOC2 (T3): 1,679
Number of K Nodes Processed: 12,512
Number of K Edges Processed: 12,512
Node Re-explore factor: 2.97
Edge Re-explore factor: 0.12
Nodes/cy: 1,203
Edges/cy: 1,203
TEPS: 9,187

---Pcache---
Pcache Size: 16,448
Cached: 0
  PHits: 0
  PMisses: 0
  PHit Rate (hit/miss): -nan%
  PEvictions: 0
  PEviction Rate (evict/misses): -nan%

---Energy---
Leakage Energy (nJ): 10,954
PU Dyn E (nJ): 882,006
Mem Dyn E (nJ): 2,210,921
Route Dyn E (nJ): 1,083,767
Dynamic Energy (nJ): 4,176,694
Ratio of Dyn/Leak: 381
Total Energy (nJ): 4,187,648
Total Energy (nJ) 3D: 4,283,571
Cores Energy (nJ): 882,470
Route Energy (nJ): 1,084,034
Route Energy (nJ) 3D: 1,179,957
Mem Energy   (nJ): 2,221,146
Mem Energy   (nJ) 3D: 2,221,146
Avg. Power (mW): 402,619.78
Power Density (mW/mm2): 116.32

---Runtime---
Runtime in K cycles: 10.40
Microseconds: 10.40
Time per iteration (ms): 0.01

---Throughput---
GOP/s (aka OPS/ns): 12,305.14
GOP/s per core: 0.75
FLOP/s: 1,576.60
FLOP/s per core: 0.10
Max Peak FLOP/s: 16,384.00
Avg. BW GB/s: 41,560.46
Max BW GB/s: 65,536.00

---Traffic---
In-Die bisection_bytes BW (GB/s): 2,048.00
Inter-board traffic (msg/ns): 0.00, per-link: 0.00
Inter-pack traffic (msg/ns): 0.00, per-link: 0.00
Inter-die traffic (msg/ns): 0.00, per-link: 0.00
Ruche traffic (msg/ns): 0.00, per-link: 0.00
All traffic (msg/ns): 34,736.15, per-link: 2.12
Inter-die reduction wrt all: inf
Inter-board reduction wrt inter-die: -nan

---Data Movement---
All traffic (msg): 361,290,746
Arith. Intensity FLOP/Loads: 0.23
Arith. Intensity FLOP/Msgs: 0.05
Arith. Intensity OPS/Loads: 1.81
Arith. Intensity OPS/Msgs: 0.35



===Core Utilization Total=== CORE-S:1;; TIME K cy:10 ;; Nodes Proc: 788,507 -- Edges Proc: 0

===PRINTING FRAME STATS

FCollision In Avg:40, SD:42, Max:264, Min:0
FCollision Out Avg:22, SD:31, Max:146, Min:0
FCollision End Avg:0, SD:3, Max:138, Min:0
FTask1 Avg:67, SD:25, Max:100, Min:0
FTask2 Avg:0, SD:0, Max:0, Min:0
FTask3 Avg:21, SD:13, Max:100, Min:0
FCore Active Avg:88, SD:23, Max:100, Min:6
FRouter Active Avg:75, SD:17, Max:101, Min:20
T1 invocations: 161,298
T2 invocations: 0
T3 invocations: 203,389
T3b invocations: 4,036,087
Total3 invocations: 4,239,476
Total4 invocations: 0

T3/T2 ratio: inf
T3b/T3 ratio: 20

T1 avg ex cycles: 170
T2 avg ex cycles: -nan
T3&b avg ex cycles: 2
T4 avg ex cycles: -nan
Avg. hops NOC1: -nan
Avg. latency NOC1 (T2): -nan
Avg. hops NOC2: 12
Avg. latency NOC2 (T3): 2,894

===PRINTING ACUM STATS at pu_cycles: 20,401

ACollision In Avg:42, SD:41, Max:265, Min:0
ACollision Out Avg:23, SD:30, Max:115, Min:0
ACollision End Avg:0, SD:2, Max:90, Min:0
ATask1 Avg:69, SD:24, Max:100, Min:2
ATask2 Avg:0, SD:0, Max:0, Min:0
ATask3 Avg:18, SD:13, Max:97, Min:0
ACore Active Avg:88, SD:22, Max:100, Min:8
ARouter Active Avg:76, SD:16, Max:100, Min:21
T1 invocations: 1,239,421
T2 invocations: 0
T3 invocations: 1,482,767
T3b invocations: 25,684,658
Total3 invocations: 27,167,425
Total4 invocations: 0

T3/T2 ratio: inf
T3b/T3 ratio: 17

T1 avg ex cycles: 163
T2 avg ex cycles: -nan
T3&b avg ex cycles: 2
T4 avg ex cycles: -nan
Avg. hops NOC1: -nan
Avg. latency NOC1 (T2): -nan
Avg. hops NOC2: 13
Avg. latency NOC2 (T3): 2,219
Number of K Nodes Processed: 27,472
Number of K Edges Processed: 27,472
Node Re-explore factor: 6.52
Edge Re-explore factor: 0.27
Nodes/cy: 1,347
Edges/cy: 1,347
TEPS: 4,684

---Pcache---
Pcache Size: 16,448
Cached: 0
  PHits: 0
  PMisses: 0
  PHit Rate (hit/miss): -nan%
  PEvictions: 0
  PEviction Rate (evict/misses): -nan%

---Energy---
Leakage Energy (nJ): 21,486
PU Dyn E (nJ): 1,738,234
Mem Dyn E (nJ): 4,717,217
Route Dyn E (nJ): 2,095,250
Dynamic Energy (nJ): 8,550,702
Ratio of Dyn/Leak: 398
Total Energy (nJ): 8,572,188
Total Energy (nJ) 3D: 8,757,636
Cores Energy (nJ): 1,739,143
Route Energy (nJ): 2,095,773
Route Energy (nJ) 3D: 2,281,222
Mem Energy   (nJ): 4,737,272
Mem Energy   (nJ) 3D: 4,737,272
Avg. Power (mW): 420,184.72
Power Density (mW/mm2): 121.40

---Runtime---
Runtime in K cycles: 20.40
Microseconds: 20.40
Time per iteration (ms): 0.02

---Throughput---
GOP/s (aka OPS/ns): 12,479.76
GOP/s per core: 0.76
FLOP/s: 1,555.07
FLOP/s per core: 0.09
Max Peak FLOP/s: 16,384.00
Avg. BW GB/s: 45,129.67
Max BW GB/s: 65,536.00

---Traffic---
In-Die bisection_bytes BW (GB/s): 2,048.00
Inter-board traffic (msg/ns): 0.00, per-link: 0.00
Inter-pack traffic (msg/ns): 0.00, per-link: 0.00
Inter-die traffic (msg/ns): 0.00, per-link: 0.00
Ruche traffic (msg/ns): 0.00, per-link: 0.00
All traffic (msg/ns): 34,584.41, per-link: 2.11
Inter-die reduction wrt all: inf
Inter-board reduction wrt inter-die: -nan

---Data Movement---
All traffic (msg): 705,556,642
Arith. Intensity FLOP/Loads: 0.22
Arith. Intensity FLOP/Msgs: 0.04
Arith. Intensity OPS/Loads: 1.73
Arith. Intensity OPS/Msgs: 0.36



===Core Utilization Total=== CORE-S:2;; TIME K cy:20 ;; Nodes Proc: 1,697,726 -- Edges Proc: 0

===PRINTING FRAME STATS

FCollision In Avg:39, SD:42, Max:251, Min:0
FCollision Out Avg:21, SD:30, Max:153, Min:0
FCollision End Avg:0, SD:3, Max:147, Min:0
FTask1 Avg:67, SD:24, Max:99, Min:0
FTask2 Avg:0, SD:0, Max:0, Min:0
FTask3 Avg:21, SD:13, Max:100, Min:1
FCore Active Avg:88, SD:23, Max:100, Min:5
FRouter Active Avg:75, SD:17, Max:101, Min:20
T1 invocations: 161,060
T2 invocations: 0
T3 invocations: 217,671
T3b invocations: 4,084,611
Total3 invocations: 4,302,282
Total4 invocations: 0

T3/T2 ratio: inf
T3b/T3 ratio: 19

T1 avg ex cycles: 171
T2 avg ex cycles: -nan
T3&b avg ex cycles: 2
T4 avg ex cycles: -nan
Avg. hops NOC1: -nan
Avg. latency NOC1 (T2): -nan
Avg. hops NOC2: 12
Avg. latency NOC2 (T3): 3,071

===PRINTING ACUM STATS at pu_cycles: 30,401

ACollision In Avg:41, SD:41, Max:254, Min:0
ACollision Out Avg:22, SD:29, Max:128, Min:0
ACollision End Avg:0, SD:2, Max:109, Min:0
ATask1 Avg:69, SD:23, Max:98, Min:2
ATask2 Avg:0, SD:0, Max:0, Min:0
ATask3 Avg:19, SD:13, Max:98, Min:2
ACore Active Avg:88, SD:22, Max:100, Min:8
ARouter Active Avg:76, SD:16, Max:100, Min:21
T1 invocations: 1,833,823
T2 invocations: 0
T3 invocations: 2,339,451
T3b invocations: 40,101,470
Total3 invocations: 42,440,921
Total4 invocations: 0

T3/T2 ratio: inf
T3b/T3 ratio: 17

T1 avg ex cycles: 163
T2 avg ex cycles: -nan
T3&b avg ex cycles: 2
T4 avg ex cycles: -nan
Avg. hops NOC1: -nan
Avg. latency NOC1 (T2): -nan
Avg. hops NOC2: 12
Avg. latency NOC2 (T3): 2,439
Number of K Nodes Processed: 42,749
Number of K Edges Processed: 42,749
Node Re-explore factor: 10.15
Edge Re-explore factor: 0.42
Nodes/cy: 1,406
Edges/cy: 1,406
TEPS: 3,143

---Pcache---
Pcache Size: 16,448
Cached: 0
  PHits: 0
  PMisses: 0
  PHit Rate (hit/miss): -nan%
  PEvictions: 0
  PEviction Rate (evict/misses): -nan%

---Energy---
Leakage Energy (nJ): 32,018
PU Dyn E (nJ): 2,600,003
Mem Dyn E (nJ): 7,266,860
Route Dyn E (nJ): 3,107,405
Dynamic Energy (nJ): 12,974,269
Ratio of Dyn/Leak: 405
Total Energy (nJ): 13,006,287
Total Energy (nJ) 3D: 13,281,320
Cores Energy (nJ): 2,601,357
Route Energy (nJ): 3,108,184
Route Energy (nJ) 3D: 3,383,218
Mem Energy   (nJ): 7,296,746
Mem Energy   (nJ) 3D: 7,296,746
Avg. Power (mW): 427,824.33
Power Density (mW/mm2): 123.60

---Runtime---
Runtime in K cycles: 30.40
Microseconds: 30.40
Time per iteration (ms): 0.03

---Throughput---
GOP/s (aka OPS/ns): 12,572.04
GOP/s per core: 0.77
FLOP/s: 1,549.57
FLOP/s per core: 0.09
Max Peak FLOP/s: 16,384.00
Avg. BW GB/s: 46,625.27
Max BW GB/s: 65,536.00

---Traffic---
In-Die bisection_bytes BW (GB/s): 2,048.00
Inter-board traffic (msg/ns): 0.00, per-link: 0.00
Inter-pack traffic (msg/ns): 0.00, per-link: 0.00
Inter-die traffic (msg/ns): 0.00, per-link: 0.00
Ruche traffic (msg/ns): 0.00, per-link: 0.00
All traffic (msg/ns): 34,561.03, per-link: 2.11
Inter-die reduction wrt all: inf
Inter-board reduction wrt inter-die: -nan

---Data Movement---
All traffic (msg): 1,050,689,978
Arith. Intensity FLOP/Loads: 0.21
Arith. Intensity FLOP/Msgs: 0.04
Arith. Intensity OPS/Loads: 1.70
Arith. Intensity OPS/Msgs: 0.36



===Core Utilization Total=== CORE-S:3;; TIME K cy:30 ;; Nodes Proc: 2,617,411 -- Edges Proc: 0

===PRINTING FRAME STATS

FCollision In Avg:38, SD:41, Max:264, Min:0
FCollision Out Avg:20, SD:30, Max:161, Min:0
FCollision End Avg:0, SD:3, Max:140, Min:0
FTask1 Avg:68, SD:24, Max:100, Min:0
FTask2 Avg:0, SD:0, Max:0, Min:0
FTask3 Avg:21, SD:13, Max:100, Min:0
FCore Active Avg:89, SD:22, Max:100, Min:7
FRouter Active Avg:76, SD:17, Max:101, Min:20
T1 invocations: 161,072
T2 invocations: 0
T3 invocations: 232,122
T3b invocations: 4,141,811
Total3 invocations: 4,373,933
Total4 invocations: 0

T3/T2 ratio: inf
T3b/T3 ratio: 18

T1 avg ex cycles: 172
T2 avg ex cycles: -nan
T3&b avg ex cycles: 2
T4 avg ex cycles: -nan
Avg. hops NOC1: -nan
Avg. latency NOC1 (T2): -nan
Avg. hops NOC2: 12
Avg. latency NOC2 (T3): 3,111

===PRINTING ACUM STATS at pu_cycles: 40,402

ACollision In Avg:40, SD:41, Max:253, Min:0
ACollision Out Avg:22, SD:29, Max:136, Min:0
ACollision End Avg:0, SD:2, Max:116, Min:0
ATask1 Avg:68, SD:23, Max:97, Min:2
ATask2 Avg:0, SD:0, Max:0, Min:0
ATask3 Avg:20, SD:13, Max:98, Min:2
ACore Active Avg:88, SD:21, Max:100, Min:8
ARouter Active Avg:75, SD:16, Max:100, Min:21
T1 invocations: 2,424,707
T2 invocations: 0
T3 invocations: 3,220,394
T3b invocations: 54,458,270
Total3 invocations: 57,678,664
Total4 invocations: 0

T3/T2 ratio: inf
T3b/T3 ratio: 17

T1 avg ex cycles: 163
T2 avg ex cycles: -nan
T3&b avg ex cycles: 2
T4 avg ex cycles: -nan
Avg. hops NOC1: -nan
Avg. latency NOC1 (T2): -nan
Avg. hops NOC2: 12
Avg. latency NOC2 (T3): 2,558
Number of K Nodes Processed: 57,994
Number of K Edges Processed: 57,994
Node Re-explore factor: 13.77
Edge Re-explore factor: 0.57
Nodes/cy: 1,435
Edges/cy: 1,435
TEPS: 2,365

---Pcache---
Pcache Size: 16,448
Cached: 0
  PHits: 0
  PMisses: 0
  PHit Rate (hit/miss): -nan%
  PEvictions: 0
  PEviction Rate (evict/misses): -nan%

---Energy---
Leakage Energy (nJ): 42,552
PU Dyn E (nJ): 3,455,855
Mem Dyn E (nJ): 9,807,118
Route Dyn E (nJ): 4,113,557
Dynamic Energy (nJ): 17,376,531
Ratio of Dyn/Leak: 408
Total Energy (nJ): 17,419,083
Total Energy (nJ) 3D: 17,783,170
Cores Energy (nJ): 3,457,655
Route Energy (nJ): 4,114,594
Route Energy (nJ) 3D: 4,478,681
Mem Energy   (nJ): 9,846,835
Mem Energy   (nJ) 3D: 9,846,835
Avg. Power (mW): 431,144.07
Power Density (mW/mm2): 124.56

---Runtime---
Runtime in K cycles: 40.40
Microseconds: 40.40
Time per iteration (ms): 0.04

---Throughput---
GOP/s (aka OPS/ns): 12,598.05
GOP/s per core: 0.77
FLOP/s: 1,543.78
FLOP/s per core: 0.09
Max Peak FLOP/s: 16,384.00
Avg. BW GB/s: 47,333.29
Max BW GB/s: 65,536.00

---Traffic---
In-Die bisection_bytes BW (GB/s): 2,048.00
Inter-board traffic (msg/ns): 0.00, per-link: 0.00
Inter-pack traffic (msg/ns): 0.00, per-link: 0.00
Inter-die traffic (msg/ns): 0.00, per-link: 0.00
Ruche traffic (msg/ns): 0.00, per-link: 0.00
All traffic (msg/ns): 34,500.43, per-link: 2.11
Inter-die reduction wrt all: inf
Inter-board reduction wrt inter-die: -nan

---Data Movement---
All traffic (msg): 1,393,886,362
Arith. Intensity FLOP/Loads: 0.21
Arith. Intensity FLOP/Msgs: 0.04
Arith. Intensity OPS/Loads: 1.68
Arith. Intensity OPS/Msgs: 0.37



===Core Utilization Total=== CORE-S:4;; TIME K cy:40 ;; Nodes Proc: 3,530,601 -- Edges Proc: 0

===PRINTING FRAME STATS

FCollision In Avg:43, SD:34, Max:255, Min:0
FCollision Out Avg:28, SD:24, Max:134, Min:0
FCollision End Avg:0, SD:1, Max:82, Min:0
FTask1 Avg:53, SD:23, Max:100, Min:0
FTask2 Avg:0, SD:0, Max:0, Min:0
FTask3 Avg:26, SD:11, Max:98, Min:0
FCore Active Avg:82, SD:20, Max:100, Min:5
FRouter Active Avg:90, SD:7, Max:101, Min:52
T1 invocations: 134,817
T2 invocations: 0
T3 invocations: 637,248
T3b invocations: 4,596,082
Total3 invocations: 5,233,330
Total4 invocations: 0

T3/T2 ratio: inf
T3b/T3 ratio: 7

T1 avg ex cycles: 161
T2 avg ex cycles: -nan
T3&b avg ex cycles: 2
T4 avg ex cycles: -nan
Avg. hops NOC1: -nan
Avg. latency NOC1 (T2): -nan
Avg. hops NOC2: 14
Avg. latency NOC2 (T3): 2,706

===PRINTING ACUM STATS at pu_cycles: 50,401

ACollision In Avg:41, SD:38, Max:245, Min:0
ACollision Out Avg:23, SD:27, Max:136, Min:0
ACollision End Avg:0, SD:2, Max:110, Min:0
ATask1 Avg:65, SD:19, Max:80, Min:1
ATask2 Avg:0, SD:0, Max:0, Min:0
ATask3 Avg:21, SD:12, Max:96, Min:4
ACore Active Avg:87, SD:19, Max:100, Min:7
ARouter Active Avg:78, SD:14, Max:100, Min:29
T1 invocations: 2,941,164
T2 invocations: 0
T3 invocations: 5,517,519
T3b invocations: 71,158,560
Total3 invocations: 76,676,079
Total4 invocations: 0

T3/T2 ratio: inf
T3b/T3 ratio: 13

T1 avg ex cycles: 162
T2 avg ex cycles: -nan
T3&b avg ex cycles: 2
T4 avg ex cycles: -nan
Avg. hops NOC1: -nan
Avg. latency NOC1 (T2): -nan
Avg. hops NOC2: 13
Avg. latency NOC2 (T3): 2,532
Number of K Nodes Processed: 77,075
Number of K Edges Processed: 77,075
Node Re-explore factor: 18.30
Edge Re-explore factor: 0.76
Nodes/cy: 1,529
Edges/cy: 1,529
TEPS: 1,896

---Pcache---
Pcache Size: 16,448
Cached: 0
  PHits: 0
  PMisses: 0
  PHit Rate (hit/miss): -nan%
  PEvictions: 0
  PEviction Rate (evict/misses): -nan%

---Energy---
Leakage Energy (nJ): 53,082
PU Dyn E (nJ): 4,230,088
Mem Dyn E (nJ): 12,715,763
Route Dyn E (nJ): 5,678,312
Dynamic Energy (nJ): 22,624,163
Ratio of Dyn/Leak: 426
Total Energy (nJ): 22,677,245
Total Energy (nJ) 3D: 23,179,827
Cores Energy (nJ): 4,232,332
Route Energy (nJ): 5,679,605
Route Energy (nJ) 3D: 6,182,187
Mem Energy   (nJ): 12,765,309
Mem Energy   (nJ) 3D: 12,765,309
Avg. Power (mW): 449,936.42
Power Density (mW/mm2): 129.99

---Runtime---
Runtime in K cycles: 50.40
Microseconds: 50.40
Time per iteration (ms): 0.05

---Throughput---
GOP/s (aka OPS/ns): 12,455.89
GOP/s per core: 0.76
FLOP/s: 1,491.09
FLOP/s per core: 0.09
Max Peak FLOP/s: 16,384.00
Avg. BW GB/s: 49,140.67
Max BW GB/s: 65,536.00

---Traffic---
In-Die bisection_bytes BW (GB/s): 2,048.00
Inter-board traffic (msg/ns): 0.00, per-link: 0.00
Inter-pack traffic (msg/ns): 0.00, per-link: 0.00
Inter-die traffic (msg/ns): 0.00, per-link: 0.00
Ruche traffic (msg/ns): 0.00, per-link: 0.00
All traffic (msg/ns): 38,059.17, per-link: 2.32
Inter-die reduction wrt all: inf
Inter-board reduction wrt inter-die: -nan

---Data Movement---
All traffic (msg): 1,918,220,374
Arith. Intensity FLOP/Loads: 0.19
Arith. Intensity FLOP/Msgs: 0.04
Arith. Intensity OPS/Loads: 1.63
Arith. Intensity OPS/Msgs: 0.33



===Core Utilization Total=== CORE-S:5;; TIME K cy:50 ;; Nodes Proc: 4,679,015 -- Edges Proc: 0

===PRINTING FRAME STATS

FCollision In Avg:51, SD:33, Max:221, Min:0
FCollision Out Avg:37, SD:32, Max:173, Min:0
FCollision End Avg:0, SD:0, Max:7, Min:0
FTask1 Avg:29, SD:34, Max:100, Min:0
FTask2 Avg:0, SD:0, Max:0, Min:0
FTask3 Avg:24, SD:12, Max:82, Min:0
FCore Active Avg:59, SD:29, Max:100, Min:4
FRouter Active Avg:91, SD:11, Max:101, Min:35
T1 invocations: 73,955
T2 invocations: 0
T3 invocations: 835,656
T3b invocations: 3,996,669
Total3 invocations: 4,832,325
Total4 invocations: 0

T3/T2 ratio: inf
T3b/T3 ratio: 5

T1 avg ex cycles: 160
T2 avg ex cycles: -nan
T3&b avg ex cycles: 2
T4 avg ex cycles: -nan
Avg. hops NOC1: -nan
Avg. latency NOC1 (T2): -nan
Avg. hops NOC2: 16
Avg. latency NOC2 (T3): 1,384

===PRINTING ACUM STATS at pu_cycles: 60,400

ACollision In Avg:42, SD:33, Max:222, Min:1
ACollision Out Avg:25, SD:24, Max:121, Min:0
ACollision End Avg:0, SD:2, Max:92, Min:0
ATask1 Avg:59, SD:12, Max:69, Min:5
ATask2 Avg:0, SD:0, Max:0, Min:0
ATask3 Avg:21, SD:10, Max:91, Min:4
ACore Active Avg:82, SD:16, Max:100, Min:10
ARouter Active Avg:80, SD:12, Max:100, Min:39
T1 invocations: 3,286,663
T2 invocations: 0
T3 invocations: 8,667,062
T3b invocations: 86,853,387
Total3 invocations: 95,520,449
Total4 invocations: 0

T3/T2 ratio: inf
T3b/T3 ratio: 10

T1 avg ex cycles: 162
T2 avg ex cycles: -nan
T3&b avg ex cycles: 2
T4 avg ex cycles: -nan
Avg. hops NOC1: -nan
Avg. latency NOC1 (T2): -nan
Avg. hops NOC2: 13
Avg. latency NOC2 (T3): 2,319
Number of K Nodes Processed: 95,938
Number of K Edges Processed: 95,938
Node Re-explore factor: 22.78
Edge Re-explore factor: 0.95
Nodes/cy: 1,588
Edges/cy: 1,588
TEPS: 1,582

---Pcache---
Pcache Size: 16,448
Cached: 0
  PHits: 0
  PMisses: 0
  PHit Rate (hit/miss): -nan%
  PEvictions: 0
  PEviction Rate (evict/misses): -nan%

---Energy---
Leakage Energy (nJ): 63,613
PU Dyn E (nJ): 4,814,116
Mem Dyn E (nJ): 15,437,750
Route Dyn E (nJ): 7,430,361
Dynamic Energy (nJ): 27,682,228
Ratio of Dyn/Leak: 435
Total Energy (nJ): 27,745,841
Total Energy (nJ) 3D: 28,403,495
Cores Energy (nJ): 4,816,806
Route Energy (nJ): 7,431,910
Route Energy (nJ) 3D: 8,089,565
Mem Energy   (nJ): 15,497,125
Mem Energy   (nJ) 3D: 15,497,125
Avg. Power (mW): 459,368.24
Power Density (mW/mm2): 132.72

---Runtime---
Runtime in K cycles: 60.40
Microseconds: 60.40
Time per iteration (ms): 0.06

---Throughput---
GOP/s (aka OPS/ns): 11,935.05
GOP/s per core: 0.73
FLOP/s: 1,389.49
FLOP/s per core: 0.08
Max Peak FLOP/s: 16,384.00
Avg. BW GB/s: 49,724.07
Max BW GB/s: 65,536.00

---Traffic---
In-Die bisection_bytes BW (GB/s): 2,048.00
Inter-board traffic (msg/ns): 0.00, per-link: 0.00
Inter-pack traffic (msg/ns): 0.00, per-link: 0.00
Inter-die traffic (msg/ns): 0.00, per-link: 0.00
Ruche traffic (msg/ns): 0.00, per-link: 0.00
All traffic (msg/ns): 41,398.36, per-link: 2.53
Inter-die reduction wrt all: inf
Inter-board reduction wrt inter-die: -nan

---Data Movement---
All traffic (msg): 2,500,461,026
Arith. Intensity FLOP/Loads: 0.18
Arith. Intensity FLOP/Msgs: 0.03
Arith. Intensity OPS/Loads: 1.56
Arith. Intensity OPS/Msgs: 0.29



===Core Utilization Total=== CORE-S:6;; TIME K cy:60 ;; Nodes Proc: 5,812,978 -- Edges Proc: 0

===PRINTING FRAME STATS

FCollision In Avg:43, SD:32, Max:206, Min:0
FCollision Out Avg:25, SD:26, Max:174, Min:0
FCollision End Avg:0, SD:0, Max:4, Min:0
FTask1 Avg:18, SD:33, Max:100, Min:0
FTask2 Avg:0, SD:0, Max:0, Min:0
FTask3 Avg:23, SD:13, Max:98, Min:0
FCore Active Avg:50, SD:28, Max:100, Min:3
FRouter Active Avg:92, SD:8, Max:101, Min:42
T1 invocations: 42,927
T2 invocations: 0
T3 invocations: 1,019,684
T3b invocations: 3,724,109
Total3 invocations: 4,743,793
Total4 invocations: 0

T3/T2 ratio: inf
T3b/T3 ratio: 4

T1 avg ex cycles: 171
T2 avg ex cycles: -nan
T3&b avg ex cycles: 2
T4 avg ex cycles: -nan
Avg. hops NOC1: -nan
Avg. latency NOC1 (T2): -nan
Avg. hops NOC2: 16
Avg. latency NOC2 (T3): 850

===PRINTING ACUM STATS at pu_cycles: 70,402

ACollision In Avg:43, SD:29, Max:207, Min:1
ACollision Out Avg:25, SD:22, Max:106, Min:0
ACollision End Avg:0, SD:2, Max:79, Min:0
ATask1 Avg:53, SD:7, Max:59, Min:8
ATask2 Avg:0, SD:0, Max:0, Min:0
ATask3 Avg:22, SD:10, Max:85, Min:4
ACore Active Avg:78, SD:13, Max:100, Min:15
ARouter Active Avg:82, SD:11, Max:100, Min:42
T1 invocations: 3,528,303
T2 invocations: 0
T3 invocations: 12,585,696
T3b invocations: 102,297,549
Total3 invocations: 114,883,245
Total4 invocations: 0

T3/T2 ratio: inf
T3b/T3 ratio: 8

T1 avg ex cycles: 163
T2 avg ex cycles: -nan
T3&b avg ex cycles: 2
T4 avg ex cycles: -nan
Avg. hops NOC1: -nan
Avg. latency NOC1 (T2): -nan
Avg. hops NOC2: 14
Avg. latency NOC2 (T3): 2,111
Number of K Nodes Processed: 115,255
Number of K Edges Processed: 115,255
Node Re-explore factor: 27.37
Edge Re-explore factor: 1.14
Nodes/cy: 1,637
Edges/cy: 1,637
TEPS: 1,357

---Pcache---
Pcache Size: 16,448
Cached: 0
  PHits: 0
  PMisses: 0
  PHit Rate (hit/miss): -nan%
  PEvictions: 0
  PEviction Rate (evict/misses): -nan%

---Energy---
Leakage Energy (nJ): 74,148
PU Dyn E (nJ): 5,294,486
Mem Dyn E (nJ): 18,128,250
Route Dyn E (nJ): 9,305,238
Dynamic Energy (nJ): 32,727,974
Ratio of Dyn/Leak: 441
Total Energy (nJ): 32,802,122
Total Energy (nJ) 3D: 33,625,720
Cores Energy (nJ): 5,297,621
Route Energy (nJ): 9,307,043
Route Energy (nJ) 3D: 10,130,641
Mem Energy   (nJ): 18,197,458
Mem Energy   (nJ) 3D: 18,197,458
Avg. Power (mW): 465,925.99
Power Density (mW/mm2): 134.61

---Runtime---
Runtime in K cycles: 70.40
Microseconds: 70.40
Time per iteration (ms): 0.07

---Throughput---
GOP/s (aka OPS/ns): 11,368.95
GOP/s per core: 0.69
FLOP/s: 1,284.09
FLOP/s per core: 0.08
Max Peak FLOP/s: 16,384.00
Avg. BW GB/s: 50,037.76
Max BW GB/s: 65,536.00

---Traffic---
In-Die bisection_bytes BW (GB/s): 2,048.00
Inter-board traffic (msg/ns): 0.00, per-link: 0.00
Inter-pack traffic (msg/ns): 0.00, per-link: 0.00
Inter-die traffic (msg/ns): 0.00, per-link: 0.00
Ruche traffic (msg/ns): 0.00, per-link: 0.00
All traffic (msg/ns): 44,344.12, per-link: 2.71
Inter-die reduction wrt all: inf
Inter-board reduction wrt inter-die: -nan

---Data Movement---
All traffic (msg): 3,121,914,422
Arith. Intensity FLOP/Loads: 0.17
Arith. Intensity FLOP/Msgs: 0.03
Arith. Intensity OPS/Loads: 1.50
Arith. Intensity OPS/Msgs: 0.26



===Core Utilization Total=== CORE-S:7;; TIME K cy:70 ;; Nodes Proc: 6,940,134 -- Edges Proc: 0

===PRINTING FRAME STATS

FCollision In Avg:29, SD:30, Max:172, Min:0
FCollision Out Avg:14, SD:21, Max:125, Min:0
FCollision End Avg:0, SD:0, Max:4, Min:0
FTask1 Avg:11, SD:27, Max:100, Min:0
FTask2 Avg:0, SD:0, Max:0, Min:0
FTask3 Avg:21, SD:11, Max:88, Min:0
FCore Active Avg:39, SD:26, Max:100, Min:3
FRouter Active Avg:88, SD:9, Max:101, Min:52
T1 invocations: 23,918
T2 invocations: 0
T3 invocations: 1,042,419
T3b invocations: 3,210,181
Total3 invocations: 4,252,600
Total4 invocations: 0

T3/T2 ratio: inf
T3b/T3 ratio: 3

T1 avg ex cycles: 180
T2 avg ex cycles: -nan
T3&b avg ex cycles: 2
T4 avg ex cycles: -nan
Avg. hops NOC1: -nan
Avg. latency NOC1 (T2): -nan
Avg. hops NOC2: 16
Avg. latency NOC2 (T3): 720

===PRINTING ACUM STATS at pu_cycles: 80,397

ACollision In Avg:41, SD:27, Max:195, Min:2
ACollision Out Avg:24, SD:20, Max:92, Min:0
ACollision End Avg:0, SD:1, Max:69, Min:0
ATask1 Avg:48, SD:4, Max:51, Min:13
ATask2 Avg:0, SD:0, Max:0, Min:0
ATask3 Avg:22, SD:9, Max:81, Min:4
ACore Active Avg:73, SD:10, Max:100, Min:23
ARouter Active Avg:83, SD:10, Max:100, Min:47
T1 invocations: 3,695,058
T2 invocations: 0
T3 invocations: 16,533,549
T3b invocations: 115,610,220
Total3 invocations: 132,143,769
Total4 invocations: 0

T3/T2 ratio: inf
T3b/T3 ratio: 7

T1 avg ex cycles: 163
T2 avg ex cycles: -nan
T3&b avg ex cycles: 2
T4 avg ex cycles: -nan
Avg. hops NOC1: -nan
Avg. latency NOC1 (T2): -nan
Avg. hops NOC2: 14
Avg. latency NOC2 (T3): 1,970
Number of K Nodes Processed: 132,486
Number of K Edges Processed: 132,486
Node Re-explore factor: 31.46
Edge Re-explore factor: 1.31
Nodes/cy: 1,648
Edges/cy: 1,648
TEPS: 1,189

---Pcache---
Pcache Size: 16,448
Cached: 0
  PHits: 0
  PMisses: 0
  PHit Rate (hit/miss): -nan%
  PEvictions: 0
  PEviction Rate (evict/misses): -nan%

---Energy---
Leakage Energy (nJ): 84,674
PU Dyn E (nJ): 5,669,984
Mem Dyn E (nJ): 20,479,839
Route Dyn E (nJ): 10,975,484
Dynamic Energy (nJ): 37,125,308
Ratio of Dyn/Leak: 438
Total Energy (nJ): 37,209,982
Total Energy (nJ) 3D: 38,181,413
Cores Energy (nJ): 5,673,564
Route Energy (nJ): 10,977,546
Route Energy (nJ) 3D: 11,948,976
Mem Energy   (nJ): 20,558,873
Mem Energy   (nJ) 3D: 20,558,873
Avg. Power (mW): 462,828.00
Power Density (mW/mm2): 133.72

---Runtime---
Runtime in K cycles: 80.40
Microseconds: 80.40
Time per iteration (ms): 0.08

---Throughput---
GOP/s (aka OPS/ns): 10,748.98
GOP/s per core: 0.66
FLOP/s: 1,182.36
FLOP/s per core: 0.07
Max Peak FLOP/s: 16,384.00
Avg. BW GB/s: 49,457.81
Max BW GB/s: 65,536.00

---Traffic---
In-Die bisection_bytes BW (GB/s): 2,048.00
Inter-board traffic (msg/ns): 0.00, per-link: 0.00
Inter-pack traffic (msg/ns): 0.00, per-link: 0.00
Inter-die traffic (msg/ns): 0.00, per-link: 0.00
Ruche traffic (msg/ns): 0.00, per-link: 0.00
All traffic (msg/ns): 45,717.66, per-link: 2.79
Inter-die reduction wrt all: inf
Inter-board reduction wrt inter-die: -nan

---Data Movement---
All traffic (msg): 3,675,562,410
Arith. Intensity FLOP/Loads: 0.16
Arith. Intensity FLOP/Msgs: 0.03
Arith. Intensity OPS/Loads: 1.46
Arith. Intensity OPS/Msgs: 0.24



===Core Utilization Total=== CORE-S:8;; TIME K cy:80 ;; Nodes Proc: 7,991,809 -- Edges Proc: 0

===PRINTING FRAME STATS

FCollision In Avg:17, SD:26, Max:189, Min:0
FCollision Out Avg:6, SD:15, Max:105, Min:0
FCollision End Avg:0, SD:0, Max:3, Min:0
FTask1 Avg:5, SD:19, Max:100, Min:0
FTask2 Avg:0, SD:0, Max:0, Min:0
FTask3 Avg:17, SD:11, Max:92, Min:0
FCore Active Avg:29, SD:23, Max:100, Min:2
FRouter Active Avg:79, SD:14, Max:101, Min:30
T1 invocations: 11,406
T2 invocations: 0
T3 invocations: 879,672
T3b invocations: 2,582,212
Total3 invocations: 3,461,884
Total4 invocations: 0

T3/T2 ratio: inf
T3b/T3 ratio: 3

T1 avg ex cycles: 188
T2 avg ex cycles: -nan
T3&b avg ex cycles: 2
T4 avg ex cycles: -nan
Avg. hops NOC1: -nan
Avg. latency NOC1 (T2): -nan
Avg. hops NOC2: 16
Avg. latency NOC2 (T3): 571

===PRINTING ACUM STATS at pu_cycles: 90,401

ACollision In Avg:38, SD:25, Max:185, Min:2
ACollision Out Avg:22, SD:19, Max:82, Min:0
ACollision End Avg:0, SD:1, Max:62, Min:0
ATask1 Avg:43, SD:2, Max:46, Min:19
ATask2 Avg:0, SD:0, Max:0, Min:0
ATask3 Avg:21, SD:9, Max:79, Min:5
ACore Active Avg:68, SD:9, Max:100, Min:31
ARouter Active Avg:82, SD:9, Max:100, Min:48
T1 invocations: 3,798,951
T2 invocations: 0
T3 invocations: 20,123,536
T3b invocations: 126,908,011
Total3 invocations: 147,031,547
Total4 invocations: 0

T3/T2 ratio: inf
T3b/T3 ratio: 6

T1 avg ex cycles: 164
T2 avg ex cycles: -nan
T3&b avg ex cycles: 2
T4 avg ex cycles: -nan
Avg. hops NOC1: -nan
Avg. latency NOC1 (T2): -nan
Avg. hops NOC2: 14
Avg. latency NOC2 (T3): 1,863
Number of K Nodes Processed: 147,297
Number of K Edges Processed: 147,297
Node Re-explore factor: 34.98
Edge Re-explore factor: 1.45
Nodes/cy: 1,629
Edges/cy: 1,629
TEPS: 1,057

---Pcache---
Pcache Size: 16,448
Cached: 0
  PHits: 0
  PMisses: 0
  PHit Rate (hit/miss): -nan%
  PEvictions: 0
  PEviction Rate (evict/misses): -nan%

---Energy---
Leakage Energy (nJ): 95,211
PU Dyn E (nJ): 5,944,276
Mem Dyn E (nJ): 22,464,320
Route Dyn E (nJ): 12,429,424
Dynamic Energy (nJ): 40,838,021
Ratio of Dyn/Leak: 429
Total Energy (nJ): 40,933,232
Total Energy (nJ) 3D: 42,033,349
Cores Energy (nJ): 5,948,302
Route Energy (nJ): 12,431,742
Route Energy (nJ) 3D: 13,531,859
Mem Energy   (nJ): 22,553,188
Mem Energy   (nJ) 3D: 22,553,188
Avg. Power (mW): 452,796.23
Power Density (mW/mm2): 130.82

---Runtime---
Runtime in K cycles: 90.40
Microseconds: 90.40
Time per iteration (ms): 0.09

---Throughput---
GOP/s (aka OPS/ns): 10,094.45
GOP/s per core: 0.62
FLOP/s: 1,084.26
FLOP/s per core: 0.07
Max Peak FLOP/s: 16,384.00
Avg. BW GB/s: 48,212.84
Max BW GB/s: 65,536.00

---Traffic---
In-Die bisection_bytes BW (GB/s): 2,048.00
Inter-board traffic (msg/ns): 0.00, per-link: 0.00
Inter-pack traffic (msg/ns): 0.00, per-link: 0.00
Inter-die traffic (msg/ns): 0.00, per-link: 0.00
Ruche traffic (msg/ns): 0.00, per-link: 0.00
All traffic (msg/ns): 45,986.60, per-link: 2.81
Inter-die reduction wrt all: inf
Inter-board reduction wrt inter-die: -nan

---Data Movement---
All traffic (msg): 4,157,234,740
Arith. Intensity FLOP/Loads: 0.15
Arith. Intensity FLOP/Msgs: 0.02
Arith. Intensity OPS/Loads: 1.42
Arith. Intensity OPS/Msgs: 0.22



===Core Utilization Total=== CORE-S:9;; TIME K cy:90 ;; Nodes Proc: 8,782,481 -- Edges Proc: 0
======== IT IS COLD ======= Only 437 Tiles active

===PRINTING FRAME STATS

FCollision In Avg:9, SD:18, Max:100, Min:0
FCollision Out Avg:2, SD:7, Max:59, Min:0
FCollision End Avg:0, SD:0, Max:3, Min:0
FTask1 Avg:2, SD:11, Max:100, Min:0
FTask2 Avg:0, SD:0, Max:0, Min:0
FTask3 Avg:12, SD:10, Max:71, Min:0
FCore Active Avg:19, SD:18, Max:100, Min:1
FRouter Active Avg:64, SD:19, Max:101, Min:16
T1 invocations: 3,838
T2 invocations: 0
T3 invocations: 663,635
T3b invocations: 1,804,731
Total3 invocations: 2,468,366
Total4 invocations: 0

T3/T2 ratio: inf
T3b/T3 ratio: 3

T1 avg ex cycles: 191
T2 avg ex cycles: -nan
T3&b avg ex cycles: 2
T4 avg ex cycles: -nan
Avg. hops NOC1: -nan
Avg. latency NOC1 (T2): -nan
Avg. hops NOC2: 16
Avg. latency NOC2 (T3): 418

===PRINTING ACUM STATS at pu_cycles: 100,382

ACollision In Avg:35, SD:23, Max:175, Min:2
ACollision Out Avg:20, SD:17, Max:75, Min:0
ACollision End Avg:0, SD:1, Max:56, Min:0
ATask1 Avg:39, SD:1, Max:41, Min:24
ATask2 Avg:0, SD:0, Max:0, Min:0
ATask3 Avg:20, SD:8, Max:75, Min:5
ACore Active Avg:63, SD:8, Max:100, Min:38
ARouter Active Avg:80, SD:10, Max:99, Min:45
T1 invocations: 3,848,244
T2 invocations: 0
T3 invocations: 22,934,632
T3b invocations: 134,955,126
Total3 invocations: 157,889,758
Total4 invocations: 0

T3/T2 ratio: inf
T3b/T3 ratio: 6

T1 avg ex cycles: 164
T2 avg ex cycles: -nan
T3&b avg ex cycles: 2
T4 avg ex cycles: -nan
Avg. hops NOC1: -nan
Avg. latency NOC1 (T2): -nan
Avg. hops NOC2: 14
Avg. latency NOC2 (T3): 1,781
Number of K Nodes Processed: 158,071
Number of K Edges Processed: 158,071
Node Re-explore factor: 37.54
Edge Re-explore factor: 1.56
Nodes/cy: 1,575
Edges/cy: 1,575
TEPS: 952

---Pcache---
Pcache Size: 16,448
Cached: 0
  PHits: 0
  PMisses: 0
  PHit Rate (hit/miss): -nan%
  PEvictions: 0
  PEviction Rate (evict/misses): -nan%

---Energy---
Leakage Energy (nJ): 105,723
PU Dyn E (nJ): 6,110,803
Mem Dyn E (nJ): 23,882,050
Route Dyn E (nJ): 13,487,906
Dynamic Energy (nJ): 43,480,759
Ratio of Dyn/Leak: 411
Total Energy (nJ): 43,586,482
Total Energy (nJ) 3D: 44,780,284
Cores Energy (nJ): 6,115,273
Route Energy (nJ): 13,490,480
Route Energy (nJ) 3D: 14,684,282
Mem Energy   (nJ): 23,980,729
Mem Energy   (nJ) 3D: 23,980,729
Avg. Power (mW): 434,206.15
Power Density (mW/mm2): 125.45

---Runtime---
Runtime in K cycles: 100.38
Microseconds: 100.38
Time per iteration (ms): 0.10

---Throughput---
GOP/s (aka OPS/ns): 9,397.32
GOP/s per core: 0.57
FLOP/s: 990.83
FLOP/s per core: 0.06
Max Peak FLOP/s: 16,384.00
Avg. BW GB/s: 46,136.04
Max BW GB/s: 65,536.00

---Traffic---
In-Die bisection_bytes BW (GB/s): 2,048.00
Inter-board traffic (msg/ns): 0.00, per-link: 0.00
Inter-pack traffic (msg/ns): 0.00, per-link: 0.00
Inter-die traffic (msg/ns): 0.00, per-link: 0.00
Ruche traffic (msg/ns): 0.00, per-link: 0.00
All traffic (msg/ns): 44,907.82, per-link: 2.74
Inter-die reduction wrt all: inf
Inter-board reduction wrt inter-die: -nan

---Data Movement---
All traffic (msg): 4,507,936,554
Arith. Intensity FLOP/Loads: 0.15
Arith. Intensity FLOP/Msgs: 0.02
Arith. Intensity OPS/Loads: 1.39
Arith. Intensity OPS/Msgs: 0.21



===Core Utilization Total=== CORE-S:10;; TIME K cy:100 ;; Nodes Proc: 9,367,562 -- Edges Proc: 0
======== IT IS COLD ======= Only 245 Tiles active

===PRINTING FRAME STATS

FCollision In Avg:3, SD:11, Max:95, Min:0
FCollision Out Avg:0, SD:3, Max:37, Min:0
FCollision End Avg:0, SD:0, Max:1, Min:0
FTask1 Avg:0, SD:5, Max:98, Min:0
FTask2 Avg:0, SD:0, Max:0, Min:0
FTask3 Avg:7, SD:7, Max:63, Min:0
FCore Active Avg:10, SD:12, Max:100, Min:0
FRouter Active Avg:42, SD:19, Max:101, Min:5
T1 invocations: 747
T2 invocations: 0
T3 invocations: 384,973
T3b invocations: 1,030,194
Total3 invocations: 1,415,167
Total4 invocations: 0

T3/T2 ratio: inf
T3b/T3 ratio: 3

T1 avg ex cycles: 197
T2 avg ex cycles: -nan
T3&b avg ex cycles: 2
T4 avg ex cycles: -nan
Avg. hops NOC1: -nan
Avg. latency NOC1 (T2): -nan
Avg. hops NOC2: 15
Avg. latency NOC2 (T3): 223

===PRINTING ACUM STATS at pu_cycles: 110,396

ACollision In Avg:32, SD:22, Max:161, Min:1
ACollision Out Avg:18, SD:15, Max:69, Min:0
ACollision End Avg:0, SD:1, Max:51, Min:0
ATask1 Avg:36, SD:0, Max:37, Min:30
ATask2 Avg:0, SD:0, Max:0, Min:0
ATask3 Avg:19, SD:8, Max:68, Min:6
ACore Active Avg:58, SD:8, Max:100, Min:42
ARouter Active Avg:77, SD:10, Max:99, Min:43
T1 invocations: 3,878,831
T2 invocations: 0
T3 invocations: 24,755,292
T3b invocations: 139,970,689
Total3 invocations: 164,725,981
Total4 invocations: 0

T3/T2 ratio: inf
T3b/T3 ratio: 6

T1 avg ex cycles: 164
T2 avg ex cycles: -nan
T3&b avg ex cycles: 2
T4 avg ex cycles: -nan
Avg. hops NOC1: -nan
Avg. latency NOC1 (T2): -nan
Avg. hops NOC2: 14
Avg. latency NOC2 (T3): 1,733
Number of K Nodes Processed: 164,821
Number of K Edges Processed: 164,821
Node Re-explore factor: 39.14
Edge Re-explore factor: 1.63
Nodes/cy: 1,493
Edges/cy: 1,493
TEPS: 866

---Pcache---
Pcache Size: 16,448
Cached: 0
  PHits: 0
  PMisses: 0
  PHit Rate (hit/miss): -nan%
  PEvictions: 0
  PEviction Rate (evict/misses): -nan%

---Energy---
Leakage Energy (nJ): 116,269
PU Dyn E (nJ): 6,214,845
Mem Dyn E (nJ): 24,773,935
Route Dyn E (nJ): 14,157,942
Dynamic Energy (nJ): 45,146,723
Ratio of Dyn/Leak: 388
Total Energy (nJ): 45,262,992
Total Energy (nJ) 3D: 46,516,099
Cores Energy (nJ): 6,219,761
Route Energy (nJ): 14,160,773
Route Energy (nJ) 3D: 15,413,879
Mem Energy   (nJ): 24,882,459
Mem Energy   (nJ) 3D: 24,882,459
Avg. Power (mW): 410,005.73
Power Density (mW/mm2): 118.46

---Runtime---
Runtime in K cycles: 110.40
Microseconds: 110.40
Time per iteration (ms): 0.11

---Throughput---
GOP/s (aka OPS/ns): 8,719.42
GOP/s per core: 0.53
FLOP/s: 909.03
FLOP/s per core: 0.06
Max Peak FLOP/s: 16,384.00
Avg. BW GB/s: 43,505.19
Max BW GB/s: 65,536.00

---Traffic---
In-Die bisection_bytes BW (GB/s): 2,048.00
Inter-board traffic (msg/ns): 0.00, per-link: 0.00
Inter-pack traffic (msg/ns): 0.00, per-link: 0.00
Inter-die traffic (msg/ns): 0.00, per-link: 0.00
Ruche traffic (msg/ns): 0.00, per-link: 0.00
All traffic (msg/ns): 42,844.50, per-link: 2.62
Inter-die reduction wrt all: inf
Inter-board reduction wrt inter-die: -nan

---Data Movement---
All traffic (msg): 4,729,861,972
Arith. Intensity FLOP/Loads: 0.14
Arith. Intensity FLOP/Msgs: 0.02
Arith. Intensity OPS/Loads: 1.37
Arith. Intensity OPS/Msgs: 0.20



===Core Utilization Total=== CORE-S:11;; TIME K cy:110 ;; Nodes Proc: 9,766,447 -- Edges Proc: 0
======== IT IS COLD ======= Only 174 Tiles active

===PRINTING FRAME STATS

FCollision In Avg:1, SD:10, Max:94, Min:0
FCollision Out Avg:0, SD:2, Max:26, Min:0
FCollision End Avg:0, SD:0, Max:0, Min:0
FTask1 Avg:0, SD:1, Max:59, Min:0
FTask2 Avg:0, SD:0, Max:0, Min:0
FTask3 Avg:3, SD:4, Max:56, Min:0
FCore Active Avg:4, SD:6, Max:91, Min:0
FRouter Active Avg:21, SD:14, Max:99, Min:1
T1 invocations: 34
T2 invocations: 0
T3 invocations: 179,896
T3b invocations: 466,140
Total3 invocations: 646,036
Total4 invocations: 0

T3/T2 ratio: inf
T3b/T3 ratio: 3

T1 avg ex cycles: 193
T2 avg ex cycles: -nan
T3&b avg ex cycles: 2
T4 avg ex cycles: -nan
Avg. hops NOC1: -nan
Avg. latency NOC1 (T2): -nan
Avg. hops NOC2: 15
Avg. latency NOC2 (T3): 86

===PRINTING ACUM STATS at pu_cycles: 120,400

ACollision In Avg:30, SD:20, Max:148, Min:1
ACollision Out Avg:17, SD:14, Max:63, Min:0
ACollision End Avg:0, SD:1, Max:46, Min:0
ATask1 Avg:33, SD:0, Max:34, Min:32
ATask2 Avg:0, SD:0, Max:0, Min:0
ATask3 Avg:18, SD:7, Max:64, Min:5
ACore Active Avg:54, SD:8, Max:98, Min:39
ARouter Active Avg:72, SD:9, Max:99, Min:39
T1 invocations: 3,894,684
T2 invocations: 0
T3 invocations: 25,716,449
T3b invocations: 142,685,725
Total3 invocations: 168,402,174
Total4 invocations: 0

T3/T2 ratio: inf
T3b/T3 ratio: 6

T1 avg ex cycles: 164
T2 avg ex cycles: -nan
T3&b avg ex cycles: 2
T4 avg ex cycles: -nan
Avg. hops NOC1: -nan
Avg. latency NOC1 (T2): -nan
Avg. hops NOC2: 14
Avg. latency NOC2 (T3): 1,709
Number of K Nodes Processed: 168,459
Number of K Edges Processed: 168,459
Node Re-explore factor: 40.01
Edge Re-explore factor: 1.66
Nodes/cy: 1,399
Edges/cy: 1,399
TEPS: 794

---Pcache---
Pcache Size: 16,448
Cached: 0
  PHits: 0
  PMisses: 0
  PHit Rate (hit/miss): -nan%
  PEvictions: 0
  PEviction Rate (evict/misses): -nan%

---Energy---
Leakage Energy (nJ): 126,806
PU Dyn E (nJ): 6,270,151
Mem Dyn E (nJ): 25,252,978
Route Dyn E (nJ): 14,512,249
Dynamic Energy (nJ): 46,035,379
Ratio of Dyn/Leak: 363
Total Energy (nJ): 46,162,185
Total Energy (nJ) 3D: 47,446,651
Cores Energy (nJ): 6,275,513
Route Energy (nJ): 14,515,336
Route Energy (nJ) 3D: 15,799,802
Mem Energy   (nJ): 25,371,336
Mem Energy   (nJ) 3D: 25,371,336
Avg. Power (mW): 383,406.85
Power Density (mW/mm2): 110.77

---Runtime---
Runtime in K cycles: 120.40
Microseconds: 120.40
Time per iteration (ms): 0.12

---Throughput---
GOP/s (aka OPS/ns): 8,080.26
GOP/s per core: 0.49
FLOP/s: 837.37
FLOP/s per core: 0.05
Max Peak FLOP/s: 16,384.00
Avg. BW GB/s: 40,655.69
Max BW GB/s: 65,536.00

---Traffic---
In-Die bisection_bytes BW (GB/s): 2,048.00
Inter-board traffic (msg/ns): 0.00, per-link: 0.00
Inter-pack traffic (msg/ns): 0.00, per-link: 0.00
Inter-die traffic (msg/ns): 0.00, per-link: 0.00
Ruche traffic (msg/ns): 0.00, per-link: 0.00
All traffic (msg/ns): 40,260.27, per-link: 2.46
Inter-die reduction wrt all: inf
Inter-board reduction wrt inter-die: -nan

---Data Movement---
All traffic (msg): 4,847,335,952
Arith. Intensity FLOP/Loads: 0.14
Arith. Intensity FLOP/Msgs: 0.02
Arith. Intensity OPS/Loads: 1.36
Arith. Intensity OPS/Msgs: 0.20



===Core Utilization Total=== CORE-S:12;; TIME K cy:120 ;; Nodes Proc: 10,012,173 -- Edges Proc: 0
======== IT IS COLD ======= Only 125 Tiles active

===PRINTING FRAME STATS

FCollision In Avg:1, SD:7, Max:99, Min:0
FCollision Out Avg:0, SD:2, Max:34, Min:0
FCollision End Avg:0, SD:0, Max:0, Min:0
FTask1 Avg:0, SD:0, Max:0, Min:0
FTask2 Avg:0, SD:0, Max:0, Min:0
FTask3 Avg:2, SD:3, Max:52, Min:0
FCore Active Avg:3, SD:5, Max:65, Min:0
FRouter Active Avg:14, SD:13, Max:98, Min:2
T1 invocations: 0
T2 invocations: 0
T3 invocations: 101,394
T3b invocations: 318,145
Total3 invocations: 419,539
Total4 invocations: 0

T3/T2 ratio: inf
T3b/T3 ratio: 3

T1 avg ex cycles: -nan
T2 avg ex cycles: -nan
T3&b avg ex cycles: 2
T4 avg ex cycles: -nan
Avg. hops NOC1: -nan
Avg. latency NOC1 (T2): -nan
Avg. hops NOC2: 15
Avg. latency NOC2 (T3): 38

===PRINTING ACUM STATS at pu_cycles: 130,396

ACollision In Avg:28, SD:18, Max:137, Min:1
ACollision Out Avg:15, SD:13, Max:59, Min:0
ACollision End Avg:0, SD:1, Max:43, Min:0
ATask1 Avg:30, SD:0, Max:32, Min:30
ATask2 Avg:0, SD:0, Max:0, Min:0
ATask3 Avg:16, SD:7, Max:59, Min:5
ACore Active Avg:50, SD:7, Max:90, Min:36
ARouter Active Avg:68, SD:9, Max:98, Min:36
T1 invocations: 3,903,317
T2 invocations: 0
T3 invocations: 26,258,649
T3b invocations: 144,239,603
Total3 invocations: 170,498,252
Total4 invocations: 0

T3/T2 ratio: inf
T3b/T3 ratio: 5

T1 avg ex cycles: 164
T2 avg ex cycles: -nan
T3&b avg ex cycles: 2
T4 avg ex cycles: -nan
Avg. hops NOC1: -nan
Avg. latency NOC1 (T2): -nan
Avg. hops NOC2: 14
Avg. latency NOC2 (T3): 1,694
Number of K Nodes Processed: 170,526
Number of K Edges Processed: 170,526
Node Re-explore factor: 40.50
Edge Re-explore factor: 1.68
Nodes/cy: 1,308
Edges/cy: 1,308
TEPS: 733

---Pcache---
Pcache Size: 16,448
Cached: 0
  PHits: 0
  PMisses: 0
  PHit Rate (hit/miss): -nan%
  PEvictions: 0
  PEviction Rate (evict/misses): -nan%

---Energy---
Leakage Energy (nJ): 137,333
PU Dyn E (nJ): 6,301,759
Mem Dyn E (nJ): 25,526,168
Route Dyn E (nJ): 14,715,699
Dynamic Energy (nJ): 46,543,627
Ratio of Dyn/Leak: 339
Total Energy (nJ): 46,680,960
Total Energy (nJ) 3D: 47,983,433
Cores Energy (nJ): 6,307,566
Route Energy (nJ): 14,719,042
Route Energy (nJ) 3D: 16,021,515
Mem Energy   (nJ): 25,654,352
Mem Energy   (nJ) 3D: 25,654,352
Avg. Power (mW): 357,993.81
Power Density (mW/mm2): 103.43

---Runtime---
Runtime in K cycles: 130.40
Microseconds: 130.40
Time per iteration (ms): 0.13

---Throughput---
GOP/s (aka OPS/ns): 7,505.83
GOP/s per core: 0.46
FLOP/s: 775.23
FLOP/s per core: 0.05
Max Peak FLOP/s: 16,384.00
Avg. BW GB/s: 37,942.08
Max BW GB/s: 65,536.00

---Traffic---
In-Die bisection_bytes BW (GB/s): 2,048.00
Inter-board traffic (msg/ns): 0.00, per-link: 0.00
Inter-pack traffic (msg/ns): 0.00, per-link: 0.00
Inter-die traffic (msg/ns): 0.00, per-link: 0.00
Ruche traffic (msg/ns): 0.00, per-link: 0.00
All traffic (msg/ns): 37,691.05, per-link: 2.30
Inter-die reduction wrt all: inf
Inter-board reduction wrt inter-die: -nan

---Data Movement---
All traffic (msg): 4,914,762,132
Arith. Intensity FLOP/Loads: 0.14
Arith. Intensity FLOP/Msgs: 0.02
Arith. Intensity OPS/Loads: 1.36
Arith. Intensity OPS/Msgs: 0.20



===Core Utilization Total=== CORE-S:13;; TIME K cy:130 ;; Nodes Proc: 10,238,917 -- Edges Proc: 0
======== IT IS COLD ======= Only 83 Tiles active

===PRINTING FRAME STATS

FCollision In Avg:0, SD:2, Max:38, Min:0
FCollision Out Avg:0, SD:1, Max:10, Min:0
FCollision End Avg:0, SD:0, Max:0, Min:0
FTask1 Avg:0, SD:0, Max:0, Min:0
FTask2 Avg:0, SD:0, Max:0, Min:0
FTask3 Avg:1, SD:2, Max:24, Min:0
FCore Active Avg:2, SD:3, Max:35, Min:0
FRouter Active Avg:9, SD:10, Max:86, Min:0
T1 invocations: 0
T2 invocations: 0
T3 invocations: 54,890
T3b invocations: 193,777
Total3 invocations: 248,667
Total4 invocations: 0

T3/T2 ratio: inf
T3b/T3 ratio: 4

T1 avg ex cycles: -nan
T2 avg ex cycles: -nan
T3&b avg ex cycles: 2
T4 avg ex cycles: -nan
Avg. hops NOC1: -nan
Avg. latency NOC1 (T2): -nan
Avg. hops NOC2: 15
Avg. latency NOC2 (T3): 26

===PRINTING ACUM STATS at pu_cycles: 140,387

ACollision In Avg:26, SD:17, Max:127, Min:1
ACollision Out Avg:14, SD:12, Max:55, Min:0
ACollision End Avg:0, SD:1, Max:40, Min:0
ATask1 Avg:28, SD:0, Max:29, Min:28
ATask2 Avg:0, SD:0, Max:0, Min:0
ATask3 Avg:15, SD:6, Max:55, Min:5
ACore Active Avg:46, SD:7, Max:84, Min:34
ARouter Active Avg:64, SD:9, Max:96, Min:34
T1 invocations: 3,908,091
T2 invocations: 0
T3 invocations: 26,561,637
T3b invocations: 145,114,754
Total3 invocations: 171,676,391
Total4 invocations: 0

T3/T2 ratio: inf
T3b/T3 ratio: 5

T1 avg ex cycles: 164
T2 avg ex cycles: -nan
T3&b avg ex cycles: 2
T4 avg ex cycles: -nan
Avg. hops NOC1: -nan
Avg. latency NOC1 (T2): -nan
Avg. hops NOC2: 14
Avg. latency NOC2 (T3): 1,686
Number of K Nodes Processed: 171,694
Number of K Edges Processed: 171,694
Node Re-explore factor: 40.78
Edge Re-explore factor: 1.69
Nodes/cy: 1,223
Edges/cy: 1,223
TEPS: 681

---Pcache---
Pcache Size: 16,448
Cached: 0
  PHits: 0
  PMisses: 0
  PHit Rate (hit/miss): -nan%
  PEvictions: 0
  PEviction Rate (evict/misses): -nan%

---Energy---
Leakage Energy (nJ): 147,856
PU Dyn E (nJ): 6,319,496
Mem Dyn E (nJ): 25,679,691
Route Dyn E (nJ): 14,828,583
Dynamic Energy (nJ): 46,827,771
Ratio of Dyn/Leak: 317
Total Energy (nJ): 46,975,627
Total Energy (nJ) 3D: 48,288,092
Cores Energy (nJ): 6,325,747
Route Energy (nJ): 14,832,183
Route Energy (nJ) 3D: 16,144,647
Mem Energy   (nJ): 25,817,697
Mem Energy   (nJ) 3D: 25,817,697
Avg. Power (mW): 334,615.22
Power Density (mW/mm2): 96.68

---Runtime---
Runtime in K cycles: 140.39
Microseconds: 140.39
Time per iteration (ms): 0.14

---Throughput---
GOP/s (aka OPS/ns): 6,995.12
GOP/s per core: 0.43
FLOP/s: 721.13
FLOP/s per core: 0.04
Max Peak FLOP/s: 16,384.00
Avg. BW GB/s: 35,452.19
Max BW GB/s: 65,536.00

---Traffic---
In-Die bisection_bytes BW (GB/s): 2,048.00
Inter-board traffic (msg/ns): 0.00, per-link: 0.00
Inter-pack traffic (msg/ns): 0.00, per-link: 0.00
Inter-die traffic (msg/ns): 0.00, per-link: 0.00
Ruche traffic (msg/ns): 0.00, per-link: 0.00
All traffic (msg/ns): 35,275.37, per-link: 2.15
Inter-die reduction wrt all: inf
Inter-board reduction wrt inter-die: -nan

---Data Movement---
All traffic (msg): 4,952,203,838
Arith. Intensity FLOP/Loads: 0.14
Arith. Intensity FLOP/Msgs: 0.02
Arith. Intensity OPS/Loads: 1.35
Arith. Intensity OPS/Msgs: 0.20



===Core Utilization Total=== CORE-S:14;; TIME K cy:140 ;; Nodes Proc: 10,380,325 -- Edges Proc: 0
======== IT IS COLD ======= Only 66 Tiles active

===PRINTING FRAME STATS

FCollision In Avg:0, SD:1, Max:54, Min:0
FCollision Out Avg:0, SD:0, Max:0, Min:0
FCollision End Avg:0, SD:0, Max:0, Min:0
FTask1 Avg:0, SD:0, Max:0, Min:0
FTask2 Avg:0, SD:0, Max:0, Min:0
FTask3 Avg:1, SD:2, Max:25, Min:0
FCore Active Avg:1, SD:2, Max:31, Min:0
FRouter Active Avg:5, SD:7, Max:88, Min:0
T1 invocations: 0
T2 invocations: 0
T3 invocations: 30,741
T3b invocations: 108,727
Total3 invocations: 139,468
Total4 invocations: 0

T3/T2 ratio: inf
T3b/T3 ratio: 4

T1 avg ex cycles: -nan
T2 avg ex cycles: -nan
T3&b avg ex cycles: 2
T4 avg ex cycles: -nan
Avg. hops NOC1: -nan
Avg. latency NOC1 (T2): -nan
Avg. hops NOC2: 15
Avg. latency NOC2 (T3): 22

===PRINTING ACUM STATS at pu_cycles: 150,198

ACollision In Avg:24, SD:16, Max:118, Min:1
ACollision Out Avg:13, SD:11, Max:51, Min:0
ACollision End Avg:0, SD:1, Max:37, Min:0
ATask1 Avg:26, SD:0, Max:27, Min:26
ATask2 Avg:0, SD:0, Max:0, Min:0
ATask3 Avg:14, SD:6, Max:51, Min:4
ACore Active Avg:43, SD:6, Max:79, Min:32
ARouter Active Avg:60, SD:8, Max:91, Min:32
T1 invocations: 3,908,863
T2 invocations: 0
T3 invocations: 26,742,055
T3b invocations: 145,605,689
Total3 invocations: 172,347,744
Total4 invocations: 0

T3/T2 ratio: inf
T3b/T3 ratio: 5

T1 avg ex cycles: 164
T2 avg ex cycles: -nan
T3&b avg ex cycles: 2
T4 avg ex cycles: -nan
Avg. hops NOC1: -nan
Avg. latency NOC1 (T2): -nan
Avg. hops NOC2: 14
Avg. latency NOC2 (T3): 1,681
Number of K Nodes Processed: 172,351
Number of K Edges Processed: 172,351
Node Re-explore factor: 40.93
Edge Re-explore factor: 1.70
Nodes/cy: 1,147
Edges/cy: 1,147
TEPS: 636

---Pcache---
Pcache Size: 16,448
Cached: 0
  PHits: 0
  PMisses: 0
  PHit Rate (hit/miss): -nan%
  PEvictions: 0
  PEviction Rate (evict/misses): -nan%

---Energy---
Leakage Energy (nJ): 158,189
PU Dyn E (nJ): 6,326,743
Mem Dyn E (nJ): 25,764,658
Route Dyn E (nJ): 14,892,184
Dynamic Energy (nJ): 46,983,585
Ratio of Dyn/Leak: 297
Total Energy (nJ): 47,141,774
Total Energy (nJ) 3D: 48,459,868
Cores Energy (nJ): 6,333,431
Route Energy (nJ): 14,896,035
Route Energy (nJ) 3D: 16,214,129
Mem Energy   (nJ): 25,912,308
Mem Energy   (nJ) 3D: 25,912,308
Avg. Power (mW): 313,864.19
Power Density (mW/mm2): 90.68

---Runtime---
Runtime in K cycles: 150.20
Microseconds: 150.20
Time per iteration (ms): 0.15

---Throughput---
GOP/s (aka OPS/ns): 6,548.14
GOP/s per core: 0.40
FLOP/s: 674.18
FLOP/s per core: 0.04
Max Peak FLOP/s: 16,384.00
Avg. BW GB/s: 33,245.06
Max BW GB/s: 65,536.00

---Traffic---
In-Die bisection_bytes BW (GB/s): 2,048.00
Inter-board traffic (msg/ns): 0.00, per-link: 0.00
Inter-pack traffic (msg/ns): 0.00, per-link: 0.00
Inter-die traffic (msg/ns): 0.00, per-link: 0.00
Ruche traffic (msg/ns): 0.00, per-link: 0.00
All traffic (msg/ns): 33,111.72, per-link: 2.02
Inter-die reduction wrt all: inf
Inter-board reduction wrt inter-die: -nan

---Data Movement---
All traffic (msg): 4,973,314,170
Arith. Intensity FLOP/Loads: 0.14
Arith. Intensity FLOP/Msgs: 0.02
Arith. Intensity OPS/Loads: 1.35
Arith. Intensity OPS/Msgs: 0.20



===Core Utilization Total=== CORE-S:15;; TIME K cy:150 ;; Nodes Proc: 10,464,057 -- Edges Proc: 0
======== IT IS COLD ======= Only 20 Tiles active

===PRINTING FRAME STATS

FCollision In Avg:0, SD:0, Max:10, Min:0
FCollision Out Avg:0, SD:0, Max:0, Min:0
FCollision End Avg:0, SD:0, Max:0, Min:0
FTask1 Avg:0, SD:0, Max:0, Min:0
FTask2 Avg:0, SD:0, Max:0, Min:0
FTask3 Avg:0, SD:1, Max:13, Min:0
FCore Active Avg:0, SD:2, Max:20, Min:0
FRouter Active Avg:3, SD:4, Max:47, Min:0
T1 invocations: 0
T2 invocations: 0
T3 invocations: 14,645
T3b invocations: 53,187
Total3 invocations: 67,832
Total4 invocations: 0

T3/T2 ratio: inf
T3b/T3 ratio: 4

T1 avg ex cycles: -nan
T2 avg ex cycles: -nan
T3&b avg ex cycles: 2
T4 avg ex cycles: -nan
Avg. hops NOC1: -nan
Avg. latency NOC1 (T2): -nan
Avg. hops NOC2: 15
Avg. latency NOC2 (T3): 19

===PRINTING ACUM STATS at pu_cycles: 160,003

ACollision In Avg:22, SD:15, Max:111, Min:1
ACollision Out Avg:13, SD:11, Max:48, Min:0
ACollision End Avg:0, SD:1, Max:35, Min:0
ATask1 Avg:24, SD:0, Max:26, Min:24
ATask2 Avg:0, SD:0, Max:0, Min:0
ATask3 Avg:13, SD:6, Max:48, Min:4
ACore Active Avg:41, SD:6, Max:74, Min:30
ARouter Active Avg:56, SD:8, Max:86, Min:30
T1 invocations: 3,910,453
T2 invocations: 0
T3 invocations: 26,833,692
T3b invocations: 145,827,459
Total3 invocations: 172,661,151
Total4 invocations: 0

T3/T2 ratio: inf
T3b/T3 ratio: 5

T1 avg ex cycles: 164
T2 avg ex cycles: -nan
T3&b avg ex cycles: 2
T4 avg ex cycles: -nan
Avg. hops NOC1: -nan
Avg. latency NOC1 (T2): -nan
Avg. hops NOC2: 14
Avg. latency NOC2 (T3): 1,680
Number of K Nodes Processed: 172,661
Number of K Edges Processed: 172,661
Node Re-explore factor: 41.01
Edge Re-explore factor: 1.70
Nodes/cy: 1,079
Edges/cy: 1,079
TEPS: 597

---Pcache---
Pcache Size: 16,448
Cached: 0
  PHits: 0
  PMisses: 0
  PHit Rate (hit/miss): -nan%
  PEvictions: 0
  PEviction Rate (evict/misses): -nan%

---Energy---
Leakage Energy (nJ): 168,516
PU Dyn E (nJ): 6,331,954
Mem Dyn E (nJ): 25,805,931
Route Dyn E (nJ): 14,924,146
Dynamic Energy (nJ): 47,062,031
Ratio of Dyn/Leak: 279
Total Energy (nJ): 47,230,547
Total Energy (nJ) 3D: 48,551,470
Cores Energy (nJ): 6,339,079
Route Energy (nJ): 14,928,248
Route Energy (nJ) 3D: 16,249,171
Mem Energy   (nJ): 25,963,221
Mem Energy   (nJ) 3D: 25,963,221
Avg. Power (mW): 295,185.38
Power Density (mW/mm2): 85.28

---Runtime---
Runtime in K cycles: 160.00
Microseconds: 160.00
Time per iteration (ms): 0.16

---Throughput---
GOP/s (aka OPS/ns): 6,152.76
GOP/s per core: 0.38
FLOP/s: 633.19
FLOP/s per core: 0.04
Max Peak FLOP/s: 16,384.00
Avg. BW GB/s: 31,257.45
Max BW GB/s: 65,536.00

---Traffic---
In-Die bisection_bytes BW (GB/s): 2,048.00
Inter-board traffic (msg/ns): 0.00, per-link: 0.00
Inter-pack traffic (msg/ns): 0.00, per-link: 0.00
Inter-die traffic (msg/ns): 0.00, per-link: 0.00
Ruche traffic (msg/ns): 0.00, per-link: 0.00
All traffic (msg/ns): 31,148.63, per-link: 1.90
Inter-die reduction wrt all: inf
Inter-board reduction wrt inter-die: -nan

---Data Movement---
All traffic (msg): 4,983,874,940
Arith. Intensity FLOP/Loads: 0.14
Arith. Intensity FLOP/Msgs: 0.02
Arith. Intensity OPS/Loads: 1.35
Arith. Intensity OPS/Msgs: 0.20



===Core Utilization Total=== CORE-S:16;; TIME K cy:160 ;; Nodes Proc: 10,479,652 -- Edges Proc: 0
======== IT IS COLD ======= Only 1 Tiles active
Epoch Done Router: 14
Epoch Done Router: 9
Epoch Done Router: 6
Epoch Done Router: 12
Epoch Done Router: 10
Epoch Done Router: 2
Epoch Done Router: 5
Epoch Done Router: 15
Epoch Done Router: 8
Epoch Done Router: 1
Epoch Done Router: 0
Epoch Done Router: 13
Epoch Done Router: 3
Epoch Done Router: 11
Epoch Done Router: 4
Epoch Done Router: 7
##EPOCH## 1 COMPLETED at Time (K cy): 162
Nodes processed until now: 172,675,685
Edges processed until now: 0
Program Done Worker Thread: 0
Program Done Router Thread: 3
Program Done Worker Thread: 10
Program Done Router Thread: 9
Program Done Router Thread: 5
Program Done Router Thread: 8
Program Done Worker Thread: 13
Program Done Worker Thread: 11
Program Done Worker Thread: 5
Program Done Router Thread: 10
Program Done Router Thread: 6
Program Done Router Thread: 7
Program Done Router Thread: 12
Program Done Router Thread: 2
Program Done Router Thread: 11
Program Done Worker Thread: 3
Program Done Router Thread: 13
Program Done Worker Thread: 8
Program Done Worker Thread: 4
Program Done Router Thread: 14
Program Done Worker Thread: 6
Program Done Worker Thread: 7
Program Done Worker Thread: 9
Program Done Worker Thread: 14
Program Done Router Thread: 0
Program Done Worker Thread: 12
Program Done Worker Thread: 1
Program Done Worker Thread: 2
Program Done Router Thread: 4
Program Done Router Thread: 15
Program Done Router Thread: 1
Program Done Worker Thread: 15

===PRINTING ACUM STATS at pu_cycles: 162,560

ACollision In Avg:22, SD:15, Max:109, Min:1
ACollision Out Avg:12, SD:10, Max:48, Min:0
ACollision End Avg:0, SD:1, Max:34, Min:0
ATask1 Avg:24, SD:0, Max:25, Min:24
ATask2 Avg:0, SD:0, Max:0, Min:0
ATask3 Avg:13, SD:6, Max:47, Min:4
ACore Active Avg:40, SD:6, Max:73, Min:29
ARouter Active Avg:55, SD:8, Max:84, Min:29
T1 invocations: 3,910,453
T2 invocations: 0
T3 invocations: 26,838,564
T3b invocations: 145,837,121
Total3 invocations: 172,675,685
Total4 invocations: 0

T3/T2 ratio: inf
T3b/T3 ratio: 5

T1 avg ex cycles: 164
T2 avg ex cycles: -nan
T3&b avg ex cycles: 2
T4 avg ex cycles: -nan
Avg. hops NOC1: -nan
Avg. latency NOC1 (T2): -nan
Avg. hops NOC2: 14
Avg. latency NOC2 (T3): 1,680

Runtime at program end in K cycles: 162
Runtime before cooldown in K cycles: 80


Number of K Nodes Processed: 172,675
Number of K Edges Processed: 172,675
Node Re-explore factor: 41.01
Edge Re-explore factor: 1.70
Nodes/cy: 1,062
Edges/cy: 1,062
TEPS: 588

---Pcache---
Pcache Size: 16,448
Cached: 0
  PHits: 0
  PMisses: 0
  PHit Rate (hit/miss): -nan%
  PEvictions: 0
  PEviction Rate (evict/misses): -nan%

---Energy---
Leakage Energy (nJ): 171,209
PU Dyn E (nJ): 6,332,086
Mem Dyn E (nJ): 25,807,749
Route Dyn E (nJ): 14,925,598
Dynamic Energy (nJ): 47,065,433
Ratio of Dyn/Leak: 275
Total Energy (nJ): 47,236,642
Total Energy (nJ) 3D: 48,557,693
Cores Energy (nJ): 6,339,325
Route Energy (nJ): 14,929,766
Route Energy (nJ) 3D: 16,250,817
Mem Energy   (nJ): 25,967,552
Mem Energy   (nJ) 3D: 25,967,552
Avg. Power (mW): 290,579.73
Power Density (mW/mm2): 83.95

---Runtime---
Runtime in K cycles: 162.56
Microseconds: 162.56
Time per iteration (ms): 0.16

---Inst---
K Loads: 728,471
K Stores: 521,937
K Instructions: 984,488

---Throughput---
GOP/s (aka OPS/ns): 6,056.15
GOP/s per core: 0.37
FLOP/s: 623.23
FLOP/s per core: 0.04
Max Peak FLOP/s: 16,384.00
Avg. BW GB/s: 30,767.93
Max BW GB/s: 65,536.00

---Traffic---
In-Die bisection_bytes BW (GB/s): 2,048.00
Inter-board traffic (msg/ns): 0.00, per-link: 0.00
Inter-pack traffic (msg/ns): 0.00, per-link: 0.00
Inter-die traffic (msg/ns): 0.00, per-link: 0.00
Ruche traffic (msg/ns): 0.00, per-link: 0.00
All traffic (msg/ns): 30,661.63, per-link: 1.87
Inter-die reduction wrt all: inf
Inter-board reduction wrt inter-die: -nan

---Data Movement---
All traffic (msg): 4,984,355,304
Arith. Intensity FLOP/Loads: 0.14
Arith. Intensity FLOP/Msgs: 0.02
Arith. Intensity OPS/Loads: 1.35
Arith. Intensity OPS/Msgs: 0.20

Simulation time: 577.63
Sim noc_cy/s: 281.43
Sim Msg/s: 8,628,983.91

Version 31

