Dataset:  Kron22/
Dry run: 0
Open Edge Count File succesfully
Edges Traversed BFS: 128309848
Found Vertices: 4194304, Edges: 128311436
avg degree 31
Array  Kron22/node_array.bin found
Malloc array of size 16777220 bytes
Readin array of size 16777216 bytes
Finished Reading Array Bytes
No reordering Array 32bit
Array  Kron22/edge_array.bin found
Malloc array of size 513245744 bytes
Readin array of size 513245744 bytes
Finished Reading Array Bytes
No reordering Array 32bit
Array  Kron22/edge_values.bin found
Malloc array of size 513245744 bytes
Readin array of size 513245744 bytes
Finished Reading Array Bytes
No reordering Array 32bit
Reading graph elapsed time: 0.26585s

Dataset Footprint: 525 MiB
Dataset Footprint per Board: 4404.02 Mb
Dataset injection time (ms): 0.0672
Max Dataset Footprint: 1027 MiB

Dataset footprint per tile: 32 KiB
Proxys footprint per tile: 64 KiB
Reserved SRAM per tile: 22 KiB

Ideal SRAM per tile: 118 KiB
reserved_words_for_dataset:25082
dataset_words_per_tile:8400
remaining_sram_words:125414
min_dcache_sram_words_required:8400
dataset_words_per_tile:8400
min_pcache_sram_words_required:8
proxys_words_per_tile:16384
Dcache footprint ratio: 1
Pcache footprint ratio: 1
Dataset Cached: 0
DCache: 8400 words, lines: 525, sets: 525
Proxys Cached: 0
Pcache: 16384 words, sets: 16384
Node per tile: 256
Edge per tile: 7,832
GRID_X: 128
GRID_SIZE: 16,384
smt_per_tile: 1
noc_freq: 1
pu_freq: 1
RUCHE_X: 0
PROXY_W: 16
DIE_W: 128
DIE_H: 128
DIES: 1
BORDER_TILES_PER_DIE: 512
PACK_W: 128
PACK_H: 128
DIES_PACK_FACTOR: 1
DIES_PER_PACK: 1
PACKAGES: 1
BOARD_W: 128
BOARD_H: 128
BOARDS: 1
MUX_BUS: 1
DCACHE: 0
PCACHE: 1
PROXY_FACTOR: 8
CACHE_WAYS: 1
TORUS: 1
PHY_NOCS: 1
WIDE_NOC_ID: 0
NOC_CONF: 1
noc_width: 32
hbm_channel_bit_width: 512
ld_st_op_byte_width: 4
PROXY_ROUTING: 4
WRITE_THROUGH: 1
ASSERT_MODE: 0
GLOBAL_BARRIER: 0
OQ flits: 36 ; 192 ; 384
IQ flits: 288 ; 1,536 ; 3,072
OQ messages: 12 ; 96 ; 192
IQ messages: 96 ; 768 ; 1,536
max_task2 size: 64
io_factor_t2: 8
io_factor_t3: 8
io_factor_t3b: 8

Active SRAM Storage per tile: 118 KiB
Total SRAM Storage per tile: 512 KiB
Agreggated SRAM Storage: 8,192 MiB

Inter-Die #links: 4,096
Inter-Die (Gbits): 131,072
Inter-Die (Gbits/mm): 563.524
Bisection BW of Board (Gbits): 32,768
Border IO #Dies: 4
Border IO Die BW (Gbits): 16,384
Off-Board BW Total (Gbits): 65,536
Off-Board BW Density (Gbits/mm): 278
Die side: 58.15 mm
Die border wire density: 563.52 Gbits/mm
HBM wire density: 70.44 Gbits/mm

Tiles per Die: 16,384 (128x128)
Tile Area: 0.19 mm2, side: 0.44 mm
- Core/Rout Area: 0.05 mm2
- SRAM Area: 0.14 mm2
- SRAM/Logic Ratio: 2.80x

Dies per Package: 1 (1x1)
Die Area: 3,381.23 mm2, side: 58.15 mm
- Tiles Area: 3,191.28 mm2
- PHY Area: 189.96 mm2
- MC Area: 0.00 mm2

Packages per Board: 1 (1x1)
Package Area: 3,461.23 mm2, side: 58.83 mm
- IOdie Area: 80.00 mm2
- Dies Area: 3,381.23 mm2
- HBM Area: 0.00 mm2

Boards: 1 (1x1)
Board Area: 3,461.23 mm2
Total Area: 3,461.23 mm2



ESTIMATED COST OF SILICON AND PACKAGING. ONLY VARIABLE, NO FIXED COSTS
Good dies per wafer 3d: 5
Good dies per wafer 2d: 6
--Dies 3D Cost: 1,209.40 $
--Dies 2.5D Cost: 1,007.83 $
--Dies 2D Cost: 1,007.83 $
--HBM Cost: 60.00 $
--IOdie Cost: 8.44 $
--Packaging Cost 3d: 233.07 $
--Packaging Cost 2.5d: 505.18 $
--Packaging Cost 2d: 152.44 $
SiP Cost 3d: 1,510.91 $
SiP Cost 2.5d: 1,581.46 $
SiP Cost 2d: 1,168.71 $
--Board Cost: 3.46 $
Total SiPs Cost 3d: 1,514.37 $
Total SiPs Cost 2.5d: 1,584.92 $
Total SiPs Cost 2d: 1,172.18 $

Perf counters initialized
Mesh connected
Cache structures initialized
Allocated proxys
Replicas initialized
Allocated Frontier List
Dataset structures initialized


Starting Simulation
INIT epoch: 1
INIT epoch: 1
INIT epoch: 1
INIT epoch: 1
INIT epoch: 1
INIT epoch: 1
INIT epoch: 1
INIT epoch: 1
INIT epoch: 1
INIT epoch: 1
INIT epoch: 1
INIT epoch: 1
INIT epoch: 1
INIT epoch: 1
INIT epoch: 1
INIT epoch: 1

===PRINTING FRAME STATS

FCollision In Avg:-nan, SD:-nan, Max:275, Min:8
FCollision Out Avg:-nan, SD:-nan, Max:202, Min:0
FCollision End Avg:-nan, SD:-nan, Max:87, Min:0
FTask1 Avg:-nan, SD:-nan, Max:59, Min:0
FTask2 Avg:-nan, SD:-nan, Max:66, Min:0
FTask3 Avg:-nan, SD:-nan, Max:97, Min:12
FCore Active Avg:-nan, SD:-nan, Max:98, Min:16
FRouter Active Avg:-nan, SD:-nan, Max:98, Min:67
T1 invocations: 17,440
T2 invocations: 55,386
T3 invocations: 457,948
T3b invocations: 4,413,016
Total3 invocations: 4,870,964
Total4 invocations: 3,009

T3/T2 ratio: 8
T3b/T3 ratio: 10

T1 avg ex cycles: 60
T2 avg ex cycles: 69
T3&b avg ex cycles: 6
T4 avg ex cycles: 41
Avg. hops NOC1: 62
Avg. latency NOC1 (T2): 3,392
Avg. hops NOC2: 18
Avg. latency NOC2 (T3): 1,577

===PRINTING ACUM STATS at pu_cycles: 10,763

ACollision In Avg:-nan, SD:-nan, Max:275, Min:8
ACollision Out Avg:-nan, SD:-nan, Max:202, Min:0
ACollision End Avg:-nan, SD:-nan, Max:87, Min:0
ATask1 Avg:-nan, SD:-nan, Max:59, Min:0
ATask2 Avg:-nan, SD:-nan, Max:66, Min:0
ATask3 Avg:-nan, SD:-nan, Max:97, Min:12
ACore Active Avg:-nan, SD:-nan, Max:98, Min:16
ARouter Active Avg:-nan, SD:-nan, Max:98, Min:67
T1 invocations: 78,385
T2 invocations: 232,887
T3 invocations: 1,453,307
T3b invocations: 17,323,797
Total3 invocations: 18,777,104
Total4 invocations: 13,173

T3/T2 ratio: 6
T3b/T3 ratio: 12

T1 avg ex cycles: 60
T2 avg ex cycles: 68
T3&b avg ex cycles: 6
T4 avg ex cycles: 48
Avg. hops NOC1: 46
Avg. latency NOC1 (T2): 3,200
Avg. hops NOC2: 18
Avg. latency NOC2 (T3): 1,407
Number of K Nodes Processed: 827
Number of K Edges Processed: 14,720
Node Re-explore factor: 0.20
Edge Re-explore factor: 0.11
Nodes/cy: 77
Edges/cy: 1,368
TEPS: 11,921

---Pcache---
Pcache Size: 16,384
Cached: 0
  PHits: 0
  PMisses: 0
  PHit Rate (hit/miss): -nan%
  PEvictions: 0
  PEviction Rate (evict/misses): -nan%

---Energy---
Leakage Energy (nJ): 13,760
PU Dyn E (nJ): 1,228,374
Mem Dyn E (nJ): 3,302,148
Route Dyn E (nJ): 2,168,044
Dynamic Energy (nJ): 6,698,567
Ratio of Dyn/Leak: 487
Total Energy (nJ): 6,712,327
Total Energy (nJ) 3D: 6,904,219
Cores Energy (nJ): 1,228,854
Route Energy (nJ): 2,168,321
Route Energy (nJ) 3D: 2,360,212
Mem Energy   (nJ): 3,315,154
Mem Energy   (nJ) 3D: 3,315,154
Avg. Power (mW): 623,648.36
Power Density (mW/mm2): 180.18

---Runtime---
Runtime in K cycles: 10.76
Microseconds: 10.76
Time per iteration (ms): 0.01

---Throughput---
GOP/s (aka OPS/ns): 12,764.63
GOP/s per core: 0.78
FLOP/s: 3,070.98
FLOP/s per core: 0.19
Max Peak FLOP/s: 16,384.00
Avg. BW GB/s: 58,695.97
Max BW GB/s: 65,536.00

---Traffic---
In-Die bisection_bytes BW (GB/s): 2,048.00
Inter-board traffic (msg/ns): 0.00, per-link: 0.00
Inter-pack traffic (msg/ns): 0.00, per-link: 0.00
Inter-die traffic (msg/ns): 0.00, per-link: 0.00
Ruche traffic (msg/ns): 0.00, per-link: 0.00
All traffic (msg/ns): 66,161.83, per-link: 4.04
Inter-die reduction wrt all: inf
Inter-board reduction wrt inter-die: -nan

---Data Movement---
All traffic (msg): 712,099,792
Arith. Intensity FLOP/Loads: 0.44
Arith. Intensity FLOP/Msgs: 0.05
Arith. Intensity OPS/Loads: 1.83
Arith. Intensity OPS/Msgs: 0.19



===Core Utilization Total=== CORE-S:1;; TIME K cy:10 ;; Nodes Proc: 52,137 -- Edges Proc: 896,586

===PRINTING FRAME STATS

FCollision In Avg:73, SD:47, Max:278, Min:3
FCollision Out Avg:69, SD:46, Max:252, Min:0
FCollision End Avg:2, SD:9, Max:101, Min:0
FTask1 Avg:2, SD:6, Max:40, Min:0
FTask2 Avg:8, SD:13, Max:73, Min:0
FTask3 Avg:78, SD:19, Max:100, Min:8
FCore Active Avg:90, SD:17, Max:100, Min:8
FRouter Active Avg:95, SD:5, Max:101, Min:64
T1 invocations: 28,388
T2 invocations: 50,365
T3 invocations: 440,622
T3b invocations: 5,083,610
Total3 invocations: 5,524,232
Total4 invocations: 795

T3/T2 ratio: 9
T3b/T3 ratio: 12

T1 avg ex cycles: 35
T2 avg ex cycles: 65
T3&b avg ex cycles: 6
T4 avg ex cycles: 465
Avg. hops NOC1: 31
Avg. latency NOC1 (T2): 8,593
Avg. hops NOC2: 15
Avg. latency NOC2 (T3): 2,975

===PRINTING ACUM STATS at pu_cycles: 21,056

ACollision In Avg:80, SD:39, Max:272, Min:6
ACollision Out Avg:67, SD:37, Max:195, Min:0
ACollision End Avg:2, SD:7, Max:85, Min:0
ATask1 Avg:2, SD:4, Max:46, Min:0
ATask2 Avg:9, SD:10, Max:59, Min:0
ATask3 Avg:77, SD:14, Max:98, Min:18
ACore Active Avg:88, SD:12, Max:99, Min:20
ARouter Active Avg:94, SD:4, Max:99, Min:70
T1 invocations: 172,107
T2 invocations: 460,342
T3 invocations: 3,200,983
T3b invocations: 37,068,452
Total3 invocations: 40,269,435
Total4 invocations: 15,795

T3/T2 ratio: 7
T3b/T3 ratio: 12

T1 avg ex cycles: 47
T2 avg ex cycles: 66
T3&b avg ex cycles: 6
T4 avg ex cycles: 111
Avg. hops NOC1: 35
Avg. latency NOC1 (T2): 5,673
Avg. hops NOC2: 17
Avg. latency NOC2 (T3): 2,220
Number of K Nodes Processed: 1,585
Number of K Edges Processed: 27,846
Node Re-explore factor: 0.38
Edge Re-explore factor: 0.22
Nodes/cy: 75
Edges/cy: 1,322
TEPS: 6,094

---Pcache---
Pcache Size: 16,384
Cached: 0
  PHits: 0
  PMisses: 0
  PHit Rate (hit/miss): -nan%
  PEvictions: 0
  PEviction Rate (evict/misses): -nan%

---Energy---
Leakage Energy (nJ): 26,920
PU Dyn E (nJ): 2,502,044
Mem Dyn E (nJ): 6,749,597
Route Dyn E (nJ): 4,315,053
Dynamic Energy (nJ): 13,566,694
Ratio of Dyn/Leak: 504
Total Energy (nJ): 13,593,614
Total Energy (nJ) 3D: 13,975,535
Cores Energy (nJ): 2,502,982
Route Energy (nJ): 4,315,593
Route Energy (nJ) 3D: 4,697,514
Mem Energy   (nJ): 6,775,039
Mem Energy   (nJ) 3D: 6,775,039
Avg. Power (mW): 645,593.36
Power Density (mW/mm2): 186.52

---Runtime---
Runtime in K cycles: 21.06
Microseconds: 21.06
Time per iteration (ms): 0.02

---Throughput---
GOP/s (aka OPS/ns): 13,242.29
GOP/s per core: 0.81
FLOP/s: 3,209.38
FLOP/s per core: 0.20
Max Peak FLOP/s: 16,384.00
Avg. BW GB/s: 61,395.93
Max BW GB/s: 65,536.00

---Traffic---
In-Die bisection_bytes BW (GB/s): 2,048.00
Inter-board traffic (msg/ns): 0.00, per-link: 0.00
Inter-pack traffic (msg/ns): 0.00, per-link: 0.00
Inter-die traffic (msg/ns): 0.00, per-link: 0.00
Ruche traffic (msg/ns): 0.00, per-link: 0.00
All traffic (msg/ns): 67,585.27, per-link: 4.13
Inter-die reduction wrt all: inf
Inter-board reduction wrt inter-die: -nan

---Data Movement---
All traffic (msg): 1,423,075,412
Arith. Intensity FLOP/Loads: 0.43
Arith. Intensity FLOP/Msgs: 0.05
Arith. Intensity OPS/Loads: 1.78
Arith. Intensity OPS/Msgs: 0.20



===Core Utilization Total=== CORE-S:2;; TIME K cy:20 ;; Nodes Proc: 99,385 -- Edges Proc: 1,772,122

===PRINTING FRAME STATS

FCollision In Avg:72, SD:48, Max:270, Min:2
FCollision Out Avg:91, SD:47, Max:269, Min:0
FCollision End Avg:4, SD:13, Max:101, Min:0
FTask1 Avg:3, SD:7, Max:38, Min:0
FTask2 Avg:7, SD:12, Max:83, Min:0
FTask3 Avg:74, SD:17, Max:100, Min:8
FCore Active Avg:86, SD:16, Max:100, Min:8
FRouter Active Avg:92, SD:5, Max:101, Min:59
T1 invocations: 42,053
T2 invocations: 53,026
T3 invocations: 404,968
T3b invocations: 5,047,361
Total3 invocations: 5,452,329
Total4 invocations: 1,106

T3/T2 ratio: 8
T3b/T3 ratio: 12

T1 avg ex cycles: 33
T2 avg ex cycles: 55
T3&b avg ex cycles: 6
T4 avg ex cycles: 477
Avg. hops NOC1: 35
Avg. latency NOC1 (T2): 8,846
Avg. hops NOC2: 13
Avg. latency NOC2 (T3): 3,118

===PRINTING ACUM STATS at pu_cycles: 31,011

ACollision In Avg:77, SD:34, Max:267, Min:6
ACollision Out Avg:75, SD:34, Max:191, Min:0
ACollision End Avg:2, SD:7, Max:83, Min:0
ATask1 Avg:3, SD:3, Max:30, Min:0
ATask2 Avg:8, SD:8, Max:42, Min:0
ATask3 Avg:76, SD:10, Max:96, Min:17
ACore Active Avg:87, SD:11, Max:99, Min:17
ARouter Active Avg:93, SD:4, Max:98, Min:71
T1 invocations: 313,076
T2 invocations: 651,879
T3 invocations: 5,003,372
T3b invocations: 57,508,402
Total3 invocations: 62,511,774
Total4 invocations: 19,376

T3/T2 ratio: 8
T3b/T3 ratio: 11

T1 avg ex cycles: 41
T2 avg ex cycles: 63
T3&b avg ex cycles: 6
T4 avg ex cycles: 180
Avg. hops NOC1: 32
Avg. latency NOC1 (T2): 6,781
Avg. hops NOC2: 16
Avg. latency NOC2 (T3): 2,679
Number of K Nodes Processed: 2,269
Number of K Edges Processed: 37,197
Node Re-explore factor: 0.54
Edge Re-explore factor: 0.29
Nodes/cy: 73
Edges/cy: 1,199
TEPS: 4,138

---Pcache---
Pcache Size: 16,384
Cached: 0
  PHits: 0
  PMisses: 0
  PHit Rate (hit/miss): -nan%
  PEvictions: 0
  PEviction Rate (evict/misses): -nan%

---Energy---
Leakage Energy (nJ): 39,647
PU Dyn E (nJ): 3,717,152
Mem Dyn E (nJ): 10,024,509
Route Dyn E (nJ): 6,128,371
Dynamic Energy (nJ): 19,870,033
Ratio of Dyn/Leak: 501
Total Energy (nJ): 19,909,680
Total Energy (nJ) 3D: 20,452,097
Cores Energy (nJ): 3,718,533
Route Energy (nJ): 6,129,167
Route Energy (nJ) 3D: 6,671,584
Mem Energy   (nJ): 10,061,981
Mem Energy   (nJ) 3D: 10,061,981
Avg. Power (mW): 642,019.93
Power Density (mW/mm2): 185.49

---Runtime---
Runtime in K cycles: 31.01
Microseconds: 31.01
Time per iteration (ms): 0.03

---Throughput---
GOP/s (aka OPS/ns): 13,504.48
GOP/s per core: 0.82
FLOP/s: 3,200.76
FLOP/s per core: 0.20
Max Peak FLOP/s: 16,384.00
Avg. BW GB/s: 61,973.84
Max BW GB/s: 65,536.00

---Traffic---
In-Die bisection_bytes BW (GB/s): 2,048.00
Inter-board traffic (msg/ns): 0.00, per-link: 0.00
Inter-pack traffic (msg/ns): 0.00, per-link: 0.00
Inter-die traffic (msg/ns): 0.00, per-link: 0.00
Ruche traffic (msg/ns): 0.00, per-link: 0.00
All traffic (msg/ns): 65,516.42, per-link: 4.00
Inter-die reduction wrt all: inf
Inter-board reduction wrt inter-die: -nan

---Data Movement---
All traffic (msg): 2,031,729,760
Arith. Intensity FLOP/Loads: 0.42
Arith. Intensity FLOP/Msgs: 0.05
Arith. Intensity OPS/Loads: 1.77
Arith. Intensity OPS/Msgs: 0.21



===Core Utilization Total=== CORE-S:3;; TIME K cy:30 ;; Nodes Proc: 142,000 -- Edges Proc: 2,393,968

===PRINTING FRAME STATS

FCollision In Avg:74, SD:52, Max:288, Min:1
FCollision Out Avg:95, SD:45, Max:263, Min:0
FCollision End Avg:4, SD:15, Max:101, Min:0
FTask1 Avg:3, SD:6, Max:43, Min:0
FTask2 Avg:8, SD:13, Max:74, Min:0
FTask3 Avg:66, SD:15, Max:100, Min:16
FCore Active Avg:78, SD:17, Max:100, Min:16
FRouter Active Avg:89, SD:7, Max:101, Min:62
T1 invocations: 44,804
T2 invocations: 65,362
T3 invocations: 305,904
T3b invocations: 4,770,978
Total3 invocations: 5,076,882
Total4 invocations: 1,453

T3/T2 ratio: 5
T3b/T3 ratio: 16

T1 avg ex cycles: 31
T2 avg ex cycles: 48
T3&b avg ex cycles: 5
T4 avg ex cycles: 386
Avg. hops NOC1: 33
Avg. latency NOC1 (T2): 9,858
Avg. hops NOC2: 13
Avg. latency NOC2 (T3): 2,116

===PRINTING ACUM STATS at pu_cycles: 41,040

ACollision In Avg:76, SD:30, Max:252, Min:7
ACollision Out Avg:80, SD:32, Max:192, Min:2
ACollision End Avg:3, SD:7, Max:82, Min:0
ATask1 Avg:3, SD:3, Max:24, Min:0
ATask2 Avg:8, SD:8, Max:37, Min:0
ATask3 Avg:73, SD:7, Max:91, Min:17
ACore Active Avg:85, SD:9, Max:99, Min:19
ARouter Active Avg:92, SD:4, Max:98, Min:72
T1 invocations: 493,300
T2 invocations: 914,812
T3 invocations: 6,409,801
T3b invocations: 77,334,073
Total3 invocations: 83,743,874
Total4 invocations: 24,499

T3/T2 ratio: 7
T3b/T3 ratio: 12

T1 avg ex cycles: 38
T2 avg ex cycles: 60
T3&b avg ex cycles: 6
T4 avg ex cycles: 232
Avg. hops NOC1: 30
Avg. latency NOC1 (T2): 7,927
Avg. hops NOC2: 15
Avg. latency NOC2 (T3): 2,605
Number of K Nodes Processed: 2,751
Number of K Edges Processed: 48,629
Node Re-explore factor: 0.66
Edge Re-explore factor: 0.38
Nodes/cy: 67
Edges/cy: 1,185
TEPS: 3,126

---Pcache---
Pcache Size: 16,384
Cached: 0
  PHits: 0
  PMisses: 0
  PHit Rate (hit/miss): -nan%
  PEvictions: 0
  PEviction Rate (evict/misses): -nan%

---Energy---
Leakage Energy (nJ): 52,469
PU Dyn E (nJ): 4,920,912
Mem Dyn E (nJ): 13,264,795
Route Dyn E (nJ): 7,851,479
Dynamic Energy (nJ): 26,037,186
Ratio of Dyn/Leak: 496
Total Energy (nJ): 26,089,655
Total Energy (nJ) 3D: 26,784,582
Cores Energy (nJ): 4,922,740
Route Energy (nJ): 7,852,532
Route Energy (nJ) 3D: 8,547,459
Mem Energy   (nJ): 13,314,384
Mem Energy   (nJ) 3D: 13,314,384
Avg. Power (mW): 635,712.84
Power Density (mW/mm2): 183.67

---Runtime---
Runtime in K cycles: 41.04
Microseconds: 41.04
Time per iteration (ms): 0.04

---Throughput---
GOP/s (aka OPS/ns): 13,472.34
GOP/s per core: 0.82
FLOP/s: 3,210.97
FLOP/s per core: 0.20
Max Peak FLOP/s: 16,384.00
Avg. BW GB/s: 61,988.13
Max BW GB/s: 65,536.00

---Traffic---
In-Die bisection_bytes BW (GB/s): 2,048.00
Inter-board traffic (msg/ns): 0.00, per-link: 0.00
Inter-pack traffic (msg/ns): 0.00, per-link: 0.00
Inter-die traffic (msg/ns): 0.00, per-link: 0.00
Ruche traffic (msg/ns): 0.00, per-link: 0.00
All traffic (msg/ns): 63,609.63, per-link: 3.88
Inter-die reduction wrt all: inf
Inter-board reduction wrt inter-die: -nan

---Data Movement---
All traffic (msg): 2,610,539,401
Arith. Intensity FLOP/Loads: 0.42
Arith. Intensity FLOP/Msgs: 0.05
Arith. Intensity OPS/Loads: 1.75
Arith. Intensity OPS/Msgs: 0.21



===Core Utilization Total=== CORE-S:4;; TIME K cy:40 ;; Nodes Proc: 172,056 -- Edges Proc: 3,084,222

===PRINTING FRAME STATS

FCollision In Avg:84, SD:53, Max:302, Min:1
FCollision Out Avg:90, SD:39, Max:230, Min:0
FCollision End Avg:4, SD:14, Max:103, Min:0
FTask1 Avg:4, SD:7, Max:39, Min:0
FTask2 Avg:9, SD:14, Max:85, Min:0
FTask3 Avg:63, SD:12, Max:100, Min:13
FCore Active Avg:78, SD:15, Max:100, Min:45
FRouter Active Avg:90, SD:6, Max:101, Min:62
T1 invocations: 52,301
T2 invocations: 86,629
T3 invocations: 250,844
T3b invocations: 4,797,740
Total3 invocations: 5,048,584
Total4 invocations: 1,558

T3/T2 ratio: 3
T3b/T3 ratio: 19

T1 avg ex cycles: 31
T2 avg ex cycles: 44
T3&b avg ex cycles: 5
T4 avg ex cycles: 326
Avg. hops NOC1: 30
Avg. latency NOC1 (T2): 10,089
Avg. hops NOC2: 13
Avg. latency NOC2 (T3): 1,325

===PRINTING ACUM STATS at pu_cycles: 50,960

ACollision In Avg:78, SD:28, Max:242, Min:6
ACollision Out Avg:82, SD:29, Max:187, Min:1
ACollision End Avg:3, SD:8, Max:76, Min:0
ATask1 Avg:3, SD:3, Max:20, Min:0
ATask2 Avg:8, SD:7, Max:35, Min:0
ATask3 Avg:71, SD:5, Max:89, Min:29
ACore Active Avg:84, SD:8, Max:99, Min:33
ARouter Active Avg:91, SD:4, Max:98, Min:71
T1 invocations: 698,401
T2 invocations: 1,265,649
T3 invocations: 7,499,854
T3b invocations: 97,335,574
Total3 invocations: 104,835,428
Total4 invocations: 30,853

T3/T2 ratio: 6
T3b/T3 ratio: 13

T1 avg ex cycles: 36
T2 avg ex cycles: 56
T3&b avg ex cycles: 6
T4 avg ex cycles: 252
Avg. hops NOC1: 27
Avg. latency NOC1 (T2): 8,707
Avg. hops NOC2: 15
Avg. latency NOC2 (T3): 2,404
Number of K Nodes Processed: 3,079
Number of K Edges Processed: 61,995
Node Re-explore factor: 0.73
Edge Re-explore factor: 0.48
Nodes/cy: 60
Edges/cy: 1,217
TEPS: 2,518

---Pcache---
Pcache Size: 16,384
Cached: 0
  PHits: 0
  PMisses: 0
  PHit Rate (hit/miss): -nan%
  PEvictions: 0
  PEviction Rate (evict/misses): -nan%

---Energy---
Leakage Energy (nJ): 65,152
PU Dyn E (nJ): 6,153,179
Mem Dyn E (nJ): 16,591,127
Route Dyn E (nJ): 9,598,863
Dynamic Energy (nJ): 32,343,169
Ratio of Dyn/Leak: 496
Total Energy (nJ): 32,408,321
Total Energy (nJ) 3D: 33,257,908
Cores Energy (nJ): 6,155,449
Route Energy (nJ): 9,600,170
Route Energy (nJ) 3D: 10,449,756
Mem Energy   (nJ): 16,652,703
Mem Energy   (nJ) 3D: 16,652,703
Avg. Power (mW): 635,956.05
Power Density (mW/mm2): 183.74

---Runtime---
Runtime in K cycles: 50.96
Microseconds: 50.96
Time per iteration (ms): 0.05

---Throughput---
GOP/s (aka OPS/ns): 13,449.41
GOP/s per core: 0.82
FLOP/s: 3,262.79
FLOP/s per core: 0.20
Max Peak FLOP/s: 16,384.00
Avg. BW GB/s: 62,447.81
Max BW GB/s: 65,536.00

---Traffic---
In-Die bisection_bytes BW (GB/s): 2,048.00
Inter-board traffic (msg/ns): 0.00, per-link: 0.00
Inter-pack traffic (msg/ns): 0.00, per-link: 0.00
Inter-die traffic (msg/ns): 0.00, per-link: 0.00
Ruche traffic (msg/ns): 0.00, per-link: 0.00
All traffic (msg/ns): 62,733.06, per-link: 3.83
Inter-die reduction wrt all: inf
Inter-board reduction wrt inter-die: -nan

---Data Movement---
All traffic (msg): 3,196,876,798
Arith. Intensity FLOP/Loads: 0.42
Arith. Intensity FLOP/Msgs: 0.05
Arith. Intensity OPS/Loads: 1.73
Arith. Intensity OPS/Msgs: 0.21



===Core Utilization Total=== CORE-S:5;; TIME K cy:50 ;; Nodes Proc: 191,994 -- Edges Proc: 3,922,247

===PRINTING FRAME STATS

FCollision In Avg:87, SD:54, Max:326, Min:1
FCollision Out Avg:82, SD:41, Max:246, Min:0
FCollision End Avg:4, SD:14, Max:101, Min:0
FTask1 Avg:4, SD:7, Max:47, Min:0
FTask2 Avg:10, SD:14, Max:75, Min:0
FTask3 Avg:61, SD:12, Max:100, Min:8
FCore Active Avg:76, SD:16, Max:100, Min:42
FRouter Active Avg:90, SD:7, Max:101, Min:59
T1 invocations: 57,081
T2 invocations: 95,297
T3 invocations: 227,087
T3b invocations: 4,723,318
Total3 invocations: 4,950,405
Total4 invocations: 2,096

T3/T2 ratio: 2
T3b/T3 ratio: 21

T1 avg ex cycles: 31
T2 avg ex cycles: 42
T3&b avg ex cycles: 5
T4 avg ex cycles: 242
Avg. hops NOC1: 29
Avg. latency NOC1 (T2): 9,466
Avg. hops NOC2: 13
Avg. latency NOC2 (T3): 1,065

===PRINTING ACUM STATS at pu_cycles: 61,069

ACollision In Avg:79, SD:28, Max:235, Min:8
ACollision Out Avg:82, SD:28, Max:182, Min:2
ACollision End Avg:3, SD:7, Max:79, Min:0
ATask1 Avg:3, SD:3, Max:20, Min:0
ATask2 Avg:8, SD:6, Max:29, Min:0
ATask3 Avg:70, SD:5, Max:86, Min:39
ACore Active Avg:82, SD:7, Max:99, Min:44
ARouter Active Avg:91, SD:4, Max:98, Min:70
T1 invocations: 951,114
T2 invocations: 1,675,126
T3 invocations: 8,467,837
T3b invocations: 117,379,417
Total3 invocations: 125,847,254
Total4 invocations: 39,439

T3/T2 ratio: 5
T3b/T3 ratio: 14

T1 avg ex cycles: 34
T2 avg ex cycles: 52
T3&b avg ex cycles: 6
T4 avg ex cycles: 255
Avg. hops NOC1: 25
Avg. latency NOC1 (T2): 8,934
Avg. hops NOC2: 15
Avg. latency NOC2 (T3): 2,228
Number of K Nodes Processed: 3,353
Number of K Edges Processed: 76,635
Node Re-explore factor: 0.80
Edge Re-explore factor: 0.60
Nodes/cy: 55
Edges/cy: 1,255
TEPS: 2,101

---Pcache---
Pcache Size: 16,384
Cached: 0
  PHits: 0
  PMisses: 0
  PHit Rate (hit/miss): -nan%
  PEvictions: 0
  PEviction Rate (evict/misses): -nan%

---Energy---
Leakage Energy (nJ): 78,076
PU Dyn E (nJ): 7,405,080
Mem Dyn E (nJ): 19,968,746
Route Dyn E (nJ): 11,361,375
Dynamic Energy (nJ): 38,735,201
Ratio of Dyn/Leak: 496
Total Energy (nJ): 38,813,277
Total Energy (nJ) 3D: 39,818,862
Cores Energy (nJ): 7,407,800
Route Energy (nJ): 11,362,941
Route Energy (nJ) 3D: 12,368,526
Mem Energy   (nJ): 20,042,537
Mem Energy   (nJ) 3D: 20,042,537
Avg. Power (mW): 635,564.31
Power Density (mW/mm2): 183.62

---Runtime---
Runtime in K cycles: 61.07
Microseconds: 61.07
Time per iteration (ms): 0.06

---Throughput---
GOP/s (aka OPS/ns): 13,400.23
GOP/s per core: 0.82
FLOP/s: 3,303.20
FLOP/s per core: 0.20
Max Peak FLOP/s: 16,384.00
Avg. BW GB/s: 62,722.48
Max BW GB/s: 65,536.00

---Traffic---
In-Die bisection_bytes BW (GB/s): 2,048.00
Inter-board traffic (msg/ns): 0.00, per-link: 0.00
Inter-pack traffic (msg/ns): 0.00, per-link: 0.00
Inter-die traffic (msg/ns): 0.00, per-link: 0.00
Ruche traffic (msg/ns): 0.00, per-link: 0.00
All traffic (msg/ns): 62,027.10, per-link: 3.79
Inter-die reduction wrt all: inf
Inter-board reduction wrt inter-die: -nan

---Data Movement---
All traffic (msg): 3,787,932,795
Arith. Intensity FLOP/Loads: 0.42
Arith. Intensity FLOP/Msgs: 0.05
Arith. Intensity OPS/Loads: 1.72
Arith. Intensity OPS/Msgs: 0.22



===Core Utilization Total=== CORE-S:6;; TIME K cy:60 ;; Nodes Proc: 208,773 -- Edges Proc: 4,838,017

===PRINTING FRAME STATS

FCollision In Avg:90, SD:55, Max:310, Min:0
FCollision Out Avg:78, SD:43, Max:243, Min:0
FCollision End Avg:4, SD:14, Max:110, Min:0
FTask1 Avg:4, SD:7, Max:65, Min:0
FTask2 Avg:9, SD:14, Max:93, Min:0
FTask3 Avg:57, SD:11, Max:100, Min:2
FCore Active Avg:72, SD:17, Max:100, Min:38
FRouter Active Avg:87, SD:9, Max:101, Min:53
T1 invocations: 61,180
T2 invocations: 96,734
T3 invocations: 202,745
T3b invocations: 4,478,896
Total3 invocations: 4,681,641
Total4 invocations: 3,247

T3/T2 ratio: 2
T3b/T3 ratio: 22

T1 avg ex cycles: 30
T2 avg ex cycles: 40
T3&b avg ex cycles: 5
T4 avg ex cycles: 165
Avg. hops NOC1: 28
Avg. latency NOC1 (T2): 9,088
Avg. hops NOC2: 13
Avg. latency NOC2 (T3): 965

===PRINTING ACUM STATS at pu_cycles: 71,091

ACollision In Avg:81, SD:28, Max:231, Min:7
ACollision Out Avg:81, SD:28, Max:179, Min:2
ACollision End Avg:3, SD:7, Max:76, Min:0
ATask1 Avg:3, SD:3, Max:26, Min:0
ATask2 Avg:9, SD:6, Max:27, Min:0
ATask3 Avg:68, SD:4, Max:84, Min:44
ACore Active Avg:81, SD:7, Max:99, Min:51
ARouter Active Avg:90, SD:4, Max:98, Min:69
T1 invocations: 1,224,586
T2 invocations: 2,112,113
T3 invocations: 9,343,941
T3b invocations: 137,211,133
Total3 invocations: 146,555,074
Total4 invocations: 51,561

T3/T2 ratio: 4
T3b/T3 ratio: 15

T1 avg ex cycles: 33
T2 avg ex cycles: 50
T3&b avg ex cycles: 5
T4 avg ex cycles: 240
Avg. hops NOC1: 24
Avg. latency NOC1 (T2): 8,893
Avg. hops NOC2: 14
Avg. latency NOC2 (T3): 2,097
Number of K Nodes Processed: 3,588
Number of K Edges Processed: 90,987
Node Re-explore factor: 0.86
Edge Re-explore factor: 0.71
Nodes/cy: 50
Edges/cy: 1,280
TEPS: 1,805

---Pcache---
Pcache Size: 16,384
Cached: 0
  PHits: 0
  PMisses: 0
  PHit Rate (hit/miss): -nan%
  PEvictions: 0
  PEviction Rate (evict/misses): -nan%

---Energy---
Leakage Energy (nJ): 90,889
PU Dyn E (nJ): 8,638,612
Mem Dyn E (nJ): 23,296,181
Route Dyn E (nJ): 13,056,194
Dynamic Energy (nJ): 44,990,988
Ratio of Dyn/Leak: 495
Total Energy (nJ): 45,081,877
Total Energy (nJ) 3D: 46,237,469
Cores Energy (nJ): 8,641,778
Route Energy (nJ): 13,058,017
Route Energy (nJ) 3D: 14,213,608
Mem Energy   (nJ): 23,382,082
Mem Energy   (nJ) 3D: 23,382,082
Avg. Power (mW): 634,143.23
Power Density (mW/mm2): 183.21

---Runtime---
Runtime in K cycles: 71.09
Microseconds: 71.09
Time per iteration (ms): 0.07

---Throughput---
GOP/s (aka OPS/ns): 13,348.44
GOP/s per core: 0.81
FLOP/s: 3,330.26
FLOP/s per core: 0.20
Max Peak FLOP/s: 16,384.00
Avg. BW GB/s: 62,862.05
Max BW GB/s: 65,536.00

---Traffic---
In-Die bisection_bytes BW (GB/s): 2,048.00
Inter-board traffic (msg/ns): 0.00, per-link: 0.00
Inter-pack traffic (msg/ns): 0.00, per-link: 0.00
Inter-die traffic (msg/ns): 0.00, per-link: 0.00
Ruche traffic (msg/ns): 0.00, per-link: 0.00
All traffic (msg/ns): 61,293.60, per-link: 3.74
Inter-die reduction wrt all: inf
Inter-board reduction wrt inter-die: -nan

---Data Movement---
All traffic (msg): 4,357,423,601
Arith. Intensity FLOP/Loads: 0.43
Arith. Intensity FLOP/Msgs: 0.05
Arith. Intensity OPS/Loads: 1.71
Arith. Intensity OPS/Msgs: 0.22



===Core Utilization Total=== CORE-S:7;; TIME K cy:70 ;; Nodes Proc: 223,506 -- Edges Proc: 5,672,773

===PRINTING FRAME STATS

FCollision In Avg:88, SD:55, Max:305, Min:0
FCollision Out Avg:73, SD:43, Max:254, Min:0
FCollision End Avg:3, SD:13, Max:146, Min:0
FTask1 Avg:5, SD:7, Max:50, Min:0
FTask2 Avg:9, SD:13, Max:85, Min:0
FTask3 Avg:51, SD:12, Max:100, Min:11
FCore Active Avg:67, SD:18, Max:100, Min:33
FRouter Active Avg:84, SD:10, Max:100, Min:42
T1 invocations: 66,154
T2 invocations: 99,004
T3 invocations: 177,617
T3b invocations: 4,121,704
Total3 invocations: 4,299,321
Total4 invocations: 4,554

T3/T2 ratio: 2
T3b/T3 ratio: 23

T1 avg ex cycles: 30
T2 avg ex cycles: 37
T3&b avg ex cycles: 5
T4 avg ex cycles: 121
Avg. hops NOC1: 31
Avg. latency NOC1 (T2): 9,480
Avg. hops NOC2: 13
Avg. latency NOC2 (T3): 850

===PRINTING ACUM STATS at pu_cycles: 81,091

ACollision In Avg:82, SD:29, Max:228, Min:9
ACollision Out Avg:80, SD:27, Max:171, Min:2
ACollision End Avg:3, SD:7, Max:78, Min:0
ATask1 Avg:4, SD:2, Max:28, Min:0
ATask2 Avg:9, SD:5, Max:25, Min:0
ATask3 Avg:66, SD:4, Max:83, Min:46
ACore Active Avg:79, SD:7, Max:99, Min:53
ARouter Active Avg:90, SD:4, Max:98, Min:66
T1 invocations: 1,530,584
T2 invocations: 2,574,646
T3 invocations: 10,130,099
T3b invocations: 156,180,848
Total3 invocations: 166,310,947
Total4 invocations: 68,392

T3/T2 ratio: 4
T3b/T3 ratio: 15

T1 avg ex cycles: 33
T2 avg ex cycles: 47
T3&b avg ex cycles: 5
T4 avg ex cycles: 220
Avg. hops NOC1: 24
Avg. latency NOC1 (T2): 8,747
Avg. hops NOC2: 14
Avg. latency NOC2 (T3): 1,990
Number of K Nodes Processed: 3,785
Number of K Edges Processed: 105,008
Node Re-explore factor: 0.90
Edge Re-explore factor: 0.82
Nodes/cy: 47
Edges/cy: 1,295
TEPS: 1,582

---Pcache---
Pcache Size: 16,384
Cached: 0
  PHits: 0
  PMisses: 0
  PHit Rate (hit/miss): -nan%
  PEvictions: 0
  PEviction Rate (evict/misses): -nan%

---Energy---
Leakage Energy (nJ): 103,673
PU Dyn E (nJ): 9,826,960
Mem Dyn E (nJ): 26,496,008
Route Dyn E (nJ): 14,668,856
Dynamic Energy (nJ): 50,991,824
Ratio of Dyn/Leak: 492
Total Energy (nJ): 51,095,497
Total Energy (nJ) 3D: 52,393,824
Cores Energy (nJ): 9,830,571
Route Energy (nJ): 14,670,935
Route Energy (nJ) 3D: 15,969,263
Mem Energy   (nJ): 26,593,992
Mem Energy   (nJ) 3D: 26,593,992
Avg. Power (mW): 630,100.72
Power Density (mW/mm2): 182.05

---Runtime---
Runtime in K cycles: 81.09
Microseconds: 81.09
Time per iteration (ms): 0.08

---Throughput---
GOP/s (aka OPS/ns): 13,250.90
GOP/s per core: 0.81
FLOP/s: 3,336.51
FLOP/s per core: 0.20
Max Peak FLOP/s: 16,384.00
Avg. BW GB/s: 62,682.46
Max BW GB/s: 65,536.00

---Traffic---
In-Die bisection_bytes BW (GB/s): 2,048.00
Inter-board traffic (msg/ns): 0.00, per-link: 0.00
Inter-pack traffic (msg/ns): 0.00, per-link: 0.00
Inter-die traffic (msg/ns): 0.00, per-link: 0.00
Ruche traffic (msg/ns): 0.00, per-link: 0.00
All traffic (msg/ns): 60,420.42, per-link: 3.69
Inter-die reduction wrt all: inf
Inter-board reduction wrt inter-die: -nan

---Data Movement---
All traffic (msg): 4,899,552,287
Arith. Intensity FLOP/Loads: 0.43
Arith. Intensity FLOP/Msgs: 0.06
Arith. Intensity OPS/Loads: 1.70
Arith. Intensity OPS/Msgs: 0.22



===Core Utilization Total=== CORE-S:8;; TIME K cy:80 ;; Nodes Proc: 235,858 -- Edges Proc: 6,474,521

===PRINTING FRAME STATS

FCollision In Avg:85, SD:55, Max:303, Min:0
FCollision Out Avg:70, SD:42, Max:222, Min:0
FCollision End Avg:3, SD:12, Max:101, Min:0
FTask1 Avg:5, SD:7, Max:48, Min:0
FTask2 Avg:9, SD:13, Max:87, Min:0
FTask3 Avg:48, SD:10, Max:99, Min:13
FCore Active Avg:63, SD:17, Max:100, Min:33
FRouter Active Avg:82, SD:12, Max:100, Min:39
T1 invocations: 69,969
T2 invocations: 108,700
T3 invocations: 152,617
T3b invocations: 3,911,995
Total3 invocations: 4,064,612
Total4 invocations: 5,559

T3/T2 ratio: 1
T3b/T3 ratio: 26

T1 avg ex cycles: 29
T2 avg ex cycles: 34
T3&b avg ex cycles: 5
T4 avg ex cycles: 107
Avg. hops NOC1: 31
Avg. latency NOC1 (T2): 8,403
Avg. hops NOC2: 13
Avg. latency NOC2 (T3): 724

===PRINTING ACUM STATS at pu_cycles: 91,038

ACollision In Avg:82, SD:29, Max:225, Min:9
ACollision Out Avg:79, SD:27, Max:168, Min:1
ACollision End Avg:3, SD:7, Max:78, Min:0
ATask1 Avg:4, SD:2, Max:25, Min:0
ATask2 Avg:9, SD:4, Max:27, Min:0
ATask3 Avg:64, SD:4, Max:82, Min:46
ACore Active Avg:77, SD:7, Max:97, Min:57
ARouter Active Avg:89, SD:5, Max:97, Min:63
T1 invocations: 1,869,477
T2 invocations: 3,066,987
T3 invocations: 10,814,484
T3b invocations: 173,985,413
Total3 invocations: 184,799,897
Total4 invocations: 92,101

T3/T2 ratio: 4
T3b/T3 ratio: 16

T1 avg ex cycles: 32
T2 avg ex cycles: 45
T3&b avg ex cycles: 5
T4 avg ex cycles: 195
Avg. hops NOC1: 24
Avg. latency NOC1 (T2): 8,464
Avg. hops NOC2: 14
Avg. latency NOC2 (T3): 1,898
Number of K Nodes Processed: 3,948
Number of K Edges Processed: 118,331
Node Re-explore factor: 0.94
Edge Re-explore factor: 0.92
Nodes/cy: 43
Edges/cy: 1,300
TEPS: 1,409

---Pcache---
Pcache Size: 16,384
Cached: 0
  PHits: 0
  PMisses: 0
  PHit Rate (hit/miss): -nan%
  PEvictions: 0
  PEviction Rate (evict/misses): -nan%

---Energy---
Leakage Energy (nJ): 116,391
PU Dyn E (nJ): 10,950,330
Mem Dyn E (nJ): 29,513,112
Route Dyn E (nJ): 16,176,461
Dynamic Energy (nJ): 56,639,904
Ratio of Dyn/Leak: 487
Total Energy (nJ): 56,756,295
Total Energy (nJ) 3D: 58,188,059
Cores Energy (nJ): 10,954,385
Route Energy (nJ): 16,178,795
Route Energy (nJ) 3D: 17,610,559
Mem Energy   (nJ): 29,623,115
Mem Energy   (nJ) 3D: 29,623,115
Avg. Power (mW): 623,435.21
Power Density (mW/mm2): 180.12

---Runtime---
Runtime in K cycles: 91.04
Microseconds: 91.04
Time per iteration (ms): 0.09

---Throughput---
GOP/s (aka OPS/ns): 13,109.62
GOP/s per core: 0.80
FLOP/s: 3,322.38
FLOP/s per core: 0.20
Max Peak FLOP/s: 16,384.00
Avg. BW GB/s: 62,193.98
Max BW GB/s: 65,536.00

---Traffic---
In-Die bisection_bytes BW (GB/s): 2,048.00
Inter-board traffic (msg/ns): 0.00, per-link: 0.00
Inter-pack traffic (msg/ns): 0.00, per-link: 0.00
Inter-die traffic (msg/ns): 0.00, per-link: 0.00
Ruche traffic (msg/ns): 0.00, per-link: 0.00
All traffic (msg/ns): 59,388.21, per-link: 3.62
Inter-die reduction wrt all: inf
Inter-board reduction wrt inter-die: -nan

---Data Movement---
All traffic (msg): 5,406,583,775
Arith. Intensity FLOP/Loads: 0.43
Arith. Intensity FLOP/Msgs: 0.06
Arith. Intensity OPS/Loads: 1.69
Arith. Intensity OPS/Msgs: 0.22



===Core Utilization Total=== CORE-S:9;; TIME K cy:90 ;; Nodes Proc: 246,003 -- Edges Proc: 7,332,118

===PRINTING FRAME STATS

FCollision In Avg:75, SD:56, Max:300, Min:0
FCollision Out Avg:60, SD:42, Max:213, Min:0
FCollision End Avg:2, SD:11, Max:101, Min:0
FTask1 Avg:5, SD:7, Max:63, Min:0
FTask2 Avg:8, SD:13, Max:82, Min:0
FTask3 Avg:44, SD:8, Max:98, Min:7
FCore Active Avg:59, SD:16, Max:100, Min:30
FRouter Active Avg:79, SD:12, Max:100, Min:36
T1 invocations: 72,189
T2 invocations: 107,216
T3 invocations: 138,336
T3b invocations: 3,585,369
Total3 invocations: 3,723,705
Total4 invocations: 7,647

T3/T2 ratio: 1
T3b/T3 ratio: 26

T1 avg ex cycles: 29
T2 avg ex cycles: 32
T3&b avg ex cycles: 5
T4 avg ex cycles: 83
Avg. hops NOC1: 32
Avg. latency NOC1 (T2): 7,793
Avg. hops NOC2: 13
Avg. latency NOC2 (T3): 605

===PRINTING ACUM STATS at pu_cycles: 101,058

ACollision In Avg:81, SD:30, Max:222, Min:9
ACollision Out Avg:77, SD:27, Max:164, Min:1
ACollision End Avg:3, SD:7, Max:71, Min:0
ATask1 Avg:4, SD:2, Max:25, Min:0
ATask2 Avg:9, SD:4, Max:25, Min:0
ATask3 Avg:62, SD:4, Max:80, Min:45
ACore Active Avg:76, SD:6, Max:95, Min:57
ARouter Active Avg:88, SD:5, Max:97, Min:61
T1 invocations: 2,202,569
T2 invocations: 3,558,577
T3 invocations: 11,433,997
T3b invocations: 190,545,948
Total3 invocations: 201,979,945
Total4 invocations: 125,694

T3/T2 ratio: 3
T3b/T3 ratio: 17

T1 avg ex cycles: 32
T2 avg ex cycles: 44
T3&b avg ex cycles: 5
T4 avg ex cycles: 167
Avg. hops NOC1: 23
Avg. latency NOC1 (T2): 8,148
Avg. hops NOC2: 14
Avg. latency NOC2 (T3): 1,812
Number of K Nodes Processed: 4,093
Number of K Edges Processed: 130,785
Node Re-explore factor: 0.98
Edge Re-explore factor: 1.02
Nodes/cy: 41
Edges/cy: 1,294
TEPS: 1,270

---Pcache---
Pcache Size: 16,384
Cached: 0
  PHits: 0
  PMisses: 0
  PHit Rate (hit/miss): -nan%
  PEvictions: 0
  PEviction Rate (evict/misses): -nan%

---Energy---
Leakage Energy (nJ): 129,201
PU Dyn E (nJ): 11,997,238
Mem Dyn E (nJ): 32,322,950
Route Dyn E (nJ): 17,565,809
Dynamic Energy (nJ): 61,885,998
Ratio of Dyn/Leak: 479
Total Energy (nJ): 62,015,199
Total Energy (nJ) 3D: 63,569,932
Cores Energy (nJ): 12,001,738
Route Energy (nJ): 17,568,400
Route Energy (nJ) 3D: 19,123,134
Mem Energy   (nJ): 32,445,061
Mem Energy   (nJ) 3D: 32,445,061
Avg. Power (mW): 613,659.47
Power Density (mW/mm2): 177.29

---Runtime---
Runtime in K cycles: 101.06
Microseconds: 101.06
Time per iteration (ms): 0.10

---Throughput---
GOP/s (aka OPS/ns): 12,908.06
GOP/s per core: 0.79
FLOP/s: 3,286.81
FLOP/s per core: 0.20
Max Peak FLOP/s: 16,384.00
Avg. BW GB/s: 61,364.02
Max BW GB/s: 65,536.00

---Traffic---
In-Die bisection_bytes BW (GB/s): 2,048.00
Inter-board traffic (msg/ns): 0.00, per-link: 0.00
Inter-pack traffic (msg/ns): 0.00, per-link: 0.00
Inter-die traffic (msg/ns): 0.00, per-link: 0.00
Ruche traffic (msg/ns): 0.00, per-link: 0.00
All traffic (msg/ns): 58,127.41, per-link: 3.55
Inter-die reduction wrt all: inf
Inter-board reduction wrt inter-die: -nan

---Data Movement---
All traffic (msg): 5,874,239,798
Arith. Intensity FLOP/Loads: 0.43
Arith. Intensity FLOP/Msgs: 0.06
Arith. Intensity OPS/Loads: 1.69
Arith. Intensity OPS/Msgs: 0.22



===Core Utilization Total=== CORE-S:10;; TIME K cy:100 ;; Nodes Proc: 255,051 -- Edges Proc: 8,149,031

===PRINTING FRAME STATS

FCollision In Avg:66, SD:54, Max:325, Min:0
FCollision Out Avg:50, SD:40, Max:203, Min:0
FCollision End Avg:2, SD:9, Max:101, Min:0
FTask1 Avg:5, SD:8, Max:47, Min:0
FTask2 Avg:8, SD:13, Max:82, Min:0
FTask3 Avg:38, SD:6, Max:78, Min:8
FCore Active Avg:52, SD:16, Max:100, Min:29
FRouter Active Avg:74, SD:13, Max:100, Min:33
T1 invocations: 74,643
T2 invocations: 104,515
T3 invocations: 120,400
T3b invocations: 3,133,746
Total3 invocations: 3,254,146
Total4 invocations: 9,257

T3/T2 ratio: 1
T3b/T3 ratio: 26

T1 avg ex cycles: 29
T2 avg ex cycles: 30
T3&b avg ex cycles: 5
T4 avg ex cycles: 72
Avg. hops NOC1: 37
Avg. latency NOC1 (T2): 6,969
Avg. hops NOC2: 12
Avg. latency NOC2 (T3): 507

===PRINTING ACUM STATS at pu_cycles: 110,893

ACollision In Avg:80, SD:30, Max:220, Min:8
ACollision Out Avg:75, SD:27, Max:156, Min:1
ACollision End Avg:3, SD:6, Max:68, Min:0
ATask1 Avg:4, SD:2, Max:24, Min:0
ATask2 Avg:9, SD:3, Max:22, Min:0
ATask3 Avg:60, SD:4, Max:77, Min:44
ACore Active Avg:73, SD:6, Max:92, Min:55
ARouter Active Avg:86, SD:5, Max:96, Min:59
T1 invocations: 2,525,749
T2 invocations: 4,030,161
T3 invocations: 11,965,864
T3b invocations: 205,329,486
Total3 invocations: 217,295,350
Total4 invocations: 169,475

T3/T2 ratio: 3
T3b/T3 ratio: 17

T1 avg ex cycles: 31
T2 avg ex cycles: 42
T3&b avg ex cycles: 5
T4 avg ex cycles: 141
Avg. hops NOC1: 24
Avg. latency NOC1 (T2): 7,832
Avg. hops NOC2: 14
Avg. latency NOC2 (T3): 1,734
Number of K Nodes Processed: 4,210
Number of K Edges Processed: 142,062
Node Re-explore factor: 1.00
Edge Re-explore factor: 1.11
Nodes/cy: 38
Edges/cy: 1,281
TEPS: 1,157

---Pcache---
Pcache Size: 16,384
Cached: 0
  PHits: 0
  PMisses: 0
  PHit Rate (hit/miss): -nan%
  PEvictions: 0
  PEviction Rate (evict/misses): -nan%

---Energy---
Leakage Energy (nJ): 141,775
PU Dyn E (nJ): 12,941,688
Mem Dyn E (nJ): 34,853,523
Route Dyn E (nJ): 18,823,975
Dynamic Energy (nJ): 66,619,187
Ratio of Dyn/Leak: 470
Total Energy (nJ): 66,760,962
Total Energy (nJ) 3D: 68,427,055
Cores Energy (nJ): 12,946,626
Route Energy (nJ): 18,826,819
Route Energy (nJ) 3D: 20,492,912
Mem Energy   (nJ): 34,987,517
Mem Energy   (nJ) 3D: 34,987,517
Avg. Power (mW): 602,030.44
Power Density (mW/mm2): 173.94

---Runtime---
Runtime in K cycles: 110.89
Microseconds: 110.89
Time per iteration (ms): 0.11

---Throughput---
GOP/s (aka OPS/ns): 12,667.65
GOP/s per core: 0.77
FLOP/s: 3,236.51
FLOP/s per core: 0.20
Max Peak FLOP/s: 16,384.00
Avg. BW GB/s: 60,301.32
Max BW GB/s: 65,536.00

---Traffic---
In-Die bisection_bytes BW (GB/s): 2,048.00
Inter-board traffic (msg/ns): 0.00, per-link: 0.00
Inter-pack traffic (msg/ns): 0.00, per-link: 0.00
Inter-die traffic (msg/ns): 0.00, per-link: 0.00
Ruche traffic (msg/ns): 0.00, per-link: 0.00
All traffic (msg/ns): 56,787.48, per-link: 3.47
Inter-die reduction wrt all: inf
Inter-board reduction wrt inter-die: -nan

---Data Movement---
All traffic (msg): 6,297,334,372
Arith. Intensity FLOP/Loads: 0.43
Arith. Intensity FLOP/Msgs: 0.06
Arith. Intensity OPS/Loads: 1.68
Arith. Intensity OPS/Msgs: 0.22



===Core Utilization Total=== CORE-S:11;; TIME K cy:110 ;; Nodes Proc: 262,620 -- Edges Proc: 8,882,401

===PRINTING FRAME STATS

FCollision In Avg:55, SD:52, Max:233, Min:0
FCollision Out Avg:41, SD:39, Max:190, Min:0
FCollision End Avg:2, SD:8, Max:101, Min:0
FTask1 Avg:5, SD:7, Max:50, Min:0
FTask2 Avg:7, SD:13, Max:94, Min:0
FTask3 Avg:34, SD:8, Max:77, Min:2
FCore Active Avg:48, SD:18, Max:100, Min:17
FRouter Active Avg:70, SD:16, Max:100, Min:27
T1 invocations: 73,236
T2 invocations: 102,351
T3 invocations: 106,790
T3b invocations: 2,804,743
Total3 invocations: 2,911,533
Total4 invocations: 10,846

T3/T2 ratio: 1
T3b/T3 ratio: 26

T1 avg ex cycles: 29
T2 avg ex cycles: 28
T3&b avg ex cycles: 5
T4 avg ex cycles: 62
Avg. hops NOC1: 37
Avg. latency NOC1 (T2): 6,179
Avg. hops NOC2: 13
Avg. latency NOC2 (T3): 450

===PRINTING ACUM STATS at pu_cycles: 121,045

ACollision In Avg:78, SD:30, Max:219, Min:7
ACollision Out Avg:72, SD:26, Max:157, Min:1
ACollision End Avg:3, SD:6, Max:65, Min:0
ATask1 Avg:4, SD:2, Max:23, Min:0
ATask2 Avg:8, SD:3, Max:20, Min:0
ATask3 Avg:57, SD:4, Max:75, Min:43
ACore Active Avg:71, SD:5, Max:92, Min:53
ARouter Active Avg:85, SD:6, Max:95, Min:57
T1 invocations: 2,811,470
T2 invocations: 4,468,296
T3 invocations: 12,456,882
T3b invocations: 219,111,863
Total3 invocations: 231,568,745
Total4 invocations: 222,174

T3/T2 ratio: 3
T3b/T3 ratio: 18

T1 avg ex cycles: 31
T2 avg ex cycles: 41
T3&b avg ex cycles: 5
T4 avg ex cycles: 120
Avg. hops NOC1: 24
Avg. latency NOC1 (T2): 7,565
Avg. hops NOC2: 14
Avg. latency NOC2 (T3): 1,663
Number of K Nodes Processed: 4,319
Number of K Edges Processed: 152,659
Node Re-explore factor: 1.03
Edge Re-explore factor: 1.19
Nodes/cy: 36
Edges/cy: 1,261
TEPS: 1,060

---Pcache---
Pcache Size: 16,384
Cached: 0
  PHits: 0
  PMisses: 0
  PHit Rate (hit/miss): -nan%
  PEvictions: 0
  PEviction Rate (evict/misses): -nan%

---Energy---
Leakage Energy (nJ): 154,754
PU Dyn E (nJ): 13,818,149
Mem Dyn E (nJ): 37,205,529
Route Dyn E (nJ): 19,997,925
Dynamic Energy (nJ): 71,021,604
Ratio of Dyn/Leak: 459
Total Energy (nJ): 71,176,358
Total Energy (nJ) 3D: 72,946,356
Cores Energy (nJ): 13,823,539
Route Energy (nJ): 20,001,029
Route Energy (nJ) 3D: 21,771,027
Mem Energy   (nJ): 37,351,790
Mem Energy   (nJ) 3D: 37,351,790
Avg. Power (mW): 588,015.68
Power Density (mW/mm2): 169.89

---Runtime---
Runtime in K cycles: 121.05
Microseconds: 121.05
Time per iteration (ms): 0.12

---Throughput---
GOP/s (aka OPS/ns): 12,372.51
GOP/s per core: 0.76
FLOP/s: 3,170.53
FLOP/s per core: 0.19
Max Peak FLOP/s: 16,384.00
Avg. BW GB/s: 58,973.37
Max BW GB/s: 65,536.00

---Traffic---
In-Die bisection_bytes BW (GB/s): 2,048.00
Inter-board traffic (msg/ns): 0.00, per-link: 0.00
Inter-pack traffic (msg/ns): 0.00, per-link: 0.00
Inter-die traffic (msg/ns): 0.00, per-link: 0.00
Ruche traffic (msg/ns): 0.00, per-link: 0.00
All traffic (msg/ns): 55,285.80, per-link: 3.37
Inter-die reduction wrt all: inf
Inter-board reduction wrt inter-die: -nan

---Data Movement---
All traffic (msg): 6,692,069,268
Arith. Intensity FLOP/Loads: 0.43
Arith. Intensity FLOP/Msgs: 0.06
Arith. Intensity OPS/Loads: 1.68
Arith. Intensity OPS/Msgs: 0.22



===Core Utilization Total=== CORE-S:12;; TIME K cy:120 ;; Nodes Proc: 269,419 -- Edges Proc: 9,513,261

===PRINTING FRAME STATS

FCollision In Avg:37, SD:46, Max:216, Min:0
FCollision Out Avg:27, SD:36, Max:204, Min:0
FCollision End Avg:1, SD:6, Max:100, Min:0
FTask1 Avg:5, SD:8, Max:57, Min:0
FTask2 Avg:6, SD:13, Max:86, Min:0
FTask3 Avg:28, SD:5, Max:59, Min:2
FCore Active Avg:40, SD:18, Max:100, Min:15
FRouter Active Avg:63, SD:17, Max:100, Min:21
T1 invocations: 65,142
T2 invocations: 92,941
T3 invocations: 76,132
T3b invocations: 2,358,652
Total3 invocations: 2,434,784
Total4 invocations: 9,817

T3/T2 ratio: 1
T3b/T3 ratio: 31

T1 avg ex cycles: 28
T2 avg ex cycles: 27
T3&b avg ex cycles: 5
T4 avg ex cycles: 58
Avg. hops NOC1: 37
Avg. latency NOC1 (T2): 4,959
Avg. hops NOC2: 12
Avg. latency NOC2 (T3): 383

===PRINTING ACUM STATS at pu_cycles: 130,779

ACollision In Avg:75, SD:30, Max:209, Min:7
ACollision Out Avg:68, SD:26, Max:159, Min:1
ACollision End Avg:3, SD:6, Max:68, Min:0
ATask1 Avg:4, SD:1, Max:21, Min:0
ATask2 Avg:8, SD:2, Max:19, Min:0
ATask3 Avg:55, SD:4, Max:72, Min:42
ACore Active Avg:69, SD:5, Max:89, Min:51
ARouter Active Avg:83, SD:6, Max:94, Min:54
T1 invocations: 3,052,433
T2 invocations: 4,830,223
T3 invocations: 12,801,314
T3b invocations: 229,290,061
Total3 invocations: 242,091,375
Total4 invocations: 271,820

T3/T2 ratio: 3
T3b/T3 ratio: 18

T1 avg ex cycles: 31
T2 avg ex cycles: 40
T3&b avg ex cycles: 5
T4 avg ex cycles: 106
Avg. hops NOC1: 24
Avg. latency NOC1 (T2): 7,341
Avg. hops NOC2: 14
Avg. latency NOC2 (T3): 1,611
Number of K Nodes Processed: 4,387
Number of K Edges Processed: 160,413
Node Re-explore factor: 1.05
Edge Re-explore factor: 1.25
Nodes/cy: 34
Edges/cy: 1,227
TEPS: 981

---Pcache---
Pcache Size: 16,384
Cached: 0
  PHits: 0
  PMisses: 0
  PHit Rate (hit/miss): -nan%
  PEvictions: 0
  PEviction Rate (evict/misses): -nan%

---Energy---
Leakage Energy (nJ): 167,199
PU Dyn E (nJ): 14,470,865
Mem Dyn E (nJ): 38,954,081
Route Dyn E (nJ): 20,871,289
Dynamic Energy (nJ): 74,296,236
Ratio of Dyn/Leak: 444
Total Energy (nJ): 74,463,435
Total Energy (nJ) 3D: 76,310,733
Cores Energy (nJ): 14,476,689
Route Energy (nJ): 20,874,643
Route Energy (nJ) 3D: 22,721,941
Mem Energy   (nJ): 39,112,104
Mem Energy   (nJ) 3D: 39,112,104
Avg. Power (mW): 569,383.73
Power Density (mW/mm2): 164.50

---Runtime---
Runtime in K cycles: 130.78
Microseconds: 130.78
Time per iteration (ms): 0.13

---Throughput---
GOP/s (aka OPS/ns): 11,981.31
GOP/s per core: 0.73
FLOP/s: 3,075.97
FLOP/s per core: 0.19
Max Peak FLOP/s: 16,384.00
Avg. BW GB/s: 57,150.39
Max BW GB/s: 65,536.00

---Traffic---
In-Die bisection_bytes BW (GB/s): 2,048.00
Inter-board traffic (msg/ns): 0.00, per-link: 0.00
Inter-pack traffic (msg/ns): 0.00, per-link: 0.00
Inter-die traffic (msg/ns): 0.00, per-link: 0.00
Ruche traffic (msg/ns): 0.00, per-link: 0.00
All traffic (msg/ns): 53,415.68, per-link: 3.26
Inter-die reduction wrt all: inf
Inter-board reduction wrt inter-die: -nan

---Data Movement---
All traffic (msg): 6,985,649,368
Arith. Intensity FLOP/Loads: 0.43
Arith. Intensity FLOP/Msgs: 0.06
Arith. Intensity OPS/Loads: 1.68
Arith. Intensity OPS/Msgs: 0.22



===Core Utilization Total=== CORE-S:13;; TIME K cy:130 ;; Nodes Proc: 273,649 -- Edges Proc: 9,962,761
======== IT IS COLD ======= Only 463 Tiles active

===PRINTING FRAME STATS

FCollision In Avg:19, SD:35, Max:199, Min:0
FCollision Out Avg:13, SD:25, Max:177, Min:0
FCollision End Avg:1, SD:4, Max:100, Min:0
FTask1 Avg:3, SD:7, Max:63, Min:0
FTask2 Avg:5, SD:12, Max:90, Min:0
FTask3 Avg:20, SD:5, Max:60, Min:5
FCore Active Avg:29, SD:16, Max:100, Min:9
FRouter Active Avg:50, SD:18, Max:100, Min:13
T1 invocations: 46,401
T2 invocations: 72,285
T3 invocations: 52,869
T3b invocations: 1,727,170
Total3 invocations: 1,780,039
Total4 invocations: 8,434

T3/T2 ratio: 1
T3b/T3 ratio: 33

T1 avg ex cycles: 28
T2 avg ex cycles: 26
T3&b avg ex cycles: 5
T4 avg ex cycles: 49
Avg. hops NOC1: 34
Avg. latency NOC1 (T2): 4,435
Avg. hops NOC2: 12
Avg. latency NOC2 (T3): 298

===PRINTING ACUM STATS at pu_cycles: 140,921

ACollision In Avg:71, SD:29, Max:198, Min:6
ACollision Out Avg:64, SD:25, Max:161, Min:1
ACollision End Avg:3, SD:5, Max:69, Min:0
ATask1 Avg:4, SD:1, Max:19, Min:0
ATask2 Avg:8, SD:2, Max:18, Min:0
ATask3 Avg:53, SD:4, Max:69, Min:40
ACore Active Avg:66, SD:5, Max:86, Min:50
ARouter Active Avg:81, SD:7, Max:93, Min:51
T1 invocations: 3,223,470
T2 invocations: 5,093,612
T3 invocations: 13,029,147
T3b invocations: 236,222,087
Total3 invocations: 249,251,234
Total4 invocations: 311,083

T3/T2 ratio: 3
T3b/T3 ratio: 18

T1 avg ex cycles: 31
T2 avg ex cycles: 40
T3&b avg ex cycles: 5
T4 avg ex cycles: 98
Avg. hops NOC1: 24
Avg. latency NOC1 (T2): 7,167
Avg. hops NOC2: 14
Avg. latency NOC2 (T3): 1,575
Number of K Nodes Processed: 4,432
Number of K Edges Processed: 165,881
Node Re-explore factor: 1.06
Edge Re-explore factor: 1.29
Nodes/cy: 31
Edges/cy: 1,177
TEPS: 911

---Pcache---
Pcache Size: 16,384
Cached: 0
  PHits: 0
  PMisses: 0
  PHit Rate (hit/miss): -nan%
  PEvictions: 0
  PEviction Rate (evict/misses): -nan%

---Energy---
Leakage Energy (nJ): 180,165
PU Dyn E (nJ): 14,917,644
Mem Dyn E (nJ): 40,150,829
Route Dyn E (nJ): 21,459,155
Dynamic Energy (nJ): 76,527,629
Ratio of Dyn/Leak: 425
Total Energy (nJ): 76,707,794
Total Energy (nJ) 3D: 78,607,124
Cores Energy (nJ): 14,923,920
Route Energy (nJ): 21,462,768
Route Energy (nJ) 3D: 23,362,098
Mem Energy   (nJ): 40,321,107
Mem Energy   (nJ) 3D: 40,321,107
Avg. Power (mW): 544,331.89
Power Density (mW/mm2): 157.27

---Runtime---
Runtime in K cycles: 140.92
Microseconds: 140.92
Time per iteration (ms): 0.14

---Throughput---
GOP/s (aka OPS/ns): 11,455.21
GOP/s per core: 0.70
FLOP/s: 2,944.51
FLOP/s per core: 0.18
Max Peak FLOP/s: 16,384.00
Avg. BW GB/s: 54,667.47
Max BW GB/s: 65,536.00

---Traffic---
In-Die bisection_bytes BW (GB/s): 2,048.00
Inter-board traffic (msg/ns): 0.00, per-link: 0.00
Inter-pack traffic (msg/ns): 0.00, per-link: 0.00
Inter-die traffic (msg/ns): 0.00, per-link: 0.00
Ruche traffic (msg/ns): 0.00, per-link: 0.00
All traffic (msg/ns): 50,975.18, per-link: 3.11
Inter-die reduction wrt all: inf
Inter-board reduction wrt inter-die: -nan

---Data Movement---
All traffic (msg): 7,183,472,808
Arith. Intensity FLOP/Loads: 0.43
Arith. Intensity FLOP/Msgs: 0.06
Arith. Intensity OPS/Loads: 1.68
Arith. Intensity OPS/Msgs: 0.22



===Core Utilization Total=== CORE-S:14;; TIME K cy:140 ;; Nodes Proc: 276,443 -- Edges Proc: 10,292,552
======== IT IS COLD ======= Only 263 Tiles active

===PRINTING FRAME STATS

FCollision In Avg:8, SD:24, Max:200, Min:0
FCollision Out Avg:4, SD:13, Max:96, Min:0
FCollision End Avg:0, SD:2, Max:58, Min:0
FTask1 Avg:2, SD:6, Max:62, Min:0
FTask2 Avg:3, SD:9, Max:96, Min:0
FTask3 Avg:11, SD:5, Max:32, Min:3
FCore Active Avg:17, SD:14, Max:100, Min:3
FRouter Active Avg:31, SD:18, Max:98, Min:7
T1 invocations: 28,936
T2 invocations: 40,785
T3 invocations: 26,280
T3b invocations: 971,974
Total3 invocations: 998,254
Total4 invocations: 4,853

T3/T2 ratio: 1
T3b/T3 ratio: 37

T1 avg ex cycles: 28
T2 avg ex cycles: 26
T3&b avg ex cycles: 5
T4 avg ex cycles: 51
Avg. hops NOC1: 36
Avg. latency NOC1 (T2): 3,581
Avg. hops NOC2: 12
Avg. latency NOC2 (T3): 232

===PRINTING ACUM STATS at pu_cycles: 150,837

ACollision In Avg:66, SD:27, Max:198, Min:6
ACollision Out Avg:60, SD:23, Max:156, Min:1
ACollision End Avg:3, SD:5, Max:65, Min:0
ATask1 Avg:4, SD:1, Max:18, Min:0
ATask2 Avg:8, SD:2, Max:16, Min:0
ATask3 Avg:50, SD:4, Max:65, Min:38
ACore Active Avg:63, SD:4, Max:81, Min:48
ARouter Active Avg:78, SD:7, Max:90, Min:48
T1 invocations: 3,318,367
T2 invocations: 5,237,933
T3 invocations: 13,149,262
T3b invocations: 239,952,275
Total3 invocations: 253,101,537
Total4 invocations: 334,232

T3/T2 ratio: 3
T3b/T3 ratio: 18

T1 avg ex cycles: 31
T2 avg ex cycles: 39
T3&b avg ex cycles: 5
T4 avg ex cycles: 94
Avg. hops NOC1: 24
Avg. latency NOC1 (T2): 7,054
Avg. hops NOC2: 14
Avg. latency NOC2 (T3): 1,556
Number of K Nodes Processed: 4,454
Number of K Edges Processed: 168,703
Node Re-explore factor: 1.06
Edge Re-explore factor: 1.31
Nodes/cy: 30
Edges/cy: 1,118
TEPS: 851

---Pcache---
Pcache Size: 16,384
Cached: 0
  PHits: 0
  PMisses: 0
  PHit Rate (hit/miss): -nan%
  PEvictions: 0
  PEviction Rate (evict/misses): -nan%

---Energy---
Leakage Energy (nJ): 192,843
PU Dyn E (nJ): 15,158,366
Mem Dyn E (nJ): 40,794,661
Route Dyn E (nJ): 21,779,386
Dynamic Energy (nJ): 77,732,413
Ratio of Dyn/Leak: 403
Total Energy (nJ): 77,925,256
Total Energy (nJ) 3D: 79,852,930
Cores Energy (nJ): 15,165,083
Route Energy (nJ): 21,783,253
Route Energy (nJ) 3D: 23,710,927
Mem Energy   (nJ): 40,976,920
Mem Energy   (nJ) 3D: 40,976,920
Avg. Power (mW): 516,618.97
Power Density (mW/mm2): 149.26

---Runtime---
Runtime in K cycles: 150.84
Microseconds: 150.84
Time per iteration (ms): 0.15

---Throughput---
GOP/s (aka OPS/ns): 10,872.05
GOP/s per core: 0.66
FLOP/s: 2,796.03
FLOP/s per core: 0.17
Max Peak FLOP/s: 16,384.00
Avg. BW GB/s: 51,893.01
Max BW GB/s: 65,536.00

---Traffic---
In-Die bisection_bytes BW (GB/s): 2,048.00
Inter-board traffic (msg/ns): 0.00, per-link: 0.00
Inter-pack traffic (msg/ns): 0.00, per-link: 0.00
Inter-die traffic (msg/ns): 0.00, per-link: 0.00
Ruche traffic (msg/ns): 0.00, per-link: 0.00
All traffic (msg/ns): 48,337.85, per-link: 2.95
Inter-die reduction wrt all: inf
Inter-board reduction wrt inter-die: -nan

---Data Movement---
All traffic (msg): 7,291,136,980
Arith. Intensity FLOP/Loads: 0.43
Arith. Intensity FLOP/Msgs: 0.06
Arith. Intensity OPS/Loads: 1.68
Arith. Intensity OPS/Msgs: 0.22



===Core Utilization Total=== CORE-S:15;; TIME K cy:150 ;; Nodes Proc: 277,865 -- Edges Proc: 10,486,675
======== IT IS COLD ======= Only 100 Tiles active

===PRINTING FRAME STATS

FCollision In Avg:3, SD:14, Max:117, Min:0
FCollision Out Avg:1, SD:7, Max:74, Min:0
FCollision End Avg:0, SD:1, Max:32, Min:0
FTask1 Avg:1, SD:4, Max:53, Min:0
FTask2 Avg:1, SD:5, Max:85, Min:0
FTask3 Avg:4, SD:3, Max:30, Min:0
FCore Active Avg:6, SD:9, Max:95, Min:0
FRouter Active Avg:14, SD:15, Max:89, Min:2
T1 invocations: 11,471
T2 invocations: 17,190
T3 invocations: 9,813
T3b invocations: 361,693
Total3 invocations: 371,506
Total4 invocations: 1,839

T3/T2 ratio: 1
T3b/T3 ratio: 37

T1 avg ex cycles: 29
T2 avg ex cycles: 22
T3&b avg ex cycles: 5
T4 avg ex cycles: 53
Avg. hops NOC1: 45
Avg. latency NOC1 (T2): 2,910
Avg. hops NOC2: 12
Avg. latency NOC2 (T3): 157

===PRINTING ACUM STATS at pu_cycles: 160,548

ACollision In Avg:62, SD:26, Max:182, Min:5
ACollision Out Avg:57, SD:22, Max:147, Min:1
ACollision End Avg:2, SD:5, Max:62, Min:0
ATask1 Avg:4, SD:1, Max:17, Min:0
ATask2 Avg:7, SD:1, Max:15, Min:0
ATask3 Avg:47, SD:4, Max:61, Min:36
ACore Active Avg:59, SD:4, Max:76, Min:47
ARouter Active Avg:74, SD:7, Max:87, Min:45
T1 invocations: 3,348,332
T2 invocations: 5,282,632
T3 invocations: 13,187,940
T3b invocations: 241,163,588
Total3 invocations: 254,351,528
Total4 invocations: 342,121

T3/T2 ratio: 2
T3b/T3 ratio: 18

T1 avg ex cycles: 31
T2 avg ex cycles: 39
T3&b avg ex cycles: 5
T4 avg ex cycles: 93
Avg. hops NOC1: 24
Avg. latency NOC1 (T2): 7,016
Avg. hops NOC2: 14
Avg. latency NOC2 (T3): 1,549
Number of K Nodes Processed: 4,462
Number of K Edges Processed: 169,604
Node Re-explore factor: 1.06
Edge Re-explore factor: 1.32
Nodes/cy: 28
Edges/cy: 1,056
TEPS: 799

---Pcache---
Pcache Size: 16,384
Cached: 0
  PHits: 0
  PMisses: 0
  PHit Rate (hit/miss): -nan%
  PEvictions: 0
  PEviction Rate (evict/misses): -nan%

---Energy---
Leakage Energy (nJ): 205,258
PU Dyn E (nJ): 15,233,291
Mem Dyn E (nJ): 40,994,748
Route Dyn E (nJ): 21,886,481
Dynamic Energy (nJ): 78,114,520
Ratio of Dyn/Leak: 381
Total Energy (nJ): 78,319,778
Total Energy (nJ) 3D: 80,256,931
Cores Energy (nJ): 15,240,440
Route Energy (nJ): 21,890,597
Route Energy (nJ) 3D: 23,827,749
Mem Energy   (nJ): 41,188,742
Mem Energy   (nJ) 3D: 41,188,742
Avg. Power (mW): 487,827.80
Power Density (mW/mm2): 140.94

---Runtime---
Runtime in K cycles: 160.55
Microseconds: 160.55
Time per iteration (ms): 0.16

---Throughput---
GOP/s (aka OPS/ns): 10,265.31
GOP/s per core: 0.63
FLOP/s: 2,639.79
FLOP/s per core: 0.16
Max Peak FLOP/s: 16,384.00
Avg. BW GB/s: 48,993.61
Max BW GB/s: 65,536.00

---Traffic---
In-Die bisection_bytes BW (GB/s): 2,048.00
Inter-board traffic (msg/ns): 0.00, per-link: 0.00
Inter-pack traffic (msg/ns): 0.00, per-link: 0.00
Inter-die traffic (msg/ns): 0.00, per-link: 0.00
Ruche traffic (msg/ns): 0.00, per-link: 0.00
All traffic (msg/ns): 45,637.80, per-link: 2.79
Inter-die reduction wrt all: inf
Inter-board reduction wrt inter-die: -nan

---Data Movement---
All traffic (msg): 7,327,057,045
Arith. Intensity FLOP/Loads: 0.43
Arith. Intensity FLOP/Msgs: 0.06
Arith. Intensity OPS/Loads: 1.68
Arith. Intensity OPS/Msgs: 0.22



===Core Utilization Total=== CORE-S:16;; TIME K cy:160 ;; Nodes Proc: 278,328 -- Edges Proc: 10,522,589
======== IT IS COLD ======= Only 17 Tiles active

===PRINTING FRAME STATS

FCollision In Avg:1, SD:8, Max:132, Min:0
FCollision Out Avg:0, SD:4, Max:125, Min:0
FCollision End Avg:0, SD:2, Max:89, Min:0
FTask1 Avg:0, SD:3, Max:69, Min:0
FTask2 Avg:0, SD:4, Max:84, Min:0
FTask3 Avg:1, SD:2, Max:12, Min:0
FCore Active Avg:2, SD:6, Max:94, Min:0
FRouter Active Avg:5, SD:11, Max:93, Min:0
T1 invocations: 4,408
T2 invocations: 4,952
T3 invocations: 2,973
T3b invocations: 122,874
Total3 invocations: 125,847
Total4 invocations: 496

T3/T2 ratio: 1
T3b/T3 ratio: 41

T1 avg ex cycles: 30
T2 avg ex cycles: 28
T3&b avg ex cycles: 5
T4 avg ex cycles: 68
Avg. hops NOC1: 66
Avg. latency NOC1 (T2): 2,278
Avg. hops NOC2: 12
Avg. latency NOC2 (T3): 127

===PRINTING ACUM STATS at pu_cycles: 170,782

ACollision In Avg:59, SD:24, Max:171, Min:5
ACollision Out Avg:53, SD:21, Max:138, Min:1
ACollision End Avg:2, SD:4, Max:58, Min:0
ATask1 Avg:4, SD:1, Max:16, Min:0
ATask2 Avg:7, SD:1, Max:14, Min:2
ATask3 Avg:44, SD:3, Max:58, Min:34
ACore Active Avg:56, SD:4, Max:72, Min:45
ARouter Active Avg:70, SD:6, Max:83, Min:43
T1 invocations: 3,358,666
T2 invocations: 5,300,946
T3 invocations: 13,201,353
T3b invocations: 241,563,950
Total3 invocations: 254,765,303
Total4 invocations: 344,735

T3/T2 ratio: 2
T3b/T3 ratio: 18

T1 avg ex cycles: 31
T2 avg ex cycles: 39
T3&b avg ex cycles: 5
T4 avg ex cycles: 92
Avg. hops NOC1: 24
Avg. latency NOC1 (T2): 7,002
Avg. hops NOC2: 14
Avg. latency NOC2 (T3): 1,547
Number of K Nodes Processed: 4,464
Number of K Edges Processed: 169,922
Node Re-explore factor: 1.06
Edge Re-explore factor: 1.32
Nodes/cy: 26
Edges/cy: 995
TEPS: 751

---Pcache---
Pcache Size: 16,384
Cached: 0
  PHits: 0
  PMisses: 0
  PHit Rate (hit/miss): -nan%
  PEvictions: 0
  PEviction Rate (evict/misses): -nan%

---Energy---
Leakage Energy (nJ): 218,342
PU Dyn E (nJ): 15,262,450
Mem Dyn E (nJ): 41,073,185
Route Dyn E (nJ): 21,925,209
Dynamic Energy (nJ): 78,260,845
Ratio of Dyn/Leak: 358
Total Energy (nJ): 78,479,187
Total Energy (nJ) 3D: 80,419,767
Cores Energy (nJ): 15,270,055
Route Energy (nJ): 21,929,588
Route Energy (nJ) 3D: 23,870,168
Mem Energy   (nJ): 41,279,544
Mem Energy   (nJ) 3D: 41,279,544
Avg. Power (mW): 459,528.45
Power Density (mW/mm2): 132.76

---Runtime---
Runtime in K cycles: 170.78
Microseconds: 170.78
Time per iteration (ms): 0.17

---Throughput---
GOP/s (aka OPS/ns): 9,667.27
GOP/s per core: 0.59
FLOP/s: 2,486.70
FLOP/s per core: 0.15
Max Peak FLOP/s: 16,384.00
Avg. BW GB/s: 46,145.67
Max BW GB/s: 65,536.00

---Traffic---
In-Die bisection_bytes BW (GB/s): 2,048.00
Inter-board traffic (msg/ns): 0.00, per-link: 0.00
Inter-pack traffic (msg/ns): 0.00, per-link: 0.00
Inter-die traffic (msg/ns): 0.00, per-link: 0.00
Ruche traffic (msg/ns): 0.00, per-link: 0.00
All traffic (msg/ns): 42,978.63, per-link: 2.62
Inter-die reduction wrt all: inf
Inter-board reduction wrt inter-die: -nan

---Data Movement---
All traffic (msg): 7,339,976,715
Arith. Intensity FLOP/Loads: 0.43
Arith. Intensity FLOP/Msgs: 0.06
Arith. Intensity OPS/Loads: 1.68
Arith. Intensity OPS/Msgs: 0.22



===Core Utilization Total=== CORE-S:17;; TIME K cy:170 ;; Nodes Proc: 278,498 -- Edges Proc: 10,533,090
======== IT IS COLD ======= Only 3 Tiles active

===PRINTING FRAME STATS

FCollision In Avg:0, SD:3, Max:94, Min:0
FCollision Out Avg:0, SD:2, Max:42, Min:0
FCollision End Avg:0, SD:1, Max:24, Min:0
FTask1 Avg:0, SD:2, Max:38, Min:0
FTask2 Avg:0, SD:2, Max:63, Min:0
FTask3 Avg:0, SD:1, Max:10, Min:0
FCore Active Avg:0, SD:3, Max:65, Min:0
FRouter Active Avg:1, SD:5, Max:75, Min:0
T1 invocations: 1,388
T2 invocations: 797
T3 invocations: 502
T3b invocations: 21,965
Total3 invocations: 22,467
Total4 invocations: 151

T3/T2 ratio: 1
T3b/T3 ratio: 44

T1 avg ex cycles: 29
T2 avg ex cycles: 30
T3&b avg ex cycles: 5
T4 avg ex cycles: 58
Avg. hops NOC1: 66
Avg. latency NOC1 (T2): 3,024
Avg. hops NOC2: 13
Avg. latency NOC2 (T3): 235

===PRINTING ACUM STATS at pu_cycles: 180,119

ACollision In Avg:56, SD:23, Max:162, Min:5
ACollision Out Avg:50, SD:20, Max:131, Min:1
ACollision End Avg:2, SD:4, Max:55, Min:0
ATask1 Avg:3, SD:1, Max:15, Min:1
ATask2 Avg:6, SD:1, Max:14, Min:5
ATask3 Avg:42, SD:3, Max:55, Min:32
ACore Active Avg:53, SD:4, Max:68, Min:43
ARouter Active Avg:66, SD:6, Max:79, Min:40
T1 invocations: 3,360,647
T2 invocations: 5,303,841
T3 invocations: 13,204,501
T3b invocations: 241,666,775
Total3 invocations: 254,871,276
Total4 invocations: 345,379

T3/T2 ratio: 2
T3b/T3 ratio: 18

T1 avg ex cycles: 31
T2 avg ex cycles: 39
T3&b avg ex cycles: 5
T4 avg ex cycles: 92
Avg. hops NOC1: 24
Avg. latency NOC1 (T2): 7,000
Avg. hops NOC2: 14
Avg. latency NOC2 (T3): 1,546
Number of K Nodes Processed: 4,465
Number of K Edges Processed: 169,998
Node Re-explore factor: 1.06
Edge Re-explore factor: 1.32
Nodes/cy: 25
Edges/cy: 944
TEPS: 712

---Pcache---
Pcache Size: 16,384
Cached: 0
  PHits: 0
  PMisses: 0
  PHit Rate (hit/miss): -nan%
  PEvictions: 0
  PEviction Rate (evict/misses): -nan%

---Energy---
Leakage Energy (nJ): 230,279
PU Dyn E (nJ): 15,268,654
Mem Dyn E (nJ): 41,089,850
Route Dyn E (nJ): 21,934,940
Dynamic Energy (nJ): 78,293,445
Ratio of Dyn/Leak: 340
Total Energy (nJ): 78,523,724
Total Energy (nJ) 3D: 80,465,166
Cores Energy (nJ): 15,276,675
Route Energy (nJ): 21,939,558
Route Energy (nJ) 3D: 23,881,000
Mem Energy   (nJ): 41,307,492
Mem Energy   (nJ) 3D: 41,307,492
Avg. Power (mW): 435,954.70
Power Density (mW/mm2): 125.95

---Runtime---
Runtime in K cycles: 180.12
Microseconds: 180.12
Time per iteration (ms): 0.18

---Throughput---
GOP/s (aka OPS/ns): 9,169.83
GOP/s per core: 0.56
FLOP/s: 2,358.76
FLOP/s per core: 0.14
Max Peak FLOP/s: 16,384.00
Avg. BW GB/s: 43,771.35
Max BW GB/s: 65,536.00

---Traffic---
In-Die bisection_bytes BW (GB/s): 2,048.00
Inter-board traffic (msg/ns): 0.00, per-link: 0.00
Inter-pack traffic (msg/ns): 0.00, per-link: 0.00
Inter-die traffic (msg/ns): 0.00, per-link: 0.00
Ruche traffic (msg/ns): 0.00, per-link: 0.00
All traffic (msg/ns): 40,768.72, per-link: 2.49
Inter-die reduction wrt all: inf
Inter-board reduction wrt inter-die: -nan

---Data Movement---
All traffic (msg): 7,343,221,845
Arith. Intensity FLOP/Loads: 0.43
Arith. Intensity FLOP/Msgs: 0.06
Arith. Intensity OPS/Loads: 1.68
Arith. Intensity OPS/Msgs: 0.22



===Core Utilization Total=== CORE-S:18;; TIME K cy:180 ;; Nodes Proc: 278,541 -- Edges Proc: 10,533,166
======== IT IS COLD ======= Only 3 Tiles active
Epoch Done Router: 6
Epoch Done Router: 1
##EPOCH## 1 COMPLETED at Time (K cy): 189
Nodes processed until now: 4,465,352
Edges processed until now: 170,018,204
Epoch Done Router: 3
Epoch Done Router: 12
Epoch Done Router: 4
Epoch Done Router: 5
Epoch Done Router: 8
Epoch Done Router: 13
Epoch Done Router: 14
Epoch Done Router: 7
Epoch Done Router: 15
Epoch Done Router: 0
Epoch Done Router: 10
Epoch Done Router: 9
Epoch Done Router: 11
Epoch Done Router: 2
Program Done Router Thread: 2
Program Done Router Thread: 15
Program Done Router Thread: 9
Program Done Router Thread: 11
Program Done Worker Thread: 11
Program Done Worker Thread: 8
Program Done Router Thread: 1
Program Done Router Thread: 12
Program Done Router Thread: 3
Program Done Worker Thread: 0
Program Done Router Thread: 8
Program Done Router Thread: 5
Program Done Router Thread: 14
Program Done Worker Thread: 12
Program Done Worker Thread: 6
Program Done Router Thread: 6
Program Done Worker Thread: 10
Program Done Worker Thread: 2
Program Done Router Thread: 10
Program Done Worker Thread: 15
Program Done Worker Thread: 9
Program Done Router Thread: 4
Program Done Router Thread: 13
Program Done Router Thread: 0
Program Done Worker Thread: 1
Program Done Worker Thread: 13
Program Done Worker Thread: 7
Program Done Worker Thread: 3
Program Done Worker Thread: 5
Program Done Worker Thread: 4
Program Done Worker Thread: 14
Program Done Router Thread: 7

===PRINTING ACUM STATS at pu_cycles: 189,012

ACollision In Avg:53, SD:22, Max:154, Min:5
ACollision Out Avg:48, SD:19, Max:124, Min:1
ACollision End Avg:2, SD:4, Max:52, Min:0
ATask1 Avg:3, SD:1, Max:14, Min:2
ATask2 Avg:6, SD:1, Max:13, Min:5
ATask3 Avg:40, SD:3, Max:52, Min:30
ACore Active Avg:50, SD:3, Max:64, Min:41
ARouter Active Avg:63, SD:6, Max:75, Min:38
T1 invocations: 3,360,950
T2 invocations: 5,305,076
T3 invocations: 13,205,326
T3b invocations: 241,691,712
Total3 invocations: 254,897,038
Total4 invocations: 345,545

T3/T2 ratio: 2
T3b/T3 ratio: 18

T1 avg ex cycles: 31
T2 avg ex cycles: 39
T3&b avg ex cycles: 5
T4 avg ex cycles: 92
Avg. hops NOC1: 24
Avg. latency NOC1 (T2): 6,999
Avg. hops NOC2: 14
Avg. latency NOC2 (T3): 1,546

Runtime at program end in K cycles: 189
Runtime before cooldown in K cycles: 121


Number of K Nodes Processed: 4,465
Number of K Edges Processed: 170,018
Node Re-explore factor: 1.06
Edge Re-explore factor: 1.33
Nodes/cy: 24
Edges/cy: 900
TEPS: 679

---Pcache---
Pcache Size: 16,384
Cached: 0
  PHits: 0
  PMisses: 0
  PHit Rate (hit/miss): -nan%
  PEvictions: 0
  PEviction Rate (evict/misses): -nan%

---Energy---
Leakage Energy (nJ): 241,649
PU Dyn E (nJ): 15,270,519
Mem Dyn E (nJ): 41,094,965
Route Dyn E (nJ): 21,937,109
Dynamic Energy (nJ): 78,302,593
Ratio of Dyn/Leak: 324
Total Energy (nJ): 78,544,242
Total Energy (nJ) 3D: 80,485,876
Cores Energy (nJ): 15,278,935
Route Energy (nJ): 21,941,955
Route Energy (nJ) 3D: 23,883,588
Mem Energy   (nJ): 41,323,352
Mem Energy   (nJ) 3D: 41,323,352
Avg. Power (mW): 415,551.61
Power Density (mW/mm2): 120.06

---Runtime---
Runtime in K cycles: 189.01
Microseconds: 189.01
Time per iteration (ms): 0.19

---Inst---
K Loads: 985,100
K Stores: 986,157
K Instructions: 1,651,837

---Throughput---
GOP/s (aka OPS/ns): 8,739.32
GOP/s per core: 0.53
FLOP/s: 2,248.09
FLOP/s per core: 0.14
Max Peak FLOP/s: 16,384.00
Avg. BW GB/s: 41,717.09
Max BW GB/s: 65,536.00

---Traffic---
In-Die bisection_bytes BW (GB/s): 2,048.00
Inter-board traffic (msg/ns): 0.00, per-link: 0.00
Inter-pack traffic (msg/ns): 0.00, per-link: 0.00
Inter-die traffic (msg/ns): 0.00, per-link: 0.00
Ruche traffic (msg/ns): 0.00, per-link: 0.00
All traffic (msg/ns): 38,854.42, per-link: 2.37
Inter-die reduction wrt all: inf
Inter-board reduction wrt inter-die: -nan

---Data Movement---
All traffic (msg): 7,343,951,041
Arith. Intensity FLOP/Loads: 0.43
Arith. Intensity FLOP/Msgs: 0.06
Arith. Intensity OPS/Loads: 1.68
Arith. Intensity OPS/Msgs: 0.22

Simulation time: 247.81
Sim noc_cy/s: 762.73
Sim Msg/s: 29,635,387.84

Version 31

