Dataset:  wikipedia/
Dry run: 0
Open Edge Count File succesfully
Edges Traversed BFS: 95554407
Found Vertices: 4206592, Edges: 101311613
avg degree 25
Array  wikipedia/node_array.bin found
Malloc array of size 16826372 bytes
Readin array of size 16825160 bytes
Finished Reading Array Bytes
No reordering Array 32bit
Array  wikipedia/edge_array.bin found
Malloc array of size 405246452 bytes
Readin array of size 405246452 bytes
Finished Reading Array Bytes
No reordering Array 32bit
Reading graph elapsed time: 0.19023s

Dataset Footprint: 402 MiB
Dataset Footprint per Board: 3376.94 Mb
Dataset injection time (ms): 0.206112
Max Dataset Footprint: 821 MiB

Dataset footprint per tile: 402 KiB
Proxys footprint per tile: 0 KiB
Reserved SRAM per tile: 9 KiB

Ideal SRAM per tile: 411 KiB
reserved_words_for_dataset:104364
dataset_words_per_tile:103056
remaining_sram_words:521822
min_dcache_sram_words_required:103056
dataset_words_per_tile:103056
min_pcache_sram_words_required:0
proxys_words_per_tile:0
Dcache footprint ratio: 1
Dataset Cached: 0
DCache: 103056 words, lines: 6441, sets: 6441
Proxys Cached: 0
Pcache: 0 words, sets: 0
Node per tile: 4,108
Edge per tile: 98,938
GRID_X: 32
GRID_SIZE: 1,024
smt_per_tile: 4
noc_freq: 1
pu_freq: 1
RUCHE_X: 4
PROXY_W: 32
DIE_W: 8
DIE_H: 8
DIES: 16
BORDER_TILES_PER_DIE: 32
PACK_W: 32
PACK_H: 32
DIES_PACK_FACTOR: 4
DIES_PER_PACK: 16
PACKAGES: 1
BOARD_W: 32
BOARD_H: 32
BOARDS: 1
MUX_BUS: 1
DCACHE: 1
PCACHE: 0
PROXY_FACTOR: 1
CACHE_WAYS: 1
TORUS: 1
PHY_NOCS: 1
WIDE_NOC_ID: 0
NOC_CONF: 1
noc_width: 32
hbm_channel_bit_width: 512
ld_st_op_byte_width: 4
PROXY_ROUTING: 0
WRITE_THROUGH: 0
ASSERT_MODE: 0
GLOBAL_BARRIER: 0
OQ flits: 6 ; 256 ; 2
IQ flits: 6 ; 2,048 ; 16
OQ messages: 2 ; 128 ; 1
IQ messages: 2 ; 1,024 ; 8
max_task2 size: 64
io_factor_t2: 8
io_factor_t3: 8
io_factor_t3b: 8

Active SRAM Storage per tile: 412 KiB
Total SRAM Storage per tile: 2,048 KiB
Agreggated SRAM Storage: 2,048 MiB

Active DRAM Storage per tile: 0 MiB
Total DRAM Storage per tile: 128 MiB
Agreggated DRAM Storage: 128 GiB

Inter-Die #links: 256
Inter-Die (Gbits): 8,192
Inter-Die (Gbits/mm): 245.576
Bisection BW of Board (Gbits): 8,192
Border IO #Dies: 16
Border IO Die BW (Gbits): 1,024
Off-Board BW Total (Gbits): 16,384
Off-Board BW Density (Gbits/mm): 72
Die side: 8.34 mm
Die border wire density: 245.58 Gbits/mm
HBM wire density: 491.15 Gbits/mm

Tiles per Die: 64 (8x8)
Tile Area: 0.76 mm2, side: 0.87 mm
- Core/Rout Area: 0.19 mm2
- SRAM Area: 0.57 mm2
- SRAM/Logic Ratio: 3.08x

Dies per Package: 16 (4x4)
Die Area: 69.55 mm2, side: 8.34 mm
- Tiles Area: 48.68 mm2
- PHY Area: 11.87 mm2
- MC Area: 9.00 mm2

Packages per Board: 1 (1x1)
Package Area: 3,192.77 mm2, side: 56.50 mm
- IOdie Area: 320.00 mm2
- Dies Area: 1,112.77 mm2
- HBM Area: 1,760.00 mm2

Boards: 1 (1x1)
Board Area: 3,192.77 mm2
Total Area: 3,192.77 mm2



ESTIMATED COST OF SILICON AND PACKAGING. ONLY VARIABLE, NO FIXED COSTS
Good dies per wafer 3d: 481
Good dies per wafer 2d: 802
--Dies 3D Cost: 201.15 $
--Dies 2.5D Cost: 120.64 $
--Dies 2D Cost: 120.64 $
--HBM Cost: 960.00 $
--IOdie Cost: 33.76 $
--Packaging Cost 3d: 41.27 $
--Packaging Cost 2.5d: 65.38 $
--Packaging Cost 2d: 23.16 $
SiP Cost 3d: 1,236.17 $
SiP Cost 2.5d: 1,179.78 $
SiP Cost 2d: 177.56 $
--Board Cost: 3.19 $
Total SiPs Cost 3d: 1,239.37 $
Total SiPs Cost 2.5d: 1,182.97 $
Total SiPs Cost 2d: 180.75 $

Perf counters initialized
Mesh connected
Cache structures initialized
proxys initialized
Dataset structures initialized


Starting Simulation
INIT epoch: 1
INIT epoch: 1
INIT epoch: 1
INIT epoch: 1
INIT epoch: 1
INIT epoch: 1
INIT epoch: 1
INIT epoch: 1

===PRINTING FRAME STATS

FCollision In Avg:119, SD:59, Max:541, Min:29
FCollision Out Avg:88, SD:47, Max:299, Min:2
FCollision End Avg:0, SD:0, Max:0, Min:0
FTask1 Avg:77, SD:87, Max:355, Min:1
FTask2 Avg:0, SD:0, Max:0, Min:0
FTask3 Avg:25, SD:32, Max:290, Min:1
FCore Active Avg:26, SD:24, Max:100, Min:1
FRouter Active Avg:48, SD:24, Max:100, Min:3
T1 invocations: 868,613
T2 invocations: 0
T3 invocations: 8,548,285
T3b invocations: 0
Total3 invocations: 8,548,285
Total4 invocations: 0

T3/T2 ratio: inf
T3b/T3 ratio: 0

T1 avg ex cycles: 91
T2 avg ex cycles: -nan
T3&b avg ex cycles: 3
T4 avg ex cycles: -nan
Avg. hops NOC1: -nan
Avg. latency NOC1 (T2): -nan
Avg. hops NOC2: 8
Avg. latency NOC2 (T3): 1,533

===PRINTING ACUM STATS at pu_cycles: 100,565

ACollision In Avg:119, SD:59, Max:541, Min:29
ACollision Out Avg:88, SD:47, Max:299, Min:2
ACollision End Avg:0, SD:0, Max:0, Min:0
ATask1 Avg:77, SD:87, Max:355, Min:1
ATask2 Avg:0, SD:0, Max:0, Min:0
ATask3 Avg:25, SD:32, Max:290, Min:1
ACore Active Avg:26, SD:24, Max:100, Min:1
ARouter Active Avg:48, SD:24, Max:100, Min:3
T1 invocations: 868,613
T2 invocations: 0
T3 invocations: 8,548,285
T3b invocations: 0
Total3 invocations: 8,548,285
Total4 invocations: 0

T3/T2 ratio: inf
T3b/T3 ratio: 0

T1 avg ex cycles: 91
T2 avg ex cycles: -nan
T3&b avg ex cycles: 3
T4 avg ex cycles: -nan
Avg. hops NOC1: -nan
Avg. latency NOC1 (T2): -nan
Avg. hops NOC2: 8
Avg. latency NOC2 (T3): 1,533
Number of K Nodes Processed: 8,557
Number of K Edges Processed: 8,557
Node Re-explore factor: 2.03
Edge Re-explore factor: 0.08
Nodes/cy: 85
Edges/cy: 85
TEPS: 950

---DCache---
DCache Size: 103,056
DRAM words: 0
  DHits: 0
  DMisses: 0

---Energy---
Leakage Energy (nJ): 31,888
PU Dyn E (nJ): 506,473
Mem Dyn E (nJ): 2,817,868
Route Dyn E (nJ): 921,008
Dynamic Energy (nJ): 4,245,349
Ratio of Dyn/Leak: 133
Total Energy (nJ): 4,277,237
Total Energy (nJ) 3D: 4,744,771
Cores Energy (nJ): 507,593
Route Energy (nJ): 925,260
Route Energy (nJ) 3D: 1,392,793
Mem Energy   (nJ): 2,844,385
Mem Energy   (nJ) 3D: 2,844,385
Avg. Power (mW): 42,532.06
Power Density (mW/mm2): 13.32

---Runtime---
Runtime in K cycles: 100.56
Microseconds: 100.56
Time per iteration (ms): 0.10

---Throughput---
GOP/s (aka OPS/ns): 758.84
GOP/s per core: 0.74
FLOP/s: 86.62
FLOP/s per core: 0.08
Max Peak FLOP/s: 4,096.00
Avg. BW GB/s: 2,836.70
Max BW GB/s: 16,384.00

---Traffic---
In-Die bisection_bytes BW (GB/s): 128.00
Inter-board traffic (msg/ns): 0.00, per-link: 0.00
Inter-pack traffic (msg/ns): 0.00, per-link: 0.00
Inter-die traffic (msg/ns): 88.36, per-link: 0.17
Ruche traffic (msg/ns): 131.49, per-link: 0.26
All traffic (msg/ns): 1,410.21, per-link: 1.38
Inter-die reduction wrt all: 15.96
Inter-board reduction wrt inter-die: inf

---Data Movement---
All traffic (msg): 141,817,616
Arith. Intensity FLOP/Loads: 0.19
Arith. Intensity FLOP/Msgs: 0.06
Arith. Intensity OPS/Loads: 1.70
Arith. Intensity OPS/Msgs: 0.54



===Core Utilization Total=== CORE-S:1;; TIME K cy:100 ;; Nodes Proc: 1,199,773 -- Edges Proc: 0

===PRINTING FRAME STATS

FCollision In Avg:118, SD:58, Max:540, Min:43
FCollision Out Avg:91, SD:49, Max:278, Min:0
FCollision End Avg:0, SD:0, Max:0, Min:0
FTask1 Avg:65, SD:88, Max:360, Min:0
FTask2 Avg:0, SD:0, Max:0, Min:0
FTask3 Avg:22, SD:29, Max:271, Min:1
FCore Active Avg:22, SD:24, Max:100, Min:0
FRouter Active Avg:43, SD:25, Max:99, Min:2
T1 invocations: 725,723
T2 invocations: 0
T3 invocations: 7,367,469
T3b invocations: 0
Total3 invocations: 7,367,469
Total4 invocations: 0

T3/T2 ratio: inf
T3b/T3 ratio: 0

T1 avg ex cycles: 92
T2 avg ex cycles: -nan
T3&b avg ex cycles: 3
T4 avg ex cycles: -nan
Avg. hops NOC1: -nan
Avg. latency NOC1 (T2): -nan
Avg. hops NOC2: 8
Avg. latency NOC2 (T3): 1,953

===PRINTING ACUM STATS at pu_cycles: 200,639

ACollision In Avg:118, SD:58, Max:540, Min:41
ACollision Out Avg:90, SD:47, Max:269, Min:8
ACollision End Avg:0, SD:0, Max:0, Min:0
ATask1 Avg:71, SD:86, Max:348, Min:1
ATask2 Avg:0, SD:0, Max:0, Min:0
ATask3 Avg:23, SD:30, Max:281, Min:1
ACore Active Avg:24, SD:23, Max:100, Min:1
ARouter Active Avg:46, SD:24, Max:99, Min:3
T1 invocations: 1,594,336
T2 invocations: 0
T3 invocations: 15,915,754
T3b invocations: 0
Total3 invocations: 15,915,754
Total4 invocations: 0

T3/T2 ratio: inf
T3b/T3 ratio: 0

T1 avg ex cycles: 92
T2 avg ex cycles: -nan
T3&b avg ex cycles: 3
T4 avg ex cycles: -nan
Avg. hops NOC1: -nan
Avg. latency NOC1 (T2): -nan
Avg. hops NOC2: 8
Avg. latency NOC2 (T3): 1,727
Number of K Nodes Processed: 15,930
Number of K Edges Processed: 15,930
Node Re-explore factor: 3.79
Edge Re-explore factor: 0.16
Nodes/cy: 79
Edges/cy: 79
TEPS: 476

---DCache---
DCache Size: 103,056
DRAM words: 0
  DHits: 0
  DMisses: 0

---Energy---
Leakage Energy (nJ): 63,620
PU Dyn E (nJ): 935,768
Mem Dyn E (nJ): 5,232,976
Route Dyn E (nJ): 1,733,156
Dynamic Energy (nJ): 7,901,900
Ratio of Dyn/Leak: 124
Total Energy (nJ): 7,965,520
Total Energy (nJ) 3D: 8,848,959
Cores Energy (nJ): 938,002
Route Energy (nJ): 1,741,638
Route Energy (nJ) 3D: 2,625,077
Mem Energy   (nJ): 5,285,881
Mem Energy   (nJ) 3D: 5,285,881
Avg. Power (mW): 39,700.76
Power Density (mW/mm2): 12.43

---Runtime---
Runtime in K cycles: 200.64
Microseconds: 200.64
Time per iteration (ms): 0.20

---Throughput---
GOP/s (aka OPS/ns): 703.06
GOP/s per core: 0.69
FLOP/s: 80.14
FLOP/s per core: 0.08
Max Peak FLOP/s: 4,096.00
Avg. BW GB/s: 2,640.28
Max BW GB/s: 16,384.00

---Traffic---
In-Die bisection_bytes BW (GB/s): 128.00
Inter-board traffic (msg/ns): 0.00, per-link: 0.00
Inter-pack traffic (msg/ns): 0.00, per-link: 0.00
Inter-die traffic (msg/ns): 83.46, per-link: 0.16
Ruche traffic (msg/ns): 121.82, per-link: 0.24
All traffic (msg/ns): 1,330.31, per-link: 1.30
Inter-die reduction wrt all: 15.94
Inter-board reduction wrt inter-die: inf

---Data Movement---
All traffic (msg): 266,912,084
Arith. Intensity FLOP/Loads: 0.19
Arith. Intensity FLOP/Msgs: 0.06
Arith. Intensity OPS/Loads: 1.70
Arith. Intensity OPS/Msgs: 0.53



===Core Utilization Total=== CORE-S:2;; TIME K cy:200 ;; Nodes Proc: 2,197,967 -- Edges Proc: 0

===PRINTING FRAME STATS

FCollision In Avg:119, SD:59, Max:547, Min:22
FCollision Out Avg:89, SD:47, Max:287, Min:0
FCollision End Avg:0, SD:0, Max:0, Min:0
FTask1 Avg:75, SD:84, Max:333, Min:0
FTask2 Avg:0, SD:0, Max:0, Min:0
FTask3 Avg:25, SD:32, Max:292, Min:1
FCore Active Avg:25, SD:23, Max:100, Min:0
FRouter Active Avg:47, SD:23, Max:100, Min:3
T1 invocations: 833,717
T2 invocations: 0
T3 invocations: 8,413,361
T3b invocations: 0
Total3 invocations: 8,413,361
Total4 invocations: 0

T3/T2 ratio: inf
T3b/T3 ratio: 0

T1 avg ex cycles: 92
T2 avg ex cycles: -nan
T3&b avg ex cycles: 3
T4 avg ex cycles: -nan
Avg. hops NOC1: -nan
Avg. latency NOC1 (T2): -nan
Avg. hops NOC2: 8
Avg. latency NOC2 (T3): 1,844

===PRINTING ACUM STATS at pu_cycles: 300,537

ACollision In Avg:118, SD:58, Max:543, Min:36
ACollision Out Avg:89, SD:47, Max:273, Min:11
ACollision End Avg:0, SD:0, Max:0, Min:0
ATask1 Avg:72, SD:84, Max:297, Min:0
ATask2 Avg:0, SD:0, Max:0, Min:0
ATask3 Avg:24, SD:30, Max:284, Min:1
ACore Active Avg:24, SD:23, Max:100, Min:1
ARouter Active Avg:46, SD:23, Max:99, Min:3
T1 invocations: 2,424,180
T2 invocations: 0
T3 invocations: 24,300,889
T3b invocations: 0
Total3 invocations: 24,300,889
Total4 invocations: 0

T3/T2 ratio: inf
T3b/T3 ratio: 0

T1 avg ex cycles: 92
T2 avg ex cycles: -nan
T3&b avg ex cycles: 3
T4 avg ex cycles: -nan
Avg. hops NOC1: -nan
Avg. latency NOC1 (T2): -nan
Avg. hops NOC2: 8
Avg. latency NOC2 (T3): 1,767
Number of K Nodes Processed: 24,346
Number of K Edges Processed: 24,346
Node Re-explore factor: 5.79
Edge Re-explore factor: 0.24
Nodes/cy: 81
Edges/cy: 81
TEPS: 318

---DCache---
DCache Size: 103,056
DRAM words: 0
  DHits: 0
  DMisses: 0

---Energy---
Leakage Energy (nJ): 95,296
PU Dyn E (nJ): 1,423,661
Mem Dyn E (nJ): 7,980,714
Route Dyn E (nJ): 2,636,590
Dynamic Energy (nJ): 12,040,966
Ratio of Dyn/Leak: 126
Total Energy (nJ): 12,136,262
Total Energy (nJ) 3D: 13,478,062
Cores Energy (nJ): 1,427,007
Route Energy (nJ): 2,649,296
Route Energy (nJ) 3D: 3,991,096
Mem Energy   (nJ): 8,059,960
Mem Energy   (nJ) 3D: 8,059,960
Avg. Power (mW): 40,381.92
Power Density (mW/mm2): 12.65

---Runtime---
Runtime in K cycles: 300.54
Microseconds: 300.54
Time per iteration (ms): 0.30

---Throughput---
GOP/s (aka OPS/ns): 714.30
GOP/s per core: 0.70
FLOP/s: 81.34
FLOP/s per core: 0.08
Max Peak FLOP/s: 4,096.00
Avg. BW GB/s: 2,688.13
Max BW GB/s: 16,384.00

---Traffic---
In-Die bisection_bytes BW (GB/s): 128.00
Inter-board traffic (msg/ns): 0.00, per-link: 0.00
Inter-pack traffic (msg/ns): 0.00, per-link: 0.00
Inter-die traffic (msg/ns): 85.03, per-link: 0.17
Ruche traffic (msg/ns): 124.28, per-link: 0.24
All traffic (msg/ns): 1,350.91, per-link: 1.32
Inter-die reduction wrt all: 15.89
Inter-board reduction wrt inter-die: inf

---Data Movement---
All traffic (msg): 405,997,262
Arith. Intensity FLOP/Loads: 0.19
Arith. Intensity FLOP/Msgs: 0.06
Arith. Intensity OPS/Loads: 1.70
Arith. Intensity OPS/Msgs: 0.53



===Core Utilization Total=== CORE-S:3;; TIME K cy:300 ;; Nodes Proc: 3,351,455 -- Edges Proc: 0

===PRINTING FRAME STATS

FCollision In Avg:110, SD:63, Max:523, Min:0
FCollision Out Avg:84, SD:50, Max:307, Min:0
FCollision End Avg:0, SD:0, Max:0, Min:0
FTask1 Avg:66, SD:78, Max:344, Min:0
FTask2 Avg:0, SD:0, Max:0, Min:0
FTask3 Avg:22, SD:29, Max:278, Min:1
FCore Active Avg:22, SD:21, Max:100, Min:0
FRouter Active Avg:43, SD:22, Max:98, Min:3
T1 invocations: 693,476
T2 invocations: 0
T3 invocations: 7,503,679
T3b invocations: 0
Total3 invocations: 7,503,679
Total4 invocations: 0

T3/T2 ratio: inf
T3b/T3 ratio: 0

T1 avg ex cycles: 97
T2 avg ex cycles: -nan
T3&b avg ex cycles: 3
T4 avg ex cycles: -nan
Avg. hops NOC1: -nan
Avg. latency NOC1 (T2): -nan
Avg. hops NOC2: 8
Avg. latency NOC2 (T3): 1,828

===PRINTING ACUM STATS at pu_cycles: 400,614

ACollision In Avg:116, SD:58, Max:538, Min:27
ACollision Out Avg:88, SD:47, Max:282, Min:8
ACollision End Avg:0, SD:0, Max:0, Min:0
ATask1 Avg:71, SD:76, Max:228, Min:0
ATask2 Avg:0, SD:0, Max:0, Min:0
ATask3 Avg:23, SD:29, Max:283, Min:1
ACore Active Avg:24, SD:21, Max:100, Min:0
ARouter Active Avg:45, SD:23, Max:99, Min:3
T1 invocations: 3,118,114
T2 invocations: 0
T3 invocations: 31,829,917
T3b invocations: 0
Total3 invocations: 31,829,917
Total4 invocations: 0

T3/T2 ratio: inf
T3b/T3 ratio: 0

T1 avg ex cycles: 93
T2 avg ex cycles: -nan
T3&b avg ex cycles: 3
T4 avg ex cycles: -nan
Avg. hops NOC1: -nan
Avg. latency NOC1 (T2): -nan
Avg. hops NOC2: 8
Avg. latency NOC2 (T3): 1,782
Number of K Nodes Processed: 31,845
Number of K Edges Processed: 31,845
Node Re-explore factor: 7.57
Edge Re-explore factor: 0.31
Nodes/cy: 79
Edges/cy: 79
TEPS: 239

---DCache---
DCache Size: 103,056
DRAM words: 0
  DHits: 0
  DMisses: 0

---Energy---
Leakage Energy (nJ): 127,029
PU Dyn E (nJ): 1,858,258
Mem Dyn E (nJ): 10,439,123
Route Dyn E (nJ): 3,429,964
Dynamic Energy (nJ): 15,727,346
Ratio of Dyn/Leak: 124
Total Energy (nJ): 15,854,375
Total Energy (nJ) 3D: 17,592,298
Cores Energy (nJ): 1,862,718
Route Energy (nJ): 3,446,900
Route Energy (nJ) 3D: 5,184,824
Mem Energy   (nJ): 10,544,757
Mem Energy   (nJ) 3D: 10,544,757
Avg. Power (mW): 39,575.19
Power Density (mW/mm2): 12.40

---Runtime---
Runtime in K cycles: 400.61
Microseconds: 400.61
Time per iteration (ms): 0.40

---Throughput---
GOP/s (aka OPS/ns): 699.29
GOP/s per core: 0.68
FLOP/s: 79.69
FLOP/s per core: 0.08
Max Peak FLOP/s: 4,096.00
Avg. BW GB/s: 2,637.76
Max BW GB/s: 16,384.00

---Traffic---
In-Die bisection_bytes BW (GB/s): 128.00
Inter-board traffic (msg/ns): 0.00, per-link: 0.00
Inter-pack traffic (msg/ns): 0.00, per-link: 0.00
Inter-die traffic (msg/ns): 82.14, per-link: 0.16
Ruche traffic (msg/ns): 124.32, per-link: 0.24
All traffic (msg/ns): 1,317.48, per-link: 1.29
Inter-die reduction wrt all: 16.04
Inter-board reduction wrt inter-die: inf

---Data Movement---
All traffic (msg): 527,799,832
Arith. Intensity FLOP/Loads: 0.19
Arith. Intensity FLOP/Msgs: 0.06
Arith. Intensity OPS/Loads: 1.69
Arith. Intensity OPS/Msgs: 0.53



===Core Utilization Total=== CORE-S:4;; TIME K cy:400 ;; Nodes Proc: 4,338,411 -- Edges Proc: 0

===PRINTING FRAME STATS

FCollision In Avg:100, SD:64, Max:487, Min:0
FCollision Out Avg:75, SD:52, Max:308, Min:0
FCollision End Avg:0, SD:0, Max:0, Min:0
FTask1 Avg:67, SD:80, Max:360, Min:0
FTask2 Avg:0, SD:0, Max:0, Min:0
FTask3 Avg:23, SD:31, Max:286, Min:1
FCore Active Avg:22, SD:22, Max:100, Min:0
FRouter Active Avg:43, SD:22, Max:99, Min:6
T1 invocations: 681,700
T2 invocations: 0
T3 invocations: 7,720,299
T3b invocations: 0
Total3 invocations: 7,720,299
Total4 invocations: 0

T3/T2 ratio: inf
T3b/T3 ratio: 0

T1 avg ex cycles: 100
T2 avg ex cycles: -nan
T3&b avg ex cycles: 3
T4 avg ex cycles: -nan
Avg. hops NOC1: -nan
Avg. latency NOC1 (T2): -nan
Avg. hops NOC2: 8
Avg. latency NOC2 (T3): 2,034

===PRINTING ACUM STATS at pu_cycles: 500,532

ACollision In Avg:113, SD:57, Max:527, Min:22
ACollision Out Avg:85, SD:47, Max:287, Min:7
ACollision End Avg:0, SD:0, Max:0, Min:0
ATask1 Avg:70, SD:65, Max:183, Min:0
ATask2 Avg:0, SD:0, Max:0, Min:0
ATask3 Avg:23, SD:29, Max:272, Min:1
ACore Active Avg:23, SD:18, Max:93, Min:1
ARouter Active Avg:45, SD:21, Max:98, Min:4
T1 invocations: 3,797,188
T2 invocations: 0
T3 invocations: 39,508,949
T3b invocations: 0
Total3 invocations: 39,508,949
Total4 invocations: 0

T3/T2 ratio: inf
T3b/T3 ratio: 0

T1 avg ex cycles: 94
T2 avg ex cycles: -nan
T3&b avg ex cycles: 3
T4 avg ex cycles: -nan
Avg. hops NOC1: -nan
Avg. latency NOC1 (T2): -nan
Avg. hops NOC2: 8
Avg. latency NOC2 (T3): 1,831
Number of K Nodes Processed: 39,567
Number of K Edges Processed: 39,567
Node Re-explore factor: 9.41
Edge Re-explore factor: 0.39
Nodes/cy: 79
Edges/cy: 79
TEPS: 191

---DCache---
DCache Size: 103,056
DRAM words: 0
  DHits: 0
  DMisses: 0

---Energy---
Leakage Energy (nJ): 158,712
PU Dyn E (nJ): 2,299,249
Mem Dyn E (nJ): 12,941,056
Route Dyn E (nJ): 4,223,364
Dynamic Energy (nJ): 19,463,669
Ratio of Dyn/Leak: 123
Total Energy (nJ): 19,622,381
Total Energy (nJ) 3D: 21,750,713
Cores Energy (nJ): 2,304,821
Route Energy (nJ): 4,244,524
Route Energy (nJ) 3D: 6,372,856
Mem Energy   (nJ): 13,073,036
Mem Energy   (nJ) 3D: 13,073,036
Avg. Power (mW): 39,203.05
Power Density (mW/mm2): 12.28

---Runtime---
Runtime in K cycles: 500.53
Microseconds: 500.53
Time per iteration (ms): 0.50

---Throughput---
GOP/s (aka OPS/ns): 692.33
GOP/s per core: 0.68
FLOP/s: 78.96
FLOP/s per core: 0.08
Max Peak FLOP/s: 4,096.00
Avg. BW GB/s: 2,617.15
Max BW GB/s: 16,384.00

---Traffic---
In-Die bisection_bytes BW (GB/s): 128.00
Inter-board traffic (msg/ns): 0.00, per-link: 0.00
Inter-pack traffic (msg/ns): 0.00, per-link: 0.00
Inter-die traffic (msg/ns): 80.35, per-link: 0.16
Ruche traffic (msg/ns): 125.78, per-link: 0.25
All traffic (msg/ns): 1,297.23, per-link: 1.27
Inter-die reduction wrt all: 16.15
Inter-board reduction wrt inter-die: inf

---Data Movement---
All traffic (msg): 649,306,568
Arith. Intensity FLOP/Loads: 0.19
Arith. Intensity FLOP/Msgs: 0.06
Arith. Intensity OPS/Loads: 1.69
Arith. Intensity OPS/Msgs: 0.53



===Core Utilization Total=== CORE-S:5;; TIME K cy:500 ;; Nodes Proc: 5,327,440 -- Edges Proc: 0

===PRINTING FRAME STATS

FCollision In Avg:91, SD:64, Max:426, Min:0
FCollision Out Avg:67, SD:52, Max:270, Min:0
FCollision End Avg:0, SD:0, Max:0, Min:0
FTask1 Avg:68, SD:86, Max:367, Min:0
FTask2 Avg:0, SD:0, Max:0, Min:0
FTask3 Avg:23, SD:31, Max:274, Min:1
FCore Active Avg:23, SD:23, Max:100, Min:0
FRouter Active Avg:43, SD:23, Max:100, Min:5
T1 invocations: 677,740
T2 invocations: 0
T3 invocations: 7,777,781
T3b invocations: 0
Total3 invocations: 7,777,781
Total4 invocations: 0

T3/T2 ratio: inf
T3b/T3 ratio: 0

T1 avg ex cycles: 103
T2 avg ex cycles: -nan
T3&b avg ex cycles: 3
T4 avg ex cycles: -nan
Avg. hops NOC1: -nan
Avg. latency NOC1 (T2): -nan
Avg. hops NOC2: 8
Avg. latency NOC2 (T3): 1,665

===PRINTING ACUM STATS at pu_cycles: 600,581

ACollision In Avg:109, SD:55, Max:504, Min:18
ACollision Out Avg:82, SD:47, Max:284, Min:6
ACollision End Avg:0, SD:0, Max:0, Min:0
ATask1 Avg:70, SD:57, Max:153, Min:0
ATask2 Avg:0, SD:0, Max:0, Min:0
ATask3 Avg:23, SD:29, Max:265, Min:1
ACore Active Avg:23, SD:16, Max:91, Min:1
ARouter Active Avg:45, SD:20, Max:97, Min:5
T1 invocations: 4,485,965
T2 invocations: 0
T3 invocations: 47,335,823
T3b invocations: 0
Total3 invocations: 47,335,823
Total4 invocations: 0

T3/T2 ratio: inf
T3b/T3 ratio: 0

T1 avg ex cycles: 96
T2 avg ex cycles: -nan
T3&b avg ex cycles: 3
T4 avg ex cycles: -nan
Avg. hops NOC1: -nan
Avg. latency NOC1 (T2): -nan
Avg. hops NOC2: 8
Avg. latency NOC2 (T3): 1,805
Number of K Nodes Processed: 47,348
Number of K Edges Processed: 47,348
Node Re-explore factor: 11.26
Edge Re-explore factor: 0.47
Nodes/cy: 79
Edges/cy: 79
TEPS: 159

---DCache---
DCache Size: 103,056
DRAM words: 0
  DHits: 0
  DMisses: 0

---Energy---
Leakage Energy (nJ): 190,436
PU Dyn E (nJ): 2,755,952
Mem Dyn E (nJ): 15,503,196
Route Dyn E (nJ): 5,020,048
Dynamic Energy (nJ): 23,279,196
Ratio of Dyn/Leak: 122
Total Energy (nJ): 23,469,632
Total Energy (nJ) 3D: 25,988,595
Cores Energy (nJ): 2,762,638
Route Energy (nJ): 5,045,437
Route Energy (nJ) 3D: 7,564,400
Mem Energy   (nJ): 15,661,557
Mem Energy   (nJ) 3D: 15,661,557
Avg. Power (mW): 39,078.21
Power Density (mW/mm2): 12.24

---Runtime---
Runtime in K cycles: 600.58
Microseconds: 600.58
Time per iteration (ms): 0.60

---Throughput---
GOP/s (aka OPS/ns): 691.23
GOP/s per core: 0.68
FLOP/s: 78.97
FLOP/s per core: 0.08
Max Peak FLOP/s: 4,096.00
Avg. BW GB/s: 2,613.03
Max BW GB/s: 16,384.00

---Traffic---
In-Die bisection_bytes BW (GB/s): 128.00
Inter-board traffic (msg/ns): 0.00, per-link: 0.00
Inter-pack traffic (msg/ns): 0.00, per-link: 0.00
Inter-die traffic (msg/ns): 79.34, per-link: 0.15
Ruche traffic (msg/ns): 126.93, per-link: 0.25
All traffic (msg/ns): 1,284.43, per-link: 1.25
Inter-die reduction wrt all: 16.19
Inter-board reduction wrt inter-die: inf

---Data Movement---
All traffic (msg): 771,402,530
Arith. Intensity FLOP/Loads: 0.19
Arith. Intensity FLOP/Msgs: 0.06
Arith. Intensity OPS/Loads: 1.69
Arith. Intensity OPS/Msgs: 0.54



===Core Utilization Total=== CORE-S:6;; TIME K cy:600 ;; Nodes Proc: 6,335,892 -- Edges Proc: 0
======== IT IS COLD ======= Only 46 Tiles active

===PRINTING FRAME STATS

FCollision In Avg:81, SD:67, Max:469, Min:0
FCollision Out Avg:61, SD:53, Max:270, Min:0
FCollision End Avg:0, SD:0, Max:0, Min:0
FTask1 Avg:61, SD:77, Max:371, Min:0
FTask2 Avg:0, SD:0, Max:0, Min:0
FTask3 Avg:21, SD:29, Max:274, Min:1
FCore Active Avg:21, SD:20, Max:98, Min:0
FRouter Active Avg:40, SD:22, Max:99, Min:4
T1 invocations: 607,491
T2 invocations: 0
T3 invocations: 7,206,096
T3b invocations: 0
Total3 invocations: 7,206,096
Total4 invocations: 0

T3/T2 ratio: inf
T3b/T3 ratio: 0

T1 avg ex cycles: 103
T2 avg ex cycles: -nan
T3&b avg ex cycles: 3
T4 avg ex cycles: -nan
Avg. hops NOC1: -nan
Avg. latency NOC1 (T2): -nan
Avg. hops NOC2: 8
Avg. latency NOC2 (T3): 1,529

===PRINTING ACUM STATS at pu_cycles: 700,501

ACollision In Avg:105, SD:56, Max:499, Min:16
ACollision Out Avg:79, SD:47, Max:281, Min:5
ACollision End Avg:0, SD:0, Max:0, Min:0
ATask1 Avg:68, SD:49, Max:134, Min:0
ATask2 Avg:0, SD:0, Max:0, Min:0
ATask3 Avg:23, SD:28, Max:259, Min:1
ACore Active Avg:23, SD:15, Max:92, Min:1
ARouter Active Avg:44, SD:19, Max:98, Min:5
T1 invocations: 5,072,660
T2 invocations: 0
T3 invocations: 54,395,969
T3b invocations: 0
Total3 invocations: 54,395,969
Total4 invocations: 0

T3/T2 ratio: inf
T3b/T3 ratio: 0

T1 avg ex cycles: 96
T2 avg ex cycles: -nan
T3&b avg ex cycles: 3
T4 avg ex cycles: -nan
Avg. hops NOC1: -nan
Avg. latency NOC1 (T2): -nan
Avg. hops NOC2: 8
Avg. latency NOC2 (T3): 1,769
Number of K Nodes Processed: 54,519
Number of K Edges Processed: 54,519
Node Re-explore factor: 12.96
Edge Re-explore factor: 0.54
Nodes/cy: 78
Edges/cy: 78
TEPS: 136

---DCache---
DCache Size: 103,056
DRAM words: 0
  DHits: 0
  DMisses: 0

---Energy---
Leakage Energy (nJ): 222,119
PU Dyn E (nJ): 3,150,201
Mem Dyn E (nJ): 17,782,390
Route Dyn E (nJ): 5,732,891
Dynamic Energy (nJ): 26,665,483
Ratio of Dyn/Leak: 120
Total Energy (nJ): 26,887,602
Total Energy (nJ) 3D: 29,746,567
Cores Energy (nJ): 3,157,999
Route Energy (nJ): 5,762,505
Route Energy (nJ) 3D: 8,621,470
Mem Energy   (nJ): 17,967,099
Mem Energy   (nJ) 3D: 17,967,099
Avg. Power (mW): 38,383.39
Power Density (mW/mm2): 12.02

---Runtime---
Runtime in K cycles: 700.50
Microseconds: 700.50
Time per iteration (ms): 0.70

---Throughput---
GOP/s (aka OPS/ns): 677.49
GOP/s per core: 0.66
FLOP/s: 77.38
FLOP/s per core: 0.08
Max Peak FLOP/s: 4,096.00
Avg. BW GB/s: 2,569.57
Max BW GB/s: 16,384.00

---Traffic---
In-Die bisection_bytes BW (GB/s): 128.00
Inter-board traffic (msg/ns): 0.00, per-link: 0.00
Inter-pack traffic (msg/ns): 0.00, per-link: 0.00
Inter-die traffic (msg/ns): 78.02, per-link: 0.15
Ruche traffic (msg/ns): 126.84, per-link: 0.25
All traffic (msg/ns): 1,255.91, per-link: 1.23
Inter-die reduction wrt all: 16.10
Inter-board reduction wrt inter-die: inf

---Data Movement---
All traffic (msg): 879,767,350
Arith. Intensity FLOP/Loads: 0.19
Arith. Intensity FLOP/Msgs: 0.06
Arith. Intensity OPS/Loads: 1.68
Arith. Intensity OPS/Msgs: 0.54



===Core Utilization Total=== CORE-S:7;; TIME K cy:700 ;; Nodes Proc: 7,192,432 -- Edges Proc: 0
======== IT IS COLD ======= Only 36 Tiles active

===PRINTING FRAME STATS

FCollision In Avg:73, SD:72, Max:483, Min:0
FCollision Out Avg:54, SD:52, Max:274, Min:0
FCollision End Avg:0, SD:0, Max:0, Min:0
FTask1 Avg:65, SD:89, Max:347, Min:0
FTask2 Avg:0, SD:0, Max:0, Min:0
FTask3 Avg:22, SD:30, Max:300, Min:1
FCore Active Avg:22, SD:24, Max:100, Min:0
FRouter Active Avg:38, SD:24, Max:100, Min:3
T1 invocations: 611,152
T2 invocations: 0
T3 invocations: 7,594,389
T3b invocations: 0
Total3 invocations: 7,594,389
Total4 invocations: 0

T3/T2 ratio: inf
T3b/T3 ratio: 0

T1 avg ex cycles: 108
T2 avg ex cycles: -nan
T3&b avg ex cycles: 3
T4 avg ex cycles: -nan
Avg. hops NOC1: -nan
Avg. latency NOC1 (T2): -nan
Avg. hops NOC2: 7
Avg. latency NOC2 (T3): 1,408

===PRINTING ACUM STATS at pu_cycles: 800,541

ACollision In Avg:101, SD:55, Max:492, Min:14
ACollision Out Avg:76, SD:46, Max:266, Min:4
ACollision End Avg:0, SD:0, Max:0, Min:0
ATask1 Avg:68, SD:42, Max:118, Min:0
ATask2 Avg:0, SD:0, Max:0, Min:0
ATask3 Avg:23, SD:28, Max:261, Min:1
ACore Active Avg:23, SD:13, Max:90, Min:1
ARouter Active Avg:43, SD:18, Max:98, Min:6
T1 invocations: 5,704,811
T2 invocations: 0
T3 invocations: 62,022,437
T3b invocations: 0
Total3 invocations: 62,022,437
Total4 invocations: 0

T3/T2 ratio: inf
T3b/T3 ratio: 0

T1 avg ex cycles: 98
T2 avg ex cycles: -nan
T3&b avg ex cycles: 3
T4 avg ex cycles: -nan
Avg. hops NOC1: -nan
Avg. latency NOC1 (T2): -nan
Avg. hops NOC2: 8
Avg. latency NOC2 (T3): 1,727
Number of K Nodes Processed: 62,112
Number of K Edges Processed: 62,112
Node Re-explore factor: 14.77
Edge Re-explore factor: 0.61
Nodes/cy: 78
Edges/cy: 78
TEPS: 119

---DCache---
DCache Size: 103,056
DRAM words: 0
  DHits: 0
  DMisses: 0

---Energy---
Leakage Energy (nJ): 253,840
PU Dyn E (nJ): 3,595,652
Mem Dyn E (nJ): 20,277,472
Route Dyn E (nJ): 6,463,930
Dynamic Energy (nJ): 30,337,054
Ratio of Dyn/Leak: 120
Total Energy (nJ): 30,590,894
Total Energy (nJ) 3D: 33,789,925
Cores Energy (nJ): 3,604,564
Route Energy (nJ): 6,497,773
Route Energy (nJ) 3D: 9,696,804
Mem Energy   (nJ): 20,488,558
Mem Energy   (nJ) 3D: 20,488,558
Avg. Power (mW): 38,212.78
Power Density (mW/mm2): 11.97

---Runtime---
Runtime in K cycles: 800.54
Microseconds: 800.54
Time per iteration (ms): 0.80

---Throughput---
GOP/s (aka OPS/ns): 676.25
GOP/s per core: 0.66
FLOP/s: 77.38
FLOP/s per core: 0.08
Max Peak FLOP/s: 4,096.00
Avg. BW GB/s: 2,563.98
Max BW GB/s: 16,384.00

---Traffic---
In-Die bisection_bytes BW (GB/s): 128.00
Inter-board traffic (msg/ns): 0.00, per-link: 0.00
Inter-pack traffic (msg/ns): 0.00, per-link: 0.00
Inter-die traffic (msg/ns): 76.02, per-link: 0.15
Ruche traffic (msg/ns): 129.61, per-link: 0.25
All traffic (msg/ns): 1,237.62, per-link: 1.21
Inter-die reduction wrt all: 16.28
Inter-board reduction wrt inter-die: inf

---Data Movement---
All traffic (msg): 990,769,048
Arith. Intensity FLOP/Loads: 0.19
Arith. Intensity FLOP/Msgs: 0.06
Arith. Intensity OPS/Loads: 1.68
Arith. Intensity OPS/Msgs: 0.55



===Core Utilization Total=== CORE-S:8;; TIME K cy:800 ;; Nodes Proc: 8,084,428 -- Edges Proc: 0
======== IT IS COLD ======= Only 26 Tiles active

===PRINTING FRAME STATS

FCollision In Avg:67, SD:72, Max:475, Min:0
FCollision Out Avg:52, SD:55, Max:287, Min:0
FCollision End Avg:0, SD:0, Max:0, Min:0
FTask1 Avg:39, SD:68, Max:368, Min:0
FTask2 Avg:0, SD:0, Max:0, Min:0
FTask3 Avg:18, SD:24, Max:231, Min:0
FCore Active Avg:14, SD:18, Max:97, Min:0
FRouter Active Avg:32, SD:22, Max:100, Min:2
T1 invocations: 375,893
T2 invocations: 0
T3 invocations: 5,993,425
T3b invocations: 0
Total3 invocations: 5,993,425
Total4 invocations: 0

T3/T2 ratio: inf
T3b/T3 ratio: 0

T1 avg ex cycles: 105
T2 avg ex cycles: -nan
T3&b avg ex cycles: 3
T4 avg ex cycles: -nan
Avg. hops NOC1: -nan
Avg. latency NOC1 (T2): -nan
Avg. hops NOC2: 7
Avg. latency NOC2 (T3): 1,472

===PRINTING ACUM STATS at pu_cycles: 900,465

ACollision In Avg:97, SD:56, Max:490, Min:12
ACollision Out Avg:73, SD:46, Max:263, Min:4
ACollision End Avg:0, SD:0, Max:0, Min:0
ATask1 Avg:65, SD:36, Max:105, Min:0
ATask2 Avg:0, SD:0, Max:0, Min:0
ATask3 Avg:22, SD:27, Max:258, Min:1
ACore Active Avg:22, SD:12, Max:88, Min:1
ARouter Active Avg:42, SD:17, Max:98, Min:6
T1 invocations: 6,053,412
T2 invocations: 0
T3 invocations: 67,453,447
T3b invocations: 0
Total3 invocations: 67,453,447
Total4 invocations: 0

T3/T2 ratio: inf
T3b/T3 ratio: 0

T1 avg ex cycles: 98
T2 avg ex cycles: -nan
T3&b avg ex cycles: 3
T4 avg ex cycles: -nan
Avg. hops NOC1: -nan
Avg. latency NOC1 (T2): -nan
Avg. hops NOC2: 8
Avg. latency NOC2 (T3): 1,707
Number of K Nodes Processed: 67,861
Number of K Edges Processed: 67,861
Node Re-explore factor: 16.13
Edge Re-explore factor: 0.67
Nodes/cy: 75
Edges/cy: 75
TEPS: 106

---DCache---
DCache Size: 103,056
DRAM words: 0
  DHits: 0
  DMisses: 0

---Energy---
Leakage Energy (nJ): 285,525
PU Dyn E (nJ): 3,848,091
Mem Dyn E (nJ): 21,938,846
Route Dyn E (nJ): 6,991,413
Dynamic Energy (nJ): 32,778,350
Ratio of Dyn/Leak: 115
Total Energy (nJ): 33,063,875
Total Energy (nJ) 3D: 36,498,832
Cores Energy (nJ): 3,858,115
Route Energy (nJ): 7,029,480
Route Energy (nJ) 3D: 10,464,437
Mem Energy   (nJ): 22,176,281
Mem Energy   (nJ) 3D: 22,176,281
Avg. Power (mW): 36,718.67
Power Density (mW/mm2): 11.50

---Runtime---
Runtime in K cycles: 900.47
Microseconds: 900.47
Time per iteration (ms): 0.90

---Throughput---
GOP/s (aka OPS/ns): 644.19
GOP/s per core: 0.63
FLOP/s: 73.43
FLOP/s per core: 0.07
Max Peak FLOP/s: 4,096.00
Avg. BW GB/s: 2,465.95
Max BW GB/s: 16,384.00

---Traffic---
In-Die bisection_bytes BW (GB/s): 128.00
Inter-board traffic (msg/ns): 0.00, per-link: 0.00
Inter-pack traffic (msg/ns): 0.00, per-link: 0.00
Inter-die traffic (msg/ns): 74.25, per-link: 0.15
Ruche traffic (msg/ns): 126.68, per-link: 0.25
All traffic (msg/ns): 1,187.98, per-link: 1.16
Inter-die reduction wrt all: 16.00
Inter-board reduction wrt inter-die: inf

---Data Movement---
All traffic (msg): 1,069,730,042
Arith. Intensity FLOP/Loads: 0.19
Arith. Intensity FLOP/Msgs: 0.06
Arith. Intensity OPS/Loads: 1.67
Arith. Intensity OPS/Msgs: 0.54



===Core Utilization Total=== CORE-S:9;; TIME K cy:900 ;; Nodes Proc: 8,755,061 -- Edges Proc: 0
======== IT IS COLD ======= Only 20 Tiles active

===PRINTING FRAME STATS

FCollision In Avg:57, SD:67, Max:474, Min:0
FCollision Out Avg:42, SD:50, Max:275, Min:0
FCollision End Avg:0, SD:0, Max:0, Min:0
FTask1 Avg:51, SD:74, Max:367, Min:0
FTask2 Avg:0, SD:0, Max:0, Min:0
FTask3 Avg:18, SD:24, Max:241, Min:0
FCore Active Avg:17, SD:19, Max:93, Min:0
FRouter Active Avg:35, SD:21, Max:100, Min:2
T1 invocations: 489,325
T2 invocations: 0
T3 invocations: 6,111,821
T3b invocations: 0
Total3 invocations: 6,111,821
Total4 invocations: 0

T3/T2 ratio: inf
T3b/T3 ratio: 0

T1 avg ex cycles: 106
T2 avg ex cycles: -nan
T3&b avg ex cycles: 3
T4 avg ex cycles: -nan
Avg. hops NOC1: -nan
Avg. latency NOC1 (T2): -nan
Avg. hops NOC2: 8
Avg. latency NOC2 (T3): 1,285

===PRINTING ACUM STATS at pu_cycles: 1,000,501

ACollision In Avg:93, SD:56, Max:488, Min:11
ACollision Out Avg:70, SD:46, Max:262, Min:3
ACollision End Avg:0, SD:0, Max:0, Min:0
ATask1 Avg:64, SD:32, Max:94, Min:0
ATask2 Avg:0, SD:0, Max:0, Min:0
ATask3 Avg:22, SD:27, Max:256, Min:1
ACore Active Avg:21, SD:11, Max:85, Min:1
ARouter Active Avg:41, SD:16, Max:98, Min:6
T1 invocations: 6,562,147
T2 invocations: 0
T3 invocations: 73,612,892
T3b invocations: 0
Total3 invocations: 73,612,892
Total4 invocations: 0

T3/T2 ratio: inf
T3b/T3 ratio: 0

T1 avg ex cycles: 99
T2 avg ex cycles: -nan
T3&b avg ex cycles: 3
T4 avg ex cycles: -nan
Avg. hops NOC1: -nan
Avg. latency NOC1 (T2): -nan
Avg. hops NOC2: 8
Avg. latency NOC2 (T3): 1,671
Number of K Nodes Processed: 74,124
Number of K Edges Processed: 74,124
Node Re-explore factor: 17.62
Edge Re-explore factor: 0.73
Nodes/cy: 74
Edges/cy: 74
TEPS: 96

---DCache---
DCache Size: 103,056
DRAM words: 0
  DHits: 0
  DMisses: 0

---Energy---
Leakage Energy (nJ): 317,245
PU Dyn E (nJ): 4,210,795
Mem Dyn E (nJ): 23,958,850
Route Dyn E (nJ): 7,625,976
Dynamic Energy (nJ): 35,795,622
Ratio of Dyn/Leak: 113
Total Energy (nJ): 36,112,867
Total Energy (nJ) 3D: 39,849,050
Cores Energy (nJ): 4,221,933
Route Energy (nJ): 7,668,272
Route Energy (nJ) 3D: 11,404,455
Mem Energy   (nJ): 24,222,663
Mem Energy   (nJ) 3D: 24,222,663
Avg. Power (mW): 36,094.78
Power Density (mW/mm2): 11.31

---Runtime---
Runtime in K cycles: 1,000.50
Microseconds: 1,000.50
Time per iteration (ms): 1.00

---Throughput---
GOP/s (aka OPS/ns): 634.07
GOP/s per core: 0.62
FLOP/s: 72.41
FLOP/s per core: 0.07
Max Peak FLOP/s: 4,096.00
Avg. BW GB/s: 2,423.79
Max BW GB/s: 16,384.00

---Traffic---
In-Die bisection_bytes BW (GB/s): 128.00
Inter-board traffic (msg/ns): 0.00, per-link: 0.00
Inter-pack traffic (msg/ns): 0.00, per-link: 0.00
Inter-die traffic (msg/ns): 72.70, per-link: 0.14
Ruche traffic (msg/ns): 125.77, per-link: 0.25
All traffic (msg/ns): 1,165.21, per-link: 1.14
Inter-die reduction wrt all: 16.03
Inter-board reduction wrt inter-die: inf

---Data Movement---
All traffic (msg): 1,165,793,494
Arith. Intensity FLOP/Loads: 0.19
Arith. Intensity FLOP/Msgs: 0.06
Arith. Intensity OPS/Loads: 1.67
Arith. Intensity OPS/Msgs: 0.54



===Core Utilization Total=== CORE-S:10;; TIME K cy:1,000 ;; Nodes Proc: 9,461,192 -- Edges Proc: 0
======== IT IS COLD ======= Only 15 Tiles active

===PRINTING FRAME STATS

FCollision In Avg:44, SD:60, Max:411, Min:0
FCollision Out Avg:30, SD:45, Max:265, Min:0
FCollision End Avg:0, SD:0, Max:0, Min:0
FTask1 Avg:56, SD:87, Max:383, Min:0
FTask2 Avg:0, SD:0, Max:0, Min:0
FTask3 Avg:20, SD:27, Max:256, Min:0
FCore Active Avg:19, SD:23, Max:100, Min:0
FRouter Active Avg:37, SD:24, Max:99, Min:2
T1 invocations: 532,048
T2 invocations: 0
T3 invocations: 6,672,633
T3b invocations: 0
Total3 invocations: 6,672,633
Total4 invocations: 0

T3/T2 ratio: inf
T3b/T3 ratio: 0

T1 avg ex cycles: 108
T2 avg ex cycles: -nan
T3&b avg ex cycles: 3
T4 avg ex cycles: -nan
Avg. hops NOC1: -nan
Avg. latency NOC1 (T2): -nan
Avg. hops NOC2: 8
Avg. latency NOC2 (T3): 1,067

===PRINTING ACUM STATS at pu_cycles: 1,100,570

ACollision In Avg:88, SD:54, Max:481, Min:10
ACollision Out Avg:66, SD:44, Max:259, Min:3
ACollision End Avg:0, SD:0, Max:0, Min:0
ATask1 Avg:64, SD:26, Max:86, Min:0
ATask2 Avg:0, SD:0, Max:0, Min:0
ATask3 Avg:22, SD:26, Max:256, Min:1
ACore Active Avg:21, SD:9, Max:83, Min:1
ARouter Active Avg:41, SD:15, Max:98, Min:6
T1 invocations: 7,219,754
T2 invocations: 0
T3 invocations: 80,726,076
T3b invocations: 0
Total3 invocations: 80,726,076
Total4 invocations: 0

T3/T2 ratio: inf
T3b/T3 ratio: 0

T1 avg ex cycles: 100
T2 avg ex cycles: -nan
T3&b avg ex cycles: 3
T4 avg ex cycles: -nan
Avg. hops NOC1: -nan
Avg. latency NOC1 (T2): -nan
Avg. hops NOC2: 8
Avg. latency NOC2 (T3): 1,621
Number of K Nodes Processed: 80,784
Number of K Edges Processed: 80,784
Node Re-explore factor: 19.20
Edge Re-explore factor: 0.80
Nodes/cy: 73
Edges/cy: 73
TEPS: 87

---DCache---
DCache Size: 103,056
DRAM words: 0
  DHits: 0
  DMisses: 0

---Energy---
Leakage Energy (nJ): 348,975
PU Dyn E (nJ): 4,663,016
Mem Dyn E (nJ): 26,352,084
Route Dyn E (nJ): 8,368,922
Dynamic Energy (nJ): 39,384,022
Ratio of Dyn/Leak: 113
Total Energy (nJ): 39,732,997
Total Energy (nJ) 3D: 43,838,119
Cores Energy (nJ): 4,675,268
Route Energy (nJ): 8,415,448
Route Energy (nJ) 3D: 12,520,570
Mem Energy   (nJ): 26,642,282
Mem Energy   (nJ) 3D: 26,642,282
Avg. Power (mW): 36,102.20
Power Density (mW/mm2): 11.31

---Runtime---
Runtime in K cycles: 1,100.57
Microseconds: 1,100.57
Time per iteration (ms): 1.10

---Throughput---
GOP/s (aka OPS/ns): 637.61
GOP/s per core: 0.62
FLOP/s: 73.07
FLOP/s per core: 0.07
Max Peak FLOP/s: 4,096.00
Avg. BW GB/s: 2,423.68
Max BW GB/s: 16,384.00

---Traffic---
In-Die bisection_bytes BW (GB/s): 128.00
Inter-board traffic (msg/ns): 0.00, per-link: 0.00
Inter-pack traffic (msg/ns): 0.00, per-link: 0.00
Inter-die traffic (msg/ns): 71.63, per-link: 0.14
Ruche traffic (msg/ns): 125.85, per-link: 0.25
All traffic (msg/ns): 1,162.82, per-link: 1.14
Inter-die reduction wrt all: 16.23
Inter-board reduction wrt inter-die: inf

---Data Movement---
All traffic (msg): 1,279,769,556
Arith. Intensity FLOP/Loads: 0.19
Arith. Intensity FLOP/Msgs: 0.06
Arith. Intensity OPS/Loads: 1.68
Arith. Intensity OPS/Msgs: 0.55



===Core Utilization Total=== CORE-S:11;; TIME K cy:1,100 ;; Nodes Proc: 10,228,152 -- Edges Proc: 0
======== IT IS COLD ======= Only 7 Tiles active

===PRINTING FRAME STATS

FCollision In Avg:29, SD:50, Max:315, Min:0
FCollision Out Avg:20, SD:40, Max:277, Min:0
FCollision End Avg:0, SD:0, Max:0, Min:0
FTask1 Avg:51, SD:94, Max:385, Min:0
FTask2 Avg:0, SD:0, Max:0, Min:0
FTask3 Avg:18, SD:25, Max:249, Min:0
FCore Active Avg:17, SD:24, Max:100, Min:0
FRouter Active Avg:34, SD:25, Max:100, Min:1
T1 invocations: 456,944
T2 invocations: 0
T3 invocations: 6,074,691
T3b invocations: 0
Total3 invocations: 6,074,691
Total4 invocations: 0

T3/T2 ratio: inf
T3b/T3 ratio: 0

T1 avg ex cycles: 114
T2 avg ex cycles: -nan
T3&b avg ex cycles: 3
T4 avg ex cycles: -nan
Avg. hops NOC1: -nan
Avg. latency NOC1 (T2): -nan
Avg. hops NOC2: 7
Avg. latency NOC2 (T3): 838

===PRINTING ACUM STATS at pu_cycles: 1,200,569

ACollision In Avg:83, SD:52, Max:463, Min:9
ACollision Out Avg:62, SD:43, Max:261, Min:3
ACollision End Avg:0, SD:0, Max:0, Min:0
ATask1 Avg:63, SD:21, Max:78, Min:0
ATask2 Avg:0, SD:0, Max:0, Min:0
ATask3 Avg:21, SD:26, Max:255, Min:1
ACore Active Avg:21, SD:8, Max:82, Min:1
ARouter Active Avg:40, SD:15, Max:98, Min:6
T1 invocations: 7,689,219
T2 invocations: 0
T3 invocations: 86,790,214
T3b invocations: 0
Total3 invocations: 86,790,214
Total4 invocations: 0

T3/T2 ratio: inf
T3b/T3 ratio: 0

T1 avg ex cycles: 101
T2 avg ex cycles: -nan
T3&b avg ex cycles: 3
T4 avg ex cycles: -nan
Avg. hops NOC1: -nan
Avg. latency NOC1 (T2): -nan
Avg. hops NOC2: 8
Avg. latency NOC2 (T3): 1,567
Number of K Nodes Processed: 86,844
Number of K Edges Processed: 86,844
Node Re-explore factor: 20.64
Edge Re-explore factor: 0.86
Nodes/cy: 72
Edges/cy: 72
TEPS: 80

---DCache---
DCache Size: 103,056
DRAM words: 0
  DHits: 0
  DMisses: 0

---Energy---
Leakage Energy (nJ): 380,684
PU Dyn E (nJ): 5,014,457
Mem Dyn E (nJ): 28,329,489
Route Dyn E (nJ): 8,973,897
Dynamic Energy (nJ): 42,317,843
Ratio of Dyn/Leak: 111
Total Energy (nJ): 42,698,527
Total Energy (nJ) 3D: 47,086,421
Cores Energy (nJ): 5,027,822
Route Energy (nJ): 9,024,651
Route Energy (nJ) 3D: 13,412,544
Mem Energy   (nJ): 28,646,055
Mem Energy   (nJ) 3D: 28,646,055
Avg. Power (mW): 35,565.24
Power Density (mW/mm2): 11.14

---Runtime---
Runtime in K cycles: 1,200.57
Microseconds: 1,200.57
Time per iteration (ms): 1.20

---Throughput---
GOP/s (aka OPS/ns): 628.34
GOP/s per core: 0.61
FLOP/s: 72.09
FLOP/s per core: 0.07
Max Peak FLOP/s: 4,096.00
Avg. BW GB/s: 2,388.53
Max BW GB/s: 16,384.00

---Traffic---
In-Die bisection_bytes BW (GB/s): 128.00
Inter-board traffic (msg/ns): 0.00, per-link: 0.00
Inter-pack traffic (msg/ns): 0.00, per-link: 0.00
Inter-die traffic (msg/ns): 70.01, per-link: 0.14
Ruche traffic (msg/ns): 125.45, per-link: 0.25
All traffic (msg/ns): 1,142.19, per-link: 1.12
Inter-die reduction wrt all: 16.31
Inter-board reduction wrt inter-die: inf

---Data Movement---
All traffic (msg): 1,371,276,310
Arith. Intensity FLOP/Loads: 0.19
Arith. Intensity FLOP/Msgs: 0.06
Arith. Intensity OPS/Loads: 1.68
Arith. Intensity OPS/Msgs: 0.55



===Core Utilization Total=== CORE-S:12;; TIME K cy:1,200 ;; Nodes Proc: 10,959,691 -- Edges Proc: 0
======== IT IS COLD ======= Only 2 Tiles active

===PRINTING FRAME STATS

FCollision In Avg:21, SD:44, Max:300, Min:0
FCollision Out Avg:15, SD:39, Max:282, Min:0
FCollision End Avg:0, SD:0, Max:0, Min:0
FTask1 Avg:33, SD:75, Max:375, Min:0
FTask2 Avg:0, SD:0, Max:0, Min:0
FTask3 Avg:16, SD:25, Max:248, Min:0
FCore Active Avg:12, SD:20, Max:100, Min:0
FRouter Active Avg:29, SD:24, Max:100, Min:1
T1 invocations: 304,950
T2 invocations: 0
T3 invocations: 5,547,094
T3b invocations: 0
Total3 invocations: 5,547,094
Total4 invocations: 0

T3/T2 ratio: inf
T3b/T3 ratio: 0

T1 avg ex cycles: 111
T2 avg ex cycles: -nan
T3&b avg ex cycles: 3
T4 avg ex cycles: -nan
Avg. hops NOC1: -nan
Avg. latency NOC1 (T2): -nan
Avg. hops NOC2: 7
Avg. latency NOC2 (T3): 684

===PRINTING ACUM STATS at pu_cycles: 1,300,498

ACollision In Avg:79, SD:50, Max:433, Min:8
ACollision Out Avg:59, SD:42, Max:262, Min:3
ACollision End Avg:0, SD:0, Max:0, Min:0
ATask1 Avg:60, SD:18, Max:72, Min:0
ATask2 Avg:0, SD:0, Max:0, Min:0
ATask3 Avg:21, SD:25, Max:252, Min:1
ACore Active Avg:20, SD:8, Max:80, Min:1
ARouter Active Avg:39, SD:14, Max:98, Min:7
T1 invocations: 7,907,839
T2 invocations: 0
T3 invocations: 91,670,527
T3b invocations: 0
Total3 invocations: 91,670,527
Total4 invocations: 0

T3/T2 ratio: inf
T3b/T3 ratio: 0

T1 avg ex cycles: 102
T2 avg ex cycles: -nan
T3&b avg ex cycles: 3
T4 avg ex cycles: -nan
Avg. hops NOC1: -nan
Avg. latency NOC1 (T2): -nan
Avg. hops NOC2: 8
Avg. latency NOC2 (T3): 1,518
Number of K Nodes Processed: 92,168
Number of K Edges Processed: 92,168
Node Re-explore factor: 21.91
Edge Re-explore factor: 0.91
Nodes/cy: 71
Edges/cy: 71
TEPS: 73

---DCache---
DCache Size: 103,056
DRAM words: 0
  DHits: 0
  DMisses: 0

---Energy---
Leakage Energy (nJ): 412,370
PU Dyn E (nJ): 5,200,432
Mem Dyn E (nJ): 29,747,847
Route Dyn E (nJ): 9,397,839
Dynamic Energy (nJ): 44,346,119
Ratio of Dyn/Leak: 108
Total Energy (nJ): 44,758,489
Total Energy (nJ) 3D: 49,319,225
Cores Energy (nJ): 5,214,909
Route Energy (nJ): 9,452,817
Route Energy (nJ) 3D: 14,013,554
Mem Energy   (nJ): 30,090,763
Mem Energy   (nJ) 3D: 30,090,763
Avg. Power (mW): 34,416.42
Power Density (mW/mm2): 10.78

---Runtime---
Runtime in K cycles: 1,300.50
Microseconds: 1,300.50
Time per iteration (ms): 1.30

---Throughput---
GOP/s (aka OPS/ns): 602.43
GOP/s per core: 0.59
FLOP/s: 68.80
FLOP/s per core: 0.07
Max Peak FLOP/s: 4,096.00
Avg. BW GB/s: 2,315.11
Max BW GB/s: 16,384.00

---Traffic---
In-Die bisection_bytes BW (GB/s): 128.00
Inter-board traffic (msg/ns): 0.00, per-link: 0.00
Inter-pack traffic (msg/ns): 0.00, per-link: 0.00
Inter-die traffic (msg/ns): 68.21, per-link: 0.13
Ruche traffic (msg/ns): 123.80, per-link: 0.24
All traffic (msg/ns): 1,102.67, per-link: 1.08
Inter-die reduction wrt all: 16.17
Inter-board reduction wrt inter-die: inf

---Data Movement---
All traffic (msg): 1,434,013,670
Arith. Intensity FLOP/Loads: 0.19
Arith. Intensity FLOP/Msgs: 0.06
Arith. Intensity OPS/Loads: 1.67
Arith. Intensity OPS/Msgs: 0.55



===Core Utilization Total=== CORE-S:13;; TIME K cy:1,300 ;; Nodes Proc: 11,546,936 -- Edges Proc: 0
======== IT IS COLD ======= Only 7 Tiles active

===PRINTING FRAME STATS

FCollision In Avg:12, SD:35, Max:300, Min:0
FCollision Out Avg:7, SD:26, Max:282, Min:0
FCollision End Avg:0, SD:0, Max:0, Min:0
FTask1 Avg:27, SD:74, Max:384, Min:0
FTask2 Avg:0, SD:0, Max:0, Min:0
FTask3 Avg:12, SD:21, Max:245, Min:0
FCore Active Avg:10, SD:20, Max:100, Min:0
FRouter Active Avg:23, SD:24, Max:100, Min:1
T1 invocations: 249,704
T2 invocations: 0
T3 invocations: 4,264,573
T3b invocations: 0
Total3 invocations: 4,264,573
Total4 invocations: 0

T3/T2 ratio: inf
T3b/T3 ratio: 0

T1 avg ex cycles: 110
T2 avg ex cycles: -nan
T3&b avg ex cycles: 3
T4 avg ex cycles: -nan
Avg. hops NOC1: -nan
Avg. latency NOC1 (T2): -nan
Avg. hops NOC2: 7
Avg. latency NOC2 (T3): 622

===PRINTING ACUM STATS at pu_cycles: 1,400,503

ACollision In Avg:74, SD:47, Max:403, Min:8
ACollision Out Avg:55, SD:40, Max:262, Min:2
ACollision End Avg:0, SD:0, Max:0, Min:0
ATask1 Avg:59, SD:14, Max:67, Min:1
ATask2 Avg:0, SD:0, Max:0, Min:0
ATask3 Avg:20, SD:24, Max:244, Min:1
ACore Active Avg:20, SD:7, Max:77, Min:2
ARouter Active Avg:38, SD:14, Max:98, Min:8
T1 invocations: 8,284,875
T2 invocations: 0
T3 invocations: 95,923,027
T3b invocations: 0
Total3 invocations: 95,923,027
Total4 invocations: 0

T3/T2 ratio: inf
T3b/T3 ratio: 0

T1 avg ex cycles: 102
T2 avg ex cycles: -nan
T3&b avg ex cycles: 3
T4 avg ex cycles: -nan
Avg. hops NOC1: -nan
Avg. latency NOC1 (T2): -nan
Avg. hops NOC2: 8
Avg. latency NOC2 (T3): 1,482
Number of K Nodes Processed: 96,200
Number of K Edges Processed: 96,200
Node Re-explore factor: 22.87
Edge Re-explore factor: 0.95
Nodes/cy: 69
Edges/cy: 69
TEPS: 68

---DCache---
DCache Size: 103,056
DRAM words: 0
  DHits: 0
  DMisses: 0

---Energy---
Leakage Energy (nJ): 444,080
PU Dyn E (nJ): 5,476,357
Mem Dyn E (nJ): 31,187,130
Route Dyn E (nJ): 9,838,070
Dynamic Energy (nJ): 46,501,558
Ratio of Dyn/Leak: 105
Total Energy (nJ): 46,945,638
Total Energy (nJ) 3D: 51,725,442
Cores Energy (nJ): 5,491,948
Route Energy (nJ): 9,897,276
Route Energy (nJ) 3D: 14,677,080
Mem Energy   (nJ): 31,556,414
Mem Energy   (nJ) 3D: 31,556,414
Avg. Power (mW): 33,520.56
Power Density (mW/mm2): 10.50

---Runtime---
Runtime in K cycles: 1,400.50
Microseconds: 1,400.50
Time per iteration (ms): 1.40

---Throughput---
GOP/s (aka OPS/ns): 588.65
GOP/s per core: 0.57
FLOP/s: 67.39
FLOP/s per core: 0.07
Max Peak FLOP/s: 4,096.00
Avg. BW GB/s: 2,253.91
Max BW GB/s: 16,384.00

---Traffic---
In-Die bisection_bytes BW (GB/s): 128.00
Inter-board traffic (msg/ns): 0.00, per-link: 0.00
Inter-pack traffic (msg/ns): 0.00, per-link: 0.00
Inter-die traffic (msg/ns): 65.91, per-link: 0.13
Ruche traffic (msg/ns): 120.29, per-link: 0.23
All traffic (msg/ns): 1,072.24, per-link: 1.05
Inter-die reduction wrt all: 16.27
Inter-board reduction wrt inter-die: inf

---Data Movement---
All traffic (msg): 1,501,672,684
Arith. Intensity FLOP/Loads: 0.19
Arith. Intensity FLOP/Msgs: 0.06
Arith. Intensity OPS/Loads: 1.67
Arith. Intensity OPS/Msgs: 0.55



===Core Utilization Total=== CORE-S:14;; TIME K cy:1,400 ;; Nodes Proc: 11,906,632 -- Edges Proc: 0
======== IT IS COLD ======= Only 2 Tiles active

===PRINTING FRAME STATS

FCollision In Avg:7, SD:26, Max:285, Min:0
FCollision Out Avg:3, SD:16, Max:183, Min:0
FCollision End Avg:0, SD:0, Max:0, Min:0
FTask1 Avg:16, SD:57, Max:370, Min:0
FTask2 Avg:0, SD:0, Max:0, Min:0
FTask3 Avg:8, SD:15, Max:221, Min:0
FCore Active Avg:6, SD:15, Max:99, Min:0
FRouter Active Avg:15, SD:20, Max:98, Min:0
T1 invocations: 157,479
T2 invocations: 0
T3 invocations: 2,706,897
T3b invocations: 0
Total3 invocations: 2,706,897
Total4 invocations: 0

T3/T2 ratio: inf
T3b/T3 ratio: 0

T1 avg ex cycles: 104
T2 avg ex cycles: -nan
T3&b avg ex cycles: 3
T4 avg ex cycles: -nan
Avg. hops NOC1: -nan
Avg. latency NOC1 (T2): -nan
Avg. hops NOC2: 7
Avg. latency NOC2 (T3): 526

===PRINTING ACUM STATS at pu_cycles: 1,500,435

ACollision In Avg:69, SD:45, Max:376, Min:7
ACollision Out Avg:51, SD:37, Max:248, Min:2
ACollision End Avg:0, SD:0, Max:0, Min:0
ATask1 Avg:57, SD:9, Max:63, Min:2
ATask2 Avg:0, SD:0, Max:0, Min:0
ATask3 Avg:19, SD:23, Max:239, Min:1
ACore Active Avg:19, SD:6, Max:74, Min:3
ARouter Active Avg:37, SD:13, Max:96, Min:8
T1 invocations: 8,528,236
T2 invocations: 0
T3 invocations: 98,424,943
T3b invocations: 0
Total3 invocations: 98,424,943
Total4 invocations: 0

T3/T2 ratio: inf
T3b/T3 ratio: 0

T1 avg ex cycles: 102
T2 avg ex cycles: -nan
T3&b avg ex cycles: 3
T4 avg ex cycles: -nan
Avg. hops NOC1: -nan
Avg. latency NOC1 (T2): -nan
Avg. hops NOC2: 8
Avg. latency NOC2 (T3): 1,459
Number of K Nodes Processed: 98,505
Number of K Edges Processed: 98,505
Node Re-explore factor: 23.42
Edge Re-explore factor: 0.97
Nodes/cy: 66
Edges/cy: 66
TEPS: 64

---DCache---
DCache Size: 103,056
DRAM words: 0
  DHits: 0
  DMisses: 0

---Energy---
Leakage Energy (nJ): 475,767
PU Dyn E (nJ): 5,649,807
Mem Dyn E (nJ): 32,053,950
Route Dyn E (nJ): 10,104,229
Dynamic Energy (nJ): 47,807,987
Ratio of Dyn/Leak: 100
Total Energy (nJ): 48,283,754
Total Energy (nJ) 3D: 53,199,716
Cores Energy (nJ): 5,666,510
Route Energy (nJ): 10,167,660
Route Energy (nJ) 3D: 15,083,622
Mem Energy   (nJ): 32,449,585
Mem Energy   (nJ) 3D: 32,449,585
Avg. Power (mW): 32,179.84
Power Density (mW/mm2): 10.08

---Runtime---
Runtime in K cycles: 1,500.43
Microseconds: 1,500.43
Time per iteration (ms): 1.50

---Throughput---
GOP/s (aka OPS/ns): 566.52
GOP/s per core: 0.55
FLOP/s: 64.98
FLOP/s per core: 0.06
Max Peak FLOP/s: 4,096.00
Avg. BW GB/s: 2,162.35
Max BW GB/s: 16,384.00

---Traffic---
In-Die bisection_bytes BW (GB/s): 128.00
Inter-board traffic (msg/ns): 0.00, per-link: 0.00
Inter-pack traffic (msg/ns): 0.00, per-link: 0.00
Inter-die traffic (msg/ns): 63.03, per-link: 0.12
Ruche traffic (msg/ns): 114.95, per-link: 0.22
All traffic (msg/ns): 1,028.25, per-link: 1.00
Inter-die reduction wrt all: 16.31
Inter-board reduction wrt inter-die: inf

---Data Movement---
All traffic (msg): 1,542,828,752
Arith. Intensity FLOP/Loads: 0.19
Arith. Intensity FLOP/Msgs: 0.06
Arith. Intensity OPS/Loads: 1.68
Arith. Intensity OPS/Msgs: 0.55



===Core Utilization Total=== CORE-S:15;; TIME K cy:1,500 ;; Nodes Proc: 12,091,971 -- Edges Proc: 0
======== IT IS COLD ======= Only 1 Tiles active

===PRINTING FRAME STATS

FCollision In Avg:4, SD:20, Max:222, Min:0
FCollision Out Avg:2, SD:11, Max:147, Min:0
FCollision End Avg:0, SD:0, Max:0, Min:0
FTask1 Avg:10, SD:46, Max:346, Min:0
FTask2 Avg:0, SD:0, Max:0, Min:0
FTask3 Avg:5, SD:10, Max:103, Min:0
FCore Active Avg:4, SD:12, Max:87, Min:0
FRouter Active Avg:10, SD:18, Max:95, Min:0
T1 invocations: 107,531
T2 invocations: 0
T3 invocations: 1,701,715
T3b invocations: 0
Total3 invocations: 1,701,715
Total4 invocations: 0

T3/T2 ratio: inf
T3b/T3 ratio: 0

T1 avg ex cycles: 99
T2 avg ex cycles: -nan
T3&b avg ex cycles: 3
T4 avg ex cycles: -nan
Avg. hops NOC1: -nan
Avg. latency NOC1 (T2): -nan
Avg. hops NOC2: 7
Avg. latency NOC2 (T3): 339

===PRINTING ACUM STATS at pu_cycles: 1,600,498

ACollision In Avg:65, SD:42, Max:352, Min:7
ACollision Out Avg:48, SD:35, Max:248, Min:2
ACollision End Avg:0, SD:0, Max:0, Min:0
ATask1 Avg:54, SD:6, Max:59, Min:5
ATask2 Avg:0, SD:0, Max:0, Min:0
ATask3 Avg:18, SD:22, Max:230, Min:1
ACore Active Avg:18, SD:6, Max:71, Min:3
ARouter Active Avg:35, SD:12, Max:93, Min:12
T1 invocations: 8,667,119
T2 invocations: 0
T3 invocations: 100,078,503
T3b invocations: 0
Total3 invocations: 100,078,503
Total4 invocations: 0

T3/T2 ratio: inf
T3b/T3 ratio: 0

T1 avg ex cycles: 103
T2 avg ex cycles: -nan
T3&b avg ex cycles: 3
T4 avg ex cycles: -nan
Avg. hops NOC1: -nan
Avg. latency NOC1 (T2): -nan
Avg. hops NOC2: 8
Avg. latency NOC2 (T3): 1,442
Number of K Nodes Processed: 100,153
Number of K Edges Processed: 100,153
Node Re-explore factor: 23.81
Edge Re-explore factor: 0.99
Nodes/cy: 63
Edges/cy: 63
TEPS: 60

---DCache---
DCache Size: 103,056
DRAM words: 0
  DHits: 0
  DMisses: 0

---Energy---
Leakage Energy (nJ): 507,496
PU Dyn E (nJ): 5,752,621
Mem Dyn E (nJ): 32,605,587
Route Dyn E (nJ): 10,277,931
Dynamic Energy (nJ): 48,636,139
Ratio of Dyn/Leak: 96
Total Energy (nJ): 49,143,635
Total Energy (nJ) 3D: 54,144,232
Cores Energy (nJ): 5,770,438
Route Energy (nJ): 10,345,591
Route Energy (nJ) 3D: 15,346,188
Mem Energy   (nJ): 33,027,606
Mem Energy   (nJ) 3D: 33,027,606
Avg. Power (mW): 30,705.21
Power Density (mW/mm2): 9.62

---Runtime---
Runtime in K cycles: 1,600.50
Microseconds: 1,600.50
Time per iteration (ms): 1.60

---Throughput---
GOP/s (aka OPS/ns): 540.66
GOP/s per core: 0.53
FLOP/s: 62.05
FLOP/s per core: 0.06
Max Peak FLOP/s: 4,096.00
Avg. BW GB/s: 2,062.07
Max BW GB/s: 16,384.00

---Traffic---
In-Die bisection_bytes BW (GB/s): 128.00
Inter-board traffic (msg/ns): 0.00, per-link: 0.00
Inter-pack traffic (msg/ns): 0.00, per-link: 0.00
Inter-die traffic (msg/ns): 60.12, per-link: 0.12
Ruche traffic (msg/ns): 109.59, per-link: 0.21
All traffic (msg/ns): 980.50, per-link: 0.96
Inter-die reduction wrt all: 16.31
Inter-board reduction wrt inter-die: inf

---Data Movement---
All traffic (msg): 1,569,287,574
Arith. Intensity FLOP/Loads: 0.19
Arith. Intensity FLOP/Msgs: 0.06
Arith. Intensity OPS/Loads: 1.68
Arith. Intensity OPS/Msgs: 0.55



===Core Utilization Total=== CORE-S:16;; TIME K cy:1,600 ;; Nodes Proc: 12,235,439 -- Edges Proc: 0
======== IT IS COLD ======= Only 0 Tiles active

===PRINTING FRAME STATS

FCollision In Avg:1, SD:10, Max:150, Min:0
FCollision Out Avg:0, SD:5, Max:78, Min:0
FCollision End Avg:0, SD:0, Max:0, Min:0
FTask1 Avg:7, SD:40, Max:375, Min:0
FTask2 Avg:0, SD:0, Max:0, Min:0
FTask3 Avg:3, SD:8, Max:93, Min:0
FCore Active Avg:2, SD:10, Max:100, Min:0
FRouter Active Avg:6, SD:14, Max:95, Min:0
T1 invocations: 57,524
T2 invocations: 0
T3 invocations: 1,085,484
T3b invocations: 0
Total3 invocations: 1,085,484
Total4 invocations: 0

T3/T2 ratio: inf
T3b/T3 ratio: 0

T1 avg ex cycles: 116
T2 avg ex cycles: -nan
T3&b avg ex cycles: 3
T4 avg ex cycles: -nan
Avg. hops NOC1: -nan
Avg. latency NOC1 (T2): -nan
Avg. hops NOC2: 7
Avg. latency NOC2 (T3): 369

===PRINTING ACUM STATS at pu_cycles: 1,700,467

ACollision In Avg:61, SD:40, Max:332, Min:6
ACollision Out Avg:45, SD:33, Max:236, Min:2
ACollision End Avg:0, SD:0, Max:0, Min:0
ATask1 Avg:52, SD:3, Max:55, Min:17
ATask2 Avg:0, SD:0, Max:0, Min:0
ATask3 Avg:17, SD:21, Max:221, Min:1
ACore Active Avg:17, SD:5, Max:68, Min:6
ARouter Active Avg:33, SD:12, Max:89, Min:14
T1 invocations: 8,771,525
T2 invocations: 0
T3 invocations: 101,070,001
T3b invocations: 0
Total3 invocations: 101,070,001
Total4 invocations: 0

T3/T2 ratio: inf
T3b/T3 ratio: 0

T1 avg ex cycles: 103
T2 avg ex cycles: -nan
T3&b avg ex cycles: 3
T4 avg ex cycles: -nan
Avg. hops NOC1: -nan
Avg. latency NOC1 (T2): -nan
Avg. hops NOC2: 8
Avg. latency NOC2 (T3): 1,432
Number of K Nodes Processed: 101,105
Number of K Edges Processed: 101,105
Node Re-explore factor: 24.03
Edge Re-explore factor: 1.00
Nodes/cy: 59
Edges/cy: 59
TEPS: 56

---DCache---
DCache Size: 103,056
DRAM words: 0
  DHits: 0
  DMisses: 0

---Energy---
Leakage Energy (nJ): 539,194
PU Dyn E (nJ): 5,829,873
Mem Dyn E (nJ): 32,963,973
Route Dyn E (nJ): 10,392,217
Dynamic Energy (nJ): 49,186,064
Ratio of Dyn/Leak: 91
Total Energy (nJ): 49,725,258
Total Energy (nJ) 3D: 54,785,307
Cores Energy (nJ): 5,848,802
Route Energy (nJ): 10,464,104
Route Energy (nJ) 3D: 15,524,153
Mem Energy   (nJ): 33,412,353
Mem Energy   (nJ) 3D: 33,412,353
Avg. Power (mW): 29,242.12
Power Density (mW/mm2): 9.16

---Runtime---
Runtime in K cycles: 1,700.47
Microseconds: 1,700.47
Time per iteration (ms): 1.70

---Throughput---
GOP/s (aka OPS/ns): 515.52
GOP/s per core: 0.50
FLOP/s: 59.23
FLOP/s per core: 0.06
Max Peak FLOP/s: 4,096.00
Avg. BW GB/s: 1,962.22
Max BW GB/s: 16,384.00

---Traffic---
In-Die bisection_bytes BW (GB/s): 128.00
Inter-board traffic (msg/ns): 0.00, per-link: 0.00
Inter-pack traffic (msg/ns): 0.00, per-link: 0.00
Inter-die traffic (msg/ns): 57.09, per-link: 0.11
Ruche traffic (msg/ns): 104.16, per-link: 0.20
All traffic (msg/ns): 933.21, per-link: 0.91
Inter-die reduction wrt all: 16.35
Inter-board reduction wrt inter-die: inf

---Data Movement---
All traffic (msg): 1,586,897,380
Arith. Intensity FLOP/Loads: 0.19
Arith. Intensity FLOP/Msgs: 0.06
Arith. Intensity OPS/Loads: 1.68
Arith. Intensity OPS/Msgs: 0.55



===Core Utilization Total=== CORE-S:17;; TIME K cy:1,700 ;; Nodes Proc: 12,301,803 -- Edges Proc: 0
======== IT IS COLD ======= Only 0 Tiles active
Epoch Done Router: 6
Epoch Done Router: 7
Epoch Done Router: 2
Epoch Done Router: 1
Epoch Done Router: 0
Epoch Done Router: 3
Epoch Done Router: 5
Epoch Done Router: 4
##EPOCH## 1 COMPLETED at Time (K cy): 1,761
Nodes processed until now: 101,311,613
Edges processed until now: 0
Program Done Worker Thread: 0
Program Done Router Thread: 7
Program Done Worker Thread: 6
Program Done Router Thread: 6
Program Done Worker Thread: 4
Program Done Router Thread: 5
Program Done Worker Thread: 7
Program Done Worker Thread: 3
Program Done Worker Thread: 5
Program Done Worker Thread: 1
Program Done Worker Thread: 2
Program Done Router Thread: 1
Program Done Router Thread: 2
Program Done Router Thread: 4
Program Done Router Thread: 0
Program Done Router Thread: 3

===PRINTING ACUM STATS at pu_cycles: 1,761,179

ACollision In Avg:59, SD:38, Max:320, Min:6
ACollision Out Avg:43, SD:31, Max:215, Min:2
ACollision End Avg:0, SD:0, Max:0, Min:0
ATask1 Avg:50, SD:1, Max:53, Min:47
ATask2 Avg:0, SD:0, Max:0, Min:0
ATask3 Avg:17, SD:20, Max:214, Min:1
ACore Active Avg:17, SD:5, Max:66, Min:13
ARouter Active Avg:32, SD:11, Max:86, Min:13
T1 invocations: 8,808,915
T2 invocations: 0
T3 invocations: 101,311,613
T3b invocations: 0
Total3 invocations: 101,311,613
Total4 invocations: 0

T3/T2 ratio: inf
T3b/T3 ratio: 0

T1 avg ex cycles: 103
T2 avg ex cycles: -nan
T3&b avg ex cycles: 3
T4 avg ex cycles: -nan
Avg. hops NOC1: -nan
Avg. latency NOC1 (T2): -nan
Avg. hops NOC2: 8
Avg. latency NOC2 (T3): 1,431

Runtime at program end in K cycles: 1,761
Runtime before cooldown in K cycles: 500


Number of K Nodes Processed: 101,311
Number of K Edges Processed: 101,311
Node Re-explore factor: 24.08
Edge Re-explore factor: 1.00
Nodes/cy: 58
Edges/cy: 58
TEPS: 54

---DCache---
DCache Size: 103,056
DRAM words: 0
  DHits: 0
  DMisses: 0

---Energy---
Leakage Energy (nJ): 558,445
PU Dyn E (nJ): 5,860,391
Mem Dyn E (nJ): 33,071,784
Route Dyn E (nJ): 10,426,209
Dynamic Energy (nJ): 49,358,384
Ratio of Dyn/Leak: 88
Total Energy (nJ): 49,916,829
Total Energy (nJ) 3D: 54,996,174
Cores Energy (nJ): 5,879,996
Route Energy (nJ): 10,500,662
Route Energy (nJ) 3D: 15,580,008
Mem Energy   (nJ): 33,536,171
Mem Energy   (nJ) 3D: 33,536,171
Avg. Power (mW): 28,342.85
Power Density (mW/mm2): 8.88

---Runtime---
Runtime in K cycles: 1,761.18
Microseconds: 1,761.18
Time per iteration (ms): 1.76

---Inst---
K Loads: 524,175
K Stores: 312,743
K Instructions: 880,963

---Throughput---
GOP/s (aka OPS/ns): 500.21
GOP/s per core: 0.49
FLOP/s: 57.52
FLOP/s per core: 0.06
Max Peak FLOP/s: 4,096.00
Avg. BW GB/s: 1,900.82
Max BW GB/s: 16,384.00

---Traffic---
In-Die bisection_bytes BW (GB/s): 128.00
Inter-board traffic (msg/ns): 0.00, per-link: 0.00
Inter-pack traffic (msg/ns): 0.00, per-link: 0.00
Inter-die traffic (msg/ns): 55.22, per-link: 0.11
Ruche traffic (msg/ns): 100.80, per-link: 0.20
All traffic (msg/ns): 904.05, per-link: 0.88
Inter-die reduction wrt all: 16.37
Inter-board reduction wrt inter-die: inf

---Data Movement---
All traffic (msg): 1,592,197,250
Arith. Intensity FLOP/Loads: 0.19
Arith. Intensity FLOP/Msgs: 0.06
Arith. Intensity OPS/Loads: 1.68
Arith. Intensity OPS/Msgs: 0.55

Simulation time: 204.12
Sim noc_cy/s: 8,628.19
Sim Msg/s: 7,800,328.48

Version 31

