Dataset:  Kron22/
Dry run: 0
Open Edge Count File succesfully
Edges Traversed BFS: 128309848
Found Vertices: 4194304, Edges: 128311436
avg degree 31
Array  Kron22/node_array.bin found
Malloc array of size 16777220 bytes
Readin array of size 16777216 bytes
Finished Reading Array Bytes
No reordering Array 32bit
Array  Kron22/edge_array.bin found
Malloc array of size 513245744 bytes
Readin array of size 513245744 bytes
Finished Reading Array Bytes
No reordering Array 32bit
Array  Kron22/edge_values.bin found
Malloc array of size 513245744 bytes
Readin array of size 513245744 bytes
Finished Reading Array Bytes
No reordering Array 32bit
Reading graph elapsed time: 0.297426s

Dataset Footprint: 1012 MiB
Dataset Footprint per Board: 8489.27 Mb
Dataset injection time (ms): 0.518144
Max Dataset Footprint: 1026 MiB

Dataset footprint per tile: 1012 KiB
Proxys footprint per tile: 0 KiB
Reserved SRAM per tile: 221 KiB

Ideal SRAM per tile: 1233 KiB
reserved_words_for_dataset:93509
dataset_words_per_tile:259072
remaining_sram_words:467546
min_dcache_sram_words_required:94417
dataset_words_per_tile:259072
min_pcache_sram_words_required:0
proxys_words_per_tile:0
Dcache footprint ratio: 1
Dataset Cached: 0
DCache: 259072 words, lines: 16192, sets: 16192
Proxys Cached: 0
Pcache: 0 words, sets: 0
Node per tile: 4,096
Edge per tile: 125,305
GRID_X: 32
GRID_SIZE: 1,024
smt_per_tile: 4
noc_freq: 1
pu_freq: 1
RUCHE_X: 4
PROXY_W: 32
DIE_W: 8
DIE_H: 8
DIES: 16
BORDER_TILES_PER_DIE: 32
PACK_W: 32
PACK_H: 32
DIES_PACK_FACTOR: 4
DIES_PER_PACK: 16
PACKAGES: 1
BOARD_W: 32
BOARD_H: 32
BOARDS: 1
MUX_BUS: 1
DCACHE: 1
PCACHE: 0
PROXY_FACTOR: 1
CACHE_WAYS: 1
TORUS: 1
PHY_NOCS: 1
WIDE_NOC_ID: 0
NOC_CONF: 1
noc_width: 32
hbm_channel_bit_width: 512
ld_st_op_byte_width: 4
PROXY_ROUTING: 0
WRITE_THROUGH: 1
ASSERT_MODE: 0
GLOBAL_BARRIER: 0
OQ flits: 144 ; 6,144 ; 2
IQ flits: 1,152 ; 49,152 ; 2
OQ messages: 48 ; 3,072 ; 1
IQ messages: 384 ; 24,576 ; 1
max_task2 size: 64
io_factor_t2: 8
io_factor_t3: 8
io_factor_t3b: 8

Active SRAM Storage per tile: 1,233 KiB
Total SRAM Storage per tile: 2,048 KiB
Agreggated SRAM Storage: 2,048 MiB

Active DRAM Storage per tile: 0 MiB
Total DRAM Storage per tile: 128 MiB
Agreggated DRAM Storage: 128 GiB

Inter-Die #links: 256
Inter-Die (Gbits): 8,192
Inter-Die (Gbits/mm): 245.576
Bisection BW of Board (Gbits): 8,192
Border IO #Dies: 16
Border IO Die BW (Gbits): 1,024
Off-Board BW Total (Gbits): 16,384
Off-Board BW Density (Gbits/mm): 72
Die side: 8.34 mm
Die border wire density: 245.58 Gbits/mm
HBM wire density: 491.15 Gbits/mm

Tiles per Die: 64 (8x8)
Tile Area: 0.76 mm2, side: 0.87 mm
- Core/Rout Area: 0.19 mm2
- SRAM Area: 0.57 mm2
- SRAM/Logic Ratio: 3.08x

Dies per Package: 16 (4x4)
Die Area: 69.55 mm2, side: 8.34 mm
- Tiles Area: 48.68 mm2
- PHY Area: 11.87 mm2
- MC Area: 9.00 mm2

Packages per Board: 1 (1x1)
Package Area: 3,192.77 mm2, side: 56.50 mm
- IOdie Area: 320.00 mm2
- Dies Area: 1,112.77 mm2
- HBM Area: 1,760.00 mm2

Boards: 1 (1x1)
Board Area: 3,192.77 mm2
Total Area: 3,192.77 mm2



ESTIMATED COST OF SILICON AND PACKAGING. ONLY VARIABLE, NO FIXED COSTS
Good dies per wafer 3d: 481
Good dies per wafer 2d: 802
--Dies 3D Cost: 201.15 $
--Dies 2.5D Cost: 120.64 $
--Dies 2D Cost: 120.64 $
--HBM Cost: 960.00 $
--IOdie Cost: 33.76 $
--Packaging Cost 3d: 41.27 $
--Packaging Cost 2.5d: 65.38 $
--Packaging Cost 2d: 23.16 $
SiP Cost 3d: 1,236.17 $
SiP Cost 2.5d: 1,179.78 $
SiP Cost 2d: 177.56 $
--Board Cost: 3.19 $
Total SiPs Cost 3d: 1,239.37 $
Total SiPs Cost 2.5d: 1,182.97 $
Total SiPs Cost 2d: 180.75 $

Perf counters initialized
Mesh connected
Cache structures initialized
Replicas initialized
Allocated Frontier List
Dataset structures initialized


Starting Simulation
INIT epoch: 1
INIT epoch: 1
INIT epoch: 1
INIT epoch: 1
INIT epoch: 1
INIT epoch: 1
INIT epoch: 1
INIT epoch: 1

===PRINTING FRAME STATS

FCollision In Avg:-nan, SD:-nan, Max:365, Min:8
FCollision Out Avg:-nan, SD:-nan, Max:296, Min:12
FCollision End Avg:-nan, SD:-nan, Max:172, Min:0
FTask1 Avg:-nan, SD:-nan, Max:17, Min:0
FTask2 Avg:-nan, SD:-nan, Max:243, Min:0
FTask3 Avg:-nan, SD:-nan, Max:124, Min:53
FCore Active Avg:-nan, SD:-nan, Max:79, Min:16
FRouter Active Avg:-nan, SD:-nan, Max:90, Min:25
T1 invocations: 75,082
T2 invocations: 202,827
T3 invocations: 10,342,003
T3b invocations: 0
Total3 invocations: 10,342,003
Total4 invocations: 1,903

T3/T2 ratio: 51
T3b/T3 ratio: 0

T1 avg ex cycles: 60
T2 avg ex cycles: 254
T3&b avg ex cycles: 8
T4 avg ex cycles: 268
Avg. hops NOC1: 5
Avg. latency NOC1 (T2): 32,779
Avg. hops NOC2: 11
Avg. latency NOC2 (T3): 16,917

===PRINTING ACUM STATS at pu_cycles: 100,320

ACollision In Avg:-nan, SD:-nan, Max:365, Min:8
ACollision Out Avg:-nan, SD:-nan, Max:296, Min:12
ACollision End Avg:-nan, SD:-nan, Max:172, Min:0
ATask1 Avg:-nan, SD:-nan, Max:17, Min:0
ATask2 Avg:-nan, SD:-nan, Max:243, Min:0
ATask3 Avg:-nan, SD:-nan, Max:124, Min:53
ACore Active Avg:-nan, SD:-nan, Max:79, Min:16
ARouter Active Avg:-nan, SD:-nan, Max:90, Min:25
T1 invocations: 75,082
T2 invocations: 202,827
T3 invocations: 10,342,003
T3b invocations: 0
Total3 invocations: 10,342,003
Total4 invocations: 1,903

T3/T2 ratio: 51
T3b/T3 ratio: 0

T1 avg ex cycles: 60
T2 avg ex cycles: 254
T3&b avg ex cycles: 8
T4 avg ex cycles: 268
Avg. hops NOC1: 5
Avg. latency NOC1 (T2): 32,779
Avg. hops NOC2: 11
Avg. latency NOC2 (T3): 16,917
Number of K Nodes Processed: 2,313
Number of K Edges Processed: 12,610
Node Re-explore factor: 0.55
Edge Re-explore factor: 0.10
Nodes/cy: 23
Edges/cy: 126
TEPS: 1,279

---DCache---
DCache Size: 259,072
DRAM words: 0
  DHits: 0
  DMisses: 0

---Energy---
Leakage Energy (nJ): 84,522
PU Dyn E (nJ): 807,817
Mem Dyn E (nJ): 4,890,949
Route Dyn E (nJ): 1,580,621
Dynamic Energy (nJ): 7,279,388
Ratio of Dyn/Leak: 86
Total Energy (nJ): 7,363,910
Total Energy (nJ) 3D: 8,171,541
Cores Energy (nJ): 808,934
Route Energy (nJ): 1,584,862
Route Energy (nJ) 3D: 2,392,493
Mem Energy   (nJ): 4,970,114
Mem Energy   (nJ) 3D: 4,970,114
Avg. Power (mW): 73,404.21
Power Density (mW/mm2): 22.99

---Runtime---
Runtime in K cycles: 100.32
Microseconds: 100.32
Time per iteration (ms): 0.10

---Throughput---
GOP/s (aka OPS/ns): 857.77
GOP/s per core: 0.84
FLOP/s: 227.38
FLOP/s per core: 0.22
Max Peak FLOP/s: 4,096.00
Avg. BW GB/s: 4,907.64
Max BW GB/s: 16,384.00

---Traffic---
In-Die bisection_bytes BW (GB/s): 128.00
Inter-board traffic (msg/ns): 0.00, per-link: 0.00
Inter-pack traffic (msg/ns): 0.00, per-link: 0.00
Inter-die traffic (msg/ns): 159.92, per-link: 0.31
Ruche traffic (msg/ns): 212.29, per-link: 0.41
All traffic (msg/ns): 2,351.35, per-link: 2.30
Inter-die reduction wrt all: 14.70
Inter-board reduction wrt inter-die: inf

---Data Movement---
All traffic (msg): 235,886,952
Arith. Intensity FLOP/Loads: 0.34
Arith. Intensity FLOP/Msgs: 0.10
Arith. Intensity OPS/Loads: 1.30
Arith. Intensity OPS/Msgs: 0.36



===Core Utilization Total=== CORE-S:1;; TIME K cy:100 ;; Nodes Proc: 290,699 -- Edges Proc: 1,678,752

===PRINTING FRAME STATS

FCollision In Avg:126, SD:37, Max:296, Min:10
FCollision Out Avg:109, SD:55, Max:312, Min:19
FCollision End Avg:27, SD:39, Max:123, Min:0
FTask1 Avg:3, SD:4, Max:25, Min:0
FTask2 Avg:60, SD:42, Max:182, Min:0
FTask3 Avg:85, SD:10, Max:126, Min:59
FCore Active Avg:37, SD:11, Max:72, Min:17
FRouter Active Avg:84, SD:5, Max:94, Min:56
T1 invocations: 82,052
T2 invocations: 258,529
T3 invocations: 15,039,283
T3b invocations: 0
Total3 invocations: 15,039,283
Total4 invocations: 888

T3/T2 ratio: 58
T3b/T3 ratio: 0

T1 avg ex cycles: 43
T2 avg ex cycles: 238
T3&b avg ex cycles: 6
T4 avg ex cycles: 567
Avg. hops NOC1: 2
Avg. latency NOC1 (T2): 74,315
Avg. hops NOC2: 11
Avg. latency NOC2 (T3): 14,662

===PRINTING ACUM STATS at pu_cycles: 200,517

ACollision In Avg:123, SD:33, Max:262, Min:20
ACollision Out Avg:114, SD:51, Max:291, Min:26
ACollision End Avg:27, SD:33, Max:125, Min:0
ATask1 Avg:4, SD:3, Max:18, Min:0
ATask2 Avg:55, SD:34, Max:158, Min:0
ATask3 Avg:81, SD:9, Max:114, Min:60
ACore Active Avg:35, SD:9, Max:64, Min:18
ARouter Active Avg:77, SD:5, Max:87, Min:42
T1 invocations: 157,495
T2 invocations: 463,010
T3 invocations: 25,396,670
T3b invocations: 0
Total3 invocations: 25,396,670
Total4 invocations: 2,800

T3/T2 ratio: 55
T3b/T3 ratio: 0

T1 avg ex cycles: 51
T2 avg ex cycles: 245
T3&b avg ex cycles: 7
T4 avg ex cycles: 363
Avg. hops NOC1: 3
Avg. latency NOC1 (T2): 55,943
Avg. hops NOC2: 11
Avg. latency NOC2 (T3): 15,582
Number of K Nodes Processed: 3,997
Number of K Edges Processed: 27,554
Node Re-explore factor: 0.95
Edge Re-explore factor: 0.21
Nodes/cy: 20
Edges/cy: 137
TEPS: 640

---DCache---
DCache Size: 259,072
DRAM words: 0
  DHits: 0
  DMisses: 0

---Energy---
Leakage Energy (nJ): 168,941
PU Dyn E (nJ): 1,801,027
Mem Dyn E (nJ): 10,905,189
Route Dyn E (nJ): 3,750,045
Dynamic Energy (nJ): 16,456,262
Ratio of Dyn/Leak: 97
Total Energy (nJ): 16,625,203
Total Energy (nJ) 3D: 18,518,630
Cores Energy (nJ): 1,803,259
Route Energy (nJ): 3,758,523
Route Energy (nJ) 3D: 5,651,949
Mem Energy   (nJ): 11,063,421
Mem Energy   (nJ) 3D: 11,063,421
Avg. Power (mW): 82,911.69
Power Density (mW/mm2): 25.97

---Runtime---
Runtime in K cycles: 200.52
Microseconds: 200.52
Time per iteration (ms): 0.20

---Throughput---
GOP/s (aka OPS/ns): 916.99
GOP/s per core: 0.90
FLOP/s: 263.58
FLOP/s per core: 0.26
Max Peak FLOP/s: 4,096.00
Avg. BW GB/s: 5,476.46
Max BW GB/s: 16,384.00

---Traffic---
In-Die bisection_bytes BW (GB/s): 128.00
Inter-board traffic (msg/ns): 0.00, per-link: 0.00
Inter-pack traffic (msg/ns): 0.00, per-link: 0.00
Inter-die traffic (msg/ns): 186.25, per-link: 0.36
Ruche traffic (msg/ns): 268.55, per-link: 0.52
All traffic (msg/ns): 2,787.48, per-link: 2.72
Inter-die reduction wrt all: 14.97
Inter-board reduction wrt inter-die: inf

---Data Movement---
All traffic (msg): 558,936,753
Arith. Intensity FLOP/Loads: 0.35
Arith. Intensity FLOP/Msgs: 0.09
Arith. Intensity OPS/Loads: 1.23
Arith. Intensity OPS/Msgs: 0.33



===Core Utilization Total=== CORE-S:2;; TIME K cy:200 ;; Nodes Proc: 500,821 -- Edges Proc: 3,526,248

===PRINTING FRAME STATS

FCollision In Avg:121, SD:33, Max:277, Min:13
FCollision Out Avg:97, SD:56, Max:307, Min:4
FCollision End Avg:23, SD:36, Max:100, Min:0
FTask1 Avg:5, SD:7, Max:45, Min:0
FTask2 Avg:68, SD:51, Max:258, Min:0
FTask3 Avg:88, SD:11, Max:149, Min:63
FCore Active Avg:41, SD:14, Max:92, Min:16
FRouter Active Avg:88, SD:4, Max:97, Min:65
T1 invocations: 145,352
T2 invocations: 344,945
T3 invocations: 17,022,974
T3b invocations: 0
Total3 invocations: 17,022,974
Total4 invocations: 1,983

T3/T2 ratio: 49
T3b/T3 ratio: 0

T1 avg ex cycles: 39
T2 avg ex cycles: 203
T3&b avg ex cycles: 5
T4 avg ex cycles: 563
Avg. hops NOC1: 2
Avg. latency NOC1 (T2): 55,507
Avg. hops NOC2: 11
Avg. latency NOC2 (T3): 11,694

===PRINTING ACUM STATS at pu_cycles: 300,680

ACollision In Avg:123, SD:29, Max:238, Min:22
ACollision Out Avg:108, SD:49, Max:297, Min:23
ACollision End Avg:26, SD:30, Max:99, Min:0
ATask1 Avg:4, SD:4, Max:25, Min:0
ATask2 Avg:60, SD:36, Max:163, Min:0
ATask3 Avg:84, SD:9, Max:122, Min:62
ACore Active Avg:37, SD:9, Max:66, Min:18
ARouter Active Avg:81, SD:4, Max:90, Min:51
T1 invocations: 303,335
T2 invocations: 808,367
T3 invocations: 42,473,868
T3b invocations: 0
Total3 invocations: 42,473,868
Total4 invocations: 4,788

T3/T2 ratio: 53
T3b/T3 ratio: 0

T1 avg ex cycles: 45
T2 avg ex cycles: 227
T3&b avg ex cycles: 6
T4 avg ex cycles: 446
Avg. hops NOC1: 3
Avg. latency NOC1 (T2): 55,804
Avg. hops NOC2: 11
Avg. latency NOC2 (T3): 14,024
Number of K Nodes Processed: 5,366
Number of K Edges Processed: 44,358
Node Re-explore factor: 1.28
Edge Re-explore factor: 0.35
Nodes/cy: 18
Edges/cy: 148
TEPS: 427

---DCache---
DCache Size: 259,072
DRAM words: 0
  DHits: 0
  DMisses: 0

---Energy---
Leakage Energy (nJ): 253,331
PU Dyn E (nJ): 2,908,796
Mem Dyn E (nJ): 17,552,143
Route Dyn E (nJ): 6,183,141
Dynamic Energy (nJ): 26,644,081
Ratio of Dyn/Leak: 105
Total Energy (nJ): 26,897,412
Total Energy (nJ) 3D: 30,003,077
Cores Energy (nJ): 2,912,144
Route Energy (nJ): 6,195,853
Route Energy (nJ) 3D: 9,301,518
Mem Energy   (nJ): 17,789,416
Mem Energy   (nJ) 3D: 17,789,416
Avg. Power (mW): 89,455.27
Power Density (mW/mm2): 28.02

---Runtime---
Runtime in K cycles: 300.68
Microseconds: 300.68
Time per iteration (ms): 0.30

---Throughput---
GOP/s (aka OPS/ns): 969.20
GOP/s per core: 0.95
FLOP/s: 288.50
FLOP/s per core: 0.28
Max Peak FLOP/s: 4,096.00
Avg. BW GB/s: 5,879.03
Max BW GB/s: 16,384.00

---Traffic---
In-Die bisection_bytes BW (GB/s): 128.00
Inter-board traffic (msg/ns): 0.00, per-link: 0.00
Inter-pack traffic (msg/ns): 0.00, per-link: 0.00
Inter-die traffic (msg/ns): 202.64, per-link: 0.40
Ruche traffic (msg/ns): 303.64, per-link: 0.59
All traffic (msg/ns): 3,063.78, per-link: 2.99
Inter-die reduction wrt all: 15.12
Inter-board reduction wrt inter-die: inf

---Data Movement---
All traffic (msg): 921,218,099
Arith. Intensity FLOP/Loads: 0.36
Arith. Intensity FLOP/Msgs: 0.09
Arith. Intensity OPS/Loads: 1.21
Arith. Intensity OPS/Msgs: 0.32



===Core Utilization Total=== CORE-S:3;; TIME K cy:300 ;; Nodes Proc: 671,885 -- Edges Proc: 5,495,018

===PRINTING FRAME STATS

FCollision In Avg:120, SD:33, Max:303, Min:41
FCollision Out Avg:94, SD:57, Max:272, Min:6
FCollision End Avg:23, SD:36, Max:100, Min:0
FTask1 Avg:8, SD:10, Max:53, Min:0
FTask2 Avg:69, SD:56, Max:257, Min:0
FTask3 Avg:82, SD:11, Max:143, Min:58
FCore Active Avg:40, SD:15, Max:97, Min:16
FRouter Active Avg:88, SD:4, Max:97, Min:65
T1 invocations: 216,465
T2 invocations: 405,692
T3 invocations: 17,054,979
T3b invocations: 0
Total3 invocations: 17,054,979
Total4 invocations: 3,077

T3/T2 ratio: 42
T3b/T3 ratio: 0

T1 avg ex cycles: 37
T2 avg ex cycles: 175
T3&b avg ex cycles: 5
T4 avg ex cycles: 560
Avg. hops NOC1: 2
Avg. latency NOC1 (T2): 40,629
Avg. hops NOC2: 11
Avg. latency NOC2 (T3): 10,785

===PRINTING ACUM STATS at pu_cycles: 400,630

ACollision In Avg:122, SD:28, Max:250, Min:37
ACollision Out Avg:105, SD:48, Max:282, Min:24
ACollision End Avg:25, SD:28, Max:99, Min:0
ATask1 Avg:5, SD:5, Max:23, Min:0
ATask2 Avg:62, SD:36, Max:180, Min:0
ATask3 Avg:83, SD:9, Max:127, Min:61
ACore Active Avg:38, SD:10, Max:72, Min:18
ARouter Active Avg:82, SD:4, Max:91, Min:54
T1 invocations: 518,918
T2 invocations: 1,214,370
T3 invocations: 59,456,534
T3b invocations: 0
Total3 invocations: 59,456,534
Total4 invocations: 7,854

T3/T2 ratio: 49
T3b/T3 ratio: 0

T1 avg ex cycles: 42
T2 avg ex cycles: 210
T3&b avg ex cycles: 6
T4 avg ex cycles: 491
Avg. hops NOC1: 3
Avg. latency NOC1 (T2): 50,675
Avg. hops NOC2: 11
Avg. latency NOC2 (T3): 13,097
Number of K Nodes Processed: 6,368
Number of K Edges Processed: 61,364
Node Re-explore factor: 1.52
Edge Re-explore factor: 0.48
Nodes/cy: 16
Edges/cy: 153
TEPS: 320

---DCache---
DCache Size: 259,072
DRAM words: 0
  DHits: 0
  DMisses: 0

---Energy---
Leakage Energy (nJ): 337,541
PU Dyn E (nJ): 4,014,356
Mem Dyn E (nJ): 24,119,969
Route Dyn E (nJ): 8,621,215
Dynamic Energy (nJ): 36,755,541
Ratio of Dyn/Leak: 109
Total Energy (nJ): 37,093,082
Total Energy (nJ) 3D: 41,410,835
Cores Energy (nJ): 4,018,816
Route Energy (nJ): 8,638,152
Route Energy (nJ) 3D: 12,955,905
Mem Energy   (nJ): 24,436,114
Mem Energy   (nJ) 3D: 24,436,114
Avg. Power (mW): 92,586.88
Power Density (mW/mm2): 29.00

---Runtime---
Runtime in K cycles: 400.63
Microseconds: 400.63
Time per iteration (ms): 0.40

---Throughput---
GOP/s (aka OPS/ns): 994.20
GOP/s per core: 0.97
FLOP/s: 301.24
FLOP/s per core: 0.29
Max Peak FLOP/s: 4,096.00
Avg. BW GB/s: 6,063.79
Max BW GB/s: 16,384.00

---Traffic---
In-Die bisection_bytes BW (GB/s): 128.00
Inter-board traffic (msg/ns): 0.00, per-link: 0.00
Inter-pack traffic (msg/ns): 0.00, per-link: 0.00
Inter-die traffic (msg/ns): 211.09, per-link: 0.41
Ruche traffic (msg/ns): 322.30, per-link: 0.63
All traffic (msg/ns): 3,204.67, per-link: 3.13
Inter-die reduction wrt all: 15.18
Inter-board reduction wrt inter-die: inf

---Data Movement---
All traffic (msg): 1,283,886,295
Arith. Intensity FLOP/Loads: 0.36
Arith. Intensity FLOP/Msgs: 0.09
Arith. Intensity OPS/Loads: 1.20
Arith. Intensity OPS/Msgs: 0.31



===Core Utilization Total=== CORE-S:4;; TIME K cy:400 ;; Nodes Proc: 797,154 -- Edges Proc: 7,629,431

===PRINTING FRAME STATS

FCollision In Avg:118, SD:31, Max:278, Min:23
FCollision Out Avg:90, SD:58, Max:269, Min:3
FCollision End Avg:23, SD:36, Max:108, Min:0
FTask1 Avg:9, SD:12, Max:56, Min:0
FTask2 Avg:71, SD:60, Max:282, Min:0
FTask3 Avg:81, SD:12, Max:148, Min:55
FCore Active Avg:41, SD:16, Max:98, Min:15
FRouter Active Avg:89, SD:4, Max:98, Min:65
T1 invocations: 250,191
T2 invocations: 446,106
T3 invocations: 17,544,820
T3b invocations: 0
Total3 invocations: 17,544,820
Total4 invocations: 3,652

T3/T2 ratio: 39
T3b/T3 ratio: 0

T1 avg ex cycles: 36
T2 avg ex cycles: 163
T3&b avg ex cycles: 5
T4 avg ex cycles: 561
Avg. hops NOC1: 2
Avg. latency NOC1 (T2): 37,330
Avg. hops NOC2: 11
Avg. latency NOC2 (T3): 10,095

===PRINTING ACUM STATS at pu_cycles: 500,554

ACollision In Avg:121, SD:26, Max:246, Min:43
ACollision Out Avg:102, SD:47, Max:279, Min:22
ACollision End Avg:25, SD:26, Max:99, Min:0
ATask1 Avg:6, SD:5, Max:27, Min:0
ATask2 Avg:64, SD:37, Max:196, Min:0
ATask3 Avg:83, SD:10, Max:131, Min:60
ACore Active Avg:39, SD:10, Max:78, Min:17
ARouter Active Avg:84, SD:4, Max:92, Min:56
T1 invocations: 764,562
T2 invocations: 1,653,767
T3 invocations: 76,818,363
T3b invocations: 0
Total3 invocations: 76,818,363
Total4 invocations: 11,436

T3/T2 ratio: 46
T3b/T3 ratio: 0

T1 avg ex cycles: 40
T2 avg ex cycles: 197
T3&b avg ex cycles: 6
T4 avg ex cycles: 513
Avg. hops NOC1: 2
Avg. latency NOC1 (T2): 47,236
Avg. hops NOC2: 11
Avg. latency NOC2 (T3): 12,416
Number of K Nodes Processed: 7,171
Number of K Edges Processed: 78,816
Node Re-explore factor: 1.71
Edge Re-explore factor: 0.61
Nodes/cy: 14
Edges/cy: 157
TEPS: 256

---DCache---
DCache Size: 259,072
DRAM words: 0
  DHits: 0
  DMisses: 0

---Energy---
Leakage Energy (nJ): 421,730
PU Dyn E (nJ): 5,131,566
Mem Dyn E (nJ): 30,729,911
Route Dyn E (nJ): 11,105,049
Dynamic Energy (nJ): 46,966,527
Ratio of Dyn/Leak: 111
Total Energy (nJ): 47,388,257
Total Energy (nJ) 3D: 52,936,807
Cores Energy (nJ): 5,137,138
Route Energy (nJ): 11,126,210
Route Energy (nJ) 3D: 16,674,760
Mem Energy   (nJ): 31,124,909
Mem Energy   (nJ) 3D: 31,124,909
Avg. Power (mW): 94,671.62
Power Density (mW/mm2): 29.65

---Runtime---
Runtime in K cycles: 500.55
Microseconds: 500.55
Time per iteration (ms): 0.50

---Throughput---
GOP/s (aka OPS/ns): 1,010.53
GOP/s per core: 0.99
FLOP/s: 309.87
FLOP/s per core: 0.30
Max Peak FLOP/s: 4,096.00
Avg. BW GB/s: 6,183.65
Max BW GB/s: 16,384.00

---Traffic---
In-Die bisection_bytes BW (GB/s): 128.00
Inter-board traffic (msg/ns): 0.00, per-link: 0.00
Inter-pack traffic (msg/ns): 0.00, per-link: 0.00
Inter-die traffic (msg/ns): 217.37, per-link: 0.42
Ruche traffic (msg/ns): 335.56, per-link: 0.66
All traffic (msg/ns): 3,302.61, per-link: 3.23
Inter-die reduction wrt all: 15.19
Inter-board reduction wrt inter-die: inf

---Data Movement---
All traffic (msg): 1,653,136,737
Arith. Intensity FLOP/Loads: 0.37
Arith. Intensity FLOP/Msgs: 0.09
Arith. Intensity OPS/Loads: 1.19
Arith. Intensity OPS/Msgs: 0.31



===Core Utilization Total=== CORE-S:5;; TIME K cy:500 ;; Nodes Proc: 897,108 -- Edges Proc: 9,684,115

===PRINTING FRAME STATS

FCollision In Avg:118, SD:29, Max:294, Min:33
FCollision Out Avg:87, SD:57, Max:306, Min:5
FCollision End Avg:22, SD:36, Max:100, Min:0
FTask1 Avg:10, SD:11, Max:57, Min:0
FTask2 Avg:74, SD:61, Max:283, Min:0
FTask3 Avg:81, SD:13, Max:154, Min:55
FCore Active Avg:42, SD:16, Max:99, Min:14
FRouter Active Avg:90, SD:4, Max:98, Min:69
T1 invocations: 276,404
T2 invocations: 482,577
T3 invocations: 18,042,908
T3b invocations: 0
Total3 invocations: 18,042,908
Total4 invocations: 4,198

T3/T2 ratio: 37
T3b/T3 ratio: 0

T1 avg ex cycles: 36
T2 avg ex cycles: 157
T3&b avg ex cycles: 5
T4 avg ex cycles: 542
Avg. hops NOC1: 2
Avg. latency NOC1 (T2): 33,602
Avg. hops NOC2: 11
Avg. latency NOC2 (T3): 9,549

===PRINTING ACUM STATS at pu_cycles: 600,647

ACollision In Avg:121, SD:25, Max:234, Min:50
ACollision Out Avg:99, SD:47, Max:274, Min:20
ACollision End Avg:24, SD:24, Max:99, Min:0
ATask1 Avg:7, SD:6, Max:27, Min:0
ATask2 Avg:66, SD:38, Max:197, Min:0
ATask3 Avg:83, SD:10, Max:134, Min:59
ACore Active Avg:39, SD:11, Max:79, Min:17
ARouter Active Avg:85, SD:4, Max:93, Min:59
T1 invocations: 1,047,391
T2 invocations: 2,147,947
T3 invocations: 95,093,598
T3b invocations: 0
Total3 invocations: 95,093,598
Total4 invocations: 15,733

T3/T2 ratio: 44
T3b/T3 ratio: 0

T1 avg ex cycles: 39
T2 avg ex cycles: 188
T3&b avg ex cycles: 5
T4 avg ex cycles: 521
Avg. hops NOC1: 2
Avg. latency NOC1 (T2): 43,996
Avg. hops NOC2: 11
Avg. latency NOC2 (T3): 11,867
Number of K Nodes Processed: 7,857
Number of K Edges Processed: 96,830
Node Re-explore factor: 1.87
Edge Re-explore factor: 0.75
Nodes/cy: 13
Edges/cy: 161
TEPS: 214

---DCache---
DCache Size: 259,072
DRAM words: 0
  DHits: 0
  DMisses: 0

---Energy---
Leakage Energy (nJ): 506,061
PU Dyn E (nJ): 6,319,211
Mem Dyn E (nJ): 37,732,236
Route Dyn E (nJ): 13,717,718
Dynamic Energy (nJ): 57,769,166
Ratio of Dyn/Leak: 114
Total Energy (nJ): 58,275,227
Total Energy (nJ) 3D: 65,129,997
Cores Energy (nJ): 6,325,898
Route Energy (nJ): 13,743,111
Route Energy (nJ) 3D: 20,597,881
Mem Energy   (nJ): 38,206,218
Mem Energy   (nJ) 3D: 38,206,218
Avg. Power (mW): 97,020.76
Power Density (mW/mm2): 30.39

---Runtime---
Runtime in K cycles: 600.65
Microseconds: 600.65
Time per iteration (ms): 0.60

---Throughput---
GOP/s (aka OPS/ns): 1,031.74
GOP/s per core: 1.01
FLOP/s: 319.32
FLOP/s per core: 0.31
Max Peak FLOP/s: 4,096.00
Avg. BW GB/s: 6,327.64
Max BW GB/s: 16,384.00

---Traffic---
In-Die bisection_bytes BW (GB/s): 128.00
Inter-board traffic (msg/ns): 0.00, per-link: 0.00
Inter-pack traffic (msg/ns): 0.00, per-link: 0.00
Inter-die traffic (msg/ns): 222.75, per-link: 0.44
Ruche traffic (msg/ns): 346.29, per-link: 0.68
All traffic (msg/ns): 3,401.12, per-link: 3.32
Inter-die reduction wrt all: 15.27
Inter-board reduction wrt inter-die: inf

---Data Movement---
All traffic (msg): 2,042,873,592
Arith. Intensity FLOP/Loads: 0.37
Arith. Intensity FLOP/Msgs: 0.09
Arith. Intensity OPS/Loads: 1.19
Arith. Intensity OPS/Msgs: 0.30



===Core Utilization Total=== CORE-S:6;; TIME K cy:600 ;; Nodes Proc: 982,706 -- Edges Proc: 11,975,987

===PRINTING FRAME STATS

FCollision In Avg:117, SD:30, Max:300, Min:32
FCollision Out Avg:87, SD:57, Max:276, Min:4
FCollision End Avg:23, SD:36, Max:100, Min:0
FTask1 Avg:10, SD:11, Max:54, Min:0
FTask2 Avg:73, SD:59, Max:285, Min:0
FTask3 Avg:79, SD:12, Max:150, Min:52
FCore Active Avg:41, SD:16, Max:97, Min:15
FRouter Active Avg:90, SD:4, Max:98, Min:65
T1 invocations: 282,309
T2 invocations: 484,763
T3 invocations: 17,725,007
T3b invocations: 0
Total3 invocations: 17,725,007
Total4 invocations: 5,182

T3/T2 ratio: 37
T3b/T3 ratio: 0

T1 avg ex cycles: 36
T2 avg ex cycles: 154
T3&b avg ex cycles: 5
T4 avg ex cycles: 461
Avg. hops NOC1: 2
Avg. latency NOC1 (T2): 31,914
Avg. hops NOC2: 11
Avg. latency NOC2 (T3): 9,629

===PRINTING ACUM STATS at pu_cycles: 700,633

ACollision In Avg:120, SD:25, Max:241, Min:59
ACollision Out Avg:98, SD:46, Max:267, Min:18
ACollision End Avg:24, SD:24, Max:99, Min:0
ATask1 Avg:7, SD:6, Max:26, Min:0
ATask2 Avg:67, SD:38, Max:203, Min:0
ATask3 Avg:82, SD:10, Max:136, Min:58
ACore Active Avg:39, SD:11, Max:80, Min:17
ARouter Active Avg:85, SD:4, Max:94, Min:60
T1 invocations: 1,331,635
T2 invocations: 2,634,501
T3 invocations: 112,847,432
T3b invocations: 0
Total3 invocations: 112,847,432
Total4 invocations: 20,945

T3/T2 ratio: 43
T3b/T3 ratio: 0

T1 avg ex cycles: 38
T2 avg ex cycles: 182
T3&b avg ex cycles: 5
T4 avg ex cycles: 506
Avg. hops NOC1: 2
Avg. latency NOC1 (T2): 41,744
Avg. hops NOC2: 11
Avg. latency NOC2 (T3): 11,515
Number of K Nodes Processed: 8,449
Number of K Edges Processed: 114,544
Node Re-explore factor: 2.01
Edge Re-explore factor: 0.89
Nodes/cy: 12
Edges/cy: 163
TEPS: 183

---DCache---
DCache Size: 259,072
DRAM words: 0
  DHits: 0
  DMisses: 0

---Energy---
Leakage Energy (nJ): 590,302
PU Dyn E (nJ): 7,467,665
Mem Dyn E (nJ): 44,492,195
Route Dyn E (nJ): 16,269,617
Dynamic Energy (nJ): 68,229,477
Ratio of Dyn/Leak: 116
Total Energy (nJ): 68,819,779
Total Energy (nJ) 3D: 76,948,371
Cores Energy (nJ): 7,475,465
Route Energy (nJ): 16,299,236
Route Energy (nJ) 3D: 24,427,829
Mem Energy   (nJ): 45,045,078
Mem Energy   (nJ) 3D: 45,045,078
Avg. Power (mW): 98,225.15
Power Density (mW/mm2): 30.76

---Runtime---
Runtime in K cycles: 700.63
Microseconds: 700.63
Time per iteration (ms): 0.70

---Throughput---
GOP/s (aka OPS/ns): 1,041.54
GOP/s per core: 1.02
FLOP/s: 324.43
FLOP/s per core: 0.32
Max Peak FLOP/s: 4,096.00
Avg. BW GB/s: 6,396.65
Max BW GB/s: 16,384.00

---Traffic---
In-Die bisection_bytes BW (GB/s): 128.00
Inter-board traffic (msg/ns): 0.00, per-link: 0.00
Inter-pack traffic (msg/ns): 0.00, per-link: 0.00
Inter-die traffic (msg/ns): 226.23, per-link: 0.44
Ruche traffic (msg/ns): 352.58, per-link: 0.69
All traffic (msg/ns): 3,458.52, per-link: 3.38
Inter-die reduction wrt all: 15.29
Inter-board reduction wrt inter-die: inf

---Data Movement---
All traffic (msg): 2,423,153,313
Arith. Intensity FLOP/Loads: 0.37
Arith. Intensity FLOP/Msgs: 0.09
Arith. Intensity OPS/Loads: 1.19
Arith. Intensity OPS/Msgs: 0.30



===Core Utilization Total=== CORE-S:7;; TIME K cy:700 ;; Nodes Proc: 1,057,061 -- Edges Proc: 14,200,055

===PRINTING FRAME STATS

FCollision In Avg:113, SD:30, Max:275, Min:17
FCollision Out Avg:84, SD:59, Max:260, Min:2
FCollision End Avg:23, SD:37, Max:100, Min:0
FTask1 Avg:10, SD:11, Max:56, Min:0
FTask2 Avg:71, SD:59, Max:289, Min:0
FTask3 Avg:77, SD:12, Max:151, Min:51
FCore Active Avg:40, SD:16, Max:99, Min:13
FRouter Active Avg:89, SD:4, Max:98, Min:65
T1 invocations: 280,698
T2 invocations: 480,722
T3 invocations: 17,519,896
T3b invocations: 0
Total3 invocations: 17,519,896
Total4 invocations: 9,053

T3/T2 ratio: 36
T3b/T3 ratio: 0

T1 avg ex cycles: 35
T2 avg ex cycles: 152
T3&b avg ex cycles: 4
T4 avg ex cycles: 275
Avg. hops NOC1: 2
Avg. latency NOC1 (T2): 30,472
Avg. hops NOC2: 11
Avg. latency NOC2 (T3): 9,115

===PRINTING ACUM STATS at pu_cycles: 800,771

ACollision In Avg:119, SD:25, Max:245, Min:58
ACollision Out Avg:96, SD:46, Max:261, Min:16
ACollision End Avg:24, SD:23, Max:99, Min:0
ATask1 Avg:7, SD:6, Max:24, Min:0
ATask2 Avg:67, SD:38, Max:207, Min:0
ATask3 Avg:81, SD:11, Max:137, Min:57
ACore Active Avg:39, SD:11, Max:81, Min:16
ARouter Active Avg:86, SD:4, Max:94, Min:62
T1 invocations: 1,605,705
T2 invocations: 3,099,838
T3 invocations: 129,967,033
T3b invocations: 0
Total3 invocations: 129,967,033
Total4 invocations: 29,899

T3/T2 ratio: 42
T3b/T3 ratio: 0

T1 avg ex cycles: 38
T2 avg ex cycles: 177
T3&b avg ex cycles: 5
T4 avg ex cycles: 436
Avg. hops NOC1: 2
Avg. latency NOC1 (T2): 40,149
Avg. hops NOC2: 11
Avg. latency NOC2 (T3): 11,196
Number of K Nodes Processed: 8,972
Number of K Edges Processed: 131,907
Node Re-explore factor: 2.14
Edge Re-explore factor: 1.03
Nodes/cy: 11
Edges/cy: 165
TEPS: 160

---DCache---
DCache Size: 259,072
DRAM words: 0
  DHits: 0
  DMisses: 0

---Energy---
Leakage Energy (nJ): 674,670
PU Dyn E (nJ): 8,562,198
Mem Dyn E (nJ): 50,930,723
Route Dyn E (nJ): 18,735,002
Dynamic Energy (nJ): 78,227,923
Ratio of Dyn/Leak: 116
Total Energy (nJ): 78,902,593
Total Energy (nJ) 3D: 88,250,221
Cores Energy (nJ): 8,571,113
Route Energy (nJ): 18,768,854
Route Energy (nJ) 3D: 28,116,482
Mem Energy   (nJ): 51,562,627
Mem Energy   (nJ) 3D: 51,562,627
Avg. Power (mW): 98,533.28
Power Density (mW/mm2): 30.86

---Runtime---
Runtime in K cycles: 800.77
Microseconds: 800.77
Time per iteration (ms): 0.80

---Throughput---
GOP/s (aka OPS/ns): 1,042.15
GOP/s per core: 1.02
FLOP/s: 326.14
FLOP/s per core: 0.32
Max Peak FLOP/s: 4,096.00
Avg. BW GB/s: 6,406.81
Max BW GB/s: 16,384.00

---Traffic---
In-Die bisection_bytes BW (GB/s): 128.00
Inter-board traffic (msg/ns): 0.00, per-link: 0.00
Inter-pack traffic (msg/ns): 0.00, per-link: 0.00
Inter-die traffic (msg/ns): 228.47, per-link: 0.45
Ruche traffic (msg/ns): 356.52, per-link: 0.70
All traffic (msg/ns): 3,483.20, per-link: 3.40
Inter-die reduction wrt all: 15.25
Inter-board reduction wrt inter-die: inf

---Data Movement---
All traffic (msg): 2,789,248,057
Arith. Intensity FLOP/Loads: 0.37
Arith. Intensity FLOP/Msgs: 0.09
Arith. Intensity OPS/Loads: 1.18
Arith. Intensity OPS/Msgs: 0.30



===Core Utilization Total=== CORE-S:8;; TIME K cy:800 ;; Nodes Proc: 1,122,162 -- Edges Proc: 16,272,848

===PRINTING FRAME STATS

FCollision In Avg:111, SD:31, Max:294, Min:12
FCollision Out Avg:85, SD:61, Max:312, Min:2
FCollision End Avg:24, SD:38, Max:100, Min:0
FTask1 Avg:9, SD:11, Max:63, Min:0
FTask2 Avg:68, SD:55, Max:315, Min:0
FTask3 Avg:71, SD:11, Max:139, Min:46
FCore Active Avg:38, SD:15, Max:96, Min:12
FRouter Active Avg:87, SD:5, Max:98, Min:60
T1 invocations: 272,538
T2 invocations: 457,764
T3 invocations: 16,364,995
T3b invocations: 0
Total3 invocations: 16,364,995
Total4 invocations: 14,659

T3/T2 ratio: 36
T3b/T3 ratio: 0

T1 avg ex cycles: 35
T2 avg ex cycles: 151
T3&b avg ex cycles: 4
T4 avg ex cycles: 172
Avg. hops NOC1: 2
Avg. latency NOC1 (T2): 32,020
Avg. hops NOC2: 11
Avg. latency NOC2 (T3): 9,383

===PRINTING ACUM STATS at pu_cycles: 900,695

ACollision In Avg:118, SD:24, Max:251, Min:53
ACollision Out Avg:95, SD:46, Max:254, Min:16
ACollision End Avg:24, SD:23, Max:99, Min:0
ATask1 Avg:8, SD:6, Max:23, Min:0
ATask2 Avg:67, SD:37, Max:204, Min:0
ATask3 Avg:80, SD:11, Max:137, Min:56
ACore Active Avg:39, SD:11, Max:80, Min:16
ARouter Active Avg:86, SD:4, Max:94, Min:64
T1 invocations: 1,889,952
T2 invocations: 3,577,840
T3 invocations: 146,727,136
T3b invocations: 0
Total3 invocations: 146,727,136
Total4 invocations: 44,832

T3/T2 ratio: 41
T3b/T3 ratio: 0

T1 avg ex cycles: 37
T2 avg ex cycles: 174
T3&b avg ex cycles: 5
T4 avg ex cycles: 349
Avg. hops NOC1: 2
Avg. latency NOC1 (T2): 38,912
Avg. hops NOC2: 11
Avg. latency NOC2 (T3): 10,990
Number of K Nodes Processed: 9,433
Number of K Edges Processed: 148,328
Node Re-explore factor: 2.25
Edge Re-explore factor: 1.16
Nodes/cy: 10
Edges/cy: 165
TEPS: 142

---DCache---
DCache Size: 259,072
DRAM words: 0
  DHits: 0
  DMisses: 0

---Energy---
Leakage Energy (nJ): 758,859
PU Dyn E (nJ): 9,656,037
Mem Dyn E (nJ): 57,350,941
Route Dyn E (nJ): 21,160,135
Dynamic Energy (nJ): 88,167,114
Ratio of Dyn/Leak: 116
Total Energy (nJ): 88,925,973
Total Energy (nJ) 3D: 99,497,841
Cores Energy (nJ): 9,666,064
Route Energy (nJ): 21,198,212
Route Energy (nJ) 3D: 31,770,080
Mem Energy   (nJ): 58,061,698
Mem Energy   (nJ) 3D: 58,061,698
Avg. Power (mW): 98,730.39
Power Density (mW/mm2): 30.92

---Runtime---
Runtime in K cycles: 900.70
Microseconds: 900.70
Time per iteration (ms): 0.90

---Throughput---
GOP/s (aka OPS/ns): 1,042.74
GOP/s per core: 1.02
FLOP/s: 327.54
FLOP/s per core: 0.32
Max Peak FLOP/s: 4,096.00
Avg. BW GB/s: 6,414.14
Max BW GB/s: 16,384.00

---Traffic---
In-Die bisection_bytes BW (GB/s): 128.00
Inter-board traffic (msg/ns): 0.00, per-link: 0.00
Inter-pack traffic (msg/ns): 0.00, per-link: 0.00
Inter-die traffic (msg/ns): 228.88, per-link: 0.45
Ruche traffic (msg/ns): 356.72, per-link: 0.70
All traffic (msg/ns): 3,499.40, per-link: 3.42
Inter-die reduction wrt all: 15.29
Inter-board reduction wrt inter-die: inf

---Data Movement---
All traffic (msg): 3,151,893,619
Arith. Intensity FLOP/Loads: 0.37
Arith. Intensity FLOP/Msgs: 0.09
Arith. Intensity OPS/Loads: 1.18
Arith. Intensity OPS/Msgs: 0.30



===Core Utilization Total=== CORE-S:9;; TIME K cy:900 ;; Nodes Proc: 1,180,011 -- Edges Proc: 18,319,280

===PRINTING FRAME STATS

FCollision In Avg:107, SD:33, Max:294, Min:11
FCollision Out Avg:82, SD:63, Max:313, Min:1
FCollision End Avg:25, SD:39, Max:100, Min:0
FTask1 Avg:9, SD:10, Max:61, Min:0
FTask2 Avg:64, SD:52, Max:287, Min:0
FTask3 Avg:68, SD:11, Max:133, Min:44
FCore Active Avg:36, SD:14, Max:89, Min:12
FRouter Active Avg:86, SD:6, Max:97, Min:55
T1 invocations: 266,535
T2 invocations: 437,998
T3 invocations: 15,645,430
T3b invocations: 0
Total3 invocations: 15,645,430
Total4 invocations: 20,454

T3/T2 ratio: 36
T3b/T3 ratio: 0

T1 avg ex cycles: 35
T2 avg ex cycles: 149
T3&b avg ex cycles: 4
T4 avg ex cycles: 126
Avg. hops NOC1: 2
Avg. latency NOC1 (T2): 32,430
Avg. hops NOC2: 11
Avg. latency NOC2 (T3): 9,212

===PRINTING ACUM STATS at pu_cycles: 1,000,585

ACollision In Avg:117, SD:24, Max:251, Min:49
ACollision Out Avg:93, SD:47, Max:253, Min:15
ACollision End Avg:24, SD:23, Max:99, Min:0
ATask1 Avg:8, SD:6, Max:22, Min:0
ATask2 Avg:67, SD:36, Max:196, Min:0
ATask3 Avg:79, SD:11, Max:136, Min:55
ACore Active Avg:39, SD:10, Max:78, Min:16
ARouter Active Avg:86, SD:4, Max:94, Min:65
T1 invocations: 2,141,487
T2 invocations: 3,991,167
T3 invocations: 161,835,978
T3b invocations: 0
Total3 invocations: 161,835,978
Total4 invocations: 64,168

T3/T2 ratio: 41
T3b/T3 ratio: 0

T1 avg ex cycles: 37
T2 avg ex cycles: 171
T3&b avg ex cycles: 5
T4 avg ex cycles: 282
Avg. hops NOC1: 2
Avg. latency NOC1 (T2): 38,348
Avg. hops NOC2: 11
Avg. latency NOC2 (T3): 10,822
Number of K Nodes Processed: 9,846
Number of K Edges Processed: 163,743
Node Re-explore factor: 2.35
Edge Re-explore factor: 1.28
Nodes/cy: 10
Edges/cy: 164
TEPS: 128

---DCache---
DCache Size: 259,072
DRAM words: 0
  DHits: 0
  DMisses: 0

---Energy---
Leakage Energy (nJ): 843,019
PU Dyn E (nJ): 10,615,923
Mem Dyn E (nJ): 62,986,380
Route Dyn E (nJ): 23,343,329
Dynamic Energy (nJ): 96,945,632
Ratio of Dyn/Leak: 115
Total Energy (nJ): 97,788,651
Total Energy (nJ) 3D: 109,439,522
Cores Energy (nJ): 10,627,062
Route Energy (nJ): 23,385,629
Route Energy (nJ) 3D: 35,036,499
Mem Energy   (nJ): 63,775,961
Mem Energy   (nJ) 3D: 63,775,961
Avg. Power (mW): 97,731.48
Power Density (mW/mm2): 30.61

---Runtime---
Runtime in K cycles: 1,000.59
Microseconds: 1,000.59
Time per iteration (ms): 1.00

---Throughput---
GOP/s (aka OPS/ns): 1,030.68
GOP/s per core: 1.01
FLOP/s: 324.47
FLOP/s per core: 0.32
Max Peak FLOP/s: 4,096.00
Avg. BW GB/s: 6,341.27
Max BW GB/s: 16,384.00

---Traffic---
In-Die bisection_bytes BW (GB/s): 128.00
Inter-board traffic (msg/ns): 0.00, per-link: 0.00
Inter-pack traffic (msg/ns): 0.00, per-link: 0.00
Inter-die traffic (msg/ns): 227.95, per-link: 0.45
Ruche traffic (msg/ns): 354.92, per-link: 0.69
All traffic (msg/ns): 3,473.90, per-link: 3.39
Inter-die reduction wrt all: 15.24
Inter-board reduction wrt inter-die: inf

---Data Movement---
All traffic (msg): 3,475,933,623
Arith. Intensity FLOP/Loads: 0.37
Arith. Intensity FLOP/Msgs: 0.09
Arith. Intensity OPS/Loads: 1.18
Arith. Intensity OPS/Msgs: 0.30



===Core Utilization Total=== CORE-S:10;; TIME K cy:1,000 ;; Nodes Proc: 1,231,455 -- Edges Proc: 20,209,755

===PRINTING FRAME STATS

FCollision In Avg:102, SD:37, Max:251, Min:5
FCollision Out Avg:77, SD:64, Max:303, Min:0
FCollision End Avg:23, SD:39, Max:100, Min:0
FTask1 Avg:10, SD:11, Max:75, Min:0
FTask2 Avg:65, SD:53, Max:371, Min:0
FTask3 Avg:68, SD:11, Max:139, Min:29
FCore Active Avg:36, SD:14, Max:100, Min:12
FRouter Active Avg:86, SD:7, Max:99, Min:50
T1 invocations: 285,386
T2 invocations: 465,476
T3 invocations: 15,680,309
T3b invocations: 0
Total3 invocations: 15,680,309
Total4 invocations: 32,542

T3/T2 ratio: 34
T3b/T3 ratio: 0

T1 avg ex cycles: 35
T2 avg ex cycles: 142
T3&b avg ex cycles: 4
T4 avg ex cycles: 90
Avg. hops NOC1: 2
Avg. latency NOC1 (T2): 31,197
Avg. hops NOC2: 11
Avg. latency NOC2 (T3): 8,920

===PRINTING ACUM STATS at pu_cycles: 1,100,704

ACollision In Avg:116, SD:24, Max:251, Min:45
ACollision Out Avg:92, SD:47, Max:251, Min:14
ACollision End Avg:24, SD:23, Max:99, Min:0
ATask1 Avg:8, SD:6, Max:22, Min:0
ATask2 Avg:67, SD:35, Max:183, Min:0
ATask3 Avg:78, SD:11, Max:135, Min:54
ACore Active Avg:39, SD:10, Max:74, Min:15
ARouter Active Avg:86, SD:4, Max:94, Min:63
T1 invocations: 2,439,676
T2 invocations: 4,482,105
T3 invocations: 178,032,075
T3b invocations: 0
Total3 invocations: 178,032,075
Total4 invocations: 98,273

T3/T2 ratio: 40
T3b/T3 ratio: 0

T1 avg ex cycles: 37
T2 avg ex cycles: 168
T3&b avg ex cycles: 5
T4 avg ex cycles: 215
Avg. hops NOC1: 2
Avg. latency NOC1 (T2): 37,462
Avg. hops NOC2: 11
Avg. latency NOC2 (T3): 10,652
Number of K Nodes Processed: 10,225
Number of K Edges Processed: 179,383
Node Re-explore factor: 2.44
Edge Re-explore factor: 1.40
Nodes/cy: 9
Edges/cy: 163
TEPS: 117

---DCache---
DCache Size: 259,072
DRAM words: 0
  DHits: 0
  DMisses: 0

---Energy---
Leakage Energy (nJ): 927,372
PU Dyn E (nJ): 11,676,908
Mem Dyn E (nJ): 69,191,653
Route Dyn E (nJ): 25,693,090
Dynamic Energy (nJ): 106,561,651
Ratio of Dyn/Leak: 115
Total Energy (nJ): 107,489,023
Total Energy (nJ) 3D: 120,331,526
Cores Energy (nJ): 11,689,161
Route Energy (nJ): 25,739,622
Route Energy (nJ) 3D: 38,582,125
Mem Energy   (nJ): 70,060,240
Mem Energy   (nJ) 3D: 70,060,240
Avg. Power (mW): 97,654.79
Power Density (mW/mm2): 30.59

---Runtime---
Runtime in K cycles: 1,100.70
Microseconds: 1,100.70
Time per iteration (ms): 1.10

---Throughput---
GOP/s (aka OPS/ns): 1,029.57
GOP/s per core: 1.01
FLOP/s: 324.69
FLOP/s per core: 0.32
Max Peak FLOP/s: 4,096.00
Avg. BW GB/s: 6,332.44
Max BW GB/s: 16,384.00

---Traffic---
In-Die bisection_bytes BW (GB/s): 128.00
Inter-board traffic (msg/ns): 0.00, per-link: 0.00
Inter-pack traffic (msg/ns): 0.00, per-link: 0.00
Inter-die traffic (msg/ns): 227.50, per-link: 0.44
Ruche traffic (msg/ns): 353.72, per-link: 0.69
All traffic (msg/ns): 3,477.66, per-link: 3.40
Inter-die reduction wrt all: 15.29
Inter-board reduction wrt inter-die: inf

---Data Movement---
All traffic (msg): 3,827,874,721
Arith. Intensity FLOP/Loads: 0.37
Arith. Intensity FLOP/Msgs: 0.09
Arith. Intensity OPS/Loads: 1.18
Arith. Intensity OPS/Msgs: 0.30



===Core Utilization Total=== CORE-S:11;; TIME K cy:1,100 ;; Nodes Proc: 1,278,797 -- Edges Proc: 22,166,590

===PRINTING FRAME STATS

FCollision In Avg:100, SD:38, Max:258, Min:5
FCollision Out Avg:75, SD:63, Max:315, Min:0
FCollision End Avg:22, SD:37, Max:100, Min:0
FTask1 Avg:10, SD:11, Max:64, Min:0
FTask2 Avg:66, SD:52, Max:301, Min:0
FTask3 Avg:69, SD:12, Max:141, Min:38
FCore Active Avg:37, SD:14, Max:100, Min:13
FRouter Active Avg:87, SD:7, Max:97, Min:55
T1 invocations: 295,167
T2 invocations: 472,577
T3 invocations: 16,003,683
T3b invocations: 0
Total3 invocations: 16,003,683
Total4 invocations: 37,996

T3/T2 ratio: 34
T3b/T3 ratio: 0

T1 avg ex cycles: 35
T2 avg ex cycles: 143
T3&b avg ex cycles: 4
T4 avg ex cycles: 83
Avg. hops NOC1: 2
Avg. latency NOC1 (T2): 27,855
Avg. hops NOC2: 11
Avg. latency NOC2 (T3): 8,435

===PRINTING ACUM STATS at pu_cycles: 1,200,683

ACollision In Avg:114, SD:25, Max:252, Min:43
ACollision Out Avg:91, SD:48, Max:251, Min:13
ACollision End Avg:24, SD:24, Max:99, Min:0
ATask1 Avg:8, SD:6, Max:21, Min:0
ATask2 Avg:67, SD:34, Max:174, Min:0
ATask3 Avg:77, SD:11, Max:136, Min:54
ACore Active Avg:39, SD:10, Max:72, Min:15
ARouter Active Avg:86, SD:4, Max:94, Min:64
T1 invocations: 2,733,963
T2 invocations: 4,953,809
T3 invocations: 193,992,597
T3b invocations: 0
Total3 invocations: 193,992,597
Total4 invocations: 136,256

T3/T2 ratio: 39
T3b/T3 ratio: 0

T1 avg ex cycles: 36
T2 avg ex cycles: 166
T3&b avg ex cycles: 5
T4 avg ex cycles: 178
Avg. hops NOC1: 2
Avg. latency NOC1 (T2): 36,551
Avg. hops NOC2: 11
Avg. latency NOC2 (T3): 10,469
Number of K Nodes Processed: 10,601
Number of K Edges Processed: 195,382
Node Re-explore factor: 2.53
Edge Re-explore factor: 1.52
Nodes/cy: 9
Edges/cy: 163
TEPS: 107

---DCache---
DCache Size: 259,072
DRAM words: 0
  DHits: 0
  DMisses: 0

---Energy---
Leakage Energy (nJ): 1,011,607
PU Dyn E (nJ): 12,711,857
Mem Dyn E (nJ): 75,241,030
Route Dyn E (nJ): 27,997,605
Dynamic Energy (nJ): 115,950,493
Ratio of Dyn/Leak: 115
Total Energy (nJ): 116,962,100
Total Energy (nJ) 3D: 130,956,616
Cores Energy (nJ): 12,725,223
Route Energy (nJ): 28,048,364
Route Energy (nJ) 3D: 42,042,880
Mem Energy   (nJ): 76,188,513
Mem Energy   (nJ) 3D: 76,188,513
Avg. Power (mW): 97,412.97
Power Density (mW/mm2): 30.51

---Runtime---
Runtime in K cycles: 1,200.68
Microseconds: 1,200.68
Time per iteration (ms): 1.20

---Throughput---
GOP/s (aka OPS/ns): 1,026.86
GOP/s per core: 1.00
FLOP/s: 324.19
FLOP/s per core: 0.32
Max Peak FLOP/s: 4,096.00
Avg. BW GB/s: 6,312.76
Max BW GB/s: 16,384.00

---Traffic---
In-Die bisection_bytes BW (GB/s): 128.00
Inter-board traffic (msg/ns): 0.00, per-link: 0.00
Inter-pack traffic (msg/ns): 0.00, per-link: 0.00
Inter-die traffic (msg/ns): 227.36, per-link: 0.44
Ruche traffic (msg/ns): 353.25, per-link: 0.69
All traffic (msg/ns): 3,474.20, per-link: 3.39
Inter-die reduction wrt all: 15.28
Inter-board reduction wrt inter-die: inf

---Data Movement---
All traffic (msg): 4,171,417,609
Arith. Intensity FLOP/Loads: 0.37
Arith. Intensity FLOP/Msgs: 0.09
Arith. Intensity OPS/Loads: 1.18
Arith. Intensity OPS/Msgs: 0.30



===Core Utilization Total=== CORE-S:12;; TIME K cy:1,200 ;; Nodes Proc: 1,325,275 -- Edges Proc: 24,217,672

===PRINTING FRAME STATS

FCollision In Avg:95, SD:40, Max:268, Min:5
FCollision Out Avg:70, SD:62, Max:306, Min:0
FCollision End Avg:20, SD:36, Max:100, Min:0
FTask1 Avg:10, SD:11, Max:79, Min:0
FTask2 Avg:65, SD:51, Max:374, Min:0
FTask3 Avg:67, SD:12, Max:138, Min:23
FCore Active Avg:36, SD:13, Max:100, Min:12
FRouter Active Avg:86, SD:7, Max:99, Min:55
T1 invocations: 307,260
T2 invocations: 485,040
T3 invocations: 15,712,896
T3b invocations: 0
Total3 invocations: 15,712,896
Total4 invocations: 47,550

T3/T2 ratio: 32
T3b/T3 ratio: 0

T1 avg ex cycles: 34
T2 avg ex cycles: 137
T3&b avg ex cycles: 4
T4 avg ex cycles: 72
Avg. hops NOC1: 2
Avg. latency NOC1 (T2): 26,366
Avg. hops NOC2: 11
Avg. latency NOC2 (T3): 8,171

===PRINTING ACUM STATS at pu_cycles: 1,300,731

ACollision In Avg:113, SD:25, Max:253, Min:40
ACollision Out Avg:89, SD:48, Max:255, Min:12
ACollision End Avg:23, SD:23, Max:99, Min:0
ATask1 Avg:8, SD:5, Max:20, Min:0
ATask2 Avg:67, SD:33, Max:166, Min:0
ATask3 Avg:76, SD:11, Max:136, Min:52
ACore Active Avg:38, SD:10, Max:69, Min:15
ARouter Active Avg:86, SD:4, Max:94, Min:63
T1 invocations: 3,041,250
T2 invocations: 5,440,550
T3 invocations: 209,716,181
T3b invocations: 0
Total3 invocations: 209,716,181
Total4 invocations: 183,403

T3/T2 ratio: 39
T3b/T3 ratio: 0

T1 avg ex cycles: 36
T2 avg ex cycles: 163
T3&b avg ex cycles: 5
T4 avg ex cycles: 151
Avg. hops NOC1: 2
Avg. latency NOC1 (T2): 35,634
Avg. hops NOC2: 11
Avg. latency NOC2 (T3): 10,297
Number of K Nodes Processed: 10,949
Number of K Edges Processed: 211,014
Node Re-explore factor: 2.61
Edge Re-explore factor: 1.64
Nodes/cy: 8
Edges/cy: 162
TEPS: 99

---DCache---
DCache Size: 259,072
DRAM words: 0
  DHits: 0
  DMisses: 0

---Energy---
Leakage Energy (nJ): 1,095,900
PU Dyn E (nJ): 13,735,597
Mem Dyn E (nJ): 81,211,338
Route Dyn E (nJ): 30,273,770
Dynamic Energy (nJ): 125,220,705
Ratio of Dyn/Leak: 114
Total Energy (nJ): 126,316,605
Total Energy (nJ) 3D: 141,447,098
Cores Energy (nJ): 13,750,077
Route Energy (nJ): 30,328,758
Route Energy (nJ) 3D: 45,459,251
Mem Energy   (nJ): 82,237,771
Mem Energy   (nJ) 3D: 82,237,771
Avg. Power (mW): 97,112.01
Power Density (mW/mm2): 30.42

---Runtime---
Runtime in K cycles: 1,300.73
Microseconds: 1,300.73
Time per iteration (ms): 1.30

---Throughput---
GOP/s (aka OPS/ns): 1,023.97
GOP/s per core: 1.00
FLOP/s: 323.42
FLOP/s per core: 0.32
Max Peak FLOP/s: 4,096.00
Avg. BW GB/s: 6,289.65
Max BW GB/s: 16,384.00

---Traffic---
In-Die bisection_bytes BW (GB/s): 128.00
Inter-board traffic (msg/ns): 0.00, per-link: 0.00
Inter-pack traffic (msg/ns): 0.00, per-link: 0.00
Inter-die traffic (msg/ns): 226.91, per-link: 0.44
Ruche traffic (msg/ns): 352.77, per-link: 0.69
All traffic (msg/ns): 3,467.68, per-link: 3.39
Inter-die reduction wrt all: 15.28
Inter-board reduction wrt inter-die: inf

---Data Movement---
All traffic (msg): 4,510,520,547
Arith. Intensity FLOP/Loads: 0.37
Arith. Intensity FLOP/Msgs: 0.09
Arith. Intensity OPS/Loads: 1.18
Arith. Intensity OPS/Msgs: 0.30



===Core Utilization Total=== CORE-S:13;; TIME K cy:1,300 ;; Nodes Proc: 1,368,752 -- Edges Proc: 26,193,648

===PRINTING FRAME STATS

FCollision In Avg:92, SD:43, Max:289, Min:5
FCollision Out Avg:68, SD:62, Max:284, Min:0
FCollision End Avg:19, SD:35, Max:100, Min:0
FTask1 Avg:11, SD:12, Max:78, Min:0
FTask2 Avg:68, SD:56, Max:369, Min:0
FTask3 Avg:70, SD:12, Max:149, Min:13
FCore Active Avg:38, SD:14, Max:100, Min:14
FRouter Active Avg:87, SD:7, Max:98, Min:53
T1 invocations: 338,453
T2 invocations: 525,855
T3 invocations: 16,446,767
T3b invocations: 0
Total3 invocations: 16,446,767
Total4 invocations: 60,141

T3/T2 ratio: 31
T3b/T3 ratio: 0

T1 avg ex cycles: 34
T2 avg ex cycles: 133
T3&b avg ex cycles: 4
T4 avg ex cycles: 64
Avg. hops NOC1: 2
Avg. latency NOC1 (T2): 22,549
Avg. hops NOC2: 10
Avg. latency NOC2 (T3): 7,446

===PRINTING ACUM STATS at pu_cycles: 1,400,855

ACollision In Avg:111, SD:25, Max:252, Min:38
ACollision Out Avg:87, SD:48, Max:257, Min:11
ACollision End Avg:23, SD:23, Max:99, Min:0
ATask1 Avg:9, SD:5, Max:20, Min:0
ATask2 Avg:67, SD:32, Max:158, Min:0
ATask3 Avg:76, SD:11, Max:137, Min:50
ACore Active Avg:38, SD:9, Max:67, Min:15
ARouter Active Avg:86, SD:4, Max:94, Min:64
T1 invocations: 3,380,405
T2 invocations: 5,966,724
T3 invocations: 226,172,724
T3b invocations: 0
Total3 invocations: 226,172,724
Total4 invocations: 244,101

T3/T2 ratio: 38
T3b/T3 ratio: 0

T1 avg ex cycles: 36
T2 avg ex cycles: 160
T3&b avg ex cycles: 5
T4 avg ex cycles: 129
Avg. hops NOC1: 2
Avg. latency NOC1 (T2): 34,473
Avg. hops NOC2: 11
Avg. latency NOC2 (T3): 10,090
Number of K Nodes Processed: 11,296
Number of K Edges Processed: 227,420
Node Re-explore factor: 2.69
Edge Re-explore factor: 1.77
Nodes/cy: 8
Edges/cy: 162
TEPS: 92

---DCache---
DCache Size: 259,072
DRAM words: 0
  DHits: 0
  DMisses: 0

---Energy---
Leakage Energy (nJ): 1,180,257
PU Dyn E (nJ): 14,810,234
Mem Dyn E (nJ): 87,463,734
Route Dyn E (nJ): 32,617,899
Dynamic Energy (nJ): 134,891,868
Ratio of Dyn/Leak: 114
Total Energy (nJ): 136,072,125
Total Energy (nJ) 3D: 152,365,146
Cores Energy (nJ): 14,825,829
Route Energy (nJ): 32,677,120
Route Energy (nJ) 3D: 48,970,141
Mem Energy   (nJ): 88,569,177
Mem Energy   (nJ) 3D: 88,569,177
Avg. Power (mW): 97,135.05
Power Density (mW/mm2): 30.42

---Runtime---
Runtime in K cycles: 1,400.86
Microseconds: 1,400.86
Time per iteration (ms): 1.40

---Throughput---
GOP/s (aka OPS/ns): 1,025.32
GOP/s per core: 1.00
FLOP/s: 323.76
FLOP/s per core: 0.32
Max Peak FLOP/s: 4,096.00
Avg. BW GB/s: 6,289.80
Max BW GB/s: 16,384.00

---Traffic---
In-Die bisection_bytes BW (GB/s): 128.00
Inter-board traffic (msg/ns): 0.00, per-link: 0.00
Inter-pack traffic (msg/ns): 0.00, per-link: 0.00
Inter-die traffic (msg/ns): 226.70, per-link: 0.44
Ruche traffic (msg/ns): 353.96, per-link: 0.69
All traffic (msg/ns): 3,469.01, per-link: 3.39
Inter-die reduction wrt all: 15.30
Inter-board reduction wrt inter-die: inf

---Data Movement---
All traffic (msg): 4,859,579,481
Arith. Intensity FLOP/Loads: 0.37
Arith. Intensity FLOP/Msgs: 0.09
Arith. Intensity OPS/Loads: 1.18
Arith. Intensity OPS/Msgs: 0.30



===Core Utilization Total=== CORE-S:14;; TIME K cy:1,400 ;; Nodes Proc: 1,412,199 -- Edges Proc: 28,357,610

===PRINTING FRAME STATS

FCollision In Avg:87, SD:43, Max:242, Min:5
FCollision Out Avg:63, SD:59, Max:287, Min:0
FCollision End Avg:17, SD:33, Max:108, Min:0
FTask1 Avg:12, SD:11, Max:68, Min:0
FTask2 Avg:68, SD:55, Max:368, Min:0
FTask3 Avg:70, SD:13, Max:152, Min:30
FCore Active Avg:38, SD:14, Max:100, Min:14
FRouter Active Avg:87, SD:7, Max:99, Min:53
T1 invocations: 352,427
T2 invocations: 535,081
T3 invocations: 16,387,430
T3b invocations: 0
Total3 invocations: 16,387,430
Total4 invocations: 69,394

T3/T2 ratio: 31
T3b/T3 ratio: 0

T1 avg ex cycles: 34
T2 avg ex cycles: 129
T3&b avg ex cycles: 4
T4 avg ex cycles: 60
Avg. hops NOC1: 2
Avg. latency NOC1 (T2): 21,394
Avg. hops NOC2: 10
Avg. latency NOC2 (T3): 7,045

===PRINTING ACUM STATS at pu_cycles: 1,501,057

ACollision In Avg:110, SD:26, Max:247, Min:36
ACollision Out Avg:86, SD:48, Max:259, Min:11
ACollision End Avg:23, SD:23, Max:99, Min:0
ATask1 Avg:9, SD:5, Max:19, Min:0
ATask2 Avg:67, SD:31, Max:151, Min:0
ATask3 Avg:76, SD:11, Max:138, Min:52
ACore Active Avg:38, SD:9, Max:66, Min:15
ARouter Active Avg:86, SD:5, Max:94, Min:63
T1 invocations: 3,732,533
T2 invocations: 6,502,001
T3 invocations: 242,568,523
T3b invocations: 0
Total3 invocations: 242,568,523
Total4 invocations: 313,469

T3/T2 ratio: 37
T3b/T3 ratio: 0

T1 avg ex cycles: 36
T2 avg ex cycles: 158
T3&b avg ex cycles: 5
T4 avg ex cycles: 114
Avg. hops NOC1: 2
Avg. latency NOC1 (T2): 33,396
Avg. hops NOC2: 11
Avg. latency NOC2 (T3): 9,884
Number of K Nodes Processed: 11,629
Number of K Edges Processed: 243,653
Node Re-explore factor: 2.77
Edge Re-explore factor: 1.90
Nodes/cy: 8
Edges/cy: 162
TEPS: 85

---DCache---
DCache Size: 259,072
DRAM words: 0
  DHits: 0
  DMisses: 0

---Energy---
Leakage Energy (nJ): 1,264,680
PU Dyn E (nJ): 15,880,909
Mem Dyn E (nJ): 93,680,843
Route Dyn E (nJ): 34,940,347
Dynamic Energy (nJ): 144,502,100
Ratio of Dyn/Leak: 114
Total Energy (nJ): 145,766,780
Total Energy (nJ) 3D: 163,207,936
Cores Energy (nJ): 15,897,619
Route Energy (nJ): 35,003,803
Route Energy (nJ) 3D: 52,444,960
Mem Energy   (nJ): 94,865,357
Mem Energy   (nJ) 3D: 94,865,357
Avg. Power (mW): 97,109.42
Power Density (mW/mm2): 30.42

---Runtime---
Runtime in K cycles: 1,501.06
Microseconds: 1,501.06
Time per iteration (ms): 1.50

---Throughput---
GOP/s (aka OPS/ns): 1,026.48
GOP/s per core: 1.00
FLOP/s: 323.88
FLOP/s per core: 0.32
Max Peak FLOP/s: 4,096.00
Avg. BW GB/s: 6,287.24
Max BW GB/s: 16,384.00

---Traffic---
In-Die bisection_bytes BW (GB/s): 128.00
Inter-board traffic (msg/ns): 0.00, per-link: 0.00
Inter-pack traffic (msg/ns): 0.00, per-link: 0.00
Inter-die traffic (msg/ns): 226.29, per-link: 0.44
Ruche traffic (msg/ns): 355.11, per-link: 0.69
All traffic (msg/ns): 3,467.73, per-link: 3.39
Inter-die reduction wrt all: 15.32
Inter-board reduction wrt inter-die: inf

---Data Movement---
All traffic (msg): 5,205,253,843
Arith. Intensity FLOP/Loads: 0.37
Arith. Intensity FLOP/Msgs: 0.09
Arith. Intensity OPS/Loads: 1.19
Arith. Intensity OPS/Msgs: 0.30



===Core Utilization Total=== CORE-S:15;; TIME K cy:1,500 ;; Nodes Proc: 1,454,173 -- Edges Proc: 30,453,471

===PRINTING FRAME STATS

FCollision In Avg:81, SD:44, Max:219, Min:6
FCollision Out Avg:58, SD:57, Max:264, Min:0
FCollision End Avg:15, SD:32, Max:178, Min:0
FTask1 Avg:12, SD:11, Max:81, Min:0
FTask2 Avg:66, SD:55, Max:377, Min:0
FTask3 Avg:68, SD:12, Max:142, Min:18
FCore Active Avg:38, SD:14, Max:100, Min:13
FRouter Active Avg:86, SD:7, Max:99, Min:56
T1 invocations: 355,816
T2 invocations: 531,840
T3 invocations: 15,953,371
T3b invocations: 0
Total3 invocations: 15,953,371
Total4 invocations: 80,656

T3/T2 ratio: 30
T3b/T3 ratio: 0

T1 avg ex cycles: 34
T2 avg ex cycles: 127
T3&b avg ex cycles: 4
T4 avg ex cycles: 55
Avg. hops NOC1: 2
Avg. latency NOC1 (T2): 18,677
Avg. hops NOC2: 10
Avg. latency NOC2 (T3): 6,340

===PRINTING ACUM STATS at pu_cycles: 1,600,992

ACollision In Avg:108, SD:26, Max:242, Min:35
ACollision Out Avg:84, SD:48, Max:252, Min:10
ACollision End Avg:22, SD:23, Max:99, Min:0
ATask1 Avg:9, SD:5, Max:19, Min:0
ATask2 Avg:67, SD:29, Max:145, Min:0
ATask3 Avg:75, SD:11, Max:138, Min:51
ACore Active Avg:38, SD:9, Max:64, Min:15
ARouter Active Avg:86, SD:5, Max:94, Min:63
T1 invocations: 4,086,862
T2 invocations: 7,031,311
T3 invocations: 258,438,866
T3b invocations: 0
Total3 invocations: 258,438,866
Total4 invocations: 393,527

T3/T2 ratio: 37
T3b/T3 ratio: 0

T1 avg ex cycles: 36
T2 avg ex cycles: 156
T3&b avg ex cycles: 5
T4 avg ex cycles: 102
Avg. hops NOC1: 2
Avg. latency NOC1 (T2): 32,292
Avg. hops NOC2: 11
Avg. latency NOC2 (T3): 9,666
Number of K Nodes Processed: 11,946
Number of K Edges Processed: 259,497
Node Re-explore factor: 2.85
Edge Re-explore factor: 2.02
Nodes/cy: 7
Edges/cy: 162
TEPS: 80

---DCache---
DCache Size: 259,072
DRAM words: 0
  DHits: 0
  DMisses: 0

---Energy---
Leakage Energy (nJ): 1,348,877
PU Dyn E (nJ): 16,921,004
Mem Dyn E (nJ): 99,708,771
Route Dyn E (nJ): 37,176,883
Dynamic Energy (nJ): 153,806,658
Ratio of Dyn/Leak: 114
Total Energy (nJ): 155,155,535
Total Energy (nJ) 3D: 173,698,055
Cores Energy (nJ): 16,938,826
Route Energy (nJ): 37,244,564
Route Energy (nJ) 3D: 55,787,085
Mem Energy   (nJ): 100,972,146
Mem Energy   (nJ) 3D: 100,972,146
Avg. Power (mW): 96,912.12
Power Density (mW/mm2): 30.35

---Runtime---
Runtime in K cycles: 1,600.99
Microseconds: 1,600.99
Time per iteration (ms): 1.60

---Throughput---
GOP/s (aka OPS/ns): 1,026.06
GOP/s per core: 1.00
FLOP/s: 323.40
FLOP/s per core: 0.32
Max Peak FLOP/s: 4,096.00
Avg. BW GB/s: 6,274.15
Max BW GB/s: 16,384.00

---Traffic---
In-Die bisection_bytes BW (GB/s): 128.00
Inter-board traffic (msg/ns): 0.00, per-link: 0.00
Inter-pack traffic (msg/ns): 0.00, per-link: 0.00
Inter-die traffic (msg/ns): 225.48, per-link: 0.44
Ruche traffic (msg/ns): 355.60, per-link: 0.69
All traffic (msg/ns): 3,459.04, per-link: 3.38
Inter-die reduction wrt all: 15.34
Inter-board reduction wrt inter-die: inf

---Data Movement---
All traffic (msg): 5,537,894,788
Arith. Intensity FLOP/Loads: 0.37
Arith. Intensity FLOP/Msgs: 0.09
Arith. Intensity OPS/Loads: 1.19
Arith. Intensity OPS/Msgs: 0.30



===Core Utilization Total=== CORE-S:16;; TIME K cy:1,600 ;; Nodes Proc: 1,493,818 -- Edges Proc: 32,184,938

===PRINTING FRAME STATS

FCollision In Avg:71, SD:44, Max:273, Min:4
FCollision Out Avg:51, SD:54, Max:253, Min:0
FCollision End Avg:14, SD:31, Max:100, Min:0
FTask1 Avg:12, SD:12, Max:69, Min:0
FTask2 Avg:64, SD:55, Max:362, Min:0
FTask3 Avg:66, SD:12, Max:140, Min:22
FCore Active Avg:37, SD:14, Max:100, Min:14
FRouter Active Avg:84, SD:8, Max:99, Min:52
T1 invocations: 370,380
T2 invocations: 533,326
T3 invocations: 15,455,329
T3b invocations: 0
Total3 invocations: 15,455,329
Total4 invocations: 98,434

T3/T2 ratio: 29
T3b/T3 ratio: 0

T1 avg ex cycles: 34
T2 avg ex cycles: 122
T3&b avg ex cycles: 4
T4 avg ex cycles: 49
Avg. hops NOC1: 3
Avg. latency NOC1 (T2): 17,137
Avg. hops NOC2: 10
Avg. latency NOC2 (T3): 5,720

===PRINTING ACUM STATS at pu_cycles: 1,701,004

ACollision In Avg:106, SD:26, Max:239, Min:33
ACollision Out Avg:82, SD:47, Max:247, Min:9
ACollision End Avg:22, SD:22, Max:99, Min:0
ATask1 Avg:9, SD:5, Max:18, Min:0
ATask2 Avg:67, SD:28, Max:140, Min:0
ATask3 Avg:75, SD:11, Max:138, Min:51
ACore Active Avg:38, SD:8, Max:62, Min:16
ARouter Active Avg:86, SD:5, Max:94, Min:63
T1 invocations: 4,456,643
T2 invocations: 7,561,313
T3 invocations: 273,831,687
T3b invocations: 0
Total3 invocations: 273,831,687
Total4 invocations: 491,513

T3/T2 ratio: 36
T3b/T3 ratio: 0

T1 avg ex cycles: 36
T2 avg ex cycles: 153
T3&b avg ex cycles: 5
T4 avg ex cycles: 91
Avg. hops NOC1: 2
Avg. latency NOC1 (T2): 31,230
Avg. hops NOC2: 11
Avg. latency NOC2 (T3): 9,445
Number of K Nodes Processed: 12,239
Number of K Edges Processed: 274,804
Node Re-explore factor: 2.92
Edge Re-explore factor: 2.14
Nodes/cy: 7
Edges/cy: 162
TEPS: 75

---DCache---
DCache Size: 259,072
DRAM words: 0
  DHits: 0
  DMisses: 0

---Energy---
Leakage Energy (nJ): 1,433,140
PU Dyn E (nJ): 17,933,924
Mem Dyn E (nJ): 105,558,362
Route Dyn E (nJ): 39,325,427
Dynamic Energy (nJ): 162,817,715
Ratio of Dyn/Leak: 114
Total Energy (nJ): 164,250,855
Total Energy (nJ) 3D: 183,843,928
Cores Energy (nJ): 17,952,860
Route Energy (nJ): 39,397,337
Route Energy (nJ) 3D: 58,990,410
Mem Energy   (nJ): 106,900,659
Mem Energy   (nJ) 3D: 106,900,659
Avg. Power (mW): 96,561.12
Power Density (mW/mm2): 30.24

---Runtime---
Runtime in K cycles: 1,701.00
Microseconds: 1,701.00
Time per iteration (ms): 1.70

---Throughput---
GOP/s (aka OPS/ns): 1,024.51
GOP/s per core: 1.00
FLOP/s: 322.36
FLOP/s per core: 0.31
Max Peak FLOP/s: 4,096.00
Avg. BW GB/s: 6,251.75
Max BW GB/s: 16,384.00

---Traffic---
In-Die bisection_bytes BW (GB/s): 128.00
Inter-board traffic (msg/ns): 0.00, per-link: 0.00
Inter-pack traffic (msg/ns): 0.00, per-link: 0.00
Inter-die traffic (msg/ns): 224.15, per-link: 0.44
Ruche traffic (msg/ns): 355.80, per-link: 0.69
All traffic (msg/ns): 3,443.27, per-link: 3.36
Inter-die reduction wrt all: 15.36
Inter-board reduction wrt inter-die: inf

---Data Movement---
All traffic (msg): 5,857,024,248
Arith. Intensity FLOP/Loads: 0.37
Arith. Intensity FLOP/Msgs: 0.09
Arith. Intensity OPS/Loads: 1.19
Arith. Intensity OPS/Msgs: 0.30



===Core Utilization Total=== CORE-S:17;; TIME K cy:1,700 ;; Nodes Proc: 1,530,798 -- Edges Proc: 34,167,855

===PRINTING FRAME STATS

FCollision In Avg:60, SD:45, Max:206, Min:3
FCollision Out Avg:41, SD:49, Max:244, Min:0
FCollision End Avg:12, SD:27, Max:100, Min:0
FTask1 Avg:13, SD:12, Max:85, Min:0
FTask2 Avg:63, SD:59, Max:381, Min:0
FTask3 Avg:64, SD:12, Max:139, Min:19
FCore Active Avg:36, SD:15, Max:100, Min:14
FRouter Active Avg:83, SD:9, Max:99, Min:48
T1 invocations: 386,747
T2 invocations: 557,763
T3 invocations: 15,086,399
T3b invocations: 0
Total3 invocations: 15,086,399
Total4 invocations: 116,547

T3/T2 ratio: 27
T3b/T3 ratio: 0

T1 avg ex cycles: 33
T2 avg ex cycles: 116
T3&b avg ex cycles: 4
T4 avg ex cycles: 44
Avg. hops NOC1: 3
Avg. latency NOC1 (T2): 15,245
Avg. hops NOC2: 10
Avg. latency NOC2 (T3): 5,026

===PRINTING ACUM STATS at pu_cycles: 1,800,727

ACollision In Avg:103, SD:27, Max:235, Min:32
ACollision Out Avg:80, SD:47, Max:243, Min:9
ACollision End Avg:21, SD:22, Max:99, Min:0
ATask1 Avg:9, SD:4, Max:18, Min:0
ATask2 Avg:66, SD:26, Max:135, Min:0
ATask3 Avg:74, SD:11, Max:138, Min:50
ACore Active Avg:38, SD:8, Max:60, Min:16
ARouter Active Avg:86, SD:5, Max:94, Min:62
T1 invocations: 4,847,590
T2 invocations: 8,124,830
T3 invocations: 288,976,194
T3b invocations: 0
Total3 invocations: 288,976,194
Total4 invocations: 608,312

T3/T2 ratio: 36
T3b/T3 ratio: 0

T1 avg ex cycles: 35
T2 avg ex cycles: 151
T3&b avg ex cycles: 5
T4 avg ex cycles: 82
Avg. hops NOC1: 2
Avg. latency NOC1 (T2): 30,112
Avg. hops NOC2: 11
Avg. latency NOC2 (T3): 9,213
Number of K Nodes Processed: 12,511
Number of K Edges Processed: 289,798
Node Re-explore factor: 2.98
Edge Re-explore factor: 2.26
Nodes/cy: 7
Edges/cy: 161
TEPS: 71

---DCache---
DCache Size: 259,072
DRAM words: 0
  DHits: 0
  DMisses: 0

---Energy---
Leakage Energy (nJ): 1,517,159
PU Dyn E (nJ): 18,943,502
Mem Dyn E (nJ): 111,369,116
Route Dyn E (nJ): 41,430,592
Dynamic Energy (nJ): 171,743,210
Ratio of Dyn/Leak: 113
Total Energy (nJ): 173,260,369
Total Energy (nJ) 3D: 193,879,812
Cores Energy (nJ): 18,963,547
Route Energy (nJ): 41,506,717
Route Energy (nJ) 3D: 62,126,160
Mem Energy   (nJ): 112,790,106
Mem Energy   (nJ) 3D: 112,790,106
Avg. Power (mW): 96,216.90
Power Density (mW/mm2): 30.14

---Runtime---
Runtime in K cycles: 1,800.73
Microseconds: 1,800.73
Time per iteration (ms): 1.80

---Throughput---
GOP/s (aka OPS/ns): 1,023.49
GOP/s per core: 1.00
FLOP/s: 321.34
FLOP/s per core: 0.31
Max Peak FLOP/s: 4,096.00
Avg. BW GB/s: 6,230.67
Max BW GB/s: 16,384.00

---Traffic---
In-Die bisection_bytes BW (GB/s): 128.00
Inter-board traffic (msg/ns): 0.00, per-link: 0.00
Inter-pack traffic (msg/ns): 0.00, per-link: 0.00
Inter-die traffic (msg/ns): 222.59, per-link: 0.43
Ruche traffic (msg/ns): 356.00, per-link: 0.70
All traffic (msg/ns): 3,426.20, per-link: 3.35
Inter-die reduction wrt all: 15.39
Inter-board reduction wrt inter-die: inf

---Data Movement---
All traffic (msg): 6,169,657,101
Arith. Intensity FLOP/Loads: 0.37
Arith. Intensity FLOP/Msgs: 0.09
Arith. Intensity OPS/Loads: 1.19
Arith. Intensity OPS/Msgs: 0.30



===Core Utilization Total=== CORE-S:18;; TIME K cy:1,800 ;; Nodes Proc: 1,565,160 -- Edges Proc: 36,323,640

===PRINTING FRAME STATS

FCollision In Avg:42, SD:41, Max:233, Min:2
FCollision Out Avg:27, SD:39, Max:196, Min:0
FCollision End Avg:8, SD:21, Max:99, Min:0
FTask1 Avg:12, SD:12, Max:78, Min:0
FTask2 Avg:57, SD:56, Max:364, Min:0
FTask3 Avg:61, SD:11, Max:133, Min:14
FCore Active Avg:34, SD:14, Max:100, Min:14
FRouter Active Avg:80, SD:9, Max:98, Min:45
T1 invocations: 371,159
T2 invocations: 516,510
T3 invocations: 14,228,867
T3b invocations: 0
Total3 invocations: 14,228,867
Total4 invocations: 144,021

T3/T2 ratio: 28
T3b/T3 ratio: 0

T1 avg ex cycles: 33
T2 avg ex cycles: 113
T3&b avg ex cycles: 4
T4 avg ex cycles: 37
Avg. hops NOC1: 3
Avg. latency NOC1 (T2): 13,240
Avg. hops NOC2: 10
Avg. latency NOC2 (T3): 4,255

===PRINTING ACUM STATS at pu_cycles: 1,900,672

ACollision In Avg:100, SD:27, Max:229, Min:31
ACollision Out Avg:77, SD:46, Max:243, Min:9
ACollision End Avg:21, SD:21, Max:97, Min:0
ATask1 Avg:9, SD:4, Max:17, Min:0
ATask2 Avg:66, SD:24, Max:129, Min:0
ATask3 Avg:73, SD:11, Max:138, Min:50
ACore Active Avg:38, SD:7, Max:59, Min:16
ARouter Active Avg:86, SD:5, Max:93, Min:62
T1 invocations: 5,213,431
T2 invocations: 8,634,972
T3 invocations: 302,891,511
T3b invocations: 0
Total3 invocations: 302,891,511
Total4 invocations: 751,202

T3/T2 ratio: 35
T3b/T3 ratio: 0

T1 avg ex cycles: 35
T2 avg ex cycles: 148
T3&b avg ex cycles: 5
T4 avg ex cycles: 74
Avg. hops NOC1: 2
Avg. latency NOC1 (T2): 29,089
Avg. hops NOC2: 11
Avg. latency NOC2 (T3): 8,985
Number of K Nodes Processed: 12,759
Number of K Edges Processed: 303,731
Node Re-explore factor: 3.04
Edge Re-explore factor: 2.37
Nodes/cy: 7
Edges/cy: 160
TEPS: 68

---DCache---
DCache Size: 259,072
DRAM words: 0
  DHits: 0
  DMisses: 0

---Energy---
Leakage Energy (nJ): 1,601,366
PU Dyn E (nJ): 19,858,093
Mem Dyn E (nJ): 116,622,061
Route Dyn E (nJ): 43,315,795
Dynamic Energy (nJ): 179,795,949
Ratio of Dyn/Leak: 112
Total Energy (nJ): 181,397,315
Total Energy (nJ) 3D: 202,914,580
Cores Energy (nJ): 19,879,252
Route Energy (nJ): 43,396,145
Route Energy (nJ) 3D: 64,913,409
Mem Energy   (nJ): 118,121,919
Mem Energy   (nJ) 3D: 118,121,919
Avg. Power (mW): 95,438.52
Power Density (mW/mm2): 29.89

---Runtime---
Runtime in K cycles: 1,900.67
Microseconds: 1,900.67
Time per iteration (ms): 1.90

---Throughput---
GOP/s (aka OPS/ns): 1,017.90
GOP/s per core: 0.99
FLOP/s: 318.79
FLOP/s per core: 0.31
Max Peak FLOP/s: 4,096.00
Avg. BW GB/s: 6,181.53
Max BW GB/s: 16,384.00

---Traffic---
In-Die bisection_bytes BW (GB/s): 128.00
Inter-board traffic (msg/ns): 0.00, per-link: 0.00
Inter-pack traffic (msg/ns): 0.00, per-link: 0.00
Inter-die traffic (msg/ns): 220.16, per-link: 0.43
Ruche traffic (msg/ns): 355.39, per-link: 0.69
All traffic (msg/ns): 3,392.55, per-link: 3.31
Inter-die reduction wrt all: 15.41
Inter-board reduction wrt inter-die: inf

---Data Movement---
All traffic (msg): 6,448,117,433
Arith. Intensity FLOP/Loads: 0.37
Arith. Intensity FLOP/Msgs: 0.09
Arith. Intensity OPS/Loads: 1.19
Arith. Intensity OPS/Msgs: 0.30



===Core Utilization Total=== CORE-S:19;; TIME K cy:1,900 ;; Nodes Proc: 1,596,023 -- Edges Proc: 38,044,043
======== IT IS COLD ======= Only 53 Tiles active

===PRINTING FRAME STATS

FCollision In Avg:26, SD:29, Max:159, Min:2
FCollision Out Avg:15, SD:27, Max:129, Min:0
FCollision End Avg:5, SD:17, Max:97, Min:0
FTask1 Avg:12, SD:13, Max:89, Min:0
FTask2 Avg:57, SD:68, Max:364, Min:0
FTask3 Avg:58, SD:11, Max:140, Min:13
FCore Active Avg:33, SD:18, Max:99, Min:16
FRouter Active Avg:76, SD:10, Max:97, Min:49
T1 invocations: 362,742
T2 invocations: 514,196
T3 invocations: 13,522,306
T3b invocations: 0
Total3 invocations: 13,522,306
Total4 invocations: 161,376

T3/T2 ratio: 26
T3b/T3 ratio: 0

T1 avg ex cycles: 33
T2 avg ex cycles: 113
T3&b avg ex cycles: 4
T4 avg ex cycles: 34
Avg. hops NOC1: 3
Avg. latency NOC1 (T2): 8,272
Avg. hops NOC2: 10
Avg. latency NOC2 (T3): 2,932

===PRINTING ACUM STATS at pu_cycles: 2,000,978

ACollision In Avg:96, SD:26, Max:224, Min:29
ACollision Out Avg:74, SD:44, Max:230, Min:8
ACollision End Avg:20, SD:20, Max:94, Min:0
ATask1 Avg:10, SD:3, Max:17, Min:0
ATask2 Avg:66, SD:20, Max:124, Min:1
ATask3 Avg:73, SD:11, Max:137, Min:49
ACore Active Avg:38, SD:6, Max:57, Min:19
ARouter Active Avg:85, SD:5, Max:93, Min:62
T1 invocations: 5,583,706
T2 invocations: 9,166,482
T3 invocations: 316,681,071
T3b invocations: 0
Total3 invocations: 316,681,071
Total4 invocations: 913,386

T3/T2 ratio: 35
T3b/T3 ratio: 0

T1 avg ex cycles: 35
T2 avg ex cycles: 146
T3&b avg ex cycles: 5
T4 avg ex cycles: 67
Avg. hops NOC1: 2
Avg. latency NOC1 (T2): 27,915
Avg. hops NOC2: 10
Avg. latency NOC2 (T3): 8,723
Number of K Nodes Processed: 12,989
Number of K Edges Processed: 317,150
Node Re-explore factor: 3.10
Edge Re-explore factor: 2.47
Nodes/cy: 6
Edges/cy: 158
TEPS: 64

---DCache---
DCache Size: 259,072
DRAM words: 0
  DHits: 0
  DMisses: 0

---Energy---
Leakage Energy (nJ): 1,685,876
PU Dyn E (nJ): 20,788,846
Mem Dyn E (nJ): 121,963,267
Route Dyn E (nJ): 45,129,730
Dynamic Energy (nJ): 187,881,843
Ratio of Dyn/Leak: 111
Total Energy (nJ): 189,567,719
Total Energy (nJ) 3D: 211,943,129
Cores Energy (nJ): 20,811,121
Route Energy (nJ): 45,214,320
Route Energy (nJ) 3D: 67,589,730
Mem Energy   (nJ): 123,542,279
Mem Energy   (nJ) 3D: 123,542,279
Avg. Power (mW): 94,737.53
Power Density (mW/mm2): 29.67

---Runtime---
Runtime in K cycles: 2,000.98
Microseconds: 2,000.98
Time per iteration (ms): 2.00

---Throughput---
GOP/s (aka OPS/ns): 1,013.39
GOP/s per core: 0.99
FLOP/s: 316.70
FLOP/s per core: 0.31
Max Peak FLOP/s: 4,096.00
Avg. BW GB/s: 6,140.62
Max BW GB/s: 16,384.00

---Traffic---
In-Die bisection_bytes BW (GB/s): 128.00
Inter-board traffic (msg/ns): 0.00, per-link: 0.00
Inter-pack traffic (msg/ns): 0.00, per-link: 0.00
Inter-die traffic (msg/ns): 216.82, per-link: 0.42
Ruche traffic (msg/ns): 355.24, per-link: 0.69
All traffic (msg/ns): 3,356.55, per-link: 3.28
Inter-die reduction wrt all: 15.48
Inter-board reduction wrt inter-die: inf

---Data Movement---
All traffic (msg): 6,716,373,473
Arith. Intensity FLOP/Loads: 0.37
Arith. Intensity FLOP/Msgs: 0.09
Arith. Intensity OPS/Loads: 1.20
Arith. Intensity OPS/Msgs: 0.30



===Core Utilization Total=== CORE-S:20;; TIME K cy:2,000 ;; Nodes Proc: 1,624,628 -- Edges Proc: 39,636,386
======== IT IS COLD ======= Only 46 Tiles active

===PRINTING FRAME STATS

FCollision In Avg:12, SD:20, Max:116, Min:1
FCollision Out Avg:7, SD:19, Max:103, Min:0
FCollision End Avg:3, SD:11, Max:83, Min:0
FTask1 Avg:8, SD:12, Max:88, Min:0
FTask2 Avg:38, SD:61, Max:346, Min:0
FTask3 Avg:40, SD:8, Max:119, Min:10
FCore Active Avg:23, SD:17, Max:97, Min:11
FRouter Active Avg:58, SD:13, Max:98, Min:31
T1 invocations: 256,299
T2 invocations: 356,631
T3 invocations: 9,371,976
T3b invocations: 0
Total3 invocations: 9,371,976
Total4 invocations: 124,274

T3/T2 ratio: 26
T3b/T3 ratio: 0

T1 avg ex cycles: 33
T2 avg ex cycles: 110
T3&b avg ex cycles: 4
T4 avg ex cycles: 32
Avg. hops NOC1: 3
Avg. latency NOC1 (T2): 5,819
Avg. hops NOC2: 9
Avg. latency NOC2 (T3): 2,763

===PRINTING ACUM STATS at pu_cycles: 2,100,887

ACollision In Avg:92, SD:25, Max:216, Min:28
ACollision Out Avg:71, SD:42, Max:222, Min:8
ACollision End Avg:19, SD:19, Max:89, Min:0
ATask1 Avg:10, SD:3, Max:16, Min:0
ATask2 Avg:64, SD:18, Max:119, Min:8
ATask3 Avg:71, SD:11, Max:135, Min:48
ACore Active Avg:37, SD:6, Max:55, Min:20
ARouter Active Avg:84, SD:5, Max:92, Min:61
T1 invocations: 5,840,036
T2 invocations: 9,525,110
T3 invocations: 326,120,617
T3b invocations: 0
Total3 invocations: 326,120,617
Total4 invocations: 1,038,539

T3/T2 ratio: 34
T3b/T3 ratio: 0

T1 avg ex cycles: 35
T2 avg ex cycles: 145
T3&b avg ex cycles: 5
T4 avg ex cycles: 63
Avg. hops NOC1: 2
Avg. latency NOC1 (T2): 27,081
Avg. hops NOC2: 10
Avg. latency NOC2 (T3): 8,552
Number of K Nodes Processed: 13,142
Number of K Edges Processed: 326,274
Node Re-explore factor: 3.13
Edge Re-explore factor: 2.54
Nodes/cy: 6
Edges/cy: 155
TEPS: 61

---DCache---
DCache Size: 259,072
DRAM words: 0
  DHits: 0
  DMisses: 0

---Energy---
Leakage Energy (nJ): 1,770,052
PU Dyn E (nJ): 21,414,835
Mem Dyn E (nJ): 125,550,778
Route Dyn E (nJ): 46,301,945
Dynamic Energy (nJ): 193,267,558
Ratio of Dyn/Leak: 109
Total Energy (nJ): 195,037,610
Total Energy (nJ) 3D: 217,949,444
Cores Energy (nJ): 21,438,222
Route Energy (nJ): 46,390,759
Route Energy (nJ) 3D: 69,302,593
Mem Energy   (nJ): 127,208,629
Mem Energy   (nJ) 3D: 127,208,629
Avg. Power (mW): 92,835.84
Power Density (mW/mm2): 29.08

---Runtime---
Runtime in K cycles: 2,100.89
Microseconds: 2,100.89
Time per iteration (ms): 2.10

---Throughput---
GOP/s (aka OPS/ns): 995.19
GOP/s per core: 0.97
FLOP/s: 310.49
FLOP/s per core: 0.30
Max Peak FLOP/s: 4,096.00
Avg. BW GB/s: 6,020.68
Max BW GB/s: 16,384.00

---Traffic---
In-Die bisection_bytes BW (GB/s): 128.00
Inter-board traffic (msg/ns): 0.00, per-link: 0.00
Inter-pack traffic (msg/ns): 0.00, per-link: 0.00
Inter-die traffic (msg/ns): 211.10, per-link: 0.41
Ruche traffic (msg/ns): 350.35, per-link: 0.68
All traffic (msg/ns): 3,279.06, per-link: 3.20
Inter-die reduction wrt all: 15.53
Inter-board reduction wrt inter-die: inf

---Data Movement---
All traffic (msg): 6,888,932,816
Arith. Intensity FLOP/Loads: 0.37
Arith. Intensity FLOP/Msgs: 0.09
Arith. Intensity OPS/Loads: 1.20
Arith. Intensity OPS/Msgs: 0.30



===Core Utilization Total=== CORE-S:21;; TIME K cy:2,100 ;; Nodes Proc: 1,644,221 -- Edges Proc: 40,693,609
======== IT IS COLD ======= Only 17 Tiles active

===PRINTING FRAME STATS

FCollision In Avg:4, SD:10, Max:97, Min:0
FCollision Out Avg:3, SD:11, Max:93, Min:0
FCollision End Avg:1, SD:6, Max:63, Min:0
FTask1 Avg:4, SD:7, Max:81, Min:1
FTask2 Avg:18, SD:40, Max:347, Min:0
FTask3 Avg:19, SD:4, Max:54, Min:13
FCore Active Avg:11, SD:11, Max:93, Min:5
FRouter Active Avg:32, SD:12, Max:96, Min:12
T1 invocations: 118,255
T2 invocations: 166,765
T3 invocations: 4,505,243
T3b invocations: 0
Total3 invocations: 4,505,243
Total4 invocations: 65,870

T3/T2 ratio: 27
T3b/T3 ratio: 0

T1 avg ex cycles: 33
T2 avg ex cycles: 110
T3&b avg ex cycles: 4
T4 avg ex cycles: 30
Avg. hops NOC1: 3
Avg. latency NOC1 (T2): 4,901
Avg. hops NOC2: 9
Avg. latency NOC2 (T3): 1,853

===PRINTING ACUM STATS at pu_cycles: 2,200,313

ACollision In Avg:88, SD:24, Max:207, Min:27
ACollision Out Avg:68, SD:40, Max:212, Min:7
ACollision End Avg:18, SD:18, Max:85, Min:0
ATask1 Avg:9, SD:3, Max:15, Min:3
ATask2 Avg:62, SD:16, Max:114, Min:16
ATask3 Avg:69, SD:10, Max:131, Min:46
ACore Active Avg:36, SD:5, Max:53, Min:21
ARouter Active Avg:82, SD:5, Max:90, Min:58
T1 invocations: 5,959,486
T2 invocations: 9,692,685
T3 invocations: 330,581,264
T3b invocations: 0
Total3 invocations: 330,581,264
Total4 invocations: 1,103,927

T3/T2 ratio: 34
T3b/T3 ratio: 0

T1 avg ex cycles: 35
T2 avg ex cycles: 144
T3&b avg ex cycles: 5
T4 avg ex cycles: 61
Avg. hops NOC1: 2
Avg. latency NOC1 (T2): 26,698
Avg. hops NOC2: 10
Avg. latency NOC2 (T3): 8,461
Number of K Nodes Processed: 13,217
Number of K Edges Processed: 330,626
Node Re-explore factor: 3.15
Edge Re-explore factor: 2.58
Nodes/cy: 6
Edges/cy: 150
TEPS: 58

---DCache---
DCache Size: 259,072
DRAM words: 0
  DHits: 0
  DMisses: 0

---Energy---
Leakage Energy (nJ): 1,853,821
PU Dyn E (nJ): 21,710,287
Mem Dyn E (nJ): 127,244,275
Route Dyn E (nJ): 46,833,053
Dynamic Energy (nJ): 195,787,616
Ratio of Dyn/Leak: 106
Total Energy (nJ): 197,641,437
Total Energy (nJ) 3D: 220,787,986
Cores Energy (nJ): 21,734,781
Route Energy (nJ): 46,926,070
Route Energy (nJ) 3D: 70,072,620
Mem Energy   (nJ): 128,980,586
Mem Energy   (nJ) 3D: 128,980,586
Avg. Power (mW): 89,824.24
Power Density (mW/mm2): 28.13

---Runtime---
Runtime in K cycles: 2,200.31
Microseconds: 2,200.31
Time per iteration (ms): 2.20

---Throughput---
GOP/s (aka OPS/ns): 963.76
GOP/s per core: 0.94
FLOP/s: 300.45
FLOP/s per core: 0.29
Max Peak FLOP/s: 4,096.00
Avg. BW GB/s: 5,826.18
Max BW GB/s: 16,384.00

---Traffic---
In-Die bisection_bytes BW (GB/s): 128.00
Inter-board traffic (msg/ns): 0.00, per-link: 0.00
Inter-pack traffic (msg/ns): 0.00, per-link: 0.00
Inter-die traffic (msg/ns): 203.43, per-link: 0.40
Ruche traffic (msg/ns): 340.26, per-link: 0.66
All traffic (msg/ns): 3,166.20, per-link: 3.09
Inter-die reduction wrt all: 15.56
Inter-board reduction wrt inter-die: inf

---Data Movement---
All traffic (msg): 6,966,627,542
Arith. Intensity FLOP/Loads: 0.37
Arith. Intensity FLOP/Msgs: 0.09
Arith. Intensity OPS/Loads: 1.20
Arith. Intensity OPS/Msgs: 0.30



===Core Utilization Total=== CORE-S:22;; TIME K cy:2,200 ;; Nodes Proc: 1,653,580 -- Edges Proc: 41,110,326
======== IT IS COLD ======= Only 6 Tiles active
Epoch Done Router: 0
Epoch Done Router: 1
Epoch Done Router: 5
Epoch Done Router: 3
Epoch Done Router: 7
Epoch Done Router: 6
Epoch Done Router: 2
Epoch Done Router: 4
##EPOCH## 1 COMPLETED at Time (K cy): 2,258
Nodes processed until now: 13,234,803
Edges processed until now: 331,566,869
Program Done Worker Thread: 0
Program Done Router Thread: 3
Program Done Router Thread: 5
Program Done Router Thread: 6
Program Done Worker Thread: 4
Program Done Router Thread: 2
Program Done Router Thread: 4
Program Done Router Thread: 1
Program Done Worker Thread: 5
Program Done Worker Thread: 2
Program Done Worker Thread: 1
Program Done Worker Thread: 3
Program Done Worker Thread: 7
Program Done Router Thread: 7
Program Done Worker Thread: 6
Program Done Router Thread: 0

===PRINTING ACUM STATS at pu_cycles: 2,258,927

ACollision In Avg:86, SD:24, Max:202, Min:26
ACollision Out Avg:66, SD:39, Max:207, Min:7
ACollision End Avg:18, SD:18, Max:83, Min:0
ATask1 Avg:9, SD:3, Max:15, Min:4
ATask2 Avg:61, SD:16, Max:111, Min:24
ATask3 Avg:67, SD:10, Max:127, Min:45
ACore Active Avg:35, SD:5, Max:52, Min:21
ARouter Active Avg:80, SD:4, Max:88, Min:57
T1 invocations: 5,980,271
T2 invocations: 9,728,814
T3 invocations: 331,566,869
T3b invocations: 0
Total3 invocations: 331,566,869
Total4 invocations: 1,119,900

T3/T2 ratio: 34
T3b/T3 ratio: 0

T1 avg ex cycles: 35
T2 avg ex cycles: 144
T3&b avg ex cycles: 5
T4 avg ex cycles: 60
Avg. hops NOC1: 2
Avg. latency NOC1 (T2): 26,613
Avg. hops NOC2: 10
Avg. latency NOC2 (T3): 8,438

Runtime at program end in K cycles: 2,258
Runtime before cooldown in K cycles: 1,800


Number of K Nodes Processed: 13,234
Number of K Edges Processed: 331,566
Node Re-explore factor: 3.16
Edge Re-explore factor: 2.58
Nodes/cy: 6
Edges/cy: 147
TEPS: 57

---DCache---
DCache Size: 259,072
DRAM words: 0
  DHits: 0
  DMisses: 0

---Energy---
Leakage Energy (nJ): 1,903,205
PU Dyn E (nJ): 21,778,199
Mem Dyn E (nJ): 127,637,140
Route Dyn E (nJ): 46,952,236
Dynamic Energy (nJ): 196,367,576
Ratio of Dyn/Leak: 103
Total Energy (nJ): 198,270,781
Total Energy (nJ) 3D: 221,471,156
Cores Energy (nJ): 21,803,345
Route Energy (nJ): 47,047,731
Route Energy (nJ) 3D: 70,248,106
Mem Energy   (nJ): 129,419,705
Mem Energy   (nJ) 3D: 129,419,705
Avg. Power (mW): 87,772.11
Power Density (mW/mm2): 27.49

---Runtime---
Runtime in K cycles: 2,258.93
Microseconds: 2,258.93
Time per iteration (ms): 2.26

---Inst---
K Loads: 1,772,904
K Stores: 1,441,845
K Instructions: 2,127,236

---Throughput---
GOP/s (aka OPS/ns): 941.70
GOP/s per core: 0.92
FLOP/s: 293.56
FLOP/s per core: 0.29
Max Peak FLOP/s: 4,096.00
Avg. BW GB/s: 5,692.53
Max BW GB/s: 16,384.00

---Traffic---
In-Die bisection_bytes BW (GB/s): 128.00
Inter-board traffic (msg/ns): 0.00, per-link: 0.00
Inter-pack traffic (msg/ns): 0.00, per-link: 0.00
Inter-die traffic (msg/ns): 198.52, per-link: 0.39
Ruche traffic (msg/ns): 332.67, per-link: 0.65
All traffic (msg/ns): 3,091.80, per-link: 3.02
Inter-die reduction wrt all: 15.57
Inter-board reduction wrt inter-die: inf

---Data Movement---
All traffic (msg): 6,984,148,181
Arith. Intensity FLOP/Loads: 0.37
Arith. Intensity FLOP/Msgs: 0.09
Arith. Intensity OPS/Loads: 1.20
Arith. Intensity OPS/Msgs: 0.30

Simulation time: 316.51
Sim noc_cy/s: 7,136.96
Sim Msg/s: 22,066,057.88

Version 31

