Dataset:  Kron22/
Dry run: 0
Open Edge Count File succesfully
Edges Traversed BFS: 128309848
Found Vertices: 4194304, Edges: 128311436
avg degree 31
Array  Kron22/node_array.bin found
Malloc array of size 16777220 bytes
Readin array of size 16777216 bytes
Finished Reading Array Bytes
No reordering Array 32bit
Array  Kron22/edge_array.bin found
Malloc array of size 513245744 bytes
Readin array of size 513245744 bytes
Finished Reading Array Bytes
No reordering Array 32bit
Array  Kron22/edge_values.bin found
Malloc array of size 513245744 bytes
Readin array of size 513245744 bytes
Finished Reading Array Bytes
No reordering Array 32bit
Reading graph elapsed time: 0.371028s

Dataset Footprint: 1027 MiB
Dataset Footprint per Board: 8615.1 Mb
Dataset injection time (ms): 0.131456
Max Dataset Footprint: 1027 MiB

Dataset footprint per tile: 64 KiB
Proxys footprint per tile: 64 KiB
Reserved SRAM per tile: 41 KiB

Ideal SRAM per tile: 169 KiB
reserved_words_for_dataset:24103
dataset_words_per_tile:16432
remaining_sram_words:120518
min_dcache_sram_words_required:16432
dataset_words_per_tile:16432
min_pcache_sram_words_required:8
proxys_words_per_tile:16384
Dcache footprint ratio: 1
Pcache footprint ratio: 9
Dataset Cached: 0
DCache: 16432 words, lines: 1027, sets: 1027
Proxys Cached: 1
Pcache: 1821 words, sets: 1821
Node per tile: 256
Edge per tile: 7,832
GRID_X: 128
GRID_SIZE: 16,384
smt_per_tile: 1
noc_freq: 1
pu_freq: 1
RUCHE_X: 0
PROXY_W: 16
DIE_W: 128
DIE_H: 128
DIES: 1
BORDER_TILES_PER_DIE: 512
PACK_W: 128
PACK_H: 128
DIES_PACK_FACTOR: 1
DIES_PER_PACK: 1
PACKAGES: 1
BOARD_W: 128
BOARD_H: 128
BOARDS: 1
MUX_BUS: 1
DCACHE: 0
PCACHE: 1
PROXY_FACTOR: 8
CACHE_WAYS: 1
TORUS: 1
PHY_NOCS: 1
WIDE_NOC_ID: 0
NOC_CONF: 1
noc_width: 32
hbm_channel_bit_width: 512
ld_st_op_byte_width: 4
PROXY_ROUTING: 4
WRITE_THROUGH: 0
ASSERT_MODE: 0
GLOBAL_BARRIER: 0
OQ flits: 36 ; 192 ; 384
IQ flits: 576 ; 3,072 ; 6,144
OQ messages: 12 ; 96 ; 192
IQ messages: 192 ; 1,536 ; 3,072
max_task2 size: 64
io_factor_t2: 16
io_factor_t3: 16
io_factor_t3b: 16

Active SRAM Storage per tile: 113 KiB
Total SRAM Storage per tile: 512 KiB
Agreggated SRAM Storage: 8,192 MiB

Inter-Die #links: 4,096
Inter-Die (Gbits): 131,072
Inter-Die (Gbits/mm): 563.524
Bisection BW of Board (Gbits): 32,768
Border IO #Dies: 4
Border IO Die BW (Gbits): 16,384
Off-Board BW Total (Gbits): 65,536
Off-Board BW Density (Gbits/mm): 278
Die side: 58.15 mm
Die border wire density: 563.52 Gbits/mm
HBM wire density: 70.44 Gbits/mm

Tiles per Die: 16,384 (128x128)
Tile Area: 0.19 mm2, side: 0.44 mm
- Core/Rout Area: 0.05 mm2
- SRAM Area: 0.14 mm2
- SRAM/Logic Ratio: 2.80x

Dies per Package: 1 (1x1)
Die Area: 3,381.23 mm2, side: 58.15 mm
- Tiles Area: 3,191.28 mm2
- PHY Area: 189.96 mm2
- MC Area: 0.00 mm2

Packages per Board: 1 (1x1)
Package Area: 3,461.23 mm2, side: 58.83 mm
- IOdie Area: 80.00 mm2
- Dies Area: 3,381.23 mm2
- HBM Area: 0.00 mm2

Boards: 1 (1x1)
Board Area: 3,461.23 mm2
Total Area: 3,461.23 mm2



ESTIMATED COST OF SILICON AND PACKAGING. ONLY VARIABLE, NO FIXED COSTS
Good dies per wafer 3d: 5
Good dies per wafer 2d: 6
--Dies 3D Cost: 1,209.40 $
--Dies 2.5D Cost: 1,007.83 $
--Dies 2D Cost: 1,007.83 $
--HBM Cost: 60.00 $
--IOdie Cost: 8.44 $
--Packaging Cost 3d: 233.07 $
--Packaging Cost 2.5d: 505.18 $
--Packaging Cost 2d: 152.44 $
SiP Cost 3d: 1,510.91 $
SiP Cost 2.5d: 1,581.46 $
SiP Cost 2d: 1,168.71 $
--Board Cost: 3.46 $
Total SiPs Cost 3d: 1,514.37 $
Total SiPs Cost 2.5d: 1,584.92 $
Total SiPs Cost 2d: 1,172.18 $

Perf counters initialized
Mesh connected
Cache structures initialized
Allocated proxys
proxys initialized
Dataset structures initialized


Starting Simulation
INIT epoch: 1
INIT epoch: 1
INIT epoch: 1
INIT epoch: 1
INIT epoch: 1
INIT epoch: 1
INIT epoch: 1
INIT epoch: 1

===PRINTING FRAME STATS

FCollision In Avg:-nan, SD:-nan, Max:380, Min:6
FCollision Out Avg:-nan, SD:-nan, Max:186, Min:0
FCollision End Avg:-nan, SD:-nan, Max:72, Min:0
FTask1 Avg:-nan, SD:-nan, Max:75, Min:1
FTask2 Avg:-nan, SD:-nan, Max:97, Min:0
FTask3 Avg:-nan, SD:-nan, Max:32, Min:0
FCore Active Avg:-nan, SD:-nan, Max:100, Min:15
FRouter Active Avg:-nan, SD:-nan, Max:100, Min:46
T1 invocations: 83,166
T2 invocations: 134,542
T3 invocations: 98,503
T3b invocations: 3,430,691
Total3 invocations: 3,529,194
Total4 invocations: 0

T3/T2 ratio: 1
T3b/T3 ratio: 35

T1 avg ex cycles: 125
T2 avg ex cycles: 63
T3&b avg ex cycles: 2
T4 avg ex cycles: -nan
Avg. hops NOC1: 70
Avg. latency NOC1 (T2): 3,475
Avg. hops NOC2: 14
Avg. latency NOC2 (T3): 1,171

===PRINTING ACUM STATS at pu_cycles: 10,741

ACollision In Avg:-nan, SD:-nan, Max:380, Min:6
ACollision Out Avg:-nan, SD:-nan, Max:186, Min:0
ACollision End Avg:-nan, SD:-nan, Max:72, Min:0
ATask1 Avg:-nan, SD:-nan, Max:75, Min:1
ATask2 Avg:-nan, SD:-nan, Max:97, Min:0
ATask3 Avg:-nan, SD:-nan, Max:32, Min:0
ACore Active Avg:-nan, SD:-nan, Max:100, Min:15
ARouter Active Avg:-nan, SD:-nan, Max:100, Min:46
T1 invocations: 360,945
T2 invocations: 644,177
T3 invocations: 370,865
T3b invocations: 15,097,562
Total3 invocations: 15,468,427
Total4 invocations: 0

T3/T2 ratio: 1
T3b/T3 ratio: 41

T1 avg ex cycles: 131
T2 avg ex cycles: 63
T3&b avg ex cycles: 2
T4 avg ex cycles: -nan
Avg. hops NOC1: 48
Avg. latency NOC1 (T2): 3,600
Avg. hops NOC2: 15
Avg. latency NOC2 (T3): 1,401
Number of K Nodes Processed: 16,282
Number of K Edges Processed: 18,471
Node Re-explore factor: 3.88
Edge Re-explore factor: 0.14
Nodes/cy: 1,516
Edges/cy: 1,720
TEPS: 11,946

---Pcache---
Pcache Size: 1,821
Cached: 1
  PHits: 7,151,817
  PMisses: 8,697,108
  PHit Rate (hit/miss): 45%
  PEvictions: 1,994,733
  PEviction Rate (evict/misses): 23%

---Energy---
Leakage Energy (nJ): 13,182
PU Dyn E (nJ): 1,146,776
Mem Dyn E (nJ): 4,090,659
Route Dyn E (nJ): 1,663,688
Dynamic Energy (nJ): 6,901,123
Ratio of Dyn/Leak: 524
Total Energy (nJ): 6,914,305
Total Energy (nJ) 3D: 7,061,557
Cores Energy (nJ): 1,147,254
Route Energy (nJ): 1,663,964
Route Energy (nJ) 3D: 1,811,216
Mem Energy   (nJ): 4,103,087
Mem Energy   (nJ) 3D: 4,103,087
Avg. Power (mW): 643,730.12
Power Density (mW/mm2): 185.98

---Runtime---
Runtime in K cycles: 10.74
Microseconds: 10.74
Time per iteration (ms): 0.01

---Throughput---
GOP/s (aka OPS/ns): 11,047.89
GOP/s per core: 0.67
FLOP/s: 3,096.16
FLOP/s per core: 0.19
Max Peak FLOP/s: 16,384.00
Avg. BW GB/s: 67,519.22
Max BW GB/s: 65,536.00

---Traffic---
In-Die bisection_bytes BW (GB/s): 2,048.00
Inter-board traffic (msg/ns): 0.00, per-link: 0.00
Inter-pack traffic (msg/ns): 0.00, per-link: 0.00
Inter-die traffic (msg/ns): 0.00, per-link: 0.00
Ruche traffic (msg/ns): 0.00, per-link: 0.00
All traffic (msg/ns): 51,201.77, per-link: 3.13
Inter-die reduction wrt all: inf
Inter-board reduction wrt inter-die: -nan

---Data Movement---
All traffic (msg): 549,958,195
Arith. Intensity FLOP/Loads: 0.37
Arith. Intensity FLOP/Msgs: 0.06
Arith. Intensity OPS/Loads: 1.31
Arith. Intensity OPS/Msgs: 0.22



===Core Utilization Total=== CORE-S:1;; TIME K cy:10 ;; Nodes Proc: 2,089,099 -- Edges Proc: 2,321,067

===PRINTING FRAME STATS

FCollision In Avg:191, SD:63, Max:352, Min:1
FCollision Out Avg:113, SD:41, Max:249, Min:0
FCollision End Avg:3, SD:14, Max:101, Min:0
FTask1 Avg:5, SD:7, Max:50, Min:0
FTask2 Avg:22, SD:24, Max:100, Min:0
FTask3 Avg:26, SD:7, Max:65, Min:0
FCore Active Avg:53, SD:23, Max:100, Min:19
FRouter Active Avg:92, SD:6, Max:101, Min:60
T1 invocations: 18,770
T2 invocations: 124,809
T3 invocations: 207,541
T3b invocations: 5,164,522
Total3 invocations: 5,372,063
Total4 invocations: 0

T3/T2 ratio: 2
T3b/T3 ratio: 25

T1 avg ex cycles: 103
T2 avg ex cycles: 72
T3&b avg ex cycles: 2
T4 avg ex cycles: -nan
Avg. hops NOC1: 23
Avg. latency NOC1 (T2): 10,382
Avg. hops NOC2: 14
Avg. latency NOC2 (T3): 1,107

===PRINTING ACUM STATS at pu_cycles: 20,712

ACollision In Avg:192, SD:59, Max:343, Min:8
ACollision Out Avg:104, SD:37, Max:209, Min:0
ACollision End Avg:2, SD:10, Max:85, Min:0
ATask1 Avg:15, SD:8, Max:50, Min:1
ATask2 Avg:21, SD:19, Max:91, Min:0
ATask3 Avg:22, SD:5, Max:44, Min:0
ACore Active Avg:58, SD:19, Max:100, Min:19
ARouter Active Avg:91, SD:6, Max:100, Min:60
T1 invocations: 454,079
T2 invocations: 1,227,643
T3 invocations: 1,221,657
T3b invocations: 38,169,834
Total3 invocations: 39,391,491
Total4 invocations: 0

T3/T2 ratio: 1
T3b/T3 ratio: 31

T1 avg ex cycles: 125
T2 avg ex cycles: 67
T3&b avg ex cycles: 2
T4 avg ex cycles: -nan
Avg. hops NOC1: 33
Avg. latency NOC1 (T2): 6,772
Avg. hops NOC2: 14
Avg. latency NOC2 (T3): 1,445
Number of K Nodes Processed: 40,210
Number of K Edges Processed: 37,086
Node Re-explore factor: 9.59
Edge Re-explore factor: 0.29
Nodes/cy: 1,941
Edges/cy: 1,791
TEPS: 6,195

---Pcache---
Pcache Size: 1,821
Cached: 1
  PHits: 19,813,105
  PMisses: 19,044,792
  PHit Rate (hit/miss): 51%
  PEvictions: 7,509,945
  PEviction Rate (evict/misses): 39%

---Energy---
Leakage Energy (nJ): 25,419
PU Dyn E (nJ): 2,376,107
Mem Dyn E (nJ): 9,224,487
Route Dyn E (nJ): 3,719,376
Dynamic Energy (nJ): 15,319,970
Ratio of Dyn/Leak: 603
Total Energy (nJ): 15,345,389
Total Energy (nJ) 3D: 15,674,588
Cores Energy (nJ): 2,377,029
Route Energy (nJ): 3,719,907
Route Energy (nJ) 3D: 4,049,106
Mem Energy   (nJ): 9,248,453
Mem Energy   (nJ) 3D: 9,248,453
Avg. Power (mW): 740,893.66
Power Density (mW/mm2): 214.05

---Runtime---
Runtime in K cycles: 20.71
Microseconds: 20.71
Time per iteration (ms): 0.02

---Throughput---
GOP/s (aka OPS/ns): 10,524.07
GOP/s per core: 0.64
FLOP/s: 3,663.60
FLOP/s per core: 0.22
Max Peak FLOP/s: 16,384.00
Avg. BW GB/s: 78,396.72
Max BW GB/s: 65,536.00

---Traffic---
In-Die bisection_bytes BW (GB/s): 2,048.00
Inter-board traffic (msg/ns): 0.00, per-link: 0.00
Inter-pack traffic (msg/ns): 0.00, per-link: 0.00
Inter-die traffic (msg/ns): 0.00, per-link: 0.00
Ruche traffic (msg/ns): 0.00, per-link: 0.00
All traffic (msg/ns): 59,795.29, per-link: 3.65
Inter-die reduction wrt all: inf
Inter-board reduction wrt inter-die: -nan

---Data Movement---
All traffic (msg): 1,238,479,989
Arith. Intensity FLOP/Loads: 0.37
Arith. Intensity FLOP/Msgs: 0.06
Arith. Intensity OPS/Loads: 1.08
Arith. Intensity OPS/Msgs: 0.18



===Core Utilization Total=== CORE-S:2;; TIME K cy:20 ;; Nodes Proc: 5,061,766 -- Edges Proc: 4,638,763

===PRINTING FRAME STATS

FCollision In Avg:171, SD:67, Max:405, Min:2
FCollision Out Avg:104, SD:48, Max:271, Min:0
FCollision End Avg:2, SD:14, Max:101, Min:0
FTask1 Avg:4, SD:8, Max:64, Min:0
FTask2 Avg:18, SD:22, Max:100, Min:0
FTask3 Avg:26, SD:9, Max:74, Min:0
FCore Active Avg:50, SD:24, Max:100, Min:17
FRouter Active Avg:92, SD:6, Max:101, Min:65
T1 invocations: 17,996
T2 invocations: 102,473
T3 invocations: 255,876
T3b invocations: 5,111,068
Total3 invocations: 5,366,944
Total4 invocations: 0

T3/T2 ratio: 2
T3b/T3 ratio: 20

T1 avg ex cycles: 102
T2 avg ex cycles: 72
T3&b avg ex cycles: 2
T4 avg ex cycles: -nan
Avg. hops NOC1: 31
Avg. latency NOC1 (T2): 14,165
Avg. hops NOC2: 13
Avg. latency NOC2 (T3): 1,640

===PRINTING ACUM STATS at pu_cycles: 30,708

ACollision In Avg:185, SD:59, Max:349, Min:8
ACollision Out Avg:103, SD:38, Max:219, Min:0
ACollision End Avg:2, SD:11, Max:89, Min:0
ATask1 Avg:11, SD:6, Max:34, Min:0
ATask2 Avg:20, SD:17, Max:63, Min:0
ATask3 Avg:23, SD:3, Max:46, Min:8
ACore Active Avg:55, SD:19, Max:100, Min:19
ARouter Active Avg:91, SD:6, Max:100, Min:64
T1 invocations: 531,427
T2 invocations: 1,709,248
T3 invocations: 2,330,740
T3b invocations: 61,509,434
Total3 invocations: 63,840,174
Total4 invocations: 0

T3/T2 ratio: 1
T3b/T3 ratio: 26

T1 avg ex cycles: 122
T2 avg ex cycles: 69
T3&b avg ex cycles: 2
T4 avg ex cycles: -nan
Avg. hops NOC1: 29
Avg. latency NOC1 (T2): 9,045
Avg. hops NOC2: 14
Avg. latency NOC2 (T3): 1,800
Number of K Nodes Processed: 64,693
Number of K Edges Processed: 52,559
Node Re-explore factor: 15.42
Edge Re-explore factor: 0.41
Nodes/cy: 2,107
Edges/cy: 1,712
TEPS: 4,178

---Pcache---
Pcache Size: 1,821
Cached: 1
  PHits: 32,936,842
  PMisses: 29,232,219
  PHit Rate (hit/miss): 53%
  PEvictions: 14,080,864
  PEviction Rate (evict/misses): 48%

---Energy---
Leakage Energy (nJ): 37,687
PU Dyn E (nJ): 3,523,024
Mem Dyn E (nJ): 14,147,126
Route Dyn E (nJ): 5,708,009
Dynamic Energy (nJ): 23,378,160
Ratio of Dyn/Leak: 620
Total Energy (nJ): 23,415,847
Total Energy (nJ) 3D: 23,921,058
Cores Energy (nJ): 3,524,392
Route Energy (nJ): 5,708,797
Route Energy (nJ) 3D: 6,214,008
Mem Energy   (nJ): 14,182,659
Mem Energy   (nJ) 3D: 14,182,659
Avg. Power (mW): 762,532.48
Power Density (mW/mm2): 220.31

---Runtime---
Runtime in K cycles: 30.71
Microseconds: 30.71
Time per iteration (ms): 0.03

---Throughput---
GOP/s (aka OPS/ns): 10,080.58
GOP/s per core: 0.62
FLOP/s: 3,774.76
FLOP/s per core: 0.23
Max Peak FLOP/s: 16,384.00
Avg. BW GB/s: 80,781.02
Max BW GB/s: 65,536.00

---Traffic---
In-Die bisection_bytes BW (GB/s): 2,048.00
Inter-board traffic (msg/ns): 0.00, per-link: 0.00
Inter-pack traffic (msg/ns): 0.00, per-link: 0.00
Inter-die traffic (msg/ns): 0.00, per-link: 0.00
Ruche traffic (msg/ns): 0.00, per-link: 0.00
All traffic (msg/ns): 62,098.04, per-link: 3.79
Inter-die reduction wrt all: inf
Inter-board reduction wrt inter-die: -nan

---Data Movement---
All traffic (msg): 1,906,906,532
Arith. Intensity FLOP/Loads: 0.37
Arith. Intensity FLOP/Msgs: 0.06
Arith. Intensity OPS/Loads: 1.00
Arith. Intensity OPS/Msgs: 0.16



===Core Utilization Total=== CORE-S:3;; TIME K cy:30 ;; Nodes Proc: 8,054,867 -- Edges Proc: 6,503,898

===PRINTING FRAME STATS

FCollision In Avg:160, SD:71, Max:376, Min:0
FCollision Out Avg:99, SD:50, Max:270, Min:0
FCollision End Avg:2, SD:12, Max:101, Min:0
FTask1 Avg:4, SD:8, Max:72, Min:0
FTask2 Avg:17, SD:22, Max:100, Min:0
FTask3 Avg:27, SD:10, Max:93, Min:0
FCore Active Avg:51, SD:24, Max:100, Min:8
FRouter Active Avg:95, SD:4, Max:101, Min:72
T1 invocations: 15,513
T2 invocations: 96,039
T3 invocations: 327,325
T3b invocations: 5,298,077
Total3 invocations: 5,625,402
Total4 invocations: 0

T3/T2 ratio: 3
T3b/T3 ratio: 16

T1 avg ex cycles: 100
T2 avg ex cycles: 73
T3&b avg ex cycles: 2
T4 avg ex cycles: -nan
Avg. hops NOC1: 30
Avg. latency NOC1 (T2): 16,890
Avg. hops NOC2: 14
Avg. latency NOC2 (T3): 1,132

===PRINTING ACUM STATS at pu_cycles: 40,746

ACollision In Avg:179, SD:58, Max:332, Min:10
ACollision Out Avg:102, SD:39, Max:226, Min:0
ACollision End Avg:2, SD:11, Max:92, Min:0
ATask1 Avg:10, SD:4, Max:32, Min:0
ATask2 Avg:19, SD:15, Max:48, Min:0
ATask3 Avg:24, SD:4, Max:42, Min:11
ACore Active Avg:54, SD:17, Max:99, Min:19
ARouter Active Avg:92, SD:5, Max:100, Min:71
T1 invocations: 596,503
T2 invocations: 2,134,303
T3 invocations: 3,710,486
T3b invocations: 85,106,707
Total3 invocations: 88,817,193
Total4 invocations: 0

T3/T2 ratio: 2
T3b/T3 ratio: 23

T1 avg ex cycles: 119
T2 avg ex cycles: 70
T3&b avg ex cycles: 2
T4 avg ex cycles: -nan
Avg. hops NOC1: 28
Avg. latency NOC1 (T2): 10,979
Avg. hops NOC2: 14
Avg. latency NOC2 (T3): 1,691
Number of K Nodes Processed: 89,687
Number of K Edges Processed: 66,592
Node Re-explore factor: 21.38
Edge Re-explore factor: 0.52
Nodes/cy: 2,201
Edges/cy: 1,634
TEPS: 3,149

---Pcache---
Pcache Size: 1,821
Cached: 1
  PHits: 45,334,559
  PMisses: 40,400,172
  PHit Rate (hit/miss): 53%
  PEvictions: 21,029,010
  PEviction Rate (evict/misses): 52%

---Energy---
Leakage Energy (nJ): 50,007
PU Dyn E (nJ): 4,634,022
Mem Dyn E (nJ): 18,996,310
Route Dyn E (nJ): 7,846,685
Dynamic Energy (nJ): 31,477,018
Ratio of Dyn/Leak: 629
Total Energy (nJ): 31,527,025
Total Energy (nJ) 3D: 32,221,528
Cores Energy (nJ): 4,635,837
Route Energy (nJ): 7,847,730
Route Energy (nJ) 3D: 8,542,233
Mem Energy   (nJ): 19,043,458
Mem Energy   (nJ) 3D: 19,043,458
Avg. Power (mW): 773,745.27
Power Density (mW/mm2): 223.55

---Runtime---
Runtime in K cycles: 40.75
Microseconds: 40.75
Time per iteration (ms): 0.04

---Throughput---
GOP/s (aka OPS/ns): 9,751.89
GOP/s per core: 0.60
FLOP/s: 3,802.22
FLOP/s per core: 0.23
Max Peak FLOP/s: 16,384.00
Avg. BW GB/s: 81,540.49
Max BW GB/s: 65,536.00

---Traffic---
In-Die bisection_bytes BW (GB/s): 2,048.00
Inter-board traffic (msg/ns): 0.00, per-link: 0.00
Inter-pack traffic (msg/ns): 0.00, per-link: 0.00
Inter-die traffic (msg/ns): 0.00, per-link: 0.00
Ruche traffic (msg/ns): 0.00, per-link: 0.00
All traffic (msg/ns): 64,370.85, per-link: 3.93
Inter-die reduction wrt all: inf
Inter-board reduction wrt inter-die: -nan

---Data Movement---
All traffic (msg): 2,622,854,492
Arith. Intensity FLOP/Loads: 0.37
Arith. Intensity FLOP/Msgs: 0.06
Arith. Intensity OPS/Loads: 0.96
Arith. Intensity OPS/Msgs: 0.15



===Core Utilization Total=== CORE-S:4;; TIME K cy:40 ;; Nodes Proc: 11,109,331 -- Edges Proc: 8,234,656

===PRINTING FRAME STATS

FCollision In Avg:152, SD:72, Max:411, Min:2
FCollision Out Avg:95, SD:50, Max:264, Min:0
FCollision End Avg:1, SD:11, Max:101, Min:0
FTask1 Avg:4, SD:8, Max:94, Min:0
FTask2 Avg:17, SD:23, Max:100, Min:0
FTask3 Avg:28, SD:11, Max:91, Min:0
FCore Active Avg:52, SD:24, Max:100, Min:11
FRouter Active Avg:96, SD:5, Max:101, Min:53
T1 invocations: 15,670
T2 invocations: 93,362
T3 invocations: 385,349
T3b invocations: 5,425,767
Total3 invocations: 5,811,116
Total4 invocations: 0

T3/T2 ratio: 4
T3b/T3 ratio: 14

T1 avg ex cycles: 106
T2 avg ex cycles: 75
T3&b avg ex cycles: 2
T4 avg ex cycles: -nan
Avg. hops NOC1: 34
Avg. latency NOC1 (T2): 17,777
Avg. hops NOC2: 14
Avg. latency NOC2 (T3): 1,221

===PRINTING ACUM STATS at pu_cycles: 50,722

ACollision In Avg:173, SD:58, Max:325, Min:11
ACollision Out Avg:101, SD:39, Max:233, Min:0
ACollision End Avg:2, SD:10, Max:93, Min:0
ATask1 Avg:8, SD:4, Max:44, Min:0
ATask2 Avg:19, SD:12, Max:38, Min:0
ATask3 Avg:25, SD:4, Max:39, Min:13
ACore Active Avg:54, SD:16, Max:94, Min:21
ARouter Active Avg:93, SD:4, Max:100, Min:75
T1 invocations: 653,836
T2 invocations: 2,544,253
T3 invocations: 5,355,474
T3b invocations: 108,423,603
Total3 invocations: 113,779,077
Total4 invocations: 0

T3/T2 ratio: 2
T3b/T3 ratio: 20

T1 avg ex cycles: 118
T2 avg ex cycles: 71
T3&b avg ex cycles: 2
T4 avg ex cycles: -nan
Avg. hops NOC1: 27
Avg. latency NOC1 (T2): 12,642
Avg. hops NOC2: 14
Avg. latency NOC2 (T3): 1,592
Number of K Nodes Processed: 114,621
Number of K Edges Processed: 80,187
Node Re-explore factor: 27.33
Edge Re-explore factor: 0.62
Nodes/cy: 2,260
Edges/cy: 1,581
TEPS: 2,530

---Pcache---
Pcache Size: 1,821
Cached: 1
  PHits: 56,766,591
  PMisses: 52,224,122
  PHit Rate (hit/miss): 52%
  PEvictions: 27,391,246
  PEviction Rate (evict/misses): 52%

---Energy---
Leakage Energy (nJ): 62,250
PU Dyn E (nJ): 5,729,896
Mem Dyn E (nJ): 23,796,954
Route Dyn E (nJ): 10,090,394
Dynamic Energy (nJ): 39,617,244
Ratio of Dyn/Leak: 636
Total Energy (nJ): 39,679,494
Total Energy (nJ) 3D: 40,572,586
Cores Energy (nJ): 5,732,155
Route Energy (nJ): 10,091,695
Route Energy (nJ) 3D: 10,984,787
Mem Energy   (nJ): 23,855,645
Mem Energy   (nJ) 3D: 23,855,645
Avg. Power (mW): 782,293.57
Power Density (mW/mm2): 226.02

---Runtime---
Runtime in K cycles: 50.72
Microseconds: 50.72
Time per iteration (ms): 0.05

---Throughput---
GOP/s (aka OPS/ns): 9,533.93
GOP/s per core: 0.58
FLOP/s: 3,814.86
FLOP/s per core: 0.23
Max Peak FLOP/s: 16,384.00
Avg. BW GB/s: 81,939.25
Max BW GB/s: 65,536.00

---Traffic---
In-Die bisection_bytes BW (GB/s): 2,048.00
Inter-board traffic (msg/ns): 0.00, per-link: 0.00
Inter-pack traffic (msg/ns): 0.00, per-link: 0.00
Inter-die traffic (msg/ns): 0.00, per-link: 0.00
Ruche traffic (msg/ns): 0.00, per-link: 0.00
All traffic (msg/ns): 66,467.65, per-link: 4.06
Inter-die reduction wrt all: inf
Inter-board reduction wrt inter-die: -nan

---Data Movement---
All traffic (msg): 3,371,372,106
Arith. Intensity FLOP/Loads: 0.37
Arith. Intensity FLOP/Msgs: 0.06
Arith. Intensity OPS/Loads: 0.93
Arith. Intensity OPS/Msgs: 0.14



===Core Utilization Total=== CORE-S:5;; TIME K cy:50 ;; Nodes Proc: 14,121,276 -- Edges Proc: 9,921,411

===PRINTING FRAME STATS

FCollision In Avg:142, SD:71, Max:390, Min:6
FCollision Out Avg:87, SD:51, Max:219, Min:0
FCollision End Avg:1, SD:9, Max:101, Min:0
FTask1 Avg:4, SD:8, Max:65, Min:0
FTask2 Avg:17, SD:23, Max:100, Min:0
FTask3 Avg:30, SD:11, Max:83, Min:0
FCore Active Avg:55, SD:23, Max:100, Min:6
FRouter Active Avg:97, SD:4, Max:101, Min:62
T1 invocations: 16,144
T2 invocations: 95,291
T3 invocations: 434,124
T3b invocations: 5,644,171
Total3 invocations: 6,078,295
Total4 invocations: 0

T3/T2 ratio: 5
T3b/T3 ratio: 13

T1 avg ex cycles: 106
T2 avg ex cycles: 74
T3&b avg ex cycles: 2
T4 avg ex cycles: -nan
Avg. hops NOC1: 31
Avg. latency NOC1 (T2): 18,763
Avg. hops NOC2: 14
Avg. latency NOC2 (T3): 1,418

===PRINTING ACUM STATS at pu_cycles: 60,774

ACollision In Avg:168, SD:56, Max:324, Min:16
ACollision Out Avg:98, SD:38, Max:227, Min:0
ACollision End Avg:2, SD:9, Max:93, Min:0
ATask1 Avg:8, SD:3, Max:40, Min:0
ATask2 Avg:19, SD:10, Max:32, Min:0
ATask3 Avg:26, SD:4, Max:42, Min:13
ACore Active Avg:54, SD:14, Max:90, Min:21
ARouter Active Avg:93, SD:4, Max:100, Min:77
T1 invocations: 705,170
T2 invocations: 2,944,681
T3 invocations: 7,153,894
T3b invocations: 131,826,063
Total3 invocations: 138,979,957
Total4 invocations: 0

T3/T2 ratio: 2
T3b/T3 ratio: 18

T1 avg ex cycles: 117
T2 avg ex cycles: 71
T3&b avg ex cycles: 2
T4 avg ex cycles: -nan
Avg. hops NOC1: 26
Avg. latency NOC1 (T2): 14,055
Avg. hops NOC2: 14
Avg. latency NOC2 (T3): 1,555
Number of K Nodes Processed: 139,906
Number of K Edges Processed: 93,583
Node Re-explore factor: 33.36
Edge Re-explore factor: 0.73
Nodes/cy: 2,302
Edges/cy: 1,540
TEPS: 2,111

---Pcache---
Pcache Size: 1,821
Cached: 1
  PHits: 67,895,448
  PMisses: 64,546,970
  PHit Rate (hit/miss): 51%
  PEvictions: 33,452,112
  PEviction Rate (evict/misses): 52%

---Energy---
Leakage Energy (nJ): 74,587
PU Dyn E (nJ): 6,823,565
Mem Dyn E (nJ): 28,608,316
Route Dyn E (nJ): 12,372,359
Dynamic Energy (nJ): 47,804,241
Ratio of Dyn/Leak: 641
Total Energy (nJ): 47,878,828
Total Energy (nJ) 3D: 48,973,894
Cores Energy (nJ): 6,826,271
Route Energy (nJ): 12,373,918
Route Energy (nJ) 3D: 13,468,984
Mem Energy   (nJ): 28,678,639
Mem Energy   (nJ) 3D: 28,678,639
Avg. Power (mW): 787,817.62
Power Density (mW/mm2): 227.61

---Runtime---
Runtime in K cycles: 60.77
Microseconds: 60.77
Time per iteration (ms): 0.06

---Throughput---
GOP/s (aka OPS/ns): 9,366.51
GOP/s per core: 0.57
FLOP/s: 3,818.91
FLOP/s per core: 0.23
Max Peak FLOP/s: 16,384.00
Avg. BW GB/s: 82,126.00
Max BW GB/s: 65,536.00

---Traffic---
In-Die bisection_bytes BW (GB/s): 2,048.00
Inter-board traffic (msg/ns): 0.00, per-link: 0.00
Inter-pack traffic (msg/ns): 0.00, per-link: 0.00
Inter-die traffic (msg/ns): 0.00, per-link: 0.00
Ruche traffic (msg/ns): 0.00, per-link: 0.00
All traffic (msg/ns): 67,993.38, per-link: 4.15
Inter-die reduction wrt all: inf
Inter-board reduction wrt inter-die: -nan

---Data Movement---
All traffic (msg): 4,132,229,512
Arith. Intensity FLOP/Loads: 0.37
Arith. Intensity FLOP/Msgs: 0.06
Arith. Intensity OPS/Loads: 0.91
Arith. Intensity OPS/Msgs: 0.14



===Core Utilization Total=== CORE-S:6;; TIME K cy:60 ;; Nodes Proc: 17,256,018 -- Edges Proc: 11,572,635

===PRINTING FRAME STATS

FCollision In Avg:133, SD:71, Max:396, Min:2
FCollision Out Avg:79, SD:50, Max:239, Min:0
FCollision End Avg:1, SD:8, Max:101, Min:0
FTask1 Avg:3, SD:8, Max:60, Min:0
FTask2 Avg:16, SD:23, Max:100, Min:0
FTask3 Avg:30, SD:12, Max:88, Min:0
FCore Active Avg:53, SD:22, Max:100, Min:6
FRouter Active Avg:97, SD:4, Max:101, Min:71
T1 invocations: 12,048
T2 invocations: 85,933
T3 invocations: 476,108
T3b invocations: 5,685,724
Total3 invocations: 6,161,832
Total4 invocations: 0

T3/T2 ratio: 6
T3b/T3 ratio: 12

T1 avg ex cycles: 108
T2 avg ex cycles: 77
T3&b avg ex cycles: 2
T4 avg ex cycles: -nan
Avg. hops NOC1: 28
Avg. latency NOC1 (T2): 19,372
Avg. hops NOC2: 14
Avg. latency NOC2 (T3): 1,456

===PRINTING ACUM STATS at pu_cycles: 70,754

ACollision In Avg:163, SD:55, Max:327, Min:20
ACollision Out Avg:96, SD:38, Max:207, Min:4
ACollision End Avg:2, SD:9, Max:94, Min:0
ATask1 Avg:7, SD:2, Max:37, Min:0
ATask2 Avg:18, SD:9, Max:27, Min:0
ATask3 Avg:26, SD:4, Max:43, Min:14
ACore Active Avg:54, SD:13, Max:84, Min:21
ARouter Active Avg:94, SD:4, Max:100, Min:76
T1 invocations: 746,383
T2 invocations: 3,288,542
T3 invocations: 9,069,239
T3b invocations: 154,267,969
Total3 invocations: 163,337,208
Total4 invocations: 0

T3/T2 ratio: 3
T3b/T3 ratio: 17

T1 avg ex cycles: 116
T2 avg ex cycles: 72
T3&b avg ex cycles: 2
T4 avg ex cycles: -nan
Avg. hops NOC1: 25
Avg. latency NOC1 (T2): 14,978
Avg. hops NOC2: 14
Avg. latency NOC2 (T3): 1,555
Number of K Nodes Processed: 164,180
Number of K Edges Processed: 105,120
Node Re-explore factor: 39.14
Edge Re-explore factor: 0.82
Nodes/cy: 2,320
Edges/cy: 1,486
TEPS: 1,813

---Pcache---
Pcache Size: 1,821
Cached: 1
  PHits: 78,034,962
  PMisses: 76,744,559
  PHit Rate (hit/miss): 50%
  PEvictions: 38,988,948
  PEviction Rate (evict/misses): 51%

---Energy---
Leakage Energy (nJ): 86,835
PU Dyn E (nJ): 7,839,770
Mem Dyn E (nJ): 33,132,922
Route Dyn E (nJ): 14,561,443
Dynamic Energy (nJ): 55,534,135
Ratio of Dyn/Leak: 640
Total Energy (nJ): 55,620,970
Total Energy (nJ) 3D: 56,909,790
Cores Energy (nJ): 7,842,921
Route Energy (nJ): 14,563,257
Route Energy (nJ) 3D: 15,852,077
Mem Energy   (nJ): 33,214,793
Mem Energy   (nJ) 3D: 33,214,793
Avg. Power (mW): 786,117.68
Power Density (mW/mm2): 227.12

---Runtime---
Runtime in K cycles: 70.75
Microseconds: 70.75
Time per iteration (ms): 0.07

---Throughput---
GOP/s (aka OPS/ns): 9,162.88
GOP/s per core: 0.56
FLOP/s: 3,788.92
FLOP/s per core: 0.23
Max Peak FLOP/s: 16,384.00
Avg. BW GB/s: 81,625.03
Max BW GB/s: 65,536.00

---Traffic---
In-Die bisection_bytes BW (GB/s): 2,048.00
Inter-board traffic (msg/ns): 0.00, per-link: 0.00
Inter-pack traffic (msg/ns): 0.00, per-link: 0.00
Inter-die traffic (msg/ns): 0.00, per-link: 0.00
Ruche traffic (msg/ns): 0.00, per-link: 0.00
All traffic (msg/ns): 68,722.07, per-link: 4.19
Inter-die reduction wrt all: inf
Inter-board reduction wrt inter-die: -nan

---Data Movement---
All traffic (msg): 4,862,361,449
Arith. Intensity FLOP/Loads: 0.37
Arith. Intensity FLOP/Msgs: 0.06
Arith. Intensity OPS/Loads: 0.90
Arith. Intensity OPS/Msgs: 0.13



===Core Utilization Total=== CORE-S:7;; TIME K cy:70 ;; Nodes Proc: 20,245,832 -- Edges Proc: 13,041,889

===PRINTING FRAME STATS

FCollision In Avg:119, SD:64, Max:362, Min:2
FCollision Out Avg:68, SD:44, Max:213, Min:0
FCollision End Avg:1, SD:7, Max:100, Min:0
FTask1 Avg:3, SD:8, Max:95, Min:0
FTask2 Avg:14, SD:23, Max:100, Min:0
FTask3 Avg:29, SD:11, Max:82, Min:0
FCore Active Avg:51, SD:21, Max:100, Min:2
FRouter Active Avg:96, SD:5, Max:101, Min:63
T1 invocations: 10,614
T2 invocations: 74,944
T3 invocations: 497,732
T3b invocations: 5,397,348
Total3 invocations: 5,895,080
Total4 invocations: 0

T3/T2 ratio: 7
T3b/T3 ratio: 11

T1 avg ex cycles: 112
T2 avg ex cycles: 78
T3&b avg ex cycles: 2
T4 avg ex cycles: -nan
Avg. hops NOC1: 29
Avg. latency NOC1 (T2): 20,252
Avg. hops NOC2: 15
Avg. latency NOC2 (T3): 1,491

===PRINTING ACUM STATS at pu_cycles: 80,707

ACollision In Avg:158, SD:53, Max:324, Min:26
ACollision Out Avg:92, SD:36, Max:187, Min:6
ACollision End Avg:2, SD:8, Max:94, Min:0
ATask1 Avg:7, SD:2, Max:32, Min:0
ATask2 Avg:18, SD:7, Max:25, Min:0
ATask3 Avg:27, SD:4, Max:43, Min:15
ACore Active Avg:53, SD:11, Max:83, Min:22
ARouter Active Avg:94, SD:4, Max:100, Min:78
T1 invocations: 775,331
T2 invocations: 3,552,802
T3 invocations: 11,174,407
T3b invocations: 175,301,378
Total3 invocations: 186,475,785
Total4 invocations: 0

T3/T2 ratio: 3
T3b/T3 ratio: 16

T1 avg ex cycles: 116
T2 avg ex cycles: 72
T3&b avg ex cycles: 2
T4 avg ex cycles: -nan
Avg. hops NOC1: 25
Avg. latency NOC1 (T2): 15,392
Avg. hops NOC2: 14
Avg. latency NOC2 (T3): 1,570
Number of K Nodes Processed: 187,223
Number of K Edges Processed: 114,040
Node Re-explore factor: 44.64
Edge Re-explore factor: 0.89
Nodes/cy: 2,320
Edges/cy: 1,413
TEPS: 1,590

---Pcache---
Pcache Size: 1,821
Cached: 1
  PHits: 86,776,993
  PMisses: 88,920,134
  PHit Rate (hit/miss): 49%
  PEvictions: 43,876,414
  PEviction Rate (evict/misses): 49%

---Energy---
Leakage Energy (nJ): 99,050
PU Dyn E (nJ): 8,744,386
Mem Dyn E (nJ): 37,244,835
Route Dyn E (nJ): 16,650,665
Dynamic Energy (nJ): 62,639,886
Ratio of Dyn/Leak: 632
Total Energy (nJ): 62,738,936
Total Energy (nJ) 3D: 64,212,671
Cores Energy (nJ): 8,747,980
Route Energy (nJ): 16,652,734
Route Energy (nJ) 3D: 18,126,469
Mem Energy   (nJ): 37,338,223
Mem Energy   (nJ) 3D: 37,338,223
Avg. Power (mW): 777,366.73
Power Density (mW/mm2): 224.59

---Runtime---
Runtime in K cycles: 80.71
Microseconds: 80.71
Time per iteration (ms): 0.08

---Throughput---
GOP/s (aka OPS/ns): 8,898.01
GOP/s per core: 0.54
FLOP/s: 3,720.38
FLOP/s per core: 0.23
Max Peak FLOP/s: 16,384.00
Avg. BW GB/s: 80,360.12
Max BW GB/s: 65,536.00

---Traffic---
In-Die bisection_bytes BW (GB/s): 2,048.00
Inter-board traffic (msg/ns): 0.00, per-link: 0.00
Inter-pack traffic (msg/ns): 0.00, per-link: 0.00
Inter-die traffic (msg/ns): 0.00, per-link: 0.00
Ruche traffic (msg/ns): 0.00, per-link: 0.00
All traffic (msg/ns): 68,876.05, per-link: 4.20
Inter-die reduction wrt all: inf
Inter-board reduction wrt inter-die: -nan

---Data Movement---
All traffic (msg): 5,558,779,569
Arith. Intensity FLOP/Loads: 0.37
Arith. Intensity FLOP/Msgs: 0.05
Arith. Intensity OPS/Loads: 0.89
Arith. Intensity OPS/Msgs: 0.13



===Core Utilization Total=== CORE-S:8;; TIME K cy:80 ;; Nodes Proc: 23,026,867 -- Edges Proc: 14,133,990

===PRINTING FRAME STATS

FCollision In Avg:101, SD:54, Max:388, Min:1
FCollision Out Avg:55, SD:39, Max:204, Min:0
FCollision End Avg:0, SD:6, Max:101, Min:0
FTask1 Avg:2, SD:7, Max:58, Min:0
FTask2 Avg:13, SD:23, Max:100, Min:0
FTask3 Avg:29, SD:11, Max:84, Min:0
FCore Active Avg:51, SD:20, Max:100, Min:4
FRouter Active Avg:96, SD:4, Max:101, Min:71
T1 invocations: 9,120
T2 invocations: 66,979
T3 invocations: 567,614
T3b invocations: 5,461,800
Total3 invocations: 6,029,414
Total4 invocations: 0

T3/T2 ratio: 8
T3b/T3 ratio: 10

T1 avg ex cycles: 112
T2 avg ex cycles: 78
T3&b avg ex cycles: 2
T4 avg ex cycles: -nan
Avg. hops NOC1: 29
Avg. latency NOC1 (T2): 19,467
Avg. hops NOC2: 15
Avg. latency NOC2 (T3): 1,509

===PRINTING ACUM STATS at pu_cycles: 90,640

ACollision In Avg:151, SD:50, Max:325, Min:25
ACollision Out Avg:88, SD:35, Max:182, Min:6
ACollision End Avg:1, SD:7, Max:95, Min:0
ATask1 Avg:6, SD:1, Max:29, Min:0
ATask2 Avg:17, SD:5, Max:21, Min:0
ATask3 Avg:27, SD:4, Max:42, Min:17
ACore Active Avg:53, SD:9, Max:79, Min:23
ARouter Active Avg:94, SD:3, Max:100, Min:80
T1 invocations: 794,160
T2 invocations: 3,734,208
T3 invocations: 14,012,686
T3b invocations: 196,393,397
Total3 invocations: 210,406,083
Total4 invocations: 0

T3/T2 ratio: 4
T3b/T3 ratio: 14

T1 avg ex cycles: 116
T2 avg ex cycles: 72
T3&b avg ex cycles: 2
T4 avg ex cycles: -nan
Avg. hops NOC1: 25
Avg. latency NOC1 (T2): 15,587
Avg. hops NOC2: 14
Avg. latency NOC2 (T3): 1,572
Number of K Nodes Processed: 211,089
Number of K Edges Processed: 120,268
Node Re-explore factor: 50.33
Edge Re-explore factor: 0.94
Nodes/cy: 2,329
Edges/cy: 1,327
TEPS: 1,416

---Pcache---
Pcache Size: 1,821
Cached: 1
  PHits: 94,286,803
  PMisses: 102,404,436
  PHit Rate (hit/miss): 48%
  PEvictions: 48,299,012
  PEviction Rate (evict/misses): 47%

---Energy---
Leakage Energy (nJ): 111,241
PU Dyn E (nJ): 9,587,569
Mem Dyn E (nJ): 41,211,600
Route Dyn E (nJ): 18,839,883
Dynamic Energy (nJ): 69,639,051
Ratio of Dyn/Leak: 626
Total Energy (nJ): 69,750,292
Total Energy (nJ) 3D: 71,417,793
Cores Energy (nJ): 9,591,605
Route Energy (nJ): 18,842,207
Route Energy (nJ) 3D: 20,509,708
Mem Energy   (nJ): 41,316,481
Mem Energy   (nJ) 3D: 41,316,481
Avg. Power (mW): 769,531.02
Power Density (mW/mm2): 222.33

---Runtime---
Runtime in K cycles: 90.64
Microseconds: 90.64
Time per iteration (ms): 0.09

---Throughput---
GOP/s (aka OPS/ns): 8,630.09
GOP/s per core: 0.53
FLOP/s: 3,646.30
FLOP/s per core: 0.22
Max Peak FLOP/s: 16,384.00
Avg. BW GB/s: 79,080.14
Max BW GB/s: 65,536.00

---Traffic---
In-Die bisection_bytes BW (GB/s): 2,048.00
Inter-board traffic (msg/ns): 0.00, per-link: 0.00
Inter-pack traffic (msg/ns): 0.00, per-link: 0.00
Inter-die traffic (msg/ns): 0.00, per-link: 0.00
Ruche traffic (msg/ns): 0.00, per-link: 0.00
All traffic (msg/ns): 69,369.07, per-link: 4.23
Inter-die reduction wrt all: inf
Inter-board reduction wrt inter-die: -nan

---Data Movement---
All traffic (msg): 6,287,612,118
Arith. Intensity FLOP/Loads: 0.37
Arith. Intensity FLOP/Msgs: 0.05
Arith. Intensity OPS/Loads: 0.87
Arith. Intensity OPS/Msgs: 0.12



===Core Utilization Total=== CORE-S:9;; TIME K cy:90 ;; Nodes Proc: 25,840,068 -- Edges Proc: 14,957,054

===PRINTING FRAME STATS

FCollision In Avg:82, SD:42, Max:359, Min:0
FCollision Out Avg:42, SD:33, Max:213, Min:0
FCollision End Avg:0, SD:4, Max:100, Min:0
FTask1 Avg:2, SD:7, Max:64, Min:0
FTask2 Avg:11, SD:23, Max:100, Min:0
FTask3 Avg:28, SD:11, Max:81, Min:0
FCore Active Avg:49, SD:21, Max:100, Min:2
FRouter Active Avg:96, SD:5, Max:101, Min:54
T1 invocations: 6,803
T2 invocations: 60,342
T3 invocations: 636,139
T3b invocations: 5,169,643
Total3 invocations: 5,805,782
Total4 invocations: 0

T3/T2 ratio: 11
T3b/T3 ratio: 8

T1 avg ex cycles: 119
T2 avg ex cycles: 76
T3&b avg ex cycles: 2
T4 avg ex cycles: -nan
Avg. hops NOC1: 30
Avg. latency NOC1 (T2): 17,716
Avg. hops NOC2: 15
Avg. latency NOC2 (T3): 1,310

===PRINTING ACUM STATS at pu_cycles: 100,697

ACollision In Avg:144, SD:47, Max:307, Min:23
ACollision Out Avg:83, SD:32, Max:180, Min:5
ACollision End Avg:1, SD:7, Max:95, Min:0
ATask1 Avg:6, SD:1, Max:26, Min:0
ATask2 Avg:17, SD:3, Max:19, Min:0
ATask3 Avg:27, SD:4, Max:40, Min:16
ACore Active Avg:53, SD:7, Max:75, Min:25
ARouter Active Avg:94, SD:3, Max:99, Min:81
T1 invocations: 809,189
T2 invocations: 3,861,426
T3 invocations: 17,750,116
T3b invocations: 215,601,597
Total3 invocations: 233,351,713
Total4 invocations: 0

T3/T2 ratio: 5
T3b/T3 ratio: 12

T1 avg ex cycles: 116
T2 avg ex cycles: 72
T3&b avg ex cycles: 2
T4 avg ex cycles: -nan
Avg. hops NOC1: 25
Avg. latency NOC1 (T2): 15,666
Avg. hops NOC2: 14
Avg. latency NOC2 (T3): 1,519
Number of K Nodes Processed: 234,106
Number of K Edges Processed: 124,552
Node Re-explore factor: 55.82
Edge Re-explore factor: 0.97
Nodes/cy: 2,325
Edges/cy: 1,237
TEPS: 1,274

---Pcache---
Pcache Size: 1,821
Cached: 1
  PHits: 99,374,391
  PMisses: 116,538,083
  PHit Rate (hit/miss): 46%
  PEvictions: 51,142,033
  PEviction Rate (evict/misses): 44%

---Energy---
Leakage Energy (nJ): 123,584
PU Dyn E (nJ): 10,345,897
Mem Dyn E (nJ): 44,845,963
Route Dyn E (nJ): 21,015,742
Dynamic Energy (nJ): 76,207,603
Ratio of Dyn/Leak: 617
Total Energy (nJ): 76,331,187
Total Energy (nJ) 3D: 78,191,271
Cores Energy (nJ): 10,350,382
Route Energy (nJ): 21,018,324
Route Energy (nJ) 3D: 22,878,408
Mem Energy   (nJ): 44,962,481
Mem Energy   (nJ) 3D: 44,962,481
Avg. Power (mW): 758,028.41
Power Density (mW/mm2): 219.01

---Runtime---
Runtime in K cycles: 100.70
Microseconds: 100.70
Time per iteration (ms): 0.10

---Throughput---
GOP/s (aka OPS/ns): 8,337.63
GOP/s per core: 0.51
FLOP/s: 3,552.97
FLOP/s per core: 0.22
Max Peak FLOP/s: 16,384.00
Avg. BW GB/s: 77,389.69
Max BW GB/s: 65,536.00

---Traffic---
In-Die bisection_bytes BW (GB/s): 2,048.00
Inter-board traffic (msg/ns): 0.00, per-link: 0.00
Inter-pack traffic (msg/ns): 0.00, per-link: 0.00
Inter-die traffic (msg/ns): 0.00, per-link: 0.00
Ruche traffic (msg/ns): 0.00, per-link: 0.00
All traffic (msg/ns): 69,616.38, per-link: 4.25
Inter-die reduction wrt all: inf
Inter-board reduction wrt inter-die: -nan

---Data Movement---
All traffic (msg): 7,010,160,807
Arith. Intensity FLOP/Loads: 0.37
Arith. Intensity FLOP/Msgs: 0.05
Arith. Intensity OPS/Loads: 0.86
Arith. Intensity OPS/Msgs: 0.12



===Core Utilization Total=== CORE-S:10;; TIME K cy:100 ;; Nodes Proc: 28,623,418 -- Edges Proc: 15,603,246

===PRINTING FRAME STATS

FCollision In Avg:56, SD:33, Max:244, Min:0
FCollision Out Avg:20, SD:22, Max:149, Min:0
FCollision End Avg:0, SD:1, Max:59, Min:0
FTask1 Avg:1, SD:5, Max:81, Min:0
FTask2 Avg:7, SD:20, Max:100, Min:0
FTask3 Avg:27, SD:10, Max:73, Min:0
FCore Active Avg:45, SD:19, Max:100, Min:6
FRouter Active Avg:97, SD:3, Max:101, Min:78
T1 invocations: 2,872
T2 invocations: 39,857
T3 invocations: 821,161
T3b invocations: 4,761,711
Total3 invocations: 5,582,872
Total4 invocations: 0

T3/T2 ratio: 21
T3b/T3 ratio: 6

T1 avg ex cycles: 127
T2 avg ex cycles: 74
T3&b avg ex cycles: 2
T4 avg ex cycles: -nan
Avg. hops NOC1: 25
Avg. latency NOC1 (T2): 15,132
Avg. hops NOC2: 16
Avg. latency NOC2 (T3): 1,255

===PRINTING ACUM STATS at pu_cycles: 110,672

ACollision In Avg:136, SD:44, Max:286, Min:22
ACollision Out Avg:77, SD:30, Max:171, Min:5
ACollision End Avg:1, SD:6, Max:87, Min:0
ATask1 Avg:5, SD:1, Max:24, Min:1
ATask2 Avg:16, SD:1, Max:17, Min:0
ATask3 Avg:27, SD:3, Max:39, Min:17
ACore Active Avg:52, SD:5, Max:73, Min:29
ARouter Active Avg:95, SD:3, Max:99, Min:82
T1 invocations: 815,977
T2 invocations: 3,940,303
T3 invocations: 21,633,497
T3b invocations: 231,403,457
Total3 invocations: 253,036,954
Total4 invocations: 0

T3/T2 ratio: 5
T3b/T3 ratio: 11

T1 avg ex cycles: 116
T2 avg ex cycles: 73
T3&b avg ex cycles: 2
T4 avg ex cycles: -nan
Avg. hops NOC1: 25
Avg. latency NOC1 (T2): 15,640
Avg. hops NOC2: 15
Avg. latency NOC2 (T3): 1,460
Number of K Nodes Processed: 253,574
Number of K Edges Processed: 127,179
Node Re-explore factor: 60.46
Edge Re-explore factor: 0.99
Nodes/cy: 2,291
Edges/cy: 1,149
TEPS: 1,159

---Pcache---
Pcache Size: 1,821
Cached: 1
  PHits: 102,121,675
  PMisses: 129,389,412
  PHit Rate (hit/miss): 44%
  PEvictions: 52,498,722
  PEviction Rate (evict/misses): 41%

---Energy---
Leakage Energy (nJ): 135,826
PU Dyn E (nJ): 10,964,665
Mem Dyn E (nJ): 47,854,230
Route Dyn E (nJ): 22,907,054
Dynamic Energy (nJ): 81,725,950
Ratio of Dyn/Leak: 602
Total Energy (nJ): 81,861,776
Total Energy (nJ) 3D: 83,889,258
Cores Energy (nJ): 10,969,593
Route Energy (nJ): 22,909,892
Route Energy (nJ) 3D: 24,937,374
Mem Energy   (nJ): 47,982,291
Mem Energy   (nJ) 3D: 47,982,291
Avg. Power (mW): 739,679.20
Power Density (mW/mm2): 213.70

---Runtime---
Runtime in K cycles: 110.67
Microseconds: 110.67
Time per iteration (ms): 0.11

---Throughput---
GOP/s (aka OPS/ns): 8,004.10
GOP/s per core: 0.49
FLOP/s: 3,435.02
FLOP/s per core: 0.21
Max Peak FLOP/s: 16,384.00
Avg. BW GB/s: 75,100.16
Max BW GB/s: 65,536.00

---Traffic---
In-Die bisection_bytes BW (GB/s): 2,048.00
Inter-board traffic (msg/ns): 0.00, per-link: 0.00
Inter-pack traffic (msg/ns): 0.00, per-link: 0.00
Inter-die traffic (msg/ns): 0.00, per-link: 0.00
Ruche traffic (msg/ns): 0.00, per-link: 0.00
All traffic (msg/ns): 69,011.17, per-link: 4.21
Inter-die reduction wrt all: inf
Inter-board reduction wrt inter-die: -nan

---Data Movement---
All traffic (msg): 7,637,603,786
Arith. Intensity FLOP/Loads: 0.37
Arith. Intensity FLOP/Msgs: 0.05
Arith. Intensity OPS/Loads: 0.85
Arith. Intensity OPS/Msgs: 0.12



===Core Utilization Total=== CORE-S:11;; TIME K cy:110 ;; Nodes Proc: 30,989,417 -- Edges Proc: 15,936,567
======== IT IS COLD ======= Only 971 Tiles active

===PRINTING FRAME STATS

FCollision In Avg:19, SD:23, Max:191, Min:0
FCollision Out Avg:5, SD:12, Max:126, Min:0
FCollision End Avg:0, SD:0, Max:0, Min:0
FTask1 Avg:0, SD:2, Max:51, Min:0
FTask2 Avg:2, SD:11, Max:100, Min:0
FTask3 Avg:17, SD:10, Max:66, Min:0
FCore Active Avg:27, SD:18, Max:100, Min:5
FRouter Active Avg:79, SD:13, Max:100, Min:38
T1 invocations: 715
T2 invocations: 11,925
T3 invocations: 723,668
T3b invocations: 2,718,953
Total3 invocations: 3,442,621
Total4 invocations: 0

T3/T2 ratio: 61
T3b/T3 ratio: 4

T1 avg ex cycles: 117
T2 avg ex cycles: 75
T3&b avg ex cycles: 2
T4 avg ex cycles: -nan
Avg. hops NOC1: 22
Avg. latency NOC1 (T2): 9,515
Avg. hops NOC2: 16
Avg. latency NOC2 (T3): 1,034

===PRINTING ACUM STATS at pu_cycles: 120,485

ACollision In Avg:127, SD:40, Max:265, Min:20
ACollision Out Avg:71, SD:28, Max:158, Min:4
ACollision End Avg:1, SD:6, Max:80, Min:0
ATask1 Avg:5, SD:1, Max:22, Min:3
ATask2 Avg:15, SD:1, Max:17, Min:0
ATask3 Avg:26, SD:3, Max:37, Min:18
ACore Active Avg:50, SD:4, Max:68, Min:35
ARouter Active Avg:93, SD:3, Max:99, Min:81
T1 invocations: 817,739
T2 invocations: 3,965,668
T3 invocations: 24,379,737
T3b invocations: 240,500,802
Total3 invocations: 264,880,539
Total4 invocations: 0

T3/T2 ratio: 6
T3b/T3 ratio: 10

T1 avg ex cycles: 116
T2 avg ex cycles: 73
T3&b avg ex cycles: 2
T4 avg ex cycles: -nan
Avg. hops NOC1: 25
Avg. latency NOC1 (T2): 15,604
Avg. hops NOC2: 15
Avg. latency NOC2 (T3): 1,423
Number of K Nodes Processed: 264,960
Number of K Edges Processed: 128,037
Node Re-explore factor: 63.17
Edge Re-explore factor: 1.00
Nodes/cy: 2,199
Edges/cy: 1,063
TEPS: 1,065

---Pcache---
Pcache Size: 1,821
Cached: 1
  PHits: 102,962,242
  PMisses: 137,278,913
  PHit Rate (hit/miss): 43%
  PEvictions: 52,894,737
  PEviction Rate (evict/misses): 39%

---Energy---
Leakage Energy (nJ): 147,869
PU Dyn E (nJ): 11,314,530
Mem Dyn E (nJ): 49,584,926
Route Dyn E (nJ): 24,042,524
Dynamic Energy (nJ): 84,941,980
Ratio of Dyn/Leak: 574
Total Energy (nJ): 85,089,849
Total Energy (nJ) 3D: 87,217,831
Cores Energy (nJ): 11,319,895
Route Energy (nJ): 24,045,613
Route Energy (nJ) 3D: 26,173,595
Mem Energy   (nJ): 49,724,341
Mem Energy   (nJ) 3D: 49,724,341
Avg. Power (mW): 706,227.74
Power Density (mW/mm2): 204.04

---Runtime---
Runtime in K cycles: 120.48
Microseconds: 120.48
Time per iteration (ms): 0.12

---Throughput---
GOP/s (aka OPS/ns): 7,566.94
GOP/s per core: 0.46
FLOP/s: 3,260.89
FLOP/s per core: 0.20
Max Peak FLOP/s: 16,384.00
Avg. BW GB/s: 71,467.38
Max BW GB/s: 65,536.00

---Traffic---
In-Die bisection_bytes BW (GB/s): 2,048.00
Inter-board traffic (msg/ns): 0.00, per-link: 0.00
Inter-pack traffic (msg/ns): 0.00, per-link: 0.00
Inter-die traffic (msg/ns): 0.00, per-link: 0.00
Ruche traffic (msg/ns): 0.00, per-link: 0.00
All traffic (msg/ns): 66,516.84, per-link: 4.06
Inter-die reduction wrt all: inf
Inter-board reduction wrt inter-die: -nan

---Data Movement---
All traffic (msg): 8,014,280,934
Arith. Intensity FLOP/Loads: 0.37
Arith. Intensity FLOP/Msgs: 0.05
Arith. Intensity OPS/Loads: 0.85
Arith. Intensity OPS/Msgs: 0.11



===Core Utilization Total=== CORE-S:12;; TIME K cy:120 ;; Nodes Proc: 32,300,507 -- Edges Proc: 16,008,907
======== IT IS COLD ======= Only 198 Tiles active

===PRINTING FRAME STATS

FCollision In Avg:1, SD:6, Max:129, Min:0
FCollision Out Avg:0, SD:3, Max:80, Min:0
FCollision End Avg:0, SD:0, Max:0, Min:0
FTask1 Avg:0, SD:1, Max:30, Min:0
FTask2 Avg:1, SD:6, Max:100, Min:0
FTask3 Avg:4, SD:5, Max:50, Min:0
FCore Active Avg:6, SD:10, Max:100, Min:1
FRouter Active Avg:26, SD:14, Max:100, Min:6
T1 invocations: 126
T2 invocations: 2,591
T3 invocations: 186,512
T3b invocations: 606,790
Total3 invocations: 793,302
Total4 invocations: 0

T3/T2 ratio: 72
T3b/T3 ratio: 3

T1 avg ex cycles: 140
T2 avg ex cycles: 80
T3&b avg ex cycles: 2
T4 avg ex cycles: -nan
Avg. hops NOC1: 37
Avg. latency NOC1 (T2): 5,683
Avg. hops NOC2: 16
Avg. latency NOC2 (T3): 813

===PRINTING ACUM STATS at pu_cycles: 130,255

ACollision In Avg:117, SD:37, Max:244, Min:18
ACollision Out Avg:66, SD:26, Max:147, Min:4
ACollision End Avg:1, SD:5, Max:74, Min:0
ATask1 Avg:4, SD:1, Max:20, Min:3
ATask2 Avg:14, SD:0, Max:15, Min:6
ATask3 Avg:25, SD:2, Max:34, Min:19
ACore Active Avg:47, SD:4, Max:64, Min:35
ARouter Active Avg:88, SD:3, Max:96, Min:76
T1 invocations: 818,208
T2 invocations: 3,972,680
T3 invocations: 25,049,047
T3b invocations: 242,649,820
Total3 invocations: 267,698,867
Total4 invocations: 0

T3/T2 ratio: 6
T3b/T3 ratio: 10

T1 avg ex cycles: 116
T2 avg ex cycles: 73
T3&b avg ex cycles: 2
T4 avg ex cycles: -nan
Avg. hops NOC1: 25
Avg. latency NOC1 (T2): 15,589
Avg. hops NOC2: 15
Avg. latency NOC2 (T3): 1,415
Number of K Nodes Processed: 267,707
Number of K Edges Processed: 128,281
Node Re-explore factor: 63.83
Edge Re-explore factor: 1.00
Nodes/cy: 2,055
Edges/cy: 985
TEPS: 985

---Pcache---
Pcache Size: 1,821
Cached: 1
  PHits: 103,051,982
  PMisses: 139,282,778
  PHit Rate (hit/miss): 43%
  PEvictions: 52,939,047
  PEviction Rate (evict/misses): 38%

---Energy---
Leakage Energy (nJ): 159,860
PU Dyn E (nJ): 11,399,464
Mem Dyn E (nJ): 50,002,126
Route Dyn E (nJ): 24,311,394
Dynamic Energy (nJ): 85,712,985
Ratio of Dyn/Leak: 536
Total Energy (nJ): 85,872,845
Total Energy (nJ) 3D: 88,024,625
Cores Energy (nJ): 11,405,265
Route Energy (nJ): 24,314,734
Route Energy (nJ) 3D: 26,466,513
Mem Energy   (nJ): 50,152,847
Mem Energy   (nJ) 3D: 50,152,847
Avg. Power (mW): 659,267.17
Power Density (mW/mm2): 190.47

---Runtime---
Runtime in K cycles: 130.25
Microseconds: 130.25
Time per iteration (ms): 0.13

---Throughput---
GOP/s (aka OPS/ns): 7,047.69
GOP/s per core: 0.43
FLOP/s: 3,040.00
FLOP/s per core: 0.19
Max Peak FLOP/s: 16,384.00
Avg. BW GB/s: 66,661.00
Max BW GB/s: 65,536.00

---Traffic---
In-Die bisection_bytes BW (GB/s): 2,048.00
Inter-board traffic (msg/ns): 0.00, per-link: 0.00
Inter-pack traffic (msg/ns): 0.00, per-link: 0.00
Inter-die traffic (msg/ns): 0.00, per-link: 0.00
Ruche traffic (msg/ns): 0.00, per-link: 0.00
All traffic (msg/ns): 62,212.63, per-link: 3.80
Inter-die reduction wrt all: inf
Inter-board reduction wrt inter-die: -nan

---Data Movement---
All traffic (msg): 8,103,505,740
Arith. Intensity FLOP/Loads: 0.37
Arith. Intensity FLOP/Msgs: 0.05
Arith. Intensity OPS/Loads: 0.85
Arith. Intensity OPS/Msgs: 0.11



===Core Utilization Total=== CORE-S:13;; TIME K cy:130 ;; Nodes Proc: 32,547,589 -- Edges Proc: 16,034,802
======== IT IS COLD ======= Only 23 Tiles active

===PRINTING FRAME STATS

FCollision In Avg:1, SD:4, Max:83, Min:0
FCollision Out Avg:0, SD:3, Max:66, Min:0
FCollision End Avg:0, SD:0, Max:0, Min:0
FTask1 Avg:0, SD:1, Max:30, Min:0
FTask2 Avg:0, SD:5, Max:100, Min:0
FTask3 Avg:2, SD:4, Max:50, Min:0
FCore Active Avg:3, SD:8, Max:100, Min:0
FRouter Active Avg:15, SD:17, Max:98, Min:0
T1 invocations: 49
T2 invocations: 1,580
T3 invocations: 102,491
T3b invocations: 348,432
Total3 invocations: 450,923
Total4 invocations: 0

T3/T2 ratio: 65
T3b/T3 ratio: 3

T1 avg ex cycles: 146
T2 avg ex cycles: 81
T3&b avg ex cycles: 2
T4 avg ex cycles: -nan
Avg. hops NOC1: 29
Avg. latency NOC1 (T2): 6,346
Avg. hops NOC2: 16
Avg. latency NOC2 (T3): 740

===PRINTING ACUM STATS at pu_cycles: 140,002

ACollision In Avg:113, SD:36, Max:244, Min:17
ACollision Out Avg:64, SD:25, Max:147, Min:4
ACollision End Avg:1, SD:5, Max:73, Min:0
ATask1 Avg:4, SD:1, Max:19, Min:3
ATask2 Avg:13, SD:1, Max:15, Min:8
ATask3 Avg:24, SD:3, Max:34, Min:17
ACore Active Avg:45, SD:4, Max:63, Min:35
ARouter Active Avg:85, SD:4, Max:96, Min:70
T1 invocations: 818,218
T2 invocations: 3,973,021
T3 invocations: 25,077,281
T3b invocations: 242,721,676
Total3 invocations: 267,798,957
Total4 invocations: 0

T3/T2 ratio: 6
T3b/T3 ratio: 10

T1 avg ex cycles: 116
T2 avg ex cycles: 73
T3&b avg ex cycles: 2
T4 avg ex cycles: -nan
Avg. hops NOC1: 25
Avg. latency NOC1 (T2): 15,588
Avg. hops NOC2: 15
Avg. latency NOC2 (T3): 1,415
Number of K Nodes Processed: 267,940
Number of K Edges Processed: 128,311
Node Re-explore factor: 63.88
Edge Re-explore factor: 1.00
Nodes/cy: 1,914
Edges/cy: 916
TEPS: 916

---Pcache---
Pcache Size: 1,821
Cached: 1
  PHits: 103,055,426
  PMisses: 139,457,071
  PHit Rate (hit/miss): 42%
  PEvictions: 52,940,423
  PEviction Rate (evict/misses): 38%

---Energy---
Leakage Energy (nJ): 171,822
PU Dyn E (nJ): 11,402,587
Mem Dyn E (nJ): 50,019,299
Route Dyn E (nJ): 24,320,838
Dynamic Energy (nJ): 85,742,725
Ratio of Dyn/Leak: 499
Total Energy (nJ): 85,914,547
Total Energy (nJ) 3D: 88,067,162
Cores Energy (nJ): 11,408,822
Route Energy (nJ): 24,324,428
Route Energy (nJ) 3D: 26,477,043
Mem Energy   (nJ): 50,181,298
Mem Energy   (nJ) 3D: 50,181,298
Avg. Power (mW): 613,666.57
Power Density (mW/mm2): 177.30

---Runtime---
Runtime in K cycles: 140.00
Microseconds: 140.00
Time per iteration (ms): 0.14

---Throughput---
GOP/s (aka OPS/ns): 6,558.68
GOP/s per core: 0.40
FLOP/s: 2,829.17
FLOP/s per core: 0.17
Max Peak FLOP/s: 16,384.00
Avg. BW GB/s: 62,038.79
Max BW GB/s: 65,536.00

---Traffic---
In-Die bisection_bytes BW (GB/s): 2,048.00
Inter-board traffic (msg/ns): 0.00, per-link: 0.00
Inter-pack traffic (msg/ns): 0.00, per-link: 0.00
Inter-die traffic (msg/ns): 0.00, per-link: 0.00
Ruche traffic (msg/ns): 0.00, per-link: 0.00
All traffic (msg/ns): 57,903.76, per-link: 3.53
Inter-die reduction wrt all: inf
Inter-board reduction wrt inter-die: -nan

---Data Movement---
All traffic (msg): 8,106,642,321
Arith. Intensity FLOP/Loads: 0.37
Arith. Intensity FLOP/Msgs: 0.05
Arith. Intensity OPS/Loads: 0.85
Arith. Intensity OPS/Msgs: 0.11



===Core Utilization Total=== CORE-S:14;; TIME K cy:140 ;; Nodes Proc: 32,574,976 -- Edges Proc: 16,039,936
======== IT IS COLD ======= Only 2 Tiles active
Epoch Done Router: 3
Epoch Done Router: 6
Epoch Done Router: 5
Epoch Done Router: 0
Epoch Done Router: 7
Epoch Done Router: 1
Epoch Done Router: 4
Epoch Done Router: 2
##EPOCH## 1 COMPLETED at Time (K cy): 141
Nodes processed until now: 267,942,046
Edges processed until now: 128,311,436
Program Done Worker Thread: 0
Program Done Router Thread: 3
Program Done Worker Thread: 2
Program Done Router Thread: 6
Program Done Router Thread: 5
Program Done Router Thread: 2
Program Done Worker Thread: 3
Program Done Worker Thread: 6
Program Done Worker Thread: 5
Program Done Worker Thread: 4
Program Done Worker Thread: 7
Program Done Router Thread: 0
Program Done Router Thread: 7
Program Done Router Thread: 4
Program Done Router Thread: 1
Program Done Worker Thread: 1

===PRINTING ACUM STATS at pu_cycles: 141,617

ACollision In Avg:107, SD:34, Max:224, Min:17
ACollision Out Avg:61, SD:23, Max:135, Min:4
ACollision End Avg:1, SD:5, Max:68, Min:0
ATask1 Avg:4, SD:1, Max:18, Min:3
ATask2 Avg:12, SD:0, Max:13, Min:12
ATask3 Avg:23, SD:2, Max:32, Min:17
ACore Active Avg:43, SD:3, Max:58, Min:34
ARouter Active Avg:81, SD:3, Max:89, Min:70
T1 invocations: 818,218
T2 invocations: 3,973,577
T3 invocations: 25,106,611
T3b invocations: 242,835,435
Total3 invocations: 267,942,046
Total4 invocations: 0

T3/T2 ratio: 6
T3b/T3 ratio: 10

T1 avg ex cycles: 116
T2 avg ex cycles: 73
T3&b avg ex cycles: 2
T4 avg ex cycles: -nan
Avg. hops NOC1: 25
Avg. latency NOC1 (T2): 15,587
Avg. hops NOC2: 15
Avg. latency NOC2 (T3): 1,414

Runtime at program end in K cycles: 141
Runtime before cooldown in K cycles: 100


Number of K Nodes Processed: 267,942
Number of K Edges Processed: 128,311
Node Re-explore factor: 63.88
Edge Re-explore factor: 1.00
Nodes/cy: 1,892
Edges/cy: 906
TEPS: 906

---Pcache---
Pcache Size: 1,821
Cached: 1
  PHits: 103,055,454
  PMisses: 139,457,971
  PHit Rate (hit/miss): 42%
  PEvictions: 52,940,438
  PEviction Rate (evict/misses): 38%

---Energy---
Leakage Energy (nJ): 173,804
PU Dyn E (nJ): 11,407,107
Mem Dyn E (nJ): 50,039,076
Route Dyn E (nJ): 24,334,079
Dynamic Energy (nJ): 85,780,263
Ratio of Dyn/Leak: 494
Total Energy (nJ): 85,954,067
Total Energy (nJ) 3D: 88,107,854
Cores Energy (nJ): 11,413,413
Route Energy (nJ): 24,337,710
Route Energy (nJ) 3D: 26,491,497
Mem Energy   (nJ): 50,202,944
Mem Energy   (nJ) 3D: 50,202,944
Avg. Power (mW): 606,947.38
Power Density (mW/mm2): 175.36

---Runtime---
Runtime in K cycles: 141.62
Microseconds: 141.62
Time per iteration (ms): 0.14

---Inst---
K Loads: 1,085,374
K Stores: 1,086,961
K Instructions: 918,561

---Throughput---
GOP/s (aka OPS/ns): 6,486.24
GOP/s per core: 0.40
FLOP/s: 2,798.06
FLOP/s per core: 0.17
Max Peak FLOP/s: 16,384.00
Avg. BW GB/s: 61,358.08
Max BW GB/s: 65,536.00

---Traffic---
In-Die bisection_bytes BW (GB/s): 2,048.00
Inter-board traffic (msg/ns): 0.00, per-link: 0.00
Inter-pack traffic (msg/ns): 0.00, per-link: 0.00
Inter-die traffic (msg/ns): 0.00, per-link: 0.00
Ruche traffic (msg/ns): 0.00, per-link: 0.00
All traffic (msg/ns): 57,274.52, per-link: 3.50
Inter-die reduction wrt all: inf
Inter-board reduction wrt inter-die: -nan

---Data Movement---
All traffic (msg): 8,111,045,420
Arith. Intensity FLOP/Loads: 0.37
Arith. Intensity FLOP/Msgs: 0.05
Arith. Intensity OPS/Loads: 0.85
Arith. Intensity OPS/Msgs: 0.11

Simulation time: 535.51
Sim noc_cy/s: 264.45
Sim Msg/s: 15,146,504.80

Version 31

