Dataset:  Kron22/
Dry run: 0
Open Edge Count File succesfully
Edges Traversed BFS: 128309848
Found Vertices: 4194304, Edges: 128311436
avg degree 31
Array  Kron22/node_array.bin found
Malloc array of size 16777220 bytes
Readin array of size 16777216 bytes
Finished Reading Array Bytes
No reordering Array 32bit
Array  Kron22/edge_array.bin found
Malloc array of size 513245744 bytes
Readin array of size 513245744 bytes
Finished Reading Array Bytes
No reordering Array 32bit
Reading graph elapsed time: 0.113909s

Dataset Footprint: 506 MiB
Dataset Footprint per Board: 4244.64 Mb
Dataset injection time (ms): 0.064768
Max Dataset Footprint: 1027 MiB

Dataset footprint per tile: 31 KiB
Proxys footprint per tile: 64 KiB
Reserved SRAM per tile: 7 KiB

Ideal SRAM per tile: 102 KiB
reserved_words_for_dataset:25855
dataset_words_per_tile:8096
remaining_sram_words:129278
min_dcache_sram_words_required:8096
dataset_words_per_tile:8096
min_pcache_sram_words_required:8
proxys_words_per_tile:16384
Dcache footprint ratio: 1
Pcache footprint ratio: 9
Dataset Cached: 0
DCache: 8096 words, lines: 506, sets: 506
Proxys Cached: 1
Pcache: 1821 words, sets: 1821
Node per tile: 256
Edge per tile: 7,832
GRID_X: 128
GRID_SIZE: 16,384
smt_per_tile: 1
noc_freq: 1
pu_freq: 1
RUCHE_X: 0
PROXY_W: 16
DIE_W: 128
DIE_H: 128
DIES: 1
BORDER_TILES_PER_DIE: 512
PACK_W: 128
PACK_H: 128
DIES_PACK_FACTOR: 1
DIES_PER_PACK: 1
PACKAGES: 1
BOARD_W: 128
BOARD_H: 128
BOARDS: 1
MUX_BUS: 1
DCACHE: 0
PCACHE: 1
PROXY_FACTOR: 8
CACHE_WAYS: 1
TORUS: 1
PHY_NOCS: 1
WIDE_NOC_ID: 0
NOC_CONF: 1
noc_width: 32
hbm_channel_bit_width: 512
ld_st_op_byte_width: 4
PROXY_ROUTING: 4
WRITE_THROUGH: 0
ASSERT_MODE: 0
GLOBAL_BARRIER: 0
OQ flits: 6 ; 32 ; 64
IQ flits: 6 ; 512 ; 1,024
OQ messages: 2 ; 16 ; 32
IQ messages: 2 ; 256 ; 512
max_task2 size: 64
io_factor_t2: 16
io_factor_t3: 16
io_factor_t3b: 16

Active SRAM Storage per tile: 46 KiB
Total SRAM Storage per tile: 512 KiB
Agreggated SRAM Storage: 8,192 MiB

Inter-Die #links: 4,096
Inter-Die (Gbits): 131,072
Inter-Die (Gbits/mm): 563.524
Bisection BW of Board (Gbits): 32,768
Border IO #Dies: 4
Border IO Die BW (Gbits): 16,384
Off-Board BW Total (Gbits): 65,536
Off-Board BW Density (Gbits/mm): 278
Die side: 58.15 mm
Die border wire density: 563.52 Gbits/mm
HBM wire density: 70.44 Gbits/mm

Tiles per Die: 16,384 (128x128)
Tile Area: 0.19 mm2, side: 0.44 mm
- Core/Rout Area: 0.05 mm2
- SRAM Area: 0.14 mm2
- SRAM/Logic Ratio: 2.80x

Dies per Package: 1 (1x1)
Die Area: 3,381.23 mm2, side: 58.15 mm
- Tiles Area: 3,191.28 mm2
- PHY Area: 189.96 mm2
- MC Area: 0.00 mm2

Packages per Board: 1 (1x1)
Package Area: 3,461.23 mm2, side: 58.83 mm
- IOdie Area: 80.00 mm2
- Dies Area: 3,381.23 mm2
- HBM Area: 0.00 mm2

Boards: 1 (1x1)
Board Area: 3,461.23 mm2
Total Area: 3,461.23 mm2



ESTIMATED COST OF SILICON AND PACKAGING. ONLY VARIABLE, NO FIXED COSTS
Good dies per wafer 3d: 5
Good dies per wafer 2d: 6
--Dies 3D Cost: 1,209.40 $
--Dies 2.5D Cost: 1,007.83 $
--Dies 2D Cost: 1,007.83 $
--HBM Cost: 60.00 $
--IOdie Cost: 8.44 $
--Packaging Cost 3d: 233.07 $
--Packaging Cost 2.5d: 505.18 $
--Packaging Cost 2d: 152.44 $
SiP Cost 3d: 1,510.91 $
SiP Cost 2.5d: 1,581.46 $
SiP Cost 2d: 1,168.71 $
--Board Cost: 3.46 $
Total SiPs Cost 3d: 1,514.37 $
Total SiPs Cost 2.5d: 1,584.92 $
Total SiPs Cost 2d: 1,172.18 $

Perf counters initialized
Mesh connected
Cache structures initialized
Allocated proxys
proxys initialized
Dataset structures initialized


Starting Simulation
INIT epoch: 1
INIT epoch: 1
INIT epoch: 1
INIT epoch: 1
INIT epoch: 1
INIT epoch: 1
INIT epoch: 1
INIT epoch: 1

===PRINTING FRAME STATS

FCollision In Avg:-nan, SD:-nan, Max:60, Min:0
FCollision Out Avg:-nan, SD:-nan, Max:20, Min:0
FCollision End Avg:-nan, SD:-nan, Max:0, Min:0
FTask1 Avg:-nan, SD:-nan, Max:88, Min:66
FTask2 Avg:-nan, SD:-nan, Max:0, Min:0
FTask3 Avg:-nan, SD:-nan, Max:33, Min:12
FCore Active Avg:-nan, SD:-nan, Max:100, Min:94
FRouter Active Avg:-nan, SD:-nan, Max:100, Min:56
T1 invocations: 169,554
T2 invocations: 0
T3 invocations: 13,634
T3b invocations: 3,637,084
Total3 invocations: 3,650,718
Total4 invocations: 0

T3/T2 ratio: inf
T3b/T3 ratio: 267

T1 avg ex cycles: 200
T2 avg ex cycles: -nan
T3&b avg ex cycles: 2
T4 avg ex cycles: -nan
Avg. hops NOC1: -nan
Avg. latency NOC1 (T2): -nan
Avg. hops NOC2: 22
Avg. latency NOC2 (T3): 3,137

===PRINTING ACUM STATS at pu_cycles: 10,401

ACollision In Avg:-nan, SD:-nan, Max:60, Min:0
ACollision Out Avg:-nan, SD:-nan, Max:20, Min:0
ACollision End Avg:-nan, SD:-nan, Max:0, Min:0
ATask1 Avg:-nan, SD:-nan, Max:88, Min:66
ATask2 Avg:-nan, SD:-nan, Max:0, Min:0
ATask3 Avg:-nan, SD:-nan, Max:33, Min:12
ACore Active Avg:-nan, SD:-nan, Max:100, Min:94
ARouter Active Avg:-nan, SD:-nan, Max:100, Min:56
T1 invocations: 677,857
T2 invocations: 0
T3 invocations: 45,364
T3b invocations: 14,546,582
Total3 invocations: 14,591,946
Total4 invocations: 0

T3/T2 ratio: inf
T3b/T3 ratio: 321

T1 avg ex cycles: 200
T2 avg ex cycles: -nan
T3&b avg ex cycles: 2
T4 avg ex cycles: -nan
Avg. hops NOC1: -nan
Avg. latency NOC1 (T2): -nan
Avg. hops NOC2: 23
Avg. latency NOC2 (T3): 3,137
Number of K Nodes Processed: 15,013
Number of K Edges Processed: 15,013
Node Re-explore factor: 3.58
Edge Re-explore factor: 0.12
Nodes/cy: 1,443
Edges/cy: 1,443
TEPS: 12,336

---Pcache---
Pcache Size: 1,821
Cached: 1
  PHits: 6,701,464
  PMisses: 8,211,066
  PHit Rate (hit/miss): 45%
  PEvictions: 1,229,943
  PEviction Rate (evict/misses): 15%

---Energy---
Leakage Energy (nJ): 5,629
PU Dyn E (nJ): 1,141,267
Mem Dyn E (nJ): 3,004,807
Route Dyn E (nJ): 2,019,037
Dynamic Energy (nJ): 6,165,112
Ratio of Dyn/Leak: 1,095
Total Energy (nJ): 6,170,741
Total Energy (nJ) 3D: 6,349,444
Cores Energy (nJ): 1,141,731
Route Energy (nJ): 2,019,304
Route Energy (nJ) 3D: 2,198,007
Mem Energy   (nJ): 3,009,706
Mem Energy   (nJ) 3D: 3,009,706
Avg. Power (mW): 593,283.44
Power Density (mW/mm2): 171.41

---Runtime---
Runtime in K cycles: 10.40
Microseconds: 10.40
Time per iteration (ms): 0.01

---Throughput---
GOP/s (aka OPS/ns): 15,780.27
GOP/s per core: 0.96
FLOP/s: 2,075.50
FLOP/s per core: 0.13
Max Peak FLOP/s: 16,384.00
Avg. BW GB/s: 51,056.57
Max BW GB/s: 65,536.00

---Traffic---
In-Die bisection_bytes BW (GB/s): 2,048.00
Inter-board traffic (msg/ns): 0.00, per-link: 0.00
Inter-pack traffic (msg/ns): 0.00, per-link: 0.00
Inter-die traffic (msg/ns): 0.00, per-link: 0.00
Ruche traffic (msg/ns): 0.00, per-link: 0.00
All traffic (msg/ns): 63,139.90, per-link: 3.85
Inter-die reduction wrt all: inf
Inter-board reduction wrt inter-die: -nan

---Data Movement---
All traffic (msg): 656,718,072
Arith. Intensity FLOP/Loads: 0.24
Arith. Intensity FLOP/Msgs: 0.03
Arith. Intensity OPS/Loads: 1.86
Arith. Intensity OPS/Msgs: 0.25



===Core Utilization Total=== CORE-S:1;; TIME K cy:10 ;; Nodes Proc: 1,876,360 -- Edges Proc: 0

===PRINTING FRAME STATS

FCollision In Avg:20, SD:15, Max:100, Min:0
FCollision Out Avg:2, SD:5, Max:40, Min:0
FCollision End Avg:0, SD:0, Max:0, Min:0
FTask1 Avg:75, SD:3, Max:87, Min:48
FTask2 Avg:0, SD:0, Max:0, Min:0
FTask3 Avg:25, SD:3, Max:45, Min:13
FCore Active Avg:100, SD:0, Max:100, Min:92
FRouter Active Avg:98, SD:3, Max:101, Min:59
T1 invocations: 157,098
T2 invocations: 0
T3 invocations: 415,427
T3b invocations: 4,792,127
Total3 invocations: 5,207,554
Total4 invocations: 0

T3/T2 ratio: inf
T3b/T3 ratio: 12

T1 avg ex cycles: 194
T2 avg ex cycles: -nan
T3&b avg ex cycles: 2
T4 avg ex cycles: -nan
Avg. hops NOC1: -nan
Avg. latency NOC1 (T2): -nan
Avg. hops NOC2: 20
Avg. latency NOC2 (T3): 3,758

===PRINTING ACUM STATS at pu_cycles: 20,401

ACollision In Avg:16, SD:10, Max:67, Min:0
ACollision Out Avg:1, SD:3, Max:28, Min:0
ACollision End Avg:0, SD:0, Max:0, Min:0
ATask1 Avg:78, SD:3, Max:87, Min:63
ATask2 Avg:0, SD:0, Max:0, Min:0
ATask3 Avg:22, SD:3, Max:37, Min:13
ACore Active Avg:100, SD:0, Max:100, Min:94
ARouter Active Avg:95, SD:5, Max:100, Min:59
T1 invocations: 1,305,827
T2 invocations: 0
T3 invocations: 1,763,913
T3b invocations: 33,705,016
Total3 invocations: 35,468,929
Total4 invocations: 0

T3/T2 ratio: inf
T3b/T3 ratio: 19

T1 avg ex cycles: 197
T2 avg ex cycles: -nan
T3&b avg ex cycles: 2
T4 avg ex cycles: -nan
Avg. hops NOC1: -nan
Avg. latency NOC1 (T2): -nan
Avg. hops NOC2: 21
Avg. latency NOC2 (T3): 3,511
Number of K Nodes Processed: 35,946
Number of K Edges Processed: 35,946
Node Re-explore factor: 8.57
Edge Re-explore factor: 0.28
Nodes/cy: 1,762
Edges/cy: 1,762
TEPS: 6,289

---Pcache---
Pcache Size: 1,821
Cached: 1
  PHits: 18,622,326
  PMisses: 15,403,174
  PHit Rate (hit/miss): 55%
  PEvictions: 4,125,637
  PEviction Rate (evict/misses): 27%

---Energy---
Leakage Energy (nJ): 11,041
PU Dyn E (nJ): 2,237,416
Mem Dyn E (nJ): 6,788,482
Route Dyn E (nJ): 4,538,342
Dynamic Energy (nJ): 13,564,240
Ratio of Dyn/Leak: 1,229
Total Energy (nJ): 13,575,281
Total Energy (nJ) 3D: 13,976,965
Cores Energy (nJ): 2,238,325
Route Energy (nJ): 4,538,865
Route Energy (nJ) 3D: 4,940,550
Mem Energy   (nJ): 6,798,091
Mem Energy   (nJ) 3D: 6,798,091
Avg. Power (mW): 665,422.34
Power Density (mW/mm2): 192.25

---Runtime---
Runtime in K cycles: 20.40
Microseconds: 20.40
Time per iteration (ms): 0.02

---Throughput---
GOP/s (aka OPS/ns): 16,037.84
GOP/s per core: 0.98
FLOP/s: 2,008.10
FLOP/s per core: 0.12
Max Peak FLOP/s: 16,384.00
Avg. BW GB/s: 58,559.01
Max BW GB/s: 65,536.00

---Traffic---
In-Die bisection_bytes BW (GB/s): 2,048.00
Inter-board traffic (msg/ns): 0.00, per-link: 0.00
Inter-pack traffic (msg/ns): 0.00, per-link: 0.00
Inter-die traffic (msg/ns): 0.00, per-link: 0.00
Ruche traffic (msg/ns): 0.00, per-link: 0.00
All traffic (msg/ns): 72,618.67, per-link: 4.43
Inter-die reduction wrt all: inf
Inter-board reduction wrt inter-die: -nan

---Data Movement---
All traffic (msg): 1,481,493,546
Arith. Intensity FLOP/Loads: 0.21
Arith. Intensity FLOP/Msgs: 0.03
Arith. Intensity OPS/Loads: 1.71
Arith. Intensity OPS/Msgs: 0.22



===Core Utilization Total=== CORE-S:2;; TIME K cy:20 ;; Nodes Proc: 4,473,609 -- Edges Proc: 0

===PRINTING FRAME STATS

FCollision In Avg:26, SD:20, Max:110, Min:1
FCollision Out Avg:5, SD:8, Max:50, Min:0
FCollision End Avg:0, SD:0, Max:2, Min:0
FTask1 Avg:73, SD:4, Max:83, Min:44
FTask2 Avg:0, SD:0, Max:0, Min:0
FTask3 Avg:27, SD:3, Max:47, Min:17
FCore Active Avg:100, SD:1, Max:100, Min:79
FRouter Active Avg:99, SD:2, Max:101, Min:82
T1 invocations: 158,850
T2 invocations: 0
T3 invocations: 888,293
T3b invocations: 4,704,504
Total3 invocations: 5,592,797
Total4 invocations: 0

T3/T2 ratio: inf
T3b/T3 ratio: 5

T1 avg ex cycles: 187
T2 avg ex cycles: -nan
T3&b avg ex cycles: 2
T4 avg ex cycles: -nan
Avg. hops NOC1: -nan
Avg. latency NOC1 (T2): -nan
Avg. hops NOC2: 20
Avg. latency NOC2 (T3): 4,257

===PRINTING ACUM STATS at pu_cycles: 30,401

ACollision In Avg:19, SD:13, Max:73, Min:1
ACollision Out Avg:2, SD:4, Max:30, Min:0
ACollision End Avg:0, SD:0, Max:1, Min:0
ATask1 Avg:76, SD:3, Max:83, Min:61
ATask2 Avg:0, SD:0, Max:0, Min:0
ATask3 Avg:23, SD:3, Max:39, Min:17
ACore Active Avg:100, SD:0, Max:100, Min:93
ARouter Active Avg:96, SD:4, Max:100, Min:72
T1 invocations: 1,944,319
T2 invocations: 0
T3 invocations: 5,344,432
T3b invocations: 52,551,033
Total3 invocations: 57,895,465
Total4 invocations: 0

T3/T2 ratio: inf
T3b/T3 ratio: 10

T1 avg ex cycles: 194
T2 avg ex cycles: -nan
T3&b avg ex cycles: 2
T4 avg ex cycles: -nan
Avg. hops NOC1: -nan
Avg. latency NOC1 (T2): -nan
Avg. hops NOC2: 20
Avg. latency NOC2 (T3): 3,791
Number of K Nodes Processed: 58,357
Number of K Edges Processed: 58,357
Node Re-explore factor: 13.91
Edge Re-explore factor: 0.45
Nodes/cy: 1,920
Edges/cy: 1,920
TEPS: 4,221

---Pcache---
Pcache Size: 1,821
Cached: 1
  PHits: 31,239,498
  PMisses: 21,572,413
  PHit Rate (hit/miss): 59%
  PEvictions: 7,590,297
  PEviction Rate (evict/misses): 35%

---Energy---
Leakage Energy (nJ): 16,453
PU Dyn E (nJ): 3,324,758
Mem Dyn E (nJ): 10,740,170
Route Dyn E (nJ): 7,211,709
Dynamic Energy (nJ): 21,276,638
Ratio of Dyn/Leak: 1,293
Total Energy (nJ): 21,293,091
Total Energy (nJ) 3D: 21,931,393
Cores Energy (nJ): 3,326,113
Route Energy (nJ): 7,212,488
Route Energy (nJ) 3D: 7,850,790
Mem Energy   (nJ): 10,754,490
Mem Energy   (nJ) 3D: 10,754,490
Avg. Power (mW): 700,407.59
Power Density (mW/mm2): 202.36

---Runtime---
Runtime in K cycles: 30.40
Microseconds: 30.40
Time per iteration (ms): 0.03

---Throughput---
GOP/s (aka OPS/ns): 16,129.71
GOP/s per core: 0.98
FLOP/s: 1,968.21
FLOP/s per core: 0.12
Max Peak FLOP/s: 16,384.00
Avg. BW GB/s: 62,218.61
Max BW GB/s: 65,536.00

---Traffic---
In-Die bisection_bytes BW (GB/s): 2,048.00
Inter-board traffic (msg/ns): 0.00, per-link: 0.00
Inter-pack traffic (msg/ns): 0.00, per-link: 0.00
Inter-die traffic (msg/ns): 0.00, per-link: 0.00
Ruche traffic (msg/ns): 0.00, per-link: 0.00
All traffic (msg/ns): 77,538.63, per-link: 4.73
Inter-die reduction wrt all: inf
Inter-board reduction wrt inter-die: -nan

---Data Movement---
All traffic (msg): 2,357,251,966
Arith. Intensity FLOP/Loads: 0.20
Arith. Intensity FLOP/Msgs: 0.03
Arith. Intensity OPS/Loads: 1.65
Arith. Intensity OPS/Msgs: 0.21



===Core Utilization Total=== CORE-S:3;; TIME K cy:30 ;; Nodes Proc: 7,254,669 -- Edges Proc: 0

===PRINTING FRAME STATS

FCollision In Avg:33, SD:25, Max:120, Min:1
FCollision Out Avg:9, SD:11, Max:67, Min:0
FCollision End Avg:0, SD:1, Max:21, Min:0
FTask1 Avg:72, SD:5, Max:83, Min:25
FTask2 Avg:0, SD:0, Max:0, Min:0
FTask3 Avg:28, SD:4, Max:54, Min:15
FCore Active Avg:100, SD:2, Max:100, Min:65
FRouter Active Avg:99, SD:2, Max:101, Min:84
T1 invocations: 164,184
T2 invocations: 0
T3 invocations: 1,023,000
T3b invocations: 4,738,082
Total3 invocations: 5,761,082
Total4 invocations: 0

T3/T2 ratio: inf
T3b/T3 ratio: 5

T1 avg ex cycles: 178
T2 avg ex cycles: -nan
T3&b avg ex cycles: 2
T4 avg ex cycles: -nan
Avg. hops NOC1: -nan
Avg. latency NOC1 (T2): -nan
Avg. hops NOC2: 19
Avg. latency NOC2 (T3): 4,097

===PRINTING ACUM STATS at pu_cycles: 40,401

ACollision In Avg:23, SD:15, Max:77, Min:1
ACollision Out Avg:4, SD:5, Max:30, Min:0
ACollision End Avg:0, SD:0, Max:5, Min:0
ATask1 Avg:75, SD:3, Max:82, Min:59
ATask2 Avg:0, SD:0, Max:0, Min:0
ATask3 Avg:25, SD:3, Max:40, Min:18
ACore Active Avg:100, SD:1, Max:100, Min:90
ARouter Active Avg:97, SD:3, Max:100, Min:75
T1 invocations: 2,602,603
T2 invocations: 0
T3 invocations: 9,290,057
T3b invocations: 71,453,707
Total3 invocations: 80,743,764
Total4 invocations: 0

T3/T2 ratio: inf
T3b/T3 ratio: 8

T1 avg ex cycles: 190
T2 avg ex cycles: -nan
T3&b avg ex cycles: 2
T4 avg ex cycles: -nan
Avg. hops NOC1: -nan
Avg. latency NOC1 (T2): -nan
Avg. hops NOC2: 20
Avg. latency NOC2 (T3): 3,879
Number of K Nodes Processed: 81,199
Number of K Edges Processed: 81,199
Node Re-explore factor: 19.36
Edge Re-explore factor: 0.63
Nodes/cy: 2,010
Edges/cy: 2,010
TEPS: 3,176

---Pcache---
Pcache Size: 1,821
Cached: 1
  PHits: 44,256,581
  PMisses: 27,402,391
  PHit Rate (hit/miss): 62%
  PEvictions: 11,455,191
  PEviction Rate (evict/misses): 42%

---Energy---
Leakage Energy (nJ): 21,865
PU Dyn E (nJ): 4,406,024
Mem Dyn E (nJ): 14,737,861
Route Dyn E (nJ): 9,963,914
Dynamic Energy (nJ): 29,107,799
Ratio of Dyn/Leak: 1,331
Total Energy (nJ): 29,129,664
Total Energy (nJ) 3D: 30,011,561
Cores Energy (nJ): 4,407,823
Route Energy (nJ): 9,964,951
Route Energy (nJ) 3D: 10,846,848
Mem Energy   (nJ): 14,756,891
Mem Energy   (nJ) 3D: 14,756,891
Avg. Power (mW): 721,013.44
Power Density (mW/mm2): 208.31

---Runtime---
Runtime in K cycles: 40.40
Microseconds: 40.40
Time per iteration (ms): 0.04

---Throughput---
GOP/s (aka OPS/ns): 16,166.20
GOP/s per core: 0.99
FLOP/s: 1,942.29
FLOP/s per core: 0.12
Max Peak FLOP/s: 16,384.00
Avg. BW GB/s: 64,276.75
Max BW GB/s: 65,536.00

---Traffic---
In-Die bisection_bytes BW (GB/s): 2,048.00
Inter-board traffic (msg/ns): 0.00, per-link: 0.00
Inter-pack traffic (msg/ns): 0.00, per-link: 0.00
Inter-die traffic (msg/ns): 0.00, per-link: 0.00
Ruche traffic (msg/ns): 0.00, per-link: 0.00
All traffic (msg/ns): 80,650.42, per-link: 4.92
Inter-die reduction wrt all: inf
Inter-board reduction wrt inter-die: -nan

---Data Movement---
All traffic (msg): 3,258,357,734
Arith. Intensity FLOP/Loads: 0.19
Arith. Intensity FLOP/Msgs: 0.02
Arith. Intensity OPS/Loads: 1.62
Arith. Intensity OPS/Msgs: 0.20



===Core Utilization Total=== CORE-S:4;; TIME K cy:40 ;; Nodes Proc: 10,089,419 -- Edges Proc: 0

===PRINTING FRAME STATS

FCollision In Avg:38, SD:28, Max:124, Min:1
FCollision Out Avg:11, SD:13, Max:69, Min:0
FCollision End Avg:0, SD:0, Max:15, Min:0
FTask1 Avg:72, SD:5, Max:84, Min:21
FTask2 Avg:0, SD:0, Max:0, Min:0
FTask3 Avg:28, SD:4, Max:49, Min:16
FCore Active Avg:99, SD:2, Max:100, Min:63
FRouter Active Avg:99, SD:2, Max:101, Min:87
T1 invocations: 171,560
T2 invocations: 0
T3 invocations: 938,853
T3b invocations: 4,734,751
Total3 invocations: 5,673,604
Total4 invocations: 0

T3/T2 ratio: inf
T3b/T3 ratio: 5

T1 avg ex cycles: 171
T2 avg ex cycles: -nan
T3&b avg ex cycles: 2
T4 avg ex cycles: -nan
Avg. hops NOC1: -nan
Avg. latency NOC1 (T2): -nan
Avg. hops NOC2: 20
Avg. latency NOC2 (T3): 3,897

===PRINTING ACUM STATS at pu_cycles: 50,401

ACollision In Avg:26, SD:17, Max:79, Min:1
ACollision Out Avg:5, SD:7, Max:35, Min:0
ACollision End Avg:0, SD:0, Max:4, Min:0
ATask1 Avg:75, SD:3, Max:81, Min:54
ATask2 Avg:0, SD:0, Max:0, Min:0
ATask3 Avg:25, SD:3, Max:41, Min:19
ACore Active Avg:100, SD:1, Max:100, Min:86
ARouter Active Avg:97, SD:3, Max:100, Min:77
T1 invocations: 3,282,081
T2 invocations: 0
T3 invocations: 13,165,027
T3b invocations: 90,423,876
Total3 invocations: 103,588,903
Total4 invocations: 0

T3/T2 ratio: inf
T3b/T3 ratio: 7

T1 avg ex cycles: 186
T2 avg ex cycles: -nan
T3&b avg ex cycles: 2
T4 avg ex cycles: -nan
Avg. hops NOC1: -nan
Avg. latency NOC1 (T2): -nan
Avg. hops NOC2: 20
Avg. latency NOC2 (T3): 3,891
Number of K Nodes Processed: 104,055
Number of K Edges Processed: 104,055
Node Re-explore factor: 24.81
Edge Re-explore factor: 0.81
Nodes/cy: 2,065
Edges/cy: 2,065
TEPS: 2,546

---Pcache---
Pcache Size: 1,821
Cached: 1
  PHits: 57,480,156
  PMisses: 33,102,007
  PHit Rate (hit/miss): 63%
  PEvictions: 15,635,887
  PEviction Rate (evict/misses): 47%

---Energy---
Leakage Energy (nJ): 27,277
PU Dyn E (nJ): 5,483,774
Mem Dyn E (nJ): 18,734,284
Route Dyn E (nJ): 12,762,005
Dynamic Energy (nJ): 36,980,063
Ratio of Dyn/Leak: 1,356
Total Energy (nJ): 37,007,340
Total Energy (nJ) 3D: 38,136,893
Cores Energy (nJ): 5,486,018
Route Energy (nJ): 12,763,297
Route Energy (nJ) 3D: 13,892,851
Mem Energy   (nJ): 18,758,025
Mem Energy   (nJ) 3D: 18,758,025
Avg. Power (mW): 734,258.05
Power Density (mW/mm2): 212.14

---Runtime---
Runtime in K cycles: 50.40
Microseconds: 50.40
Time per iteration (ms): 0.05

---Throughput---
GOP/s (aka OPS/ns): 16,180.33
GOP/s per core: 0.99
FLOP/s: 1,924.80
FLOP/s per core: 0.12
Max Peak FLOP/s: 16,384.00
Avg. BW GB/s: 65,506.88
Max BW GB/s: 65,536.00

---Traffic---
In-Die bisection_bytes BW (GB/s): 2,048.00
Inter-board traffic (msg/ns): 0.00, per-link: 0.00
Inter-pack traffic (msg/ns): 0.00, per-link: 0.00
Inter-die traffic (msg/ns): 0.00, per-link: 0.00
Ruche traffic (msg/ns): 0.00, per-link: 0.00
All traffic (msg/ns): 82,810.23, per-link: 5.05
Inter-die reduction wrt all: inf
Inter-board reduction wrt inter-die: -nan

---Data Movement---
All traffic (msg): 4,173,718,512
Arith. Intensity FLOP/Loads: 0.19
Arith. Intensity FLOP/Msgs: 0.02
Arith. Intensity OPS/Loads: 1.59
Arith. Intensity OPS/Msgs: 0.20



===Core Utilization Total=== CORE-S:5;; TIME K cy:50 ;; Nodes Proc: 12,915,392 -- Edges Proc: 0

===PRINTING FRAME STATS

FCollision In Avg:43, SD:30, Max:134, Min:1
FCollision Out Avg:15, SD:16, Max:87, Min:0
FCollision End Avg:0, SD:1, Max:20, Min:0
FTask1 Avg:70, SD:7, Max:84, Min:13
FTask2 Avg:0, SD:0, Max:0, Min:0
FTask3 Avg:29, SD:5, Max:53, Min:16
FCore Active Avg:99, SD:4, Max:100, Min:46
FRouter Active Avg:99, SD:1, Max:101, Min:87
T1 invocations: 173,703
T2 invocations: 0
T3 invocations: 999,564
T3b invocations: 4,841,818
Total3 invocations: 5,841,382
Total4 invocations: 0

T3/T2 ratio: inf
T3b/T3 ratio: 5

T1 avg ex cycles: 166
T2 avg ex cycles: -nan
T3&b avg ex cycles: 2
T4 avg ex cycles: -nan
Avg. hops NOC1: -nan
Avg. latency NOC1 (T2): -nan
Avg. hops NOC2: 20
Avg. latency NOC2 (T3): 3,703

===PRINTING ACUM STATS at pu_cycles: 60,401

ACollision In Avg:29, SD:19, Max:83, Min:1
ACollision Out Avg:7, SD:8, Max:43, Min:0
ACollision End Avg:0, SD:0, Max:5, Min:0
ATask1 Avg:74, SD:3, Max:81, Min:47
ATask2 Avg:0, SD:0, Max:0, Min:0
ATask3 Avg:26, SD:3, Max:41, Min:19
ACore Active Avg:100, SD:1, Max:100, Min:79
ARouter Active Avg:98, SD:3, Max:100, Min:79
T1 invocations: 3,973,185
T2 invocations: 0
T3 invocations: 17,158,118
T3b invocations: 109,817,316
Total3 invocations: 126,975,434
Total4 invocations: 0

T3/T2 ratio: inf
T3b/T3 ratio: 6

T1 avg ex cycles: 183
T2 avg ex cycles: -nan
T3&b avg ex cycles: 2
T4 avg ex cycles: -nan
Avg. hops NOC1: -nan
Avg. latency NOC1 (T2): -nan
Avg. hops NOC2: 20
Avg. latency NOC2 (T3): 3,854
Number of K Nodes Processed: 127,466
Number of K Edges Processed: 127,466
Node Re-explore factor: 30.39
Edge Re-explore factor: 0.99
Nodes/cy: 2,110
Edges/cy: 2,110
TEPS: 2,124

---Pcache---
Pcache Size: 1,821
Cached: 1
  PHits: 70,992,600
  PMisses: 38,955,624
  PHit Rate (hit/miss): 65%
  PEvictions: 20,247,798
  PEviction Rate (evict/misses): 52%

---Energy---
Leakage Energy (nJ): 32,689
PU Dyn E (nJ): 6,546,565
Mem Dyn E (nJ): 22,790,340
Route Dyn E (nJ): 15,527,011
Dynamic Energy (nJ): 44,863,917
Ratio of Dyn/Leak: 1,372
Total Energy (nJ): 44,896,606
Total Energy (nJ) 3D: 46,270,887
Cores Energy (nJ): 6,549,255
Route Energy (nJ): 15,528,560
Route Energy (nJ) 3D: 16,902,842
Mem Energy   (nJ): 22,818,792
Mem Energy   (nJ) 3D: 22,818,792
Avg. Power (mW): 743,308.99
Power Density (mW/mm2): 214.75

---Runtime---
Runtime in K cycles: 60.40
Microseconds: 60.40
Time per iteration (ms): 0.06

---Throughput---
GOP/s (aka OPS/ns): 16,164.95
GOP/s per core: 0.99
FLOP/s: 1,905.72
FLOP/s per core: 0.12
Max Peak FLOP/s: 16,384.00
Avg. BW GB/s: 66,488.07
Max BW GB/s: 65,536.00

---Traffic---
In-Die bisection_bytes BW (GB/s): 2,048.00
Inter-board traffic (msg/ns): 0.00, per-link: 0.00
Inter-pack traffic (msg/ns): 0.00, per-link: 0.00
Inter-die traffic (msg/ns): 0.00, per-link: 0.00
Ruche traffic (msg/ns): 0.00, per-link: 0.00
All traffic (msg/ns): 84,102.57, per-link: 5.13
Inter-die reduction wrt all: inf
Inter-board reduction wrt inter-die: -nan

---Data Movement---
All traffic (msg): 5,079,879,328
Arith. Intensity FLOP/Loads: 0.19
Arith. Intensity FLOP/Msgs: 0.02
Arith. Intensity OPS/Loads: 1.58
Arith. Intensity OPS/Msgs: 0.19



===Core Utilization Total=== CORE-S:6;; TIME K cy:60 ;; Nodes Proc: 15,765,896 -- Edges Proc: 0

===PRINTING FRAME STATS

FCollision In Avg:59, SD:22, Max:159, Min:5
FCollision Out Avg:23, SD:19, Max:103, Min:1
FCollision End Avg:0, SD:2, Max:38, Min:0
FTask1 Avg:48, SD:15, Max:88, Min:7
FTask2 Avg:0, SD:0, Max:0, Min:0
FTask3 Avg:34, SD:8, Max:62, Min:12
FCore Active Avg:83, SD:9, Max:100, Min:44
FRouter Active Avg:99, SD:1, Max:101, Min:90
T1 invocations: 118,940
T2 invocations: 0
T3 invocations: 1,245,859
T3b invocations: 5,647,750
Total3 invocations: 6,893,609
Total4 invocations: 0

T3/T2 ratio: inf
T3b/T3 ratio: 5

T1 avg ex cycles: 163
T2 avg ex cycles: -nan
T3&b avg ex cycles: 2
T4 avg ex cycles: -nan
Avg. hops NOC1: -nan
Avg. latency NOC1 (T2): -nan
Avg. hops NOC2: 15
Avg. latency NOC2 (T3): 2,744

===PRINTING ACUM STATS at pu_cycles: 70,396

ACollision In Avg:33, SD:18, Max:87, Min:3
ACollision Out Avg:9, SD:9, Max:46, Min:0
ACollision End Avg:0, SD:0, Max:9, Min:0
ATask1 Avg:70, SD:2, Max:72, Min:46
ATask2 Avg:0, SD:0, Max:0, Min:0
ATask3 Avg:27, SD:2, Max:40, Min:22
ACore Active Avg:97, SD:2, Max:100, Min:78
ARouter Active Avg:98, SD:3, Max:100, Min:80
T1 invocations: 4,442,170
T2 invocations: 0
T3 invocations: 22,140,876
T3b invocations: 132,262,102
Total3 invocations: 154,402,978
Total4 invocations: 0

T3/T2 ratio: inf
T3b/T3 ratio: 6

T1 avg ex cycles: 181
T2 avg ex cycles: -nan
T3&b avg ex cycles: 2
T4 avg ex cycles: -nan
Avg. hops NOC1: -nan
Avg. latency NOC1 (T2): -nan
Avg. hops NOC2: 19
Avg. latency NOC2 (T3): 3,659
Number of K Nodes Processed: 154,899
Number of K Edges Processed: 154,899
Node Re-explore factor: 36.93
Edge Re-explore factor: 1.21
Nodes/cy: 2,200
Edges/cy: 2,200
TEPS: 1,823

---Pcache---
Pcache Size: 1,821
Cached: 1
  PHits: 84,915,719
  PMisses: 47,482,021
  PHit Rate (hit/miss): 64%
  PEvictions: 26,391,795
  PEviction Rate (evict/misses): 56%

---Energy---
Leakage Energy (nJ): 38,099
PU Dyn E (nJ): 7,365,706
Mem Dyn E (nJ): 27,164,437
Route Dyn E (nJ): 17,984,507
Dynamic Energy (nJ): 52,514,651
Ratio of Dyn/Leak: 1,378
Total Energy (nJ): 52,552,750
Total Energy (nJ) 3D: 54,144,542
Cores Energy (nJ): 7,368,841
Route Energy (nJ): 17,986,313
Route Energy (nJ) 3D: 19,578,105
Mem Energy   (nJ): 27,197,596
Mem Energy   (nJ) 3D: 27,197,596
Avg. Power (mW): 746,530.34
Power Density (mW/mm2): 215.68

---Runtime---
Runtime in K cycles: 70.40
Microseconds: 70.40
Time per iteration (ms): 0.07

---Throughput---
GOP/s (aka OPS/ns): 15,735.06
GOP/s per core: 0.96
FLOP/s: 1,807.29
FLOP/s per core: 0.11
Max Peak FLOP/s: 16,384.00
Avg. BW GB/s: 67,855.91
Max BW GB/s: 65,536.00

---Traffic---
In-Die bisection_bytes BW (GB/s): 2,048.00
Inter-board traffic (msg/ns): 0.00, per-link: 0.00
Inter-pack traffic (msg/ns): 0.00, per-link: 0.00
Inter-die traffic (msg/ns): 0.00, per-link: 0.00
Ruche traffic (msg/ns): 0.00, per-link: 0.00
All traffic (msg/ns): 83,790.92, per-link: 5.11
Inter-die reduction wrt all: inf
Inter-board reduction wrt inter-die: -nan

---Data Movement---
All traffic (msg): 5,898,545,294
Arith. Intensity FLOP/Loads: 0.18
Arith. Intensity FLOP/Msgs: 0.02
Arith. Intensity OPS/Loads: 1.52
Arith. Intensity OPS/Msgs: 0.19



===Core Utilization Total=== CORE-S:7;; TIME K cy:70 ;; Nodes Proc: 19,243,016 -- Edges Proc: 0

===PRINTING FRAME STATS

FCollision In Avg:78, SD:16, Max:142, Min:12
FCollision Out Avg:14, SD:7, Max:103, Min:1
FCollision End Avg:0, SD:1, Max:26, Min:0
FTask1 Avg:5, SD:14, Max:94, Min:0
FTask2 Avg:0, SD:0, Max:0, Min:0
FTask3 Avg:26, SD:10, Max:56, Min:1
FCore Active Avg:39, SD:18, Max:100, Min:1
FRouter Active Avg:97, SD:2, Max:101, Min:89
T1 invocations: 12,224
T2 invocations: 0
T3 invocations: 593,194
T3b invocations: 4,675,897
Total3 invocations: 5,269,091
Total4 invocations: 0

T3/T2 ratio: inf
T3b/T3 ratio: 8

T1 avg ex cycles: 166
T2 avg ex cycles: -nan
T3&b avg ex cycles: 2
T4 avg ex cycles: -nan
Avg. hops NOC1: -nan
Avg. latency NOC1 (T2): -nan
Avg. hops NOC2: 16
Avg. latency NOC2 (T3): 844

===PRINTING ACUM STATS at pu_cycles: 80,202

ACollision In Avg:38, SD:16, Max:87, Min:5
ACollision Out Avg:10, SD:8, Max:46, Min:0
ACollision End Avg:0, SD:0, Max:8, Min:0
ATask1 Avg:62, SD:2, Max:72, Min:46
ATask2 Avg:0, SD:0, Max:0, Min:0
ATask3 Avg:27, SD:2, Max:36, Min:22
ACore Active Avg:90, SD:3, Max:100, Min:78
ARouter Active Avg:98, SD:2, Max:100, Min:83
T1 invocations: 4,479,829
T2 invocations: 0
T3 invocations: 24,394,030
T3b invocations: 150,693,520
Total3 invocations: 175,087,550
Total4 invocations: 0

T3/T2 ratio: inf
T3b/T3 ratio: 6

T1 avg ex cycles: 181
T2 avg ex cycles: -nan
T3&b avg ex cycles: 2
T4 avg ex cycles: -nan
Avg. hops NOC1: -nan
Avg. latency NOC1 (T2): -nan
Avg. hops NOC2: 19
Avg. latency NOC2 (T3): 3,319
Number of K Nodes Processed: 175,289
Number of K Edges Processed: 175,289
Node Re-explore factor: 41.79
Edge Re-explore factor: 1.37
Nodes/cy: 2,186
Edges/cy: 2,186
TEPS: 1,600

---Pcache---
Pcache Size: 1,821
Cached: 1
  PHits: 90,979,870
  PMisses: 59,569,331
  PHit Rate (hit/miss): 60%
  PEvictions: 31,233,459
  PEviction Rate (evict/misses): 52%

---Energy---
Leakage Energy (nJ): 43,406
PU Dyn E (nJ): 7,599,600
Mem Dyn E (nJ): 30,147,467
Route Dyn E (nJ): 19,997,103
Dynamic Energy (nJ): 57,744,169
Ratio of Dyn/Leak: 1,330
Total Energy (nJ): 57,787,575
Total Energy (nJ) 3D: 59,557,501
Cores Energy (nJ): 7,603,171
Route Energy (nJ): 19,999,159
Route Energy (nJ) 3D: 21,769,085
Mem Energy   (nJ): 30,185,245
Mem Energy   (nJ) 3D: 30,185,245
Avg. Power (mW): 720,525.36
Power Density (mW/mm2): 208.17

---Runtime---
Runtime in K cycles: 80.20
Microseconds: 80.20
Time per iteration (ms): 0.08

---Throughput---
GOP/s (aka OPS/ns): 14,403.04
GOP/s per core: 0.88
FLOP/s: 1,598.37
FLOP/s per core: 0.10
Max Peak FLOP/s: 16,384.00
Avg. BW GB/s: 65,851.22
Max BW GB/s: 65,536.00

---Traffic---
In-Die bisection_bytes BW (GB/s): 2,048.00
Inter-board traffic (msg/ns): 0.00, per-link: 0.00
Inter-pack traffic (msg/ns): 0.00, per-link: 0.00
Inter-die traffic (msg/ns): 0.00, per-link: 0.00
Ruche traffic (msg/ns): 0.00, per-link: 0.00
All traffic (msg/ns): 81,861.38, per-link: 5.00
Inter-die reduction wrt all: inf
Inter-board reduction wrt inter-die: -nan

---Data Movement---
All traffic (msg): 6,565,446,324
Arith. Intensity FLOP/Loads: 0.16
Arith. Intensity FLOP/Msgs: 0.02
Arith. Intensity OPS/Loads: 1.46
Arith. Intensity OPS/Msgs: 0.18



===Core Utilization Total=== CORE-S:8;; TIME K cy:80 ;; Nodes Proc: 21,709,203 -- Edges Proc: 0

===PRINTING FRAME STATS

FCollision In Avg:65, SD:20, Max:98, Min:2
FCollision Out Avg:9, SD:3, Max:19, Min:0
FCollision End Avg:0, SD:0, Max:0, Min:0
FTask1 Avg:0, SD:2, Max:91, Min:0
FTask2 Avg:0, SD:0, Max:0, Min:0
FTask3 Avg:29, SD:10, Max:58, Min:5
FCore Active Avg:41, SD:14, Max:100, Min:7
FRouter Active Avg:99, SD:1, Max:101, Min:93
T1 invocations: 144
T2 invocations: 0
T3 invocations: 1,109,356
T3b invocations: 4,770,068
Total3 invocations: 5,879,424
Total4 invocations: 0

T3/T2 ratio: inf
T3b/T3 ratio: 4

T1 avg ex cycles: 194
T2 avg ex cycles: -nan
T3&b avg ex cycles: 2
T4 avg ex cycles: -nan
Avg. hops NOC1: -nan
Avg. latency NOC1 (T2): -nan
Avg. hops NOC2: 17
Avg. latency NOC2 (T3): 218

===PRINTING ACUM STATS at pu_cycles: 90,003

ACollision In Avg:42, SD:15, Max:83, Min:8
ACollision Out Avg:10, SD:7, Max:41, Min:0
ACollision End Avg:0, SD:0, Max:7, Min:0
ATask1 Avg:55, SD:0, Max:57, Min:55
ATask2 Avg:0, SD:0, Max:0, Min:0
ATask3 Avg:27, SD:2, Max:37, Min:22
ACore Active Avg:84, SD:2, Max:95, Min:78
ARouter Active Avg:98, SD:2, Max:100, Min:84
T1 invocations: 4,484,094
T2 invocations: 0
T3 invocations: 28,745,998
T3b invocations: 169,504,825
Total3 invocations: 198,250,823
Total4 invocations: 0

T3/T2 ratio: inf
T3b/T3 ratio: 6

T1 avg ex cycles: 181
T2 avg ex cycles: -nan
T3&b avg ex cycles: 2
T4 avg ex cycles: -nan
Avg. hops NOC1: -nan
Avg. latency NOC1 (T2): -nan
Avg. hops NOC2: 19
Avg. latency NOC2 (T3): 2,959
Number of K Nodes Processed: 198,776
Number of K Edges Processed: 198,776
Node Re-explore factor: 47.39
Edge Re-explore factor: 1.55
Nodes/cy: 2,209
Edges/cy: 2,209
TEPS: 1,426

---Pcache---
Pcache Size: 1,821
Cached: 1
  PHits: 95,325,476
  PMisses: 74,274,694
  PHit Rate (hit/miss): 56%
  PEvictions: 34,097,327
  PEviction Rate (evict/misses): 46%

---Energy---
Leakage Energy (nJ): 48,710
PU Dyn E (nJ): 7,816,208
Mem Dyn E (nJ): 33,422,850
Route Dyn E (nJ): 22,373,202
Dynamic Energy (nJ): 63,612,261
Ratio of Dyn/Leak: 1,306
Total Energy (nJ): 63,660,971
Total Energy (nJ) 3D: 65,641,202
Cores Energy (nJ): 7,820,216
Route Energy (nJ): 22,375,510
Route Energy (nJ) 3D: 24,355,741
Mem Energy   (nJ): 33,465,245
Mem Energy   (nJ) 3D: 33,465,245
Avg. Power (mW): 707,320.54
Power Density (mW/mm2): 204.35

---Runtime---
Runtime in K cycles: 90.00
Microseconds: 90.00
Time per iteration (ms): 0.09

---Throughput---
GOP/s (aka OPS/ns): 13,357.56
GOP/s per core: 0.82
FLOP/s: 1,425.62
FLOP/s per core: 0.09
Max Peak FLOP/s: 16,384.00
Avg. BW GB/s: 64,867.98
Max BW GB/s: 65,536.00

---Traffic---
In-Die bisection_bytes BW (GB/s): 2,048.00
Inter-board traffic (msg/ns): 0.00, per-link: 0.00
Inter-pack traffic (msg/ns): 0.00, per-link: 0.00
Inter-die traffic (msg/ns): 0.00, per-link: 0.00
Ruche traffic (msg/ns): 0.00, per-link: 0.00
All traffic (msg/ns): 81,667.11, per-link: 4.98
Inter-die reduction wrt all: inf
Inter-board reduction wrt inter-die: -nan

---Data Movement---
All traffic (msg): 7,350,284,870
Arith. Intensity FLOP/Loads: 0.15
Arith. Intensity FLOP/Msgs: 0.02
Arith. Intensity OPS/Loads: 1.40
Arith. Intensity OPS/Msgs: 0.16



===Core Utilization Total=== CORE-S:9;; TIME K cy:90 ;; Nodes Proc: 24,457,659 -- Edges Proc: 0
Epoch Done Router: 5
Epoch Done Router: 0
Epoch Done Router: 4
Epoch Done Router: 7
Epoch Done Router: 3
Epoch Done Router: 6
Epoch Done Router: 1
Epoch Done Router: 2
##EPOCH## 1 COMPLETED at Time (K cy): 99
Nodes processed until now: 208,853,756
Edges processed until now: 0
Program Done Worker Thread: 0
Program Done Router Thread: 0
Program Done Router Thread: 3
Program Done Worker Thread: 6
Program Done Router Thread: 1
Program Done Router Thread: 4
Program Done Worker Thread: 7
Program Done Router Thread: 6
Program Done Router Thread: 2
Program Done Worker Thread: 4
Program Done Worker Thread: 1
Program Done Router Thread: 5
Program Done Worker Thread: 5
Program Done Worker Thread: 3
Program Done Worker Thread: 2
Program Done Router Thread: 7

===PRINTING ACUM STATS at pu_cycles: 99,436

ACollision In Avg:39, SD:14, Max:80, Min:9
ACollision Out Avg:9, SD:7, Max:37, Min:0
ACollision End Avg:0, SD:0, Max:7, Min:0
ATask1 Avg:50, SD:0, Max:51, Min:49
ATask2 Avg:0, SD:0, Max:0, Min:0
ATask3 Avg:26, SD:2, Max:35, Min:21
ACore Active Avg:78, SD:2, Max:88, Min:73
ARouter Active Avg:94, SD:2, Max:98, Min:79
T1 invocations: 4,484,128
T2 invocations: 0
T3 invocations: 32,032,847
T3b invocations: 176,820,909
Total3 invocations: 208,853,756
Total4 invocations: 0

T3/T2 ratio: inf
T3b/T3 ratio: 6

T1 avg ex cycles: 181
T2 avg ex cycles: -nan
T3&b avg ex cycles: 2
T4 avg ex cycles: -nan
Avg. hops NOC1: -nan
Avg. latency NOC1 (T2): -nan
Avg. hops NOC2: 18
Avg. latency NOC2 (T3): 2,815

Runtime at program end in K cycles: 99
Runtime before cooldown in K cycles: 90


Number of K Nodes Processed: 208,853
Number of K Edges Processed: 208,853
Node Re-explore factor: 49.79
Edge Re-explore factor: 1.63
Nodes/cy: 2,100
Edges/cy: 2,100
TEPS: 1,290

---Pcache---
Pcache Size: 1,821
Cached: 1
  PHits: 96,041,904
  PMisses: 80,441,375
  PHit Rate (hit/miss): 54%
  PEvictions: 34,346,953
  PEviction Rate (evict/misses): 43%

---Energy---
Leakage Energy (nJ): 53,815
PU Dyn E (nJ): 7,912,875
Mem Dyn E (nJ): 34,883,954
Route Dyn E (nJ): 23,444,850
Dynamic Energy (nJ): 66,241,679
Ratio of Dyn/Leak: 1,231
Total Energy (nJ): 66,295,494
Total Energy (nJ) 3D: 68,370,577
Cores Energy (nJ): 7,917,303
Route Energy (nJ): 23,447,399
Route Energy (nJ) 3D: 25,522,482
Mem Energy   (nJ): 34,930,792
Mem Energy   (nJ) 3D: 34,930,792
Avg. Power (mW): 666,715.21
Power Density (mW/mm2): 192.62

---Runtime---
Runtime in K cycles: 99.44
Microseconds: 99.44
Time per iteration (ms): 0.10

---Inst---
K Loads: 892,152
K Stores: 631,045
K Instructions: 1,223,432

---Throughput---
GOP/s (aka OPS/ns): 12,303.72
GOP/s per core: 0.75
FLOP/s: 1,290.39
FLOP/s per core: 0.08
Max Peak FLOP/s: 16,384.00
Avg. BW GB/s: 61,273.50
Max BW GB/s: 65,536.00

---Traffic---
In-Die bisection_bytes BW (GB/s): 2,048.00
Inter-board traffic (msg/ns): 0.00, per-link: 0.00
Inter-pack traffic (msg/ns): 0.00, per-link: 0.00
Inter-die traffic (msg/ns): 0.00, per-link: 0.00
Ruche traffic (msg/ns): 0.00, per-link: 0.00
All traffic (msg/ns): 77,482.68, per-link: 4.73
Inter-die reduction wrt all: inf
Inter-board reduction wrt inter-die: -nan

---Data Movement---
All traffic (msg): 7,704,568,078
Arith. Intensity FLOP/Loads: 0.14
Arith. Intensity FLOP/Msgs: 0.02
Arith. Intensity OPS/Loads: 1.37
Arith. Intensity OPS/Msgs: 0.16

Simulation time: 439.76
Sim noc_cy/s: 226.11
Sim Msg/s: 17,519,930.46

Version 31

