Dataset:  Kron22/
Dry run: 0
Open Edge Count File succesfully
Edges Traversed BFS: 128309848
Found Vertices: 4194304, Edges: 128311436
avg degree 31
Array  Kron22/node_array.bin found
Malloc array of size 16777220 bytes
Readin array of size 16777216 bytes
Finished Reading Array Bytes
No reordering Array 32bit
Array  Kron22/edge_array.bin found
Malloc array of size 513245744 bytes
Readin array of size 513245744 bytes
Finished Reading Array Bytes
No reordering Array 32bit
Reading graph elapsed time: 0.116718s

Dataset Footprint: 506 MiB
Dataset Footprint per Board: 4244.64 Mb
Dataset injection time (ms): 0.064768
Max Dataset Footprint: 1027 MiB

Dataset footprint per tile: 31 KiB
Proxys footprint per tile: 64 KiB
Reserved SRAM per tile: 7 KiB

Ideal SRAM per tile: 102 KiB
reserved_words_for_dataset:25855
dataset_words_per_tile:8096
remaining_sram_words:129278
min_dcache_sram_words_required:8096
dataset_words_per_tile:8096
min_pcache_sram_words_required:8
proxys_words_per_tile:16384
Dcache footprint ratio: 1
Pcache footprint ratio: 19
Dataset Cached: 0
DCache: 8096 words, lines: 506, sets: 506
Proxys Cached: 1
Pcache: 886 words, sets: 886
Node per tile: 256
Edge per tile: 7,832
GRID_X: 128
GRID_SIZE: 16,384
smt_per_tile: 1
noc_freq: 1
pu_freq: 1
RUCHE_X: 0
PROXY_W: 16
DIE_W: 128
DIE_H: 128
DIES: 1
BORDER_TILES_PER_DIE: 512
PACK_W: 128
PACK_H: 128
DIES_PACK_FACTOR: 1
DIES_PER_PACK: 1
PACKAGES: 1
BOARD_W: 128
BOARD_H: 128
BOARDS: 1
MUX_BUS: 1
DCACHE: 0
PCACHE: 1
PROXY_FACTOR: 8
CACHE_WAYS: 1
TORUS: 1
PHY_NOCS: 1
WIDE_NOC_ID: 0
NOC_CONF: 1
noc_width: 32
hbm_channel_bit_width: 512
ld_st_op_byte_width: 4
PROXY_ROUTING: 4
WRITE_THROUGH: 0
ASSERT_MODE: 0
GLOBAL_BARRIER: 0
OQ flits: 6 ; 32 ; 64
IQ flits: 6 ; 512 ; 1,024
OQ messages: 2 ; 16 ; 32
IQ messages: 2 ; 256 ; 512
max_task2 size: 64
io_factor_t2: 16
io_factor_t3: 16
io_factor_t3b: 16

Active SRAM Storage per tile: 42 KiB
Total SRAM Storage per tile: 512 KiB
Agreggated SRAM Storage: 8,192 MiB

Inter-Die #links: 4,096
Inter-Die (Gbits): 131,072
Inter-Die (Gbits/mm): 563.524
Bisection BW of Board (Gbits): 32,768
Border IO #Dies: 4
Border IO Die BW (Gbits): 16,384
Off-Board BW Total (Gbits): 65,536
Off-Board BW Density (Gbits/mm): 278
Die side: 58.15 mm
Die border wire density: 563.52 Gbits/mm
HBM wire density: 70.44 Gbits/mm

Tiles per Die: 16,384 (128x128)
Tile Area: 0.19 mm2, side: 0.44 mm
- Core/Rout Area: 0.05 mm2
- SRAM Area: 0.14 mm2
- SRAM/Logic Ratio: 2.80x

Dies per Package: 1 (1x1)
Die Area: 3,381.23 mm2, side: 58.15 mm
- Tiles Area: 3,191.28 mm2
- PHY Area: 189.96 mm2
- MC Area: 0.00 mm2

Packages per Board: 1 (1x1)
Package Area: 3,461.23 mm2, side: 58.83 mm
- IOdie Area: 80.00 mm2
- Dies Area: 3,381.23 mm2
- HBM Area: 0.00 mm2

Boards: 1 (1x1)
Board Area: 3,461.23 mm2
Total Area: 3,461.23 mm2



ESTIMATED COST OF SILICON AND PACKAGING. ONLY VARIABLE, NO FIXED COSTS
Good dies per wafer 3d: 5
Good dies per wafer 2d: 6
--Dies 3D Cost: 1,209.40 $
--Dies 2.5D Cost: 1,007.83 $
--Dies 2D Cost: 1,007.83 $
--HBM Cost: 60.00 $
--IOdie Cost: 8.44 $
--Packaging Cost 3d: 233.07 $
--Packaging Cost 2.5d: 505.18 $
--Packaging Cost 2d: 152.44 $
SiP Cost 3d: 1,510.91 $
SiP Cost 2.5d: 1,581.46 $
SiP Cost 2d: 1,168.71 $
--Board Cost: 3.46 $
Total SiPs Cost 3d: 1,514.37 $
Total SiPs Cost 2.5d: 1,584.92 $
Total SiPs Cost 2d: 1,172.18 $

Perf counters initialized
Mesh connected
Cache structures initialized
Allocated proxys
proxys initialized
Dataset structures initialized


Starting Simulation
INIT epoch: 1
INIT epoch: 1
INIT epoch: 1
INIT epoch: 1
INIT epoch: 1
INIT epoch: 1
INIT epoch: 1
INIT epoch: 1
INIT epoch: 1
INIT epoch: 1
INIT epoch: 1
INIT epoch: 1
INIT epoch: 1
INIT epoch: 1
INIT epoch: 1
INIT epoch: 1

===PRINTING FRAME STATS

FCollision In Avg:-nan, SD:-nan, Max:87, Min:1
FCollision Out Avg:-nan, SD:-nan, Max:40, Min:0
FCollision End Avg:-nan, SD:-nan, Max:9, Min:0
FTask1 Avg:-nan, SD:-nan, Max:88, Min:48
FTask2 Avg:-nan, SD:-nan, Max:0, Min:0
FTask3 Avg:-nan, SD:-nan, Max:35, Min:12
FCore Active Avg:-nan, SD:-nan, Max:100, Min:80
FRouter Active Avg:-nan, SD:-nan, Max:101, Min:68
T1 invocations: 176,839
T2 invocations: 0
T3 invocations: 173,037
T3b invocations: 3,661,022
Total3 invocations: 3,834,059
Total4 invocations: 0

T3/T2 ratio: inf
T3b/T3 ratio: 21

T1 avg ex cycles: 190
T2 avg ex cycles: -nan
T3&b avg ex cycles: 2
T4 avg ex cycles: -nan
Avg. hops NOC1: -nan
Avg. latency NOC1 (T2): -nan
Avg. hops NOC2: 26
Avg. latency NOC2 (T3): 3,097

===PRINTING ACUM STATS at pu_cycles: 10,401

ACollision In Avg:25, SD:16, Max:87, Min:1
ACollision Out Avg:6, SD:7, Max:40, Min:0
ACollision End Avg:0, SD:0, Max:9, Min:0
ATask1 Avg:81, SD:4, Max:88, Min:48
ATask2 Avg:0, SD:0, Max:0, Min:0
ATask3 Avg:19, SD:3, Max:35, Min:12
ACore Active Avg:100, SD:1, Max:100, Min:80
ARouter Active Avg:96, SD:5, Max:101, Min:68
T1 invocations: 708,070
T2 invocations: 0
T3 invocations: 690,869
T3b invocations: 14,678,434
Total3 invocations: 15,369,303
Total4 invocations: 0

T3/T2 ratio: inf
T3b/T3 ratio: 21

T1 avg ex cycles: 189
T2 avg ex cycles: -nan
T3&b avg ex cycles: 2
T4 avg ex cycles: -nan
Avg. hops NOC1: -nan
Avg. latency NOC1 (T2): -nan
Avg. hops NOC2: 26
Avg. latency NOC2 (T3): 3,086
Number of K Nodes Processed: 15,832
Number of K Edges Processed: 15,832
Node Re-explore factor: 3.77
Edge Re-explore factor: 0.12
Nodes/cy: 1,522
Edges/cy: 1,522
TEPS: 12,336

---Pcache---
Pcache Size: 886
Cached: 1
  PHits: 6,374,051
  PMisses: 8,598,301
  PHit Rate (hit/miss): 43%
  PEvictions: 2,522,786
  PEviction Rate (evict/misses): 29%

---Energy---
Leakage Energy (nJ): 5,203
PU Dyn E (nJ): 1,135,159
Mem Dyn E (nJ): 3,092,769
Route Dyn E (nJ): 2,429,217
Dynamic Energy (nJ): 6,657,145
Ratio of Dyn/Leak: 1,279
Total Energy (nJ): 6,662,348
Total Energy (nJ) 3D: 6,877,356
Cores Energy (nJ): 1,135,623
Route Energy (nJ): 2,429,484
Route Energy (nJ) 3D: 2,644,492
Mem Energy   (nJ): 3,097,242
Mem Energy   (nJ) 3D: 3,097,242
Avg. Power (mW): 640,548.80
Power Density (mW/mm2): 185.06

---Runtime---
Runtime in K cycles: 10.40
Microseconds: 10.40
Time per iteration (ms): 0.01

---Throughput---
GOP/s (aka OPS/ns): 15,772.02
GOP/s per core: 0.96
FLOP/s: 2,045.34
FLOP/s per core: 0.12
Max Peak FLOP/s: 16,384.00
Avg. BW GB/s: 52,643.88
Max BW GB/s: 65,536.00

---Traffic---
In-Die bisection_bytes BW (GB/s): 2,048.00
Inter-board traffic (msg/ns): 0.00, per-link: 0.00
Inter-pack traffic (msg/ns): 0.00, per-link: 0.00
Inter-die traffic (msg/ns): 0.00, per-link: 0.00
Ruche traffic (msg/ns): 0.00, per-link: 0.00
All traffic (msg/ns): 75,546.60, per-link: 4.61
Inter-die reduction wrt all: inf
Inter-board reduction wrt inter-die: -nan

---Data Movement---
All traffic (msg): 785,760,160
Arith. Intensity FLOP/Loads: 0.24
Arith. Intensity FLOP/Msgs: 0.03
Arith. Intensity OPS/Loads: 1.82
Arith. Intensity OPS/Msgs: 0.21



===Core Utilization Total=== CORE-S:1;; TIME K cy:10 ;; Nodes Proc: 974,433 -- Edges Proc: 0

===PRINTING FRAME STATS

FCollision In Avg:75, SD:33, Max:177, Min:2
FCollision Out Avg:42, SD:24, Max:110, Min:0
FCollision End Avg:0, SD:2, Max:42, Min:0
FTask1 Avg:62, SD:13, Max:86, Min:12
FTask2 Avg:0, SD:0, Max:0, Min:0
FTask3 Avg:31, SD:6, Max:54, Min:13
FCore Active Avg:93, SD:9, Max:100, Min:46
FRouter Active Avg:99, SD:1, Max:101, Min:92
T1 invocations: 172,202
T2 invocations: 0
T3 invocations: 1,118,897
T3b invocations: 5,174,323
Total3 invocations: 6,293,220
Total4 invocations: 0

T3/T2 ratio: inf
T3b/T3 ratio: 5

T1 avg ex cycles: 147
T2 avg ex cycles: -nan
T3&b avg ex cycles: 2
T4 avg ex cycles: -nan
Avg. hops NOC1: -nan
Avg. latency NOC1 (T2): -nan
Avg. hops NOC2: 18
Avg. latency NOC2 (T3): 2,959

===PRINTING ACUM STATS at pu_cycles: 20,401

ACollision In Avg:49, SD:22, Max:107, Min:2
ACollision Out Avg:23, SD:14, Max:66, Min:0
ACollision End Avg:0, SD:1, Max:21, Min:0
ATask1 Avg:72, SD:7, Max:85, Min:39
ATask2 Avg:0, SD:0, Max:0, Min:0
ATask3 Avg:25, SD:4, Max:40, Min:14
ACore Active Avg:96, SD:5, Max:100, Min:69
ARouter Active Avg:97, SD:3, Max:100, Min:80
T1 invocations: 1,384,339
T2 invocations: 0
T3 invocations: 5,024,626
T3b invocations: 35,230,081
Total3 invocations: 40,254,707
Total4 invocations: 0

T3/T2 ratio: inf
T3b/T3 ratio: 7

T1 avg ex cycles: 169
T2 avg ex cycles: -nan
T3&b avg ex cycles: 2
T4 avg ex cycles: -nan
Avg. hops NOC1: -nan
Avg. latency NOC1 (T2): -nan
Avg. hops NOC2: 21
Avg. latency NOC2 (T3): 3,014
Number of K Nodes Processed: 40,743
Number of K Edges Processed: 40,743
Node Re-explore factor: 9.71
Edge Re-explore factor: 0.32
Nodes/cy: 1,997
Edges/cy: 1,997
TEPS: 6,289

---Pcache---
Pcache Size: 886
Cached: 1
  PHits: 17,150,741
  PMisses: 18,274,439
  PHit Rate (hit/miss): 48%
  PEvictions: 9,252,746
  PEviction Rate (evict/misses): 51%

---Energy---
Leakage Energy (nJ): 10,205
PU Dyn E (nJ): 2,100,884
Mem Dyn E (nJ): 7,261,922
Route Dyn E (nJ): 5,143,348
Dynamic Energy (nJ): 14,506,155
Ratio of Dyn/Leak: 1,421
Total Energy (nJ): 14,516,360
Total Energy (nJ) 3D: 14,971,593
Cores Energy (nJ): 2,101,793
Route Energy (nJ): 5,143,872
Route Energy (nJ) 3D: 5,599,105
Mem Energy   (nJ): 7,270,696
Mem Energy   (nJ) 3D: 7,270,696
Avg. Power (mW): 711,551.42
Power Density (mW/mm2): 205.58

---Runtime---
Runtime in K cycles: 20.40
Microseconds: 20.40
Time per iteration (ms): 0.02

---Throughput---
GOP/s (aka OPS/ns): 15,356.54
GOP/s per core: 0.94
FLOP/s: 1,811.22
FLOP/s per core: 0.11
Max Peak FLOP/s: 16,384.00
Avg. BW GB/s: 62,660.22
Max BW GB/s: 65,536.00

---Traffic---
In-Die bisection_bytes BW (GB/s): 2,048.00
Inter-board traffic (msg/ns): 0.00, per-link: 0.00
Inter-pack traffic (msg/ns): 0.00, per-link: 0.00
Inter-die traffic (msg/ns): 0.00, per-link: 0.00
Ruche traffic (msg/ns): 0.00, per-link: 0.00
All traffic (msg/ns): 82,305.10, per-link: 5.02
Inter-die reduction wrt all: inf
Inter-board reduction wrt inter-die: -nan

---Data Movement---
All traffic (msg): 1,679,106,318
Arith. Intensity FLOP/Loads: 0.19
Arith. Intensity FLOP/Msgs: 0.02
Arith. Intensity OPS/Loads: 1.59
Arith. Intensity OPS/Msgs: 0.19



===Core Utilization Total=== CORE-S:2;; TIME K cy:20 ;; Nodes Proc: 2,487,642 -- Edges Proc: 0

===PRINTING FRAME STATS

FCollision In Avg:93, SD:31, Max:232, Min:3
FCollision Out Avg:60, SD:26, Max:134, Min:0
FCollision End Avg:0, SD:3, Max:57, Min:0
FTask1 Avg:53, SD:17, Max:88, Min:5
FTask2 Avg:0, SD:0, Max:0, Min:0
FTask3 Avg:29, SD:6, Max:49, Min:9
FCore Active Avg:82, SD:15, Max:100, Min:34
FRouter Active Avg:97, SD:2, Max:101, Min:88
T1 invocations: 162,126
T2 invocations: 0
T3 invocations: 789,451
T3b invocations: 5,121,418
Total3 invocations: 5,910,869
Total4 invocations: 0

T3/T2 ratio: inf
T3b/T3 ratio: 6

T1 avg ex cycles: 134
T2 avg ex cycles: -nan
T3&b avg ex cycles: 2
T4 avg ex cycles: -nan
Avg. hops NOC1: -nan
Avg. latency NOC1 (T2): -nan
Avg. hops NOC2: 17
Avg. latency NOC2 (T3): 2,227

===PRINTING ACUM STATS at pu_cycles: 30,400

ACollision In Avg:64, SD:22, Max:124, Min:2
ACollision Out Avg:36, SD:16, Max:76, Min:0
ACollision End Avg:0, SD:2, Max:27, Min:0
ATask1 Avg:65, SD:9, Max:83, Min:35
ATask2 Avg:0, SD:0, Max:0, Min:0
ATask3 Avg:26, SD:3, Max:37, Min:15
ACore Active Avg:92, SD:7, Max:100, Min:65
ARouter Active Avg:97, SD:2, Max:100, Min:83
T1 invocations: 2,046,915
T2 invocations: 0
T3 invocations: 8,279,818
T3b invocations: 55,606,203
Total3 invocations: 63,886,021
Total4 invocations: 0

T3/T2 ratio: inf
T3b/T3 ratio: 7

T1 avg ex cycles: 158
T2 avg ex cycles: -nan
T3&b avg ex cycles: 2
T4 avg ex cycles: -nan
Avg. hops NOC1: -nan
Avg. latency NOC1 (T2): -nan
Avg. hops NOC2: 19
Avg. latency NOC2 (T3): 2,732
Number of K Nodes Processed: 64,367
Number of K Edges Processed: 64,367
Node Re-explore factor: 15.35
Edge Re-explore factor: 0.50
Nodes/cy: 2,117
Edges/cy: 2,117
TEPS: 4,221

---Pcache---
Pcache Size: 886
Cached: 1
  PHits: 27,527,092
  PMisses: 28,172,935
  PHit Rate (hit/miss): 49%
  PEvictions: 17,677,512
  PEviction Rate (evict/misses): 63%

---Energy---
Leakage Energy (nJ): 15,207
PU Dyn E (nJ): 2,965,087
Mem Dyn E (nJ): 11,192,832
Route Dyn E (nJ): 7,602,881
Dynamic Energy (nJ): 21,760,800
Ratio of Dyn/Leak: 1,431
Total Energy (nJ): 21,776,007
Total Energy (nJ) 3D: 22,448,931
Cores Energy (nJ): 2,966,441
Route Energy (nJ): 7,603,660
Route Energy (nJ) 3D: 8,276,585
Mem Energy   (nJ): 11,205,907
Mem Energy   (nJ) 3D: 11,205,907
Avg. Power (mW): 716,316.03
Power Density (mW/mm2): 206.95

---Runtime---
Runtime in K cycles: 30.40
Microseconds: 30.40
Time per iteration (ms): 0.03

---Throughput---
GOP/s (aka OPS/ns): 14,740.68
GOP/s per core: 0.90
FLOP/s: 1,666.50
FLOP/s per core: 0.10
Max Peak FLOP/s: 16,384.00
Avg. BW GB/s: 64,576.31
Max BW GB/s: 65,536.00

---Traffic---
In-Die bisection_bytes BW (GB/s): 2,048.00
Inter-board traffic (msg/ns): 0.00, per-link: 0.00
Inter-pack traffic (msg/ns): 0.00, per-link: 0.00
Inter-die traffic (msg/ns): 0.00, per-link: 0.00
Ruche traffic (msg/ns): 0.00, per-link: 0.00
All traffic (msg/ns): 81,934.63, per-link: 5.00
Inter-die reduction wrt all: inf
Inter-board reduction wrt inter-die: -nan

---Data Movement---
All traffic (msg): 2,490,812,718
Arith. Intensity FLOP/Loads: 0.17
Arith. Intensity FLOP/Msgs: 0.02
Arith. Intensity OPS/Loads: 1.51
Arith. Intensity OPS/Msgs: 0.18



===Core Utilization Total=== CORE-S:3;; TIME K cy:30 ;; Nodes Proc: 3,996,030 -- Edges Proc: 0

===PRINTING FRAME STATS

FCollision In Avg:86, SD:29, Max:280, Min:3
FCollision Out Avg:53, SD:25, Max:119, Min:0
FCollision End Avg:0, SD:3, Max:74, Min:0
FTask1 Avg:53, SD:18, Max:94, Min:3
FTask2 Avg:0, SD:0, Max:0, Min:0
FTask3 Avg:25, SD:5, Max:44, Min:6
FCore Active Avg:78, SD:17, Max:100, Min:26
FRouter Active Avg:96, SD:3, Max:101, Min:83
T1 invocations: 157,108
T2 invocations: 0
T3 invocations: 524,712
T3b invocations: 4,653,268
Total3 invocations: 5,177,980
Total4 invocations: 0

T3/T2 ratio: inf
T3b/T3 ratio: 9

T1 avg ex cycles: 138
T2 avg ex cycles: -nan
T3&b avg ex cycles: 2
T4 avg ex cycles: -nan
Avg. hops NOC1: -nan
Avg. latency NOC1 (T2): -nan
Avg. hops NOC2: 18
Avg. latency NOC2 (T3): 1,965

===PRINTING ACUM STATS at pu_cycles: 40,401

ACollision In Avg:69, SD:22, Max:160, Min:4
ACollision Out Avg:40, SD:17, Max:84, Min:0
ACollision End Avg:0, SD:2, Max:29, Min:0
ATask1 Avg:62, SD:10, Max:85, Min:29
ATask2 Avg:0, SD:0, Max:0, Min:0
ATask3 Avg:26, SD:3, Max:37, Min:15
ACore Active Avg:88, SD:9, Max:100, Min:58
ARouter Active Avg:97, SD:2, Max:100, Min:84
T1 invocations: 2,694,189
T2 invocations: 0
T3 invocations: 10,641,375
T3b invocations: 74,933,133
Total3 invocations: 85,574,508
Total4 invocations: 0

T3/T2 ratio: inf
T3b/T3 ratio: 7

T1 avg ex cycles: 152
T2 avg ex cycles: -nan
T3&b avg ex cycles: 2
T4 avg ex cycles: -nan
Avg. hops NOC1: -nan
Avg. latency NOC1 (T2): -nan
Avg. hops NOC2: 19
Avg. latency NOC2 (T3): 2,533
Number of K Nodes Processed: 86,041
Number of K Edges Processed: 86,041
Node Re-explore factor: 20.51
Edge Re-explore factor: 0.67
Nodes/cy: 2,130
Edges/cy: 2,130
TEPS: 3,176

---Pcache---
Pcache Size: 886
Cached: 1
  PHits: 37,245,312
  PMisses: 37,666,245
  PHit Rate (hit/miss): 50%
  PEvictions: 26,296,259
  PEviction Rate (evict/misses): 70%

---Energy---
Leakage Energy (nJ): 20,210
PU Dyn E (nJ): 3,800,019
Mem Dyn E (nJ): 14,849,497
Route Dyn E (nJ): 9,960,636
Dynamic Energy (nJ): 28,610,153
Ratio of Dyn/Leak: 1,416
Total Energy (nJ): 28,630,363
Total Energy (nJ) 3D: 29,511,970
Cores Energy (nJ): 3,801,818
Route Energy (nJ): 9,961,672
Route Energy (nJ) 3D: 10,843,279
Mem Energy   (nJ): 14,866,873
Mem Energy   (nJ) 3D: 14,866,873
Avg. Power (mW): 708,654.82
Power Density (mW/mm2): 204.74

---Runtime---
Runtime in K cycles: 40.40
Microseconds: 40.40
Time per iteration (ms): 0.04

---Throughput---
GOP/s (aka OPS/ns): 14,293.87
GOP/s per core: 0.87
FLOP/s: 1,587.35
FLOP/s per core: 0.10
Max Peak FLOP/s: 16,384.00
Avg. BW GB/s: 64,334.15
Max BW GB/s: 65,536.00

---Traffic---
In-Die bisection_bytes BW (GB/s): 2,048.00
Inter-board traffic (msg/ns): 0.00, per-link: 0.00
Inter-pack traffic (msg/ns): 0.00, per-link: 0.00
Inter-die traffic (msg/ns): 0.00, per-link: 0.00
Ruche traffic (msg/ns): 0.00, per-link: 0.00
All traffic (msg/ns): 80,864.34, per-link: 4.94
Inter-die reduction wrt all: inf
Inter-board reduction wrt inter-die: -nan

---Data Movement---
All traffic (msg): 3,267,000,320
Arith. Intensity FLOP/Loads: 0.16
Arith. Intensity FLOP/Msgs: 0.02
Arith. Intensity OPS/Loads: 1.48
Arith. Intensity OPS/Msgs: 0.18



===Core Utilization Total=== CORE-S:4;; TIME K cy:40 ;; Nodes Proc: 5,303,545 -- Edges Proc: 0

===PRINTING FRAME STATS

FCollision In Avg:105, SD:29, Max:239, Min:4
FCollision Out Avg:68, SD:24, Max:150, Min:0
FCollision End Avg:1, SD:4, Max:66, Min:0
FTask1 Avg:51, SD:15, Max:87, Min:7
FTask2 Avg:0, SD:0, Max:0, Min:0
FTask3 Avg:28, SD:6, Max:48, Min:9
FCore Active Avg:80, SD:13, Max:100, Min:36
FRouter Active Avg:98, SD:2, Max:101, Min:87
T1 invocations: 161,333
T2 invocations: 0
T3 invocations: 773,118
T3b invocations: 5,004,101
Total3 invocations: 5,777,219
Total4 invocations: 0

T3/T2 ratio: inf
T3b/T3 ratio: 6

T1 avg ex cycles: 130
T2 avg ex cycles: -nan
T3&b avg ex cycles: 2
T4 avg ex cycles: -nan
Avg. hops NOC1: -nan
Avg. latency NOC1 (T2): -nan
Avg. hops NOC2: 17
Avg. latency NOC2 (T3): 2,138

===PRINTING ACUM STATS at pu_cycles: 50,400

ACollision In Avg:76, SD:21, Max:160, Min:4
ACollision Out Avg:46, SD:17, Max:83, Min:0
ACollision End Avg:0, SD:2, Max:36, Min:0
ATask1 Avg:60, SD:10, Max:84, Min:27
ATask2 Avg:0, SD:0, Max:0, Min:0
ATask3 Avg:26, SD:3, Max:36, Min:16
ACore Active Avg:86, SD:9, Max:100, Min:56
ARouter Active Avg:97, SD:2, Max:100, Min:86
T1 invocations: 3,319,437
T2 invocations: 0
T3 invocations: 13,389,052
T3b invocations: 94,501,707
Total3 invocations: 107,890,759
Total4 invocations: 0

T3/T2 ratio: inf
T3b/T3 ratio: 7

T1 avg ex cycles: 148
T2 avg ex cycles: -nan
T3&b avg ex cycles: 2
T4 avg ex cycles: -nan
Avg. hops NOC1: -nan
Avg. latency NOC1 (T2): -nan
Avg. hops NOC2: 19
Avg. latency NOC2 (T3): 2,417
Number of K Nodes Processed: 108,345
Number of K Edges Processed: 108,345
Node Re-explore factor: 25.83
Edge Re-explore factor: 0.84
Nodes/cy: 2,150
Edges/cy: 2,150
TEPS: 2,546

---Pcache---
Pcache Size: 886
Cached: 1
  PHits: 47,145,227
  PMisses: 47,221,431
  PHit Rate (hit/miss): 50%
  PEvictions: 35,237,940
  PEviction Rate (evict/misses): 75%

---Energy---
Leakage Energy (nJ): 25,212
PU Dyn E (nJ): 4,610,823
Mem Dyn E (nJ): 18,563,124
Route Dyn E (nJ): 12,313,213
Dynamic Energy (nJ): 35,487,160
Ratio of Dyn/Leak: 1,408
Total Energy (nJ): 35,512,372
Total Energy (nJ) 3D: 36,602,203
Cores Energy (nJ): 4,613,068
Route Energy (nJ): 12,314,506
Route Energy (nJ) 3D: 13,404,337
Mem Energy   (nJ): 18,584,800
Mem Energy   (nJ) 3D: 18,584,800
Avg. Power (mW): 704,610.56
Power Density (mW/mm2): 203.57

---Runtime---
Runtime in K cycles: 50.40
Microseconds: 50.40
Time per iteration (ms): 0.05

---Throughput---
GOP/s (aka OPS/ns): 13,970.46
GOP/s per core: 0.85
FLOP/s: 1,527.03
FLOP/s per core: 0.09
Max Peak FLOP/s: 16,384.00
Avg. BW GB/s: 64,383.14
Max BW GB/s: 65,536.00

---Traffic---
In-Die bisection_bytes BW (GB/s): 2,048.00
Inter-board traffic (msg/ns): 0.00, per-link: 0.00
Inter-pack traffic (msg/ns): 0.00, per-link: 0.00
Inter-die traffic (msg/ns): 0.00, per-link: 0.00
Ruche traffic (msg/ns): 0.00, per-link: 0.00
All traffic (msg/ns): 80,214.96, per-link: 4.90
Inter-die reduction wrt all: inf
Inter-board reduction wrt inter-die: -nan

---Data Movement---
All traffic (msg): 4,042,833,924
Arith. Intensity FLOP/Loads: 0.16
Arith. Intensity FLOP/Msgs: 0.02
Arith. Intensity OPS/Loads: 1.45
Arith. Intensity OPS/Msgs: 0.17



===Core Utilization Total=== CORE-S:5;; TIME K cy:50 ;; Nodes Proc: 6,654,668 -- Edges Proc: 0

===PRINTING FRAME STATS

FCollision In Avg:96, SD:27, Max:235, Min:7
FCollision Out Avg:63, SD:23, Max:143, Min:0
FCollision End Avg:0, SD:4, Max:85, Min:0
FTask1 Avg:48, SD:18, Max:92, Min:2
FTask2 Avg:0, SD:0, Max:0, Min:0
FTask3 Avg:27, SD:5, Max:44, Min:8
FCore Active Avg:75, SD:16, Max:100, Min:26
FRouter Active Avg:96, SD:3, Max:101, Min:83
T1 invocations: 150,932
T2 invocations: 0
T3 invocations: 597,747
T3b invocations: 4,868,859
Total3 invocations: 5,466,606
Total4 invocations: 0

T3/T2 ratio: inf
T3b/T3 ratio: 8

T1 avg ex cycles: 131
T2 avg ex cycles: -nan
T3&b avg ex cycles: 2
T4 avg ex cycles: -nan
Avg. hops NOC1: -nan
Avg. latency NOC1 (T2): -nan
Avg. hops NOC2: 17
Avg. latency NOC2 (T3): 1,797

===PRINTING ACUM STATS at pu_cycles: 60,401

ACollision In Avg:80, SD:20, Max:153, Min:10
ACollision Out Avg:48, SD:16, Max:82, Min:0
ACollision End Avg:0, SD:2, Max:31, Min:0
ATask1 Avg:58, SD:10, Max:82, Min:27
ATask2 Avg:0, SD:0, Max:0, Min:0
ATask3 Avg:26, SD:3, Max:36, Min:15
ACore Active Avg:85, SD:9, Max:100, Min:54
ARouter Active Avg:97, SD:2, Max:99, Min:86
T1 invocations: 3,948,756
T2 invocations: 0
T3 invocations: 15,860,188
T3b invocations: 113,937,230
Total3 invocations: 129,797,418
Total4 invocations: 0

T3/T2 ratio: inf
T3b/T3 ratio: 7

T1 avg ex cycles: 146
T2 avg ex cycles: -nan
T3&b avg ex cycles: 2
T4 avg ex cycles: -nan
Avg. hops NOC1: -nan
Avg. latency NOC1 (T2): -nan
Avg. hops NOC2: 19
Avg. latency NOC2 (T3): 2,325
Number of K Nodes Processed: 130,255
Number of K Edges Processed: 130,255
Node Re-explore factor: 31.06
Edge Re-explore factor: 1.02
Nodes/cy: 2,157
Edges/cy: 2,157
TEPS: 2,124

---Pcache---
Pcache Size: 886
Cached: 1
  PHits: 56,934,271
  PMisses: 56,768,002
  PHit Rate (hit/miss): 50%
  PEvictions: 44,341,946
  PEviction Rate (evict/misses): 78%

---Energy---
Leakage Energy (nJ): 30,215
PU Dyn E (nJ): 5,422,408
Mem Dyn E (nJ): 22,227,181
Route Dyn E (nJ): 14,669,139
Dynamic Energy (nJ): 42,318,729
Ratio of Dyn/Leak: 1,401
Total Energy (nJ): 42,348,944
Total Energy (nJ) 3D: 43,647,296
Cores Energy (nJ): 5,425,098
Route Energy (nJ): 14,670,688
Route Energy (nJ) 3D: 15,969,040
Mem Energy   (nJ): 22,253,159
Mem Energy   (nJ) 3D: 22,253,159
Avg. Power (mW): 701,129.85
Power Density (mW/mm2): 202.57

---Runtime---
Runtime in K cycles: 60.40
Microseconds: 60.40
Time per iteration (ms): 0.06

---Throughput---
GOP/s (aka OPS/ns): 13,750.17
GOP/s per core: 0.84
FLOP/s: 1,488.22
FLOP/s per core: 0.09
Max Peak FLOP/s: 16,384.00
Avg. BW GB/s: 64,264.53
Max BW GB/s: 65,536.00

---Traffic---
In-Die bisection_bytes BW (GB/s): 2,048.00
Inter-board traffic (msg/ns): 0.00, per-link: 0.00
Inter-pack traffic (msg/ns): 0.00, per-link: 0.00
Inter-die traffic (msg/ns): 0.00, per-link: 0.00
Ruche traffic (msg/ns): 0.00, per-link: 0.00
All traffic (msg/ns): 79,781.61, per-link: 4.87
Inter-die reduction wrt all: inf
Inter-board reduction wrt inter-die: -nan

---Data Movement---
All traffic (msg): 4,818,889,116
Arith. Intensity FLOP/Loads: 0.16
Arith. Intensity FLOP/Msgs: 0.02
Arith. Intensity OPS/Loads: 1.44
Arith. Intensity OPS/Msgs: 0.17



===Core Utilization Total=== CORE-S:6;; TIME K cy:60 ;; Nodes Proc: 7,990,902 -- Edges Proc: 0

===PRINTING FRAME STATS

FCollision In Avg:99, SD:27, Max:223, Min:11
FCollision Out Avg:64, SD:22, Max:133, Min:0
FCollision End Avg:0, SD:4, Max:78, Min:0
FTask1 Avg:51, SD:17, Max:89, Min:0
FTask2 Avg:0, SD:0, Max:0, Min:0
FTask3 Avg:27, SD:6, Max:49, Min:10
FCore Active Avg:78, SD:15, Max:100, Min:29
FRouter Active Avg:97, SD:2, Max:101, Min:88
T1 invocations: 157,290
T2 invocations: 0
T3 invocations: 708,587
T3b invocations: 4,892,305
Total3 invocations: 5,600,892
Total4 invocations: 0

T3/T2 ratio: inf
T3b/T3 ratio: 7

T1 avg ex cycles: 132
T2 avg ex cycles: -nan
T3&b avg ex cycles: 2
T4 avg ex cycles: -nan
Avg. hops NOC1: -nan
Avg. latency NOC1 (T2): -nan
Avg. hops NOC2: 18
Avg. latency NOC2 (T3): 1,970

===PRINTING ACUM STATS at pu_cycles: 70,401

ACollision In Avg:82, SD:19, Max:145, Min:18
ACollision Out Avg:51, SD:16, Max:81, Min:4
ACollision End Avg:0, SD:2, Max:28, Min:0
ATask1 Avg:57, SD:10, Max:72, Min:26
ATask2 Avg:0, SD:0, Max:0, Min:0
ATask3 Avg:27, SD:3, Max:36, Min:15
ACore Active Avg:84, SD:9, Max:99, Min:56
ARouter Active Avg:97, SD:2, Max:99, Min:87
T1 invocations: 4,552,144
T2 invocations: 0
T3 invocations: 18,678,800
T3b invocations: 133,789,362
Total3 invocations: 152,468,162
Total4 invocations: 0

T3/T2 ratio: inf
T3b/T3 ratio: 7

T1 avg ex cycles: 143
T2 avg ex cycles: -nan
T3&b avg ex cycles: 2
T4 avg ex cycles: -nan
Avg. hops NOC1: -nan
Avg. latency NOC1 (T2): -nan
Avg. hops NOC2: 18
Avg. latency NOC2 (T3): 2,258
Number of K Nodes Processed: 152,963
Number of K Edges Processed: 152,963
Node Re-explore factor: 36.47
Edge Re-explore factor: 1.19
Nodes/cy: 2,173
Edges/cy: 2,173
TEPS: 1,823

---Pcache---
Pcache Size: 886
Cached: 1
  PHits: 66,903,432
  PMisses: 66,572,949
  PHit Rate (hit/miss): 50%
  PEvictions: 53,712,194
  PEviction Rate (evict/misses): 81%

---Energy---
Leakage Energy (nJ): 35,218
PU Dyn E (nJ): 6,202,487
Mem Dyn E (nJ): 25,961,545
Route Dyn E (nJ): 17,018,174
Dynamic Energy (nJ): 49,182,206
Ratio of Dyn/Leak: 1,397
Total Energy (nJ): 49,217,424
Total Energy (nJ) 3D: 50,723,687
Cores Energy (nJ): 6,205,622
Route Energy (nJ): 17,019,979
Route Energy (nJ) 3D: 18,526,242
Mem Energy   (nJ): 25,991,823
Mem Energy   (nJ) 3D: 25,991,823
Avg. Power (mW): 699,101.20
Power Density (mW/mm2): 201.98

---Runtime---
Runtime in K cycles: 70.40
Microseconds: 70.40
Time per iteration (ms): 0.07

---Throughput---
GOP/s (aka OPS/ns): 13,541.22
GOP/s per core: 0.83
FLOP/s: 1,448.76
FLOP/s per core: 0.09
Max Peak FLOP/s: 16,384.00
Avg. BW GB/s: 64,343.02
Max BW GB/s: 65,536.00

---Traffic---
In-Die bisection_bytes BW (GB/s): 2,048.00
Inter-board traffic (msg/ns): 0.00, per-link: 0.00
Inter-pack traffic (msg/ns): 0.00, per-link: 0.00
Inter-die traffic (msg/ns): 0.00, per-link: 0.00
Ruche traffic (msg/ns): 0.00, per-link: 0.00
All traffic (msg/ns): 79,463.80, per-link: 4.85
Inter-die reduction wrt all: inf
Inter-board reduction wrt inter-die: -nan

---Data Movement---
All traffic (msg): 5,594,330,936
Arith. Intensity FLOP/Loads: 0.15
Arith. Intensity FLOP/Msgs: 0.02
Arith. Intensity OPS/Loads: 1.42
Arith. Intensity OPS/Msgs: 0.17



===Core Utilization Total=== CORE-S:7;; TIME K cy:70 ;; Nodes Proc: 9,432,577 -- Edges Proc: 0

===PRINTING FRAME STATS

FCollision In Avg:103, SD:30, Max:286, Min:10
FCollision Out Avg:73, SD:28, Max:198, Min:0
FCollision End Avg:1, SD:6, Max:95, Min:0
FTask1 Avg:32, SD:20, Max:90, Min:0
FTask2 Avg:0, SD:0, Max:0, Min:0
FTask3 Avg:26, SD:9, Max:69, Min:4
FCore Active Avg:61, SD:18, Max:100, Min:4
FRouter Active Avg:95, SD:4, Max:101, Min:71
T1 invocations: 108,018
T2 invocations: 0
T3 invocations: 621,120
T3b invocations: 4,772,101
Total3 invocations: 5,393,221
Total4 invocations: 0

T3/T2 ratio: inf
T3b/T3 ratio: 8

T1 avg ex cycles: 123
T2 avg ex cycles: -nan
T3&b avg ex cycles: 2
T4 avg ex cycles: -nan
Avg. hops NOC1: -nan
Avg. latency NOC1 (T2): -nan
Avg. hops NOC2: 16
Avg. latency NOC2 (T3): 1,415

===PRINTING ACUM STATS at pu_cycles: 80,400

ACollision In Avg:85, SD:18, Max:139, Min:25
ACollision Out Avg:53, SD:16, Max:86, Min:5
ACollision End Avg:0, SD:2, Max:29, Min:0
ATask1 Avg:54, SD:8, Max:64, Min:23
ATask2 Avg:0, SD:0, Max:0, Min:0
ATask3 Avg:27, SD:2, Max:36, Min:15
ACore Active Avg:81, SD:8, Max:96, Min:52
ARouter Active Avg:96, SD:2, Max:99, Min:87
T1 invocations: 5,010,189
T2 invocations: 0
T3 invocations: 21,185,053
T3b invocations: 152,827,662
Total3 invocations: 174,012,715
Total4 invocations: 0

T3/T2 ratio: inf
T3b/T3 ratio: 7

T1 avg ex cycles: 142
T2 avg ex cycles: -nan
T3&b avg ex cycles: 2
T4 avg ex cycles: -nan
Avg. hops NOC1: -nan
Avg. latency NOC1 (T2): -nan
Avg. hops NOC2: 18
Avg. latency NOC2 (T3): 2,155
Number of K Nodes Processed: 174,457
Number of K Edges Processed: 174,457
Node Re-explore factor: 41.59
Edge Re-explore factor: 1.36
Nodes/cy: 2,170
Edges/cy: 2,170
TEPS: 1,596

---Pcache---
Pcache Size: 886
Cached: 1
  PHits: 75,302,947
  PMisses: 77,047,950
  PHit Rate (hit/miss): 49%
  PEvictions: 62,279,318
  PEviction Rate (evict/misses): 81%

---Energy---
Leakage Energy (nJ): 40,220
PU Dyn E (nJ): 6,812,316
Mem Dyn E (nJ): 29,395,482
Route Dyn E (nJ): 19,167,791
Dynamic Energy (nJ): 55,375,590
Ratio of Dyn/Leak: 1,377
Total Energy (nJ): 55,415,810
Total Energy (nJ) 3D: 57,112,333
Cores Energy (nJ): 6,815,897
Route Energy (nJ): 19,169,853
Route Energy (nJ) 3D: 20,866,377
Mem Energy   (nJ): 29,430,060
Mem Energy   (nJ) 3D: 29,430,060
Avg. Power (mW): 689,251.36
Power Density (mW/mm2): 199.13

---Runtime---
Runtime in K cycles: 80.40
Microseconds: 80.40
Time per iteration (ms): 0.08

---Throughput---
GOP/s (aka OPS/ns): 13,088.57
GOP/s per core: 0.80
FLOP/s: 1,376.91
FLOP/s per core: 0.08
Max Peak FLOP/s: 16,384.00
Avg. BW GB/s: 63,707.13
Max BW GB/s: 65,536.00

---Traffic---
In-Die bisection_bytes BW (GB/s): 2,048.00
Inter-board traffic (msg/ns): 0.00, per-link: 0.00
Inter-pack traffic (msg/ns): 0.00, per-link: 0.00
Inter-die traffic (msg/ns): 0.00, per-link: 0.00
Ruche traffic (msg/ns): 0.00, per-link: 0.00
All traffic (msg/ns): 78,427.11, per-link: 4.79
Inter-die reduction wrt all: inf
Inter-board reduction wrt inter-die: -nan

---Data Movement---
All traffic (msg): 6,305,539,566
Arith. Intensity FLOP/Loads: 0.15
Arith. Intensity FLOP/Msgs: 0.02
Arith. Intensity OPS/Loads: 1.40
Arith. Intensity OPS/Msgs: 0.17



===Core Utilization Total=== CORE-S:8;; TIME K cy:80 ;; Nodes Proc: 10,754,311 -- Edges Proc: 0

===PRINTING FRAME STATS

FCollision In Avg:80, SD:37, Max:280, Min:1
FCollision Out Avg:49, SD:33, Max:140, Min:0
FCollision End Avg:0, SD:5, Max:91, Min:0
FTask1 Avg:25, SD:23, Max:100, Min:0
FTask2 Avg:0, SD:0, Max:0, Min:0
FTask3 Avg:25, SD:10, Max:69, Min:0
FCore Active Avg:55, SD:20, Max:100, Min:5
FRouter Active Avg:94, SD:5, Max:101, Min:70
T1 invocations: 79,586
T2 invocations: 0
T3 invocations: 741,402
T3b invocations: 4,469,074
Total3 invocations: 5,210,476
Total4 invocations: 0

T3/T2 ratio: inf
T3b/T3 ratio: 6

T1 avg ex cycles: 128
T2 avg ex cycles: -nan
T3&b avg ex cycles: 2
T4 avg ex cycles: -nan
Avg. hops NOC1: -nan
Avg. latency NOC1 (T2): -nan
Avg. hops NOC2: 17
Avg. latency NOC2 (T3): 980

===PRINTING ACUM STATS at pu_cycles: 90,401

ACollision In Avg:84, SD:19, Max:133, Min:23
ACollision Out Avg:53, SD:17, Max:88, Min:5
ACollision End Avg:0, SD:2, Max:31, Min:0
ATask1 Avg:51, SD:6, Max:57, Min:25
ATask2 Avg:0, SD:0, Max:0, Min:0
ATask3 Avg:26, SD:2, Max:34, Min:16
ACore Active Avg:78, SD:7, Max:92, Min:52
ARouter Active Avg:96, SD:2, Max:99, Min:89
T1 invocations: 5,312,110
T2 invocations: 0
T3 invocations: 24,168,976
T3b invocations: 171,022,928
Total3 invocations: 195,191,904
Total4 invocations: 0

T3/T2 ratio: inf
T3b/T3 ratio: 7

T1 avg ex cycles: 141
T2 avg ex cycles: -nan
T3&b avg ex cycles: 2
T4 avg ex cycles: -nan
Avg. hops NOC1: -nan
Avg. latency NOC1 (T2): -nan
Avg. hops NOC2: 18
Avg. latency NOC2 (T3): 2,029
Number of K Nodes Processed: 195,579
Number of K Edges Processed: 195,579
Node Re-explore factor: 46.63
Edge Re-explore factor: 1.52
Nodes/cy: 2,163
Edges/cy: 2,163
TEPS: 1,419

---Pcache---
Pcache Size: 886
Cached: 1
  PHits: 81,780,672
  PMisses: 88,618,850
  PHit Rate (hit/miss): 48%
  PEvictions: 68,884,392
  PEviction Rate (evict/misses): 78%

---Energy---
Leakage Energy (nJ): 45,222
PU Dyn E (nJ): 7,292,754
Mem Dyn E (nJ): 32,654,439
Route Dyn E (nJ): 21,270,437
Dynamic Energy (nJ): 61,217,630
Ratio of Dyn/Leak: 1,354
Total Energy (nJ): 61,262,852
Total Energy (nJ) 3D: 63,145,479
Cores Energy (nJ): 7,296,779
Route Energy (nJ): 21,272,755
Route Energy (nJ) 3D: 23,155,382
Mem Energy   (nJ): 32,693,319
Mem Energy   (nJ) 3D: 32,693,319
Avg. Power (mW): 677,678.92
Power Density (mW/mm2): 195.79

---Runtime---
Runtime in K cycles: 90.40
Microseconds: 90.40
Time per iteration (ms): 0.09

---Throughput---
GOP/s (aka OPS/ns): 12,538.53
GOP/s per core: 0.77
FLOP/s: 1,291.69
FLOP/s per core: 0.08
Max Peak FLOP/s: 16,384.00
Avg. BW GB/s: 62,858.98
Max BW GB/s: 65,536.00

---Traffic---
In-Die bisection_bytes BW (GB/s): 2,048.00
Inter-board traffic (msg/ns): 0.00, per-link: 0.00
Inter-pack traffic (msg/ns): 0.00, per-link: 0.00
Inter-die traffic (msg/ns): 0.00, per-link: 0.00
Ruche traffic (msg/ns): 0.00, per-link: 0.00
All traffic (msg/ns): 77,448.46, per-link: 4.73
Inter-die reduction wrt all: inf
Inter-board reduction wrt inter-die: -nan

---Data Movement---
All traffic (msg): 7,001,418,304
Arith. Intensity FLOP/Loads: 0.14
Arith. Intensity FLOP/Msgs: 0.02
Arith. Intensity OPS/Loads: 1.37
Arith. Intensity OPS/Msgs: 0.16



===Core Utilization Total=== CORE-S:9;; TIME K cy:90 ;; Nodes Proc: 12,018,435 -- Edges Proc: 0

===PRINTING FRAME STATS

FCollision In Avg:55, SD:38, Max:239, Min:1
FCollision Out Avg:27, SD:29, Max:143, Min:0
FCollision End Avg:0, SD:4, Max:92, Min:0
FTask1 Avg:24, SD:28, Max:96, Min:0
FTask2 Avg:0, SD:0, Max:0, Min:0
FTask3 Avg:27, SD:10, Max:60, Min:2
FCore Active Avg:58, SD:21, Max:100, Min:8
FRouter Active Avg:97, SD:3, Max:101, Min:79
T1 invocations: 65,405
T2 invocations: 0
T3 invocations: 951,894
T3b invocations: 4,607,905
Total3 invocations: 5,559,799
Total4 invocations: 0

T3/T2 ratio: inf
T3b/T3 ratio: 5

T1 avg ex cycles: 148
T2 avg ex cycles: -nan
T3&b avg ex cycles: 2
T4 avg ex cycles: -nan
Avg. hops NOC1: -nan
Avg. latency NOC1 (T2): -nan
Avg. hops NOC2: 17
Avg. latency NOC2 (T3): 855

===PRINTING ACUM STATS at pu_cycles: 100,401

ACollision In Avg:81, SD:20, Max:130, Min:22
ACollision Out Avg:50, SD:18, Max:85, Min:5
ACollision End Avg:0, SD:2, Max:30, Min:0
ATask1 Avg:48, SD:4, Max:51, Min:27
ATask2 Avg:0, SD:0, Max:0, Min:0
ATask3 Avg:26, SD:2, Max:36, Min:16
ACore Active Avg:76, SD:5, Max:88, Min:54
ARouter Active Avg:96, SD:1, Max:99, Min:90
T1 invocations: 5,577,177
T2 invocations: 0
T3 invocations: 27,935,765
T3b invocations: 188,827,330
Total3 invocations: 216,763,095
Total4 invocations: 0

T3/T2 ratio: inf
T3b/T3 ratio: 7

T1 avg ex cycles: 141
T2 avg ex cycles: -nan
T3&b avg ex cycles: 2
T4 avg ex cycles: -nan
Avg. hops NOC1: -nan
Avg. latency NOC1 (T2): -nan
Avg. hops NOC2: 18
Avg. latency NOC2 (T3): 1,914
Number of K Nodes Processed: 217,210
Number of K Edges Processed: 217,210
Node Re-explore factor: 51.79
Edge Re-explore factor: 1.69
Nodes/cy: 2,163
Edges/cy: 2,163
TEPS: 1,278

---Pcache---
Pcache Size: 886
Cached: 1
  PHits: 86,773,522
  PMisses: 101,399,335
  PHit Rate (hit/miss): 46%
  PEvictions: 73,273,083
  PEviction Rate (evict/misses): 72%

---Energy---
Leakage Energy (nJ): 50,225
PU Dyn E (nJ): 7,782,016
Mem Dyn E (nJ): 35,960,450
Route Dyn E (nJ): 23,528,561
Dynamic Energy (nJ): 67,271,028
Ratio of Dyn/Leak: 1,339
Total Energy (nJ): 67,321,253
Total Energy (nJ) 3D: 69,403,744
Cores Energy (nJ): 7,786,487
Route Energy (nJ): 23,531,136
Route Energy (nJ) 3D: 25,613,627
Mem Energy   (nJ): 36,003,630
Mem Energy   (nJ) 3D: 36,003,630
Avg. Power (mW): 670,523.73
Power Density (mW/mm2): 193.72

---Runtime---
Runtime in K cycles: 100.40
Microseconds: 100.40
Time per iteration (ms): 0.10

---Throughput---
GOP/s (aka OPS/ns): 12,111.71
GOP/s per core: 0.74
FLOP/s: 1,224.91
FLOP/s per core: 0.07
Max Peak FLOP/s: 16,384.00
Avg. BW GB/s: 62,281.27
Max BW GB/s: 65,536.00

---Traffic---
In-Die bisection_bytes BW (GB/s): 2,048.00
Inter-board traffic (msg/ns): 0.00, per-link: 0.00
Inter-pack traffic (msg/ns): 0.00, per-link: 0.00
Inter-die traffic (msg/ns): 0.00, per-link: 0.00
Ruche traffic (msg/ns): 0.00, per-link: 0.00
All traffic (msg/ns): 77,154.66, per-link: 4.71
Inter-die reduction wrt all: inf
Inter-board reduction wrt inter-die: -nan

---Data Movement---
All traffic (msg): 7,746,405,044
Arith. Intensity FLOP/Loads: 0.14
Arith. Intensity FLOP/Msgs: 0.02
Arith. Intensity OPS/Loads: 1.34
Arith. Intensity OPS/Msgs: 0.16



===Core Utilization Total=== CORE-S:10;; TIME K cy:100 ;; Nodes Proc: 13,310,644 -- Edges Proc: 0

===PRINTING FRAME STATS

FCollision In Avg:34, SD:31, Max:245, Min:1
FCollision Out Avg:12, SD:19, Max:101, Min:0
FCollision End Avg:0, SD:2, Max:80, Min:0
FTask1 Avg:15, SD:27, Max:97, Min:0
FTask2 Avg:0, SD:0, Max:0, Min:0
FTask3 Avg:26, SD:8, Max:61, Min:1
FCore Active Avg:49, SD:23, Max:100, Min:11
FRouter Active Avg:95, SD:5, Max:101, Min:66
T1 invocations: 36,814
T2 invocations: 0
T3 invocations: 1,084,767
T3b invocations: 4,145,913
Total3 invocations: 5,230,680
Total4 invocations: 0

T3/T2 ratio: inf
T3b/T3 ratio: 4

T1 avg ex cycles: 170
T2 avg ex cycles: -nan
T3&b avg ex cycles: 2
T4 avg ex cycles: -nan
Avg. hops NOC1: -nan
Avg. latency NOC1 (T2): -nan
Avg. hops NOC2: 17
Avg. latency NOC2 (T3): 779

===PRINTING ACUM STATS at pu_cycles: 110,391

ACollision In Avg:77, SD:20, Max:128, Min:20
ACollision Out Avg:47, SD:17, Max:80, Min:4
ACollision End Avg:0, SD:2, Max:27, Min:0
ATask1 Avg:45, SD:2, Max:47, Min:30
ATask2 Avg:0, SD:0, Max:0, Min:0
ATask3 Avg:26, SD:2, Max:36, Min:17
ACore Active Avg:73, SD:3, Max:84, Min:56
ARouter Active Avg:96, SD:1, Max:99, Min:88
T1 invocations: 5,716,387
T2 invocations: 0
T3 invocations: 32,207,962
T3b invocations: 204,755,245
Total3 invocations: 236,963,207
Total4 invocations: 0

T3/T2 ratio: inf
T3b/T3 ratio: 6

T1 avg ex cycles: 142
T2 avg ex cycles: -nan
T3&b avg ex cycles: 2
T4 avg ex cycles: -nan
Avg. hops NOC1: -nan
Avg. latency NOC1 (T2): -nan
Avg. hops NOC2: 18
Avg. latency NOC2 (T3): 1,820
Number of K Nodes Processed: 237,349
Number of K Edges Processed: 237,349
Node Re-explore factor: 56.59
Edge Re-explore factor: 1.85
Nodes/cy: 2,150
Edges/cy: 2,150
TEPS: 1,162

---Pcache---
Pcache Size: 886
Cached: 1
  PHits: 90,101,289
  PMisses: 113,891,415
  PHit Rate (hit/miss): 44%
  PEvictions: 76,031,874
  PEviction Rate (evict/misses): 67%

---Energy---
Leakage Energy (nJ): 55,222
PU Dyn E (nJ): 8,142,408
Mem Dyn E (nJ): 38,952,833
Route Dyn E (nJ): 25,604,975
Dynamic Energy (nJ): 72,700,216
Ratio of Dyn/Leak: 1,316
Total Energy (nJ): 72,755,438
Total Energy (nJ) 3D: 75,021,711
Cores Energy (nJ): 8,147,323
Route Energy (nJ): 25,607,806
Route Energy (nJ) 3D: 27,874,079
Mem Energy   (nJ): 39,000,310
Mem Energy   (nJ) 3D: 39,000,310
Avg. Power (mW): 659,070.38
Power Density (mW/mm2): 190.41

---Runtime---
Runtime in K cycles: 110.39
Microseconds: 110.39
Time per iteration (ms): 0.11

---Throughput---
GOP/s (aka OPS/ns): 11,595.97
GOP/s per core: 0.71
FLOP/s: 1,148.11
FLOP/s per core: 0.07
Max Peak FLOP/s: 16,384.00
Avg. BW GB/s: 61,324.23
Max BW GB/s: 65,536.00

---Traffic---
In-Die bisection_bytes BW (GB/s): 2,048.00
Inter-board traffic (msg/ns): 0.00, per-link: 0.00
Inter-pack traffic (msg/ns): 0.00, per-link: 0.00
Inter-die traffic (msg/ns): 0.00, per-link: 0.00
Ruche traffic (msg/ns): 0.00, per-link: 0.00
All traffic (msg/ns): 76,384.60, per-link: 4.66
Inter-die reduction wrt all: inf
Inter-board reduction wrt inter-die: -nan

---Data Movement---
All traffic (msg): 8,432,172,550
Arith. Intensity FLOP/Loads: 0.13
Arith. Intensity FLOP/Msgs: 0.02
Arith. Intensity OPS/Loads: 1.31
Arith. Intensity OPS/Msgs: 0.15



===Core Utilization Total=== CORE-S:11;; TIME K cy:110 ;; Nodes Proc: 14,508,272 -- Edges Proc: 0
======== IT IS COLD ======= Only 416 Tiles active

===PRINTING FRAME STATS

FCollision In Avg:16, SD:22, Max:121, Min:0
FCollision Out Avg:3, SD:8, Max:89, Min:0
FCollision End Avg:0, SD:0, Max:8, Min:0
FTask1 Avg:5, SD:16, Max:93, Min:0
FTask2 Avg:0, SD:0, Max:0, Min:0
FTask3 Avg:17, SD:8, Max:56, Min:2
FCore Active Avg:28, SD:21, Max:100, Min:3
FRouter Active Avg:75, SD:18, Max:101, Min:26
T1 invocations: 10,996
T2 invocations: 0
T3 invocations: 866,997
T3b invocations: 2,515,164
Total3 invocations: 3,382,161
Total4 invocations: 0

T3/T2 ratio: inf
T3b/T3 ratio: 3

T1 avg ex cycles: 185
T2 avg ex cycles: -nan
T3&b avg ex cycles: 2
T4 avg ex cycles: -nan
Avg. hops NOC1: -nan
Avg. latency NOC1 (T2): -nan
Avg. hops NOC2: 17
Avg. latency NOC2 (T3): 654

===PRINTING ACUM STATS at pu_cycles: 120,202

ACollision In Avg:72, SD:19, Max:121, Min:19
ACollision Out Avg:43, SD:16, Max:80, Min:4
ACollision End Avg:0, SD:2, Max:25, Min:0
ATask1 Avg:42, SD:1, Max:43, Min:30
ATask2 Avg:0, SD:0, Max:0, Min:0
ATask3 Avg:26, SD:2, Max:34, Min:18
ACore Active Avg:70, SD:2, Max:79, Min:56
ARouter Active Avg:94, SD:2, Max:98, Min:82
T1 invocations: 5,752,215
T2 invocations: 0
T3 invocations: 35,567,663
T3b invocations: 215,178,865
Total3 invocations: 250,746,528
Total4 invocations: 0

T3/T2 ratio: inf
T3b/T3 ratio: 6

T1 avg ex cycles: 142
T2 avg ex cycles: -nan
T3&b avg ex cycles: 2
T4 avg ex cycles: -nan
Avg. hops NOC1: -nan
Avg. latency NOC1 (T2): -nan
Avg. hops NOC2: 18
Avg. latency NOC2 (T3): 1,751
Number of K Nodes Processed: 250,877
Number of K Edges Processed: 250,877
Node Re-explore factor: 59.81
Edge Re-explore factor: 1.96
Nodes/cy: 2,087
Edges/cy: 2,087
TEPS: 1,067

---Pcache---
Pcache Size: 886
Cached: 1
  PHits: 91,302,346
  PMisses: 122,868,759
  PHit Rate (hit/miss): 43%
  PEvictions: 76,957,684
  PEviction Rate (evict/misses): 63%

---Energy---
Leakage Energy (nJ): 60,130
PU Dyn E (nJ): 8,318,111
Mem Dyn E (nJ): 40,920,427
Route Dyn E (nJ): 26,963,625
Dynamic Energy (nJ): 76,202,163
Ratio of Dyn/Leak: 1,267
Total Energy (nJ): 76,262,293
Total Energy (nJ) 3D: 78,648,819
Cores Energy (nJ): 8,323,464
Route Energy (nJ): 26,966,707
Route Energy (nJ) 3D: 29,353,233
Mem Energy   (nJ): 40,972,124
Mem Energy   (nJ) 3D: 40,972,124
Avg. Power (mW): 634,451.12
Power Density (mW/mm2): 183.30

---Runtime---
Runtime in K cycles: 120.20
Microseconds: 120.20
Time per iteration (ms): 0.12

---Throughput---
GOP/s (aka OPS/ns): 10,934.67
GOP/s per core: 0.67
FLOP/s: 1,063.31
FLOP/s per core: 0.06
Max Peak FLOP/s: 16,384.00
Avg. BW GB/s: 59,145.79
Max BW GB/s: 65,536.00

---Traffic---
In-Die bisection_bytes BW (GB/s): 2,048.00
Inter-board traffic (msg/ns): 0.00, per-link: 0.00
Inter-pack traffic (msg/ns): 0.00, per-link: 0.00
Inter-die traffic (msg/ns): 0.00, per-link: 0.00
Ruche traffic (msg/ns): 0.00, per-link: 0.00
All traffic (msg/ns): 73,892.44, per-link: 4.51
Inter-die reduction wrt all: inf
Inter-board reduction wrt inter-die: -nan

---Data Movement---
All traffic (msg): 8,882,019,052
Arith. Intensity FLOP/Loads: 0.13
Arith. Intensity FLOP/Msgs: 0.01
Arith. Intensity OPS/Loads: 1.29
Arith. Intensity OPS/Msgs: 0.15



===Core Utilization Total=== CORE-S:12;; TIME K cy:120 ;; Nodes Proc: 15,088,384 -- Edges Proc: 0
======== IT IS COLD ======= Only 58 Tiles active

===PRINTING FRAME STATS

FCollision In Avg:1, SD:4, Max:58, Min:0
FCollision Out Avg:0, SD:1, Max:10, Min:0
FCollision End Avg:0, SD:0, Max:0, Min:0
FTask1 Avg:0, SD:3, Max:80, Min:0
FTask2 Avg:0, SD:0, Max:0, Min:0
FTask3 Avg:3, SD:4, Max:29, Min:0
FCore Active Avg:5, SD:8, Max:100, Min:0
FRouter Active Avg:20, SD:14, Max:100, Min:2
T1 invocations: 660
T2 invocations: 0
T3 invocations: 205,259
T3b invocations: 446,507
Total3 invocations: 651,766
Total4 invocations: 0

T3/T2 ratio: inf
T3b/T3 ratio: 2

T1 avg ex cycles: 193
T2 avg ex cycles: -nan
T3&b avg ex cycles: 2
T4 avg ex cycles: -nan
Avg. hops NOC1: -nan
Avg. latency NOC1 (T2): -nan
Avg. hops NOC2: 16
Avg. latency NOC2 (T3): 589

===PRINTING ACUM STATS at pu_cycles: 130,170

ACollision In Avg:66, SD:17, Max:111, Min:17
ACollision Out Avg:40, SD:14, Max:68, Min:4
ACollision End Avg:0, SD:2, Max:23, Min:0
ATask1 Avg:39, SD:0, Max:39, Min:38
ATask2 Avg:0, SD:0, Max:0, Min:0
ATask3 Avg:24, SD:2, Max:32, Min:17
ACore Active Avg:65, SD:2, Max:73, Min:55
ARouter Active Avg:89, SD:3, Max:95, Min:76
T1 invocations: 5,768,121
T2 invocations: 0
T3 invocations: 36,413,862
T3b invocations: 217,466,579
Total3 invocations: 253,880,441
Total4 invocations: 0

T3/T2 ratio: inf
T3b/T3 ratio: 6

T1 avg ex cycles: 142
T2 avg ex cycles: -nan
T3&b avg ex cycles: 2
T4 avg ex cycles: -nan
Avg. hops NOC1: -nan
Avg. latency NOC1 (T2): -nan
Avg. hops NOC2: 18
Avg. latency NOC2 (T3): 1,738
Number of K Nodes Processed: 253,881
Number of K Edges Processed: 253,881
Node Re-explore factor: 60.53
Edge Re-explore factor: 1.98
Nodes/cy: 1,950
Edges/cy: 1,950
TEPS: 986

---Pcache---
Pcache Size: 886
Cached: 1
  PHits: 91,427,396
  PMisses: 124,941,161
  PHit Rate (hit/miss): 42%
  PEvictions: 77,050,649
  PEviction Rate (evict/misses): 62%

---Energy---
Leakage Energy (nJ): 65,117
PU Dyn E (nJ): 8,369,603
Mem Dyn E (nJ): 41,375,669
Route Dyn E (nJ): 27,292,061
Dynamic Energy (nJ): 77,037,334
Ratio of Dyn/Leak: 1,183
Total Energy (nJ): 77,102,451
Total Energy (nJ) 3D: 79,518,047
Cores Energy (nJ): 8,375,400
Route Energy (nJ): 27,295,399
Route Energy (nJ) 3D: 29,710,994
Mem Energy   (nJ): 41,431,653
Mem Energy   (nJ) 3D: 41,431,653
Avg. Power (mW): 592,321.20
Power Density (mW/mm2): 171.13

---Runtime---
Runtime in K cycles: 130.17
Microseconds: 130.17
Time per iteration (ms): 0.13

---Throughput---
GOP/s (aka OPS/ns): 10,169.07
GOP/s per core: 0.62
FLOP/s: 985.66
FLOP/s per core: 0.06
Max Peak FLOP/s: 16,384.00
Avg. BW GB/s: 55,226.03
Max BW GB/s: 65,536.00

---Traffic---
In-Die bisection_bytes BW (GB/s): 2,048.00
Inter-board traffic (msg/ns): 0.00, per-link: 0.00
Inter-pack traffic (msg/ns): 0.00, per-link: 0.00
Inter-die traffic (msg/ns): 0.00, per-link: 0.00
Ruche traffic (msg/ns): 0.00, per-link: 0.00
All traffic (msg/ns): 69,066.36, per-link: 4.22
Inter-die reduction wrt all: inf
Inter-board reduction wrt inter-die: -nan

---Data Movement---
All traffic (msg): 8,990,367,708
Arith. Intensity FLOP/Loads: 0.12
Arith. Intensity FLOP/Msgs: 0.01
Arith. Intensity OPS/Loads: 1.29
Arith. Intensity OPS/Msgs: 0.15



===Core Utilization Total=== CORE-S:13;; TIME K cy:130 ;; Nodes Proc: 15,159,812 -- Edges Proc: 0
======== IT IS COLD ======= Only 0 Tiles active
Epoch Done Router: 14
Epoch Done Router: 15
Epoch Done Router: 1
Epoch Done Router: 5
Epoch Done Router: 0
Epoch Done Router: 10
Epoch Done Router: 6
Epoch Done Router: 13
Epoch Done Router: 4
Epoch Done Router: 3
Epoch Done Router: 8
Epoch Done Router: 9
Epoch Done Router: 12
Epoch Done Router: 2
Epoch Done Router: 7
Epoch Done Router: 11
##EPOCH## 1 COMPLETED at Time (K cy): 134
Nodes processed until now: 253,935,719
Edges processed until now: 0
Program Done Worker Thread: 0
Program Done Router Thread: 12
Program Done Worker Thread: 1
Program Done Router Thread: 15
Program Done Router Thread: 4
Program Done Worker Thread: 2
Program Done Router Thread: 1
Program Done Worker Thread: 9
Program Done Worker Thread: 12
Program Done Router Thread: 0
Program Done Router Thread: 5
Program Done Router Thread: 7
Program Done Router Thread: 13
Program Done Router Thread: 6
Program Done Router Thread: 14
Program Done Worker Thread: 10
Program Done Worker Thread: 15
Program Done Worker Thread: 3
Program Done Worker Thread: 5
Program Done Worker Thread: 4
Program Done Worker Thread: 14
Program Done Router Thread: 9
Program Done Worker Thread: 11
Program Done Worker Thread: 6
Program Done Router Thread: 10
Program Done Worker Thread: 7
Program Done Worker Thread: 8
Program Done Worker Thread: 13
Program Done Router Thread: 11
Program Done Router Thread: 8
Program Done Router Thread: 2
Program Done Router Thread: 3

===PRINTING ACUM STATS at pu_cycles: 134,809

ACollision In Avg:64, SD:17, Max:107, Min:17
ACollision Out Avg:38, SD:14, Max:66, Min:3
ACollision End Avg:0, SD:1, Max:22, Min:0
ATask1 Avg:37, SD:0, Max:38, Min:36
ATask2 Avg:0, SD:0, Max:0, Min:0
ATask3 Avg:23, SD:2, Max:31, Min:16
ACore Active Avg:62, SD:2, Max:70, Min:53
ARouter Active Avg:85, SD:3, Max:92, Min:74
T1 invocations: 5,768,388
T2 invocations: 0
T3 invocations: 36,429,264
T3b invocations: 217,506,455
Total3 invocations: 253,935,719
Total4 invocations: 0

T3/T2 ratio: inf
T3b/T3 ratio: 6

T1 avg ex cycles: 142
T2 avg ex cycles: -nan
T3&b avg ex cycles: 2
T4 avg ex cycles: -nan
Avg. hops NOC1: -nan
Avg. latency NOC1 (T2): -nan
Avg. hops NOC2: 18
Avg. latency NOC2 (T3): 1,738

Runtime at program end in K cycles: 134
Runtime before cooldown in K cycles: 100


Number of K Nodes Processed: 253,935
Number of K Edges Processed: 253,935
Node Re-explore factor: 60.54
Edge Re-explore factor: 1.98
Nodes/cy: 1,884
Edges/cy: 1,884
TEPS: 952

---Pcache---
Pcache Size: 886
Cached: 1
  PHits: 91,429,149
  PMisses: 124,978,621
  PHit Rate (hit/miss): 42%
  PEvictions: 77,051,794
  PEviction Rate (evict/misses): 62%

---Energy---
Leakage Energy (nJ): 67,437
PU Dyn E (nJ): 8,370,504
Mem Dyn E (nJ): 41,383,701
Route Dyn E (nJ): 27,297,530
Dynamic Energy (nJ): 77,051,735
Ratio of Dyn/Leak: 1,143
Total Energy (nJ): 77,119,172
Total Energy (nJ) 3D: 79,535,252
Cores Energy (nJ): 8,376,507
Route Energy (nJ): 27,300,987
Route Energy (nJ) 3D: 29,717,066
Mem Energy   (nJ): 41,441,680
Mem Energy   (nJ) 3D: 41,441,680
Avg. Power (mW): 572,062.49
Power Density (mW/mm2): 165.28

---Runtime---
Runtime in K cycles: 134.81
Microseconds: 134.81
Time per iteration (ms): 0.13

---Inst---
K Loads: 1,029,966
K Stores: 767,575
K Instructions: 1,323,870

---Throughput---
GOP/s (aka OPS/ns): 9,820.35
GOP/s per core: 0.60
FLOP/s: 951.80
FLOP/s per core: 0.06
Max Peak FLOP/s: 16,384.00
Avg. BW GB/s: 53,335.98
Max BW GB/s: 65,536.00

---Traffic---
In-Die bisection_bytes BW (GB/s): 2,048.00
Inter-board traffic (msg/ns): 0.00, per-link: 0.00
Inter-pack traffic (msg/ns): 0.00, per-link: 0.00
Inter-die traffic (msg/ns): 0.00, per-link: 0.00
Ruche traffic (msg/ns): 0.00, per-link: 0.00
All traffic (msg/ns): 66,703.10, per-link: 4.07
Inter-die reduction wrt all: inf
Inter-board reduction wrt inter-die: -nan

---Data Movement---
All traffic (msg): 8,992,178,148
Arith. Intensity FLOP/Loads: 0.12
Arith. Intensity FLOP/Msgs: 0.01
Arith. Intensity OPS/Loads: 1.29
Arith. Intensity OPS/Msgs: 0.15

Simulation time: 168.05
Sim noc_cy/s: 802.18
Sim Msg/s: 53,507,626.18

Version 31

