Dataset:  wikipedia/
Dry run: 0
Open Edge Count File succesfully
Edges Traversed BFS: 95554407
Found Vertices: 4210688, Edges: 101311613
avg degree 25
Array  wikipedia/node_array.bin found
Malloc array of size 16842756 bytes
Readin array of size 16825160 bytes
Finished Reading Array Bytes
No reordering Array 32bit
Array  wikipedia/edge_array.bin found
Malloc array of size 405246452 bytes
Readin array of size 405246452 bytes
Finished Reading Array Bytes
No reordering Array 32bit
Array  wikipedia/edge_values.bin found
Malloc array of size 405246452 bytes
Readin array of size 405246452 bytes
Finished Reading Array Bytes
No reordering Array 32bit
Reading graph elapsed time: 0.18258s

Dataset Footprint: 822 MiB
Dataset Footprint per Board: 6895.44 Mb
Dataset injection time (ms): 0.105216
Max Dataset Footprint: 821 MiB

Dataset footprint per tile: 51 KiB
Proxys footprint per tile: 64 KiB
Reserved SRAM per tile: 41 KiB

Ideal SRAM per tile: 156 KiB
reserved_words_for_dataset:24103
dataset_words_per_tile:13152
remaining_sram_words:120518
min_dcache_sram_words_required:13152
dataset_words_per_tile:13152
min_pcache_sram_words_required:8
proxys_words_per_tile:16448
Dcache footprint ratio: 1
Pcache footprint ratio: 1
Dataset Cached: 0
DCache: 13152 words, lines: 822, sets: 822
Proxys Cached: 0
Pcache: 16448 words, sets: 16448
Node per tile: 257
Edge per tile: 6,184
GRID_X: 128
GRID_SIZE: 16,384
smt_per_tile: 1
noc_freq: 1
pu_freq: 1
RUCHE_X: 0
PROXY_W: 16
DIE_W: 128
DIE_H: 128
DIES: 1
BORDER_TILES_PER_DIE: 512
PACK_W: 128
PACK_H: 128
DIES_PACK_FACTOR: 1
DIES_PER_PACK: 1
PACKAGES: 1
BOARD_W: 128
BOARD_H: 128
BOARDS: 1
MUX_BUS: 1
DCACHE: 0
PCACHE: 1
PROXY_FACTOR: 8
CACHE_WAYS: 1
TORUS: 1
PHY_NOCS: 1
WIDE_NOC_ID: 0
NOC_CONF: 1
noc_width: 32
hbm_channel_bit_width: 512
ld_st_op_byte_width: 4
PROXY_ROUTING: 4
WRITE_THROUGH: 0
ASSERT_MODE: 0
GLOBAL_BARRIER: 0
OQ flits: 36 ; 192 ; 384
IQ flits: 576 ; 3,072 ; 6,144
OQ messages: 12 ; 96 ; 192
IQ messages: 192 ; 1,536 ; 3,072
max_task2 size: 64
io_factor_t2: 16
io_factor_t3: 16
io_factor_t3b: 16

Active SRAM Storage per tile: 156 KiB
Total SRAM Storage per tile: 512 KiB
Agreggated SRAM Storage: 8,192 MiB

Inter-Die #links: 4,096
Inter-Die (Gbits): 131,072
Inter-Die (Gbits/mm): 563.524
Bisection BW of Board (Gbits): 32,768
Border IO #Dies: 4
Border IO Die BW (Gbits): 16,384
Off-Board BW Total (Gbits): 65,536
Off-Board BW Density (Gbits/mm): 278
Die side: 58.15 mm
Die border wire density: 563.52 Gbits/mm
HBM wire density: 70.44 Gbits/mm

Tiles per Die: 16,384 (128x128)
Tile Area: 0.19 mm2, side: 0.44 mm
- Core/Rout Area: 0.05 mm2
- SRAM Area: 0.14 mm2
- SRAM/Logic Ratio: 2.80x

Dies per Package: 1 (1x1)
Die Area: 3,381.23 mm2, side: 58.15 mm
- Tiles Area: 3,191.28 mm2
- PHY Area: 189.96 mm2
- MC Area: 0.00 mm2

Packages per Board: 1 (1x1)
Package Area: 3,461.23 mm2, side: 58.83 mm
- IOdie Area: 80.00 mm2
- Dies Area: 3,381.23 mm2
- HBM Area: 0.00 mm2

Boards: 1 (1x1)
Board Area: 3,461.23 mm2
Total Area: 3,461.23 mm2



ESTIMATED COST OF SILICON AND PACKAGING. ONLY VARIABLE, NO FIXED COSTS
Good dies per wafer 3d: 5
Good dies per wafer 2d: 6
--Dies 3D Cost: 1,209.40 $
--Dies 2.5D Cost: 1,007.83 $
--Dies 2D Cost: 1,007.83 $
--HBM Cost: 60.00 $
--IOdie Cost: 8.44 $
--Packaging Cost 3d: 233.07 $
--Packaging Cost 2.5d: 505.18 $
--Packaging Cost 2d: 152.44 $
SiP Cost 3d: 1,510.91 $
SiP Cost 2.5d: 1,581.46 $
SiP Cost 2d: 1,168.71 $
--Board Cost: 3.46 $
Total SiPs Cost 3d: 1,514.37 $
Total SiPs Cost 2.5d: 1,584.92 $
Total SiPs Cost 2d: 1,172.18 $

Perf counters initialized
Mesh connected
Cache structures initialized
Allocated proxys
proxys initialized
Dataset structures initialized


Starting Simulation
INIT epoch: 1
INIT epoch: 1
INIT epoch: 1
INIT epoch: 1
INIT epoch: 1
INIT epoch: 1
INIT epoch: 1
INIT epoch: 1
INIT epoch: 1
INIT epoch: 1
INIT epoch: 1
INIT epoch: 1
INIT epoch: 1
INIT epoch: 1
INIT epoch: 1
INIT epoch: 1

===PRINTING FRAME STATS

FCollision In Avg:-nan, SD:-nan, Max:410, Min:1
FCollision Out Avg:-nan, SD:-nan, Max:254, Min:0
FCollision End Avg:-nan, SD:-nan, Max:67, Min:0
FTask1 Avg:-nan, SD:-nan, Max:87, Min:3
FTask2 Avg:-nan, SD:-nan, Max:96, Min:0
FTask3 Avg:-nan, SD:-nan, Max:86, Min:0
FCore Active Avg:-nan, SD:-nan, Max:100, Min:7
FRouter Active Avg:-nan, SD:-nan, Max:100, Min:6
T1 invocations: 62,545
T2 invocations: 152,635
T3 invocations: 155,738
T3b invocations: 2,497,588
Total3 invocations: 2,653,326
Total4 invocations: 0

T3/T2 ratio: 1
T3b/T3 ratio: 16

T1 avg ex cycles: 142
T2 avg ex cycles: 48
T3&b avg ex cycles: 2
T4 avg ex cycles: -nan
Avg. hops NOC1: 47
Avg. latency NOC1 (T2): 3,153
Avg. hops NOC2: 13
Avg. latency NOC2 (T3): 1,079

===PRINTING ACUM STATS at pu_cycles: 10,655

ACollision In Avg:-nan, SD:-nan, Max:410, Min:1
ACollision Out Avg:-nan, SD:-nan, Max:254, Min:0
ACollision End Avg:-nan, SD:-nan, Max:67, Min:0
ATask1 Avg:-nan, SD:-nan, Max:87, Min:3
ATask2 Avg:-nan, SD:-nan, Max:96, Min:0
ATask3 Avg:-nan, SD:-nan, Max:86, Min:0
ACore Active Avg:-nan, SD:-nan, Max:100, Min:7
ARouter Active Avg:-nan, SD:-nan, Max:100, Min:6
T1 invocations: 264,841
T2 invocations: 592,204
T3 invocations: 663,211
T3b invocations: 9,280,144
Total3 invocations: 9,943,355
Total4 invocations: 0

T3/T2 ratio: 1
T3b/T3 ratio: 14

T1 avg ex cycles: 142
T2 avg ex cycles: 48
T3&b avg ex cycles: 2
T4 avg ex cycles: -nan
Avg. hops NOC1: 50
Avg. latency NOC1 (T2): 3,201
Avg. hops NOC2: 12
Avg. latency NOC2 (T3): 1,220
Number of K Nodes Processed: 10,298
Number of K Edges Processed: 12,140
Node Re-explore factor: 2.45
Edge Re-explore factor: 0.12
Nodes/cy: 967
Edges/cy: 1,139
TEPS: 8,968

---Pcache---
Pcache Size: 16,448
Cached: 0
  PHits: 0
  PMisses: 0
  PHit Rate (hit/miss): -nan%
  PEvictions: 0
  PEviction Rate (evict/misses): -nan%

---Energy---
Leakage Energy (nJ): 17,768
PU Dyn E (nJ): 786,624
Mem Dyn E (nJ): 2,495,485
Route Dyn E (nJ): 1,008,970
Dynamic Energy (nJ): 4,291,080
Ratio of Dyn/Leak: 242
Total Energy (nJ): 4,308,848
Total Energy (nJ) 3D: 4,398,151
Cores Energy (nJ): 787,099
Route Energy (nJ): 1,009,244
Route Energy (nJ) 3D: 1,098,547
Mem Energy   (nJ): 2,512,506
Mem Energy   (nJ) 3D: 2,512,506
Avg. Power (mW): 404,396.84
Power Density (mW/mm2): 116.84

---Runtime---
Runtime in K cycles: 10.65
Microseconds: 10.65
Time per iteration (ms): 0.01

---Throughput---
GOP/s (aka OPS/ns): 8,040.64
GOP/s per core: 0.49
FLOP/s: 2,040.62
FLOP/s per core: 0.12
Max Peak FLOP/s: 16,384.00
Avg. BW GB/s: 44,927.62
Max BW GB/s: 65,536.00

---Traffic---
In-Die bisection_bytes BW (GB/s): 2,048.00
Inter-board traffic (msg/ns): 0.00, per-link: 0.00
Inter-pack traffic (msg/ns): 0.00, per-link: 0.00
Inter-die traffic (msg/ns): 0.00, per-link: 0.00
Ruche traffic (msg/ns): 0.00, per-link: 0.00
All traffic (msg/ns): 31,465.04, per-link: 1.92
Inter-die reduction wrt all: inf
Inter-board reduction wrt inter-die: -nan

---Data Movement---
All traffic (msg): 335,260,038
Arith. Intensity FLOP/Loads: 0.36
Arith. Intensity FLOP/Msgs: 0.06
Arith. Intensity OPS/Loads: 1.44
Arith. Intensity OPS/Msgs: 0.26



===Core Utilization Total=== CORE-S:1;; TIME K cy:10 ;; Nodes Proc: 650,045 -- Edges Proc: 784,231

===PRINTING FRAME STATS

FCollision In Avg:121, SD:44, Max:466, Min:0
FCollision Out Avg:110, SD:36, Max:295, Min:0
FCollision End Avg:0, SD:5, Max:100, Min:0
FTask1 Avg:7, SD:11, Max:83, Min:0
FTask2 Avg:15, SD:21, Max:100, Min:0
FTask3 Avg:13, SD:11, Max:100, Min:0
FCore Active Avg:36, SD:26, Max:100, Min:2
FRouter Active Avg:63, SD:20, Max:101, Min:2
T1 invocations: 23,114
T2 invocations: 118,186
T3 invocations: 168,213
T3b invocations: 2,516,618
Total3 invocations: 2,684,831
Total4 invocations: 0

T3/T2 ratio: 1
T3b/T3 ratio: 15

T1 avg ex cycles: 132
T2 avg ex cycles: 52
T3&b avg ex cycles: 2
T4 avg ex cycles: -nan
Avg. hops NOC1: 29
Avg. latency NOC1 (T2): 8,103
Avg. hops NOC2: 11
Avg. latency NOC2 (T3): 1,315

===PRINTING ACUM STATS at pu_cycles: 20,655

ACollision In Avg:131, SD:41, Max:431, Min:1
ACollision Out Avg:113, SD:34, Max:256, Min:0
ACollision End Avg:0, SD:3, Max:73, Min:0
ATask1 Avg:15, SD:10, Max:65, Min:2
ATask2 Avg:16, SD:16, Max:82, Min:0
ATask3 Avg:13, SD:9, Max:89, Min:0
ACore Active Avg:44, SD:21, Max:100, Min:5
ARouter Active Avg:68, SD:17, Max:100, Min:4
T1 invocations: 333,637
T2 invocations: 1,007,581
T3 invocations: 1,432,511
T3b invocations: 18,524,753
Total3 invocations: 19,957,264
Total4 invocations: 0

T3/T2 ratio: 1
T3b/T3 ratio: 13

T1 avg ex cycles: 138
T2 avg ex cycles: 50
T3&b avg ex cycles: 2
T4 avg ex cycles: -nan
Avg. hops NOC1: 40
Avg. latency NOC1 (T2): 5,521
Avg. hops NOC2: 12
Avg. latency NOC2 (T3): 1,402
Number of K Nodes Processed: 20,238
Number of K Edges Processed: 21,358
Node Re-explore factor: 4.81
Edge Re-explore factor: 0.21
Nodes/cy: 980
Edges/cy: 1,034
TEPS: 4,626

---Pcache---
Pcache Size: 16,448
Cached: 0
  PHits: 0
  PMisses: 0
  PHit Rate (hit/miss): -nan%
  PEvictions: 0
  PEviction Rate (evict/misses): -nan%

---Energy---
Leakage Energy (nJ): 34,444
PU Dyn E (nJ): 1,368,348
Mem Dyn E (nJ): 4,620,766
Route Dyn E (nJ): 1,739,123
Dynamic Energy (nJ): 7,728,238
Ratio of Dyn/Leak: 224
Total Energy (nJ): 7,762,682
Total Energy (nJ) 3D: 7,916,610
Cores Energy (nJ): 1,369,268
Route Energy (nJ): 1,739,654
Route Energy (nJ) 3D: 1,893,582
Mem Energy   (nJ): 4,653,761
Mem Energy   (nJ) 3D: 4,653,761
Avg. Power (mW): 375,825.82
Power Density (mW/mm2): 108.58

---Runtime---
Runtime in K cycles: 20.66
Microseconds: 20.66
Time per iteration (ms): 0.02

---Throughput---
GOP/s (aka OPS/ns): 6,586.44
GOP/s per core: 0.40
FLOP/s: 1,988.33
FLOP/s per core: 0.12
Max Peak FLOP/s: 16,384.00
Avg. BW GB/s: 42,917.71
Max BW GB/s: 65,536.00

---Traffic---
In-Die bisection_bytes BW (GB/s): 2,048.00
Inter-board traffic (msg/ns): 0.00, per-link: 0.00
Inter-pack traffic (msg/ns): 0.00, per-link: 0.00
Inter-die traffic (msg/ns): 0.00, per-link: 0.00
Ruche traffic (msg/ns): 0.00, per-link: 0.00
All traffic (msg/ns): 28,248.46, per-link: 1.72
Inter-die reduction wrt all: inf
Inter-board reduction wrt inter-die: -nan

---Data Movement---
All traffic (msg): 583,471,927
Arith. Intensity FLOP/Loads: 0.37
Arith. Intensity FLOP/Msgs: 0.07
Arith. Intensity OPS/Loads: 1.23
Arith. Intensity OPS/Msgs: 0.23



===Core Utilization Total=== CORE-S:2;; TIME K cy:20 ;; Nodes Proc: 1,310,451 -- Edges Proc: 1,379,974

===PRINTING FRAME STATS

FCollision In Avg:106, SD:41, Max:388, Min:0
FCollision Out Avg:99, SD:38, Max:294, Min:0
FCollision End Avg:0, SD:4, Max:100, Min:0
FTask1 Avg:5, SD:12, Max:70, Min:0
FTask2 Avg:10, SD:20, Max:100, Min:0
FTask3 Avg:10, SD:11, Max:100, Min:0
FCore Active Avg:26, SD:26, Max:100, Min:0
FRouter Active Avg:50, SD:23, Max:101, Min:1
T1 invocations: 15,751
T2 invocations: 72,764
T3 invocations: 173,473
T3b invocations: 1,904,519
Total3 invocations: 2,077,992
Total4 invocations: 0

T3/T2 ratio: 2
T3b/T3 ratio: 11

T1 avg ex cycles: 134
T2 avg ex cycles: 54
T3&b avg ex cycles: 2
T4 avg ex cycles: -nan
Avg. hops NOC1: 34
Avg. latency NOC1 (T2): 9,816
Avg. hops NOC2: 11
Avg. latency NOC2 (T3): 1,775

===PRINTING ACUM STATS at pu_cycles: 30,659

ACollision In Avg:123, SD:37, Max:368, Min:1
ACollision Out Avg:108, SD:32, Max:268, Min:0
ACollision End Avg:0, SD:3, Max:82, Min:0
ATask1 Avg:11, SD:8, Max:44, Min:1
ATask2 Avg:14, SD:14, Max:61, Min:0
ATask3 Avg:12, SD:9, Max:91, Min:2
ACore Active Avg:38, SD:20, Max:100, Min:4
ARouter Active Avg:62, SD:17, Max:100, Min:3
T1 invocations: 377,203
T2 invocations: 1,303,121
T3 invocations: 2,112,445
T3b invocations: 25,765,842
Total3 invocations: 27,878,287
Total4 invocations: 0

T3/T2 ratio: 2
T3b/T3 ratio: 12

T1 avg ex cycles: 137
T2 avg ex cycles: 51
T3&b avg ex cycles: 2
T4 avg ex cycles: -nan
Avg. hops NOC1: 36
Avg. latency NOC1 (T2): 7,232
Avg. hops NOC2: 11
Avg. latency NOC2 (T3): 1,469
Number of K Nodes Processed: 28,140
Number of K Edges Processed: 28,256
Node Re-explore factor: 6.68
Edge Re-explore factor: 0.28
Nodes/cy: 918
Edges/cy: 922
TEPS: 3,117

---Pcache---
Pcache Size: 16,448
Cached: 0
  PHits: 0
  PMisses: 0
  PHit Rate (hit/miss): -nan%
  PEvictions: 0
  PEviction Rate (evict/misses): -nan%

---Energy---
Leakage Energy (nJ): 51,127
PU Dyn E (nJ): 1,809,088
Mem Dyn E (nJ): 6,252,912
Route Dyn E (nJ): 2,295,877
Dynamic Energy (nJ): 10,357,878
Ratio of Dyn/Leak: 203
Total Energy (nJ): 10,409,005
Total Energy (nJ) 3D: 10,612,211
Cores Energy (nJ): 1,810,453
Route Energy (nJ): 2,296,664
Route Energy (nJ) 3D: 2,499,870
Mem Energy   (nJ): 6,301,888
Mem Energy   (nJ) 3D: 6,301,888
Avg. Power (mW): 339,508.95
Power Density (mW/mm2): 98.09

---Runtime---
Runtime in K cycles: 30.66
Microseconds: 30.66
Time per iteration (ms): 0.03

---Throughput---
GOP/s (aka OPS/ns): 5,657.31
GOP/s per core: 0.35
FLOP/s: 1,823.30
FLOP/s per core: 0.11
Max Peak FLOP/s: 16,384.00
Avg. BW GB/s: 39,127.84
Max BW GB/s: 65,536.00

---Traffic---
In-Die bisection_bytes BW (GB/s): 2,048.00
Inter-board traffic (msg/ns): 0.00, per-link: 0.00
Inter-pack traffic (msg/ns): 0.00, per-link: 0.00
Inter-die traffic (msg/ns): 0.00, per-link: 0.00
Ruche traffic (msg/ns): 0.00, per-link: 0.00
All traffic (msg/ns): 25,220.80, per-link: 1.54
Inter-die reduction wrt all: inf
Inter-board reduction wrt inter-die: -nan

---Data Movement---
All traffic (msg): 773,244,435
Arith. Intensity FLOP/Loads: 0.37
Arith. Intensity FLOP/Msgs: 0.07
Arith. Intensity OPS/Loads: 1.16
Arith. Intensity OPS/Msgs: 0.22



===Core Utilization Total=== CORE-S:3;; TIME K cy:30 ;; Nodes Proc: 1,861,068 -- Edges Proc: 1,834,494

===PRINTING FRAME STATS

FCollision In Avg:97, SD:41, Max:335, Min:0
FCollision Out Avg:89, SD:39, Max:231, Min:0
FCollision End Avg:0, SD:3, Max:92, Min:0
FTask1 Avg:5, SD:11, Max:82, Min:0
FTask2 Avg:11, SD:18, Max:100, Min:0
FTask3 Avg:11, SD:11, Max:100, Min:0
FCore Active Avg:28, SD:24, Max:100, Min:1
FRouter Active Avg:58, SD:21, Max:101, Min:4
T1 invocations: 17,178
T2 invocations: 85,254
T3 invocations: 196,111
T3b invocations: 2,117,033
Total3 invocations: 2,313,144
Total4 invocations: 0

T3/T2 ratio: 2
T3b/T3 ratio: 11

T1 avg ex cycles: 128
T2 avg ex cycles: 51
T3&b avg ex cycles: 2
T4 avg ex cycles: -nan
Avg. hops NOC1: 34
Avg. latency NOC1 (T2): 12,520
Avg. hops NOC2: 12
Avg. latency NOC2 (T3): 1,130

===PRINTING ACUM STATS at pu_cycles: 40,626

ACollision In Avg:116, SD:35, Max:317, Min:1
ACollision Out Avg:104, SD:31, Max:251, Min:0
ACollision End Avg:0, SD:3, Max:84, Min:0
ATask1 Avg:10, SD:6, Max:33, Min:1
ATask2 Avg:13, SD:12, Max:50, Min:0
ATask3 Avg:12, SD:8, Max:91, Min:2
ACore Active Avg:36, SD:18, Max:100, Min:5
ARouter Active Avg:61, SD:17, Max:99, Min:3
T1 invocations: 447,013
T2 invocations: 1,651,913
T3 invocations: 2,815,042
T3b invocations: 33,711,274
Total3 invocations: 36,526,316
Total4 invocations: 0

T3/T2 ratio: 2
T3b/T3 ratio: 12

T1 avg ex cycles: 135
T2 avg ex cycles: 51
T3&b avg ex cycles: 2
T4 avg ex cycles: -nan
Avg. hops NOC1: 35
Avg. latency NOC1 (T2): 8,720
Avg. hops NOC2: 11
Avg. latency NOC2 (T3): 1,406
Number of K Nodes Processed: 36,809
Number of K Edges Processed: 35,810
Node Re-explore factor: 8.74
Edge Re-explore factor: 0.35
Nodes/cy: 906
Edges/cy: 881
TEPS: 2,352

---Pcache---
Pcache Size: 16,448
Cached: 0
  PHits: 0
  PMisses: 0
  PHit Rate (hit/miss): -nan%
  PEvictions: 0
  PEviction Rate (evict/misses): -nan%

---Energy---
Leakage Energy (nJ): 67,748
PU Dyn E (nJ): 2,304,079
Mem Dyn E (nJ): 8,053,407
Route Dyn E (nJ): 2,996,055
Dynamic Energy (nJ): 13,353,542
Ratio of Dyn/Leak: 197
Total Energy (nJ): 13,421,290
Total Energy (nJ) 3D: 13,686,468
Cores Energy (nJ): 2,305,888
Route Energy (nJ): 2,997,097
Route Energy (nJ) 3D: 3,262,276
Mem Energy   (nJ): 8,118,305
Mem Energy   (nJ) 3D: 8,118,305
Avg. Power (mW): 330,362.08
Power Density (mW/mm2): 95.45

---Runtime---
Runtime in K cycles: 40.63
Microseconds: 40.63
Time per iteration (ms): 0.04

---Throughput---
GOP/s (aka OPS/ns): 5,348.01
GOP/s per core: 0.33
FLOP/s: 1,774.85
FLOP/s per core: 0.11
Max Peak FLOP/s: 16,384.00
Avg. BW GB/s: 38,031.50
Max BW GB/s: 65,536.00

---Traffic---
In-Die bisection_bytes BW (GB/s): 2,048.00
Inter-board traffic (msg/ns): 0.00, per-link: 0.00
Inter-pack traffic (msg/ns): 0.00, per-link: 0.00
Inter-die traffic (msg/ns): 0.00, per-link: 0.00
Ruche traffic (msg/ns): 0.00, per-link: 0.00
All traffic (msg/ns): 24,841.44, per-link: 1.52
Inter-die reduction wrt all: inf
Inter-board reduction wrt inter-die: -nan

---Data Movement---
All traffic (msg): 1,009,208,271
Arith. Intensity FLOP/Loads: 0.37
Arith. Intensity FLOP/Msgs: 0.07
Arith. Intensity OPS/Loads: 1.13
Arith. Intensity OPS/Msgs: 0.22



===Core Utilization Total=== CORE-S:4;; TIME K cy:40 ;; Nodes Proc: 2,398,231 -- Edges Proc: 2,289,941

===PRINTING FRAME STATS

FCollision In Avg:91, SD:45, Max:299, Min:0
FCollision Out Avg:84, SD:43, Max:234, Min:0
FCollision End Avg:0, SD:2, Max:95, Min:0
FTask1 Avg:4, SD:8, Max:70, Min:0
FTask2 Avg:10, SD:19, Max:100, Min:0
FTask3 Avg:11, SD:11, Max:100, Min:0
FCore Active Avg:26, SD:24, Max:100, Min:1
FRouter Active Avg:57, SD:23, Max:101, Min:5
T1 invocations: 11,842
T2 invocations: 83,702
T3 invocations: 202,853
T3b invocations: 2,093,420
Total3 invocations: 2,296,273
Total4 invocations: 0

T3/T2 ratio: 2
T3b/T3 ratio: 10

T1 avg ex cycles: 127
T2 avg ex cycles: 48
T3&b avg ex cycles: 2
T4 avg ex cycles: -nan
Avg. hops NOC1: 26
Avg. latency NOC1 (T2): 11,555
Avg. hops NOC2: 12
Avg. latency NOC2 (T3): 896

===PRINTING ACUM STATS at pu_cycles: 50,667

ACollision In Avg:111, SD:33, Max:281, Min:1
ACollision Out Avg:99, SD:31, Max:229, Min:0
ACollision End Avg:0, SD:2, Max:67, Min:0
ATask1 Avg:9, SD:5, Max:26, Min:1
ATask2 Avg:13, SD:11, Max:40, Min:0
ATask3 Avg:12, SD:8, Max:89, Min:2
ACore Active Avg:34, SD:16, Max:100, Min:4
ARouter Active Avg:60, SD:16, Max:99, Min:4
T1 invocations: 509,380
T2 invocations: 1,989,545
T3 invocations: 3,640,518
T3b invocations: 41,971,714
Total3 invocations: 45,612,232
Total4 invocations: 0

T3/T2 ratio: 2
T3b/T3 ratio: 12

T1 avg ex cycles: 134
T2 avg ex cycles: 51
T3&b avg ex cycles: 2
T4 avg ex cycles: -nan
Avg. hops NOC1: 34
Avg. latency NOC1 (T2): 9,678
Avg. hops NOC2: 12
Avg. latency NOC2 (T3): 1,347
Number of K Nodes Processed: 45,900
Number of K Edges Processed: 42,983
Node Re-explore factor: 10.90
Edge Re-explore factor: 0.42
Nodes/cy: 906
Edges/cy: 848
TEPS: 1,886

---Pcache---
Pcache Size: 16,448
Cached: 0
  PHits: 0
  PMisses: 0
  PHit Rate (hit/miss): -nan%
  PEvictions: 0
  PEviction Rate (evict/misses): -nan%

---Energy---
Leakage Energy (nJ): 84,492
PU Dyn E (nJ): 2,797,183
Mem Dyn E (nJ): 9,872,685
Route Dyn E (nJ): 3,729,580
Dynamic Energy (nJ): 16,399,448
Ratio of Dyn/Leak: 194
Total Energy (nJ): 16,483,940
Total Energy (nJ) 3D: 16,814,042
Cores Energy (nJ): 2,799,440
Route Energy (nJ): 3,730,879
Route Energy (nJ) 3D: 4,060,981
Mem Energy   (nJ): 9,953,622
Mem Energy   (nJ) 3D: 9,953,622
Avg. Power (mW): 325,338.79
Power Density (mW/mm2): 94.00

---Runtime---
Runtime in K cycles: 50.67
Microseconds: 50.67
Time per iteration (ms): 0.05

---Throughput---
GOP/s (aka OPS/ns): 5,139.02
GOP/s per core: 0.31
FLOP/s: 1,744.40
FLOP/s per core: 0.11
Max Peak FLOP/s: 16,384.00
Avg. BW GB/s: 37,383.80
Max BW GB/s: 65,536.00

---Traffic---
In-Die bisection_bytes BW (GB/s): 2,048.00
Inter-board traffic (msg/ns): 0.00, per-link: 0.00
Inter-pack traffic (msg/ns): 0.00, per-link: 0.00
Inter-die traffic (msg/ns): 0.00, per-link: 0.00
Ruche traffic (msg/ns): 0.00, per-link: 0.00
All traffic (msg/ns): 24,796.78, per-link: 1.51
Inter-die reduction wrt all: inf
Inter-board reduction wrt inter-die: -nan

---Data Movement---
All traffic (msg): 1,256,378,642
Arith. Intensity FLOP/Loads: 0.37
Arith. Intensity FLOP/Msgs: 0.07
Arith. Intensity OPS/Loads: 1.10
Arith. Intensity OPS/Msgs: 0.21



===Core Utilization Total=== CORE-S:5;; TIME K cy:50 ;; Nodes Proc: 2,854,462 -- Edges Proc: 2,644,546

===PRINTING FRAME STATS

FCollision In Avg:87, SD:46, Max:401, Min:0
FCollision Out Avg:80, SD:45, Max:254, Min:0
FCollision End Avg:0, SD:2, Max:78, Min:0
FTask1 Avg:5, SD:10, Max:92, Min:0
FTask2 Avg:10, SD:18, Max:100, Min:0
FTask3 Avg:11, SD:10, Max:97, Min:0
FCore Active Avg:28, SD:22, Max:100, Min:1
FRouter Active Avg:60, SD:21, Max:101, Min:7
T1 invocations: 16,429
T2 invocations: 80,043
T3 invocations: 216,934
T3b invocations: 2,084,077
Total3 invocations: 2,301,011
Total4 invocations: 0

T3/T2 ratio: 3
T3b/T3 ratio: 10

T1 avg ex cycles: 126
T2 avg ex cycles: 49
T3&b avg ex cycles: 2
T4 avg ex cycles: -nan
Avg. hops NOC1: 36
Avg. latency NOC1 (T2): 12,296
Avg. hops NOC2: 13
Avg. latency NOC2 (T3): 795

===PRINTING ACUM STATS at pu_cycles: 60,625

ACollision In Avg:107, SD:33, Max:266, Min:1
ACollision Out Avg:96, SD:31, Max:213, Min:0
ACollision End Avg:0, SD:2, Max:56, Min:0
ATask1 Avg:8, SD:4, Max:22, Min:1
ATask2 Avg:12, SD:9, Max:33, Min:0
ATask3 Avg:12, SD:8, Max:78, Min:2
ACore Active Avg:33, SD:15, Max:100, Min:4
ARouter Active Avg:60, SD:16, Max:99, Min:5
T1 invocations: 574,207
T2 invocations: 2,320,501
T3 invocations: 4,539,709
T3b invocations: 50,545,060
Total3 invocations: 55,084,769
Total4 invocations: 0

T3/T2 ratio: 2
T3b/T3 ratio: 11

T1 avg ex cycles: 133
T2 avg ex cycles: 51
T3&b avg ex cycles: 2
T4 avg ex cycles: -nan
Avg. hops NOC1: 34
Avg. latency NOC1 (T2): 10,525
Avg. hops NOC2: 12
Avg. latency NOC2 (T3): 1,282
Number of K Nodes Processed: 55,408
Number of K Edges Processed: 50,005
Node Re-explore factor: 13.16
Edge Re-explore factor: 0.49
Nodes/cy: 914
Edges/cy: 825
TEPS: 1,576

---Pcache---
Pcache Size: 16,448
Cached: 0
  PHits: 0
  PMisses: 0
  PHit Rate (hit/miss): -nan%
  PEvictions: 0
  PEviction Rate (evict/misses): -nan%

---Energy---
Leakage Energy (nJ): 101,098
PU Dyn E (nJ): 3,296,710
Mem Dyn E (nJ): 11,725,567
Route Dyn E (nJ): 4,538,596
Dynamic Energy (nJ): 19,560,873
Ratio of Dyn/Leak: 193
Total Energy (nJ): 19,661,971
Total Energy (nJ) 3D: 20,063,678
Cores Energy (nJ): 3,299,410
Route Energy (nJ): 4,540,150
Route Energy (nJ) 3D: 4,941,857
Mem Energy   (nJ): 11,822,412
Mem Energy   (nJ) 3D: 11,822,412
Avg. Power (mW): 324,321.18
Power Density (mW/mm2): 93.70

---Runtime---
Runtime in K cycles: 60.62
Microseconds: 60.62
Time per iteration (ms): 0.06

---Throughput---
GOP/s (aka OPS/ns): 5,016.12
GOP/s per core: 0.31
FLOP/s: 1,729.66
FLOP/s per core: 0.11
Max Peak FLOP/s: 16,384.00
Avg. BW GB/s: 37,107.19
Max BW GB/s: 65,536.00

---Traffic---
In-Die bisection_bytes BW (GB/s): 2,048.00
Inter-board traffic (msg/ns): 0.00, per-link: 0.00
Inter-pack traffic (msg/ns): 0.00, per-link: 0.00
Inter-die traffic (msg/ns): 0.00, per-link: 0.00
Ruche traffic (msg/ns): 0.00, per-link: 0.00
All traffic (msg/ns): 25,200.26, per-link: 1.54
Inter-die reduction wrt all: inf
Inter-board reduction wrt inter-die: -nan

---Data Movement---
All traffic (msg): 1,527,765,630
Arith. Intensity FLOP/Loads: 0.37
Arith. Intensity FLOP/Msgs: 0.07
Arith. Intensity OPS/Loads: 1.08
Arith. Intensity OPS/Msgs: 0.20



===Core Utilization Total=== CORE-S:6;; TIME K cy:60 ;; Nodes Proc: 3,292,671 -- Edges Proc: 2,972,876

===PRINTING FRAME STATS

FCollision In Avg:80, SD:46, Max:318, Min:0
FCollision Out Avg:74, SD:46, Max:217, Min:0
FCollision End Avg:0, SD:2, Max:97, Min:0
FTask1 Avg:5, SD:10, Max:77, Min:0
FTask2 Avg:10, SD:19, Max:100, Min:0
FTask3 Avg:14, SD:12, Max:100, Min:0
FCore Active Avg:32, SD:25, Max:100, Min:0
FRouter Active Avg:68, SD:22, Max:101, Min:9
T1 invocations: 15,066
T2 invocations: 78,679
T3 invocations: 317,402
T3b invocations: 2,632,444
Total3 invocations: 2,949,846
Total4 invocations: 0

T3/T2 ratio: 4
T3b/T3 ratio: 8

T1 avg ex cycles: 131
T2 avg ex cycles: 52
T3&b avg ex cycles: 2
T4 avg ex cycles: -nan
Avg. hops NOC1: 30
Avg. latency NOC1 (T2): 10,205
Avg. hops NOC2: 13
Avg. latency NOC2 (T3): 782

===PRINTING ACUM STATS at pu_cycles: 70,652

ACollision In Avg:103, SD:32, Max:265, Min:1
ACollision Out Avg:93, SD:31, Max:198, Min:0
ACollision End Avg:0, SD:2, Max:48, Min:0
ATask1 Avg:8, SD:4, Max:20, Min:1
ATask2 Avg:12, SD:8, Max:29, Min:0
ATask3 Avg:12, SD:8, Max:77, Min:1
ACore Active Avg:33, SD:14, Max:100, Min:4
ARouter Active Avg:61, SD:16, Max:99, Min:10
T1 invocations: 633,323
T2 invocations: 2,643,543
T3 invocations: 5,690,748
T3b invocations: 60,304,714
Total3 invocations: 65,995,462
Total4 invocations: 0

T3/T2 ratio: 2
T3b/T3 ratio: 11

T1 avg ex cycles: 133
T2 avg ex cycles: 51
T3&b avg ex cycles: 2
T4 avg ex cycles: -nan
Avg. hops NOC1: 34
Avg. latency NOC1 (T2): 10,943
Avg. hops NOC2: 12
Avg. latency NOC2 (T3): 1,221
Number of K Nodes Processed: 66,346
Number of K Edges Processed: 56,939
Node Re-explore factor: 15.76
Edge Re-explore factor: 0.56
Nodes/cy: 939
Edges/cy: 806
TEPS: 1,352

---Pcache---
Pcache Size: 16,448
Cached: 0
  PHits: 0
  PMisses: 0
  PHit Rate (hit/miss): -nan%
  PEvictions: 0
  PEviction Rate (evict/misses): -nan%

---Energy---
Leakage Energy (nJ): 117,820
PU Dyn E (nJ): 3,830,725
Mem Dyn E (nJ): 13,748,781
Route Dyn E (nJ): 5,467,796
Dynamic Energy (nJ): 23,047,303
Ratio of Dyn/Leak: 196
Total Energy (nJ): 23,165,123
Total Energy (nJ) 3D: 23,649,072
Cores Energy (nJ): 3,833,872
Route Energy (nJ): 5,469,608
Route Energy (nJ) 3D: 5,953,557
Mem Energy   (nJ): 13,861,643
Mem Energy   (nJ) 3D: 13,861,643
Avg. Power (mW): 327,876.39
Power Density (mW/mm2): 94.73

---Runtime---
Runtime in K cycles: 70.65
Microseconds: 70.65
Time per iteration (ms): 0.07

---Throughput---
GOP/s (aka OPS/ns): 4,952.23
GOP/s per core: 0.30
FLOP/s: 1,736.91
FLOP/s per core: 0.11
Max Peak FLOP/s: 16,384.00
Avg. BW GB/s: 37,335.26
Max BW GB/s: 65,536.00

---Traffic---
In-Die bisection_bytes BW (GB/s): 2,048.00
Inter-board traffic (msg/ns): 0.00, per-link: 0.00
Inter-pack traffic (msg/ns): 0.00, per-link: 0.00
Inter-die traffic (msg/ns): 0.00, per-link: 0.00
Ruche traffic (msg/ns): 0.00, per-link: 0.00
All traffic (msg/ns): 26,034.08, per-link: 1.59
Inter-die reduction wrt all: inf
Inter-board reduction wrt inter-die: -nan

---Data Movement---
All traffic (msg): 1,839,359,618
Arith. Intensity FLOP/Loads: 0.37
Arith. Intensity FLOP/Msgs: 0.07
Arith. Intensity OPS/Loads: 1.06
Arith. Intensity OPS/Msgs: 0.19



===Core Utilization Total=== CORE-S:7;; TIME K cy:70 ;; Nodes Proc: 3,838,661 -- Edges Proc: 3,365,562

===PRINTING FRAME STATS

FCollision In Avg:76, SD:48, Max:302, Min:0
FCollision Out Avg:67, SD:48, Max:223, Min:0
FCollision End Avg:0, SD:2, Max:84, Min:0
FTask1 Avg:6, SD:11, Max:68, Min:0
FTask2 Avg:11, SD:20, Max:100, Min:0
FTask3 Avg:17, SD:12, Max:98, Min:0
FCore Active Avg:38, SD:24, Max:100, Min:2
FRouter Active Avg:78, SD:17, Max:101, Min:9
T1 invocations: 18,985
T2 invocations: 94,053
T3 invocations: 371,776
T3b invocations: 3,022,693
Total3 invocations: 3,394,469
Total4 invocations: 0

T3/T2 ratio: 4
T3b/T3 ratio: 8

T1 avg ex cycles: 133
T2 avg ex cycles: 50
T3&b avg ex cycles: 2
T4 avg ex cycles: -nan
Avg. hops NOC1: 35
Avg. latency NOC1 (T2): 11,993
Avg. hops NOC2: 14
Avg. latency NOC2 (T3): 704

===PRINTING ACUM STATS at pu_cycles: 80,675

ACollision In Avg:100, SD:31, Max:261, Min:1
ACollision Out Avg:90, SD:31, Max:184, Min:0
ACollision End Avg:0, SD:1, Max:42, Min:0
ATask1 Avg:7, SD:3, Max:17, Min:1
ATask2 Avg:12, SD:7, Max:25, Min:0
ATask3 Avg:13, SD:8, Max:72, Min:2
ACore Active Avg:33, SD:13, Max:97, Min:4
ARouter Active Avg:63, SD:15, Max:99, Min:11
T1 invocations: 700,398
T2 invocations: 2,988,354
T3 invocations: 7,090,357
T3b invocations: 71,043,473
Total3 invocations: 78,133,830
Total4 invocations: 0

T3/T2 ratio: 2
T3b/T3 ratio: 10

T1 avg ex cycles: 132
T2 avg ex cycles: 51
T3&b avg ex cycles: 2
T4 avg ex cycles: -nan
Avg. hops NOC1: 34
Avg. latency NOC1 (T2): 11,386
Avg. hops NOC2: 12
Avg. latency NOC2 (T3): 1,160
Number of K Nodes Processed: 78,524
Number of K Edges Processed: 64,155
Node Re-explore factor: 18.65
Edge Re-explore factor: 0.63
Nodes/cy: 973
Edges/cy: 795
TEPS: 1,184

---Pcache---
Pcache Size: 16,448
Cached: 0
  PHits: 0
  PMisses: 0
  PHit Rate (hit/miss): -nan%
  PEvictions: 0
  PEviction Rate (evict/misses): -nan%

---Energy---
Leakage Energy (nJ): 134,534
PU Dyn E (nJ): 4,412,476
Mem Dyn E (nJ): 15,958,111
Route Dyn E (nJ): 6,553,784
Dynamic Energy (nJ): 26,924,372
Ratio of Dyn/Leak: 200
Total Energy (nJ): 27,058,906
Total Energy (nJ) 3D: 27,638,975
Cores Energy (nJ): 4,416,068
Route Energy (nJ): 6,555,853
Route Energy (nJ) 3D: 7,135,922
Mem Energy   (nJ): 16,086,985
Mem Energy   (nJ) 3D: 16,086,985
Avg. Power (mW): 335,406.33
Power Density (mW/mm2): 96.90

---Runtime---
Runtime in K cycles: 80.67
Microseconds: 80.67
Time per iteration (ms): 0.08

---Throughput---
GOP/s (aka OPS/ns): 4,959.43
GOP/s per core: 0.30
FLOP/s: 1,761.16
FLOP/s per core: 0.11
Max Peak FLOP/s: 16,384.00
Avg. BW GB/s: 37,951.14
Max BW GB/s: 65,536.00

---Traffic---
In-Die bisection_bytes BW (GB/s): 2,048.00
Inter-board traffic (msg/ns): 0.00, per-link: 0.00
Inter-pack traffic (msg/ns): 0.00, per-link: 0.00
Inter-die traffic (msg/ns): 0.00, per-link: 0.00
Ruche traffic (msg/ns): 0.00, per-link: 0.00
All traffic (msg/ns): 27,297.24, per-link: 1.67
Inter-die reduction wrt all: inf
Inter-board reduction wrt inter-die: -nan

---Data Movement---
All traffic (msg): 2,202,205,237
Arith. Intensity FLOP/Loads: 0.37
Arith. Intensity FLOP/Msgs: 0.06
Arith. Intensity OPS/Loads: 1.05
Arith. Intensity OPS/Msgs: 0.18



===Core Utilization Total=== CORE-S:8;; TIME K cy:80 ;; Nodes Proc: 4,561,306 -- Edges Proc: 3,839,533

===PRINTING FRAME STATS

FCollision In Avg:66, SD:51, Max:293, Min:0
FCollision Out Avg:63, SD:52, Max:275, Min:0
FCollision End Avg:0, SD:4, Max:97, Min:0
FTask1 Avg:2, SD:8, Max:68, Min:0
FTask2 Avg:7, SD:17, Max:100, Min:0
FTask3 Avg:14, SD:12, Max:100, Min:0
FCore Active Avg:27, SD:23, Max:100, Min:1
FRouter Active Avg:69, SD:19, Max:101, Min:5
T1 invocations: 6,931
T2 invocations: 53,914
T3 invocations: 365,955
T3b invocations: 2,500,939
Total3 invocations: 2,866,894
Total4 invocations: 0

T3/T2 ratio: 7
T3b/T3 ratio: 7

T1 avg ex cycles: 135
T2 avg ex cycles: 54
T3&b avg ex cycles: 2
T4 avg ex cycles: -nan
Avg. hops NOC1: 30
Avg. latency NOC1 (T2): 9,860
Avg. hops NOC2: 14
Avg. latency NOC2 (T3): 690

===PRINTING ACUM STATS at pu_cycles: 90,636

ACollision In Avg:96, SD:31, Max:245, Min:1
ACollision Out Avg:87, SD:32, Max:175, Min:0
ACollision End Avg:0, SD:1, Max:37, Min:0
ATask1 Avg:7, SD:3, Max:15, Min:1
ATask2 Avg:11, SD:6, Max:22, Min:0
ATask3 Avg:13, SD:7, Max:70, Min:2
ACore Active Avg:32, SD:12, Max:89, Min:5
ARouter Active Avg:64, SD:15, Max:97, Min:11
T1 invocations: 739,221
T2 invocations: 3,240,354
T3 invocations: 8,607,460
T3b invocations: 80,970,287
Total3 invocations: 89,577,747
Total4 invocations: 0

T3/T2 ratio: 3
T3b/T3 ratio: 9

T1 avg ex cycles: 132
T2 avg ex cycles: 51
T3&b avg ex cycles: 2
T4 avg ex cycles: -nan
Avg. hops NOC1: 33
Avg. latency NOC1 (T2): 11,717
Avg. hops NOC2: 12
Avg. latency NOC2 (T3): 1,110
Number of K Nodes Processed: 89,939
Number of K Edges Processed: 69,646
Node Re-explore factor: 21.36
Edge Re-explore factor: 0.69
Nodes/cy: 992
Edges/cy: 768
TEPS: 1,054

---Pcache---
Pcache Size: 16,448
Cached: 0
  PHits: 0
  PMisses: 0
  PHit Rate (hit/miss): -nan%
  PEvictions: 0
  PEviction Rate (evict/misses): -nan%

---Energy---
Leakage Energy (nJ): 151,145
PU Dyn E (nJ): 4,907,721
Mem Dyn E (nJ): 17,906,441
Route Dyn E (nJ): 7,552,214
Dynamic Energy (nJ): 30,366,376
Ratio of Dyn/Leak: 201
Total Energy (nJ): 30,517,521
Total Energy (nJ) 3D: 31,185,960
Cores Energy (nJ): 4,911,757
Route Energy (nJ): 7,554,538
Route Energy (nJ) 3D: 8,222,978
Mem Energy   (nJ): 18,051,226
Mem Energy   (nJ) 3D: 18,051,226
Avg. Power (mW): 336,704.19
Power Density (mW/mm2): 97.28

---Runtime---
Runtime in K cycles: 90.64
Microseconds: 90.64
Time per iteration (ms): 0.09

---Throughput---
GOP/s (aka OPS/ns): 4,865.23
GOP/s per core: 0.30
FLOP/s: 1,754.70
FLOP/s per core: 0.11
Max Peak FLOP/s: 16,384.00
Avg. BW GB/s: 37,904.77
Max BW GB/s: 65,536.00

---Traffic---
In-Die bisection_bytes BW (GB/s): 2,048.00
Inter-board traffic (msg/ns): 0.00, per-link: 0.00
Inter-pack traffic (msg/ns): 0.00, per-link: 0.00
Inter-die traffic (msg/ns): 0.00, per-link: 0.00
Ruche traffic (msg/ns): 0.00, per-link: 0.00
All traffic (msg/ns): 27,981.92, per-link: 1.71
Inter-die reduction wrt all: inf
Inter-board reduction wrt inter-die: -nan

---Data Movement---
All traffic (msg): 2,536,169,605
Arith. Intensity FLOP/Loads: 0.37
Arith. Intensity FLOP/Msgs: 0.06
Arith. Intensity OPS/Loads: 1.03
Arith. Intensity OPS/Msgs: 0.17



===Core Utilization Total=== CORE-S:9;; TIME K cy:90 ;; Nodes Proc: 5,188,715 -- Edges Proc: 4,162,113

===PRINTING FRAME STATS

FCollision In Avg:58, SD:47, Max:274, Min:0
FCollision Out Avg:53, SD:47, Max:262, Min:0
FCollision End Avg:0, SD:2, Max:100, Min:0
FTask1 Avg:6, SD:11, Max:78, Min:0
FTask2 Avg:8, SD:16, Max:100, Min:0
FTask3 Avg:15, SD:10, Max:87, Min:0
FCore Active Avg:34, SD:21, Max:100, Min:1
FRouter Active Avg:77, SD:13, Max:101, Min:24
T1 invocations: 18,854
T2 invocations: 70,426
T3 invocations: 403,341
T3b invocations: 2,735,603
Total3 invocations: 3,138,944
Total4 invocations: 0

T3/T2 ratio: 6
T3b/T3 ratio: 7

T1 avg ex cycles: 131
T2 avg ex cycles: 49
T3&b avg ex cycles: 2
T4 avg ex cycles: -nan
Avg. hops NOC1: 43
Avg. latency NOC1 (T2): 15,518
Avg. hops NOC2: 15
Avg. latency NOC2 (T3): 482

===PRINTING ACUM STATS at pu_cycles: 100,686

ACollision In Avg:92, SD:30, Max:223, Min:1
ACollision Out Avg:84, SD:32, Max:167, Min:0
ACollision End Avg:0, SD:1, Max:34, Min:0
ATask1 Avg:7, SD:2, Max:14, Min:1
ATask2 Avg:11, SD:5, Max:20, Min:0
ATask3 Avg:13, SD:7, Max:69, Min:2
ACore Active Avg:33, SD:11, Max:84, Min:5
ARouter Active Avg:65, SD:14, Max:97, Min:14
T1 invocations: 795,973
T2 invocations: 3,529,443
T3 invocations: 10,269,179
T3b invocations: 91,776,940
Total3 invocations: 102,046,119
Total4 invocations: 0

T3/T2 ratio: 3
T3b/T3 ratio: 9

T1 avg ex cycles: 132
T2 avg ex cycles: 51
T3&b avg ex cycles: 2
T4 avg ex cycles: -nan
Avg. hops NOC1: 33
Avg. latency NOC1 (T2): 12,089
Avg. hops NOC2: 13
Avg. latency NOC2 (T3): 1,046
Number of K Nodes Processed: 102,513
Number of K Edges Processed: 75,619
Node Re-explore factor: 24.35
Edge Re-explore factor: 0.75
Nodes/cy: 1,018
Edges/cy: 751
TEPS: 949

---Pcache---
Pcache Size: 16,448
Cached: 0
  PHits: 0
  PMisses: 0
  PHit Rate (hit/miss): -nan%
  PEvictions: 0
  PEviction Rate (evict/misses): -nan%

---Energy---
Leakage Energy (nJ): 167,904
PU Dyn E (nJ): 5,454,471
Mem Dyn E (nJ): 20,034,604
Route Dyn E (nJ): 8,727,088
Dynamic Energy (nJ): 34,216,163
Ratio of Dyn/Leak: 204
Total Energy (nJ): 34,384,067
Total Energy (nJ) 3D: 35,156,493
Cores Energy (nJ): 5,458,955
Route Energy (nJ): 8,729,669
Route Energy (nJ) 3D: 9,502,096
Mem Energy   (nJ): 20,195,444
Mem Energy   (nJ) 3D: 20,195,444
Avg. Power (mW): 341,498.00
Power Density (mW/mm2): 98.66

---Runtime---
Runtime in K cycles: 100.69
Microseconds: 100.69
Time per iteration (ms): 0.10

---Throughput---
GOP/s (aka OPS/ns): 4,840.46
GOP/s per core: 0.30
FLOP/s: 1,762.29
FLOP/s per core: 0.11
Max Peak FLOP/s: 16,384.00
Avg. BW GB/s: 38,176.73
Max BW GB/s: 65,536.00

---Traffic---
In-Die bisection_bytes BW (GB/s): 2,048.00
Inter-board traffic (msg/ns): 0.00, per-link: 0.00
Inter-pack traffic (msg/ns): 0.00, per-link: 0.00
Inter-die traffic (msg/ns): 0.00, per-link: 0.00
Ruche traffic (msg/ns): 0.00, per-link: 0.00
All traffic (msg/ns): 29,071.91, per-link: 1.77
Inter-die reduction wrt all: inf
Inter-board reduction wrt inter-die: -nan

---Data Movement---
All traffic (msg): 2,927,134,437
Arith. Intensity FLOP/Loads: 0.37
Arith. Intensity FLOP/Msgs: 0.06
Arith. Intensity OPS/Loads: 1.02
Arith. Intensity OPS/Msgs: 0.17



===Core Utilization Total=== CORE-S:10;; TIME K cy:100 ;; Nodes Proc: 5,906,808 -- Edges Proc: 4,574,374

===PRINTING FRAME STATS

FCollision In Avg:52, SD:46, Max:348, Min:0
FCollision Out Avg:45, SD:47, Max:239, Min:0
FCollision End Avg:0, SD:3, Max:100, Min:0
FTask1 Avg:4, SD:10, Max:91, Min:0
FTask2 Avg:8, SD:17, Max:100, Min:0
FTask3 Avg:19, SD:12, Max:97, Min:0
FCore Active Avg:37, SD:23, Max:100, Min:2
FRouter Active Avg:84, SD:14, Max:101, Min:22
T1 invocations: 12,756
T2 invocations: 65,651
T3 invocations: 541,620
T3b invocations: 3,313,903
Total3 invocations: 3,855,523
Total4 invocations: 0

T3/T2 ratio: 8
T3b/T3 ratio: 6

T1 avg ex cycles: 132
T2 avg ex cycles: 52
T3&b avg ex cycles: 2
T4 avg ex cycles: -nan
Avg. hops NOC1: 37
Avg. latency NOC1 (T2): 12,093
Avg. hops NOC2: 15
Avg. latency NOC2 (T3): 598

===PRINTING ACUM STATS at pu_cycles: 110,652

ACollision In Avg:88, SD:30, Max:204, Min:1
ACollision Out Avg:80, SD:31, Max:171, Min:0
ACollision End Avg:0, SD:1, Max:31, Min:0
ATask1 Avg:7, SD:2, Max:14, Min:1
ATask2 Avg:11, SD:4, Max:18, Min:0
ATask3 Avg:14, SD:7, Max:65, Min:2
ACore Active Avg:33, SD:10, Max:85, Min:6
ARouter Active Avg:67, SD:13, Max:97, Min:21
T1 invocations: 846,005
T2 invocations: 3,815,548
T3 invocations: 12,337,199
T3b invocations: 104,133,141
Total3 invocations: 116,470,340
Total4 invocations: 0

T3/T2 ratio: 3
T3b/T3 ratio: 8

T1 avg ex cycles: 132
T2 avg ex cycles: 51
T3&b avg ex cycles: 2
T4 avg ex cycles: -nan
Avg. hops NOC1: 33
Avg. latency NOC1 (T2): 12,166
Avg. hops NOC2: 13
Avg. latency NOC2 (T3): 993
Number of K Nodes Processed: 116,933
Number of K Edges Processed: 81,526
Node Re-explore factor: 27.77
Edge Re-explore factor: 0.80
Nodes/cy: 1,057
Edges/cy: 737
TEPS: 864

---Pcache---
Pcache Size: 16,448
Cached: 0
  PHits: 0
  PMisses: 0
  PHit Rate (hit/miss): -nan%
  PEvictions: 0
  PEviction Rate (evict/misses): -nan%

---Energy---
Leakage Energy (nJ): 184,524
PU Dyn E (nJ): 6,051,925
Mem Dyn E (nJ): 22,405,707
Route Dyn E (nJ): 10,073,020
Dynamic Energy (nJ): 38,530,652
Ratio of Dyn/Leak: 209
Total Energy (nJ): 38,715,176
Total Energy (nJ) 3D: 39,606,730
Cores Energy (nJ): 6,056,852
Route Energy (nJ): 10,075,857
Route Energy (nJ) 3D: 10,967,411
Mem Energy   (nJ): 22,582,467
Mem Energy   (nJ) 3D: 22,582,467
Avg. Power (mW): 349,882.29
Power Density (mW/mm2): 101.09

---Runtime---
Runtime in K cycles: 110.65
Microseconds: 110.65
Time per iteration (ms): 0.11

---Throughput---
GOP/s (aka OPS/ns): 4,852.54
GOP/s per core: 0.30
FLOP/s: 1,787.82
FLOP/s per core: 0.11
Max Peak FLOP/s: 16,384.00
Avg. BW GB/s: 38,849.78
Max BW GB/s: 65,536.00

---Traffic---
In-Die bisection_bytes BW (GB/s): 2,048.00
Inter-board traffic (msg/ns): 0.00, per-link: 0.00
Inter-pack traffic (msg/ns): 0.00, per-link: 0.00
Inter-die traffic (msg/ns): 0.00, per-link: 0.00
Ruche traffic (msg/ns): 0.00, per-link: 0.00
All traffic (msg/ns): 30,502.55, per-link: 1.86
Inter-die reduction wrt all: inf
Inter-board reduction wrt inter-die: -nan

---Data Movement---
All traffic (msg): 3,375,168,352
Arith. Intensity FLOP/Loads: 0.37
Arith. Intensity FLOP/Msgs: 0.06
Arith. Intensity OPS/Loads: 1.00
Arith. Intensity OPS/Msgs: 0.16



===Core Utilization Total=== CORE-S:11;; TIME K cy:110 ;; Nodes Proc: 6,779,871 -- Edges Proc: 4,945,141

===PRINTING FRAME STATS

FCollision In Avg:46, SD:43, Max:238, Min:0
FCollision Out Avg:38, SD:43, Max:214, Min:0
FCollision End Avg:0, SD:3, Max:91, Min:0
FTask1 Avg:3, SD:8, Max:88, Min:0
FTask2 Avg:8, SD:17, Max:100, Min:0
FTask3 Avg:19, SD:13, Max:100, Min:0
FCore Active Avg:36, SD:22, Max:100, Min:1
FRouter Active Avg:85, SD:13, Max:101, Min:26
T1 invocations: 8,723
T2 invocations: 58,447
T3 invocations: 606,837
T3b invocations: 3,348,286
Total3 invocations: 3,955,123
Total4 invocations: 0

T3/T2 ratio: 10
T3b/T3 ratio: 6

T1 avg ex cycles: 133
T2 avg ex cycles: 55
T3&b avg ex cycles: 2
T4 avg ex cycles: -nan
Avg. hops NOC1: 34
Avg. latency NOC1 (T2): 10,857
Avg. hops NOC2: 15
Avg. latency NOC2 (T3): 633

===PRINTING ACUM STATS at pu_cycles: 120,519

ACollision In Avg:85, SD:29, Max:192, Min:1
ACollision Out Avg:76, SD:31, Max:161, Min:0
ACollision End Avg:0, SD:1, Max:28, Min:0
ATask1 Avg:6, SD:1, Max:14, Min:1
ATask2 Avg:10, SD:4, Max:17, Min:0
ATask3 Avg:14, SD:7, Max:61, Min:2
ACore Active Avg:33, SD:9, Max:85, Min:6
ARouter Active Avg:68, SD:12, Max:97, Min:23
T1 invocations: 879,708
T2 invocations: 4,030,733
T3 invocations: 14,614,684
T3b invocations: 115,833,666
Total3 invocations: 130,448,350
Total4 invocations: 0

T3/T2 ratio: 4
T3b/T3 ratio: 8

T1 avg ex cycles: 132
T2 avg ex cycles: 51
T3&b avg ex cycles: 2
T4 avg ex cycles: -nan
Avg. hops NOC1: 33
Avg. latency NOC1 (T2): 12,219
Avg. hops NOC2: 13
Avg. latency NOC2 (T3): 954
Number of K Nodes Processed: 130,769
Number of K Edges Processed: 86,158
Node Re-explore factor: 31.06
Edge Re-explore factor: 0.85
Nodes/cy: 1,085
Edges/cy: 715
TEPS: 793

---Pcache---
Pcache Size: 16,448
Cached: 0
  PHits: 0
  PMisses: 0
  PHit Rate (hit/miss): -nan%
  PEvictions: 0
  PEviction Rate (evict/misses): -nan%

---Energy---
Leakage Energy (nJ): 200,978
PU Dyn E (nJ): 6,590,004
Mem Dyn E (nJ): 24,594,617
Route Dyn E (nJ): 11,371,217
Dynamic Energy (nJ): 42,555,839
Ratio of Dyn/Leak: 212
Total Energy (nJ): 42,756,817
Total Energy (nJ) 3D: 43,763,273
Cores Energy (nJ): 6,595,370
Route Energy (nJ): 11,374,308
Route Energy (nJ) 3D: 12,380,764
Mem Energy   (nJ): 24,787,139
Mem Energy   (nJ) 3D: 24,787,139
Avg. Power (mW): 354,772.42
Power Density (mW/mm2): 102.50

---Runtime---
Runtime in K cycles: 120.52
Microseconds: 120.52
Time per iteration (ms): 0.12

---Throughput---
GOP/s (aka OPS/ns): 4,815.69
GOP/s per core: 0.29
FLOP/s: 1,796.31
FLOP/s per core: 0.11
Max Peak FLOP/s: 16,384.00
Avg. BW GB/s: 39,153.96
Max BW GB/s: 65,536.00

---Traffic---
In-Die bisection_bytes BW (GB/s): 2,048.00
Inter-board traffic (msg/ns): 0.00, per-link: 0.00
Inter-pack traffic (msg/ns): 0.00, per-link: 0.00
Inter-die traffic (msg/ns): 0.00, per-link: 0.00
Ruche traffic (msg/ns): 0.00, per-link: 0.00
All traffic (msg/ns): 31,590.55, per-link: 1.93
Inter-die reduction wrt all: inf
Inter-board reduction wrt inter-die: -nan

---Data Movement---
All traffic (msg): 3,807,260,972
Arith. Intensity FLOP/Loads: 0.37
Arith. Intensity FLOP/Msgs: 0.06
Arith. Intensity OPS/Loads: 0.99
Arith. Intensity OPS/Msgs: 0.15



===Core Utilization Total=== CORE-S:12;; TIME K cy:120 ;; Nodes Proc: 7,568,141 -- Edges Proc: 5,253,917

===PRINTING FRAME STATS

FCollision In Avg:37, SD:40, Max:311, Min:0
FCollision Out Avg:27, SD:36, Max:229, Min:0
FCollision End Avg:0, SD:2, Max:74, Min:0
FTask1 Avg:3, SD:9, Max:79, Min:0
FTask2 Avg:8, SD:18, Max:100, Min:0
FTask3 Avg:21, SD:13, Max:100, Min:0
FCore Active Avg:38, SD:23, Max:100, Min:3
FRouter Active Avg:88, SD:10, Max:101, Min:46
T1 invocations: 8,482
T2 invocations: 55,604
T3 invocations: 717,691
T3b invocations: 3,493,494
Total3 invocations: 4,211,185
Total4 invocations: 0

T3/T2 ratio: 13
T3b/T3 ratio: 5

T1 avg ex cycles: 132
T2 avg ex cycles: 58
T3&b avg ex cycles: 2
T4 avg ex cycles: -nan
Avg. hops NOC1: 33
Avg. latency NOC1 (T2): 9,816
Avg. hops NOC2: 15
Avg. latency NOC2 (T3): 586

===PRINTING ACUM STATS at pu_cycles: 130,619

ACollision In Avg:81, SD:28, Max:185, Min:1
ACollision Out Avg:73, SD:29, Max:152, Min:0
ACollision End Avg:0, SD:1, Max:26, Min:0
ATask1 Avg:6, SD:1, Max:13, Min:1
ATask2 Avg:10, SD:3, Max:15, Min:0
ATask3 Avg:15, SD:7, Max:58, Min:2
ACore Active Avg:34, SD:9, Max:83, Min:9
ARouter Active Avg:70, SD:12, Max:97, Min:26
T1 invocations: 909,520
T2 invocations: 4,216,987
T3 invocations: 17,104,090
T3b invocations: 127,262,961
Total3 invocations: 144,367,051
Total4 invocations: 0

T3/T2 ratio: 4
T3b/T3 ratio: 7

T1 avg ex cycles: 132
T2 avg ex cycles: 51
T3&b avg ex cycles: 2
T4 avg ex cycles: -nan
Avg. hops NOC1: 33
Avg. latency NOC1 (T2): 12,173
Avg. hops NOC2: 13
Avg. latency NOC2 (T3): 910
Number of K Nodes Processed: 144,707
Number of K Edges Processed: 90,307
Node Re-explore factor: 34.37
Edge Re-explore factor: 0.89
Nodes/cy: 1,108
Edges/cy: 691
TEPS: 732

---Pcache---
Pcache Size: 16,448
Cached: 0
  PHits: 0
  PMisses: 0
  PHit Rate (hit/miss): -nan%
  PEvictions: 0
  PEviction Rate (evict/misses): -nan%

---Energy---
Leakage Energy (nJ): 217,821
PU Dyn E (nJ): 7,109,648
Mem Dyn E (nJ): 26,728,454
Route Dyn E (nJ): 12,694,030
Dynamic Energy (nJ): 46,532,132
Ratio of Dyn/Leak: 214
Total Energy (nJ): 46,749,953
Total Energy (nJ) 3D: 47,873,490
Cores Energy (nJ): 7,115,464
Route Energy (nJ): 12,697,379
Route Energy (nJ) 3D: 13,820,916
Mem Energy   (nJ): 26,937,110
Mem Energy   (nJ) 3D: 26,937,110
Avg. Power (mW): 357,910.81
Power Density (mW/mm2): 103.41

---Runtime---
Runtime in K cycles: 130.62
Microseconds: 130.62
Time per iteration (ms): 0.13

---Throughput---
GOP/s (aka OPS/ns): 4,762.01
GOP/s per core: 0.29
FLOP/s: 1,796.03
FLOP/s per core: 0.11
Max Peak FLOP/s: 16,384.00
Avg. BW GB/s: 39,260.90
Max BW GB/s: 65,536.00

---Traffic---
In-Die bisection_bytes BW (GB/s): 2,048.00
Inter-board traffic (msg/ns): 0.00, per-link: 0.00
Inter-pack traffic (msg/ns): 0.00, per-link: 0.00
Inter-die traffic (msg/ns): 0.00, per-link: 0.00
Ruche traffic (msg/ns): 0.00, per-link: 0.00
All traffic (msg/ns): 32,512.87, per-link: 1.98
Inter-die reduction wrt all: inf
Inter-board reduction wrt inter-die: -nan

---Data Movement---
All traffic (msg): 4,246,798,671
Arith. Intensity FLOP/Loads: 0.37
Arith. Intensity FLOP/Msgs: 0.06
Arith. Intensity OPS/Loads: 0.97
Arith. Intensity OPS/Msgs: 0.15



===Core Utilization Total=== CORE-S:13;; TIME K cy:130 ;; Nodes Proc: 8,341,133 -- Edges Proc: 5,533,474
======== IT IS COLD ======= Only 503 Tiles active

===PRINTING FRAME STATS

FCollision In Avg:23, SD:34, Max:212, Min:0
FCollision Out Avg:16, SD:33, Max:215, Min:0
FCollision End Avg:0, SD:2, Max:99, Min:0
FTask1 Avg:0, SD:3, Max:73, Min:0
FTask2 Avg:3, SD:12, Max:100, Min:0
FTask3 Avg:15, SD:12, Max:100, Min:0
FCore Active Avg:24, SD:19, Max:100, Min:1
FRouter Active Avg:73, SD:16, Max:101, Min:21
T1 invocations: 1,195
T2 invocations: 19,194
T3 invocations: 647,702
T3b invocations: 2,444,449
Total3 invocations: 3,092,151
Total4 invocations: 0

T3/T2 ratio: 34
T3b/T3 ratio: 4

T1 avg ex cycles: 123
T2 avg ex cycles: 66
T3&b avg ex cycles: 2
T4 avg ex cycles: -nan
Avg. hops NOC1: 20
Avg. latency NOC1 (T2): 12,064
Avg. hops NOC2: 15
Avg. latency NOC2 (T3): 526

===PRINTING ACUM STATS at pu_cycles: 140,635

ACollision In Avg:77, SD:27, Max:184, Min:1
ACollision Out Avg:69, SD:28, Max:146, Min:0
ACollision End Avg:0, SD:1, Max:24, Min:0
ATask1 Avg:6, SD:1, Max:17, Min:1
ATask2 Avg:10, SD:2, Max:14, Min:0
ATask3 Avg:15, SD:7, Max:55, Min:3
ACore Active Avg:33, SD:8, Max:81, Min:9
ARouter Active Avg:70, SD:11, Max:97, Min:27
T1 invocations: 926,452
T2 invocations: 4,328,027
T3 invocations: 19,408,340
T3b invocations: 136,278,780
Total3 invocations: 155,687,120
Total4 invocations: 0

T3/T2 ratio: 4
T3b/T3 ratio: 7

T1 avg ex cycles: 132
T2 avg ex cycles: 51
T3&b avg ex cycles: 2
T4 avg ex cycles: -nan
Avg. hops NOC1: 33
Avg. latency NOC1 (T2): 12,218
Avg. hops NOC2: 13
Avg. latency NOC2 (T3): 876
Number of K Nodes Processed: 156,044
Number of K Edges Processed: 92,922
Node Re-explore factor: 37.06
Edge Re-explore factor: 0.92
Nodes/cy: 1,110
Edges/cy: 661
TEPS: 679

---Pcache---
Pcache Size: 16,448
Cached: 0
  PHits: 0
  PMisses: 0
  PHit Rate (hit/miss): -nan%
  PEvictions: 0
  PEviction Rate (evict/misses): -nan%

---Energy---
Leakage Energy (nJ): 234,523
PU Dyn E (nJ): 7,504,150
Mem Dyn E (nJ): 28,386,049
Route Dyn E (nJ): 13,772,678
Dynamic Energy (nJ): 49,662,877
Ratio of Dyn/Leak: 212
Total Energy (nJ): 49,897,400
Total Energy (nJ) 3D: 51,116,408
Cores Energy (nJ): 7,510,413
Route Energy (nJ): 13,776,284
Route Energy (nJ) 3D: 14,995,291
Mem Energy   (nJ): 28,610,705
Mem Energy   (nJ) 3D: 28,610,705
Avg. Power (mW): 354,800.73
Power Density (mW/mm2): 102.51

---Runtime---
Runtime in K cycles: 140.63
Microseconds: 140.63
Time per iteration (ms): 0.14

---Throughput---
GOP/s (aka OPS/ns): 4,642.83
GOP/s per core: 0.28
FLOP/s: 1,767.04
FLOP/s per core: 0.11
Max Peak FLOP/s: 16,384.00
Avg. BW GB/s: 38,726.27
Max BW GB/s: 65,536.00

---Traffic---
In-Die bisection_bytes BW (GB/s): 2,048.00
Inter-board traffic (msg/ns): 0.00, per-link: 0.00
Inter-pack traffic (msg/ns): 0.00, per-link: 0.00
Inter-die traffic (msg/ns): 0.00, per-link: 0.00
Ruche traffic (msg/ns): 0.00, per-link: 0.00
All traffic (msg/ns): 32,744.51, per-link: 2.00
Inter-die reduction wrt all: inf
Inter-board reduction wrt inter-die: -nan

---Data Movement---
All traffic (msg): 4,605,024,851
Arith. Intensity FLOP/Loads: 0.37
Arith. Intensity FLOP/Msgs: 0.05
Arith. Intensity OPS/Loads: 0.96
Arith. Intensity OPS/Msgs: 0.14



===Core Utilization Total=== CORE-S:14;; TIME K cy:140 ;; Nodes Proc: 8,949,308 -- Edges Proc: 5,694,584
======== IT IS COLD ======= Only 428 Tiles active

===PRINTING FRAME STATS

FCollision In Avg:17, SD:28, Max:250, Min:0
FCollision Out Avg:10, SD:24, Max:197, Min:0
FCollision End Avg:0, SD:2, Max:101, Min:0
FTask1 Avg:1, SD:6, Max:79, Min:0
FTask2 Avg:3, SD:13, Max:100, Min:0
FTask3 Avg:14, SD:10, Max:95, Min:0
FCore Active Avg:24, SD:19, Max:100, Min:1
FRouter Active Avg:72, SD:16, Max:101, Min:33
T1 invocations: 3,776
T2 invocations: 24,220
T3 invocations: 565,140
T3b invocations: 2,209,867
Total3 invocations: 2,775,007
Total4 invocations: 0

T3/T2 ratio: 23
T3b/T3 ratio: 4

T1 avg ex cycles: 135
T2 avg ex cycles: 58
T3&b avg ex cycles: 2
T4 avg ex cycles: -nan
Avg. hops NOC1: 37
Avg. latency NOC1 (T2): 9,783
Avg. hops NOC2: 16
Avg. latency NOC2 (T3): 251

===PRINTING ACUM STATS at pu_cycles: 150,643

ACollision In Avg:73, SD:26, Max:185, Min:1
ACollision Out Avg:65, SD:27, Max:149, Min:0
ACollision End Avg:0, SD:1, Max:22, Min:0
ATask1 Avg:5, SD:1, Max:16, Min:1
ATask2 Avg:9, SD:2, Max:13, Min:0
ATask3 Avg:15, SD:7, Max:53, Min:3
ACore Active Avg:32, SD:8, Max:80, Min:11
ARouter Active Avg:70, SD:11, Max:98, Min:29
T1 invocations: 946,948
T2 invocations: 4,453,626
T3 invocations: 21,677,931
T3b invocations: 145,216,499
Total3 invocations: 166,894,430
Total4 invocations: 0

T3/T2 ratio: 5
T3b/T3 ratio: 7

T1 avg ex cycles: 132
T2 avg ex cycles: 51
T3&b avg ex cycles: 2
T4 avg ex cycles: -nan
Avg. hops NOC1: 33
Avg. latency NOC1 (T2): 12,190
Avg. hops NOC2: 14
Avg. latency NOC2 (T3): 840
Number of K Nodes Processed: 167,213
Number of K Edges Processed: 95,700
Node Re-explore factor: 39.71
Edge Re-explore factor: 0.94
Nodes/cy: 1,110
Edges/cy: 635
TEPS: 634

---Pcache---
Pcache Size: 16,448
Cached: 0
  PHits: 0
  PMisses: 0
  PHit Rate (hit/miss): -nan%
  PEvictions: 0
  PEviction Rate (evict/misses): -nan%

---Energy---
Leakage Energy (nJ): 251,213
PU Dyn E (nJ): 7,904,174
Mem Dyn E (nJ): 30,051,324
Route Dyn E (nJ): 14,859,418
Dynamic Energy (nJ): 52,814,917
Ratio of Dyn/Leak: 210
Total Energy (nJ): 53,066,130
Total Energy (nJ) 3D: 54,381,323
Cores Energy (nJ): 7,910,882
Route Energy (nJ): 14,863,281
Route Energy (nJ) 3D: 16,178,474
Mem Energy   (nJ): 30,291,967
Mem Energy   (nJ) 3D: 30,291,967
Avg. Power (mW): 352,264.16
Power Density (mW/mm2): 101.77

---Runtime---
Runtime in K cycles: 150.64
Microseconds: 150.64
Time per iteration (ms): 0.15

---Throughput---
GOP/s (aka OPS/ns): 4,545.26
GOP/s per core: 0.28
FLOP/s: 1,742.63
FLOP/s per core: 0.11
Max Peak FLOP/s: 16,384.00
Avg. BW GB/s: 38,274.53
Max BW GB/s: 65,536.00

---Traffic---
In-Die bisection_bytes BW (GB/s): 2,048.00
Inter-board traffic (msg/ns): 0.00, per-link: 0.00
Inter-pack traffic (msg/ns): 0.00, per-link: 0.00
Inter-die traffic (msg/ns): 0.00, per-link: 0.00
Ruche traffic (msg/ns): 0.00, per-link: 0.00
All traffic (msg/ns): 32,962.60, per-link: 2.01
Inter-die reduction wrt all: inf
Inter-board reduction wrt inter-die: -nan

---Data Movement---
All traffic (msg): 4,965,584,583
Arith. Intensity FLOP/Loads: 0.36
Arith. Intensity FLOP/Msgs: 0.05
Arith. Intensity OPS/Loads: 0.95
Arith. Intensity OPS/Msgs: 0.14



===Core Utilization Total=== CORE-S:15;; TIME K cy:150 ;; Nodes Proc: 9,617,876 -- Edges Proc: 5,852,588
======== IT IS COLD ======= Only 367 Tiles active

===PRINTING FRAME STATS

FCollision In Avg:12, SD:23, Max:193, Min:0
FCollision Out Avg:5, SD:16, Max:161, Min:0
FCollision End Avg:0, SD:2, Max:73, Min:0
FTask1 Avg:0, SD:2, Max:48, Min:0
FTask2 Avg:2, SD:10, Max:100, Min:0
FTask3 Avg:12, SD:9, Max:97, Min:0
FCore Active Avg:19, SD:16, Max:100, Min:2
FRouter Active Avg:65, SD:18, Max:101, Min:27
T1 invocations: 661
T2 invocations: 16,521
T3 invocations: 525,211
T3b invocations: 1,854,380
Total3 invocations: 2,379,591
Total4 invocations: 0

T3/T2 ratio: 32
T3b/T3 ratio: 4

T1 avg ex cycles: 138
T2 avg ex cycles: 61
T3&b avg ex cycles: 2
T4 avg ex cycles: -nan
Avg. hops NOC1: 31
Avg. latency NOC1 (T2): 10,966
Avg. hops NOC2: 16
Avg. latency NOC2 (T3): 278

===PRINTING ACUM STATS at pu_cycles: 160,676

ACollision In Avg:69, SD:25, Max:185, Min:1
ACollision Out Avg:61, SD:26, Max:150, Min:0
ACollision End Avg:0, SD:1, Max:21, Min:0
ATask1 Avg:5, SD:0, Max:15, Min:2
ATask2 Avg:9, SD:1, Max:13, Min:0
ATask3 Avg:14, SD:6, Max:52, Min:4
ACore Active Avg:32, SD:8, Max:78, Min:11
ARouter Active Avg:70, SD:10, Max:98, Min:31
T1 invocations: 963,151
T2 invocations: 4,548,268
T3 invocations: 23,731,180
T3b invocations: 152,739,828
Total3 invocations: 176,471,008
Total4 invocations: 0

T3/T2 ratio: 5
T3b/T3 ratio: 6

T1 avg ex cycles: 132
T2 avg ex cycles: 51
T3&b avg ex cycles: 2
T4 avg ex cycles: -nan
Avg. hops NOC1: 33
Avg. latency NOC1 (T2): 12,164
Avg. hops NOC2: 14
Avg. latency NOC2 (T3): 813
Number of K Nodes Processed: 176,783
Number of K Edges Processed: 97,866
Node Re-explore factor: 41.98
Edge Re-explore factor: 0.97
Nodes/cy: 1,100
Edges/cy: 609
TEPS: 595

---Pcache---
Pcache Size: 16,448
Cached: 0
  PHits: 0
  PMisses: 0
  PHit Rate (hit/miss): -nan%
  PEvictions: 0
  PEviction Rate (evict/misses): -nan%

---Energy---
Leakage Energy (nJ): 267,944
PU Dyn E (nJ): 8,238,702
Mem Dyn E (nJ): 31,453,551
Route Dyn E (nJ): 15,792,329
Dynamic Energy (nJ): 55,484,583
Ratio of Dyn/Leak: 207
Total Energy (nJ): 55,752,527
Total Energy (nJ) 3D: 57,150,291
Cores Energy (nJ): 8,245,857
Route Energy (nJ): 15,796,448
Route Energy (nJ) 3D: 17,194,213
Mem Energy   (nJ): 31,710,221
Mem Energy   (nJ) 3D: 31,710,221
Avg. Power (mW): 346,987.27
Power Density (mW/mm2): 100.25

---Runtime---
Runtime in K cycles: 160.68
Microseconds: 160.68
Time per iteration (ms): 0.16

---Throughput---
GOP/s (aka OPS/ns): 4,425.87
GOP/s per core: 0.27
FLOP/s: 1,706.94
FLOP/s per core: 0.10
Max Peak FLOP/s: 16,384.00
Avg. BW GB/s: 37,559.06
Max BW GB/s: 65,536.00

---Traffic---
In-Die bisection_bytes BW (GB/s): 2,048.00
Inter-board traffic (msg/ns): 0.00, per-link: 0.00
Inter-pack traffic (msg/ns): 0.00, per-link: 0.00
Inter-die traffic (msg/ns): 0.00, per-link: 0.00
Ruche traffic (msg/ns): 0.00, per-link: 0.00
All traffic (msg/ns): 32,829.91, per-link: 2.00
Inter-die reduction wrt all: inf
Inter-board reduction wrt inter-die: -nan

---Data Movement---
All traffic (msg): 5,274,978,177
Arith. Intensity FLOP/Loads: 0.36
Arith. Intensity FLOP/Msgs: 0.05
Arith. Intensity OPS/Loads: 0.94
Arith. Intensity OPS/Msgs: 0.13



===Core Utilization Total=== CORE-S:16;; TIME K cy:160 ;; Nodes Proc: 10,271,642 -- Edges Proc: 6,043,244
======== IT IS COLD ======= Only 372 Tiles active

===PRINTING FRAME STATS

FCollision In Avg:10, SD:25, Max:238, Min:0
FCollision Out Avg:5, SD:17, Max:115, Min:0
FCollision End Avg:0, SD:1, Max:59, Min:0
FTask1 Avg:0, SD:1, Max:54, Min:0
FTask2 Avg:2, SD:12, Max:100, Min:0
FTask3 Avg:10, SD:9, Max:99, Min:0
FCore Active Avg:17, SD:17, Max:100, Min:1
FRouter Active Avg:58, SD:19, Max:101, Min:20
T1 invocations: 148
T2 invocations: 14,310
T3 invocations: 482,017
T3b invocations: 1,638,581
Total3 invocations: 2,120,598
Total4 invocations: 0

T3/T2 ratio: 34
T3b/T3 ratio: 3

T1 avg ex cycles: 124
T2 avg ex cycles: 69
T3&b avg ex cycles: 2
T4 avg ex cycles: -nan
Avg. hops NOC1: 20
Avg. latency NOC1 (T2): 6,011
Avg. hops NOC2: 15
Avg. latency NOC2 (T3): 299

===PRINTING ACUM STATS at pu_cycles: 170,425

ACollision In Avg:66, SD:24, Max:188, Min:1
ACollision Out Avg:58, SD:24, Max:147, Min:0
ACollision End Avg:0, SD:1, Max:20, Min:0
ATask1 Avg:5, SD:0, Max:14, Min:4
ATask2 Avg:9, SD:1, Max:12, Min:0
ATask3 Avg:14, SD:6, Max:50, Min:4
ACore Active Avg:31, SD:7, Max:76, Min:14
ARouter Active Avg:69, SD:10, Max:98, Min:32
T1 invocations: 972,862
T2 invocations: 4,622,417
T3 invocations: 25,708,827
T3b invocations: 159,546,133
Total3 invocations: 185,254,960
Total4 invocations: 0

T3/T2 ratio: 6
T3b/T3 ratio: 6

T1 avg ex cycles: 132
T2 avg ex cycles: 51
T3&b avg ex cycles: 2
T4 avg ex cycles: -nan
Avg. hops NOC1: 33
Avg. latency NOC1 (T2): 12,111
Avg. hops NOC2: 14
Avg. latency NOC2 (T3): 790
Number of K Nodes Processed: 185,393
Number of K Edges Processed: 99,623
Node Re-explore factor: 44.03
Edge Re-explore factor: 0.98
Nodes/cy: 1,088
Edges/cy: 585
TEPS: 561

---Pcache---
Pcache Size: 16,448
Cached: 0
  PHits: 0
  PMisses: 0
  PHit Rate (hit/miss): -nan%
  PEvictions: 0
  PEviction Rate (evict/misses): -nan%

---Energy---
Leakage Energy (nJ): 284,201
PU Dyn E (nJ): 8,535,015
Mem Dyn E (nJ): 32,713,515
Route Dyn E (nJ): 16,639,947
Dynamic Energy (nJ): 57,888,477
Ratio of Dyn/Leak: 204
Total Energy (nJ): 58,172,678
Total Energy (nJ) 3D: 59,645,465
Cores Energy (nJ): 8,542,604
Route Energy (nJ): 16,644,316
Route Energy (nJ) 3D: 18,117,103
Mem Energy   (nJ): 32,985,759
Mem Energy   (nJ) 3D: 32,985,759
Avg. Power (mW): 341,338.88
Power Density (mW/mm2): 98.62

---Runtime---
Runtime in K cycles: 170.43
Microseconds: 170.43
Time per iteration (ms): 0.17

---Throughput---
GOP/s (aka OPS/ns): 4,307.22
GOP/s per core: 0.26
FLOP/s: 1,671.07
FLOP/s per core: 0.10
Max Peak FLOP/s: 16,384.00
Avg. BW GB/s: 36,829.08
Max BW GB/s: 65,536.00

---Traffic---
In-Die bisection_bytes BW (GB/s): 2,048.00
Inter-board traffic (msg/ns): 0.00, per-link: 0.00
Inter-pack traffic (msg/ns): 0.00, per-link: 0.00
Inter-die traffic (msg/ns): 0.00, per-link: 0.00
Ruche traffic (msg/ns): 0.00, per-link: 0.00
All traffic (msg/ns): 32,602.12, per-link: 1.99
Inter-die reduction wrt all: inf
Inter-board reduction wrt inter-die: -nan

---Data Movement---
All traffic (msg): 5,556,215,528
Arith. Intensity FLOP/Loads: 0.36
Arith. Intensity FLOP/Msgs: 0.05
Arith. Intensity OPS/Loads: 0.94
Arith. Intensity OPS/Msgs: 0.13



===Core Utilization Total=== CORE-S:17;; TIME K cy:170 ;; Nodes Proc: 10,884,028 -- Edges Proc: 6,198,382
======== IT IS COLD ======= Only 239 Tiles active

===PRINTING FRAME STATS

FCollision In Avg:5, SD:18, Max:212, Min:0
FCollision Out Avg:2, SD:12, Max:99, Min:0
FCollision End Avg:0, SD:0, Max:0, Min:0
FTask1 Avg:0, SD:0, Max:0, Min:0
FTask2 Avg:1, SD:7, Max:100, Min:0
FTask3 Avg:6, SD:7, Max:82, Min:0
FCore Active Avg:9, SD:11, Max:100, Min:0
FRouter Active Avg:36, SD:19, Max:101, Min:6
T1 invocations: 0
T2 invocations: 4,597
T3 invocations: 337,608
T3b invocations: 879,979
Total3 invocations: 1,217,587
Total4 invocations: 0

T3/T2 ratio: 73
T3b/T3 ratio: 3

T1 avg ex cycles: -nan
T2 avg ex cycles: 81
T3&b avg ex cycles: 2
T4 avg ex cycles: -nan
Avg. hops NOC1: 4
Avg. latency NOC1 (T2): 12,234
Avg. hops NOC2: 15
Avg. latency NOC2 (T3): 290

===PRINTING ACUM STATS at pu_cycles: 180,606

ACollision In Avg:62, SD:23, Max:187, Min:1
ACollision Out Avg:55, SD:23, Max:144, Min:0
ACollision End Avg:0, SD:1, Max:19, Min:0
ATask1 Avg:4, SD:0, Max:13, Min:4
ATask2 Avg:8, SD:1, Max:11, Min:1
ATask3 Avg:14, SD:6, Max:49, Min:4
ACore Active Avg:29, SD:7, Max:73, Min:14
ARouter Active Avg:67, SD:9, Max:97, Min:32
T1 invocations: 978,284
T2 invocations: 4,661,143
T3 invocations: 27,206,257
T3b invocations: 164,017,256
Total3 invocations: 191,223,513
Total4 invocations: 0

T3/T2 ratio: 6
T3b/T3 ratio: 6

T1 avg ex cycles: 132
T2 avg ex cycles: 51
T3&b avg ex cycles: 2
T4 avg ex cycles: -nan
Avg. hops NOC1: 33
Avg. latency NOC1 (T2): 12,080
Avg. hops NOC2: 14
Avg. latency NOC2 (T3): 777
Number of K Nodes Processed: 191,345
Number of K Edges Processed: 100,555
Node Re-explore factor: 45.44
Edge Re-explore factor: 0.99
Nodes/cy: 1,059
Edges/cy: 557
TEPS: 529

---Pcache---
Pcache Size: 16,448
Cached: 0
  PHits: 0
  PMisses: 0
  PHit Rate (hit/miss): -nan%
  PEvictions: 0
  PEviction Rate (evict/misses): -nan%

---Energy---
Leakage Energy (nJ): 301,179
PU Dyn E (nJ): 8,730,249
Mem Dyn E (nJ): 33,552,089
Route Dyn E (nJ): 17,211,184
Dynamic Energy (nJ): 59,493,522
Ratio of Dyn/Leak: 198
Total Energy (nJ): 59,794,701
Total Energy (nJ) 3D: 61,318,047
Cores Energy (nJ): 8,738,291
Route Energy (nJ): 17,215,814
Route Energy (nJ) 3D: 18,739,161
Mem Energy   (nJ): 33,840,597
Mem Energy   (nJ) 3D: 33,840,597
Avg. Power (mW): 331,078.15
Power Density (mW/mm2): 95.65

---Runtime---
Runtime in K cycles: 180.61
Microseconds: 180.61
Time per iteration (ms): 0.18

---Throughput---
GOP/s (aka OPS/ns): 4,147.33
GOP/s per core: 0.25
FLOP/s: 1,615.45
FLOP/s per core: 0.10
Max Peak FLOP/s: 16,384.00
Avg. BW GB/s: 35,643.88
Max BW GB/s: 65,536.00

---Traffic---
In-Die bisection_bytes BW (GB/s): 2,048.00
Inter-board traffic (msg/ns): 0.00, per-link: 0.00
Inter-pack traffic (msg/ns): 0.00, per-link: 0.00
Inter-die traffic (msg/ns): 0.00, per-link: 0.00
Ruche traffic (msg/ns): 0.00, per-link: 0.00
All traffic (msg/ns): 31,814.08, per-link: 1.94
Inter-die reduction wrt all: inf
Inter-board reduction wrt inter-die: -nan

---Data Movement---
All traffic (msg): 5,745,814,173
Arith. Intensity FLOP/Loads: 0.36
Arith. Intensity FLOP/Msgs: 0.05
Arith. Intensity OPS/Loads: 0.93
Arith. Intensity OPS/Msgs: 0.13



===Core Utilization Total=== CORE-S:18;; TIME K cy:180 ;; Nodes Proc: 11,283,703 -- Edges Proc: 6,252,897
======== IT IS COLD ======= Only 115 Tiles active

===PRINTING FRAME STATS

FCollision In Avg:2, SD:10, Max:152, Min:0
FCollision Out Avg:1, SD:6, Max:94, Min:0
FCollision End Avg:0, SD:0, Max:0, Min:0
FTask1 Avg:0, SD:0, Max:0, Min:0
FTask2 Avg:0, SD:5, Max:100, Min:0
FTask3 Avg:3, SD:4, Max:68, Min:0
FCore Active Avg:5, SD:8, Max:100, Min:0
FRouter Active Avg:20, SD:15, Max:100, Min:3
T1 invocations: 0
T2 invocations: 2,138
T3 invocations: 172,032
T3b invocations: 445,400
Total3 invocations: 617,432
Total4 invocations: 0

T3/T2 ratio: 80
T3b/T3 ratio: 3

T1 avg ex cycles: -nan
T2 avg ex cycles: 87
T3&b avg ex cycles: 2
T4 avg ex cycles: -nan
Avg. hops NOC1: 0
Avg. latency NOC1 (T2): 36,960
Avg. hops NOC2: 15
Avg. latency NOC2 (T3): 148

===PRINTING ACUM STATS at pu_cycles: 190,432

ACollision In Avg:59, SD:22, Max:178, Min:1
ACollision Out Avg:52, SD:22, Max:137, Min:0
ACollision End Avg:0, SD:1, Max:18, Min:0
ATask1 Avg:4, SD:0, Max:13, Min:4
ATask2 Avg:8, SD:1, Max:11, Min:5
ATask3 Avg:13, SD:6, Max:47, Min:4
ACore Active Avg:28, SD:7, Max:70, Min:16
ARouter Active Avg:65, SD:9, Max:96, Min:31
T1 invocations: 980,195
T2 invocations: 4,680,293
T3 invocations: 27,996,762
T3b invocations: 166,264,231
Total3 invocations: 194,260,993
Total4 invocations: 0

T3/T2 ratio: 6
T3b/T3 ratio: 6

T1 avg ex cycles: 132
T2 avg ex cycles: 51
T3&b avg ex cycles: 2
T4 avg ex cycles: -nan
Avg. hops NOC1: 33
Avg. latency NOC1 (T2): 12,082
Avg. hops NOC2: 14
Avg. latency NOC2 (T3): 769
Number of K Nodes Processed: 194,282
Number of K Edges Processed: 101,010
Node Re-explore factor: 46.14
Edge Re-explore factor: 1.00
Nodes/cy: 1,020
Edges/cy: 530
TEPS: 502

---Pcache---
Pcache Size: 16,448
Cached: 0
  PHits: 0
  PMisses: 0
  PHit Rate (hit/miss): -nan%
  PEvictions: 0
  PEviction Rate (evict/misses): -nan%

---Energy---
Leakage Energy (nJ): 317,565
PU Dyn E (nJ): 8,827,612
Mem Dyn E (nJ): 33,973,588
Route Dyn E (nJ): 17,503,246
Dynamic Energy (nJ): 60,304,447
Ratio of Dyn/Leak: 190
Total Energy (nJ): 60,622,012
Total Energy (nJ) 3D: 62,171,208
Cores Energy (nJ): 8,836,092
Route Energy (nJ): 17,508,129
Route Energy (nJ) 3D: 19,057,325
Mem Energy   (nJ): 34,277,791
Mem Energy   (nJ) 3D: 34,277,791
Avg. Power (mW): 318,339.42
Power Density (mW/mm2): 91.97

---Runtime---
Runtime in K cycles: 190.43
Microseconds: 190.43
Time per iteration (ms): 0.19

---Throughput---
GOP/s (aka OPS/ns): 3,972.23
GOP/s per core: 0.24
FLOP/s: 1,550.42
FLOP/s per core: 0.09
Max Peak FLOP/s: 16,384.00
Avg. BW GB/s: 34,229.40
Max BW GB/s: 65,536.00

---Traffic---
In-Die bisection_bytes BW (GB/s): 2,048.00
Inter-board traffic (msg/ns): 0.00, per-link: 0.00
Inter-pack traffic (msg/ns): 0.00, per-link: 0.00
Inter-die traffic (msg/ns): 0.00, per-link: 0.00
Ruche traffic (msg/ns): 0.00, per-link: 0.00
All traffic (msg/ns): 30,681.41, per-link: 1.87
Inter-die reduction wrt all: inf
Inter-board reduction wrt inter-die: -nan

---Data Movement---
All traffic (msg): 5,842,722,137
Arith. Intensity FLOP/Loads: 0.36
Arith. Intensity FLOP/Msgs: 0.05
Arith. Intensity OPS/Loads: 0.93
Arith. Intensity OPS/Msgs: 0.13



===Core Utilization Total=== CORE-S:19;; TIME K cy:190 ;; Nodes Proc: 11,502,907 -- Edges Proc: 6,285,978
======== IT IS COLD ======= Only 51 Tiles active

===PRINTING FRAME STATS

FCollision In Avg:0, SD:1, Max:24, Min:0
FCollision Out Avg:0, SD:0, Max:13, Min:0
FCollision End Avg:0, SD:0, Max:0, Min:0
FTask1 Avg:0, SD:0, Max:0, Min:0
FTask2 Avg:0, SD:1, Max:40, Min:0
FTask3 Avg:1, SD:2, Max:18, Min:0
FCore Active Avg:1, SD:3, Max:50, Min:0
FRouter Active Avg:7, SD:6, Max:46, Min:0
T1 invocations: 0
T2 invocations: 222
T3 invocations: 49,457
T3b invocations: 141,176
Total3 invocations: 190,633
Total4 invocations: 0

T3/T2 ratio: 223
T3b/T3 ratio: 3

T1 avg ex cycles: -nan
T2 avg ex cycles: 77
T3&b avg ex cycles: 2
T4 avg ex cycles: -nan
Avg. hops NOC1: 0
Avg. latency NOC1 (T2): 36,075
Avg. hops NOC2: 15
Avg. latency NOC2 (T3): 37

===PRINTING ACUM STATS at pu_cycles: 200,355

ACollision In Avg:56, SD:21, Max:170, Min:1
ACollision Out Avg:49, SD:21, Max:130, Min:0
ACollision End Avg:0, SD:1, Max:17, Min:0
ATask1 Avg:4, SD:0, Max:12, Min:3
ATask2 Avg:7, SD:1, Max:10, Min:7
ATask3 Avg:12, SD:6, Max:45, Min:4
ACore Active Avg:27, SD:7, Max:67, Min:15
ARouter Active Avg:62, SD:9, Max:93, Min:29
T1 invocations: 980,669
T2 invocations: 4,686,746
T3 invocations: 28,248,153
T3b invocations: 166,961,831
Total3 invocations: 195,209,984
Total4 invocations: 0

T3/T2 ratio: 6
T3b/T3 ratio: 6

T1 avg ex cycles: 132
T2 avg ex cycles: 51
T3&b avg ex cycles: 2
T4 avg ex cycles: -nan
Avg. hops NOC1: 33
Avg. latency NOC1 (T2): 12,089
Avg. hops NOC2: 14
Avg. latency NOC2 (T3): 766
Number of K Nodes Processed: 195,212
Number of K Edges Processed: 101,147
Node Re-explore factor: 46.36
Edge Re-explore factor: 1.00
Nodes/cy: 974
Edges/cy: 505
TEPS: 477

---Pcache---
Pcache Size: 16,448
Cached: 0
  PHits: 0
  PMisses: 0
  PHit Rate (hit/miss): -nan%
  PEvictions: 0
  PEviction Rate (evict/misses): -nan%

---Energy---
Leakage Energy (nJ): 334,113
PU Dyn E (nJ): 8,858,093
Mem Dyn E (nJ): 34,105,564
Route Dyn E (nJ): 17,594,660
Dynamic Energy (nJ): 60,558,318
Ratio of Dyn/Leak: 181
Total Energy (nJ): 60,892,431
Total Energy (nJ) 3D: 62,449,718
Cores Energy (nJ): 8,867,015
Route Energy (nJ): 17,599,797
Route Energy (nJ) 3D: 19,157,084
Mem Energy   (nJ): 34,425,619
Mem Energy   (nJ) 3D: 34,425,619
Avg. Power (mW): 303,922.69
Power Density (mW/mm2): 87.81

---Runtime---
Runtime in K cycles: 200.35
Microseconds: 200.35
Time per iteration (ms): 0.20

---Throughput---
GOP/s (aka OPS/ns): 3,787.05
GOP/s per core: 0.23
FLOP/s: 1,479.10
FLOP/s per core: 0.09
Max Peak FLOP/s: 16,384.00
Avg. BW GB/s: 32,660.51
Max BW GB/s: 65,536.00

---Traffic---
In-Die bisection_bytes BW (GB/s): 2,048.00
Inter-board traffic (msg/ns): 0.00, per-link: 0.00
Inter-pack traffic (msg/ns): 0.00, per-link: 0.00
Inter-die traffic (msg/ns): 0.00, per-link: 0.00
Ruche traffic (msg/ns): 0.00, per-link: 0.00
All traffic (msg/ns): 29,313.23, per-link: 1.79
Inter-die reduction wrt all: inf
Inter-board reduction wrt inter-die: -nan

---Data Movement---
All traffic (msg): 5,873,051,655
Arith. Intensity FLOP/Loads: 0.36
Arith. Intensity FLOP/Msgs: 0.05
Arith. Intensity OPS/Loads: 0.93
Arith. Intensity OPS/Msgs: 0.13



===Core Utilization Total=== CORE-S:20;; TIME K cy:200 ;; Nodes Proc: 11,571,975 -- Edges Proc: 6,301,037
======== IT IS COLD ======= Only 2 Tiles active

===PRINTING FRAME STATS

FCollision In Avg:0, SD:0, Max:9, Min:0
FCollision Out Avg:0, SD:0, Max:1, Min:0
FCollision End Avg:0, SD:0, Max:0, Min:0
FTask1 Avg:0, SD:0, Max:0, Min:0
FTask2 Avg:0, SD:0, Max:0, Min:0
FTask3 Avg:0, SD:1, Max:24, Min:0
FCore Active Avg:0, SD:1, Max:32, Min:0
FRouter Active Avg:2, SD:5, Max:64, Min:0
T1 invocations: 0
T2 invocations: 0
T3 invocations: 10,430
T3b invocations: 33,863
Total3 invocations: 44,293
Total4 invocations: 0

T3/T2 ratio: inf
T3b/T3 ratio: 3

T1 avg ex cycles: -nan
T2 avg ex cycles: -nan
T3&b avg ex cycles: 2
T4 avg ex cycles: -nan
Avg. hops NOC1: -nan
Avg. latency NOC1 (T2): -nan
Avg. hops NOC2: 16
Avg. latency NOC2 (T3): 20

===PRINTING ACUM STATS at pu_cycles: 210,308

ACollision In Avg:53, SD:20, Max:161, Min:1
ACollision Out Avg:47, SD:20, Max:124, Min:0
ACollision End Avg:0, SD:1, Max:16, Min:0
ATask1 Avg:4, SD:0, Max:11, Min:3
ATask2 Avg:7, SD:1, Max:10, Min:6
ATask3 Avg:12, SD:5, Max:43, Min:3
ACore Active Avg:26, SD:6, Max:64, Min:14
ARouter Active Avg:59, SD:8, Max:89, Min:28
T1 invocations: 981,076
T2 invocations: 4,689,304
T3 invocations: 28,310,055
T3b invocations: 167,169,724
Total3 invocations: 195,479,779
Total4 invocations: 0

T3/T2 ratio: 6
T3b/T3 ratio: 6

T1 avg ex cycles: 132
T2 avg ex cycles: 51
T3&b avg ex cycles: 2
T4 avg ex cycles: -nan
Avg. hops NOC1: 33
Avg. latency NOC1 (T2): 12,090
Avg. hops NOC2: 14
Avg. latency NOC2 (T3): 765
Number of K Nodes Processed: 195,485
Number of K Edges Processed: 101,186
Node Re-explore factor: 46.43
Edge Re-explore factor: 1.00
Nodes/cy: 930
Edges/cy: 481
TEPS: 454

---Pcache---
Pcache Size: 16,448
Cached: 0
  PHits: 0
  PMisses: 0
  PHit Rate (hit/miss): -nan%
  PEvictions: 0
  PEviction Rate (evict/misses): -nan%

---Energy---
Leakage Energy (nJ): 350,710
PU Dyn E (nJ): 8,867,044
Mem Dyn E (nJ): 34,143,573
Route Dyn E (nJ): 17,621,711
Dynamic Energy (nJ): 60,632,328
Ratio of Dyn/Leak: 173
Total Energy (nJ): 60,983,038
Total Energy (nJ) 3D: 62,542,719
Cores Energy (nJ): 8,876,408
Route Energy (nJ): 17,627,103
Route Energy (nJ) 3D: 19,186,784
Mem Energy   (nJ): 34,479,527
Mem Energy   (nJ) 3D: 34,479,527
Avg. Power (mW): 289,970.13
Power Density (mW/mm2): 83.78

---Runtime---
Runtime in K cycles: 210.31
Microseconds: 210.31
Time per iteration (ms): 0.21

---Throughput---
GOP/s (aka OPS/ns): 3,611.20
GOP/s per core: 0.22
FLOP/s: 1,410.59
FLOP/s per core: 0.09
Max Peak FLOP/s: 16,384.00
Avg. BW GB/s: 31,149.51
Max BW GB/s: 65,536.00

---Traffic---
In-Die bisection_bytes BW (GB/s): 2,048.00
Inter-board traffic (msg/ns): 0.00, per-link: 0.00
Inter-pack traffic (msg/ns): 0.00, per-link: 0.00
Inter-die traffic (msg/ns): 0.00, per-link: 0.00
Ruche traffic (msg/ns): 0.00, per-link: 0.00
All traffic (msg/ns): 27,968.53, per-link: 1.71
Inter-die reduction wrt all: inf
Inter-board reduction wrt inter-die: -nan

---Data Movement---
All traffic (msg): 5,882,006,486
Arith. Intensity FLOP/Loads: 0.36
Arith. Intensity FLOP/Msgs: 0.05
Arith. Intensity OPS/Loads: 0.93
Arith. Intensity OPS/Msgs: 0.13



===Core Utilization Total=== CORE-S:21;; TIME K cy:210 ;; Nodes Proc: 11,583,089 -- Edges Proc: 6,302,418
======== IT IS COLD ======= Only 3 Tiles active

===PRINTING FRAME STATS

FCollision In Avg:0, SD:0, Max:1, Min:0
FCollision Out Avg:0, SD:0, Max:0, Min:0
FCollision End Avg:0, SD:0, Max:0, Min:0
FTask1 Avg:0, SD:0, Max:0, Min:0
FTask2 Avg:0, SD:0, Max:0, Min:0
FTask3 Avg:0, SD:1, Max:12, Min:0
FCore Active Avg:0, SD:1, Max:17, Min:0
FRouter Active Avg:2, SD:3, Max:31, Min:0
T1 invocations: 0
T2 invocations: 0
T3 invocations: 13,127
T3b invocations: 46,865
Total3 invocations: 59,992
Total4 invocations: 0

T3/T2 ratio: inf
T3b/T3 ratio: 4

T1 avg ex cycles: -nan
T2 avg ex cycles: -nan
T3&b avg ex cycles: 2
T4 avg ex cycles: -nan
Avg. hops NOC1: -nan
Avg. latency NOC1 (T2): -nan
Avg. hops NOC2: 15
Avg. latency NOC2 (T3): 18

===PRINTING ACUM STATS at pu_cycles: 220,215

ACollision In Avg:51, SD:19, Max:154, Min:1
ACollision Out Avg:45, SD:19, Max:118, Min:0
ACollision End Avg:0, SD:1, Max:15, Min:0
ATask1 Avg:4, SD:0, Max:11, Min:3
ATask2 Avg:7, SD:1, Max:9, Min:6
ATask3 Avg:11, SD:5, Max:41, Min:3
ACore Active Avg:24, SD:6, Max:61, Min:14
ARouter Active Avg:56, SD:8, Max:85, Min:27
T1 invocations: 981,646
T2 invocations: 4,692,353
T3 invocations: 28,416,105
T3b invocations: 167,479,082
Total3 invocations: 195,895,187
Total4 invocations: 0

T3/T2 ratio: 6
T3b/T3 ratio: 6

T1 avg ex cycles: 132
T2 avg ex cycles: 51
T3&b avg ex cycles: 2
T4 avg ex cycles: -nan
Avg. hops NOC1: 33
Avg. latency NOC1 (T2): 12,091
Avg. hops NOC2: 14
Avg. latency NOC2 (T3): 764
Number of K Nodes Processed: 195,898
Number of K Edges Processed: 101,261
Node Re-explore factor: 46.52
Edge Re-explore factor: 1.00
Nodes/cy: 890
Edges/cy: 460
TEPS: 434

---Pcache---
Pcache Size: 16,448
Cached: 0
  PHits: 0
  PMisses: 0
  PHit Rate (hit/miss): -nan%
  PEvictions: 0
  PEviction Rate (evict/misses): -nan%

---Energy---
Leakage Energy (nJ): 367,231
PU Dyn E (nJ): 8,880,977
Mem Dyn E (nJ): 34,202,728
Route Dyn E (nJ): 17,662,908
Dynamic Energy (nJ): 60,746,614
Ratio of Dyn/Leak: 165
Total Energy (nJ): 61,113,845
Total Energy (nJ) 3D: 62,677,173
Cores Energy (nJ): 8,890,784
Route Energy (nJ): 17,668,554
Route Energy (nJ) 3D: 19,231,882
Mem Energy   (nJ): 34,554,508
Mem Energy   (nJ) 3D: 34,554,508
Avg. Power (mW): 277,518.99
Power Density (mW/mm2): 80.18

---Runtime---
Runtime in K cycles: 220.22
Microseconds: 220.22
Time per iteration (ms): 0.22

---Throughput---
GOP/s (aka OPS/ns): 3,453.70
GOP/s per core: 0.21
FLOP/s: 1,349.36
FLOP/s per core: 0.08
Max Peak FLOP/s: 16,384.00
Avg. BW GB/s: 29,799.70
Max BW GB/s: 65,536.00

---Traffic---
In-Die bisection_bytes BW (GB/s): 2,048.00
Inter-board traffic (msg/ns): 0.00, per-link: 0.00
Inter-pack traffic (msg/ns): 0.00, per-link: 0.00
Inter-die traffic (msg/ns): 0.00, per-link: 0.00
Ruche traffic (msg/ns): 0.00, per-link: 0.00
All traffic (msg/ns): 26,772.25, per-link: 1.63
Inter-die reduction wrt all: inf
Inter-board reduction wrt inter-die: -nan

---Data Movement---
All traffic (msg): 5,895,650,990
Arith. Intensity FLOP/Loads: 0.36
Arith. Intensity FLOP/Msgs: 0.05
Arith. Intensity OPS/Loads: 0.93
Arith. Intensity OPS/Msgs: 0.13



===Core Utilization Total=== CORE-S:22;; TIME K cy:220 ;; Nodes Proc: 11,628,079 -- Edges Proc: 6,327,738
======== IT IS COLD ======= Only 19 Tiles active

===PRINTING FRAME STATS

FCollision In Avg:0, SD:0, Max:0, Min:0
FCollision Out Avg:0, SD:0, Max:0, Min:0
FCollision End Avg:0, SD:0, Max:0, Min:0
FTask1 Avg:0, SD:0, Max:0, Min:0
FTask2 Avg:0, SD:0, Max:0, Min:0
FTask3 Avg:0, SD:0, Max:7, Min:0
FCore Active Avg:0, SD:1, Max:10, Min:0
FRouter Active Avg:1, SD:2, Max:13, Min:0
T1 invocations: 0
T2 invocations: 0
T3 invocations: 4,181
T3b invocations: 16,689
Total3 invocations: 20,870
Total4 invocations: 0

T3/T2 ratio: inf
T3b/T3 ratio: 4

T1 avg ex cycles: -nan
T2 avg ex cycles: -nan
T3&b avg ex cycles: 2
T4 avg ex cycles: -nan
Avg. hops NOC1: -nan
Avg. latency NOC1 (T2): -nan
Avg. hops NOC2: 16
Avg. latency NOC2 (T3): 18

===PRINTING ACUM STATS at pu_cycles: 230,127

ACollision In Avg:49, SD:18, Max:147, Min:1
ACollision Out Avg:43, SD:18, Max:113, Min:0
ACollision End Avg:0, SD:1, Max:15, Min:0
ATask1 Avg:3, SD:0, Max:10, Min:3
ATask2 Avg:6, SD:1, Max:9, Min:6
ATask3 Avg:11, SD:5, Max:39, Min:3
ACore Active Avg:23, SD:6, Max:59, Min:13
ARouter Active Avg:54, SD:8, Max:81, Min:25
T1 invocations: 981,646
T2 invocations: 4,693,065
T3 invocations: 28,458,045
T3b invocations: 167,602,614
Total3 invocations: 196,060,659
Total4 invocations: 0

T3/T2 ratio: 6
T3b/T3 ratio: 6

T1 avg ex cycles: 132
T2 avg ex cycles: 51
T3&b avg ex cycles: 2
T4 avg ex cycles: -nan
Avg. hops NOC1: 33
Avg. latency NOC1 (T2): 12,091
Avg. hops NOC2: 14
Avg. latency NOC2 (T3): 764
Number of K Nodes Processed: 196,061
Number of K Edges Processed: 101,291
Node Re-explore factor: 46.56
Edge Re-explore factor: 1.00
Nodes/cy: 852
Edges/cy: 440
TEPS: 415

---Pcache---
Pcache Size: 16,448
Cached: 0
  PHits: 0
  PMisses: 0
  PHit Rate (hit/miss): -nan%
  PEvictions: 0
  PEviction Rate (evict/misses): -nan%

---Energy---
Leakage Energy (nJ): 383,761
PU Dyn E (nJ): 8,886,200
Mem Dyn E (nJ): 34,225,566
Route Dyn E (nJ): 17,678,176
Dynamic Energy (nJ): 60,789,943
Ratio of Dyn/Leak: 158
Total Energy (nJ): 61,173,704
Total Energy (nJ) 3D: 62,738,383
Cores Energy (nJ): 8,896,447
Route Energy (nJ): 17,684,076
Route Energy (nJ) 3D: 19,248,755
Mem Energy   (nJ): 34,593,180
Mem Energy   (nJ) 3D: 34,593,180
Avg. Power (mW): 265,825.84
Power Density (mW/mm2): 76.80

---Runtime---
Runtime in K cycles: 230.13
Microseconds: 230.13
Time per iteration (ms): 0.23

---Throughput---
GOP/s (aka OPS/ns): 3,306.62
GOP/s per core: 0.20
FLOP/s: 1,292.07
FLOP/s per core: 0.08
Max Peak FLOP/s: 16,384.00
Avg. BW GB/s: 28,535.21
Max BW GB/s: 65,536.00

---Traffic---
In-Die bisection_bytes BW (GB/s): 2,048.00
Inter-board traffic (msg/ns): 0.00, per-link: 0.00
Inter-pack traffic (msg/ns): 0.00, per-link: 0.00
Inter-die traffic (msg/ns): 0.00, per-link: 0.00
Ruche traffic (msg/ns): 0.00, per-link: 0.00
All traffic (msg/ns): 25,641.19, per-link: 1.57
Inter-die reduction wrt all: inf
Inter-board reduction wrt inter-die: -nan

---Data Movement---
All traffic (msg): 5,900,729,429
Arith. Intensity FLOP/Loads: 0.36
Arith. Intensity FLOP/Msgs: 0.05
Arith. Intensity OPS/Loads: 0.93
Arith. Intensity OPS/Msgs: 0.13



===Core Utilization Total=== CORE-S:23;; TIME K cy:230 ;; Nodes Proc: 11,655,592 -- Edges Proc: 6,332,416
======== IT IS COLD ======= Only 6 Tiles active

===PRINTING FRAME STATS

FCollision In Avg:0, SD:0, Max:0, Min:0
FCollision Out Avg:0, SD:0, Max:0, Min:0
FCollision End Avg:0, SD:0, Max:0, Min:0
FTask1 Avg:0, SD:0, Max:0, Min:0
FTask2 Avg:0, SD:0, Max:0, Min:0
FTask3 Avg:0, SD:0, Max:2, Min:0
FCore Active Avg:0, SD:0, Max:3, Min:0
FRouter Active Avg:0, SD:0, Max:4, Min:0
T1 invocations: 0
T2 invocations: 0
T3 invocations: 766
T3b invocations: 3,868
Total3 invocations: 4,634
Total4 invocations: 0

T3/T2 ratio: inf
T3b/T3 ratio: 5

T1 avg ex cycles: -nan
T2 avg ex cycles: -nan
T3&b avg ex cycles: 2
T4 avg ex cycles: -nan
Avg. hops NOC1: -nan
Avg. latency NOC1 (T2): -nan
Avg. hops NOC2: 16
Avg. latency NOC2 (T3): 20

===PRINTING ACUM STATS at pu_cycles: 240,106

ACollision In Avg:47, SD:17, Max:141, Min:1
ACollision Out Avg:41, SD:17, Max:108, Min:0
ACollision End Avg:0, SD:1, Max:14, Min:0
ATask1 Avg:3, SD:0, Max:10, Min:3
ATask2 Avg:6, SD:1, Max:9, Min:5
ATask3 Avg:10, SD:5, Max:37, Min:3
ACore Active Avg:22, SD:6, Max:56, Min:13
ARouter Active Avg:52, SD:7, Max:78, Min:24
T1 invocations: 981,646
T2 invocations: 4,693,603
T3 invocations: 28,471,009
T3b invocations: 167,647,883
Total3 invocations: 196,118,892
Total4 invocations: 0

T3/T2 ratio: 6
T3b/T3 ratio: 6

T1 avg ex cycles: 132
T2 avg ex cycles: 51
T3&b avg ex cycles: 2
T4 avg ex cycles: -nan
Avg. hops NOC1: 33
Avg. latency NOC1 (T2): 12,092
Avg. hops NOC2: 14
Avg. latency NOC2 (T3): 763
Number of K Nodes Processed: 196,119
Number of K Edges Processed: 101,307
Node Re-explore factor: 46.58
Edge Re-explore factor: 1.00
Nodes/cy: 817
Edges/cy: 422
TEPS: 398

---Pcache---
Pcache Size: 16,448
Cached: 0
  PHits: 0
  PMisses: 0
  PHit Rate (hit/miss): -nan%
  PEvictions: 0
  PEviction Rate (evict/misses): -nan%

---Energy---
Leakage Energy (nJ): 400,402
PU Dyn E (nJ): 8,888,421
Mem Dyn E (nJ): 34,234,775
Route Dyn E (nJ): 17,683,257
Dynamic Energy (nJ): 60,806,453
Ratio of Dyn/Leak: 152
Total Energy (nJ): 61,206,855
Total Energy (nJ) 3D: 62,771,984
Cores Energy (nJ): 8,899,112
Route Energy (nJ): 17,689,413
Route Energy (nJ) 3D: 19,254,542
Mem Energy   (nJ): 34,618,330
Mem Energy   (nJ) 3D: 34,618,330
Avg. Power (mW): 254,915.97
Power Density (mW/mm2): 73.65

---Runtime---
Runtime in K cycles: 240.11
Microseconds: 240.11
Time per iteration (ms): 0.24

---Throughput---
GOP/s (aka OPS/ns): 3,169.88
GOP/s per core: 0.19
FLOP/s: 1,238.70
FLOP/s per core: 0.08
Max Peak FLOP/s: 16,384.00
Avg. BW GB/s: 27,356.62
Max BW GB/s: 65,536.00

---Traffic---
In-Die bisection_bytes BW (GB/s): 2,048.00
Inter-board traffic (msg/ns): 0.00, per-link: 0.00
Inter-pack traffic (msg/ns): 0.00, per-link: 0.00
Inter-die traffic (msg/ns): 0.00, per-link: 0.00
Ruche traffic (msg/ns): 0.00, per-link: 0.00
All traffic (msg/ns): 24,582.59, per-link: 1.50
Inter-die reduction wrt all: inf
Inter-board reduction wrt inter-die: -nan

---Data Movement---
All traffic (msg): 5,902,426,765
Arith. Intensity FLOP/Loads: 0.36
Arith. Intensity FLOP/Msgs: 0.05
Arith. Intensity OPS/Loads: 0.93
Arith. Intensity OPS/Msgs: 0.13



===Core Utilization Total=== CORE-S:24;; TIME K cy:240 ;; Nodes Proc: 11,666,447 -- Edges Proc: 6,332,416
======== IT IS COLD ======= Only 2 Tiles active
Epoch Done Router: 13
Epoch Done Router: 9
Epoch Done Router: 6
Epoch Done Router: 2
Epoch Done Router: 0
Epoch Done Router: 15
Epoch Done Router: 11
Epoch Done Router: 3
Epoch Done Router: 14
Epoch Done Router: 7
Epoch Done Router: 5
Epoch Done Router: 12
Epoch Done Router: 10
Epoch Done Router: 4
Epoch Done Router: 8
Epoch Done Router: 1
##EPOCH## 1 COMPLETED at Time (K cy): 246
Nodes processed until now: 196,138,224
Edges processed until now: 101,311,613
Program Done Worker Thread: 0
Program Done Router Thread: 2
Program Done Router Thread: 15
Program Done Router Thread: 9
Program Done Worker Thread: 6
Program Done Worker Thread: 1
Program Done Router Thread: 11
Program Done Worker Thread: 13
Program Done Worker Thread: 10
Program Done Router Thread: 4
Program Done Worker Thread: 5
Program Done Worker Thread: 12
Program Done Router Thread: 10
Program Done Router Thread: 3
Program Done Worker Thread: 9
Program Done Worker Thread: 2
Program Done Worker Thread: 11
Program Done Worker Thread: 8
Program Done Worker Thread: 7
Program Done Worker Thread: 3
Program Done Worker Thread: 4
Program Done Worker Thread: 14
Program Done Router Thread: 12
Program Done Router Thread: 7
Program Done Router Thread: 13
Program Done Router Thread: 0
Program Done Worker Thread: 15
Program Done Router Thread: 8
Program Done Router Thread: 6
Program Done Router Thread: 14
Program Done Router Thread: 1
Program Done Router Thread: 5

===PRINTING ACUM STATS at pu_cycles: 246,874

ACollision In Avg:45, SD:17, Max:137, Min:1
ACollision Out Avg:40, SD:17, Max:105, Min:0
ACollision End Avg:0, SD:1, Max:14, Min:0
ATask1 Avg:3, SD:0, Max:10, Min:3
ATask2 Avg:6, SD:1, Max:8, Min:5
ATask3 Avg:10, SD:5, Max:36, Min:3
ACore Active Avg:22, SD:5, Max:55, Min:12
ARouter Active Avg:50, SD:7, Max:76, Min:24
T1 invocations: 981,646
T2 invocations: 4,693,776
T3 invocations: 28,476,117
T3b invocations: 167,662,107
Total3 invocations: 196,138,224
Total4 invocations: 0

T3/T2 ratio: 6
T3b/T3 ratio: 6

T1 avg ex cycles: 132
T2 avg ex cycles: 51
T3&b avg ex cycles: 2
T4 avg ex cycles: -nan
Avg. hops NOC1: 33
Avg. latency NOC1 (T2): 12,092
Avg. hops NOC2: 14
Avg. latency NOC2 (T3): 763

Runtime at program end in K cycles: 246
Runtime before cooldown in K cycles: 120


Number of K Nodes Processed: 196,138
Number of K Edges Processed: 101,311
Node Re-explore factor: 46.58
Edge Re-explore factor: 1.00
Nodes/cy: 794
Edges/cy: 410
TEPS: 387

---Pcache---
Pcache Size: 16,448
Cached: 0
  PHits: 0
  PMisses: 0
  PHit Rate (hit/miss): -nan%
  PEvictions: 0
  PEviction Rate (evict/misses): -nan%

---Energy---
Leakage Energy (nJ): 411,688
PU Dyn E (nJ): 8,889,247
Mem Dyn E (nJ): 34,238,105
Route Dyn E (nJ): 17,685,026
Dynamic Energy (nJ): 60,812,379
Ratio of Dyn/Leak: 148
Total Energy (nJ): 61,224,067
Total Energy (nJ) 3D: 62,789,353
Cores Energy (nJ): 8,900,240
Route Energy (nJ): 17,691,356
Route Energy (nJ) 3D: 19,256,641
Mem Energy   (nJ): 34,632,471
Mem Energy   (nJ) 3D: 34,632,471
Avg. Power (mW): 247,997.22
Power Density (mW/mm2): 71.65

---Runtime---
Runtime in K cycles: 246.87
Microseconds: 246.87
Time per iteration (ms): 0.25

---Inst---
K Loads: 820,176
K Stores: 822,105
K Instructions: 761,168

---Throughput---
GOP/s (aka OPS/ns): 3,083.23
GOP/s per core: 0.19
FLOP/s: 1,204.86
FLOP/s per core: 0.07
Max Peak FLOP/s: 16,384.00
Avg. BW GB/s: 26,609.24
Max BW GB/s: 65,536.00

---Traffic---
In-Die bisection_bytes BW (GB/s): 2,048.00
Inter-board traffic (msg/ns): 0.00, per-link: 0.00
Inter-pack traffic (msg/ns): 0.00, per-link: 0.00
Inter-die traffic (msg/ns): 0.00, per-link: 0.00
Ruche traffic (msg/ns): 0.00, per-link: 0.00
All traffic (msg/ns): 23,911.05, per-link: 1.46
Inter-die reduction wrt all: inf
Inter-board reduction wrt inter-die: -nan

---Data Movement---
All traffic (msg): 5,903,015,811
Arith. Intensity FLOP/Loads: 0.36
Arith. Intensity FLOP/Msgs: 0.05
Arith. Intensity OPS/Loads: 0.93
Arith. Intensity OPS/Msgs: 0.13

Simulation time: 870.55
Sim noc_cy/s: 283.58
Sim Msg/s: 6,780,791.63

Version 31

