Dataset:  wikipedia/
Dry run: 0
Open Edge Count File succesfully
Edges Traversed BFS: 95554407
Found Vertices: 4210688, Edges: 101311613
avg degree 25
Array  wikipedia/node_array.bin found
Malloc array of size 16842756 bytes
Readin array of size 16825160 bytes
Finished Reading Array Bytes
No reordering Array 32bit
Array  wikipedia/edge_array.bin found
Malloc array of size 405246452 bytes
Readin array of size 405246452 bytes
Finished Reading Array Bytes
No reordering Array 32bit
Reading graph elapsed time: 0.0816428s

Dataset Footprint: 403 MiB
Dataset Footprint per Board: 3380.61 Mb
Dataset injection time (ms): 0.051584
Max Dataset Footprint: 821 MiB

Dataset footprint per tile: 25 KiB
Proxys footprint per tile: 64 KiB
Reserved SRAM per tile: 7 KiB

Ideal SRAM per tile: 96 KiB
reserved_words_for_dataset:25855
dataset_words_per_tile:6448
remaining_sram_words:129278
min_dcache_sram_words_required:6448
dataset_words_per_tile:6448
min_pcache_sram_words_required:8
proxys_words_per_tile:16448
Dcache footprint ratio: 1
Pcache footprint ratio: 1
Dataset Cached: 0
DCache: 6448 words, lines: 403, sets: 403
Proxys Cached: 0
Pcache: 16448 words, sets: 16448
Node per tile: 257
Edge per tile: 6,184
GRID_X: 128
GRID_SIZE: 16,384
smt_per_tile: 1
noc_freq: 1
pu_freq: 1
RUCHE_X: 0
PROXY_W: 16
DIE_W: 128
DIE_H: 128
DIES: 1
BORDER_TILES_PER_DIE: 512
PACK_W: 128
PACK_H: 128
DIES_PACK_FACTOR: 1
DIES_PER_PACK: 1
PACKAGES: 1
BOARD_W: 128
BOARD_H: 128
BOARDS: 1
MUX_BUS: 1
DCACHE: 0
PCACHE: 1
PROXY_FACTOR: 8
CACHE_WAYS: 1
TORUS: 1
PHY_NOCS: 1
WIDE_NOC_ID: 0
NOC_CONF: 1
noc_width: 32
hbm_channel_bit_width: 512
ld_st_op_byte_width: 4
PROXY_ROUTING: 5
WRITE_THROUGH: 0
ASSERT_MODE: 0
GLOBAL_BARRIER: 0
OQ flits: 6 ; 32 ; 64
IQ flits: 6 ; 512 ; 1,024
OQ messages: 2 ; 16 ; 32
IQ messages: 2 ; 256 ; 512
max_task2 size: 64
io_factor_t2: 16
io_factor_t3: 16
io_factor_t3b: 16

Active SRAM Storage per tile: 96 KiB
Total SRAM Storage per tile: 512 KiB
Agreggated SRAM Storage: 8,192 MiB

Inter-Die #links: 4,096
Inter-Die (Gbits): 131,072
Inter-Die (Gbits/mm): 563.524
Bisection BW of Board (Gbits): 32,768
Border IO #Dies: 4
Border IO Die BW (Gbits): 16,384
Off-Board BW Total (Gbits): 65,536
Off-Board BW Density (Gbits/mm): 278
Die side: 58.15 mm
Die border wire density: 563.52 Gbits/mm
HBM wire density: 70.44 Gbits/mm

Tiles per Die: 16,384 (128x128)
Tile Area: 0.19 mm2, side: 0.44 mm
- Core/Rout Area: 0.05 mm2
- SRAM Area: 0.14 mm2
- SRAM/Logic Ratio: 2.80x

Dies per Package: 1 (1x1)
Die Area: 3,381.23 mm2, side: 58.15 mm
- Tiles Area: 3,191.28 mm2
- PHY Area: 189.96 mm2
- MC Area: 0.00 mm2

Packages per Board: 1 (1x1)
Package Area: 3,461.23 mm2, side: 58.83 mm
- IOdie Area: 80.00 mm2
- Dies Area: 3,381.23 mm2
- HBM Area: 0.00 mm2

Boards: 1 (1x1)
Board Area: 3,461.23 mm2
Total Area: 3,461.23 mm2



ESTIMATED COST OF SILICON AND PACKAGING. ONLY VARIABLE, NO FIXED COSTS
Good dies per wafer 3d: 5
Good dies per wafer 2d: 6
--Dies 3D Cost: 1,209.40 $
--Dies 2.5D Cost: 1,007.83 $
--Dies 2D Cost: 1,007.83 $
--HBM Cost: 60.00 $
--IOdie Cost: 8.44 $
--Packaging Cost 3d: 233.07 $
--Packaging Cost 2.5d: 505.18 $
--Packaging Cost 2d: 152.44 $
SiP Cost 3d: 1,510.91 $
SiP Cost 2.5d: 1,581.46 $
SiP Cost 2d: 1,168.71 $
--Board Cost: 3.46 $
Total SiPs Cost 3d: 1,514.37 $
Total SiPs Cost 2.5d: 1,584.92 $
Total SiPs Cost 2d: 1,172.18 $

Perf counters initialized
Mesh connected
Cache structures initialized
Allocated proxys
proxys initialized
Dataset structures initialized


Starting Simulation
INIT epoch: 1
INIT epoch: 1
INIT epoch: 1
INIT epoch: 1
INIT epoch: 1
INIT epoch: 1
INIT epoch: 1
INIT epoch: 1
INIT epoch: 1
INIT epoch: 1
INIT epoch: 1
INIT epoch: 1
INIT epoch: 1
INIT epoch: 1
INIT epoch: 1
INIT epoch: 1

===PRINTING FRAME STATS

FCollision In Avg:-nan, SD:-nan, Max:269, Min:0
FCollision Out Avg:-nan, SD:-nan, Max:102, Min:0
FCollision End Avg:-nan, SD:-nan, Max:39, Min:0
FTask1 Avg:-nan, SD:-nan, Max:100, Min:4
FTask2 Avg:-nan, SD:-nan, Max:0, Min:0
FTask3 Avg:-nan, SD:-nan, Max:94, Min:0
FCore Active Avg:-nan, SD:-nan, Max:100, Min:10
FRouter Active Avg:-nan, SD:-nan, Max:101, Min:21
T1 invocations: 175,050
T2 invocations: 0
T3 invocations: 163,182
T3b invocations: 3,161,840
Total3 invocations: 3,325,022
Total4 invocations: 0

T3/T2 ratio: inf
T3b/T3 ratio: 19

T1 avg ex cycles: 167
T2 avg ex cycles: -nan
T3&b avg ex cycles: 2
T4 avg ex cycles: -nan
Avg. hops NOC1: -nan
Avg. latency NOC1 (T2): -nan
Avg. hops NOC2: 16
Avg. latency NOC2 (T3): 1,932

===PRINTING ACUM STATS at pu_cycles: 10,400

ACollision In Avg:-nan, SD:-nan, Max:269, Min:0
ACollision Out Avg:-nan, SD:-nan, Max:102, Min:0
ACollision End Avg:-nan, SD:-nan, Max:39, Min:0
ATask1 Avg:-nan, SD:-nan, Max:100, Min:4
ATask2 Avg:-nan, SD:-nan, Max:0, Min:0
ATask3 Avg:-nan, SD:-nan, Max:94, Min:0
ACore Active Avg:-nan, SD:-nan, Max:100, Min:10
ARouter Active Avg:-nan, SD:-nan, Max:101, Min:21
T1 invocations: 643,685
T2 invocations: 0
T3 invocations: 692,566
T3b invocations: 11,537,884
Total3 invocations: 12,230,450
Total4 invocations: 0

T3/T2 ratio: inf
T3b/T3 ratio: 17

T1 avg ex cycles: 162
T2 avg ex cycles: -nan
T3&b avg ex cycles: 2
T4 avg ex cycles: -nan
Avg. hops NOC1: -nan
Avg. latency NOC1 (T2): -nan
Avg. hops NOC2: 15
Avg. latency NOC2 (T3): 1,681
Number of K Nodes Processed: 12,526
Number of K Edges Processed: 12,526
Node Re-explore factor: 2.97
Edge Re-explore factor: 0.12
Nodes/cy: 1,204
Edges/cy: 1,204
TEPS: 9,188

---Pcache---
Pcache Size: 16,448
Cached: 0
  PHits: 0
  PMisses: 0
  PHit Rate (hit/miss): -nan%
  PEvictions: 0
  PEviction Rate (evict/misses): -nan%

---Energy---
Leakage Energy (nJ): 10,953
PU Dyn E (nJ): 882,526
Mem Dyn E (nJ): 2,212,201
Route Dyn E (nJ): 1,083,610
Dynamic Energy (nJ): 4,178,337
Ratio of Dyn/Leak: 381
Total Energy (nJ): 4,189,290
Total Energy (nJ) 3D: 4,285,200
Cores Energy (nJ): 882,989
Route Energy (nJ): 1,083,877
Route Energy (nJ) 3D: 1,179,787
Mem Energy   (nJ): 2,222,424
Mem Energy   (nJ) 3D: 2,222,424
Avg. Power (mW): 402,816.38
Power Density (mW/mm2): 116.38

---Runtime---
Runtime in K cycles: 10.40
Microseconds: 10.40
Time per iteration (ms): 0.01

---Throughput---
GOP/s (aka OPS/ns): 12,313.43
GOP/s per core: 0.75
FLOP/s: 1,577.71
FLOP/s per core: 0.10
Max Peak FLOP/s: 16,384.00
Avg. BW GB/s: 41,588.53
Max BW GB/s: 65,536.00

---Traffic---
In-Die bisection_bytes BW (GB/s): 2,048.00
Inter-board traffic (msg/ns): 0.00, per-link: 0.00
Inter-pack traffic (msg/ns): 0.00, per-link: 0.00
Inter-die traffic (msg/ns): 0.00, per-link: 0.00
Ruche traffic (msg/ns): 0.00, per-link: 0.00
All traffic (msg/ns): 34,736.19, per-link: 2.12
Inter-die reduction wrt all: inf
Inter-board reduction wrt inter-die: -nan

---Data Movement---
All traffic (msg): 361,256,412
Arith. Intensity FLOP/Loads: 0.23
Arith. Intensity FLOP/Msgs: 0.05
Arith. Intensity OPS/Loads: 1.81
Arith. Intensity OPS/Msgs: 0.35



===Core Utilization Total=== CORE-S:1;; TIME K cy:10 ;; Nodes Proc: 781,246 -- Edges Proc: 0

===PRINTING FRAME STATS

FCollision In Avg:40, SD:42, Max:264, Min:0
FCollision Out Avg:22, SD:31, Max:129, Min:0
FCollision End Avg:0, SD:2, Max:123, Min:0
FTask1 Avg:67, SD:24, Max:100, Min:0
FTask2 Avg:0, SD:0, Max:0, Min:0
FTask3 Avg:21, SD:13, Max:100, Min:0
FCore Active Avg:88, SD:23, Max:100, Min:6
FRouter Active Avg:75, SD:17, Max:101, Min:20
T1 invocations: 161,961
T2 invocations: 0
T3 invocations: 206,002
T3b invocations: 4,051,160
Total3 invocations: 4,257,162
Total4 invocations: 0

T3/T2 ratio: inf
T3b/T3 ratio: 20

T1 avg ex cycles: 170
T2 avg ex cycles: -nan
T3&b avg ex cycles: 2
T4 avg ex cycles: -nan
Avg. hops NOC1: -nan
Avg. latency NOC1 (T2): -nan
Avg. hops NOC2: 12
Avg. latency NOC2 (T3): 2,894

===PRINTING ACUM STATS at pu_cycles: 20,401

ACollision In Avg:42, SD:41, Max:265, Min:0
ACollision Out Avg:23, SD:30, Max:97, Min:0
ACollision End Avg:0, SD:2, Max:65, Min:0
ATask1 Avg:69, SD:24, Max:100, Min:3
ATask2 Avg:0, SD:0, Max:0, Min:0
ATask3 Avg:18, SD:13, Max:97, Min:0
ACore Active Avg:88, SD:22, Max:100, Min:9
ARouter Active Avg:76, SD:16, Max:100, Min:21
T1 invocations: 1,240,390
T2 invocations: 0
T3 invocations: 1,483,716
T3b invocations: 25,700,752
Total3 invocations: 27,184,468
Total4 invocations: 0

T3/T2 ratio: inf
T3b/T3 ratio: 17

T1 avg ex cycles: 163
T2 avg ex cycles: -nan
T3&b avg ex cycles: 2
T4 avg ex cycles: -nan
Avg. hops NOC1: -nan
Avg. latency NOC1 (T2): -nan
Avg. hops NOC2: 13
Avg. latency NOC2 (T3): 2,217
Number of K Nodes Processed: 27,491
Number of K Edges Processed: 27,491
Node Re-explore factor: 6.53
Edge Re-explore factor: 0.27
Nodes/cy: 1,348
Edges/cy: 1,348
TEPS: 4,684

---Pcache---
Pcache Size: 16,448
Cached: 0
  PHits: 0
  PMisses: 0
  PHit Rate (hit/miss): -nan%
  PEvictions: 0
  PEviction Rate (evict/misses): -nan%

---Energy---
Leakage Energy (nJ): 21,486
PU Dyn E (nJ): 1,738,837
Mem Dyn E (nJ): 4,719,763
Route Dyn E (nJ): 2,095,837
Dynamic Energy (nJ): 8,554,437
Ratio of Dyn/Leak: 398
Total Energy (nJ): 8,575,923
Total Energy (nJ) 3D: 8,761,423
Cores Energy (nJ): 1,739,745
Route Energy (nJ): 2,096,361
Route Energy (nJ) 3D: 2,281,861
Mem Energy   (nJ): 4,739,818
Mem Energy   (nJ) 3D: 4,739,818
Avg. Power (mW): 420,367.80
Power Density (mW/mm2): 121.45

---Runtime---
Runtime in K cycles: 20.40
Microseconds: 20.40
Time per iteration (ms): 0.02

---Throughput---
GOP/s (aka OPS/ns): 12,484.47
GOP/s per core: 0.76
FLOP/s: 1,555.51
FLOP/s per core: 0.09
Max Peak FLOP/s: 16,384.00
Avg. BW GB/s: 45,153.83
Max BW GB/s: 65,536.00

---Traffic---
In-Die bisection_bytes BW (GB/s): 2,048.00
Inter-board traffic (msg/ns): 0.00, per-link: 0.00
Inter-pack traffic (msg/ns): 0.00, per-link: 0.00
Inter-die traffic (msg/ns): 0.00, per-link: 0.00
Ruche traffic (msg/ns): 0.00, per-link: 0.00
All traffic (msg/ns): 34,595.03, per-link: 2.11
Inter-die reduction wrt all: inf
Inter-board reduction wrt inter-die: -nan

---Data Movement---
All traffic (msg): 705,773,236
Arith. Intensity FLOP/Loads: 0.22
Arith. Intensity FLOP/Msgs: 0.04
Arith. Intensity OPS/Loads: 1.73
Arith. Intensity OPS/Msgs: 0.36



===Core Utilization Total=== CORE-S:2;; TIME K cy:20 ;; Nodes Proc: 1,692,035 -- Edges Proc: 0

===PRINTING FRAME STATS

FCollision In Avg:38, SD:41, Max:249, Min:0
FCollision Out Avg:21, SD:30, Max:145, Min:0
FCollision End Avg:0, SD:3, Max:143, Min:0
FTask1 Avg:67, SD:24, Max:99, Min:0
FTask2 Avg:0, SD:0, Max:0, Min:0
FTask3 Avg:21, SD:13, Max:100, Min:0
FCore Active Avg:88, SD:23, Max:100, Min:5
FRouter Active Avg:75, SD:17, Max:101, Min:20
T1 invocations: 161,228
T2 invocations: 0
T3 invocations: 214,882
T3b invocations: 4,080,762
Total3 invocations: 4,295,644
Total4 invocations: 0

T3/T2 ratio: inf
T3b/T3 ratio: 19

T1 avg ex cycles: 171
T2 avg ex cycles: -nan
T3&b avg ex cycles: 2
T4 avg ex cycles: -nan
Avg. hops NOC1: -nan
Avg. latency NOC1 (T2): -nan
Avg. hops NOC2: 12
Avg. latency NOC2 (T3): 3,063

===PRINTING ACUM STATS at pu_cycles: 30,402

ACollision In Avg:41, SD:41, Max:254, Min:0
ACollision Out Avg:22, SD:29, Max:107, Min:0
ACollision End Avg:0, SD:2, Max:91, Min:0
ATask1 Avg:69, SD:23, Max:98, Min:2
ATask2 Avg:0, SD:0, Max:0, Min:0
ATask3 Avg:19, SD:13, Max:98, Min:2
ACore Active Avg:88, SD:22, Max:100, Min:8
ARouter Active Avg:76, SD:16, Max:100, Min:21
T1 invocations: 1,834,356
T2 invocations: 0
T3 invocations: 2,333,031
T3b invocations: 40,078,971
Total3 invocations: 42,412,002
Total4 invocations: 0

T3/T2 ratio: inf
T3b/T3 ratio: 17

T1 avg ex cycles: 163
T2 avg ex cycles: -nan
T3&b avg ex cycles: 2
T4 avg ex cycles: -nan
Avg. hops NOC1: -nan
Avg. latency NOC1 (T2): -nan
Avg. hops NOC2: 12
Avg. latency NOC2 (T3): 2,437
Number of K Nodes Processed: 42,722
Number of K Edges Processed: 42,722
Node Re-explore factor: 10.15
Edge Re-explore factor: 0.42
Nodes/cy: 1,405
Edges/cy: 1,405
TEPS: 3,143

---Pcache---
Pcache Size: 16,448
Cached: 0
  PHits: 0
  PMisses: 0
  PHit Rate (hit/miss): -nan%
  PEvictions: 0
  PEviction Rate (evict/misses): -nan%

---Energy---
Leakage Energy (nJ): 32,019
PU Dyn E (nJ): 2,599,834
Mem Dyn E (nJ): 7,263,340
Route Dyn E (nJ): 3,108,027
Dynamic Energy (nJ): 12,971,202
Ratio of Dyn/Leak: 405
Total Energy (nJ): 13,003,221
Total Energy (nJ) 3D: 13,278,310
Cores Energy (nJ): 2,601,188
Route Energy (nJ): 3,108,807
Route Energy (nJ) 3D: 3,383,896
Mem Energy   (nJ): 7,293,227
Mem Energy   (nJ) 3D: 7,293,227
Avg. Power (mW): 427,709.41
Power Density (mW/mm2): 123.57

---Runtime---
Runtime in K cycles: 30.40
Microseconds: 30.40
Time per iteration (ms): 0.03

---Throughput---
GOP/s (aka OPS/ns): 12,570.19
GOP/s per core: 0.77
FLOP/s: 1,549.57
FLOP/s per core: 0.09
Max Peak FLOP/s: 16,384.00
Avg. BW GB/s: 46,601.55
Max BW GB/s: 65,536.00

---Traffic---
In-Die bisection_bytes BW (GB/s): 2,048.00
Inter-board traffic (msg/ns): 0.00, per-link: 0.00
Inter-pack traffic (msg/ns): 0.00, per-link: 0.00
Inter-die traffic (msg/ns): 0.00, per-link: 0.00
Ruche traffic (msg/ns): 0.00, per-link: 0.00
All traffic (msg/ns): 34,564.36, per-link: 2.11
Inter-die reduction wrt all: inf
Inter-board reduction wrt inter-die: -nan

---Data Movement---
All traffic (msg): 1,050,825,708
Arith. Intensity FLOP/Loads: 0.21
Arith. Intensity FLOP/Msgs: 0.04
Arith. Intensity OPS/Loads: 1.70
Arith. Intensity OPS/Msgs: 0.36



===Core Utilization Total=== CORE-S:3;; TIME K cy:30 ;; Nodes Proc: 2,606,236 -- Edges Proc: 0

===PRINTING FRAME STATS

FCollision In Avg:38, SD:41, Max:261, Min:0
FCollision Out Avg:20, SD:29, Max:143, Min:0
FCollision End Avg:0, SD:3, Max:141, Min:0
FTask1 Avg:68, SD:23, Max:100, Min:0
FTask2 Avg:0, SD:0, Max:0, Min:0
FTask3 Avg:21, SD:13, Max:100, Min:0
FCore Active Avg:89, SD:22, Max:100, Min:6
FRouter Active Avg:75, SD:17, Max:101, Min:20
T1 invocations: 161,135
T2 invocations: 0
T3 invocations: 234,529
T3b invocations: 4,145,287
Total3 invocations: 4,379,816
Total4 invocations: 0

T3/T2 ratio: inf
T3b/T3 ratio: 18

T1 avg ex cycles: 172
T2 avg ex cycles: -nan
T3&b avg ex cycles: 2
T4 avg ex cycles: -nan
Avg. hops NOC1: -nan
Avg. latency NOC1 (T2): -nan
Avg. hops NOC2: 12
Avg. latency NOC2 (T3): 3,123

===PRINTING ACUM STATS at pu_cycles: 40,401

ACollision In Avg:40, SD:40, Max:255, Min:0
ACollision Out Avg:22, SD:29, Max:116, Min:0
ACollision End Avg:0, SD:2, Max:104, Min:0
ATask1 Avg:68, SD:23, Max:97, Min:2
ATask2 Avg:0, SD:0, Max:0, Min:0
ATask3 Avg:20, SD:13, Max:98, Min:2
ACore Active Avg:88, SD:21, Max:100, Min:8
ARouter Active Avg:76, SD:16, Max:100, Min:21
T1 invocations: 2,426,955
T2 invocations: 0
T3 invocations: 3,219,210
T3b invocations: 54,512,030
Total3 invocations: 57,731,240
Total4 invocations: 0

T3/T2 ratio: inf
T3b/T3 ratio: 17

T1 avg ex cycles: 163
T2 avg ex cycles: -nan
T3&b avg ex cycles: 2
T4 avg ex cycles: -nan
Avg. hops NOC1: -nan
Avg. latency NOC1 (T2): -nan
Avg. hops NOC2: 12
Avg. latency NOC2 (T3): 2,560
Number of K Nodes Processed: 58,049
Number of K Edges Processed: 58,049
Node Re-explore factor: 13.79
Edge Re-explore factor: 0.57
Nodes/cy: 1,437
Edges/cy: 1,437
TEPS: 2,365

---Pcache---
Pcache Size: 16,448
Cached: 0
  PHits: 0
  PMisses: 0
  PHit Rate (hit/miss): -nan%
  PEvictions: 0
  PEviction Rate (evict/misses): -nan%

---Energy---
Leakage Energy (nJ): 42,550
PU Dyn E (nJ): 3,459,293
Mem Dyn E (nJ): 9,816,307
Route Dyn E (nJ): 4,116,442
Dynamic Energy (nJ): 17,392,043
Ratio of Dyn/Leak: 409
Total Energy (nJ): 17,434,593
Total Energy (nJ) 3D: 17,798,935
Cores Energy (nJ): 3,461,093
Route Energy (nJ): 4,117,478
Route Energy (nJ) 3D: 4,481,821
Mem Energy   (nJ): 9,856,022
Mem Energy   (nJ) 3D: 9,856,022
Avg. Power (mW): 431,538.66
Power Density (mW/mm2): 124.68

---Runtime---
Runtime in K cycles: 40.40
Microseconds: 40.40
Time per iteration (ms): 0.04

---Throughput---
GOP/s (aka OPS/ns): 12,610.79
GOP/s per core: 0.77
FLOP/s: 1,545.38
FLOP/s per core: 0.09
Max Peak FLOP/s: 16,384.00
Avg. BW GB/s: 47,378.87
Max BW GB/s: 65,536.00

---Traffic---
In-Die bisection_bytes BW (GB/s): 2,048.00
Inter-board traffic (msg/ns): 0.00, per-link: 0.00
Inter-pack traffic (msg/ns): 0.00, per-link: 0.00
Inter-die traffic (msg/ns): 0.00, per-link: 0.00
Ruche traffic (msg/ns): 0.00, per-link: 0.00
All traffic (msg/ns): 34,526.08, per-link: 2.11
Inter-die reduction wrt all: inf
Inter-board reduction wrt inter-die: -nan

---Data Movement---
All traffic (msg): 1,394,888,156
Arith. Intensity FLOP/Loads: 0.21
Arith. Intensity FLOP/Msgs: 0.04
Arith. Intensity OPS/Loads: 1.68
Arith. Intensity OPS/Msgs: 0.37



===Core Utilization Total=== CORE-S:4;; TIME K cy:40 ;; Nodes Proc: 3,533,849 -- Edges Proc: 0

===PRINTING FRAME STATS

FCollision In Avg:30, SD:29, Max:243, Min:0
FCollision Out Avg:15, SD:20, Max:108, Min:0
FCollision End Avg:0, SD:2, Max:66, Min:0
FTask1 Avg:54, SD:22, Max:99, Min:0
FTask2 Avg:0, SD:0, Max:0, Min:0
FTask3 Avg:27, SD:13, Max:100, Min:0
FCore Active Avg:85, SD:18, Max:100, Min:5
FRouter Active Avg:87, SD:8, Max:101, Min:48
T1 invocations: 129,485
T2 invocations: 0
T3 invocations: 477,197
T3b invocations: 5,049,880
Total3 invocations: 5,527,077
Total4 invocations: 0

T3/T2 ratio: inf
T3b/T3 ratio: 11

T1 avg ex cycles: 172
T2 avg ex cycles: -nan
T3&b avg ex cycles: 2
T4 avg ex cycles: -nan
Avg. hops NOC1: -nan
Avg. latency NOC1 (T2): -nan
Avg. hops NOC2: 12
Avg. latency NOC2 (T3): 2,652

===PRINTING ACUM STATS at pu_cycles: 50,401

ACollision In Avg:38, SD:37, Max:236, Min:0
ACollision Out Avg:20, SD:26, Max:114, Min:0
ACollision End Avg:0, SD:2, Max:96, Min:0
ATask1 Avg:66, SD:18, Max:80, Min:2
ATask2 Avg:0, SD:0, Max:0, Min:0
ATask3 Avg:21, SD:12, Max:98, Min:4
ACore Active Avg:88, SD:19, Max:100, Min:8
ARouter Active Avg:78, SD:14, Max:100, Min:32
T1 invocations: 2,934,135
T2 invocations: 0
T3 invocations: 4,972,974
T3b invocations: 72,635,027
Total3 invocations: 77,608,001
Total4 invocations: 0

T3/T2 ratio: inf
T3b/T3 ratio: 15

T1 avg ex cycles: 164
T2 avg ex cycles: -nan
T3&b avg ex cycles: 2
T4 avg ex cycles: -nan
Avg. hops NOC1: -nan
Avg. latency NOC1 (T2): -nan
Avg. hops NOC2: 12
Avg. latency NOC2 (T3): 2,528
Number of K Nodes Processed: 78,051
Number of K Edges Processed: 78,051
Node Re-explore factor: 18.54
Edge Re-explore factor: 0.77
Nodes/cy: 1,549
Edges/cy: 1,549
TEPS: 1,896

---Pcache---
Pcache Size: 16,448
Cached: 0
  PHits: 0
  PMisses: 0
  PHit Rate (hit/miss): -nan%
  PEvictions: 0
  PEviction Rate (evict/misses): -nan%

---Energy---
Leakage Energy (nJ): 53,082
PU Dyn E (nJ): 4,257,717
Mem Dyn E (nJ): 12,848,573
Route Dyn E (nJ): 5,521,267
Dynamic Energy (nJ): 22,627,558
Ratio of Dyn/Leak: 426
Total Energy (nJ): 22,680,640
Total Energy (nJ) 3D: 23,169,322
Cores Energy (nJ): 4,259,962
Route Energy (nJ): 5,522,559
Route Energy (nJ) 3D: 6,011,242
Mem Energy   (nJ): 12,898,120
Mem Energy   (nJ) 3D: 12,898,120
Avg. Power (mW): 450,003.78
Power Density (mW/mm2): 130.01

---Runtime---
Runtime in K cycles: 50.40
Microseconds: 50.40
Time per iteration (ms): 0.05

---Throughput---
GOP/s (aka OPS/ns): 12,542.43
GOP/s per core: 0.77
FLOP/s: 1,499.53
FLOP/s per core: 0.09
Max Peak FLOP/s: 16,384.00
Avg. BW GB/s: 49,650.31
Max BW GB/s: 65,536.00

---Traffic---
In-Die bisection_bytes BW (GB/s): 2,048.00
Inter-board traffic (msg/ns): 0.00, per-link: 0.00
Inter-pack traffic (msg/ns): 0.00, per-link: 0.00
Inter-die traffic (msg/ns): 0.00, per-link: 0.00
Ruche traffic (msg/ns): 0.00, per-link: 0.00
All traffic (msg/ns): 37,127.70, per-link: 2.27
Inter-die reduction wrt all: inf
Inter-board reduction wrt inter-die: -nan

---Data Movement---
All traffic (msg): 1,871,273,184
Arith. Intensity FLOP/Loads: 0.19
Arith. Intensity FLOP/Msgs: 0.04
Arith. Intensity OPS/Loads: 1.62
Arith. Intensity OPS/Msgs: 0.34



===Core Utilization Total=== CORE-S:5;; TIME K cy:50 ;; Nodes Proc: 4,742,755 -- Edges Proc: 0

===PRINTING FRAME STATS

FCollision In Avg:30, SD:27, Max:205, Min:0
FCollision Out Avg:12, SD:18, Max:124, Min:0
FCollision End Avg:0, SD:1, Max:48, Min:0
FTask1 Avg:29, SD:33, Max:100, Min:0
FTask2 Avg:0, SD:0, Max:0, Min:0
FTask3 Avg:28, SD:14, Max:100, Min:0
FCore Active Avg:65, SD:29, Max:100, Min:4
FRouter Active Avg:94, SD:6, Max:101, Min:43
T1 invocations: 68,887
T2 invocations: 0
T3 invocations: 817,650
T3b invocations: 4,841,310
Total3 invocations: 5,658,960
Total4 invocations: 0

T3/T2 ratio: inf
T3b/T3 ratio: 6

T1 avg ex cycles: 172
T2 avg ex cycles: -nan
T3&b avg ex cycles: 2
T4 avg ex cycles: -nan
Avg. hops NOC1: -nan
Avg. latency NOC1 (T2): -nan
Avg. hops NOC2: 14
Avg. latency NOC2 (T3): 1,433

===PRINTING ACUM STATS at pu_cycles: 60,402

ACollision In Avg:37, SD:32, Max:216, Min:0
ACollision Out Avg:19, SD:23, Max:105, Min:0
ACollision End Avg:0, SD:2, Max:80, Min:0
ATask1 Avg:60, SD:11, Max:67, Min:4
ATask2 Avg:0, SD:0, Max:0, Min:0
ATask3 Avg:22, SD:11, Max:94, Min:4
ACore Active Avg:84, SD:15, Max:100, Min:11
ARouter Active Avg:80, SD:12, Max:100, Min:42
T1 invocations: 3,266,611
T2 invocations: 0
T3 invocations: 7,927,551
T3b invocations: 91,186,557
Total3 invocations: 99,114,108
Total4 invocations: 0

T3/T2 ratio: inf
T3b/T3 ratio: 12

T1 avg ex cycles: 164
T2 avg ex cycles: -nan
T3&b avg ex cycles: 2
T4 avg ex cycles: -nan
Avg. hops NOC1: -nan
Avg. latency NOC1 (T2): -nan
Avg. hops NOC2: 12
Avg. latency NOC2 (T3): 2,297
Number of K Nodes Processed: 99,535
Number of K Edges Processed: 99,535
Node Re-explore factor: 23.64
Edge Re-explore factor: 0.98
Nodes/cy: 1,648
Edges/cy: 1,648
TEPS: 1,582

---Pcache---
Pcache Size: 16,448
Cached: 0
  PHits: 0
  PMisses: 0
  PHit Rate (hit/miss): -nan%
  PEvictions: 0
  PEviction Rate (evict/misses): -nan%

---Energy---
Leakage Energy (nJ): 63,616
PU Dyn E (nJ): 4,870,908
Mem Dyn E (nJ): 15,907,316
Route Dyn E (nJ): 7,248,660
Dynamic Energy (nJ): 28,026,885
Ratio of Dyn/Leak: 441
Total Energy (nJ): 28,090,501
Total Energy (nJ) 3D: 28,732,073
Cores Energy (nJ): 4,873,598
Route Energy (nJ): 7,250,209
Route Energy (nJ) 3D: 7,891,782
Mem Energy   (nJ): 15,966,694
Mem Energy   (nJ) 3D: 15,966,694
Avg. Power (mW): 465,059.11
Power Density (mW/mm2): 134.36

---Runtime---
Runtime in K cycles: 60.40
Microseconds: 60.40
Time per iteration (ms): 0.06

---Throughput---
GOP/s (aka OPS/ns): 12,105.00
GOP/s per core: 0.74
FLOP/s: 1,398.45
FLOP/s per core: 0.09
Max Peak FLOP/s: 16,384.00
Avg. BW GB/s: 51,218.35
Max BW GB/s: 65,536.00

---Traffic---
In-Die bisection_bytes BW (GB/s): 2,048.00
Inter-board traffic (msg/ns): 0.00, per-link: 0.00
Inter-pack traffic (msg/ns): 0.00, per-link: 0.00
Inter-die traffic (msg/ns): 0.00, per-link: 0.00
Ruche traffic (msg/ns): 0.00, per-link: 0.00
All traffic (msg/ns): 40,581.01, per-link: 2.48
Inter-die reduction wrt all: inf
Inter-board reduction wrt inter-die: -nan

---Data Movement---
All traffic (msg): 2,451,174,208
Arith. Intensity FLOP/Loads: 0.18
Arith. Intensity FLOP/Msgs: 0.03
Arith. Intensity OPS/Loads: 1.55
Arith. Intensity OPS/Msgs: 0.30



===Core Utilization Total=== CORE-S:6;; TIME K cy:60 ;; Nodes Proc: 5,984,418 -- Edges Proc: 0

===PRINTING FRAME STATS

FCollision In Avg:24, SD:24, Max:193, Min:0
FCollision Out Avg:8, SD:14, Max:111, Min:0
FCollision End Avg:0, SD:1, Max:30, Min:0
FTask1 Avg:17, SD:30, Max:100, Min:0
FTask2 Avg:0, SD:0, Max:0, Min:0
FTask3 Avg:25, SD:13, Max:98, Min:0
FCore Active Avg:51, SD:29, Max:100, Min:1
FRouter Active Avg:93, SD:6, Max:101, Min:60
T1 invocations: 39,170
T2 invocations: 0
T3 invocations: 973,722
T3b invocations: 4,091,356
Total3 invocations: 5,065,078
Total4 invocations: 0

T3/T2 ratio: inf
T3b/T3 ratio: 4

T1 avg ex cycles: 179
T2 avg ex cycles: -nan
T3&b avg ex cycles: 2
T4 avg ex cycles: -nan
Avg. hops NOC1: -nan
Avg. latency NOC1 (T2): -nan
Avg. hops NOC2: 15
Avg. latency NOC2 (T3): 943

===PRINTING ACUM STATS at pu_cycles: 70,401

ACollision In Avg:35, SD:29, Max:202, Min:1
ACollision Out Avg:17, SD:21, Max:93, Min:0
ACollision End Avg:0, SD:2, Max:69, Min:0
ATask1 Avg:53, SD:7, Max:58, Min:10
ATask2 Avg:0, SD:0, Max:0, Min:0
ATask3 Avg:23, SD:10, Max:89, Min:3
ACore Active Avg:79, SD:12, Max:100, Min:18
ARouter Active Avg:82, SD:10, Max:100, Min:48
T1 invocations: 3,494,096
T2 invocations: 0
T3 invocations: 11,364,170
T3b invocations: 107,578,838
Total3 invocations: 118,943,008
Total4 invocations: 0

T3/T2 ratio: inf
T3b/T3 ratio: 9

T1 avg ex cycles: 165
T2 avg ex cycles: -nan
T3&b avg ex cycles: 2
T4 avg ex cycles: -nan
Avg. hops NOC1: -nan
Avg. latency NOC1 (T2): -nan
Avg. hops NOC2: 13
Avg. latency NOC2 (T3): 2,107
Number of K Nodes Processed: 119,315
Number of K Edges Processed: 119,315
Node Re-explore factor: 28.34
Edge Re-explore factor: 1.18
Nodes/cy: 1,695
Edges/cy: 1,695
TEPS: 1,357

---Pcache---
Pcache Size: 16,448
Cached: 0
  PHits: 0
  PMisses: 0
  PHit Rate (hit/miss): -nan%
  PEvictions: 0
  PEviction Rate (evict/misses): -nan%

---Energy---
Leakage Energy (nJ): 74,147
PU Dyn E (nJ): 5,347,108
Mem Dyn E (nJ): 18,648,454
Route Dyn E (nJ): 8,935,953
Dynamic Energy (nJ): 32,931,515
Ratio of Dyn/Leak: 444
Total Energy (nJ): 33,005,662
Total Energy (nJ) 3D: 33,796,575
Cores Energy (nJ): 5,350,243
Route Energy (nJ): 8,937,758
Route Energy (nJ) 3D: 9,728,671
Mem Energy   (nJ): 18,717,661
Mem Energy   (nJ) 3D: 18,717,661
Avg. Power (mW): 468,823.76
Power Density (mW/mm2): 135.45

---Runtime---
Runtime in K cycles: 70.40
Microseconds: 70.40
Time per iteration (ms): 0.07

---Throughput---
GOP/s (aka OPS/ns): 11,512.12
GOP/s per core: 0.70
FLOP/s: 1,289.37
FLOP/s per core: 0.08
Max Peak FLOP/s: 16,384.00
Avg. BW GB/s: 51,458.72
Max BW GB/s: 65,536.00

---Traffic---
In-Die bisection_bytes BW (GB/s): 2,048.00
Inter-board traffic (msg/ns): 0.00, per-link: 0.00
Inter-pack traffic (msg/ns): 0.00, per-link: 0.00
Inter-die traffic (msg/ns): 0.00, per-link: 0.00
Ruche traffic (msg/ns): 0.00, per-link: 0.00
All traffic (msg/ns): 42,829.75, per-link: 2.61
Inter-die reduction wrt all: inf
Inter-board reduction wrt inter-die: -nan

---Data Movement---
All traffic (msg): 3,015,256,880
Arith. Intensity FLOP/Loads: 0.17
Arith. Intensity FLOP/Msgs: 0.03
Arith. Intensity OPS/Loads: 1.49
Arith. Intensity OPS/Msgs: 0.27



===Core Utilization Total=== CORE-S:7;; TIME K cy:70 ;; Nodes Proc: 7,166,072 -- Edges Proc: 0

===PRINTING FRAME STATS

FCollision In Avg:15, SD:21, Max:172, Min:0
FCollision Out Avg:5, SD:11, Max:87, Min:0
FCollision End Avg:0, SD:1, Max:27, Min:0
FTask1 Avg:10, SD:25, Max:100, Min:0
FTask2 Avg:0, SD:0, Max:0, Min:0
FTask3 Avg:19, SD:12, Max:92, Min:0
FCore Active Avg:37, SD:28, Max:100, Min:1
FRouter Active Avg:83, SD:10, Max:101, Min:47
T1 invocations: 22,513
T2 invocations: 0
T3 invocations: 874,314
T3b invocations: 3,095,804
Total3 invocations: 3,970,118
Total4 invocations: 0

T3/T2 ratio: inf
T3b/T3 ratio: 4

T1 avg ex cycles: 185
T2 avg ex cycles: -nan
T3&b avg ex cycles: 2
T4 avg ex cycles: -nan
Avg. hops NOC1: -nan
Avg. latency NOC1 (T2): -nan
Avg. hops NOC2: 15
Avg. latency NOC2 (T3): 802

===PRINTING ACUM STATS at pu_cycles: 80,400

ACollision In Avg:32, SD:26, Max:191, Min:1
ACollision Out Avg:16, SD:19, Max:82, Min:0
ACollision End Avg:0, SD:1, Max:61, Min:0
ATask1 Avg:48, SD:3, Max:51, Min:14
ATask2 Avg:0, SD:0, Max:0, Min:0
ATask3 Avg:22, SD:10, Max:86, Min:4
ACore Active Avg:74, SD:10, Max:100, Min:27
ARouter Active Avg:82, SD:10, Max:100, Min:50
T1 invocations: 3,654,243
T2 invocations: 0
T3 invocations: 14,597,020
T3b invocations: 121,020,771
Total3 invocations: 135,617,791
Total4 invocations: 0

T3/T2 ratio: inf
T3b/T3 ratio: 8

T1 avg ex cycles: 166
T2 avg ex cycles: -nan
T3&b avg ex cycles: 2
T4 avg ex cycles: -nan
Avg. hops NOC1: -nan
Avg. latency NOC1 (T2): -nan
Avg. hops NOC2: 13
Avg. latency NOC2 (T3): 1,980
Number of K Nodes Processed: 135,932
Number of K Edges Processed: 135,932
Node Re-explore factor: 32.28
Edge Re-explore factor: 1.34
Nodes/cy: 1,691
Edges/cy: 1,691
TEPS: 1,188

---Pcache---
Pcache Size: 16,448
Cached: 0
  PHits: 0
  PMisses: 0
  PHit Rate (hit/miss): -nan%
  PEvictions: 0
  PEviction Rate (evict/misses): -nan%

---Energy---
Leakage Energy (nJ): 84,678
PU Dyn E (nJ): 5,711,995
Mem Dyn E (nJ): 20,922,046
Route Dyn E (nJ): 10,386,546
Dynamic Energy (nJ): 37,020,587
Ratio of Dyn/Leak: 437
Total Energy (nJ): 37,105,265
Total Energy (nJ) 3D: 38,024,569
Cores Energy (nJ): 5,715,575
Route Energy (nJ): 10,388,608
Route Energy (nJ) 3D: 11,307,911
Mem Energy   (nJ): 21,001,083
Mem Energy   (nJ) 3D: 21,001,083
Avg. Power (mW): 461,508.27
Power Density (mW/mm2): 133.34

---Runtime---
Runtime in K cycles: 80.40
Microseconds: 80.40
Time per iteration (ms): 0.08

---Throughput---
GOP/s (aka OPS/ns): 10,850.33
GOP/s per core: 0.66
FLOP/s: 1,185.55
FLOP/s per core: 0.07
Max Peak FLOP/s: 16,384.00
Avg. BW GB/s: 50,512.75
Max BW GB/s: 65,536.00

---Traffic---
In-Die bisection_bytes BW (GB/s): 2,048.00
Inter-board traffic (msg/ns): 0.00, per-link: 0.00
Inter-pack traffic (msg/ns): 0.00, per-link: 0.00
Inter-die traffic (msg/ns): 0.00, per-link: 0.00
Ruche traffic (msg/ns): 0.00, per-link: 0.00
All traffic (msg/ns): 43,525.66, per-link: 2.66
Inter-die reduction wrt all: inf
Inter-board reduction wrt inter-die: -nan

---Data Movement---
All traffic (msg): 3,499,463,304
Arith. Intensity FLOP/Loads: 0.16
Arith. Intensity FLOP/Msgs: 0.03
Arith. Intensity OPS/Loads: 1.44
Arith. Intensity OPS/Msgs: 0.25



===Core Utilization Total=== CORE-S:8;; TIME K cy:80 ;; Nodes Proc: 8,181,331 -- Edges Proc: 0

===PRINTING FRAME STATS

FCollision In Avg:10, SD:18, Max:139, Min:0
FCollision Out Avg:2, SD:7, Max:73, Min:0
FCollision End Avg:0, SD:1, Max:29, Min:0
FTask1 Avg:5, SD:17, Max:100, Min:0
FTask2 Avg:0, SD:0, Max:0, Min:0
FTask3 Avg:16, SD:11, Max:86, Min:0
FCore Active Avg:27, SD:23, Max:100, Min:2
FRouter Active Avg:76, SD:14, Max:101, Min:35
T1 invocations: 10,371
T2 invocations: 0
T3 invocations: 785,048
T3b invocations: 2,518,494
Total3 invocations: 3,303,542
Total4 invocations: 0

T3/T2 ratio: inf
T3b/T3 ratio: 3

T1 avg ex cycles: 189
T2 avg ex cycles: -nan
T3&b avg ex cycles: 2
T4 avg ex cycles: -nan
Avg. hops NOC1: -nan
Avg. latency NOC1 (T2): -nan
Avg. hops NOC2: 15
Avg. latency NOC2 (T3): 597

===PRINTING ACUM STATS at pu_cycles: 90,401

ACollision In Avg:30, SD:24, Max:181, Min:1
ACollision Out Avg:14, SD:17, Max:76, Min:0
ACollision End Avg:0, SD:1, Max:54, Min:0
ATask1 Avg:43, SD:2, Max:46, Min:16
ATask2 Avg:0, SD:0, Max:0, Min:0
ATask3 Avg:22, SD:9, Max:83, Min:6
ACore Active Avg:69, SD:9, Max:100, Min:31
ARouter Active Avg:82, SD:9, Max:100, Min:49
T1 invocations: 3,750,940
T2 invocations: 0
T3 invocations: 17,676,247
T3b invocations: 132,504,601
Total3 invocations: 150,180,848
Total4 invocations: 0

T3/T2 ratio: inf
T3b/T3 ratio: 7

T1 avg ex cycles: 166
T2 avg ex cycles: -nan
T3&b avg ex cycles: 2
T4 avg ex cycles: -nan
Avg. hops NOC1: -nan
Avg. latency NOC1 (T2): -nan
Avg. hops NOC2: 13
Avg. latency NOC2 (T3): 1,875
Number of K Nodes Processed: 150,451
Number of K Edges Processed: 150,451
Node Re-explore factor: 35.73
Edge Re-explore factor: 1.49
Nodes/cy: 1,664
Edges/cy: 1,664
TEPS: 1,057

---Pcache---
Pcache Size: 16,448
Cached: 0
  PHits: 0
  PMisses: 0
  PHit Rate (hit/miss): -nan%
  PEvictions: 0
  PEviction Rate (evict/misses): -nan%

---Energy---
Leakage Energy (nJ): 95,211
PU Dyn E (nJ): 5,975,180
Mem Dyn E (nJ): 22,858,689
Route Dyn E (nJ): 11,697,664
Dynamic Energy (nJ): 40,531,534
Ratio of Dyn/Leak: 426
Total Energy (nJ): 40,626,745
Total Energy (nJ) 3D: 41,662,094
Cores Energy (nJ): 5,979,206
Route Energy (nJ): 11,699,982
Route Energy (nJ) 3D: 12,735,331
Mem Energy   (nJ): 22,947,557
Mem Energy   (nJ) 3D: 22,947,557
Avg. Power (mW): 449,405.92
Power Density (mW/mm2): 129.84

---Runtime---
Runtime in K cycles: 90.40
Microseconds: 90.40
Time per iteration (ms): 0.09

---Throughput---
GOP/s (aka OPS/ns): 10,165.64
GOP/s per core: 0.62
FLOP/s: 1,085.22
FLOP/s per core: 0.07
Max Peak FLOP/s: 16,384.00
Avg. BW GB/s: 49,050.24
Max BW GB/s: 65,536.00

---Traffic---
In-Die bisection_bytes BW (GB/s): 2,048.00
Inter-board traffic (msg/ns): 0.00, per-link: 0.00
Inter-pack traffic (msg/ns): 0.00, per-link: 0.00
Inter-die traffic (msg/ns): 0.00, per-link: 0.00
Ruche traffic (msg/ns): 0.00, per-link: 0.00
All traffic (msg/ns): 43,540.40, per-link: 2.66
Inter-die reduction wrt all: inf
Inter-board reduction wrt inter-die: -nan

---Data Movement---
All traffic (msg): 3,936,096,036
Arith. Intensity FLOP/Loads: 0.15
Arith. Intensity FLOP/Msgs: 0.02
Arith. Intensity OPS/Loads: 1.40
Arith. Intensity OPS/Msgs: 0.23



===Core Utilization Total=== CORE-S:9;; TIME K cy:90 ;; Nodes Proc: 9,005,529 -- Edges Proc: 0
======== IT IS COLD ======= Only 388 Tiles active

===PRINTING FRAME STATS

FCollision In Avg:7, SD:14, Max:98, Min:0
FCollision Out Avg:1, SD:4, Max:40, Min:0
FCollision End Avg:0, SD:0, Max:13, Min:0
FTask1 Avg:2, SD:10, Max:100, Min:0
FTask2 Avg:0, SD:0, Max:0, Min:0
FTask3 Avg:12, SD:10, Max:66, Min:0
FCore Active Avg:19, SD:18, Max:100, Min:1
FRouter Active Avg:64, SD:18, Max:101, Min:14
T1 invocations: 3,462
T2 invocations: 0
T3 invocations: 647,148
T3b invocations: 1,829,134
Total3 invocations: 2,476,282
Total4 invocations: 0

T3/T2 ratio: inf
T3b/T3 ratio: 3

T1 avg ex cycles: 194
T2 avg ex cycles: -nan
T3&b avg ex cycles: 2
T4 avg ex cycles: -nan
Avg. hops NOC1: -nan
Avg. latency NOC1 (T2): -nan
Avg. hops NOC2: 15
Avg. latency NOC2 (T3): 330

===PRINTING ACUM STATS at pu_cycles: 100,399

ACollision In Avg:28, SD:22, Max:172, Min:1
ACollision Out Avg:13, SD:15, Max:69, Min:0
ACollision End Avg:0, SD:1, Max:49, Min:0
ATask1 Avg:39, SD:1, Max:41, Min:22
ATask2 Avg:0, SD:0, Max:0, Min:0
ATask3 Avg:21, SD:9, Max:77, Min:6
ACore Active Avg:64, SD:9, Max:100, Min:36
ARouter Active Avg:80, SD:9, Max:99, Min:46
T1 invocations: 3,800,421
T2 invocations: 0
T3 invocations: 20,367,620
T3b invocations: 141,101,107
Total3 invocations: 161,468,727
Total4 invocations: 0

T3/T2 ratio: inf
T3b/T3 ratio: 7

T1 avg ex cycles: 166
T2 avg ex cycles: -nan
T3&b avg ex cycles: 2
T4 avg ex cycles: -nan
Avg. hops NOC1: -nan
Avg. latency NOC1 (T2): -nan
Avg. hops NOC2: 13
Avg. latency NOC2 (T3): 1,787
Number of K Nodes Processed: 161,655
Number of K Edges Processed: 161,655
Node Re-explore factor: 38.39
Edge Re-explore factor: 1.60
Nodes/cy: 1,610
Edges/cy: 1,610
TEPS: 952

---Pcache---
Pcache Size: 16,448
Cached: 0
  PHits: 0
  PMisses: 0
  PHit Rate (hit/miss): -nan%
  PEvictions: 0
  PEviction Rate (evict/misses): -nan%

---Energy---
Leakage Energy (nJ): 105,741
PU Dyn E (nJ): 6,146,456
Mem Dyn E (nJ): 24,330,884
Route Dyn E (nJ): 12,753,406
Dynamic Energy (nJ): 43,230,747
Ratio of Dyn/Leak: 409
Total Energy (nJ): 43,336,488
Total Energy (nJ) 3D: 44,465,280
Cores Energy (nJ): 6,150,927
Route Energy (nJ): 12,755,981
Route Energy (nJ) 3D: 13,884,773
Mem Energy   (nJ): 24,429,580
Mem Energy   (nJ) 3D: 24,429,580
Avg. Power (mW): 431,642.62
Power Density (mW/mm2): 124.71

---Runtime---
Runtime in K cycles: 100.40
Microseconds: 100.40
Time per iteration (ms): 0.10

---Throughput---
GOP/s (aka OPS/ns): 9,469.48
GOP/s per core: 0.58
FLOP/s: 991.71
FLOP/s per core: 0.06
Max Peak FLOP/s: 16,384.00
Avg. BW GB/s: 46,986.42
Max BW GB/s: 65,536.00

---Traffic---
In-Die bisection_bytes BW (GB/s): 2,048.00
Inter-board traffic (msg/ns): 0.00, per-link: 0.00
Inter-pack traffic (msg/ns): 0.00, per-link: 0.00
Inter-die traffic (msg/ns): 0.00, per-link: 0.00
Ruche traffic (msg/ns): 0.00, per-link: 0.00
All traffic (msg/ns): 42,697.69, per-link: 2.61
Inter-die reduction wrt all: inf
Inter-board reduction wrt inter-die: -nan

---Data Movement---
All traffic (msg): 4,286,805,702
Arith. Intensity FLOP/Loads: 0.14
Arith. Intensity FLOP/Msgs: 0.02
Arith. Intensity OPS/Loads: 1.38
Arith. Intensity OPS/Msgs: 0.22



===Core Utilization Total=== CORE-S:10;; TIME K cy:100 ;; Nodes Proc: 9,620,957 -- Edges Proc: 0
======== IT IS COLD ======= Only 229 Tiles active

===PRINTING FRAME STATS

FCollision In Avg:3, SD:10, Max:95, Min:0
FCollision Out Avg:0, SD:2, Max:25, Min:0
FCollision End Avg:0, SD:0, Max:2, Min:0
FTask1 Avg:0, SD:5, Max:98, Min:0
FTask2 Avg:0, SD:0, Max:0, Min:0
FTask3 Avg:7, SD:8, Max:67, Min:0
FCore Active Avg:10, SD:13, Max:100, Min:0
FRouter Active Avg:42, SD:19, Max:101, Min:4
T1 invocations: 865
T2 invocations: 0
T3 invocations: 385,221
T3b invocations: 1,035,284
Total3 invocations: 1,420,505
Total4 invocations: 0

T3/T2 ratio: inf
T3b/T3 ratio: 3

T1 avg ex cycles: 197
T2 avg ex cycles: -nan
T3&b avg ex cycles: 2
T4 avg ex cycles: -nan
Avg. hops NOC1: -nan
Avg. latency NOC1 (T2): -nan
Avg. hops NOC2: 15
Avg. latency NOC2 (T3): 169

===PRINTING ACUM STATS at pu_cycles: 110,390

ACollision In Avg:25, SD:21, Max:158, Min:1
ACollision Out Avg:12, SD:14, Max:63, Min:0
ACollision End Avg:0, SD:1, Max:44, Min:0
ATask1 Avg:36, SD:0, Max:37, Min:29
ATask2 Avg:0, SD:0, Max:0, Min:0
ATask3 Avg:19, SD:8, Max:71, Min:6
ACore Active Avg:59, SD:8, Max:100, Min:42
ARouter Active Avg:76, SD:9, Max:98, Min:43
T1 invocations: 3,827,886
T2 invocations: 0
T3 invocations: 22,172,784
T3b invocations: 146,368,524
Total3 invocations: 168,541,308
Total4 invocations: 0

T3/T2 ratio: inf
T3b/T3 ratio: 7

T1 avg ex cycles: 166
T2 avg ex cycles: -nan
T3&b avg ex cycles: 2
T4 avg ex cycles: -nan
Avg. hops NOC1: -nan
Avg. latency NOC1 (T2): -nan
Avg. hops NOC2: 13
Avg. latency NOC2 (T3): 1,734
Number of K Nodes Processed: 168,655
Number of K Edges Processed: 168,655
Node Re-explore factor: 40.05
Edge Re-explore factor: 1.66
Nodes/cy: 1,528
Edges/cy: 1,528
TEPS: 866

---Pcache---
Pcache Size: 16,448
Cached: 0
  PHits: 0
  PMisses: 0
  PHit Rate (hit/miss): -nan%
  PEvictions: 0
  PEviction Rate (evict/misses): -nan%

---Energy---
Leakage Energy (nJ): 116,263
PU Dyn E (nJ): 6,248,770
Mem Dyn E (nJ): 25,248,900
Route Dyn E (nJ): 13,420,058
Dynamic Energy (nJ): 44,917,728
Ratio of Dyn/Leak: 386
Total Energy (nJ): 45,033,991
Total Energy (nJ) 3D: 46,221,788
Cores Energy (nJ): 6,253,685
Route Energy (nJ): 13,422,888
Route Energy (nJ) 3D: 14,610,685
Mem Energy   (nJ): 25,357,418
Mem Energy   (nJ) 3D: 25,357,418
Avg. Power (mW): 407,953.54
Power Density (mW/mm2): 117.86

---Runtime---
Runtime in K cycles: 110.39
Microseconds: 110.39
Time per iteration (ms): 0.11

---Throughput---
GOP/s (aka OPS/ns): 8,786.53
GOP/s per core: 0.54
FLOP/s: 909.28
FLOP/s per core: 0.06
Max Peak FLOP/s: 16,384.00
Avg. BW GB/s: 44,333.12
Max BW GB/s: 65,536.00

---Traffic---
In-Die bisection_bytes BW (GB/s): 2,048.00
Inter-board traffic (msg/ns): 0.00, per-link: 0.00
Inter-pack traffic (msg/ns): 0.00, per-link: 0.00
Inter-die traffic (msg/ns): 0.00, per-link: 0.00
Ruche traffic (msg/ns): 0.00, per-link: 0.00
All traffic (msg/ns): 40,838.41, per-link: 2.49
Inter-die reduction wrt all: inf
Inter-board reduction wrt inter-die: -nan

---Data Movement---
All traffic (msg): 4,508,151,824
Arith. Intensity FLOP/Loads: 0.14
Arith. Intensity FLOP/Msgs: 0.02
Arith. Intensity OPS/Loads: 1.36
Arith. Intensity OPS/Msgs: 0.22



===Core Utilization Total=== CORE-S:11;; TIME K cy:110 ;; Nodes Proc: 10,006,783 -- Edges Proc: 0
======== IT IS COLD ======= Only 171 Tiles active

===PRINTING FRAME STATS

FCollision In Avg:1, SD:9, Max:92, Min:0
FCollision Out Avg:0, SD:2, Max:25, Min:0
FCollision End Avg:0, SD:0, Max:0, Min:0
FTask1 Avg:0, SD:2, Max:74, Min:0
FTask2 Avg:0, SD:0, Max:0, Min:0
FTask3 Avg:4, SD:5, Max:54, Min:0
FCore Active Avg:5, SD:8, Max:98, Min:0
FRouter Active Avg:25, SD:15, Max:100, Min:2
T1 invocations: 122
T2 invocations: 0
T3 invocations: 215,235
T3b invocations: 580,870
Total3 invocations: 796,105
Total4 invocations: 0

T3/T2 ratio: inf
T3b/T3 ratio: 3

T1 avg ex cycles: 194
T2 avg ex cycles: -nan
T3&b avg ex cycles: 2
T4 avg ex cycles: -nan
Avg. hops NOC1: -nan
Avg. latency NOC1 (T2): -nan
Avg. hops NOC2: 15
Avg. latency NOC2 (T3): 108

===PRINTING ACUM STATS at pu_cycles: 120,363

ACollision In Avg:23, SD:19, Max:145, Min:1
ACollision Out Avg:11, SD:13, Max:58, Min:0
ACollision End Avg:0, SD:1, Max:41, Min:0
ATask1 Avg:33, SD:0, Max:34, Min:32
ATask2 Avg:0, SD:0, Max:0, Min:0
ATask3 Avg:18, SD:8, Max:66, Min:6
ACore Active Avg:54, SD:8, Max:99, Min:40
ARouter Active Avg:72, SD:9, Max:96, Min:41
T1 invocations: 3,843,350
T2 invocations: 0
T3 invocations: 23,294,378
T3b invocations: 149,560,662
Total3 invocations: 172,855,040
Total4 invocations: 0

T3/T2 ratio: inf
T3b/T3 ratio: 6

T1 avg ex cycles: 166
T2 avg ex cycles: -nan
T3&b avg ex cycles: 2
T4 avg ex cycles: -nan
Avg. hops NOC1: -nan
Avg. latency NOC1 (T2): -nan
Avg. hops NOC2: 13
Avg. latency NOC2 (T3): 1,704
Number of K Nodes Processed: 172,926
Number of K Edges Processed: 172,926
Node Re-explore factor: 41.07
Edge Re-explore factor: 1.71
Nodes/cy: 1,437
Edges/cy: 1,437
TEPS: 794

---Pcache---
Pcache Size: 16,448
Cached: 0
  PHits: 0
  PMisses: 0
  PHit Rate (hit/miss): -nan%
  PEvictions: 0
  PEviction Rate (evict/misses): -nan%

---Energy---
Leakage Energy (nJ): 126,767
PU Dyn E (nJ): 6,309,721
Mem Dyn E (nJ): 25,807,532
Route Dyn E (nJ): 13,830,996
Dynamic Energy (nJ): 45,948,250
Ratio of Dyn/Leak: 362
Total Energy (nJ): 46,075,017
Total Energy (nJ) 3D: 47,299,185
Cores Energy (nJ): 6,315,081
Route Energy (nJ): 13,834,082
Route Energy (nJ) 3D: 15,058,251
Mem Energy   (nJ): 25,925,854
Mem Energy   (nJ) 3D: 25,925,854
Avg. Power (mW): 382,800.50
Power Density (mW/mm2): 110.60

---Runtime---
Runtime in K cycles: 120.36
Microseconds: 120.36
Time per iteration (ms): 0.12

---Throughput---
GOP/s (aka OPS/ns): 8,154.27
GOP/s per core: 0.50
FLOP/s: 837.79
FLOP/s per core: 0.05
Max Peak FLOP/s: 16,384.00
Avg. BW GB/s: 41,552.22
Max BW GB/s: 65,536.00

---Traffic---
In-Die bisection_bytes BW (GB/s): 2,048.00
Inter-board traffic (msg/ns): 0.00, per-link: 0.00
Inter-pack traffic (msg/ns): 0.00, per-link: 0.00
Inter-die traffic (msg/ns): 0.00, per-link: 0.00
Ruche traffic (msg/ns): 0.00, per-link: 0.00
All traffic (msg/ns): 38,587.46, per-link: 2.36
Inter-die reduction wrt all: inf
Inter-board reduction wrt inter-die: -nan

---Data Movement---
All traffic (msg): 4,644,502,404
Arith. Intensity FLOP/Loads: 0.14
Arith. Intensity FLOP/Msgs: 0.02
Arith. Intensity OPS/Loads: 1.35
Arith. Intensity OPS/Msgs: 0.21



===Core Utilization Total=== CORE-S:12;; TIME K cy:120 ;; Nodes Proc: 10,304,060 -- Edges Proc: 0
======== IT IS COLD ======= Only 152 Tiles active

===PRINTING FRAME STATS

FCollision In Avg:1, SD:7, Max:99, Min:0
FCollision Out Avg:0, SD:2, Max:31, Min:0
FCollision End Avg:0, SD:0, Max:0, Min:0
FTask1 Avg:0, SD:0, Max:0, Min:0
FTask2 Avg:0, SD:0, Max:0, Min:0
FTask3 Avg:2, SD:4, Max:44, Min:0
FCore Active Avg:3, SD:5, Max:61, Min:0
FRouter Active Avg:14, SD:12, Max:97, Min:1
T1 invocations: 0
T2 invocations: 0
T3 invocations: 113,040
T3b invocations: 319,548
Total3 invocations: 432,588
Total4 invocations: 0

T3/T2 ratio: inf
T3b/T3 ratio: 3

T1 avg ex cycles: -nan
T2 avg ex cycles: -nan
T3&b avg ex cycles: 2
T4 avg ex cycles: -nan
Avg. hops NOC1: -nan
Avg. latency NOC1 (T2): -nan
Avg. hops NOC2: 15
Avg. latency NOC2 (T3): 35

===PRINTING ACUM STATS at pu_cycles: 130,394

ACollision In Avg:22, SD:18, Max:134, Min:1
ACollision Out Avg:10, SD:12, Max:53, Min:0
ACollision End Avg:0, SD:1, Max:38, Min:0
ATask1 Avg:30, SD:0, Max:32, Min:30
ATask2 Avg:0, SD:0, Max:0, Min:0
ATask3 Avg:17, SD:7, Max:61, Min:5
ACore Active Avg:51, SD:7, Max:93, Min:37
ARouter Active Avg:68, SD:9, Max:96, Min:38
T1 invocations: 3,853,328
T2 invocations: 0
T3 invocations: 23,912,244
T3b invocations: 151,312,862
Total3 invocations: 175,225,106
Total4 invocations: 0

T3/T2 ratio: inf
T3b/T3 ratio: 6

T1 avg ex cycles: 166
T2 avg ex cycles: -nan
T3&b avg ex cycles: 2
T4 avg ex cycles: -nan
Avg. hops NOC1: -nan
Avg. latency NOC1 (T2): -nan
Avg. hops NOC2: 13
Avg. latency NOC2 (T3): 1,688
Number of K Nodes Processed: 175,260
Number of K Edges Processed: 175,260
Node Re-explore factor: 41.62
Edge Re-explore factor: 1.73
Nodes/cy: 1,344
Edges/cy: 1,344
TEPS: 733

---Pcache---
Pcache Size: 16,448
Cached: 0
  PHits: 0
  PMisses: 0
  PHit Rate (hit/miss): -nan%
  PEvictions: 0
  PEviction Rate (evict/misses): -nan%

---Energy---
Leakage Energy (nJ): 137,331
PU Dyn E (nJ): 6,345,854
Mem Dyn E (nJ): 26,116,776
Route Dyn E (nJ): 14,059,107
Dynamic Energy (nJ): 46,521,737
Ratio of Dyn/Leak: 339
Total Energy (nJ): 46,659,068
Total Energy (nJ) 3D: 47,903,427
Cores Energy (nJ): 6,351,660
Route Energy (nJ): 14,062,451
Route Energy (nJ) 3D: 15,306,809
Mem Energy   (nJ): 26,244,958
Mem Energy   (nJ) 3D: 26,244,958
Avg. Power (mW): 357,831.41
Power Density (mW/mm2): 103.38

---Runtime---
Runtime in K cycles: 130.39
Microseconds: 130.39
Time per iteration (ms): 0.13

---Throughput---
GOP/s (aka OPS/ns): 7,578.25
GOP/s per core: 0.46
FLOP/s: 775.72
FLOP/s per core: 0.05
Max Peak FLOP/s: 16,384.00
Avg. BW GB/s: 38,811.90
Max BW GB/s: 65,536.00

---Traffic---
In-Die bisection_bytes BW (GB/s): 2,048.00
Inter-board traffic (msg/ns): 0.00, per-link: 0.00
Inter-pack traffic (msg/ns): 0.00, per-link: 0.00
Inter-die traffic (msg/ns): 0.00, per-link: 0.00
Ruche traffic (msg/ns): 0.00, per-link: 0.00
All traffic (msg/ns): 36,199.07, per-link: 2.21
Inter-die reduction wrt all: inf
Inter-board reduction wrt inter-die: -nan

---Data Movement---
All traffic (msg): 4,720,141,508
Arith. Intensity FLOP/Loads: 0.14
Arith. Intensity FLOP/Msgs: 0.02
Arith. Intensity OPS/Loads: 1.34
Arith. Intensity OPS/Msgs: 0.21



===Core Utilization Total=== CORE-S:13;; TIME K cy:130 ;; Nodes Proc: 10,495,929 -- Edges Proc: 0
======== IT IS COLD ======= Only 65 Tiles active

===PRINTING FRAME STATS

FCollision In Avg:0, SD:2, Max:37, Min:0
FCollision Out Avg:0, SD:1, Max:9, Min:0
FCollision End Avg:0, SD:0, Max:0, Min:0
FTask1 Avg:0, SD:0, Max:0, Min:0
FTask2 Avg:0, SD:0, Max:0, Min:0
FTask3 Avg:1, SD:2, Max:24, Min:0
FCore Active Avg:2, SD:3, Max:34, Min:0
FRouter Active Avg:9, SD:10, Max:90, Min:0
T1 invocations: 0
T2 invocations: 0
T3 invocations: 58,124
T3b invocations: 192,414
Total3 invocations: 250,538
Total4 invocations: 0

T3/T2 ratio: inf
T3b/T3 ratio: 3

T1 avg ex cycles: -nan
T2 avg ex cycles: -nan
T3&b avg ex cycles: 2
T4 avg ex cycles: -nan
Avg. hops NOC1: -nan
Avg. latency NOC1 (T2): -nan
Avg. hops NOC2: 15
Avg. latency NOC2 (T3): 27

===PRINTING ACUM STATS at pu_cycles: 140,396

ACollision In Avg:20, SD:16, Max:125, Min:1
ACollision Out Avg:9, SD:11, Max:50, Min:0
ACollision End Avg:0, SD:1, Max:35, Min:0
ATask1 Avg:28, SD:0, Max:29, Min:28
ATask2 Avg:0, SD:0, Max:0, Min:0
ATask3 Avg:16, SD:7, Max:57, Min:5
ACore Active Avg:47, SD:7, Max:87, Min:35
ARouter Active Avg:63, SD:8, Max:93, Min:35
T1 invocations: 3,857,325
T2 invocations: 0
T3 invocations: 24,240,749
T3b invocations: 152,238,897
Total3 invocations: 176,479,646
Total4 invocations: 0

T3/T2 ratio: inf
T3b/T3 ratio: 6

T1 avg ex cycles: 167
T2 avg ex cycles: -nan
T3&b avg ex cycles: 2
T4 avg ex cycles: -nan
Avg. hops NOC1: -nan
Avg. latency NOC1 (T2): -nan
Avg. hops NOC2: 13
Avg. latency NOC2 (T3): 1,680
Number of K Nodes Processed: 176,494
Number of K Edges Processed: 176,494
Node Re-explore factor: 41.92
Edge Re-explore factor: 1.74
Nodes/cy: 1,257
Edges/cy: 1,257
TEPS: 681

---Pcache---
Pcache Size: 16,448
Cached: 0
  PHits: 0
  PMisses: 0
  PHit Rate (hit/miss): -nan%
  PEvictions: 0
  PEviction Rate (evict/misses): -nan%

---Energy---
Leakage Energy (nJ): 147,866
PU Dyn E (nJ): 6,363,200
Mem Dyn E (nJ): 26,278,898
Route Dyn E (nJ): 14,179,516
Dynamic Energy (nJ): 46,821,614
Ratio of Dyn/Leak: 317
Total Energy (nJ): 46,969,480
Total Energy (nJ) 3D: 48,224,496
Cores Energy (nJ): 6,369,452
Route Energy (nJ): 14,183,115
Route Energy (nJ) 3D: 15,438,131
Mem Energy   (nJ): 26,416,913
Mem Energy   (nJ) 3D: 26,416,913
Avg. Power (mW): 334,549.98
Power Density (mW/mm2): 96.66

---Runtime---
Runtime in K cycles: 140.40
Microseconds: 140.40
Time per iteration (ms): 0.14

---Throughput---
GOP/s (aka OPS/ns): 7,061.87
GOP/s per core: 0.43
FLOP/s: 721.36
FLOP/s per core: 0.04
Max Peak FLOP/s: 16,384.00
Avg. BW GB/s: 36,268.90
Max BW GB/s: 65,536.00

---Traffic---
In-Die bisection_bytes BW (GB/s): 2,048.00
Inter-board traffic (msg/ns): 0.00, per-link: 0.00
Inter-pack traffic (msg/ns): 0.00, per-link: 0.00
Inter-die traffic (msg/ns): 0.00, per-link: 0.00
Ruche traffic (msg/ns): 0.00, per-link: 0.00
All traffic (msg/ns): 33,904.63, per-link: 2.07
Inter-die reduction wrt all: inf
Inter-board reduction wrt inter-die: -nan

---Data Movement---
All traffic (msg): 4,760,074,562
Arith. Intensity FLOP/Loads: 0.14
Arith. Intensity FLOP/Msgs: 0.02
Arith. Intensity OPS/Loads: 1.34
Arith. Intensity OPS/Msgs: 0.21



===Core Utilization Total=== CORE-S:14;; TIME K cy:140 ;; Nodes Proc: 10,633,859 -- Edges Proc: 0
======== IT IS COLD ======= Only 52 Tiles active

===PRINTING FRAME STATS

FCollision In Avg:0, SD:1, Max:22, Min:0
FCollision Out Avg:0, SD:0, Max:2, Min:0
FCollision End Avg:0, SD:0, Max:0, Min:0
FTask1 Avg:0, SD:0, Max:0, Min:0
FTask2 Avg:0, SD:0, Max:0, Min:0
FTask3 Avg:1, SD:2, Max:21, Min:0
FCore Active Avg:1, SD:2, Max:30, Min:0
FRouter Active Avg:5, SD:6, Max:71, Min:0
T1 invocations: 0
T2 invocations: 0
T3 invocations: 30,253
T3b invocations: 106,810
Total3 invocations: 137,063
Total4 invocations: 0

T3/T2 ratio: inf
T3b/T3 ratio: 4

T1 avg ex cycles: -nan
T2 avg ex cycles: -nan
T3&b avg ex cycles: 2
T4 avg ex cycles: -nan
Avg. hops NOC1: -nan
Avg. latency NOC1 (T2): -nan
Avg. hops NOC2: 15
Avg. latency NOC2 (T3): 22

===PRINTING ACUM STATS at pu_cycles: 150,127

ACollision In Avg:19, SD:15, Max:116, Min:1
ACollision Out Avg:9, SD:10, Max:46, Min:0
ACollision End Avg:0, SD:1, Max:33, Min:0
ATask1 Avg:26, SD:0, Max:27, Min:26
ATask2 Avg:0, SD:0, Max:0, Min:0
ATask3 Avg:15, SD:6, Max:53, Min:5
ACore Active Avg:44, SD:6, Max:81, Min:32
ARouter Active Avg:60, SD:8, Max:89, Min:33
T1 invocations: 3,858,122
T2 invocations: 0
T3 invocations: 24,427,500
T3b invocations: 152,712,707
Total3 invocations: 177,140,207
Total4 invocations: 0

T3/T2 ratio: inf
T3b/T3 ratio: 6

T1 avg ex cycles: 167
T2 avg ex cycles: -nan
T3&b avg ex cycles: 2
T4 avg ex cycles: -nan
Avg. hops NOC1: -nan
Avg. latency NOC1 (T2): -nan
Avg. hops NOC2: 13
Avg. latency NOC2 (T3): 1,675
Number of K Nodes Processed: 177,140
Number of K Edges Processed: 177,140
Node Re-explore factor: 42.07
Edge Re-explore factor: 1.75
Nodes/cy: 1,180
Edges/cy: 1,180
TEPS: 636

---Pcache---
Pcache Size: 16,448
Cached: 0
  PHits: 0
  PMisses: 0
  PHit Rate (hit/miss): -nan%
  PEvictions: 0
  PEviction Rate (evict/misses): -nan%

---Energy---
Leakage Energy (nJ): 158,114
PU Dyn E (nJ): 6,370,374
Mem Dyn E (nJ): 26,362,537
Route Dyn E (nJ): 14,242,722
Dynamic Energy (nJ): 46,975,634
Ratio of Dyn/Leak: 297
Total Energy (nJ): 47,133,748
Total Energy (nJ) 3D: 48,394,358
Cores Energy (nJ): 6,377,059
Route Energy (nJ): 14,246,571
Route Energy (nJ) 3D: 15,507,182
Mem Energy   (nJ): 26,510,118
Mem Energy   (nJ) 3D: 26,510,118
Avg. Power (mW): 313,959.17
Power Density (mW/mm2): 90.71

---Runtime---
Runtime in K cycles: 150.13
Microseconds: 150.13
Time per iteration (ms): 0.15

---Throughput---
GOP/s (aka OPS/ns): 6,613.96
GOP/s per core: 0.40
FLOP/s: 674.77
FLOP/s per core: 0.04
Max Peak FLOP/s: 16,384.00
Avg. BW GB/s: 34,024.99
Max BW GB/s: 65,536.00

---Traffic---
In-Die bisection_bytes BW (GB/s): 2,048.00
Inter-board traffic (msg/ns): 0.00, per-link: 0.00
Inter-pack traffic (msg/ns): 0.00, per-link: 0.00
Inter-die traffic (msg/ns): 0.00, per-link: 0.00
Ruche traffic (msg/ns): 0.00, per-link: 0.00
All traffic (msg/ns): 31,846.64, per-link: 1.94
Inter-die reduction wrt all: inf
Inter-board reduction wrt inter-die: -nan

---Data Movement---
All traffic (msg): 4,781,040,748
Arith. Intensity FLOP/Loads: 0.14
Arith. Intensity FLOP/Msgs: 0.02
Arith. Intensity OPS/Loads: 1.34
Arith. Intensity OPS/Msgs: 0.21



===Core Utilization Total=== CORE-S:15;; TIME K cy:150 ;; Nodes Proc: 10,708,271 -- Edges Proc: 0
======== IT IS COLD ======= Only 23 Tiles active
Epoch Done Router: 8
Epoch Done Router: 15
Epoch Done Router: 12
Epoch Done Router: 5
Epoch Done Router: 6
Epoch Done Router: 4
Epoch Done Router: 11
Epoch Done Router: 0
Epoch Done Router: 7
Epoch Done Router: 13
Epoch Done Router: 3
Epoch Done Router: 9
Epoch Done Router: 1
Epoch Done Router: 10
Epoch Done Router: 2
Epoch Done Router: 14
##EPOCH## 1 COMPLETED at Time (K cy): 159
Nodes processed until now: 177,288,255
Edges processed until now: 0
Program Done Worker Thread: 0
Program Done Router Thread: 3
Program Done Router Thread: 7
Program Done Router Thread: 14
Program Done Router Thread: 6
Program Done Router Thread: 13
Program Done Worker Thread: 5
Program Done Router Thread: 1
Program Done Worker Thread: 6
Program Done Router Thread: 10
Program Done Worker Thread: 1
Program Done Worker Thread: 9
Program Done Worker Thread: 7
Program Done Worker Thread: 13
Program Done Worker Thread: 12
Program Done Worker Thread: 10
Program Done Worker Thread: 4
Program Done Router Thread: 2
Program Done Router Thread: 9
Program Done Worker Thread: 2
Program Done Router Thread: 15
Program Done Worker Thread: 15
Program Done Worker Thread: 11
Program Done Worker Thread: 3
Program Done Router Thread: 5
Program Done Worker Thread: 14
Program Done Router Thread: 8
Program Done Router Thread: 11
Program Done Router Thread: 12
Program Done Router Thread: 0
Program Done Router Thread: 4
Program Done Worker Thread: 8

===PRINTING ACUM STATS at pu_cycles: 159,979

ACollision In Avg:18, SD:14, Max:109, Min:1
ACollision Out Avg:8, SD:10, Max:43, Min:0
ACollision End Avg:0, SD:1, Max:31, Min:0
ATask1 Avg:24, SD:0, Max:26, Min:24
ATask2 Avg:0, SD:0, Max:0, Min:0
ATask3 Avg:14, SD:6, Max:50, Min:4
ACore Active Avg:41, SD:6, Max:76, Min:30
ARouter Active Avg:56, SD:8, Max:84, Min:31
T1 invocations: 3,858,461
T2 invocations: 0
T3 invocations: 24,473,979
T3b invocations: 152,814,276
Total3 invocations: 177,288,255
Total4 invocations: 0

T3/T2 ratio: inf
T3b/T3 ratio: 6

T1 avg ex cycles: 167
T2 avg ex cycles: -nan
T3&b avg ex cycles: 2
T4 avg ex cycles: -nan
Avg. hops NOC1: -nan
Avg. latency NOC1 (T2): -nan
Avg. hops NOC2: 13
Avg. latency NOC2 (T3): 1,674

Runtime at program end in K cycles: 159
Runtime before cooldown in K cycles: 80


Number of K Nodes Processed: 177,288
Number of K Edges Processed: 177,288
Node Re-explore factor: 42.10
Edge Re-explore factor: 1.75
Nodes/cy: 1,108
Edges/cy: 1,108
TEPS: 597

---Pcache---
Pcache Size: 16,448
Cached: 0
  PHits: 0
  PMisses: 0
  PHit Rate (hit/miss): -nan%
  PEvictions: 0
  PEviction Rate (evict/misses): -nan%

---Energy---
Leakage Energy (nJ): 168,490
PU Dyn E (nJ): 6,372,224
Mem Dyn E (nJ): 26,381,496
Route Dyn E (nJ): 14,257,834
Dynamic Energy (nJ): 47,011,554
Ratio of Dyn/Leak: 279
Total Energy (nJ): 47,180,044
Total Energy (nJ) 3D: 48,441,992
Cores Energy (nJ): 6,379,348
Route Energy (nJ): 14,261,936
Route Energy (nJ) 3D: 15,523,884
Mem Energy   (nJ): 26,538,762
Mem Energy   (nJ) 3D: 26,538,762
Avg. Power (mW): 294,913.98
Power Density (mW/mm2): 85.20

---Runtime---
Runtime in K cycles: 159.98
Microseconds: 159.98
Time per iteration (ms): 0.16

---Inst---
K Loads: 742,204
K Stores: 535,723
K Instructions: 993,297

---Throughput---
GOP/s (aka OPS/ns): 6,208.93
GOP/s per core: 0.38
FLOP/s: 633.28
FLOP/s per core: 0.04
Max Peak FLOP/s: 16,384.00
Avg. BW GB/s: 31,952.40
Max BW GB/s: 65,536.00

---Traffic---
In-Die bisection_bytes BW (GB/s): 2,048.00
Inter-board traffic (msg/ns): 0.00, per-link: 0.00
Inter-pack traffic (msg/ns): 0.00, per-link: 0.00
Inter-die traffic (msg/ns): 0.00, per-link: 0.00
Ruche traffic (msg/ns): 0.00, per-link: 0.00
All traffic (msg/ns): 29,916.64, per-link: 1.83
Inter-die reduction wrt all: inf
Inter-board reduction wrt inter-die: -nan

---Data Movement---
All traffic (msg): 4,786,033,758
Arith. Intensity FLOP/Loads: 0.14
Arith. Intensity FLOP/Msgs: 0.02
Arith. Intensity OPS/Loads: 1.34
Arith. Intensity OPS/Msgs: 0.21

Simulation time: 592.29
Sim noc_cy/s: 270.10
Sim Msg/s: 8,080,536.90

Version 31

