Dataset:  Kron22/
Dry run: 0
Open Edge Count File succesfully
Edges Traversed BFS: 128309848
Found Vertices: 4194304, Edges: 128311436
avg degree 31
Array  Kron22/node_array.bin found
Malloc array of size 16777220 bytes
Readin array of size 16777216 bytes
Finished Reading Array Bytes
No reordering Array 32bit
Array  Kron22/edge_array.bin found
Malloc array of size 513245744 bytes
Readin array of size 513245744 bytes
Finished Reading Array Bytes
No reordering Array 32bit
Reading graph elapsed time: 0.154543s

Dataset Footprint: 525 MiB
Dataset Footprint per Board: 4404.02 Mb
Dataset injection time (ms): 0.0672
Max Dataset Footprint: 1027 MiB

Dataset footprint per tile: 32 KiB
Proxys footprint per tile: 64 KiB
Reserved SRAM per tile: 22 KiB

Ideal SRAM per tile: 118 KiB
reserved_words_for_dataset:25082
dataset_words_per_tile:8400
remaining_sram_words:125414
min_dcache_sram_words_required:8400
dataset_words_per_tile:8400
min_pcache_sram_words_required:8
proxys_words_per_tile:16384
Dcache footprint ratio: 1
Pcache footprint ratio: 1
Dataset Cached: 0
DCache: 8400 words, lines: 525, sets: 525
Proxys Cached: 0
Pcache: 16384 words, sets: 16384
Node per tile: 256
Edge per tile: 7,832
GRID_X: 128
GRID_SIZE: 16,384
smt_per_tile: 1
noc_freq: 1
pu_freq: 1
RUCHE_X: 0
PROXY_W: 16
DIE_W: 128
DIE_H: 128
DIES: 1
BORDER_TILES_PER_DIE: 512
PACK_W: 128
PACK_H: 128
DIES_PACK_FACTOR: 1
DIES_PER_PACK: 1
PACKAGES: 1
BOARD_W: 128
BOARD_H: 128
BOARDS: 1
MUX_BUS: 1
DCACHE: 0
PCACHE: 1
PROXY_FACTOR: 8
CACHE_WAYS: 1
TORUS: 1
PHY_NOCS: 1
WIDE_NOC_ID: 0
NOC_CONF: 1
noc_width: 32
hbm_channel_bit_width: 512
ld_st_op_byte_width: 4
PROXY_ROUTING: 4
WRITE_THROUGH: 1
ASSERT_MODE: 0
GLOBAL_BARRIER: 0
OQ flits: 36 ; 192 ; 384
IQ flits: 288 ; 1,536 ; 3,072
OQ messages: 12 ; 96 ; 192
IQ messages: 96 ; 768 ; 1,536
max_task2 size: 64
io_factor_t2: 8
io_factor_t3: 8
io_factor_t3b: 8

Active SRAM Storage per tile: 118 KiB
Total SRAM Storage per tile: 512 KiB
Agreggated SRAM Storage: 8,192 MiB

Inter-Die #links: 4,096
Inter-Die (Gbits): 131,072
Inter-Die (Gbits/mm): 563.524
Bisection BW of Board (Gbits): 32,768
Border IO #Dies: 4
Border IO Die BW (Gbits): 16,384
Off-Board BW Total (Gbits): 65,536
Off-Board BW Density (Gbits/mm): 278
Die side: 58.15 mm
Die border wire density: 563.52 Gbits/mm
HBM wire density: 70.44 Gbits/mm

Tiles per Die: 16,384 (128x128)
Tile Area: 0.19 mm2, side: 0.44 mm
- Core/Rout Area: 0.05 mm2
- SRAM Area: 0.14 mm2
- SRAM/Logic Ratio: 2.80x

Dies per Package: 1 (1x1)
Die Area: 3,381.23 mm2, side: 58.15 mm
- Tiles Area: 3,191.28 mm2
- PHY Area: 189.96 mm2
- MC Area: 0.00 mm2

Packages per Board: 1 (1x1)
Package Area: 3,461.23 mm2, side: 58.83 mm
- IOdie Area: 80.00 mm2
- Dies Area: 3,381.23 mm2
- HBM Area: 0.00 mm2

Boards: 1 (1x1)
Board Area: 3,461.23 mm2
Total Area: 3,461.23 mm2



ESTIMATED COST OF SILICON AND PACKAGING. ONLY VARIABLE, NO FIXED COSTS
Good dies per wafer 3d: 5
Good dies per wafer 2d: 6
--Dies 3D Cost: 1,209.40 $
--Dies 2.5D Cost: 1,007.83 $
--Dies 2D Cost: 1,007.83 $
--HBM Cost: 60.00 $
--IOdie Cost: 8.44 $
--Packaging Cost 3d: 233.07 $
--Packaging Cost 2.5d: 505.18 $
--Packaging Cost 2d: 152.44 $
SiP Cost 3d: 1,510.91 $
SiP Cost 2.5d: 1,581.46 $
SiP Cost 2d: 1,168.71 $
--Board Cost: 3.46 $
Total SiPs Cost 3d: 1,514.37 $
Total SiPs Cost 2.5d: 1,584.92 $
Total SiPs Cost 2d: 1,172.18 $

Perf counters initialized
Mesh connected
Cache structures initialized
Allocated proxys
Replicas initialized
Allocated Frontier List
Dataset structures initialized


Starting Simulation
INIT epoch: 1
INIT epoch: 1
INIT epoch: 1
INIT epoch: 1
INIT epoch: 1
INIT epoch: 1
INIT epoch: 1
INIT epoch: 1
INIT epoch: 1
INIT epoch: 1
INIT epoch: 1
INIT epoch: 1
INIT epoch: 1
INIT epoch: 1
INIT epoch: 1
INIT epoch: 1

===PRINTING FRAME STATS

FCollision In Avg:-nan, SD:-nan, Max:356, Min:5
FCollision Out Avg:-nan, SD:-nan, Max:179, Min:0
FCollision End Avg:-nan, SD:-nan, Max:86, Min:0
FTask1 Avg:-nan, SD:-nan, Max:100, Min:2
FTask2 Avg:-nan, SD:-nan, Max:61, Min:0
FTask3 Avg:-nan, SD:-nan, Max:92, Min:0
FCore Active Avg:-nan, SD:-nan, Max:100, Min:75
FRouter Active Avg:-nan, SD:-nan, Max:100, Min:68
T1 invocations: 368,164
T2 invocations: 135,680
T3 invocations: 242,347
T3b invocations: 2,183,924
Total3 invocations: 2,426,271
Total4 invocations: 0

T3/T2 ratio: 2
T3b/T3 ratio: 9

T1 avg ex cycles: 43
T2 avg ex cycles: 34
T3&b avg ex cycles: 8
T4 avg ex cycles: -nan
Avg. hops NOC1: 52
Avg. latency NOC1 (T2): 3,038
Avg. hops NOC2: 29
Avg. latency NOC2 (T3): 3,082

===PRINTING ACUM STATS at pu_cycles: 10,163

ACollision In Avg:-nan, SD:-nan, Max:356, Min:5
ACollision Out Avg:-nan, SD:-nan, Max:179, Min:0
ACollision End Avg:-nan, SD:-nan, Max:86, Min:0
ATask1 Avg:-nan, SD:-nan, Max:100, Min:2
ATask2 Avg:-nan, SD:-nan, Max:61, Min:0
ATask3 Avg:-nan, SD:-nan, Max:92, Min:0
ACore Active Avg:-nan, SD:-nan, Max:100, Min:75
ARouter Active Avg:-nan, SD:-nan, Max:100, Min:68
T1 invocations: 1,535,205
T2 invocations: 612,602
T3 invocations: 963,374
T3b invocations: 8,054,989
Total3 invocations: 9,018,363
Total4 invocations: 0

T3/T2 ratio: 2
T3b/T3 ratio: 8

T1 avg ex cycles: 43
T2 avg ex cycles: 34
T3&b avg ex cycles: 9
T4 avg ex cycles: -nan
Avg. hops NOC1: 36
Avg. latency NOC1 (T2): 2,855
Avg. hops NOC2: 34
Avg. latency NOC2 (T3): 3,482
Number of K Nodes Processed: 495
Number of K Edges Processed: 16,871
Node Re-explore factor: 0.12
Edge Re-explore factor: 0.13
Nodes/cy: 49
Edges/cy: 1,660
TEPS: 12,625

---Pcache---
Pcache Size: 16,384
Cached: 0
  PHits: 0
  PMisses: 0
  PHit Rate (hit/miss): -nan%
  PEvictions: 0
  PEviction Rate (evict/misses): -nan%

---Energy---
Leakage Energy (nJ): 12,993
PU Dyn E (nJ): 904,810
Mem Dyn E (nJ): 2,747,462
Route Dyn E (nJ): 2,124,571
Dynamic Energy (nJ): 5,776,844
Ratio of Dyn/Leak: 445
Total Energy (nJ): 5,789,837
Total Energy (nJ) 3D: 5,977,881
Cores Energy (nJ): 905,263
Route Energy (nJ): 2,124,832
Route Energy (nJ) 3D: 2,312,876
Mem Energy   (nJ): 2,759,742
Mem Energy   (nJ) 3D: 2,759,742
Avg. Power (mW): 569,697.65
Power Density (mW/mm2): 164.59

---Runtime---
Runtime in K cycles: 10.16
Microseconds: 10.16
Time per iteration (ms): 0.01

---Throughput---
GOP/s (aka OPS/ns): 15,990.35
GOP/s per core: 0.98
FLOP/s: 887.37
FLOP/s per core: 0.05
Max Peak FLOP/s: 16,384.00
Avg. BW GB/s: 51,537.09
Max BW GB/s: 65,536.00

---Traffic---
In-Die bisection_bytes BW (GB/s): 2,048.00
Inter-board traffic (msg/ns): 0.00, per-link: 0.00
Inter-pack traffic (msg/ns): 0.00, per-link: 0.00
Inter-die traffic (msg/ns): 0.00, per-link: 0.00
Ruche traffic (msg/ns): 0.00, per-link: 0.00
All traffic (msg/ns): 66,930.00, per-link: 4.09
Inter-die reduction wrt all: inf
Inter-board reduction wrt inter-die: -nan

---Data Movement---
All traffic (msg): 680,209,619
Arith. Intensity FLOP/Loads: 0.15
Arith. Intensity FLOP/Msgs: 0.01
Arith. Intensity OPS/Loads: 2.78
Arith. Intensity OPS/Msgs: 0.24



===Core Utilization Total=== CORE-S:1;; TIME K cy:10 ;; Nodes Proc: 29,352 -- Edges Proc: 1,050,537

===PRINTING FRAME STATS

FCollision In Avg:221, SD:70, Max:460, Min:1
FCollision Out Avg:149, SD:46, Max:294, Min:4
FCollision End Avg:3, SD:13, Max:101, Min:0
FTask1 Avg:14, SD:16, Max:77, Min:0
FTask2 Avg:9, SD:10, Max:66, Min:0
FTask3 Avg:67, SD:20, Max:100, Min:0
FCore Active Avg:90, SD:14, Max:100, Min:10
FRouter Active Avg:93, SD:6, Max:101, Min:62
T1 invocations: 136,239
T2 invocations: 108,012
T3 invocations: 638,240
T3b invocations: 2,886,576
Total3 invocations: 3,524,816
Total4 invocations: 0

T3/T2 ratio: 6
T3b/T3 ratio: 5

T1 avg ex cycles: 42
T2 avg ex cycles: 33
T3&b avg ex cycles: 8
T4 avg ex cycles: -nan
Avg. hops NOC1: 27
Avg. latency NOC1 (T2): 8,701
Avg. hops NOC2: 24
Avg. latency NOC2 (T3): 5,696

===PRINTING ACUM STATS at pu_cycles: 20,162

ACollision In Avg:195, SD:58, Max:373, Min:28
ACollision Out Avg:120, SD:35, Max:234, Min:3
ACollision End Avg:2, SD:10, Max:87, Min:0
ATask1 Avg:26, SD:13, Max:61, Min:1
ATask2 Avg:10, SD:8, Max:48, Min:0
ATask3 Avg:59, SD:16, Max:96, Min:11
ACore Active Avg:95, SD:7, Max:100, Min:51
ARouter Active Avg:93, SD:4, Max:100, Min:73
T1 invocations: 2,061,649
T2 invocations: 997,378
T3 invocations: 3,898,397
T3b invocations: 19,494,996
Total3 invocations: 23,393,393
Total4 invocations: 0

T3/T2 ratio: 4
T3b/T3 ratio: 5

T1 avg ex cycles: 43
T2 avg ex cycles: 34
T3&b avg ex cycles: 8
T4 avg ex cycles: -nan
Avg. hops NOC1: 29
Avg. latency NOC1 (T2): 5,248
Avg. hops NOC2: 28
Avg. latency NOC2 (T3): 5,303
Number of K Nodes Processed: 1,375
Number of K Edges Processed: 27,457
Node Re-explore factor: 0.33
Edge Re-explore factor: 0.21
Nodes/cy: 68
Edges/cy: 1,362
TEPS: 6,364

---Pcache---
Pcache Size: 16,384
Cached: 0
  PHits: 0
  PMisses: 0
  PHit Rate (hit/miss): -nan%
  PEvictions: 0
  PEviction Rate (evict/misses): -nan%

---Energy---
Leakage Energy (nJ): 25,777
PU Dyn E (nJ): 1,836,517
Mem Dyn E (nJ): 5,504,649
Route Dyn E (nJ): 4,391,157
Dynamic Energy (nJ): 11,732,323
Ratio of Dyn/Leak: 455
Total Energy (nJ): 11,758,100
Total Energy (nJ) 3D: 12,146,757
Cores Energy (nJ): 1,837,415
Route Energy (nJ): 4,391,674
Route Energy (nJ) 3D: 4,780,331
Mem Energy   (nJ): 5,529,011
Mem Energy   (nJ) 3D: 5,529,011
Avg. Power (mW): 583,181.22
Power Density (mW/mm2): 168.49

---Runtime---
Runtime in K cycles: 20.16
Microseconds: 20.16
Time per iteration (ms): 0.02

---Throughput---
GOP/s (aka OPS/ns): 15,350.47
GOP/s per core: 0.94
FLOP/s: 1,160.27
FLOP/s per core: 0.07
Max Peak FLOP/s: 16,384.00
Avg. BW GB/s: 52,130.45
Max BW GB/s: 65,536.00

---Traffic---
In-Die bisection_bytes BW (GB/s): 2,048.00
Inter-board traffic (msg/ns): 0.00, per-link: 0.00
Inter-pack traffic (msg/ns): 0.00, per-link: 0.00
Inter-die traffic (msg/ns): 0.00, per-link: 0.00
Ruche traffic (msg/ns): 0.00, per-link: 0.00
All traffic (msg/ns): 70,161.11, per-link: 4.28
Inter-die reduction wrt all: inf
Inter-board reduction wrt inter-die: -nan

---Data Movement---
All traffic (msg): 1,414,588,248
Arith. Intensity FLOP/Loads: 0.19
Arith. Intensity FLOP/Msgs: 0.02
Arith. Intensity OPS/Loads: 2.57
Arith. Intensity OPS/Msgs: 0.22



===Core Utilization Total=== CORE-S:2;; TIME K cy:20 ;; Nodes Proc: 84,062 -- Edges Proc: 1,657,704

===PRINTING FRAME STATS

FCollision In Avg:204, SD:85, Max:482, Min:2
FCollision Out Avg:155, SD:62, Max:313, Min:0
FCollision End Avg:3, SD:15, Max:101, Min:0
FTask1 Avg:10, SD:14, Max:83, Min:0
FTask2 Avg:4, SD:6, Max:50, Min:0
FTask3 Avg:67, SD:25, Max:100, Min:1
FCore Active Avg:80, SD:24, Max:100, Min:8
FRouter Active Avg:83, SD:11, Max:101, Min:46
T1 invocations: 96,626
T2 invocations: 67,410
T3 invocations: 550,540
T3b invocations: 3,094,046
Total3 invocations: 3,644,586
Total4 invocations: 0

T3/T2 ratio: 8
T3b/T3 ratio: 6

T1 avg ex cycles: 42
T2 avg ex cycles: 23
T3&b avg ex cycles: 7
T4 avg ex cycles: -nan
Avg. hops NOC1: 33
Avg. latency NOC1 (T2): 11,184
Avg. hops NOC2: 17
Avg. latency NOC2 (T3): 9,841

===PRINTING ACUM STATS at pu_cycles: 30,178

ACollision In Avg:198, SD:61, Max:380, Min:24
ACollision Out Avg:131, SD:40, Max:260, Min:2
ACollision End Avg:2, SD:11, Max:91, Min:0
ATask1 Avg:21, SD:9, Max:46, Min:1
ATask2 Avg:8, SD:6, Max:32, Min:0
ATask3 Avg:61, SD:15, Max:97, Min:14
ACore Active Avg:90, SD:11, Max:100, Min:42
ARouter Active Avg:90, SD:5, Max:100, Min:67
T1 invocations: 2,370,582
T2 invocations: 1,246,156
T3 invocations: 6,123,392
T3b invocations: 33,272,871
Total3 invocations: 39,396,263
Total4 invocations: 0

T3/T2 ratio: 5
T3b/T3 ratio: 5

T1 avg ex cycles: 43
T2 avg ex cycles: 33
T3&b avg ex cycles: 8
T4 avg ex cycles: -nan
Avg. hops NOC1: 28
Avg. latency NOC1 (T2): 6,917
Avg. hops NOC2: 24
Avg. latency NOC2 (T3): 7,221
Number of K Nodes Processed: 1,881
Number of K Edges Processed: 32,453
Node Re-explore factor: 0.45
Edge Re-explore factor: 0.25
Nodes/cy: 62
Edges/cy: 1,075
TEPS: 4,252

---Pcache---
Pcache Size: 16,384
Cached: 0
  PHits: 0
  PMisses: 0
  PHit Rate (hit/miss): -nan%
  PEvictions: 0
  PEviction Rate (evict/misses): -nan%

---Energy---
Leakage Energy (nJ): 38,582
PU Dyn E (nJ): 2,760,952
Mem Dyn E (nJ): 7,951,318
Route Dyn E (nJ): 6,029,531
Dynamic Energy (nJ): 16,741,802
Ratio of Dyn/Leak: 434
Total Energy (nJ): 16,780,384
Total Energy (nJ) 3D: 17,314,052
Cores Energy (nJ): 2,762,296
Route Energy (nJ): 6,030,306
Route Energy (nJ) 3D: 6,563,974
Mem Energy   (nJ): 7,987,782
Mem Energy   (nJ) 3D: 7,987,782
Avg. Power (mW): 556,046.92
Power Density (mW/mm2): 160.65

---Runtime---
Runtime in K cycles: 30.18
Microseconds: 30.18
Time per iteration (ms): 0.03

---Throughput---
GOP/s (aka OPS/ns): 14,857.68
GOP/s per core: 0.91
FLOP/s: 1,305.46
FLOP/s per core: 0.08
Max Peak FLOP/s: 16,384.00
Avg. BW GB/s: 50,374.84
Max BW GB/s: 65,536.00

---Traffic---
In-Die bisection_bytes BW (GB/s): 2,048.00
Inter-board traffic (msg/ns): 0.00, per-link: 0.00
Inter-pack traffic (msg/ns): 0.00, per-link: 0.00
Inter-die traffic (msg/ns): 0.00, per-link: 0.00
Ruche traffic (msg/ns): 0.00, per-link: 0.00
All traffic (msg/ns): 64,834.03, per-link: 3.96
Inter-die reduction wrt all: inf
Inter-board reduction wrt inter-die: -nan

---Data Movement---
All traffic (msg): 1,956,561,225
Arith. Intensity FLOP/Loads: 0.22
Arith. Intensity FLOP/Msgs: 0.02
Arith. Intensity OPS/Loads: 2.51
Arith. Intensity OPS/Msgs: 0.23



===Core Utilization Total=== CORE-S:3;; TIME K cy:30 ;; Nodes Proc: 113,132 -- Edges Proc: 1,804,658

===PRINTING FRAME STATS

FCollision In Avg:117, SD:75, Max:401, Min:1
FCollision Out Avg:84, SD:57, Max:262, Min:0
FCollision End Avg:2, SD:11, Max:101, Min:0
FTask1 Avg:15, SD:17, Max:78, Min:0
FTask2 Avg:5, SD:7, Max:72, Min:0
FTask3 Avg:76, SD:20, Max:100, Min:1
FCore Active Avg:97, SD:9, Max:100, Min:29
FRouter Active Avg:86, SD:6, Max:101, Min:60
T1 invocations: 144,547
T2 invocations: 107,753
T3 invocations: 422,444
T3b invocations: 3,733,925
Total3 invocations: 4,156,369
Total4 invocations: 62

T3/T2 ratio: 4
T3b/T3 ratio: 9

T1 avg ex cycles: 43
T2 avg ex cycles: 20
T3&b avg ex cycles: 8
T4 avg ex cycles: 421
Avg. hops NOC1: 31
Avg. latency NOC1 (T2): 12,853
Avg. hops NOC2: 14
Avg. latency NOC2 (T3): 9,403

===PRINTING ACUM STATS at pu_cycles: 40,586

ACollision In Avg:178, SD:60, Max:358, Min:18
ACollision Out Avg:119, SD:41, Max:239, Min:2
ACollision End Avg:2, SD:10, Max:93, Min:0
ATask1 Avg:19, SD:6, Max:35, Min:1
ATask2 Avg:7, SD:5, Max:26, Min:0
ATask3 Avg:65, SD:12, Max:98, Min:20
ACore Active Avg:92, SD:9, Max:100, Min:44
ARouter Active Avg:89, SD:4, Max:99, Min:70
T1 invocations: 2,876,170
T2 invocations: 1,659,467
T3 invocations: 7,968,179
T3b invocations: 48,370,886
Total3 invocations: 56,339,065
Total4 invocations: 83

T3/T2 ratio: 5
T3b/T3 ratio: 6

T1 avg ex cycles: 43
T2 avg ex cycles: 30
T3&b avg ex cycles: 8
T4 avg ex cycles: 404
Avg. hops NOC1: 26
Avg. latency NOC1 (T2): 9,183
Avg. hops NOC2: 21
Avg. latency NOC2 (T3): 7,787
Number of K Nodes Processed: 2,346
Number of K Edges Processed: 38,923
Node Re-explore factor: 0.56
Edge Re-explore factor: 0.30
Nodes/cy: 58
Edges/cy: 959
TEPS: 3,161

---Pcache---
Pcache Size: 16,384
Cached: 0
  PHits: 0
  PMisses: 0
  PHit Rate (hit/miss): -nan%
  PEvictions: 0
  PEviction Rate (evict/misses): -nan%

---Energy---
Leakage Energy (nJ): 51,889
PU Dyn E (nJ): 3,789,838
Mem Dyn E (nJ): 10,676,619
Route Dyn E (nJ): 7,637,444
Dynamic Energy (nJ): 22,103,902
Ratio of Dyn/Leak: 426
Total Energy (nJ): 22,155,791
Total Energy (nJ) 3D: 22,831,774
Cores Energy (nJ): 3,791,645
Route Energy (nJ): 7,638,485
Route Energy (nJ) 3D: 8,314,468
Mem Energy   (nJ): 10,725,660
Mem Energy   (nJ) 3D: 10,725,660
Avg. Power (mW): 545,897.37
Power Density (mW/mm2): 157.72

---Runtime---
Runtime in K cycles: 40.59
Microseconds: 40.59
Time per iteration (ms): 0.04

---Throughput---
GOP/s (aka OPS/ns): 14,941.57
GOP/s per core: 0.91
FLOP/s: 1,388.14
FLOP/s per core: 0.08
Max Peak FLOP/s: 16,384.00
Avg. BW GB/s: 50,327.18
Max BW GB/s: 65,536.00

---Traffic---
In-Die bisection_bytes BW (GB/s): 2,048.00
Inter-board traffic (msg/ns): 0.00, per-link: 0.00
Inter-pack traffic (msg/ns): 0.00, per-link: 0.00
Inter-die traffic (msg/ns): 0.00, per-link: 0.00
Ruche traffic (msg/ns): 0.00, per-link: 0.00
All traffic (msg/ns): 61,386.68, per-link: 3.75
Inter-die reduction wrt all: inf
Inter-board reduction wrt inter-die: -nan

---Data Movement---
All traffic (msg): 2,491,439,869
Arith. Intensity FLOP/Loads: 0.23
Arith. Intensity FLOP/Msgs: 0.02
Arith. Intensity OPS/Loads: 2.50
Arith. Intensity OPS/Msgs: 0.24



===Core Utilization Total=== CORE-S:4;; TIME K cy:40 ;; Nodes Proc: 145,027 -- Edges Proc: 2,019,055

===PRINTING FRAME STATS

FCollision In Avg:44, SD:46, Max:268, Min:1
FCollision Out Avg:33, SD:33, Max:210, Min:0
FCollision End Avg:1, SD:7, Max:100, Min:0
FTask1 Avg:13, SD:17, Max:77, Min:0
FTask2 Avg:6, SD:12, Max:88, Min:0
FTask3 Avg:79, SD:21, Max:100, Min:0
FCore Active Avg:98, SD:6, Max:100, Min:18
FRouter Active Avg:87, SD:7, Max:101, Min:65
T1 invocations: 125,687
T2 invocations: 94,200
T3 invocations: 397,070
T3b invocations: 3,805,106
Total3 invocations: 4,202,176
Total4 invocations: 574

T3/T2 ratio: 4
T3b/T3 ratio: 10

T1 avg ex cycles: 42
T2 avg ex cycles: 26
T3&b avg ex cycles: 8
T4 avg ex cycles: 401
Avg. hops NOC1: 35
Avg. latency NOC1 (T2): 10,020
Avg. hops NOC2: 14
Avg. latency NOC2 (T3): 5,992

===PRINTING ACUM STATS at pu_cycles: 51,069

ACollision In Avg:151, SD:52, Max:330, Min:16
ACollision Out Avg:102, SD:35, Max:210, Min:1
ACollision End Avg:2, SD:9, Max:93, Min:0
ATask1 Avg:18, SD:3, Max:30, Min:1
ATask2 Avg:7, SD:5, Max:31, Min:0
ATask3 Avg:68, SD:9, Max:97, Min:24
ACore Active Avg:93, SD:8, Max:100, Min:50
ARouter Active Avg:88, SD:4, Max:98, Min:69
T1 invocations: 3,321,977
T2 invocations: 2,024,783
T3 invocations: 9,740,573
T3b invocations: 63,880,674
Total3 invocations: 73,621,247
Total4 invocations: 1,300

T3/T2 ratio: 5
T3b/T3 ratio: 7

T1 avg ex cycles: 43
T2 avg ex cycles: 29
T3&b avg ex cycles: 8
T4 avg ex cycles: 427
Avg. hops NOC1: 25
Avg. latency NOC1 (T2): 10,140
Avg. hops NOC2: 19
Avg. latency NOC2 (T3): 7,429
Number of K Nodes Processed: 2,908
Number of K Edges Processed: 45,770
Node Re-explore factor: 0.69
Edge Re-explore factor: 0.36
Nodes/cy: 57
Edges/cy: 896
TEPS: 2,512

---Pcache---
Pcache Size: 16,384
Cached: 0
  PHits: 0
  PMisses: 0
  PHit Rate (hit/miss): -nan%
  PEvictions: 0
  PEviction Rate (evict/misses): -nan%

---Energy---
Leakage Energy (nJ): 65,291
PU Dyn E (nJ): 4,834,018
Mem Dyn E (nJ): 13,460,097
Route Dyn E (nJ): 9,125,271
Dynamic Energy (nJ): 27,419,387
Ratio of Dyn/Leak: 420
Total Energy (nJ): 27,484,678
Total Energy (nJ) 3D: 28,292,347
Cores Energy (nJ): 4,836,293
Route Energy (nJ): 9,126,580
Route Energy (nJ) 3D: 9,934,250
Mem Energy   (nJ): 13,521,805
Mem Energy   (nJ) 3D: 13,521,805
Avg. Power (mW): 538,187.12
Power Density (mW/mm2): 155.49

---Runtime---
Runtime in K cycles: 51.07
Microseconds: 51.07
Time per iteration (ms): 0.05

---Throughput---
GOP/s (aka OPS/ns): 15,008.35
GOP/s per core: 0.92
FLOP/s: 1,441.60
FLOP/s per core: 0.09
Max Peak FLOP/s: 16,384.00
Avg. BW GB/s: 50,437.80
Max BW GB/s: 65,536.00

---Traffic---
In-Die bisection_bytes BW (GB/s): 2,048.00
Inter-board traffic (msg/ns): 0.00, per-link: 0.00
Inter-pack traffic (msg/ns): 0.00, per-link: 0.00
Inter-die traffic (msg/ns): 0.00, per-link: 0.00
Ruche traffic (msg/ns): 0.00, per-link: 0.00
All traffic (msg/ns): 58,539.02, per-link: 3.57
Inter-die reduction wrt all: inf
Inter-board reduction wrt inter-die: -nan

---Data Movement---
All traffic (msg): 2,989,529,351
Arith. Intensity FLOP/Loads: 0.24
Arith. Intensity FLOP/Msgs: 0.02
Arith. Intensity OPS/Loads: 2.49
Arith. Intensity OPS/Msgs: 0.26



===Core Utilization Total=== CORE-S:5;; TIME K cy:50 ;; Nodes Proc: 178,642 -- Edges Proc: 2,518,542

===PRINTING FRAME STATS

FCollision In Avg:28, SD:39, Max:207, Min:1
FCollision Out Avg:32, SD:40, Max:331, Min:0
FCollision End Avg:2, SD:8, Max:101, Min:0
FTask1 Avg:4, SD:9, Max:70, Min:0
FTask2 Avg:6, SD:14, Max:81, Min:0
FTask3 Avg:88, SD:17, Max:100, Min:4
FCore Active Avg:98, SD:5, Max:100, Min:51
FRouter Active Avg:91, SD:6, Max:101, Min:69
T1 invocations: 43,493
T2 invocations: 53,483
T3 invocations: 425,905
T3b invocations: 4,088,505
Total3 invocations: 4,514,410
Total4 invocations: 505

T3/T2 ratio: 8
T3b/T3 ratio: 10

T1 avg ex cycles: 41
T2 avg ex cycles: 46
T3&b avg ex cycles: 8
T4 avg ex cycles: 441
Avg. hops NOC1: 39
Avg. latency NOC1 (T2): 6,815
Avg. hops NOC2: 15
Avg. latency NOC2 (T3): 4,060

===PRINTING ACUM STATS at pu_cycles: 60,993

ACollision In Avg:130, SD:45, Max:294, Min:14
ACollision Out Avg:90, SD:30, Max:182, Min:1
ACollision End Avg:2, SD:7, Max:88, Min:0
ATask1 Avg:16, SD:3, Max:28, Min:1
ATask2 Avg:7, SD:5, Max:31, Min:0
ATask3 Avg:71, SD:8, Max:94, Min:32
ACore Active Avg:94, SD:6, Max:100, Min:58
ARouter Active Avg:89, SD:4, Max:98, Min:71
T1 invocations: 3,604,941
T2 invocations: 2,315,590
T3 invocations: 11,476,926
T3b invocations: 79,657,445
Total3 invocations: 91,134,371
Total4 invocations: 2,944

T3/T2 ratio: 5
T3b/T3 ratio: 7

T1 avg ex cycles: 43
T2 avg ex cycles: 30
T3&b avg ex cycles: 8
T4 avg ex cycles: 462
Avg. hops NOC1: 25
Avg. latency NOC1 (T2): 10,185
Avg. hops NOC2: 18
Avg. latency NOC2 (T3): 6,848
Number of K Nodes Processed: 3,608
Number of K Edges Processed: 53,820
Node Re-explore factor: 0.86
Edge Re-explore factor: 0.42
Nodes/cy: 59
Edges/cy: 882
TEPS: 2,104

---Pcache---
Pcache Size: 16,384
Cached: 0
  PHits: 0
  PMisses: 0
  PHit Rate (hit/miss): -nan%
  PEvictions: 0
  PEviction Rate (evict/misses): -nan%

---Energy---
Leakage Energy (nJ): 77,979
PU Dyn E (nJ): 5,885,520
Mem Dyn E (nJ): 16,410,898
Route Dyn E (nJ): 10,791,249
Dynamic Energy (nJ): 33,087,669
Ratio of Dyn/Leak: 424
Total Energy (nJ): 33,165,648
Total Energy (nJ) 3D: 34,120,771
Cores Energy (nJ): 5,888,237
Route Energy (nJ): 10,792,813
Route Energy (nJ) 3D: 11,747,937
Mem Energy   (nJ): 16,484,598
Mem Energy   (nJ) 3D: 16,484,598
Avg. Power (mW): 543,761.54
Power Density (mW/mm2): 157.10

---Runtime---
Runtime in K cycles: 60.99
Microseconds: 60.99
Time per iteration (ms): 0.06

---Throughput---
GOP/s (aka OPS/ns): 15,201.54
GOP/s per core: 0.93
FLOP/s: 1,494.18
FLOP/s per core: 0.09
Max Peak FLOP/s: 16,384.00
Avg. BW GB/s: 51,480.77
Max BW GB/s: 65,536.00

---Traffic---
In-Die bisection_bytes BW (GB/s): 2,048.00
Inter-board traffic (msg/ns): 0.00, per-link: 0.00
Inter-pack traffic (msg/ns): 0.00, per-link: 0.00
Inter-die traffic (msg/ns): 0.00, per-link: 0.00
Ruche traffic (msg/ns): 0.00, per-link: 0.00
All traffic (msg/ns): 58,092.38, per-link: 3.55
Inter-die reduction wrt all: inf
Inter-board reduction wrt inter-die: -nan

---Data Movement---
All traffic (msg): 3,543,228,483
Arith. Intensity FLOP/Loads: 0.24
Arith. Intensity FLOP/Msgs: 0.03
Arith. Intensity OPS/Loads: 2.48
Arith. Intensity OPS/Msgs: 0.26



===Core Utilization Total=== CORE-S:6;; TIME K cy:60 ;; Nodes Proc: 220,364 -- Edges Proc: 3,066,159

===PRINTING FRAME STATS

FCollision In Avg:30, SD:39, Max:216, Min:1
FCollision Out Avg:37, SD:43, Max:263, Min:0
FCollision End Avg:2, SD:9, Max:101, Min:0
FTask1 Avg:3, SD:7, Max:62, Min:0
FTask2 Avg:6, SD:14, Max:77, Min:0
FTask3 Avg:88, SD:16, Max:100, Min:6
FCore Active Avg:97, SD:8, Max:100, Min:14
FRouter Active Avg:91, SD:6, Max:101, Min:70
T1 invocations: 28,891
T2 invocations: 47,674
T3 invocations: 430,729
T3b invocations: 4,052,766
Total3 invocations: 4,483,495
Total4 invocations: 510

T3/T2 ratio: 9
T3b/T3 ratio: 9

T1 avg ex cycles: 39
T2 avg ex cycles: 52
T3&b avg ex cycles: 8
T4 avg ex cycles: 486
Avg. hops NOC1: 37
Avg. latency NOC1 (T2): 6,483
Avg. hops NOC2: 16
Avg. latency NOC2 (T3): 3,649

===PRINTING ACUM STATS at pu_cycles: 71,062

ACollision In Avg:116, SD:40, Max:266, Min:12
ACollision Out Avg:83, SD:27, Max:162, Min:1
ACollision End Avg:2, SD:7, Max:75, Min:0
ATask1 Avg:14, SD:2, Max:26, Min:1
ATask2 Avg:7, SD:5, Max:36, Min:0
ATask3 Avg:74, SD:7, Max:94, Min:42
ACore Active Avg:94, SD:6, Max:100, Min:64
ARouter Active Avg:89, SD:4, Max:99, Min:72
T1 invocations: 3,723,548
T2 invocations: 2,517,401
T3 invocations: 13,264,526
T3b invocations: 95,992,560
Total3 invocations: 109,257,086
Total4 invocations: 4,471

T3/T2 ratio: 5
T3b/T3 ratio: 7

T1 avg ex cycles: 42
T2 avg ex cycles: 31
T3&b avg ex cycles: 8
T4 avg ex cycles: 479
Avg. hops NOC1: 25
Avg. latency NOC1 (T2): 9,897
Avg. hops NOC2: 18
Avg. latency NOC2 (T3): 6,371
Number of K Nodes Processed: 4,430
Number of K Edges Processed: 62,048
Node Re-explore factor: 1.06
Edge Re-explore factor: 0.48
Nodes/cy: 62
Edges/cy: 873
TEPS: 1,806

---Pcache---
Pcache Size: 16,384
Cached: 0
  PHits: 0
  PMisses: 0
  PHit Rate (hit/miss): -nan%
  PEvictions: 0
  PEviction Rate (evict/misses): -nan%

---Energy---
Leakage Energy (nJ): 90,852
PU Dyn E (nJ): 6,945,234
Mem Dyn E (nJ): 19,444,371
Route Dyn E (nJ): 12,539,787
Dynamic Energy (nJ): 38,929,391
Ratio of Dyn/Leak: 428
Total Energy (nJ): 39,020,243
Total Energy (nJ) 3D: 40,130,129
Cores Energy (nJ): 6,948,398
Route Energy (nJ): 12,541,609
Route Energy (nJ) 3D: 13,651,494
Mem Energy   (nJ): 19,530,236
Mem Energy   (nJ) 3D: 19,530,236
Avg. Power (mW): 549,101.38
Power Density (mW/mm2): 158.64

---Runtime---
Runtime in K cycles: 71.06
Microseconds: 71.06
Time per iteration (ms): 0.07

---Throughput---
GOP/s (aka OPS/ns): 15,300.40
GOP/s per core: 0.93
FLOP/s: 1,537.49
FLOP/s per core: 0.09
Max Peak FLOP/s: 16,384.00
Avg. BW GB/s: 52,341.76
Max BW GB/s: 65,536.00

---Traffic---
In-Die bisection_bytes BW (GB/s): 2,048.00
Inter-board traffic (msg/ns): 0.00, per-link: 0.00
Inter-pack traffic (msg/ns): 0.00, per-link: 0.00
Inter-die traffic (msg/ns): 0.00, per-link: 0.00
Ruche traffic (msg/ns): 0.00, per-link: 0.00
All traffic (msg/ns): 58,027.35, per-link: 3.54
Inter-die reduction wrt all: inf
Inter-board reduction wrt inter-die: -nan

---Data Movement---
All traffic (msg): 4,123,539,762
Arith. Intensity FLOP/Loads: 0.25
Arith. Intensity FLOP/Msgs: 0.03
Arith. Intensity OPS/Loads: 2.46
Arith. Intensity OPS/Msgs: 0.26



===Core Utilization Total=== CORE-S:7;; TIME K cy:70 ;; Nodes Proc: 272,236 -- Edges Proc: 3,580,416

===PRINTING FRAME STATS

FCollision In Avg:35, SD:43, Max:206, Min:1
FCollision Out Avg:42, SD:43, Max:234, Min:0
FCollision End Avg:2, SD:10, Max:101, Min:0
FTask1 Avg:3, SD:7, Max:55, Min:0
FTask2 Avg:6, SD:14, Max:74, Min:0
FTask3 Avg:87, SD:16, Max:100, Min:20
FCore Active Avg:97, SD:8, Max:100, Min:34
FRouter Active Avg:91, SD:6, Max:101, Min:70
T1 invocations: 32,795
T2 invocations: 48,362
T3 invocations: 416,737
T3b invocations: 4,089,145
Total3 invocations: 4,505,882
Total4 invocations: 652

T3/T2 ratio: 9
T3b/T3 ratio: 10

T1 avg ex cycles: 37
T2 avg ex cycles: 52
T3&b avg ex cycles: 8
T4 avg ex cycles: 458
Avg. hops NOC1: 34
Avg. latency NOC1 (T2): 7,460
Avg. hops NOC2: 15
Avg. latency NOC2 (T3): 3,830

===PRINTING ACUM STATS at pu_cycles: 80,942

ACollision In Avg:106, SD:36, Max:235, Min:11
ACollision Out Avg:78, SD:25, Max:163, Min:1
ACollision End Avg:2, SD:6, Max:75, Min:0
ATask1 Avg:13, SD:2, Max:25, Min:1
ATask2 Avg:7, SD:5, Max:34, Min:0
ATask3 Avg:75, SD:7, Max:94, Min:43
ACore Active Avg:95, SD:5, Max:100, Min:69
ARouter Active Avg:89, SD:4, Max:99, Min:73
T1 invocations: 3,832,427
T2 invocations: 2,716,795
T3 invocations: 15,011,920
T3b invocations: 112,497,263
Total3 invocations: 127,509,183
Total4 invocations: 6,387

T3/T2 ratio: 6
T3b/T3 ratio: 7

T1 avg ex cycles: 42
T2 avg ex cycles: 33
T3&b avg ex cycles: 8
T4 avg ex cycles: 486
Avg. hops NOC1: 25
Avg. latency NOC1 (T2): 9,607
Avg. hops NOC2: 18
Avg. latency NOC2 (T3): 6,045
Number of K Nodes Processed: 5,197
Number of K Edges Processed: 70,452
Node Re-explore factor: 1.24
Edge Re-explore factor: 0.55
Nodes/cy: 64
Edges/cy: 870
TEPS: 1,585

---Pcache---
Pcache Size: 16,384
Cached: 0
  PHits: 0
  PMisses: 0
  PHit Rate (hit/miss): -nan%
  PEvictions: 0
  PEviction Rate (evict/misses): -nan%

---Energy---
Leakage Energy (nJ): 103,483
PU Dyn E (nJ): 8,003,265
Mem Dyn E (nJ): 22,482,394
Route Dyn E (nJ): 14,268,585
Dynamic Energy (nJ): 44,754,244
Ratio of Dyn/Leak: 432
Total Energy (nJ): 44,857,727
Total Energy (nJ) 3D: 46,120,627
Cores Energy (nJ): 8,006,870
Route Energy (nJ): 14,270,661
Route Energy (nJ) 3D: 15,533,560
Mem Energy   (nJ): 22,580,197
Mem Energy   (nJ) 3D: 22,580,197
Avg. Power (mW): 554,195.93
Power Density (mW/mm2): 160.12

---Runtime---
Runtime in K cycles: 80.94
Microseconds: 80.94
Time per iteration (ms): 0.08

---Throughput---
GOP/s (aka OPS/ns): 15,399.67
GOP/s per core: 0.94
FLOP/s: 1,575.32
FLOP/s per core: 0.10
Max Peak FLOP/s: 16,384.00
Avg. BW GB/s: 53,125.35
Max BW GB/s: 65,536.00

---Traffic---
In-Die bisection_bytes BW (GB/s): 2,048.00
Inter-board traffic (msg/ns): 0.00, per-link: 0.00
Inter-pack traffic (msg/ns): 0.00, per-link: 0.00
Inter-die traffic (msg/ns): 0.00, per-link: 0.00
Ruche traffic (msg/ns): 0.00, per-link: 0.00
All traffic (msg/ns): 58,041.16, per-link: 3.54
Inter-die reduction wrt all: inf
Inter-board reduction wrt inter-die: -nan

---Data Movement---
All traffic (msg): 4,697,967,526
Arith. Intensity FLOP/Loads: 0.25
Arith. Intensity FLOP/Msgs: 0.03
Arith. Intensity OPS/Loads: 2.45
Arith. Intensity OPS/Msgs: 0.27



===Core Utilization Total=== CORE-S:8;; TIME K cy:80 ;; Nodes Proc: 321,032 -- Edges Proc: 4,000,249

===PRINTING FRAME STATS

FCollision In Avg:37, SD:45, Max:225, Min:1
FCollision Out Avg:44, SD:45, Max:215, Min:0
FCollision End Avg:2, SD:10, Max:101, Min:0
FTask1 Avg:3, SD:7, Max:46, Min:0
FTask2 Avg:7, SD:14, Max:86, Min:0
FTask3 Avg:86, SD:16, Max:100, Min:9
FCore Active Avg:96, SD:8, Max:100, Min:56
FRouter Active Avg:90, SD:7, Max:101, Min:64
T1 invocations: 33,415
T2 invocations: 55,147
T3 invocations: 378,393
T3b invocations: 4,228,097
Total3 invocations: 4,606,490
Total4 invocations: 770

T3/T2 ratio: 7
T3b/T3 ratio: 11

T1 avg ex cycles: 36
T2 avg ex cycles: 50
T3&b avg ex cycles: 8
T4 avg ex cycles: 413
Avg. hops NOC1: 31
Avg. latency NOC1 (T2): 7,407
Avg. hops NOC2: 15
Avg. latency NOC2 (T3): 3,756

===PRINTING ACUM STATS at pu_cycles: 91,067

ACollision In Avg:98, SD:34, Max:219, Min:10
ACollision Out Avg:74, SD:24, Max:164, Min:1
ACollision End Avg:2, SD:6, Max:77, Min:0
ATask1 Avg:11, SD:2, Max:23, Min:1
ATask2 Avg:7, SD:5, Max:35, Min:0
ATask3 Avg:76, SD:7, Max:94, Min:44
ACore Active Avg:95, SD:5, Max:100, Min:72
ARouter Active Avg:89, SD:4, Max:99, Min:72
T1 invocations: 3,962,719
T2 invocations: 2,941,068
T3 invocations: 16,598,191
T3b invocations: 129,538,851
Total3 invocations: 146,137,042
Total4 invocations: 9,081

T3/T2 ratio: 6
T3b/T3 ratio: 8

T1 avg ex cycles: 42
T2 avg ex cycles: 34
T3&b avg ex cycles: 8
T4 avg ex cycles: 480
Avg. hops NOC1: 25
Avg. latency NOC1 (T2): 9,307
Avg. hops NOC2: 17
Avg. latency NOC2 (T3): 5,786
Number of K Nodes Processed: 5,836
Number of K Edges Processed: 79,850
Node Re-explore factor: 1.39
Edge Re-explore factor: 0.62
Nodes/cy: 64
Edges/cy: 877
TEPS: 1,409

---Pcache---
Pcache Size: 16,384
Cached: 0
  PHits: 0
  PMisses: 0
  PHit Rate (hit/miss): -nan%
  PEvictions: 0
  PEviction Rate (evict/misses): -nan%

---Energy---
Leakage Energy (nJ): 116,428
PU Dyn E (nJ): 9,069,646
Mem Dyn E (nJ): 25,551,491
Route Dyn E (nJ): 15,951,565
Dynamic Energy (nJ): 50,572,702
Ratio of Dyn/Leak: 434
Total Energy (nJ): 50,689,130
Total Energy (nJ) 3D: 52,100,989
Cores Energy (nJ): 9,073,701
Route Energy (nJ): 15,953,900
Route Energy (nJ) 3D: 17,365,758
Mem Energy   (nJ): 25,661,529
Mem Energy   (nJ) 3D: 25,661,529
Avg. Power (mW): 556,613.59
Power Density (mW/mm2): 160.81

---Runtime---
Runtime in K cycles: 91.07
Microseconds: 91.07
Time per iteration (ms): 0.09

---Throughput---
GOP/s (aka OPS/ns): 15,439.32
GOP/s per core: 0.94
FLOP/s: 1,604.72
FLOP/s per core: 0.10
Max Peak FLOP/s: 16,384.00
Avg. BW GB/s: 53,663.26
Max BW GB/s: 65,536.00

---Traffic---
In-Die bisection_bytes BW (GB/s): 2,048.00
Inter-board traffic (msg/ns): 0.00, per-link: 0.00
Inter-pack traffic (msg/ns): 0.00, per-link: 0.00
Inter-die traffic (msg/ns): 0.00, per-link: 0.00
Ruche traffic (msg/ns): 0.00, per-link: 0.00
All traffic (msg/ns): 57,748.48, per-link: 3.52
Inter-die reduction wrt all: inf
Inter-board reduction wrt inter-die: -nan

---Data Movement---
All traffic (msg): 5,258,980,563
Arith. Intensity FLOP/Loads: 0.25
Arith. Intensity FLOP/Msgs: 0.03
Arith. Intensity OPS/Loads: 2.43
Arith. Intensity OPS/Msgs: 0.27



===Core Utilization Total=== CORE-S:9;; TIME K cy:90 ;; Nodes Proc: 361,101 -- Edges Proc: 4,491,411

===PRINTING FRAME STATS

FCollision In Avg:41, SD:48, Max:254, Min:1
FCollision Out Avg:49, SD:46, Max:232, Min:0
FCollision End Avg:3, SD:11, Max:138, Min:0
FTask1 Avg:4, SD:8, Max:49, Min:0
FTask2 Avg:7, SD:14, Max:76, Min:0
FTask3 Avg:82, SD:16, Max:100, Min:6
FCore Active Avg:94, SD:10, Max:100, Min:30
FRouter Active Avg:88, SD:7, Max:101, Min:61
T1 invocations: 43,469
T2 invocations: 60,591
T3 invocations: 318,547
T3b invocations: 4,213,834
Total3 invocations: 4,532,381
Total4 invocations: 1,234

T3/T2 ratio: 5
T3b/T3 ratio: 13

T1 avg ex cycles: 36
T2 avg ex cycles: 47
T3&b avg ex cycles: 7
T4 avg ex cycles: 329
Avg. hops NOC1: 32
Avg. latency NOC1 (T2): 6,821
Avg. hops NOC2: 14
Avg. latency NOC2 (T3): 3,519

===PRINTING ACUM STATS at pu_cycles: 101,084

ACollision In Avg:92, SD:32, Max:210, Min:9
ACollision Out Avg:71, SD:24, Max:169, Min:1
ACollision End Avg:2, SD:6, Max:80, Min:0
ATask1 Avg:11, SD:2, Max:23, Min:1
ATask2 Avg:7, SD:5, Max:35, Min:0
ATask3 Avg:77, SD:6, Max:95, Min:48
ACore Active Avg:95, SD:5, Max:100, Min:73
ARouter Active Avg:89, SD:4, Max:98, Min:71
T1 invocations: 4,129,756
T2 invocations: 3,205,938
T3 invocations: 17,939,961
T3b invocations: 146,802,791
Total3 invocations: 164,742,752
Total4 invocations: 13,347

T3/T2 ratio: 6
T3b/T3 ratio: 8

T1 avg ex cycles: 42
T2 avg ex cycles: 35
T3&b avg ex cycles: 8
T4 avg ex cycles: 446
Avg. hops NOC1: 25
Avg. latency NOC1 (T2): 8,982
Avg. hops NOC2: 17
Avg. latency NOC2 (T3): 5,556
Number of K Nodes Processed: 6,333
Number of K Edges Processed: 90,155
Node Re-explore factor: 1.51
Edge Re-explore factor: 0.70
Nodes/cy: 63
Edges/cy: 892
TEPS: 1,269

---Pcache---
Pcache Size: 16,384
Cached: 0
  PHits: 0
  PMisses: 0
  PHit Rate (hit/miss): -nan%
  PEvictions: 0
  PEviction Rate (evict/misses): -nan%

---Energy---
Leakage Energy (nJ): 129,234
PU Dyn E (nJ): 10,127,354
Mem Dyn E (nJ): 28,619,261
Route Dyn E (nJ): 17,568,688
Dynamic Energy (nJ): 56,315,304
Ratio of Dyn/Leak: 436
Total Energy (nJ): 56,444,538
Total Energy (nJ) 3D: 57,999,527
Cores Energy (nJ): 10,131,856
Route Energy (nJ): 17,571,280
Route Energy (nJ) 3D: 19,126,269
Mem Energy   (nJ): 28,741,403
Mem Energy   (nJ) 3D: 28,741,403
Avg. Power (mW): 558,392.41
Power Density (mW/mm2): 161.33

---Runtime---
Runtime in K cycles: 101.08
Microseconds: 101.08
Time per iteration (ms): 0.10

---Throughput---
GOP/s (aka OPS/ns): 15,469.62
GOP/s per core: 0.94
FLOP/s: 1,629.76
FLOP/s per core: 0.10
Max Peak FLOP/s: 16,384.00
Avg. BW GB/s: 54,152.15
Max BW GB/s: 65,536.00

---Traffic---
In-Die bisection_bytes BW (GB/s): 2,048.00
Inter-board traffic (msg/ns): 0.00, per-link: 0.00
Inter-pack traffic (msg/ns): 0.00, per-link: 0.00
Inter-die traffic (msg/ns): 0.00, per-link: 0.00
Ruche traffic (msg/ns): 0.00, per-link: 0.00
All traffic (msg/ns): 57,374.09, per-link: 3.50
Inter-die reduction wrt all: inf
Inter-board reduction wrt inter-die: -nan

---Data Movement---
All traffic (msg): 5,799,602,481
Arith. Intensity FLOP/Loads: 0.25
Arith. Intensity FLOP/Msgs: 0.03
Arith. Intensity OPS/Loads: 2.41
Arith. Intensity OPS/Msgs: 0.27



===Core Utilization Total=== CORE-S:10;; TIME K cy:100 ;; Nodes Proc: 391,964 -- Edges Proc: 5,064,989

===PRINTING FRAME STATS

FCollision In Avg:46, SD:48, Max:258, Min:1
FCollision Out Avg:52, SD:42, Max:201, Min:0
FCollision End Avg:2, SD:11, Max:101, Min:0
FTask1 Avg:3, SD:7, Max:57, Min:0
FTask2 Avg:8, SD:14, Max:78, Min:0
FTask3 Avg:84, SD:16, Max:100, Min:2
FCore Active Avg:96, SD:8, Max:100, Min:57
FRouter Active Avg:90, SD:7, Max:101, Min:64
T1 invocations: 38,136
T2 invocations: 69,097
T3 invocations: 331,851
T3b invocations: 4,223,161
Total3 invocations: 4,555,012
Total4 invocations: 980

T3/T2 ratio: 5
T3b/T3 ratio: 13

T1 avg ex cycles: 37
T2 avg ex cycles: 46
T3&b avg ex cycles: 8
T4 avg ex cycles: 301
Avg. hops NOC1: 32
Avg. latency NOC1 (T2): 8,125
Avg. hops NOC2: 15
Avg. latency NOC2 (T3): 3,061

===PRINTING ACUM STATS at pu_cycles: 111,095

ACollision In Avg:88, SD:32, Max:209, Min:8
ACollision Out Avg:69, SD:24, Max:168, Min:1
ACollision End Avg:2, SD:6, Max:81, Min:0
ATask1 Avg:10, SD:2, Max:22, Min:1
ATask2 Avg:7, SD:5, Max:35, Min:0
ATask3 Avg:78, SD:6, Max:95, Min:49
ACore Active Avg:95, SD:5, Max:100, Min:75
ARouter Active Avg:89, SD:4, Max:98, Min:71
T1 invocations: 4,283,505
T2 invocations: 3,492,638
T3 invocations: 19,230,992
T3b invocations: 164,235,328
Total3 invocations: 183,466,320
Total4 invocations: 16,575

T3/T2 ratio: 6
T3b/T3 ratio: 9

T1 avg ex cycles: 42
T2 avg ex cycles: 36
T3&b avg ex cycles: 8
T4 avg ex cycles: 432
Avg. hops NOC1: 25
Avg. latency NOC1 (T2): 8,752
Avg. hops NOC2: 17
Avg. latency NOC2 (T3): 5,340
Number of K Nodes Processed: 6,856
Number of K Edges Processed: 101,182
Node Re-explore factor: 1.63
Edge Re-explore factor: 0.79
Nodes/cy: 62
Edges/cy: 911
TEPS: 1,155

---Pcache---
Pcache Size: 16,384
Cached: 0
  PHits: 0
  PMisses: 0
  PHit Rate (hit/miss): -nan%
  PEvictions: 0
  PEviction Rate (evict/misses): -nan%

---Energy---
Leakage Energy (nJ): 142,033
PU Dyn E (nJ): 11,193,964
Mem Dyn E (nJ): 31,760,416
Route Dyn E (nJ): 19,266,993
Dynamic Energy (nJ): 62,221,374
Ratio of Dyn/Leak: 438
Total Energy (nJ): 62,363,407
Total Energy (nJ) 3D: 64,068,711
Cores Energy (nJ): 11,198,912
Route Energy (nJ): 19,269,841
Route Energy (nJ) 3D: 20,975,145
Mem Energy   (nJ): 31,894,655
Mem Energy   (nJ) 3D: 31,894,655
Avg. Power (mW): 561,352.06
Power Density (mW/mm2): 162.18

---Runtime---
Runtime in K cycles: 111.09
Microseconds: 111.09
Time per iteration (ms): 0.11

---Throughput---
GOP/s (aka OPS/ns): 15,508.63
GOP/s per core: 0.95
FLOP/s: 1,651.44
FLOP/s per core: 0.10
Max Peak FLOP/s: 16,384.00
Avg. BW GB/s: 54,680.43
Max BW GB/s: 65,536.00

---Traffic---
In-Die bisection_bytes BW (GB/s): 2,048.00
Inter-board traffic (msg/ns): 0.00, per-link: 0.00
Inter-pack traffic (msg/ns): 0.00, per-link: 0.00
Inter-die traffic (msg/ns): 0.00, per-link: 0.00
Ruche traffic (msg/ns): 0.00, per-link: 0.00
All traffic (msg/ns): 57,300.12, per-link: 3.50
Inter-die reduction wrt all: inf
Inter-board reduction wrt inter-die: -nan

---Data Movement---
All traffic (msg): 6,365,757,339
Arith. Intensity FLOP/Loads: 0.26
Arith. Intensity FLOP/Msgs: 0.03
Arith. Intensity OPS/Loads: 2.40
Arith. Intensity OPS/Msgs: 0.27



===Core Utilization Total=== CORE-S:11;; TIME K cy:110 ;; Nodes Proc: 425,084 -- Edges Proc: 5,688,389

===PRINTING FRAME STATS

FCollision In Avg:46, SD:47, Max:274, Min:1
FCollision Out Avg:49, SD:42, Max:225, Min:0
FCollision End Avg:3, SD:11, Max:101, Min:0
FTask1 Avg:3, SD:7, Max:46, Min:0
FTask2 Avg:8, SD:14, Max:78, Min:0
FTask3 Avg:85, SD:15, Max:100, Min:16
FCore Active Avg:97, SD:6, Max:100, Min:65
FRouter Active Avg:91, SD:6, Max:101, Min:66
T1 invocations: 34,718
T2 invocations: 66,192
T3 invocations: 344,974
T3b invocations: 4,276,273
Total3 invocations: 4,621,247
Total4 invocations: 838

T3/T2 ratio: 5
T3b/T3 ratio: 12

T1 avg ex cycles: 36
T2 avg ex cycles: 47
T3&b avg ex cycles: 8
T4 avg ex cycles: 374
Avg. hops NOC1: 31
Avg. latency NOC1 (T2): 8,609
Avg. hops NOC2: 15
Avg. latency NOC2 (T3): 3,266

===PRINTING ACUM STATS at pu_cycles: 121,057

ACollision In Avg:85, SD:31, Max:209, Min:8
ACollision Out Avg:68, SD:24, Max:173, Min:1
ACollision End Avg:2, SD:5, Max:83, Min:0
ATask1 Avg:9, SD:2, Max:21, Min:1
ATask2 Avg:7, SD:5, Max:34, Min:0
ATask3 Avg:78, SD:6, Max:95, Min:51
ACore Active Avg:95, SD:5, Max:100, Min:77
ARouter Active Avg:89, SD:4, Max:98, Min:71
T1 invocations: 4,430,621
T2 invocations: 3,764,835
T3 invocations: 20,599,136
T3b invocations: 181,592,436
Total3 invocations: 202,191,572
Total4 invocations: 19,516

T3/T2 ratio: 5
T3b/T3 ratio: 9

T1 avg ex cycles: 41
T2 avg ex cycles: 37
T3&b avg ex cycles: 8
T4 avg ex cycles: 431
Avg. hops NOC1: 25
Avg. latency NOC1 (T2): 8,596
Avg. hops NOC2: 16
Avg. latency NOC2 (T3): 5,169
Number of K Nodes Processed: 7,398
Number of K Edges Processed: 111,712
Node Re-explore factor: 1.76
Edge Re-explore factor: 0.87
Nodes/cy: 61
Edges/cy: 923
TEPS: 1,060

---Pcache---
Pcache Size: 16,384
Cached: 0
  PHits: 0
  PMisses: 0
  PHit Rate (hit/miss): -nan%
  PEvictions: 0
  PEviction Rate (evict/misses): -nan%

---Energy---
Leakage Energy (nJ): 154,769
PU Dyn E (nJ): 12,263,365
Mem Dyn E (nJ): 34,890,934
Route Dyn E (nJ): 20,982,025
Dynamic Energy (nJ): 68,136,325
Ratio of Dyn/Leak: 440
Total Energy (nJ): 68,291,094
Total Energy (nJ) 3D: 70,148,193
Cores Energy (nJ): 12,268,756
Route Energy (nJ): 20,985,129
Route Energy (nJ) 3D: 22,842,229
Mem Energy   (nJ): 35,037,210
Mem Energy   (nJ) 3D: 35,037,210
Avg. Power (mW): 564,123.47
Power Density (mW/mm2): 162.98

---Runtime---
Runtime in K cycles: 121.06
Microseconds: 121.06
Time per iteration (ms): 0.12

---Throughput---
GOP/s (aka OPS/ns): 15,552.48
GOP/s per core: 0.95
FLOP/s: 1,670.22
FLOP/s per core: 0.10
Max Peak FLOP/s: 16,384.00
Avg. BW GB/s: 55,126.10
Max BW GB/s: 65,536.00

---Traffic---
In-Die bisection_bytes BW (GB/s): 2,048.00
Inter-board traffic (msg/ns): 0.00, per-link: 0.00
Inter-pack traffic (msg/ns): 0.00, per-link: 0.00
Inter-die traffic (msg/ns): 0.00, per-link: 0.00
Ruche traffic (msg/ns): 0.00, per-link: 0.00
All traffic (msg/ns): 57,304.17, per-link: 3.50
Inter-die reduction wrt all: inf
Inter-board reduction wrt inter-die: -nan

---Data Movement---
All traffic (msg): 6,937,071,105
Arith. Intensity FLOP/Loads: 0.26
Arith. Intensity FLOP/Msgs: 0.03
Arith. Intensity OPS/Loads: 2.38
Arith. Intensity OPS/Msgs: 0.27



===Core Utilization Total=== CORE-S:12;; TIME K cy:120 ;; Nodes Proc: 458,886 -- Edges Proc: 6,287,731

===PRINTING FRAME STATS

FCollision In Avg:47, SD:49, Max:225, Min:1
FCollision Out Avg:49, SD:41, Max:199, Min:0
FCollision End Avg:2, SD:11, Max:101, Min:0
FTask1 Avg:3, SD:7, Max:57, Min:0
FTask2 Avg:8, SD:14, Max:77, Min:0
FTask3 Avg:83, SD:16, Max:100, Min:4
FCore Active Avg:95, SD:9, Max:100, Min:54
FRouter Active Avg:90, SD:8, Max:101, Min:60
T1 invocations: 39,389
T2 invocations: 70,353
T3 invocations: 311,661
T3b invocations: 4,268,763
Total3 invocations: 4,580,424
Total4 invocations: 1,292

T3/T2 ratio: 4
T3b/T3 ratio: 14

T1 avg ex cycles: 35
T2 avg ex cycles: 46
T3&b avg ex cycles: 7
T4 avg ex cycles: 261
Avg. hops NOC1: 34
Avg. latency NOC1 (T2): 8,077
Avg. hops NOC2: 15
Avg. latency NOC2 (T3): 3,447

===PRINTING ACUM STATS at pu_cycles: 131,021

ACollision In Avg:82, SD:31, Max:208, Min:8
ACollision Out Avg:66, SD:24, Max:168, Min:1
ACollision End Avg:2, SD:5, Max:84, Min:0
ATask1 Avg:9, SD:2, Max:20, Min:1
ATask2 Avg:7, SD:5, Max:33, Min:0
ATask3 Avg:79, SD:6, Max:96, Min:53
ACore Active Avg:95, SD:4, Max:100, Min:79
ARouter Active Avg:89, SD:4, Max:98, Min:70
T1 invocations: 4,602,466
T2 invocations: 4,054,958
T3 invocations: 21,878,408
T3b invocations: 198,995,641
Total3 invocations: 220,874,049
Total4 invocations: 23,819

T3/T2 ratio: 5
T3b/T3 ratio: 9

T1 avg ex cycles: 41
T2 avg ex cycles: 37
T3&b avg ex cycles: 8
T4 avg ex cycles: 416
Avg. hops NOC1: 25
Avg. latency NOC1 (T2): 8,418
Avg. hops NOC2: 16
Avg. latency NOC2 (T3): 5,033
Number of K Nodes Processed: 7,845
Number of K Edges Processed: 122,557
Node Re-explore factor: 1.87
Edge Re-explore factor: 0.96
Nodes/cy: 60
Edges/cy: 935
TEPS: 979

---Pcache---
Pcache Size: 16,384
Cached: 0
  PHits: 0
  PMisses: 0
  PHit Rate (hit/miss): -nan%
  PEvictions: 0
  PEviction Rate (evict/misses): -nan%

---Energy---
Leakage Energy (nJ): 167,508
PU Dyn E (nJ): 13,325,088
Mem Dyn E (nJ): 37,998,857
Route Dyn E (nJ): 22,646,823
Dynamic Energy (nJ): 73,970,769
Ratio of Dyn/Leak: 442
Total Energy (nJ): 74,138,277
Total Energy (nJ) 3D: 76,142,727
Cores Energy (nJ): 13,330,923
Route Energy (nJ): 22,650,182
Route Energy (nJ) 3D: 24,654,632
Mem Energy   (nJ): 38,157,173
Mem Energy   (nJ) 3D: 38,157,173
Avg. Power (mW): 565,850.34
Power Density (mW/mm2): 163.48

---Runtime---
Runtime in K cycles: 131.02
Microseconds: 131.02
Time per iteration (ms): 0.13

---Throughput---
GOP/s (aka OPS/ns): 15,577.87
GOP/s per core: 0.95
FLOP/s: 1,685.79
FLOP/s per core: 0.10
Max Peak FLOP/s: 16,384.00
Avg. BW GB/s: 55,472.02
Max BW GB/s: 65,536.00

---Traffic---
In-Die bisection_bytes BW (GB/s): 2,048.00
Inter-board traffic (msg/ns): 0.00, per-link: 0.00
Inter-pack traffic (msg/ns): 0.00, per-link: 0.00
Inter-die traffic (msg/ns): 0.00, per-link: 0.00
Ruche traffic (msg/ns): 0.00, per-link: 0.00
All traffic (msg/ns): 57,187.32, per-link: 3.49
Inter-die reduction wrt all: inf
Inter-board reduction wrt inter-die: -nan

---Data Movement---
All traffic (msg): 7,492,739,937
Arith. Intensity FLOP/Loads: 0.26
Arith. Intensity FLOP/Msgs: 0.03
Arith. Intensity OPS/Loads: 2.37
Arith. Intensity OPS/Msgs: 0.27



===Core Utilization Total=== CORE-S:13;; TIME K cy:130 ;; Nodes Proc: 486,700 -- Edges Proc: 6,995,018

===PRINTING FRAME STATS

FCollision In Avg:48, SD:51, Max:225, Min:0
FCollision Out Avg:52, SD:43, Max:199, Min:0
FCollision End Avg:3, SD:11, Max:101, Min:0
FTask1 Avg:4, SD:7, Max:46, Min:0
FTask2 Avg:8, SD:14, Max:79, Min:0
FTask3 Avg:80, SD:16, Max:100, Min:18
FCore Active Avg:93, SD:12, Max:100, Min:42
FRouter Active Avg:88, SD:8, Max:101, Min:54
T1 invocations: 43,191
T2 invocations: 79,420
T3 invocations: 260,284
T3b invocations: 4,309,037
Total3 invocations: 4,569,321
Total4 invocations: 1,755

T3/T2 ratio: 3
T3b/T3 ratio: 17

T1 avg ex cycles: 35
T2 avg ex cycles: 42
T3&b avg ex cycles: 7
T4 avg ex cycles: 221
Avg. hops NOC1: 31
Avg. latency NOC1 (T2): 7,288
Avg. hops NOC2: 14
Avg. latency NOC2 (T3): 3,353

===PRINTING ACUM STATS at pu_cycles: 141,081

ACollision In Avg:79, SD:30, Max:203, Min:8
ACollision Out Avg:65, SD:24, Max:163, Min:1
ACollision End Avg:2, SD:5, Max:85, Min:0
ATask1 Avg:9, SD:2, Max:19, Min:1
ATask2 Avg:7, SD:5, Max:31, Min:0
ATask3 Avg:79, SD:6, Max:96, Min:56
ACore Active Avg:95, SD:5, Max:100, Min:78
ARouter Active Avg:89, SD:4, Max:98, Min:69
T1 invocations: 4,806,219
T2 invocations: 4,382,032
T3 invocations: 22,971,875
T3b invocations: 216,606,216
Total3 invocations: 239,578,091
Total4 invocations: 29,865

T3/T2 ratio: 5
T3b/T3 ratio: 9

T1 avg ex cycles: 41
T2 avg ex cycles: 37
T3&b avg ex cycles: 8
T4 avg ex cycles: 393
Avg. hops NOC1: 25
Avg. latency NOC1 (T2): 8,200
Avg. hops NOC2: 16
Avg. latency NOC2 (T3): 4,909
Number of K Nodes Processed: 8,184
Number of K Edges Processed: 134,131
Node Re-explore factor: 1.95
Edge Re-explore factor: 1.05
Nodes/cy: 58
Edges/cy: 951
TEPS: 909

---Pcache---
Pcache Size: 16,384
Cached: 0
  PHits: 0
  PMisses: 0
  PHit Rate (hit/miss): -nan%
  PEvictions: 0
  PEviction Rate (evict/misses): -nan%

---Energy---
Leakage Energy (nJ): 180,370
PU Dyn E (nJ): 14,380,441
Mem Dyn E (nJ): 41,094,493
Route Dyn E (nJ): 24,239,287
Dynamic Energy (nJ): 79,714,222
Ratio of Dyn/Leak: 442
Total Energy (nJ): 79,894,592
Total Energy (nJ) 3D: 82,039,989
Cores Energy (nJ): 14,386,723
Route Energy (nJ): 24,242,904
Route Energy (nJ) 3D: 26,388,301
Mem Energy   (nJ): 41,264,964
Mem Energy   (nJ) 3D: 41,264,964
Avg. Power (mW): 566,302.99
Power Density (mW/mm2): 163.61

---Runtime---
Runtime in K cycles: 141.08
Microseconds: 141.08
Time per iteration (ms): 0.14

---Throughput---
GOP/s (aka OPS/ns): 15,578.54
GOP/s per core: 0.95
FLOP/s: 1,698.16
FLOP/s per core: 0.10
Max Peak FLOP/s: 16,384.00
Avg. BW GB/s: 55,716.98
Max BW GB/s: 65,536.00

---Traffic---
In-Die bisection_bytes BW (GB/s): 2,048.00
Inter-board traffic (msg/ns): 0.00, per-link: 0.00
Inter-pack traffic (msg/ns): 0.00, per-link: 0.00
Inter-die traffic (msg/ns): 0.00, per-link: 0.00
Ruche traffic (msg/ns): 0.00, per-link: 0.00
All traffic (msg/ns): 56,889.88, per-link: 3.47
Inter-die reduction wrt all: inf
Inter-board reduction wrt inter-die: -nan

---Data Movement---
All traffic (msg): 8,026,080,751
Arith. Intensity FLOP/Loads: 0.26
Arith. Intensity FLOP/Msgs: 0.03
Arith. Intensity OPS/Loads: 2.36
Arith. Intensity OPS/Msgs: 0.27



===Core Utilization Total=== CORE-S:14;; TIME K cy:140 ;; Nodes Proc: 507,844 -- Edges Proc: 7,737,165

===PRINTING FRAME STATS

FCollision In Avg:50, SD:50, Max:274, Min:0
FCollision Out Avg:52, SD:43, Max:226, Min:0
FCollision End Avg:3, SD:11, Max:101, Min:0
FTask1 Avg:4, SD:8, Max:43, Min:0
FTask2 Avg:9, SD:15, Max:76, Min:0
FTask3 Avg:77, SD:17, Max:100, Min:14
FCore Active Avg:92, SD:12, Max:100, Min:50
FRouter Active Avg:87, SD:9, Max:101, Min:53
T1 invocations: 50,513
T2 invocations: 88,471
T3 invocations: 220,826
T3b invocations: 4,293,342
Total3 invocations: 4,514,168
Total4 invocations: 2,213

T3/T2 ratio: 2
T3b/T3 ratio: 19

T1 avg ex cycles: 34
T2 avg ex cycles: 41
T3&b avg ex cycles: 7
T4 avg ex cycles: 215
Avg. hops NOC1: 29
Avg. latency NOC1 (T2): 6,675
Avg. hops NOC2: 13
Avg. latency NOC2 (T3): 2,977

===PRINTING ACUM STATS at pu_cycles: 151,028

ACollision In Avg:77, SD:30, Max:196, Min:7
ACollision Out Avg:64, SD:24, Max:164, Min:0
ACollision End Avg:2, SD:5, Max:86, Min:0
ATask1 Avg:8, SD:2, Max:18, Min:1
ATask2 Avg:7, SD:5, Max:29, Min:0
ATask3 Avg:79, SD:6, Max:96, Min:59
ACore Active Avg:95, SD:5, Max:100, Min:77
ARouter Active Avg:89, SD:4, Max:98, Min:68
T1 invocations: 5,044,225
T2 invocations: 4,748,782
T3 invocations: 23,883,846
T3b invocations: 234,158,422
Total3 invocations: 258,042,268
Total4 invocations: 38,450

T3/T2 ratio: 5
T3b/T3 ratio: 10

T1 avg ex cycles: 41
T2 avg ex cycles: 38
T3&b avg ex cycles: 8
T4 avg ex cycles: 363
Avg. hops NOC1: 25
Avg. latency NOC1 (T2): 7,950
Avg. hops NOC2: 16
Avg. latency NOC2 (T3): 4,783
Number of K Nodes Processed: 8,433
Number of K Edges Processed: 146,103
Node Re-explore factor: 2.01
Edge Re-explore factor: 1.14
Nodes/cy: 56
Edges/cy: 967
TEPS: 850

---Pcache---
Pcache Size: 16,384
Cached: 0
  PHits: 0
  PMisses: 0
  PHit Rate (hit/miss): -nan%
  PEvictions: 0
  PEviction Rate (evict/misses): -nan%

---Energy---
Leakage Energy (nJ): 193,087
PU Dyn E (nJ): 15,420,041
Mem Dyn E (nJ): 44,159,254
Route Dyn E (nJ): 25,764,833
Dynamic Energy (nJ): 85,344,128
Ratio of Dyn/Leak: 442
Total Energy (nJ): 85,537,215
Total Energy (nJ) 3D: 87,817,637
Cores Energy (nJ): 15,426,766
Route Energy (nJ): 25,768,705
Route Energy (nJ) 3D: 28,049,127
Mem Energy   (nJ): 44,341,744
Mem Energy   (nJ) 3D: 44,341,744
Avg. Power (mW): 566,366.60
Power Density (mW/mm2): 163.63

---Runtime---
Runtime in K cycles: 151.03
Microseconds: 151.03
Time per iteration (ms): 0.15

---Throughput---
GOP/s (aka OPS/ns): 15,574.23
GOP/s per core: 0.95
FLOP/s: 1,708.57
FLOP/s per core: 0.10
Max Peak FLOP/s: 16,384.00
Avg. BW GB/s: 55,933.76
Max BW GB/s: 65,536.00

---Traffic---
In-Die bisection_bytes BW (GB/s): 2,048.00
Inter-board traffic (msg/ns): 0.00, per-link: 0.00
Inter-pack traffic (msg/ns): 0.00, per-link: 0.00
Inter-die traffic (msg/ns): 0.00, per-link: 0.00
Ruche traffic (msg/ns): 0.00, per-link: 0.00
All traffic (msg/ns): 56,534.30, per-link: 3.45
Inter-die reduction wrt all: inf
Inter-board reduction wrt inter-die: -nan

---Data Movement---
All traffic (msg): 8,538,262,165
Arith. Intensity FLOP/Loads: 0.26
Arith. Intensity FLOP/Msgs: 0.03
Arith. Intensity OPS/Loads: 2.35
Arith. Intensity OPS/Msgs: 0.28



===Core Utilization Total=== CORE-S:15;; TIME K cy:150 ;; Nodes Proc: 523,407 -- Edges Proc: 8,517,188

===PRINTING FRAME STATS

FCollision In Avg:54, SD:53, Max:243, Min:0
FCollision Out Avg:56, SD:46, Max:272, Min:0
FCollision End Avg:3, SD:11, Max:101, Min:0
FTask1 Avg:5, SD:8, Max:48, Min:0
FTask2 Avg:9, SD:14, Max:78, Min:0
FTask3 Avg:75, SD:16, Max:100, Min:11
FCore Active Avg:90, SD:13, Max:100, Min:41
FRouter Active Avg:85, SD:10, Max:101, Min:46
T1 invocations: 57,277
T2 invocations: 92,874
T3 invocations: 190,351
T3b invocations: 4,245,244
Total3 invocations: 4,435,595
Total4 invocations: 2,711

T3/T2 ratio: 2
T3b/T3 ratio: 22

T1 avg ex cycles: 34
T2 avg ex cycles: 39
T3&b avg ex cycles: 7
T4 avg ex cycles: 196
Avg. hops NOC1: 31
Avg. latency NOC1 (T2): 7,073
Avg. hops NOC2: 13
Avg. latency NOC2 (T3): 2,677

===PRINTING ACUM STATS at pu_cycles: 160,999

ACollision In Avg:76, SD:30, Max:197, Min:7
ACollision Out Avg:64, SD:24, Max:171, Min:0
ACollision End Avg:2, SD:5, Max:82, Min:0
ATask1 Avg:8, SD:2, Max:17, Min:1
ATask2 Avg:7, SD:5, Max:28, Min:0
ATask3 Avg:78, SD:6, Max:97, Min:60
ACore Active Avg:94, SD:5, Max:100, Min:77
ARouter Active Avg:89, SD:4, Max:98, Min:67
T1 invocations: 5,310,258
T2 invocations: 5,143,018
T3 invocations: 24,660,188
T3b invocations: 251,433,669
Total3 invocations: 276,093,857
Total4 invocations: 50,515

T3/T2 ratio: 5
T3b/T3 ratio: 10

T1 avg ex cycles: 40
T2 avg ex cycles: 38
T3&b avg ex cycles: 8
T4 avg ex cycles: 325
Avg. hops NOC1: 24
Avg. latency NOC1 (T2): 7,713
Avg. hops NOC2: 16
Avg. latency NOC2 (T3): 4,651
Number of K Nodes Processed: 8,626
Number of K Edges Processed: 158,287
Node Re-explore factor: 2.06
Edge Re-explore factor: 1.23
Nodes/cy: 54
Edges/cy: 983
TEPS: 797

---Pcache---
Pcache Size: 16,384
Cached: 0
  PHits: 0
  PMisses: 0
  PHit Rate (hit/miss): -nan%
  PEvictions: 0
  PEviction Rate (evict/misses): -nan%

---Energy---
Leakage Energy (nJ): 205,835
PU Dyn E (nJ): 16,435,708
Mem Dyn E (nJ): 47,158,225
Route Dyn E (nJ): 27,213,597
Dynamic Energy (nJ): 90,807,530
Ratio of Dyn/Leak: 441
Total Energy (nJ): 91,013,365
Total Energy (nJ) 3D: 93,422,016
Cores Energy (nJ): 16,442,877
Route Energy (nJ): 27,217,725
Route Energy (nJ) 3D: 29,626,376
Mem Energy   (nJ): 47,352,763
Mem Energy   (nJ) 3D: 47,352,763
Avg. Power (mW): 565,303.91
Power Density (mW/mm2): 163.32

---Runtime---
Runtime in K cycles: 161.00
Microseconds: 161.00
Time per iteration (ms): 0.16

---Throughput---
GOP/s (aka OPS/ns): 15,545.76
GOP/s per core: 0.95
FLOP/s: 1,714.88
FLOP/s per core: 0.10
Max Peak FLOP/s: 16,384.00
Avg. BW GB/s: 56,038.54
Max BW GB/s: 65,536.00

---Traffic---
In-Die bisection_bytes BW (GB/s): 2,048.00
Inter-board traffic (msg/ns): 0.00, per-link: 0.00
Inter-pack traffic (msg/ns): 0.00, per-link: 0.00
Inter-die traffic (msg/ns): 0.00, per-link: 0.00
Ruche traffic (msg/ns): 0.00, per-link: 0.00
All traffic (msg/ns): 56,061.44, per-link: 3.42
Inter-die reduction wrt all: inf
Inter-board reduction wrt inter-die: -nan

---Data Movement---
All traffic (msg): 9,025,836,323
Arith. Intensity FLOP/Loads: 0.26
Arith. Intensity FLOP/Msgs: 0.03
Arith. Intensity OPS/Loads: 2.33
Arith. Intensity OPS/Msgs: 0.28



===Core Utilization Total=== CORE-S:16;; TIME K cy:160 ;; Nodes Proc: 535,283 -- Edges Proc: 9,313,269

===PRINTING FRAME STATS

FCollision In Avg:57, SD:53, Max:270, Min:0
FCollision Out Avg:55, SD:44, Max:246, Min:0
FCollision End Avg:3, SD:11, Max:101, Min:0
FTask1 Avg:6, SD:8, Max:48, Min:0
FTask2 Avg:9, SD:14, Max:88, Min:0
FTask3 Avg:71, SD:16, Max:100, Min:5
FCore Active Avg:87, SD:14, Max:100, Min:45
FRouter Active Avg:84, SD:10, Max:101, Min:43
T1 invocations: 66,401
T2 invocations: 97,022
T3 invocations: 164,620
T3b invocations: 4,117,643
Total3 invocations: 4,282,263
Total4 invocations: 3,383

T3/T2 ratio: 2
T3b/T3 ratio: 25

T1 avg ex cycles: 34
T2 avg ex cycles: 38
T3&b avg ex cycles: 7
T4 avg ex cycles: 178
Avg. hops NOC1: 33
Avg. latency NOC1 (T2): 6,467
Avg. hops NOC2: 13
Avg. latency NOC2 (T3): 2,124

===PRINTING ACUM STATS at pu_cycles: 171,024

ACollision In Avg:75, SD:30, Max:198, Min:9
ACollision Out Avg:63, SD:24, Max:175, Min:0
ACollision End Avg:2, SD:5, Max:77, Min:0
ATask1 Avg:8, SD:2, Max:16, Min:1
ATask2 Avg:7, SD:5, Max:26, Min:0
ATask3 Avg:78, SD:6, Max:96, Min:60
ACore Active Avg:94, SD:5, Max:100, Min:76
ARouter Active Avg:88, SD:4, Max:98, Min:66
T1 invocations: 5,600,594
T2 invocations: 5,568,647
T3 invocations: 25,337,093
T3b invocations: 268,508,490
Total3 invocations: 293,845,583
Total4 invocations: 65,806

T3/T2 ratio: 5
T3b/T3 ratio: 11

T1 avg ex cycles: 40
T2 avg ex cycles: 38
T3&b avg ex cycles: 8
T4 avg ex cycles: 290
Avg. hops NOC1: 24
Avg. latency NOC1 (T2): 7,480
Avg. hops NOC2: 15
Avg. latency NOC2 (T3): 4,508
Number of K Nodes Processed: 8,777
Number of K Edges Processed: 171,194
Node Re-explore factor: 2.09
Edge Re-explore factor: 1.33
Nodes/cy: 51
Edges/cy: 1,001
TEPS: 750

---Pcache---
Pcache Size: 16,384
Cached: 0
  PHits: 0
  PMisses: 0
  PHit Rate (hit/miss): -nan%
  PEvictions: 0
  PEviction Rate (evict/misses): -nan%

---Energy---
Leakage Energy (nJ): 218,651
PU Dyn E (nJ): 17,436,523
Mem Dyn E (nJ): 50,143,977
Route Dyn E (nJ): 28,638,295
Dynamic Energy (nJ): 96,218,795
Ratio of Dyn/Leak: 440
Total Energy (nJ): 96,437,446
Total Energy (nJ) 3D: 98,972,195
Cores Energy (nJ): 17,444,139
Route Energy (nJ): 28,642,680
Route Energy (nJ) 3D: 31,177,429
Mem Energy   (nJ): 50,350,628
Mem Energy   (nJ) 3D: 50,350,628
Avg. Power (mW): 563,882.53
Power Density (mW/mm2): 162.91

---Runtime---
Runtime in K cycles: 171.02
Microseconds: 171.02
Time per iteration (ms): 0.17

---Throughput---
GOP/s (aka OPS/ns): 15,503.67
GOP/s per core: 0.95
FLOP/s: 1,718.15
FLOP/s per core: 0.10
Max Peak FLOP/s: 16,384.00
Avg. BW GB/s: 56,098.99
Max BW GB/s: 65,536.00

---Traffic---
In-Die bisection_bytes BW (GB/s): 2,048.00
Inter-board traffic (msg/ns): 0.00, per-link: 0.00
Inter-pack traffic (msg/ns): 0.00, per-link: 0.00
Inter-die traffic (msg/ns): 0.00, per-link: 0.00
Ruche traffic (msg/ns): 0.00, per-link: 0.00
All traffic (msg/ns): 55,579.48, per-link: 3.39
Inter-die reduction wrt all: inf
Inter-board reduction wrt inter-die: -nan

---Data Movement---
All traffic (msg): 9,505,425,030
Arith. Intensity FLOP/Loads: 0.26
Arith. Intensity FLOP/Msgs: 0.03
Arith. Intensity OPS/Loads: 2.32
Arith. Intensity OPS/Msgs: 0.28



===Core Utilization Total=== CORE-S:17;; TIME K cy:170 ;; Nodes Proc: 544,657 -- Edges Proc: 10,110,152

===PRINTING FRAME STATS

FCollision In Avg:62, SD:55, Max:278, Min:0
FCollision Out Avg:61, SD:46, Max:226, Min:0
FCollision End Avg:3, SD:11, Max:141, Min:0
FTask1 Avg:6, SD:9, Max:54, Min:0
FTask2 Avg:9, SD:14, Max:81, Min:0
FTask3 Avg:68, SD:14, Max:100, Min:9
FCore Active Avg:84, SD:15, Max:100, Min:47
FRouter Active Avg:82, SD:10, Max:100, Min:40
T1 invocations: 70,145
T2 invocations: 97,912
T3 invocations: 143,331
T3b invocations: 3,973,568
Total3 invocations: 4,116,899
Total4 invocations: 3,727

T3/T2 ratio: 1
T3b/T3 ratio: 28

T1 avg ex cycles: 34
T2 avg ex cycles: 38
T3&b avg ex cycles: 7
T4 avg ex cycles: 171
Avg. hops NOC1: 33
Avg. latency NOC1 (T2): 6,663
Avg. hops NOC2: 12
Avg. latency NOC2 (T3): 1,725

===PRINTING ACUM STATS at pu_cycles: 181,046

ACollision In Avg:74, SD:30, Max:199, Min:9
ACollision Out Avg:63, SD:25, Max:176, Min:0
ACollision End Avg:2, SD:5, Max:73, Min:0
ATask1 Avg:8, SD:2, Max:15, Min:1
ATask2 Avg:7, SD:4, Max:25, Min:0
ATask3 Avg:77, SD:5, Max:95, Min:61
ACore Active Avg:93, SD:5, Max:100, Min:76
ARouter Active Avg:88, SD:4, Max:97, Min:65
T1 invocations: 5,900,825
T2 invocations: 6,009,929
T3 invocations: 25,930,121
T3b invocations: 285,162,894
Total3 invocations: 311,093,015
Total4 invocations: 82,328

T3/T2 ratio: 4
T3b/T3 ratio: 11

T1 avg ex cycles: 40
T2 avg ex cycles: 38
T3&b avg ex cycles: 7
T4 avg ex cycles: 264
Avg. hops NOC1: 24
Avg. latency NOC1 (T2): 7,271
Avg. hops NOC2: 15
Avg. latency NOC2 (T3): 4,368
Number of K Nodes Processed: 8,898
Number of K Edges Processed: 184,217
Node Re-explore factor: 2.12
Edge Re-explore factor: 1.44
Nodes/cy: 49
Edges/cy: 1,018
TEPS: 709

---Pcache---
Pcache Size: 16,384
Cached: 0
  PHits: 0
  PMisses: 0
  PHit Rate (hit/miss): -nan%
  PEvictions: 0
  PEviction Rate (evict/misses): -nan%

---Energy---
Leakage Energy (nJ): 231,464
PU Dyn E (nJ): 18,408,744
Mem Dyn E (nJ): 53,058,926
Route Dyn E (nJ): 30,017,912
Dynamic Energy (nJ): 101,485,583
Ratio of Dyn/Leak: 438
Total Energy (nJ): 101,717,047
Total Energy (nJ) 3D: 104,373,905
Cores Energy (nJ): 18,416,806
Route Energy (nJ): 30,022,554
Route Energy (nJ) 3D: 32,679,412
Mem Energy   (nJ): 53,277,688
Mem Energy   (nJ) 3D: 53,277,688
Avg. Power (mW): 561,829.85
Power Density (mW/mm2): 162.32

---Runtime---
Runtime in K cycles: 181.05
Microseconds: 181.05
Time per iteration (ms): 0.18

---Throughput---
GOP/s (aka OPS/ns): 15,442.97
GOP/s per core: 0.94
FLOP/s: 1,718.31
FLOP/s per core: 0.10
Max Peak FLOP/s: 16,384.00
Avg. BW GB/s: 56,079.31
Max BW GB/s: 65,536.00

---Traffic---
In-Die bisection_bytes BW (GB/s): 2,048.00
Inter-board traffic (msg/ns): 0.00, per-link: 0.00
Inter-pack traffic (msg/ns): 0.00, per-link: 0.00
Inter-die traffic (msg/ns): 0.00, per-link: 0.00
Ruche traffic (msg/ns): 0.00, per-link: 0.00
All traffic (msg/ns): 55,069.10, per-link: 3.36
Inter-die reduction wrt all: inf
Inter-board reduction wrt inter-die: -nan

---Data Movement---
All traffic (msg): 9,970,040,602
Arith. Intensity FLOP/Loads: 0.26
Arith. Intensity FLOP/Msgs: 0.03
Arith. Intensity OPS/Loads: 2.31
Arith. Intensity OPS/Msgs: 0.28



===Core Utilization Total=== CORE-S:18;; TIME K cy:180 ;; Nodes Proc: 552,262 -- Edges Proc: 10,895,593

===PRINTING FRAME STATS

FCollision In Avg:61, SD:55, Max:297, Min:0
FCollision Out Avg:58, SD:45, Max:219, Min:0
FCollision End Avg:3, SD:11, Max:115, Min:0
FTask1 Avg:6, SD:9, Max:53, Min:0
FTask2 Avg:8, SD:14, Max:85, Min:0
FTask3 Avg:61, SD:15, Max:100, Min:5
FCore Active Avg:76, SD:19, Max:100, Min:31
FRouter Active Avg:78, SD:13, Max:101, Min:27
T1 invocations: 66,816
T2 invocations: 97,026
T3 invocations: 121,172
T3b invocations: 3,617,156
Total3 invocations: 3,738,328
Total4 invocations: 4,488

T3/T2 ratio: 1
T3b/T3 ratio: 30

T1 avg ex cycles: 34
T2 avg ex cycles: 36
T3&b avg ex cycles: 7
T4 avg ex cycles: 137
Avg. hops NOC1: 31
Avg. latency NOC1 (T2): 6,302
Avg. hops NOC2: 12
Avg. latency NOC2 (T3): 1,402

===PRINTING ACUM STATS at pu_cycles: 190,909

ACollision In Avg:73, SD:30, Max:197, Min:9
ACollision Out Avg:63, SD:24, Max:177, Min:1
ACollision End Avg:2, SD:5, Max:69, Min:0
ATask1 Avg:8, SD:2, Max:15, Min:2
ATask2 Avg:7, SD:4, Max:24, Min:0
ATask3 Avg:76, SD:5, Max:93, Min:60
ACore Active Avg:92, SD:5, Max:100, Min:74
ARouter Active Avg:87, SD:5, Max:97, Min:63
T1 invocations: 6,203,026
T2 invocations: 6,456,249
T3 invocations: 26,449,967
T3b invocations: 301,016,728
Total3 invocations: 327,466,695
Total4 invocations: 102,098

T3/T2 ratio: 4
T3b/T3 ratio: 11

T1 avg ex cycles: 39
T2 avg ex cycles: 37
T3&b avg ex cycles: 7
T4 avg ex cycles: 240
Avg. hops NOC1: 24
Avg. latency NOC1 (T2): 7,086
Avg. hops NOC2: 15
Avg. latency NOC2 (T3): 4,237
Number of K Nodes Processed: 8,994
Number of K Edges Processed: 196,512
Node Re-explore factor: 2.14
Edge Re-explore factor: 1.53
Nodes/cy: 47
Edges/cy: 1,029
TEPS: 672

---Pcache---
Pcache Size: 16,384
Cached: 0
  PHits: 0
  PMisses: 0
  PHit Rate (hit/miss): -nan%
  PEvictions: 0
  PEviction Rate (evict/misses): -nan%

---Energy---
Leakage Energy (nJ): 244,074
PU Dyn E (nJ): 19,331,539
Mem Dyn E (nJ): 55,829,362
Route Dyn E (nJ): 31,306,583
Dynamic Energy (nJ): 106,467,484
Ratio of Dyn/Leak: 436
Total Energy (nJ): 106,711,558
Total Energy (nJ) 3D: 109,482,475
Cores Energy (nJ): 19,340,040
Route Energy (nJ): 31,311,477
Route Energy (nJ) 3D: 34,082,395
Mem Energy   (nJ): 56,060,041
Mem Energy   (nJ) 3D: 56,060,041
Avg. Power (mW): 558,965.57
Power Density (mW/mm2): 161.49

---Runtime---
Runtime in K cycles: 190.91
Microseconds: 190.91
Time per iteration (ms): 0.19

---Throughput---
GOP/s (aka OPS/ns): 15,362.94
GOP/s per core: 0.94
FLOP/s: 1,715.30
FLOP/s per core: 0.10
Max Peak FLOP/s: 16,384.00
Avg. BW GB/s: 55,964.02
Max BW GB/s: 65,536.00

---Traffic---
In-Die bisection_bytes BW (GB/s): 2,048.00
Inter-board traffic (msg/ns): 0.00, per-link: 0.00
Inter-pack traffic (msg/ns): 0.00, per-link: 0.00
Inter-die traffic (msg/ns): 0.00, per-link: 0.00
Ruche traffic (msg/ns): 0.00, per-link: 0.00
All traffic (msg/ns): 54,500.61, per-link: 3.33
Inter-die reduction wrt all: inf
Inter-board reduction wrt inter-die: -nan

---Data Movement---
All traffic (msg): 10,404,656,765
Arith. Intensity FLOP/Loads: 0.26
Arith. Intensity FLOP/Msgs: 0.03
Arith. Intensity OPS/Loads: 2.30
Arith. Intensity OPS/Msgs: 0.28



===Core Utilization Total=== CORE-S:19;; TIME K cy:190 ;; Nodes Proc: 558,269 -- Edges Proc: 11,614,969

===PRINTING FRAME STATS

FCollision In Avg:61, SD:55, Max:269, Min:0
FCollision Out Avg:54, SD:42, Max:204, Min:0
FCollision End Avg:2, SD:10, Max:101, Min:0
FTask1 Avg:6, SD:8, Max:65, Min:0
FTask2 Avg:8, SD:14, Max:88, Min:0
FTask3 Avg:56, SD:14, Max:100, Min:5
FCore Active Avg:71, SD:19, Max:100, Min:34
FRouter Active Avg:75, SD:14, Max:101, Min:26
T1 invocations: 69,290
T2 invocations: 100,273
T3 invocations: 109,186
T3b invocations: 3,343,784
Total3 invocations: 3,452,970
Total4 invocations: 5,461

T3/T2 ratio: 1
T3b/T3 ratio: 31

T1 avg ex cycles: 34
T2 avg ex cycles: 34
T3&b avg ex cycles: 7
T4 avg ex cycles: 103
Avg. hops NOC1: 35
Avg. latency NOC1 (T2): 7,049
Avg. hops NOC2: 12
Avg. latency NOC2 (T3): 1,139

===PRINTING ACUM STATS at pu_cycles: 200,909

ACollision In Avg:73, SD:30, Max:193, Min:8
ACollision Out Avg:62, SD:24, Max:176, Min:1
ACollision End Avg:2, SD:5, Max:68, Min:0
ATask1 Avg:8, SD:2, Max:15, Min:3
ATask2 Avg:8, SD:4, Max:22, Min:0
ATask3 Avg:75, SD:5, Max:92, Min:59
ACore Active Avg:91, SD:5, Max:100, Min:73
ARouter Active Avg:87, SD:5, Max:97, Min:61
T1 invocations: 6,506,719
T2 invocations: 6,905,553
T3 invocations: 26,910,272
T3b invocations: 315,798,716
Total3 invocations: 342,708,988
Total4 invocations: 128,281

T3/T2 ratio: 4
T3b/T3 ratio: 12

T1 avg ex cycles: 39
T2 avg ex cycles: 37
T3&b avg ex cycles: 7
T4 avg ex cycles: 212
Avg. hops NOC1: 24
Avg. latency NOC1 (T2): 6,933
Avg. hops NOC2: 15
Avg. latency NOC2 (T3): 4,114
Number of K Nodes Processed: 9,076
Number of K Edges Processed: 208,246
Node Re-explore factor: 2.16
Edge Re-explore factor: 1.62
Nodes/cy: 45
Edges/cy: 1,037
TEPS: 639

---Pcache---
Pcache Size: 16,384
Cached: 0
  PHits: 0
  PMisses: 0
  PHit Rate (hit/miss): -nan%
  PEvictions: 0
  PEviction Rate (evict/misses): -nan%

---Energy---
Leakage Energy (nJ): 256,859
PU Dyn E (nJ): 20,193,135
Mem Dyn E (nJ): 58,415,284
Route Dyn E (nJ): 32,498,536
Dynamic Energy (nJ): 111,106,956
Ratio of Dyn/Leak: 433
Total Energy (nJ): 111,363,815
Total Energy (nJ) 3D: 114,240,231
Cores Energy (nJ): 20,202,082
Route Energy (nJ): 32,503,687
Route Energy (nJ) 3D: 35,380,103
Mem Energy   (nJ): 58,658,047
Mem Energy   (nJ) 3D: 58,658,047
Avg. Power (mW): 554,299.78
Power Density (mW/mm2): 160.15

---Runtime---
Runtime in K cycles: 200.91
Microseconds: 200.91
Time per iteration (ms): 0.20

---Throughput---
GOP/s (aka OPS/ns): 15,236.02
GOP/s per core: 0.93
FLOP/s: 1,705.79
FLOP/s per core: 0.10
Max Peak FLOP/s: 16,384.00
Avg. BW GB/s: 55,646.39
Max BW GB/s: 65,536.00

---Traffic---
In-Die bisection_bytes BW (GB/s): 2,048.00
Inter-board traffic (msg/ns): 0.00, per-link: 0.00
Inter-pack traffic (msg/ns): 0.00, per-link: 0.00
Inter-die traffic (msg/ns): 0.00, per-link: 0.00
Ruche traffic (msg/ns): 0.00, per-link: 0.00
All traffic (msg/ns): 53,790.32, per-link: 3.28
Inter-die reduction wrt all: inf
Inter-board reduction wrt inter-die: -nan

---Data Movement---
All traffic (msg): 10,806,958,590
Arith. Intensity FLOP/Loads: 0.26
Arith. Intensity FLOP/Msgs: 0.03
Arith. Intensity OPS/Loads: 2.29
Arith. Intensity OPS/Msgs: 0.28



===Core Utilization Total=== CORE-S:20;; TIME K cy:200 ;; Nodes Proc: 563,382 -- Edges Proc: 12,260,744

===PRINTING FRAME STATS

FCollision In Avg:53, SD:52, Max:248, Min:0
FCollision Out Avg:48, SD:43, Max:204, Min:0
FCollision End Avg:2, SD:9, Max:101, Min:0
FTask1 Avg:5, SD:8, Max:58, Min:0
FTask2 Avg:7, SD:14, Max:87, Min:0
FTask3 Avg:49, SD:13, Max:100, Min:5
FCore Active Avg:63, SD:19, Max:100, Min:31
FRouter Active Avg:70, SD:16, Max:100, Min:23
T1 invocations: 59,381
T2 invocations: 91,572
T3 invocations: 87,753
T3b invocations: 2,977,059
Total3 invocations: 3,064,812
Total4 invocations: 6,174

T3/T2 ratio: 1
T3b/T3 ratio: 34

T1 avg ex cycles: 33
T2 avg ex cycles: 33
T3&b avg ex cycles: 7
T4 avg ex cycles: 85
Avg. hops NOC1: 34
Avg. latency NOC1 (T2): 6,366
Avg. hops NOC2: 12
Avg. latency NOC2 (T3): 922

===PRINTING ACUM STATS at pu_cycles: 211,017

ACollision In Avg:72, SD:30, Max:194, Min:8
ACollision Out Avg:62, SD:24, Max:175, Min:1
ACollision End Avg:2, SD:5, Max:70, Min:0
ATask1 Avg:7, SD:2, Max:16, Min:3
ATask2 Avg:8, SD:3, Max:21, Min:0
ATask3 Avg:74, SD:5, Max:90, Min:58
ACore Active Avg:90, SD:5, Max:100, Min:72
ARouter Active Avg:86, SD:5, Max:97, Min:60
T1 invocations: 6,774,276
T2 invocations: 7,305,444
T3 invocations: 27,288,545
T3b invocations: 328,467,075
Total3 invocations: 355,755,620
Total4 invocations: 161,678

T3/T2 ratio: 4
T3b/T3 ratio: 12

T1 avg ex cycles: 39
T2 avg ex cycles: 37
T3&b avg ex cycles: 7
T4 avg ex cycles: 183
Avg. hops NOC1: 24
Avg. latency NOC1 (T2): 6,795
Avg. hops NOC2: 15
Avg. latency NOC2 (T3): 4,004
Number of K Nodes Processed: 9,140
Number of K Edges Processed: 218,135
Node Re-explore factor: 2.18
Edge Re-explore factor: 1.70
Nodes/cy: 43
Edges/cy: 1,034
TEPS: 608

---Pcache---
Pcache Size: 16,384
Cached: 0
  PHits: 0
  PMisses: 0
  PHit Rate (hit/miss): -nan%
  PEvictions: 0
  PEviction Rate (evict/misses): -nan%

---Energy---
Leakage Energy (nJ): 269,782
PU Dyn E (nJ): 20,929,876
Mem Dyn E (nJ): 60,612,111
Route Dyn E (nJ): 33,494,679
Dynamic Energy (nJ): 115,036,666
Ratio of Dyn/Leak: 426
Total Energy (nJ): 115,306,448
Total Energy (nJ) 3D: 118,271,032
Cores Energy (nJ): 20,939,273
Route Energy (nJ): 33,500,089
Route Energy (nJ) 3D: 36,464,673
Mem Energy   (nJ): 60,867,087
Mem Energy   (nJ) 3D: 60,867,087
Avg. Power (mW): 546,432.03
Power Density (mW/mm2): 157.87

---Runtime---
Runtime in K cycles: 211.02
Microseconds: 211.02
Time per iteration (ms): 0.21

---Throughput---
GOP/s (aka OPS/ns): 15,025.16
GOP/s per core: 0.92
FLOP/s: 1,685.91
FLOP/s per core: 0.10
Max Peak FLOP/s: 16,384.00
Avg. BW GB/s: 54,977.65
Max BW GB/s: 65,536.00

---Traffic---
In-Die bisection_bytes BW (GB/s): 2,048.00
Inter-board traffic (msg/ns): 0.00, per-link: 0.00
Inter-pack traffic (msg/ns): 0.00, per-link: 0.00
Inter-die traffic (msg/ns): 0.00, per-link: 0.00
Ruche traffic (msg/ns): 0.00, per-link: 0.00
All traffic (msg/ns): 52,810.25, per-link: 3.22
Inter-die reduction wrt all: inf
Inter-board reduction wrt inter-die: -nan

---Data Movement---
All traffic (msg): 11,143,861,243
Arith. Intensity FLOP/Loads: 0.26
Arith. Intensity FLOP/Msgs: 0.03
Arith. Intensity OPS/Loads: 2.28
Arith. Intensity OPS/Msgs: 0.28



===Core Utilization Total=== CORE-S:21;; TIME K cy:210 ;; Nodes Proc: 567,431 -- Edges Proc: 12,850,369

===PRINTING FRAME STATS

FCollision In Avg:45, SD:52, Max:330, Min:0
FCollision Out Avg:37, SD:41, Max:206, Min:0
FCollision End Avg:1, SD:7, Max:101, Min:0
FTask1 Avg:4, SD:8, Max:50, Min:0
FTask2 Avg:7, SD:13, Max:78, Min:0
FTask3 Avg:41, SD:12, Max:100, Min:8
FCore Active Avg:53, SD:19, Max:100, Min:19
FRouter Active Avg:63, SD:18, Max:100, Min:17
T1 invocations: 52,899
T2 invocations: 86,071
T3 invocations: 64,890
T3b invocations: 2,541,075
Total3 invocations: 2,605,965
Total4 invocations: 5,681

T3/T2 ratio: 1
T3b/T3 ratio: 39

T1 avg ex cycles: 33
T2 avg ex cycles: 32
T3&b avg ex cycles: 6
T4 avg ex cycles: 81
Avg. hops NOC1: 35
Avg. latency NOC1 (T2): 6,737
Avg. hops NOC2: 12
Avg. latency NOC2 (T3): 708

===PRINTING ACUM STATS at pu_cycles: 221,037

ACollision In Avg:70, SD:30, Max:192, Min:7
ACollision Out Avg:61, SD:24, Max:174, Min:1
ACollision End Avg:2, SD:4, Max:71, Min:0
ATask1 Avg:7, SD:2, Max:16, Min:3
ATask2 Avg:7, SD:3, Max:20, Min:0
ATask3 Avg:73, SD:5, Max:89, Min:57
ACore Active Avg:88, SD:5, Max:100, Min:71
ARouter Active Avg:85, SD:5, Max:96, Min:58
T1 invocations: 6,977,406
T2 invocations: 7,614,294
T3 invocations: 27,546,579
T3b invocations: 337,545,583
Total3 invocations: 365,092,162
Total4 invocations: 193,108

T3/T2 ratio: 4
T3b/T3 ratio: 12

T1 avg ex cycles: 39
T2 avg ex cycles: 37
T3&b avg ex cycles: 7
T4 avg ex cycles: 163
Avg. hops NOC1: 24
Avg. latency NOC1 (T2): 6,713
Avg. hops NOC2: 15
Avg. latency NOC2 (T3): 3,920
Number of K Nodes Processed: 9,181
Number of K Edges Processed: 225,272
Node Re-explore factor: 2.19
Edge Re-explore factor: 1.76
Nodes/cy: 42
Edges/cy: 1,019
TEPS: 580

---Pcache---
Pcache Size: 16,384
Cached: 0
  PHits: 0
  PMisses: 0
  PHit Rate (hit/miss): -nan%
  PEvictions: 0
  PEviction Rate (evict/misses): -nan%

---Energy---
Leakage Energy (nJ): 282,592
PU Dyn E (nJ): 21,459,595
Mem Dyn E (nJ): 62,199,707
Route Dyn E (nJ): 34,221,717
Dynamic Energy (nJ): 117,881,019
Ratio of Dyn/Leak: 417
Total Energy (nJ): 118,163,611
Total Energy (nJ) 3D: 121,192,544
Cores Energy (nJ): 21,469,437
Route Energy (nJ): 34,227,384
Route Energy (nJ) 3D: 37,256,317
Mem Energy   (nJ): 62,466,791
Mem Energy   (nJ) 3D: 62,466,791
Avg. Power (mW): 534,587.47
Power Density (mW/mm2): 154.45

---Runtime---
Runtime in K cycles: 221.04
Microseconds: 221.04
Time per iteration (ms): 0.22

---Throughput---
GOP/s (aka OPS/ns): 14,701.06
GOP/s per core: 0.90
FLOP/s: 1,651.72
FLOP/s per core: 0.10
Max Peak FLOP/s: 16,384.00
Avg. BW GB/s: 53,863.06
Max BW GB/s: 65,536.00

---Traffic---
In-Die bisection_bytes BW (GB/s): 2,048.00
Inter-board traffic (msg/ns): 0.00, per-link: 0.00
Inter-pack traffic (msg/ns): 0.00, per-link: 0.00
Inter-die traffic (msg/ns): 0.00, per-link: 0.00
Ruche traffic (msg/ns): 0.00, per-link: 0.00
All traffic (msg/ns): 51,527.26, per-link: 3.14
Inter-die reduction wrt all: inf
Inter-board reduction wrt inter-die: -nan

---Data Movement---
All traffic (msg): 11,389,430,497
Arith. Intensity FLOP/Loads: 0.26
Arith. Intensity FLOP/Msgs: 0.03
Arith. Intensity OPS/Loads: 2.28
Arith. Intensity OPS/Msgs: 0.29



===Core Utilization Total=== CORE-S:22;; TIME K cy:220 ;; Nodes Proc: 569,949 -- Edges Proc: 13,298,581
======== IT IS COLD ======= Only 487 Tiles active

===PRINTING FRAME STATS

FCollision In Avg:34, SD:46, Max:216, Min:0
FCollision Out Avg:26, SD:36, Max:186, Min:0
FCollision End Avg:1, SD:6, Max:104, Min:0
FTask1 Avg:3, SD:8, Max:67, Min:0
FTask2 Avg:6, SD:13, Max:86, Min:0
FTask3 Avg:32, SD:11, Max:76, Min:0
FCore Active Avg:42, SD:20, Max:100, Min:9
FRouter Active Avg:54, SD:20, Max:100, Min:11
T1 invocations: 40,936
T2 invocations: 69,948
T3 invocations: 44,609
T3b invocations: 2,002,142
Total3 invocations: 2,046,751
Total4 invocations: 4,141

T3/T2 ratio: 1
T3b/T3 ratio: 45

T1 avg ex cycles: 33
T2 avg ex cycles: 32
T3&b avg ex cycles: 6
T4 avg ex cycles: 80
Avg. hops NOC1: 37
Avg. latency NOC1 (T2): 6,275
Avg. hops NOC2: 12
Avg. latency NOC2 (T3): 461

===PRINTING ACUM STATS at pu_cycles: 231,001

ACollision In Avg:69, SD:30, Max:189, Min:7
ACollision Out Avg:59, SD:24, Max:170, Min:1
ACollision End Avg:2, SD:4, Max:71, Min:0
ATask1 Avg:7, SD:1, Max:15, Min:3
ATask2 Avg:7, SD:3, Max:20, Min:0
ATask3 Avg:71, SD:5, Max:88, Min:56
ACore Active Avg:86, SD:5, Max:100, Min:69
ARouter Active Avg:84, SD:6, Max:95, Min:56
T1 invocations: 7,094,596
T2 invocations: 7,803,991
T3 invocations: 27,701,253
T3b invocations: 343,104,073
Total3 invocations: 370,805,326
Total4 invocations: 214,018

T3/T2 ratio: 4
T3b/T3 ratio: 12

T1 avg ex cycles: 39
T2 avg ex cycles: 36
T3&b avg ex cycles: 7
T4 avg ex cycles: 152
Avg. hops NOC1: 24
Avg. latency NOC1 (T2): 6,673
Avg. hops NOC2: 15
Avg. latency NOC2 (T3): 3,866
Number of K Nodes Processed: 9,203
Number of K Edges Processed: 229,829
Node Re-explore factor: 2.19
Edge Re-explore factor: 1.79
Nodes/cy: 40
Edges/cy: 995
TEPS: 555

---Pcache---
Pcache Size: 16,384
Cached: 0
  PHits: 0
  PMisses: 0
  PHit Rate (hit/miss): -nan%
  PEvictions: 0
  PEviction Rate (evict/misses): -nan%

---Energy---
Leakage Energy (nJ): 295,331
PU Dyn E (nJ): 21,782,406
Mem Dyn E (nJ): 63,180,722
Route Dyn E (nJ): 34,687,424
Dynamic Energy (nJ): 119,650,553
Ratio of Dyn/Leak: 405
Total Energy (nJ): 119,945,884
Total Energy (nJ) 3D: 123,016,036
Cores Energy (nJ): 21,792,692
Route Energy (nJ): 34,693,346
Route Energy (nJ) 3D: 37,763,499
Mem Energy   (nJ): 63,459,846
Mem Energy   (nJ) 3D: 63,459,846
Avg. Power (mW): 519,244.00
Power Density (mW/mm2): 150.02

---Runtime---
Runtime in K cycles: 231.00
Microseconds: 231.00
Time per iteration (ms): 0.23

---Throughput---
GOP/s (aka OPS/ns): 14,274.72
GOP/s per core: 0.87
FLOP/s: 1,605.21
FLOP/s per core: 0.10
Max Peak FLOP/s: 16,384.00
Avg. BW GB/s: 52,354.16
Max BW GB/s: 65,536.00

---Traffic---
In-Die bisection_bytes BW (GB/s): 2,048.00
Inter-board traffic (msg/ns): 0.00, per-link: 0.00
Inter-pack traffic (msg/ns): 0.00, per-link: 0.00
Inter-die traffic (msg/ns): 0.00, per-link: 0.00
Ruche traffic (msg/ns): 0.00, per-link: 0.00
All traffic (msg/ns): 49,983.21, per-link: 3.05
Inter-die reduction wrt all: inf
Inter-board reduction wrt inter-die: -nan

---Data Movement---
All traffic (msg): 11,546,171,691
Arith. Intensity FLOP/Loads: 0.26
Arith. Intensity FLOP/Msgs: 0.03
Arith. Intensity OPS/Loads: 2.27
Arith. Intensity OPS/Msgs: 0.29



===Core Utilization Total=== CORE-S:23;; TIME K cy:230 ;; Nodes Proc: 571,307 -- Edges Proc: 13,632,966
======== IT IS COLD ======= Only 332 Tiles active

===PRINTING FRAME STATS

FCollision In Avg:22, SD:38, Max:214, Min:0
FCollision Out Avg:17, SD:29, Max:175, Min:0
FCollision End Avg:1, SD:5, Max:101, Min:0
FTask1 Avg:3, SD:8, Max:69, Min:0
FTask2 Avg:4, SD:12, Max:92, Min:0
FTask3 Avg:24, SD:12, Max:70, Min:0
FCore Active Avg:31, SD:21, Max:100, Min:4
FRouter Active Avg:43, SD:23, Max:98, Min:4
T1 invocations: 33,100
T2 invocations: 55,267
T3 invocations: 29,474
T3b invocations: 1,506,676
Total3 invocations: 1,536,150
Total4 invocations: 2,719

T3/T2 ratio: 1
T3b/T3 ratio: 51

T1 avg ex cycles: 33
T2 avg ex cycles: 32
T3&b avg ex cycles: 6
T4 avg ex cycles: 87
Avg. hops NOC1: 42
Avg. latency NOC1 (T2): 5,280
Avg. hops NOC2: 12
Avg. latency NOC2 (T3): 388

===PRINTING ACUM STATS at pu_cycles: 240,666

ACollision In Avg:67, SD:29, Max:186, Min:7
ACollision Out Avg:57, SD:24, Max:163, Min:1
ACollision End Avg:2, SD:4, Max:68, Min:0
ATask1 Avg:7, SD:1, Max:15, Min:3
ATask2 Avg:7, SD:3, Max:19, Min:0
ATask3 Avg:69, SD:5, Max:85, Min:55
ACore Active Avg:84, SD:4, Max:98, Min:68
ARouter Active Avg:82, SD:6, Max:94, Min:55
T1 invocations: 7,166,757
T2 invocations: 7,921,933
T3 invocations: 27,788,644
T3b invocations: 346,503,945
Total3 invocations: 374,292,589
Total4 invocations: 226,502

T3/T2 ratio: 4
T3b/T3 ratio: 12

T1 avg ex cycles: 39
T2 avg ex cycles: 36
T3&b avg ex cycles: 7
T4 avg ex cycles: 146
Avg. hops NOC1: 25
Avg. latency NOC1 (T2): 6,649
Avg. hops NOC2: 15
Avg. latency NOC2 (T3): 3,833
Number of K Nodes Processed: 9,214
Number of K Edges Processed: 232,586
Node Re-explore factor: 2.20
Edge Re-explore factor: 1.81
Nodes/cy: 38
Edges/cy: 966
TEPS: 533

---Pcache---
Pcache Size: 16,384
Cached: 0
  PHits: 0
  PMisses: 0
  PHit Rate (hit/miss): -nan%
  PEvictions: 0
  PEviction Rate (evict/misses): -nan%

---Energy---
Leakage Energy (nJ): 307,687
PU Dyn E (nJ): 21,979,435
Mem Dyn E (nJ): 63,780,734
Route Dyn E (nJ): 34,977,622
Dynamic Energy (nJ): 120,737,792
Ratio of Dyn/Leak: 392
Total Energy (nJ): 121,045,479
Total Energy (nJ) 3D: 124,141,316
Cores Energy (nJ): 21,990,151
Route Energy (nJ): 34,983,792
Route Energy (nJ) 3D: 38,079,630
Mem Energy   (nJ): 64,071,536
Mem Energy   (nJ) 3D: 64,071,536
Avg. Power (mW): 502,960.45
Power Density (mW/mm2): 145.31

---Runtime---
Runtime in K cycles: 240.67
Microseconds: 240.67
Time per iteration (ms): 0.24

---Throughput---
GOP/s (aka OPS/ns): 13,823.17
GOP/s per core: 0.84
FLOP/s: 1,555.24
FLOP/s per core: 0.09
Max Peak FLOP/s: 16,384.00
Avg. BW GB/s: 50,729.76
Max BW GB/s: 65,536.00

---Traffic---
In-Die bisection_bytes BW (GB/s): 2,048.00
Inter-board traffic (msg/ns): 0.00, per-link: 0.00
Inter-pack traffic (msg/ns): 0.00, per-link: 0.00
Inter-die traffic (msg/ns): 0.00, per-link: 0.00
Ruche traffic (msg/ns): 0.00, per-link: 0.00
All traffic (msg/ns): 48,381.14, per-link: 2.95
Inter-die reduction wrt all: inf
Inter-board reduction wrt inter-die: -nan

---Data Movement---
All traffic (msg): 11,643,696,090
Arith. Intensity FLOP/Loads: 0.26
Arith. Intensity FLOP/Msgs: 0.03
Arith. Intensity OPS/Loads: 2.27
Arith. Intensity OPS/Msgs: 0.29



===Core Utilization Total=== CORE-S:24;; TIME K cy:240 ;; Nodes Proc: 572,034 -- Edges Proc: 13,824,089
======== IT IS COLD ======= Only 226 Tiles active

===PRINTING FRAME STATS

FCollision In Avg:13, SD:29, Max:201, Min:0
FCollision Out Avg:9, SD:19, Max:122, Min:0
FCollision End Avg:0, SD:4, Max:100, Min:0
FTask1 Avg:2, SD:6, Max:66, Min:0
FTask2 Avg:3, SD:11, Max:87, Min:0
FTask3 Avg:18, SD:12, Max:61, Min:1
FCore Active Avg:23, SD:20, Max:100, Min:1
FRouter Active Avg:33, SD:25, Max:101, Min:2
T1 invocations: 20,259
T2 invocations: 37,794
T3 invocations: 20,499
T3b invocations: 1,140,889
Total3 invocations: 1,161,388
Total4 invocations: 1,905

T3/T2 ratio: 1
T3b/T3 ratio: 56

T1 avg ex cycles: 34
T2 avg ex cycles: 34
T3&b avg ex cycles: 6
T4 avg ex cycles: 83
Avg. hops NOC1: 42
Avg. latency NOC1 (T2): 5,830
Avg. hops NOC2: 12
Avg. latency NOC2 (T3): 365

===PRINTING ACUM STATS at pu_cycles: 250,961

ACollision In Avg:65, SD:28, Max:182, Min:7
ACollision Out Avg:55, SD:23, Max:157, Min:1
ACollision End Avg:2, SD:4, Max:65, Min:0
ATask1 Avg:7, SD:1, Max:15, Min:3
ATask2 Avg:7, SD:3, Max:18, Min:0
ATask3 Avg:67, SD:4, Max:83, Min:53
ACore Active Avg:82, SD:4, Max:97, Min:66
ARouter Active Avg:80, SD:6, Max:92, Min:53
T1 invocations: 7,211,219
T2 invocations: 7,999,885
T3 invocations: 27,844,704
T3b invocations: 348,823,127
Total3 invocations: 376,667,831
Total4 invocations: 234,485

T3/T2 ratio: 3
T3b/T3 ratio: 13

T1 avg ex cycles: 39
T2 avg ex cycles: 36
T3&b avg ex cycles: 7
T4 avg ex cycles: 143
Avg. hops NOC1: 25
Avg. latency NOC1 (T2): 6,641
Avg. hops NOC2: 15
Avg. latency NOC2 (T3): 3,811
Number of K Nodes Processed: 9,222
Number of K Edges Processed: 234,606
Node Re-explore factor: 2.20
Edge Re-explore factor: 1.83
Nodes/cy: 37
Edges/cy: 935
TEPS: 511

---Pcache---
Pcache Size: 16,384
Cached: 0
  PHits: 0
  PMisses: 0
  PHit Rate (hit/miss): -nan%
  PEvictions: 0
  PEviction Rate (evict/misses): -nan%

---Energy---
Leakage Energy (nJ): 320,849
PU Dyn E (nJ): 22,112,672
Mem Dyn E (nJ): 64,189,827
Route Dyn E (nJ): 35,175,541
Dynamic Energy (nJ): 121,478,041
Ratio of Dyn/Leak: 379
Total Energy (nJ): 121,798,890
Total Energy (nJ) 3D: 124,912,245
Cores Energy (nJ): 22,123,847
Route Energy (nJ): 35,181,975
Route Energy (nJ) 3D: 38,295,330
Mem Energy   (nJ): 64,493,069
Mem Energy   (nJ) 3D: 64,493,069
Avg. Power (mW): 485,329.95
Power Density (mW/mm2): 140.22

---Runtime---
Runtime in K cycles: 250.96
Microseconds: 250.96
Time per iteration (ms): 0.25

---Throughput---
GOP/s (aka OPS/ns): 13,334.78
GOP/s per core: 0.81
FLOP/s: 1,500.90
FLOP/s per core: 0.09
Max Peak FLOP/s: 16,384.00
Avg. BW GB/s: 48,961.30
Max BW GB/s: 65,536.00

---Traffic---
In-Die bisection_bytes BW (GB/s): 2,048.00
Inter-board traffic (msg/ns): 0.00, per-link: 0.00
Inter-pack traffic (msg/ns): 0.00, per-link: 0.00
Inter-die traffic (msg/ns): 0.00, per-link: 0.00
Ruche traffic (msg/ns): 0.00, per-link: 0.00
All traffic (msg/ns): 46,661.42, per-link: 2.85
Inter-die reduction wrt all: inf
Inter-board reduction wrt inter-die: -nan

---Data Movement---
All traffic (msg): 11,710,195,398
Arith. Intensity FLOP/Loads: 0.26
Arith. Intensity FLOP/Msgs: 0.03
Arith. Intensity OPS/Loads: 2.27
Arith. Intensity OPS/Msgs: 0.29



===Core Utilization Total=== CORE-S:25;; TIME K cy:250 ;; Nodes Proc: 572,519 -- Edges Proc: 13,942,414
======== IT IS COLD ======= Only 127 Tiles active

===PRINTING FRAME STATS

FCollision In Avg:5, SD:18, Max:146, Min:0
FCollision Out Avg:3, SD:10, Max:124, Min:0
FCollision End Avg:0, SD:3, Max:97, Min:0
FTask1 Avg:2, SD:6, Max:63, Min:0
FTask2 Avg:2, SD:10, Max:100, Min:0
FTask3 Avg:11, SD:8, Max:50, Min:0
FCore Active Avg:14, SD:15, Max:100, Min:0
FRouter Active Avg:22, SD:21, Max:97, Min:1
T1 invocations: 18,573
T2 invocations: 22,151
T3 invocations: 12,488
T3b invocations: 670,884
Total3 invocations: 683,372
Total4 invocations: 1,512

T3/T2 ratio: 1
T3b/T3 ratio: 54

T1 avg ex cycles: 34
T2 avg ex cycles: 34
T3&b avg ex cycles: 6
T4 avg ex cycles: 89
Avg. hops NOC1: 56
Avg. latency NOC1 (T2): 3,696
Avg. hops NOC2: 12
Avg. latency NOC2 (T3): 250

===PRINTING ACUM STATS at pu_cycles: 260,304

ACollision In Avg:62, SD:28, Max:181, Min:6
ACollision Out Avg:53, SD:22, Max:151, Min:1
ACollision End Avg:2, SD:4, Max:63, Min:0
ATask1 Avg:7, SD:1, Max:14, Min:3
ATask2 Avg:7, SD:2, Max:17, Min:0
ATask3 Avg:65, SD:4, Max:81, Min:52
ACore Active Avg:79, SD:4, Max:95, Min:66
ARouter Active Avg:78, SD:6, Max:91, Min:51
T1 invocations: 7,243,828
T2 invocations: 8,054,114
T3 invocations: 27,883,819
T3b invocations: 350,432,917
Total3 invocations: 378,316,736
Total4 invocations: 240,068

T3/T2 ratio: 3
T3b/T3 ratio: 13

T1 avg ex cycles: 38
T2 avg ex cycles: 36
T3&b avg ex cycles: 7
T4 avg ex cycles: 141
Avg. hops NOC1: 25
Avg. latency NOC1 (T2): 6,621
Avg. hops NOC2: 15
Avg. latency NOC2 (T3): 3,795
Number of K Nodes Processed: 9,227
Number of K Edges Processed: 235,943
Node Re-explore factor: 2.20
Edge Re-explore factor: 1.84
Nodes/cy: 35
Edges/cy: 906
TEPS: 493

---Pcache---
Pcache Size: 16,384
Cached: 0
  PHits: 0
  PMisses: 0
  PHit Rate (hit/miss): -nan%
  PEvictions: 0
  PEviction Rate (evict/misses): -nan%

---Energy---
Leakage Energy (nJ): 332,794
PU Dyn E (nJ): 22,205,326
Mem Dyn E (nJ): 64,474,423
Route Dyn E (nJ): 35,313,302
Dynamic Energy (nJ): 121,993,052
Ratio of Dyn/Leak: 367
Total Energy (nJ): 122,325,846
Total Energy (nJ) 3D: 125,451,394
Cores Energy (nJ): 22,216,918
Route Energy (nJ): 35,319,976
Route Energy (nJ) 3D: 38,445,524
Mem Energy   (nJ): 64,788,954
Mem Energy   (nJ) 3D: 64,788,954
Avg. Power (mW): 469,934.56
Power Density (mW/mm2): 135.77

---Runtime---
Runtime in K cycles: 260.30
Microseconds: 260.30
Time per iteration (ms): 0.26

---Throughput---
GOP/s (aka OPS/ns): 12,908.94
GOP/s per core: 0.79
FLOP/s: 1,453.37
FLOP/s per core: 0.09
Max Peak FLOP/s: 16,384.00
Avg. BW GB/s: 47,413.62
Max BW GB/s: 65,536.00

---Traffic---
In-Die bisection_bytes BW (GB/s): 2,048.00
Inter-board traffic (msg/ns): 0.00, per-link: 0.00
Inter-pack traffic (msg/ns): 0.00, per-link: 0.00
Inter-die traffic (msg/ns): 0.00, per-link: 0.00
Ruche traffic (msg/ns): 0.00, per-link: 0.00
All traffic (msg/ns): 45,164.40, per-link: 2.76
Inter-die reduction wrt all: inf
Inter-board reduction wrt inter-die: -nan

---Data Movement---
All traffic (msg): 11,756,473,118
Arith. Intensity FLOP/Loads: 0.26
Arith. Intensity FLOP/Msgs: 0.03
Arith. Intensity OPS/Loads: 2.27
Arith. Intensity OPS/Msgs: 0.29



===Core Utilization Total=== CORE-S:26;; TIME K cy:260 ;; Nodes Proc: 572,847 -- Edges Proc: 14,063,680
======== IT IS COLD ======= Only 75 Tiles active

===PRINTING FRAME STATS

FCollision In Avg:2, SD:11, Max:158, Min:0
FCollision Out Avg:1, SD:7, Max:75, Min:0
FCollision End Avg:0, SD:1, Max:28, Min:0
FTask1 Avg:1, SD:4, Max:60, Min:0
FTask2 Avg:1, SD:6, Max:87, Min:0
FTask3 Avg:5, SD:6, Max:39, Min:0
FCore Active Avg:6, SD:10, Max:100, Min:0
FRouter Active Avg:10, SD:14, Max:91, Min:0
T1 invocations: 6,148
T2 invocations: 8,384
T3 invocations: 6,353
T3b invocations: 300,796
Total3 invocations: 307,149
Total4 invocations: 778

T3/T2 ratio: 1
T3b/T3 ratio: 47

T1 avg ex cycles: 34
T2 avg ex cycles: 38
T3&b avg ex cycles: 6
T4 avg ex cycles: 60
Avg. hops NOC1: 50
Avg. latency NOC1 (T2): 3,385
Avg. hops NOC2: 12
Avg. latency NOC2 (T3): 249

===PRINTING ACUM STATS at pu_cycles: 270,605

ACollision In Avg:60, SD:27, Max:179, Min:6
ACollision Out Avg:51, SD:22, Max:145, Min:1
ACollision End Avg:2, SD:4, Max:61, Min:0
ATask1 Avg:6, SD:1, Max:14, Min:3
ATask2 Avg:7, SD:2, Max:17, Min:0
ATask3 Avg:63, SD:4, Max:78, Min:50
ACore Active Avg:76, SD:4, Max:92, Min:65
ARouter Active Avg:75, SD:6, Max:89, Min:50
T1 invocations: 7,255,661
T2 invocations: 8,076,522
T3 invocations: 27,903,103
T3b invocations: 351,168,314
Total3 invocations: 379,071,417
Total4 invocations: 242,896

T3/T2 ratio: 3
T3b/T3 ratio: 13

T1 avg ex cycles: 38
T2 avg ex cycles: 36
T3&b avg ex cycles: 7
T4 avg ex cycles: 140
Avg. hops NOC1: 25
Avg. latency NOC1 (T2): 6,612
Avg. hops NOC2: 15
Avg. latency NOC2 (T3): 3,788
Number of K Nodes Processed: 9,230
Number of K Edges Processed: 236,558
Node Re-explore factor: 2.20
Edge Re-explore factor: 1.84
Nodes/cy: 34
Edges/cy: 874
TEPS: 474

---Pcache---
Pcache Size: 16,384
Cached: 0
  PHits: 0
  PMisses: 0
  PHit Rate (hit/miss): -nan%
  PEvictions: 0
  PEviction Rate (evict/misses): -nan%

---Energy---
Leakage Energy (nJ): 345,964
PU Dyn E (nJ): 22,247,129
Mem Dyn E (nJ): 64,602,342
Route Dyn E (nJ): 35,372,989
Dynamic Energy (nJ): 122,222,460
Ratio of Dyn/Leak: 353
Total Energy (nJ): 122,568,424
Total Energy (nJ) 3D: 125,699,255
Cores Energy (nJ): 22,259,178
Route Energy (nJ): 35,379,927
Route Energy (nJ) 3D: 38,510,758
Mem Energy   (nJ): 64,929,319
Mem Energy   (nJ) 3D: 64,929,319
Avg. Power (mW): 452,942.20
Power Density (mW/mm2): 130.86

---Runtime---
Runtime in K cycles: 270.61
Microseconds: 270.61
Time per iteration (ms): 0.27

---Throughput---
GOP/s (aka OPS/ns): 12,440.29
GOP/s per core: 0.76
FLOP/s: 1,400.83
FLOP/s per core: 0.09
Max Peak FLOP/s: 16,384.00
Avg. BW GB/s: 45,699.41
Max BW GB/s: 65,536.00

---Traffic---
In-Die bisection_bytes BW (GB/s): 2,048.00
Inter-board traffic (msg/ns): 0.00, per-link: 0.00
Inter-pack traffic (msg/ns): 0.00, per-link: 0.00
Inter-die traffic (msg/ns): 0.00, per-link: 0.00
Ruche traffic (msg/ns): 0.00, per-link: 0.00
All traffic (msg/ns): 43,519.52, per-link: 2.66
Inter-die reduction wrt all: inf
Inter-board reduction wrt inter-die: -nan

---Data Movement---
All traffic (msg): 11,776,600,982
Arith. Intensity FLOP/Loads: 0.26
Arith. Intensity FLOP/Msgs: 0.03
Arith. Intensity OPS/Loads: 2.27
Arith. Intensity OPS/Msgs: 0.29



===Core Utilization Total=== CORE-S:27;; TIME K cy:270 ;; Nodes Proc: 573,012 -- Edges Proc: 14,100,453
======== IT IS COLD ======= Only 43 Tiles active

===PRINTING FRAME STATS

FCollision In Avg:1, SD:10, Max:158, Min:0
FCollision Out Avg:1, SD:6, Max:75, Min:0
FCollision End Avg:0, SD:1, Max:17, Min:0
FTask1 Avg:0, SD:3, Max:60, Min:0
FTask2 Avg:1, SD:5, Max:87, Min:0
FTask3 Avg:3, SD:5, Max:32, Min:0
FCore Active Avg:4, SD:9, Max:100, Min:0
FRouter Active Avg:7, SD:13, Max:91, Min:0
T1 invocations: 4,418
T2 invocations: 5,776
T3 invocations: 4,561
T3b invocations: 216,137
Total3 invocations: 220,698
Total4 invocations: 580

T3/T2 ratio: 1
T3b/T3 ratio: 47

T1 avg ex cycles: 33
T2 avg ex cycles: 39
T3&b avg ex cycles: 6
T4 avg ex cycles: 57
Avg. hops NOC1: 52
Avg. latency NOC1 (T2): 3,205
Avg. hops NOC2: 11
Avg. latency NOC2 (T3): 177

===PRINTING ACUM STATS at pu_cycles: 280,148

ACollision In Avg:58, SD:26, Max:179, Min:6
ACollision Out Avg:50, SD:21, Max:140, Min:1
ACollision End Avg:2, SD:4, Max:58, Min:0
ATask1 Avg:6, SD:1, Max:13, Min:4
ATask2 Avg:6, SD:2, Max:16, Min:0
ATask3 Avg:61, SD:4, Max:76, Min:48
ACore Active Avg:74, SD:4, Max:89, Min:63
ARouter Active Avg:73, SD:6, Max:87, Min:48
T1 invocations: 7,258,881
T2 invocations: 8,082,684
T3 invocations: 27,908,959
T3b invocations: 351,422,708
Total3 invocations: 379,331,667
Total4 invocations: 243,798

T3/T2 ratio: 3
T3b/T3 ratio: 13

T1 avg ex cycles: 38
T2 avg ex cycles: 36
T3&b avg ex cycles: 7
T4 avg ex cycles: 139
Avg. hops NOC1: 25
Avg. latency NOC1 (T2): 6,609
Avg. hops NOC2: 15
Avg. latency NOC2 (T3): 3,786
Number of K Nodes Processed: 9,231
Number of K Edges Processed: 236,781
Node Re-explore factor: 2.20
Edge Re-explore factor: 1.85
Nodes/cy: 33
Edges/cy: 845
TEPS: 458

---Pcache---
Pcache Size: 16,384
Cached: 0
  PHits: 0
  PMisses: 0
  PHit Rate (hit/miss): -nan%
  PEvictions: 0
  PEviction Rate (evict/misses): -nan%

---Energy---
Leakage Energy (nJ): 358,165
PU Dyn E (nJ): 22,261,189
Mem Dyn E (nJ): 64,643,780
Route Dyn E (nJ): 35,394,537
Dynamic Energy (nJ): 122,299,507
Ratio of Dyn/Leak: 341
Total Energy (nJ): 122,657,672
Total Energy (nJ) 3D: 125,790,410
Cores Energy (nJ): 22,273,664
Route Energy (nJ): 35,401,719
Route Energy (nJ) 3D: 38,534,458
Mem Energy   (nJ): 64,982,288
Mem Energy   (nJ) 3D: 64,982,288
Avg. Power (mW): 437,831.69
Power Density (mW/mm2): 126.50

---Runtime---
Runtime in K cycles: 280.15
Microseconds: 280.15
Time per iteration (ms): 0.28

---Throughput---
GOP/s (aka OPS/ns): 12,023.82
GOP/s per core: 0.73
FLOP/s: 1,354.04
FLOP/s per core: 0.08
Max Peak FLOP/s: 16,384.00
Avg. BW GB/s: 44,171.09
Max BW GB/s: 65,536.00

---Traffic---
In-Die bisection_bytes BW (GB/s): 2,048.00
Inter-board traffic (msg/ns): 0.00, per-link: 0.00
Inter-pack traffic (msg/ns): 0.00, per-link: 0.00
Inter-die traffic (msg/ns): 0.00, per-link: 0.00
Ruche traffic (msg/ns): 0.00, per-link: 0.00
All traffic (msg/ns): 42,062.90, per-link: 2.57
Inter-die reduction wrt all: inf
Inter-board reduction wrt inter-die: -nan

---Data Movement---
All traffic (msg): 11,783,837,263
Arith. Intensity FLOP/Loads: 0.26
Arith. Intensity FLOP/Msgs: 0.03
Arith. Intensity OPS/Loads: 2.27
Arith. Intensity OPS/Msgs: 0.29



===Core Utilization Total=== CORE-S:28;; TIME K cy:280 ;; Nodes Proc: 573,087 -- Edges Proc: 14,111,558
======== IT IS COLD ======= Only 1 Tiles active
Epoch Done Router: 7
Epoch Done Router: 15
Epoch Done Router: 12
Epoch Done Router: 14
Epoch Done Router: 10
Epoch Done Router: 9
Epoch Done Router: 8
Epoch Done Router: 2
Epoch Done Router: 6
Epoch Done Router: 11
Epoch Done Router: 5
Epoch Done Router: 4
Epoch Done Router: 0
Epoch Done Router: 13
Epoch Done Router: 1
Epoch Done Router: 3
##EPOCH## 1 COMPLETED at Time (K cy): 287
Nodes processed until now: 9,231,131
Edges processed until now: 236,816,322
Program Done Worker Thread: 0
Program Done Router Thread: 13
Program Done Router Thread: 6
Program Done Worker Thread: 13
Program Done Router Thread: 1
Program Done Worker Thread: 11
Program Done Worker Thread: 5
Program Done Router Thread: 14
Program Done Router Thread: 5
Program Done Router Thread: 11
Program Done Worker Thread: 1
Program Done Worker Thread: 9
Program Done Worker Thread: 6
Program Done Worker Thread: 7
Program Done Worker Thread: 10
Program Done Worker Thread: 3
Program Done Worker Thread: 8
Program Done Worker Thread: 15
Program Done Router Thread: 15
Program Done Worker Thread: 14
Program Done Router Thread: 3
Program Done Router Thread: 7
Program Done Router Thread: 8
Program Done Router Thread: 2
Program Done Router Thread: 10
Program Done Router Thread: 9
Program Done Worker Thread: 12
Program Done Router Thread: 0
Program Done Router Thread: 4
Program Done Worker Thread: 4
Program Done Worker Thread: 2
Program Done Router Thread: 12

===PRINTING ACUM STATS at pu_cycles: 287,050

ACollision In Avg:57, SD:25, Max:168, Min:6
ACollision Out Avg:48, SD:20, Max:137, Min:1
ACollision End Avg:2, SD:3, Max:57, Min:0
ATask1 Avg:6, SD:1, Max:13, Min:4
ATask2 Avg:6, SD:2, Max:16, Min:3
ATask3 Avg:59, SD:4, Max:74, Min:47
ACore Active Avg:72, SD:3, Max:86, Min:61
ARouter Active Avg:71, SD:6, Max:84, Min:47
T1 invocations: 7,260,096
T2 invocations: 8,086,351
T3 invocations: 27,910,319
T3b invocations: 351,479,186
Total3 invocations: 379,389,505
Total4 invocations: 244,076

T3/T2 ratio: 3
T3b/T3 ratio: 13

T1 avg ex cycles: 38
T2 avg ex cycles: 36
T3&b avg ex cycles: 7
T4 avg ex cycles: 139
Avg. hops NOC1: 25
Avg. latency NOC1 (T2): 6,608
Avg. hops NOC2: 15
Avg. latency NOC2 (T3): 3,785

Runtime at program end in K cycles: 287
Runtime before cooldown in K cycles: 211


Number of K Nodes Processed: 9,231
Number of K Edges Processed: 236,816
Node Re-explore factor: 2.20
Edge Re-explore factor: 1.85
Nodes/cy: 32
Edges/cy: 825
TEPS: 447

---Pcache---
Pcache Size: 16,384
Cached: 0
  PHits: 0
  PMisses: 0
  PHit Rate (hit/miss): -nan%
  PEvictions: 0
  PEviction Rate (evict/misses): -nan%

---Energy---
Leakage Energy (nJ): 366,989
PU Dyn E (nJ): 22,264,775
Mem Dyn E (nJ): 64,657,637
Route Dyn E (nJ): 35,399,337
Dynamic Energy (nJ): 122,321,750
Ratio of Dyn/Leak: 333
Total Energy (nJ): 122,688,739
Total Energy (nJ) 3D: 125,821,902
Cores Energy (nJ): 22,277,557
Route Energy (nJ): 35,406,697
Route Energy (nJ) 3D: 38,539,860
Mem Energy   (nJ): 65,004,486
Mem Energy   (nJ) 3D: 65,004,486
Avg. Power (mW): 427,412.43
Power Density (mW/mm2): 123.49

---Runtime---
Runtime in K cycles: 287.05
Microseconds: 287.05
Time per iteration (ms): 0.29

---Inst---
K Loads: 1,486,009
K Stores: 1,608,262
K Instructions: 3,369,004

---Throughput---
GOP/s (aka OPS/ns): 11,736.65
GOP/s per core: 0.72
FLOP/s: 1,321.68
FLOP/s per core: 0.08
Max Peak FLOP/s: 16,384.00
Avg. BW GB/s: 43,118.23
Max BW GB/s: 65,536.00

---Traffic---
In-Die bisection_bytes BW (GB/s): 2,048.00
Inter-board traffic (msg/ns): 0.00, per-link: 0.00
Inter-pack traffic (msg/ns): 0.00, per-link: 0.00
Inter-die traffic (msg/ns): 0.00, per-link: 0.00
Ruche traffic (msg/ns): 0.00, per-link: 0.00
All traffic (msg/ns): 41,057.15, per-link: 2.51
Inter-die reduction wrt all: inf
Inter-board reduction wrt inter-die: -nan

---Data Movement---
All traffic (msg): 11,785,455,941
Arith. Intensity FLOP/Loads: 0.26
Arith. Intensity FLOP/Msgs: 0.03
Arith. Intensity OPS/Loads: 2.27
Arith. Intensity OPS/Msgs: 0.29

Simulation time: 367.10
Sim noc_cy/s: 781.95
Sim Msg/s: 32,104,464.79

Version 31

