Dataset:  wikipedia/
Dry run: 0
Open Edge Count File succesfully
Edges Traversed BFS: 95554407
Found Vertices: 4210688, Edges: 101311613
avg degree 25
Array  wikipedia/node_array.bin found
Malloc array of size 16842756 bytes
Readin array of size 16825160 bytes
Finished Reading Array Bytes
No reordering Array 32bit
Array  wikipedia/edge_array.bin found
Malloc array of size 405246452 bytes
Readin array of size 405246452 bytes
Finished Reading Array Bytes
No reordering Array 32bit
Reading graph elapsed time: 0.0892335s

Dataset Footprint: 403 MiB
Dataset Footprint per Board: 3380.61 Mb
Dataset injection time (ms): 0.051584
Max Dataset Footprint: 821 MiB

Dataset footprint per tile: 25 KiB
Proxys footprint per tile: 64 KiB
Reserved SRAM per tile: 7 KiB

Ideal SRAM per tile: 96 KiB
reserved_words_for_dataset:25855
dataset_words_per_tile:6448
remaining_sram_words:129278
min_dcache_sram_words_required:6448
dataset_words_per_tile:6448
min_pcache_sram_words_required:8
proxys_words_per_tile:16448
Dcache footprint ratio: 1
Pcache footprint ratio: 1
Dataset Cached: 0
DCache: 6448 words, lines: 403, sets: 403
Proxys Cached: 0
Pcache: 16448 words, sets: 16448
Node per tile: 257
Edge per tile: 6,184
GRID_X: 128
GRID_SIZE: 16,384
smt_per_tile: 1
noc_freq: 1
pu_freq: 1
RUCHE_X: 0
PROXY_W: 16
DIE_W: 128
DIE_H: 128
DIES: 1
BORDER_TILES_PER_DIE: 512
PACK_W: 128
PACK_H: 128
DIES_PACK_FACTOR: 1
DIES_PER_PACK: 1
PACKAGES: 1
BOARD_W: 128
BOARD_H: 128
BOARDS: 1
MUX_BUS: 1
DCACHE: 0
PCACHE: 1
PROXY_FACTOR: 8
CACHE_WAYS: 1
TORUS: 1
PHY_NOCS: 1
WIDE_NOC_ID: 0
NOC_CONF: 1
noc_width: 32
hbm_channel_bit_width: 512
ld_st_op_byte_width: 4
PROXY_ROUTING: 3
WRITE_THROUGH: 0
ASSERT_MODE: 0
GLOBAL_BARRIER: 0
OQ flits: 6 ; 32 ; 64
IQ flits: 6 ; 512 ; 1,024
OQ messages: 2 ; 16 ; 32
IQ messages: 2 ; 256 ; 512
max_task2 size: 64
io_factor_t2: 16
io_factor_t3: 16
io_factor_t3b: 16

Active SRAM Storage per tile: 96 KiB
Total SRAM Storage per tile: 512 KiB
Agreggated SRAM Storage: 8,192 MiB

Inter-Die #links: 4,096
Inter-Die (Gbits): 131,072
Inter-Die (Gbits/mm): 563.524
Bisection BW of Board (Gbits): 32,768
Border IO #Dies: 4
Border IO Die BW (Gbits): 16,384
Off-Board BW Total (Gbits): 65,536
Off-Board BW Density (Gbits/mm): 278
Die side: 58.15 mm
Die border wire density: 563.52 Gbits/mm
HBM wire density: 70.44 Gbits/mm

Tiles per Die: 16,384 (128x128)
Tile Area: 0.19 mm2, side: 0.44 mm
- Core/Rout Area: 0.05 mm2
- SRAM Area: 0.14 mm2
- SRAM/Logic Ratio: 2.80x

Dies per Package: 1 (1x1)
Die Area: 3,381.23 mm2, side: 58.15 mm
- Tiles Area: 3,191.28 mm2
- PHY Area: 189.96 mm2
- MC Area: 0.00 mm2

Packages per Board: 1 (1x1)
Package Area: 3,461.23 mm2, side: 58.83 mm
- IOdie Area: 80.00 mm2
- Dies Area: 3,381.23 mm2
- HBM Area: 0.00 mm2

Boards: 1 (1x1)
Board Area: 3,461.23 mm2
Total Area: 3,461.23 mm2



ESTIMATED COST OF SILICON AND PACKAGING. ONLY VARIABLE, NO FIXED COSTS
Good dies per wafer 3d: 5
Good dies per wafer 2d: 6
--Dies 3D Cost: 1,209.40 $
--Dies 2.5D Cost: 1,007.83 $
--Dies 2D Cost: 1,007.83 $
--HBM Cost: 60.00 $
--IOdie Cost: 8.44 $
--Packaging Cost 3d: 233.07 $
--Packaging Cost 2.5d: 505.18 $
--Packaging Cost 2d: 152.44 $
SiP Cost 3d: 1,510.91 $
SiP Cost 2.5d: 1,581.46 $
SiP Cost 2d: 1,168.71 $
--Board Cost: 3.46 $
Total SiPs Cost 3d: 1,514.37 $
Total SiPs Cost 2.5d: 1,584.92 $
Total SiPs Cost 2d: 1,172.18 $

Perf counters initialized
Mesh connected
Cache structures initialized
Allocated proxys
proxys initialized
Dataset structures initialized


Starting Simulation
INIT epoch: 1
INIT epoch: 1
INIT epoch: 1
INIT epoch: 1
INIT epoch: 1
INIT epoch: 1
INIT epoch: 1
INIT epoch: 1

===PRINTING FRAME STATS

FCollision In Avg:-nan, SD:-nan, Max:266, Min:0
FCollision Out Avg:-nan, SD:-nan, Max:99, Min:0
FCollision End Avg:-nan, SD:-nan, Max:39, Min:0
FTask1 Avg:-nan, SD:-nan, Max:100, Min:4
FTask2 Avg:-nan, SD:-nan, Max:0, Min:0
FTask3 Avg:-nan, SD:-nan, Max:94, Min:0
FCore Active Avg:-nan, SD:-nan, Max:100, Min:10
FRouter Active Avg:-nan, SD:-nan, Max:101, Min:21
T1 invocations: 175,436
T2 invocations: 0
T3 invocations: 162,657
T3b invocations: 3,167,457
Total3 invocations: 3,330,114
Total4 invocations: 0

T3/T2 ratio: inf
T3b/T3 ratio: 19

T1 avg ex cycles: 167
T2 avg ex cycles: -nan
T3&b avg ex cycles: 2
T4 avg ex cycles: -nan
Avg. hops NOC1: -nan
Avg. latency NOC1 (T2): -nan
Avg. hops NOC2: 16
Avg. latency NOC2 (T3): 1,932

===PRINTING ACUM STATS at pu_cycles: 10,401

ACollision In Avg:-nan, SD:-nan, Max:266, Min:0
ACollision Out Avg:-nan, SD:-nan, Max:99, Min:0
ACollision End Avg:-nan, SD:-nan, Max:39, Min:0
ATask1 Avg:-nan, SD:-nan, Max:100, Min:4
ATask2 Avg:-nan, SD:-nan, Max:0, Min:0
ATask3 Avg:-nan, SD:-nan, Max:94, Min:0
ACore Active Avg:-nan, SD:-nan, Max:100, Min:10
ARouter Active Avg:-nan, SD:-nan, Max:101, Min:21
T1 invocations: 642,924
T2 invocations: 0
T3 invocations: 687,815
T3b invocations: 11,554,376
Total3 invocations: 12,242,191
Total4 invocations: 0

T3/T2 ratio: inf
T3b/T3 ratio: 17

T1 avg ex cycles: 162
T2 avg ex cycles: -nan
T3&b avg ex cycles: 2
T4 avg ex cycles: -nan
Avg. hops NOC1: -nan
Avg. latency NOC1 (T2): -nan
Avg. hops NOC2: 15
Avg. latency NOC2 (T3): 1,684
Number of K Nodes Processed: 12,554
Number of K Edges Processed: 12,554
Node Re-explore factor: 2.98
Edge Re-explore factor: 0.12
Nodes/cy: 1,207
Edges/cy: 1,207
TEPS: 9,187

---Pcache---
Pcache Size: 16,448
Cached: 0
  PHits: 0
  PMisses: 0
  PHit Rate (hit/miss): -nan%
  PEvictions: 0
  PEviction Rate (evict/misses): -nan%

---Energy---
Leakage Energy (nJ): 10,954
PU Dyn E (nJ): 882,247
Mem Dyn E (nJ): 2,213,314
Route Dyn E (nJ): 1,083,129
Dynamic Energy (nJ): 4,178,691
Ratio of Dyn/Leak: 381
Total Energy (nJ): 4,189,645
Total Energy (nJ) 3D: 4,285,512
Cores Energy (nJ): 882,710
Route Energy (nJ): 1,083,396
Route Energy (nJ) 3D: 1,179,263
Mem Energy   (nJ): 2,223,539
Mem Energy   (nJ) 3D: 2,223,539
Avg. Power (mW): 402,811.78
Power Density (mW/mm2): 116.38

---Runtime---
Runtime in K cycles: 10.40
Microseconds: 10.40
Time per iteration (ms): 0.01

---Throughput---
GOP/s (aka OPS/ns): 12,309.38
GOP/s per core: 0.75
FLOP/s: 1,576.80
FLOP/s per core: 0.10
Max Peak FLOP/s: 16,384.00
Avg. BW GB/s: 41,604.69
Max BW GB/s: 65,536.00

---Traffic---
In-Die bisection_bytes BW (GB/s): 2,048.00
Inter-board traffic (msg/ns): 0.00, per-link: 0.00
Inter-pack traffic (msg/ns): 0.00, per-link: 0.00
Inter-die traffic (msg/ns): 0.00, per-link: 0.00
Ruche traffic (msg/ns): 0.00, per-link: 0.00
All traffic (msg/ns): 34,720.74, per-link: 2.12
Inter-die reduction wrt all: inf
Inter-board reduction wrt inter-die: -nan

---Data Movement---
All traffic (msg): 361,130,412
Arith. Intensity FLOP/Loads: 0.23
Arith. Intensity FLOP/Msgs: 0.05
Arith. Intensity OPS/Loads: 1.81
Arith. Intensity OPS/Msgs: 0.35



===Core Utilization Total=== CORE-S:1;; TIME K cy:10 ;; Nodes Proc: 1,542,290 -- Edges Proc: 0

===PRINTING FRAME STATS

FCollision In Avg:40, SD:42, Max:275, Min:0
FCollision Out Avg:22, SD:31, Max:140, Min:0
FCollision End Avg:0, SD:3, Max:131, Min:0
FTask1 Avg:67, SD:25, Max:100, Min:0
FTask2 Avg:0, SD:0, Max:0, Min:0
FTask3 Avg:21, SD:13, Max:100, Min:0
FCore Active Avg:88, SD:23, Max:100, Min:5
FRouter Active Avg:75, SD:17, Max:101, Min:20
T1 invocations: 161,707
T2 invocations: 0
T3 invocations: 204,486
T3b invocations: 4,034,210
Total3 invocations: 4,238,696
Total4 invocations: 0

T3/T2 ratio: inf
T3b/T3 ratio: 20

T1 avg ex cycles: 170
T2 avg ex cycles: -nan
T3&b avg ex cycles: 2
T4 avg ex cycles: -nan
Avg. hops NOC1: -nan
Avg. latency NOC1 (T2): -nan
Avg. hops NOC2: 12
Avg. latency NOC2 (T3): 2,883

===PRINTING ACUM STATS at pu_cycles: 20,401

ACollision In Avg:42, SD:41, Max:262, Min:0
ACollision Out Avg:23, SD:30, Max:100, Min:0
ACollision End Avg:0, SD:2, Max:83, Min:0
ATask1 Avg:69, SD:24, Max:100, Min:2
ATask2 Avg:0, SD:0, Max:0, Min:0
ATask3 Avg:18, SD:13, Max:97, Min:0
ACore Active Avg:88, SD:22, Max:100, Min:8
ARouter Active Avg:76, SD:16, Max:100, Min:21
T1 invocations: 1,237,004
T2 invocations: 0
T3 invocations: 1,478,194
T3b invocations: 25,635,650
Total3 invocations: 27,113,844
Total4 invocations: 0

T3/T2 ratio: inf
T3b/T3 ratio: 17

T1 avg ex cycles: 163
T2 avg ex cycles: -nan
T3&b avg ex cycles: 2
T4 avg ex cycles: -nan
Avg. hops NOC1: -nan
Avg. latency NOC1 (T2): -nan
Avg. hops NOC2: 13
Avg. latency NOC2 (T3): 2,213
Number of K Nodes Processed: 27,463
Number of K Edges Processed: 27,463
Node Re-explore factor: 6.52
Edge Re-explore factor: 0.27
Nodes/cy: 1,346
Edges/cy: 1,346
TEPS: 4,684

---Pcache---
Pcache Size: 16,448
Cached: 0
  PHits: 0
  PMisses: 0
  PHit Rate (hit/miss): -nan%
  PEvictions: 0
  PEviction Rate (evict/misses): -nan%

---Energy---
Leakage Energy (nJ): 21,486
PU Dyn E (nJ): 1,734,128
Mem Dyn E (nJ): 4,707,332
Route Dyn E (nJ): 2,090,287
Dynamic Energy (nJ): 8,531,748
Ratio of Dyn/Leak: 397
Total Energy (nJ): 8,553,234
Total Energy (nJ) 3D: 8,738,243
Cores Energy (nJ): 1,735,037
Route Energy (nJ): 2,090,810
Route Energy (nJ) 3D: 2,275,820
Mem Energy   (nJ): 4,727,387
Mem Energy   (nJ) 3D: 4,727,387
Avg. Power (mW): 419,255.64
Power Density (mW/mm2): 121.13

---Runtime---
Runtime in K cycles: 20.40
Microseconds: 20.40
Time per iteration (ms): 0.02

---Throughput---
GOP/s (aka OPS/ns): 12,450.78
GOP/s per core: 0.76
FLOP/s: 1,551.27
FLOP/s per core: 0.09
Max Peak FLOP/s: 16,384.00
Avg. BW GB/s: 45,034.84
Max BW GB/s: 65,536.00

---Traffic---
In-Die bisection_bytes BW (GB/s): 2,048.00
Inter-board traffic (msg/ns): 0.00, per-link: 0.00
Inter-pack traffic (msg/ns): 0.00, per-link: 0.00
Inter-die traffic (msg/ns): 0.00, per-link: 0.00
Ruche traffic (msg/ns): 0.00, per-link: 0.00
All traffic (msg/ns): 34,503.55, per-link: 2.11
Inter-die reduction wrt all: inf
Inter-board reduction wrt inter-die: -nan

---Data Movement---
All traffic (msg): 703,906,928
Arith. Intensity FLOP/Loads: 0.22
Arith. Intensity FLOP/Msgs: 0.04
Arith. Intensity OPS/Loads: 1.73
Arith. Intensity OPS/Msgs: 0.36



===Core Utilization Total=== CORE-S:2;; TIME K cy:20 ;; Nodes Proc: 3,360,071 -- Edges Proc: 0

===PRINTING FRAME STATS

FCollision In Avg:38, SD:41, Max:247, Min:0
FCollision Out Avg:21, SD:30, Max:150, Min:0
FCollision End Avg:0, SD:3, Max:146, Min:0
FTask1 Avg:68, SD:24, Max:99, Min:0
FTask2 Avg:0, SD:0, Max:0, Min:0
FTask3 Avg:21, SD:13, Max:100, Min:1
FCore Active Avg:89, SD:22, Max:100, Min:6
FRouter Active Avg:76, SD:17, Max:101, Min:20
T1 invocations: 162,026
T2 invocations: 0
T3 invocations: 215,012
T3b invocations: 4,095,558
Total3 invocations: 4,310,570
Total4 invocations: 0

T3/T2 ratio: inf
T3b/T3 ratio: 19

T1 avg ex cycles: 171
T2 avg ex cycles: -nan
T3&b avg ex cycles: 2
T4 avg ex cycles: -nan
Avg. hops NOC1: -nan
Avg. latency NOC1 (T2): -nan
Avg. hops NOC2: 12
Avg. latency NOC2 (T3): 3,066

===PRINTING ACUM STATS at pu_cycles: 30,401

ACollision In Avg:41, SD:41, Max:255, Min:0
ACollision Out Avg:22, SD:29, Max:117, Min:0
ACollision End Avg:0, SD:2, Max:104, Min:0
ATask1 Avg:69, SD:23, Max:98, Min:1
ATask2 Avg:0, SD:0, Max:0, Min:0
ATask3 Avg:19, SD:13, Max:98, Min:2
ACore Active Avg:88, SD:21, Max:100, Min:7
ARouter Active Avg:76, SD:16, Max:100, Min:20
T1 invocations: 1,833,658
T2 invocations: 0
T3 invocations: 2,327,260
T3b invocations: 40,089,176
Total3 invocations: 42,416,436
Total4 invocations: 0

T3/T2 ratio: inf
T3b/T3 ratio: 17

T1 avg ex cycles: 163
T2 avg ex cycles: -nan
T3&b avg ex cycles: 2
T4 avg ex cycles: -nan
Avg. hops NOC1: -nan
Avg. latency NOC1 (T2): -nan
Avg. hops NOC2: 12
Avg. latency NOC2 (T3): 2,438
Number of K Nodes Processed: 42,743
Number of K Edges Processed: 42,743
Node Re-explore factor: 10.15
Edge Re-explore factor: 0.42
Nodes/cy: 1,406
Edges/cy: 1,406
TEPS: 3,143

---Pcache---
Pcache Size: 16,448
Cached: 0
  PHits: 0
  PMisses: 0
  PHit Rate (hit/miss): -nan%
  PEvictions: 0
  PEviction Rate (evict/misses): -nan%

---Energy---
Leakage Energy (nJ): 32,018
PU Dyn E (nJ): 2,598,730
Mem Dyn E (nJ): 7,262,890
Route Dyn E (nJ): 3,105,580
Dynamic Energy (nJ): 12,967,199
Ratio of Dyn/Leak: 405
Total Energy (nJ): 12,999,217
Total Energy (nJ) 3D: 13,274,089
Cores Energy (nJ): 2,600,084
Route Energy (nJ): 3,106,359
Route Energy (nJ) 3D: 3,381,232
Mem Energy   (nJ): 7,292,775
Mem Energy   (nJ) 3D: 7,292,775
Avg. Power (mW): 427,591.77
Power Density (mW/mm2): 123.54

---Runtime---
Runtime in K cycles: 30.40
Microseconds: 30.40
Time per iteration (ms): 0.03

---Throughput---
GOP/s (aka OPS/ns): 12,565.86
GOP/s per core: 0.77
FLOP/s: 1,548.81
FLOP/s per core: 0.09
Max Peak FLOP/s: 16,384.00
Avg. BW GB/s: 46,599.84
Max BW GB/s: 65,536.00

---Traffic---
In-Die bisection_bytes BW (GB/s): 2,048.00
Inter-board traffic (msg/ns): 0.00, per-link: 0.00
Inter-pack traffic (msg/ns): 0.00, per-link: 0.00
Inter-die traffic (msg/ns): 0.00, per-link: 0.00
Ruche traffic (msg/ns): 0.00, per-link: 0.00
All traffic (msg/ns): 34,540.77, per-link: 2.11
Inter-die reduction wrt all: inf
Inter-board reduction wrt inter-die: -nan

---Data Movement---
All traffic (msg): 1,050,073,808
Arith. Intensity FLOP/Loads: 0.21
Arith. Intensity FLOP/Msgs: 0.04
Arith. Intensity OPS/Loads: 1.70
Arith. Intensity OPS/Msgs: 0.36



===Core Utilization Total=== CORE-S:3;; TIME K cy:30 ;; Nodes Proc: 5,207,545 -- Edges Proc: 0

===PRINTING FRAME STATS

FCollision In Avg:38, SD:41, Max:260, Min:0
FCollision Out Avg:20, SD:29, Max:146, Min:0
FCollision End Avg:0, SD:3, Max:144, Min:0
FTask1 Avg:68, SD:23, Max:100, Min:0
FTask2 Avg:0, SD:0, Max:0, Min:0
FTask3 Avg:21, SD:13, Max:100, Min:0
FCore Active Avg:89, SD:22, Max:100, Min:7
FRouter Active Avg:76, SD:17, Max:101, Min:21
T1 invocations: 161,599
T2 invocations: 0
T3 invocations: 231,688
T3b invocations: 4,140,927
Total3 invocations: 4,372,615
Total4 invocations: 0

T3/T2 ratio: inf
T3b/T3 ratio: 18

T1 avg ex cycles: 172
T2 avg ex cycles: -nan
T3&b avg ex cycles: 2
T4 avg ex cycles: -nan
Avg. hops NOC1: -nan
Avg. latency NOC1 (T2): -nan
Avg. hops NOC2: 12
Avg. latency NOC2 (T3): 3,127

===PRINTING ACUM STATS at pu_cycles: 40,401

ACollision In Avg:40, SD:40, Max:248, Min:0
ACollision Out Avg:22, SD:29, Max:124, Min:0
ACollision End Avg:0, SD:2, Max:114, Min:0
ATask1 Avg:68, SD:23, Max:97, Min:1
ATask2 Avg:0, SD:0, Max:0, Min:0
ATask3 Avg:20, SD:13, Max:98, Min:2
ACore Active Avg:88, SD:21, Max:100, Min:7
ARouter Active Avg:76, SD:16, Max:100, Min:21
T1 invocations: 2,426,075
T2 invocations: 0
T3 invocations: 3,207,809
T3b invocations: 54,488,760
Total3 invocations: 57,696,569
Total4 invocations: 0

T3/T2 ratio: inf
T3b/T3 ratio: 17

T1 avg ex cycles: 163
T2 avg ex cycles: -nan
T3&b avg ex cycles: 2
T4 avg ex cycles: -nan
Avg. hops NOC1: -nan
Avg. latency NOC1 (T2): -nan
Avg. hops NOC2: 12
Avg. latency NOC2 (T3): 2,561
Number of K Nodes Processed: 58,037
Number of K Edges Processed: 58,037
Node Re-explore factor: 13.78
Edge Re-explore factor: 0.57
Nodes/cy: 1,437
Edges/cy: 1,437
TEPS: 2,365

---Pcache---
Pcache Size: 16,448
Cached: 0
  PHits: 0
  PMisses: 0
  PHit Rate (hit/miss): -nan%
  PEvictions: 0
  PEviction Rate (evict/misses): -nan%

---Energy---
Leakage Energy (nJ): 42,550
PU Dyn E (nJ): 3,457,047
Mem Dyn E (nJ): 9,810,284
Route Dyn E (nJ): 4,113,935
Dynamic Energy (nJ): 17,381,266
Ratio of Dyn/Leak: 408
Total Energy (nJ): 17,423,816
Total Energy (nJ) 3D: 17,787,937
Cores Energy (nJ): 3,458,847
Route Energy (nJ): 4,114,971
Route Energy (nJ) 3D: 4,479,092
Mem Energy   (nJ): 9,849,999
Mem Energy   (nJ) 3D: 9,849,999
Avg. Power (mW): 431,271.91
Power Density (mW/mm2): 124.60

---Runtime---
Runtime in K cycles: 40.40
Microseconds: 40.40
Time per iteration (ms): 0.04

---Throughput---
GOP/s (aka OPS/ns): 12,602.71
GOP/s per core: 0.77
FLOP/s: 1,544.35
FLOP/s per core: 0.09
Max Peak FLOP/s: 16,384.00
Avg. BW GB/s: 47,349.76
Max BW GB/s: 65,536.00

---Traffic---
In-Die bisection_bytes BW (GB/s): 2,048.00
Inter-board traffic (msg/ns): 0.00, per-link: 0.00
Inter-pack traffic (msg/ns): 0.00, per-link: 0.00
Inter-die traffic (msg/ns): 0.00, per-link: 0.00
Ruche traffic (msg/ns): 0.00, per-link: 0.00
All traffic (msg/ns): 34,505.07, per-link: 2.11
Inter-die reduction wrt all: inf
Inter-board reduction wrt inter-die: -nan

---Data Movement---
All traffic (msg): 1,394,039,498
Arith. Intensity FLOP/Loads: 0.21
Arith. Intensity FLOP/Msgs: 0.04
Arith. Intensity OPS/Loads: 1.68
Arith. Intensity OPS/Msgs: 0.37



===Core Utilization Total=== CORE-S:4;; TIME K cy:40 ;; Nodes Proc: 7,063,405 -- Edges Proc: 0

===PRINTING FRAME STATS

FCollision In Avg:47, SD:34, Max:288, Min:0
FCollision Out Avg:55, SD:25, Max:150, Min:0
FCollision End Avg:0, SD:2, Max:73, Min:0
FTask1 Avg:55, SD:23, Max:100, Min:0
FTask2 Avg:0, SD:0, Max:0, Min:0
FTask3 Avg:22, SD:11, Max:98, Min:0
FCore Active Avg:78, SD:23, Max:100, Min:9
FRouter Active Avg:83, SD:11, Max:101, Min:32
T1 invocations: 134,145
T2 invocations: 0
T3 invocations: 549,654
T3b invocations: 3,941,349
Total3 invocations: 4,491,003
Total4 invocations: 0

T3/T2 ratio: inf
T3b/T3 ratio: 7

T1 avg ex cycles: 167
T2 avg ex cycles: -nan
T3&b avg ex cycles: 2
T4 avg ex cycles: -nan
Avg. hops NOC1: -nan
Avg. latency NOC1 (T2): -nan
Avg. hops NOC2: 13
Avg. latency NOC2 (T3): 3,111

===PRINTING ACUM STATS at pu_cycles: 50,401

ACollision In Avg:41, SD:36, Max:233, Min:0
ACollision Out Avg:28, SD:25, Max:126, Min:0
ACollision End Avg:0, SD:2, Max:106, Min:0
ATask1 Avg:66, SD:18, Max:80, Min:2
ATask2 Avg:0, SD:0, Max:0, Min:0
ATask3 Avg:20, SD:12, Max:97, Min:4
ACore Active Avg:86, SD:19, Max:100, Min:8
ARouter Active Avg:77, SD:14, Max:100, Min:27
T1 invocations: 2,944,857
T2 invocations: 0
T3 invocations: 5,229,313
T3b invocations: 68,436,948
Total3 invocations: 73,666,261
Total4 invocations: 0

T3/T2 ratio: inf
T3b/T3 ratio: 13

T1 avg ex cycles: 163
T2 avg ex cycles: -nan
T3&b avg ex cycles: 2
T4 avg ex cycles: -nan
Avg. hops NOC1: -nan
Avg. latency NOC1 (T2): -nan
Avg. hops NOC2: 12
Avg. latency NOC2 (T3): 2,624
Number of K Nodes Processed: 73,944
Number of K Edges Processed: 73,944
Node Re-explore factor: 17.56
Edge Re-explore factor: 0.73
Nodes/cy: 1,467
Edges/cy: 1,467
TEPS: 1,896

---Pcache---
Pcache Size: 16,448
Cached: 0
  PHits: 0
  PMisses: 0
  PHit Rate (hit/miss): -nan%
  PEvictions: 0
  PEviction Rate (evict/misses): -nan%

---Energy---
Leakage Energy (nJ): 53,082
PU Dyn E (nJ): 4,223,931
Mem Dyn E (nJ): 12,357,704
Route Dyn E (nJ): 5,385,360
Dynamic Energy (nJ): 21,966,996
Ratio of Dyn/Leak: 414
Total Energy (nJ): 22,020,078
Total Energy (nJ) 3D: 22,496,732
Cores Energy (nJ): 4,226,176
Route Energy (nJ): 5,386,653
Route Energy (nJ) 3D: 5,863,306
Mem Energy   (nJ): 12,407,250
Mem Energy   (nJ) 3D: 12,407,250
Avg. Power (mW): 436,897.65
Power Density (mW/mm2): 126.23

---Runtime---
Runtime in K cycles: 50.40
Microseconds: 50.40
Time per iteration (ms): 0.05

---Throughput---
GOP/s (aka OPS/ns): 12,392.27
GOP/s per core: 0.76
FLOP/s: 1,500.29
FLOP/s per core: 0.09
Max Peak FLOP/s: 16,384.00
Avg. BW GB/s: 47,781.96
Max BW GB/s: 65,536.00

---Traffic---
In-Die bisection_bytes BW (GB/s): 2,048.00
Inter-board traffic (msg/ns): 0.00, per-link: 0.00
Inter-pack traffic (msg/ns): 0.00, per-link: 0.00
Inter-die traffic (msg/ns): 0.00, per-link: 0.00
Ruche traffic (msg/ns): 0.00, per-link: 0.00
All traffic (msg/ns): 36,133.19, per-link: 2.21
Inter-die reduction wrt all: inf
Inter-board reduction wrt inter-die: -nan

---Data Movement---
All traffic (msg): 1,821,148,816
Arith. Intensity FLOP/Loads: 0.20
Arith. Intensity FLOP/Msgs: 0.04
Arith. Intensity OPS/Loads: 1.65
Arith. Intensity OPS/Msgs: 0.34



===Core Utilization Total=== CORE-S:5;; TIME K cy:50 ;; Nodes Proc: 9,019,947 -- Edges Proc: 0

===PRINTING FRAME STATS

FCollision In Avg:69, SD:43, Max:301, Min:0
FCollision Out Avg:92, SD:20, Max:170, Min:4
FCollision End Avg:0, SD:0, Max:28, Min:0
FTask1 Avg:31, SD:37, Max:100, Min:0
FTask2 Avg:0, SD:0, Max:0, Min:0
FTask3 Avg:13, SD:10, Max:92, Min:0
FCore Active Avg:45, SD:38, Max:100, Min:2
FRouter Active Avg:63, SD:20, Max:101, Min:12
T1 invocations: 71,795
T2 invocations: 0
T3 invocations: 486,076
T3b invocations: 2,231,828
Total3 invocations: 2,717,904
Total4 invocations: 0

T3/T2 ratio: inf
T3b/T3 ratio: 5

T1 avg ex cycles: 178
T2 avg ex cycles: -nan
T3&b avg ex cycles: 2
T4 avg ex cycles: -nan
Avg. hops NOC1: -nan
Avg. latency NOC1 (T2): -nan
Avg. hops NOC2: 14
Avg. latency NOC2 (T3): 2,515

===PRINTING ACUM STATS at pu_cycles: 60,401

ACollision In Avg:46, SD:29, Max:215, Min:1
ACollision Out Avg:39, SD:21, Max:124, Min:1
ACollision End Avg:0, SD:2, Max:89, Min:0
ATask1 Avg:60, SD:11, Max:68, Min:7
ATask2 Avg:0, SD:0, Max:0, Min:0
ATask3 Avg:19, SD:11, Max:93, Min:4
ACore Active Avg:79, SD:14, Max:100, Min:14
ARouter Active Avg:74, SD:14, Max:100, Min:25
T1 invocations: 3,282,234
T2 invocations: 0
T3 invocations: 7,154,988
T3b invocations: 77,931,844
Total3 invocations: 85,086,832
Total4 invocations: 0

T3/T2 ratio: inf
T3b/T3 ratio: 11

T1 avg ex cycles: 164
T2 avg ex cycles: -nan
T3&b avg ex cycles: 2
T4 avg ex cycles: -nan
Avg. hops NOC1: -nan
Avg. latency NOC1 (T2): -nan
Avg. hops NOC2: 13
Avg. latency NOC2 (T3): 2,590
Number of K Nodes Processed: 85,285
Number of K Edges Processed: 85,285
Node Re-explore factor: 20.25
Edge Re-explore factor: 0.84
Nodes/cy: 1,412
Edges/cy: 1,412
TEPS: 1,582

---Pcache---
Pcache Size: 16,448
Cached: 0
  PHits: 0
  PMisses: 0
  PHit Rate (hit/miss): -nan%
  PEvictions: 0
  PEviction Rate (evict/misses): -nan%

---Energy---
Leakage Energy (nJ): 63,615
PU Dyn E (nJ): 4,766,264
Mem Dyn E (nJ): 14,173,213
Route Dyn E (nJ): 6,369,130
Dynamic Energy (nJ): 25,308,608
Ratio of Dyn/Leak: 398
Total Energy (nJ): 25,372,223
Total Energy (nJ) 3D: 25,935,948
Cores Energy (nJ): 4,768,954
Route Energy (nJ): 6,370,679
Route Energy (nJ) 3D: 6,934,405
Mem Energy   (nJ): 14,232,590
Mem Energy   (nJ) 3D: 14,232,590
Avg. Power (mW): 420,062.95
Power Density (mW/mm2): 121.36

---Runtime---
Runtime in K cycles: 60.40
Microseconds: 60.40
Time per iteration (ms): 0.06

---Throughput---
GOP/s (aka OPS/ns): 11,692.10
GOP/s per core: 0.71
FLOP/s: 1,406.69
FLOP/s per core: 0.09
Max Peak FLOP/s: 16,384.00
Avg. BW GB/s: 45,714.38
Max BW GB/s: 65,536.00

---Traffic---
In-Die bisection_bytes BW (GB/s): 2,048.00
Inter-board traffic (msg/ns): 0.00, per-link: 0.00
Inter-pack traffic (msg/ns): 0.00, per-link: 0.00
Inter-die traffic (msg/ns): 0.00, per-link: 0.00
Ruche traffic (msg/ns): 0.00, per-link: 0.00
All traffic (msg/ns): 35,591.36, per-link: 2.17
Inter-die reduction wrt all: inf
Inter-board reduction wrt inter-die: -nan

---Data Movement---
All traffic (msg): 2,149,754,036
Arith. Intensity FLOP/Loads: 0.20
Arith. Intensity FLOP/Msgs: 0.04
Arith. Intensity OPS/Loads: 1.64
Arith. Intensity OPS/Msgs: 0.33



===Core Utilization Total=== CORE-S:6;; TIME K cy:60 ;; Nodes Proc: 10,461,268 -- Edges Proc: 0

===PRINTING FRAME STATS

FCollision In Avg:83, SD:39, Max:300, Min:0
FCollision Out Avg:90, SD:15, Max:180, Min:9
FCollision End Avg:0, SD:0, Max:7, Min:0
FTask1 Avg:18, SD:33, Max:100, Min:0
FTask2 Avg:0, SD:0, Max:0, Min:0
FTask3 Avg:8, SD:8, Max:70, Min:0
FCore Active Avg:27, SD:35, Max:100, Min:1
FRouter Active Avg:56, SD:20, Max:101, Min:10
T1 invocations: 39,576
T2 invocations: 0
T3 invocations: 477,011
T3b invocations: 1,230,898
Total3 invocations: 1,707,909
Total4 invocations: 0

T3/T2 ratio: inf
T3b/T3 ratio: 3

T1 avg ex cycles: 182
T2 avg ex cycles: -nan
T3&b avg ex cycles: 2
T4 avg ex cycles: -nan
Avg. hops NOC1: -nan
Avg. latency NOC1 (T2): -nan
Avg. hops NOC2: 19
Avg. latency NOC2 (T3): 2,525

===PRINTING ACUM STATS at pu_cycles: 70,401

ACollision In Avg:51, SD:24, Max:201, Min:1
ACollision Out Avg:46, SD:19, Max:118, Min:10
ACollision End Avg:0, SD:2, Max:76, Min:0
ATask1 Avg:54, SD:6, Max:58, Min:10
ATask2 Avg:0, SD:0, Max:0, Min:0
ATask3 Avg:18, SD:10, Max:88, Min:3
ACore Active Avg:72, SD:11, Max:100, Min:23
ARouter Active Avg:72, SD:13, Max:99, Min:25
T1 invocations: 3,513,084
T2 invocations: 0
T3 invocations: 9,018,023
T3b invocations: 84,639,314
Total3 invocations: 93,657,337
Total4 invocations: 0

T3/T2 ratio: inf
T3b/T3 ratio: 9

T1 avg ex cycles: 165
T2 avg ex cycles: -nan
T3&b avg ex cycles: 2
T4 avg ex cycles: -nan
Avg. hops NOC1: -nan
Avg. latency NOC1 (T2): -nan
Avg. hops NOC2: 13
Avg. latency NOC2 (T3): 2,580
Number of K Nodes Processed: 93,811
Number of K Edges Processed: 93,811
Node Re-explore factor: 22.28
Edge Re-explore factor: 0.93
Nodes/cy: 1,333
Edges/cy: 1,333
TEPS: 1,357

---Pcache---
Pcache Size: 16,448
Cached: 0
  PHits: 0
  PMisses: 0
  PHit Rate (hit/miss): -nan%
  PEvictions: 0
  PEviction Rate (evict/misses): -nan%

---Energy---
Leakage Energy (nJ): 74,147
PU Dyn E (nJ): 5,154,819
Mem Dyn E (nJ): 15,519,125
Route Dyn E (nJ): 7,240,298
Dynamic Energy (nJ): 27,914,243
Ratio of Dyn/Leak: 376
Total Energy (nJ): 27,988,390
Total Energy (nJ) 3D: 28,629,222
Cores Energy (nJ): 5,157,954
Route Energy (nJ): 7,242,103
Route Energy (nJ) 3D: 7,882,935
Mem Energy   (nJ): 15,588,332
Mem Energy   (nJ) 3D: 15,588,332
Avg. Power (mW): 397,556.70
Power Density (mW/mm2): 114.86

---Runtime---
Runtime in K cycles: 70.40
Microseconds: 70.40
Time per iteration (ms): 0.07

---Throughput---
GOP/s (aka OPS/ns): 10,865.98
GOP/s per core: 0.66
FLOP/s: 1,301.04
FLOP/s per core: 0.08
Max Peak FLOP/s: 16,384.00
Avg. BW GB/s: 42,935.34
Max BW GB/s: 65,536.00

---Traffic---
In-Die bisection_bytes BW (GB/s): 2,048.00
Inter-board traffic (msg/ns): 0.00, per-link: 0.00
Inter-pack traffic (msg/ns): 0.00, per-link: 0.00
Inter-die traffic (msg/ns): 0.00, per-link: 0.00
Ruche traffic (msg/ns): 0.00, per-link: 0.00
All traffic (msg/ns): 34,625.38, per-link: 2.11
Inter-die reduction wrt all: inf
Inter-board reduction wrt inter-die: -nan

---Data Movement---
All traffic (msg): 2,437,661,450
Arith. Intensity FLOP/Loads: 0.19
Arith. Intensity FLOP/Msgs: 0.04
Arith. Intensity OPS/Loads: 1.62
Arith. Intensity OPS/Msgs: 0.31



===Core Utilization Total=== CORE-S:7;; TIME K cy:70 ;; Nodes Proc: 11,562,343 -- Edges Proc: 0

===PRINTING FRAME STATS

FCollision In Avg:89, SD:34, Max:303, Min:0
FCollision Out Avg:87, SD:21, Max:200, Min:0
FCollision End Avg:0, SD:0, Max:1, Min:0
FTask1 Avg:9, SD:26, Max:100, Min:0
FTask2 Avg:0, SD:0, Max:0, Min:0
FTask3 Avg:6, SD:6, Max:75, Min:0
FCore Active Avg:16, SD:28, Max:100, Min:0
FRouter Active Avg:52, SD:20, Max:101, Min:7
T1 invocations: 20,499
T2 invocations: 0
T3 invocations: 465,206
T3b invocations: 672,833
Total3 invocations: 1,138,039
Total4 invocations: 0

T3/T2 ratio: inf
T3b/T3 ratio: 1

T1 avg ex cycles: 186
T2 avg ex cycles: -nan
T3&b avg ex cycles: 2
T4 avg ex cycles: -nan
Avg. hops NOC1: -nan
Avg. latency NOC1 (T2): -nan
Avg. hops NOC2: 27
Avg. latency NOC2 (T3): 2,773

===PRINTING ACUM STATS at pu_cycles: 80,400

ACollision In Avg:56, SD:21, Max:189, Min:2
ACollision Out Avg:51, SD:16, Max:116, Min:12
ACollision End Avg:0, SD:1, Max:66, Min:0
ATask1 Avg:48, SD:3, Max:51, Min:13
ATask2 Avg:0, SD:0, Max:0, Min:0
ATask3 Avg:16, SD:9, Max:83, Min:3
ACore Active Avg:65, SD:9, Max:100, Min:25
ARouter Active Avg:69, SD:13, Max:99, Min:25
T1 invocations: 3,671,279
T2 invocations: 0
T3 invocations: 10,774,711
T3b invocations: 89,481,134
Total3 invocations: 100,255,845
Total4 invocations: 0

T3/T2 ratio: inf
T3b/T3 ratio: 8

T1 avg ex cycles: 166
T2 avg ex cycles: -nan
T3&b avg ex cycles: 2
T4 avg ex cycles: -nan
Avg. hops NOC1: -nan
Avg. latency NOC1 (T2): -nan
Avg. hops NOC2: 13
Avg. latency NOC2 (T3): 2,591
Number of K Nodes Processed: 100,369
Number of K Edges Processed: 100,369
Node Re-explore factor: 23.84
Edge Re-explore factor: 0.99
Nodes/cy: 1,248
Edges/cy: 1,248
TEPS: 1,188

---Pcache---
Pcache Size: 16,448
Cached: 0
  PHits: 0
  PMisses: 0
  PHit Rate (hit/miss): -nan%
  PEvictions: 0
  PEviction Rate (evict/misses): -nan%

---Energy---
Leakage Energy (nJ): 84,678
PU Dyn E (nJ): 5,430,956
Mem Dyn E (nJ): 16,534,977
Route Dyn E (nJ): 7,986,899
Dynamic Energy (nJ): 29,952,832
Ratio of Dyn/Leak: 354
Total Energy (nJ): 30,037,510
Total Energy (nJ) 3D: 30,744,423
Cores Energy (nJ): 5,434,536
Route Energy (nJ): 7,988,961
Route Energy (nJ) 3D: 8,695,874
Mem Energy   (nJ): 16,614,013
Mem Energy   (nJ) 3D: 16,614,013
Avg. Power (mW): 373,600.86
Power Density (mW/mm2): 107.94

---Runtime---
Runtime in K cycles: 80.40
Microseconds: 80.40
Time per iteration (ms): 0.08

---Throughput---
GOP/s (aka OPS/ns): 10,038.84
GOP/s per core: 0.61
FLOP/s: 1,196.63
FLOP/s per core: 0.07
Max Peak FLOP/s: 16,384.00
Avg. BW GB/s: 40,048.12
Max BW GB/s: 65,536.00

---Traffic---
In-Die bisection_bytes BW (GB/s): 2,048.00
Inter-board traffic (msg/ns): 0.00, per-link: 0.00
Inter-pack traffic (msg/ns): 0.00, per-link: 0.00
Inter-die traffic (msg/ns): 0.00, per-link: 0.00
Ruche traffic (msg/ns): 0.00, per-link: 0.00
All traffic (msg/ns): 33,369.51, per-link: 2.04
Inter-die reduction wrt all: inf
Inter-board reduction wrt inter-die: -nan

---Data Movement---
All traffic (msg): 2,682,908,608
Arith. Intensity FLOP/Loads: 0.19
Arith. Intensity FLOP/Msgs: 0.04
Arith. Intensity OPS/Loads: 1.61
Arith. Intensity OPS/Msgs: 0.30



===Core Utilization Total=== CORE-S:8;; TIME K cy:80 ;; Nodes Proc: 12,410,102 -- Edges Proc: 0

===PRINTING FRAME STATS

FCollision In Avg:90, SD:32, Max:300, Min:0
FCollision Out Avg:88, SD:19, Max:200, Min:0
FCollision End Avg:0, SD:0, Max:1, Min:0
FTask1 Avg:3, SD:15, Max:100, Min:0
FTask2 Avg:0, SD:0, Max:0, Min:0
FTask3 Avg:3, SD:5, Max:64, Min:0
FCore Active Avg:8, SD:17, Max:100, Min:0
FRouter Active Avg:43, SD:18, Max:100, Min:8
T1 invocations: 7,259
T2 invocations: 0
T3 invocations: 444,980
T3b invocations: 267,577
Total3 invocations: 712,557
Total4 invocations: 0

T3/T2 ratio: inf
T3b/T3 ratio: 1

T1 avg ex cycles: 190
T2 avg ex cycles: -nan
T3&b avg ex cycles: 2
T4 avg ex cycles: -nan
Avg. hops NOC1: -nan
Avg. latency NOC1 (T2): -nan
Avg. hops NOC2: 35
Avg. latency NOC2 (T3): 2,647

===PRINTING ACUM STATS at pu_cycles: 90,400

ACollision In Avg:60, SD:19, Max:191, Min:2
ACollision Out Avg:55, SD:14, Max:114, Min:14
ACollision End Avg:0, SD:1, Max:59, Min:0
ATask1 Avg:43, SD:1, Max:46, Min:20
ATask2 Avg:0, SD:0, Max:0, Min:0
ATask3 Avg:15, SD:9, Max:79, Min:3
ACore Active Avg:59, SD:8, Max:100, Min:31
ARouter Active Avg:66, SD:13, Max:99, Min:24
T1 invocations: 3,758,625
T2 invocations: 0
T3 invocations: 12,525,990
T3b invocations: 92,357,722
Total3 invocations: 104,883,712
Total4 invocations: 0

T3/T2 ratio: inf
T3b/T3 ratio: 7

T1 avg ex cycles: 167
T2 avg ex cycles: -nan
T3&b avg ex cycles: 2
T4 avg ex cycles: -nan
Avg. hops NOC1: -nan
Avg. latency NOC1 (T2): -nan
Avg. hops NOC2: 14
Avg. latency NOC2 (T3): 2,603
Number of K Nodes Processed: 104,961
Number of K Edges Processed: 104,961
Node Re-explore factor: 24.93
Edge Re-explore factor: 1.04
Nodes/cy: 1,161
Edges/cy: 1,161
TEPS: 1,057

---Pcache---
Pcache Size: 16,448
Cached: 0
  PHits: 0
  PMisses: 0
  PHit Rate (hit/miss): -nan%
  PEvictions: 0
  PEviction Rate (evict/misses): -nan%

---Energy---
Leakage Energy (nJ): 95,210
PU Dyn E (nJ): 5,594,835
Mem Dyn E (nJ): 17,221,118
Route Dyn E (nJ): 8,671,556
Dynamic Energy (nJ): 31,487,510
Ratio of Dyn/Leak: 331
Total Energy (nJ): 31,582,720
Total Energy (nJ) 3D: 32,350,232
Cores Energy (nJ): 5,598,861
Route Energy (nJ): 8,673,874
Route Energy (nJ) 3D: 9,441,386
Mem Energy   (nJ): 17,309,985
Mem Energy   (nJ) 3D: 17,309,985
Avg. Power (mW): 349,366.37
Power Density (mW/mm2): 100.94

---Runtime---
Runtime in K cycles: 90.40
Microseconds: 90.40
Time per iteration (ms): 0.09

---Throughput---
GOP/s (aka OPS/ns): 9,211.11
GOP/s per core: 0.56
FLOP/s: 1,093.04
FLOP/s per core: 0.07
Max Peak FLOP/s: 16,384.00
Avg. BW GB/s: 37,088.46
Max BW GB/s: 65,536.00

---Traffic---
In-Die bisection_bytes BW (GB/s): 2,048.00
Inter-board traffic (msg/ns): 0.00, per-link: 0.00
Inter-pack traffic (msg/ns): 0.00, per-link: 0.00
Inter-die traffic (msg/ns): 0.00, per-link: 0.00
Ruche traffic (msg/ns): 0.00, per-link: 0.00
All traffic (msg/ns): 32,134.53, per-link: 1.96
Inter-die reduction wrt all: inf
Inter-board reduction wrt inter-die: -nan

---Data Movement---
All traffic (msg): 2,904,961,698
Arith. Intensity FLOP/Loads: 0.19
Arith. Intensity FLOP/Msgs: 0.03
Arith. Intensity OPS/Loads: 1.60
Arith. Intensity OPS/Msgs: 0.29



===Core Utilization Total=== CORE-S:9;; TIME K cy:90 ;; Nodes Proc: 12,986,323 -- Edges Proc: 0

===PRINTING FRAME STATS

FCollision In Avg:85, SD:40, Max:300, Min:0
FCollision Out Avg:82, SD:24, Max:200, Min:0
FCollision End Avg:0, SD:0, Max:0, Min:0
FTask1 Avg:1, SD:7, Max:100, Min:0
FTask2 Avg:0, SD:0, Max:0, Min:0
FTask3 Avg:3, SD:4, Max:37, Min:0
FCore Active Avg:5, SD:9, Max:100, Min:0
FRouter Active Avg:48, SD:18, Max:99, Min:10
T1 invocations: 1,444
T2 invocations: 0
T3 invocations: 482,229
T3b invocations: 55,612
Total3 invocations: 537,841
Total4 invocations: 0

T3/T2 ratio: inf
T3b/T3 ratio: 0

T1 avg ex cycles: 197
T2 avg ex cycles: -nan
T3&b avg ex cycles: 2
T4 avg ex cycles: -nan
Avg. hops NOC1: -nan
Avg. latency NOC1 (T2): -nan
Avg. hops NOC2: 52
Avg. latency NOC2 (T3): 1,863

===PRINTING ACUM STATS at pu_cycles: 100,393

ACollision In Avg:62, SD:18, Max:200, Min:3
ACollision Out Avg:58, SD:13, Max:112, Min:15
ACollision End Avg:0, SD:1, Max:53, Min:0
ATask1 Avg:39, SD:1, Max:41, Min:28
ATask2 Avg:0, SD:0, Max:0, Min:0
ATask3 Avg:13, SD:8, Max:71, Min:3
ACore Active Avg:53, SD:8, Max:100, Min:38
ARouter Active Avg:65, SD:13, Max:98, Min:23
T1 invocations: 3,799,963
T2 invocations: 0
T3 invocations: 14,388,337
T3b invocations: 93,739,773
Total3 invocations: 108,128,110
Total4 invocations: 0

T3/T2 ratio: inf
T3b/T3 ratio: 7

T1 avg ex cycles: 167
T2 avg ex cycles: -nan
T3&b avg ex cycles: 2
T4 avg ex cycles: -nan
Avg. hops NOC1: -nan
Avg. latency NOC1 (T2): -nan
Avg. hops NOC2: 14
Avg. latency NOC2 (T3): 2,593
Number of K Nodes Processed: 108,186
Number of K Edges Processed: 108,186
Node Re-explore factor: 25.69
Edge Re-explore factor: 1.07
Nodes/cy: 1,078
Edges/cy: 1,078
TEPS: 952

---Pcache---
Pcache Size: 16,448
Cached: 0
  PHits: 0
  PMisses: 0
  PHit Rate (hit/miss): -nan%
  PEvictions: 0
  PEviction Rate (evict/misses): -nan%

---Energy---
Leakage Energy (nJ): 105,734
PU Dyn E (nJ): 5,681,774
Mem Dyn E (nJ): 17,677,507
Route Dyn E (nJ): 9,371,788
Dynamic Energy (nJ): 32,731,070
Ratio of Dyn/Leak: 310
Total Energy (nJ): 32,836,804
Total Energy (nJ) 3D: 33,666,292
Cores Energy (nJ): 5,686,244
Route Energy (nJ): 9,374,363
Route Energy (nJ) 3D: 10,203,851
Mem Energy   (nJ): 17,776,197
Mem Energy   (nJ) 3D: 17,776,197
Avg. Power (mW): 327,082.61
Power Density (mW/mm2): 94.50

---Runtime---
Runtime in K cycles: 100.39
Microseconds: 100.39
Time per iteration (ms): 0.10

---Throughput---
GOP/s (aka OPS/ns): 8,435.46
GOP/s per core: 0.51
FLOP/s: 996.45
FLOP/s per core: 0.06
Max Peak FLOP/s: 16,384.00
Avg. BW GB/s: 34,274.98
Max BW GB/s: 65,536.00

---Traffic---
In-Die bisection_bytes BW (GB/s): 2,048.00
Inter-board traffic (msg/ns): 0.00, per-link: 0.00
Inter-pack traffic (msg/ns): 0.00, per-link: 0.00
Inter-die traffic (msg/ns): 0.00, per-link: 0.00
Ruche traffic (msg/ns): 0.00, per-link: 0.00
All traffic (msg/ns): 31,168.39, per-link: 1.90
Inter-die reduction wrt all: inf
Inter-board reduction wrt inter-die: -nan

---Data Movement---
All traffic (msg): 3,129,088,626
Arith. Intensity FLOP/Loads: 0.19
Arith. Intensity FLOP/Msgs: 0.03
Arith. Intensity OPS/Loads: 1.59
Arith. Intensity OPS/Msgs: 0.27



===Core Utilization Total=== CORE-S:10;; TIME K cy:100 ;; Nodes Proc: 13,401,419 -- Edges Proc: 0

===PRINTING FRAME STATS

FCollision In Avg:75, SD:46, Max:300, Min:0
FCollision Out Avg:74, SD:28, Max:200, Min:0
FCollision End Avg:0, SD:0, Max:0, Min:0
FTask1 Avg:0, SD:3, Max:100, Min:0
FTask2 Avg:0, SD:0, Max:0, Min:0
FTask3 Avg:2, SD:3, Max:36, Min:0
FCore Active Avg:4, SD:5, Max:100, Min:0
FRouter Active Avg:48, SD:18, Max:100, Min:10
T1 invocations: 270
T2 invocations: 0
T3 invocations: 442,749
T3b invocations: 10,190
Total3 invocations: 452,939
Total4 invocations: 0

T3/T2 ratio: inf
T3b/T3 ratio: 0

T1 avg ex cycles: 197
T2 avg ex cycles: -nan
T3&b avg ex cycles: 2
T4 avg ex cycles: -nan
Avg. hops NOC1: -nan
Avg. latency NOC1 (T2): -nan
Avg. hops NOC2: 62
Avg. latency NOC2 (T3): 1,799

===PRINTING ACUM STATS at pu_cycles: 110,401

ACollision In Avg:63, SD:18, Max:209, Min:7
ACollision Out Avg:59, SD:12, Max:110, Min:16
ACollision End Avg:0, SD:1, Max:48, Min:0
ATask1 Avg:36, SD:0, Max:37, Min:34
ATask2 Avg:0, SD:0, Max:0, Min:0
ATask3 Avg:12, SD:7, Max:65, Min:3
ACore Active Avg:49, SD:7, Max:99, Min:39
ARouter Active Avg:63, SD:13, Max:98, Min:22
T1 invocations: 3,823,951
T2 invocations: 0
T3 invocations: 16,118,113
T3b invocations: 94,476,543
Total3 invocations: 110,594,656
Total4 invocations: 0

T3/T2 ratio: inf
T3b/T3 ratio: 6

T1 avg ex cycles: 167
T2 avg ex cycles: -nan
T3&b avg ex cycles: 2
T4 avg ex cycles: -nan
Avg. hops NOC1: -nan
Avg. latency NOC1 (T2): -nan
Avg. hops NOC2: 15
Avg. latency NOC2 (T3): 2,584
Number of K Nodes Processed: 110,642
Number of K Edges Processed: 110,642
Node Re-explore factor: 26.28
Edge Re-explore factor: 1.09
Nodes/cy: 1,002
Edges/cy: 1,002
TEPS: 866

---Pcache---
Pcache Size: 16,448
Cached: 0
  PHits: 0
  PMisses: 0
  PHit Rate (hit/miss): -nan%
  PEvictions: 0
  PEviction Rate (evict/misses): -nan%

---Energy---
Leakage Energy (nJ): 116,275
PU Dyn E (nJ): 5,737,926
Mem Dyn E (nJ): 18,015,701
Route Dyn E (nJ): 10,022,133
Dynamic Energy (nJ): 33,775,760
Ratio of Dyn/Leak: 290
Total Energy (nJ): 33,892,035
Total Energy (nJ) 3D: 34,779,085
Cores Energy (nJ): 5,742,842
Route Energy (nJ): 10,024,964
Route Energy (nJ) 3D: 10,912,014
Mem Energy   (nJ): 18,124,229
Mem Energy   (nJ) 3D: 18,124,229
Avg. Power (mW): 306,990.29
Power Density (mW/mm2): 88.69

---Runtime---
Runtime in K cycles: 110.40
Microseconds: 110.40
Time per iteration (ms): 0.11

---Throughput---
GOP/s (aka OPS/ns): 7,756.32
GOP/s per core: 0.47
FLOP/s: 912.64
FLOP/s per core: 0.06
Max Peak FLOP/s: 16,384.00
Avg. BW GB/s: 31,758.88
Max BW GB/s: 65,536.00

---Traffic---
In-Die bisection_bytes BW (GB/s): 2,048.00
Inter-board traffic (msg/ns): 0.00, per-link: 0.00
Inter-pack traffic (msg/ns): 0.00, per-link: 0.00
Inter-die traffic (msg/ns): 0.00, per-link: 0.00
Ruche traffic (msg/ns): 0.00, per-link: 0.00
All traffic (msg/ns): 30,218.52, per-link: 1.84
Inter-die reduction wrt all: inf
Inter-board reduction wrt inter-die: -nan

---Data Movement---
All traffic (msg): 3,336,154,372
Arith. Intensity FLOP/Loads: 0.19
Arith. Intensity FLOP/Msgs: 0.03
Arith. Intensity OPS/Loads: 1.58
Arith. Intensity OPS/Msgs: 0.26



===Core Utilization Total=== CORE-S:11;; TIME K cy:110 ;; Nodes Proc: 13,736,414 -- Edges Proc: 0

===PRINTING FRAME STATS

FCollision In Avg:65, SD:51, Max:300, Min:0
FCollision Out Avg:71, SD:30, Max:147, Min:0
FCollision End Avg:0, SD:0, Max:0, Min:0
FTask1 Avg:0, SD:0, Max:19, Min:0
FTask2 Avg:0, SD:0, Max:0, Min:0
FTask3 Avg:2, SD:3, Max:46, Min:0
FCore Active Avg:3, SD:4, Max:52, Min:0
FRouter Active Avg:47, SD:17, Max:100, Min:11
T1 invocations: 20
T2 invocations: 0
T3 invocations: 468,448
T3b invocations: 1,038
Total3 invocations: 469,486
Total4 invocations: 0

T3/T2 ratio: inf
T3b/T3 ratio: 0

T1 avg ex cycles: 183
T2 avg ex cycles: -nan
T3&b avg ex cycles: 2
T4 avg ex cycles: -nan
Avg. hops NOC1: -nan
Avg. latency NOC1 (T2): -nan
Avg. hops NOC2: 57
Avg. latency NOC2 (T3): 2,001

===PRINTING ACUM STATS at pu_cycles: 120,388

ACollision In Avg:63, SD:18, Max:217, Min:8
ACollision Out Avg:60, SD:12, Max:109, Min:17
ACollision End Avg:0, SD:1, Max:44, Min:0
ATask1 Avg:33, SD:0, Max:34, Min:32
ATask2 Avg:0, SD:0, Max:0, Min:0
ATask3 Avg:12, SD:7, Max:61, Min:2
ACore Active Avg:45, SD:7, Max:93, Min:36
ARouter Active Avg:62, SD:12, Max:98, Min:24
T1 invocations: 3,834,976
T2 invocations: 0
T3 invocations: 17,943,174
T3b invocations: 94,865,884
Total3 invocations: 112,809,058
Total4 invocations: 0

T3/T2 ratio: inf
T3b/T3 ratio: 5

T1 avg ex cycles: 167
T2 avg ex cycles: -nan
T3&b avg ex cycles: 2
T4 avg ex cycles: -nan
Avg. hops NOC1: -nan
Avg. latency NOC1 (T2): -nan
Avg. hops NOC2: 16
Avg. latency NOC2 (T3): 2,576
Number of K Nodes Processed: 112,847
Number of K Edges Processed: 112,847
Node Re-explore factor: 26.80
Edge Re-explore factor: 1.11
Nodes/cy: 937
Edges/cy: 937
TEPS: 794

---Pcache---
Pcache Size: 16,448
Cached: 0
  PHits: 0
  PMisses: 0
  PHit Rate (hit/miss): -nan%
  PEvictions: 0
  PEviction Rate (evict/misses): -nan%

---Energy---
Leakage Energy (nJ): 126,793
PU Dyn E (nJ): 5,774,141
Mem Dyn E (nJ): 18,306,798
Route Dyn E (nJ): 10,695,295
Dynamic Energy (nJ): 34,776,234
Ratio of Dyn/Leak: 274
Total Energy (nJ): 34,903,027
Total Energy (nJ) 3D: 35,849,658
Cores Energy (nJ): 5,779,502
Route Energy (nJ): 10,698,382
Route Energy (nJ) 3D: 11,645,013
Mem Energy   (nJ): 18,425,144
Mem Energy   (nJ) 3D: 18,425,144
Avg. Power (mW): 289,921.15
Power Density (mW/mm2): 83.76

---Runtime---
Runtime in K cycles: 120.39
Microseconds: 120.39
Time per iteration (ms): 0.12

---Throughput---
GOP/s (aka OPS/ns): 7,167.50
GOP/s per core: 0.44
FLOP/s: 839.78
FLOP/s per core: 0.05
Max Peak FLOP/s: 16,384.00
Avg. BW GB/s: 29,589.63
Max BW GB/s: 65,536.00

---Traffic---
In-Die bisection_bytes BW (GB/s): 2,048.00
Inter-board traffic (msg/ns): 0.00, per-link: 0.00
Inter-pack traffic (msg/ns): 0.00, per-link: 0.00
Inter-die traffic (msg/ns): 0.00, per-link: 0.00
Ruche traffic (msg/ns): 0.00, per-link: 0.00
All traffic (msg/ns): 29,486.39, per-link: 1.80
Inter-die reduction wrt all: inf
Inter-board reduction wrt inter-die: -nan

---Data Movement---
All traffic (msg): 3,549,807,698
Arith. Intensity FLOP/Loads: 0.18
Arith. Intensity FLOP/Msgs: 0.03
Arith. Intensity OPS/Loads: 1.57
Arith. Intensity OPS/Msgs: 0.24



===Core Utilization Total=== CORE-S:12;; TIME K cy:120 ;; Nodes Proc: 14,040,271 -- Edges Proc: 0

===PRINTING FRAME STATS

FCollision In Avg:56, SD:52, Max:300, Min:0
FCollision Out Avg:64, SD:37, Max:159, Min:0
FCollision End Avg:0, SD:0, Max:0, Min:0
FTask1 Avg:0, SD:0, Max:0, Min:0
FTask2 Avg:0, SD:0, Max:0, Min:0
FTask3 Avg:2, SD:3, Max:48, Min:0
FCore Active Avg:3, SD:5, Max:52, Min:0
FRouter Active Avg:43, SD:20, Max:100, Min:8
T1 invocations: 0
T2 invocations: 0
T3 invocations: 402,726
T3b invocations: 0
Total3 invocations: 402,726
Total4 invocations: 0

T3/T2 ratio: inf
T3b/T3 ratio: 0

T1 avg ex cycles: -nan
T2 avg ex cycles: -nan
T3&b avg ex cycles: 2
T4 avg ex cycles: -nan
Avg. hops NOC1: -nan
Avg. latency NOC1 (T2): -nan
Avg. hops NOC2: 61
Avg. latency NOC2 (T3): 1,269

===PRINTING ACUM STATS at pu_cycles: 130,360

ACollision In Avg:63, SD:19, Max:223, Min:8
ACollision Out Avg:61, SD:13, Max:107, Min:16
ACollision End Avg:0, SD:1, Max:41, Min:0
ATask1 Avg:30, SD:0, Max:32, Min:30
ATask2 Avg:0, SD:0, Max:0, Min:0
ATask3 Avg:11, SD:6, Max:56, Min:2
ACore Active Avg:42, SD:6, Max:86, Min:33
ARouter Active Avg:60, SD:11, Max:98, Min:25
T1 invocations: 3,839,884
T2 invocations: 0
T3 invocations: 19,460,029
T3b invocations: 95,045,463
Total3 invocations: 114,505,492
Total4 invocations: 0

T3/T2 ratio: inf
T3b/T3 ratio: 5

T1 avg ex cycles: 167
T2 avg ex cycles: -nan
T3&b avg ex cycles: 2
T4 avg ex cycles: -nan
Avg. hops NOC1: -nan
Avg. latency NOC1 (T2): -nan
Avg. hops NOC2: 16
Avg. latency NOC2 (T3): 2,561
Number of K Nodes Processed: 114,531
Number of K Edges Processed: 114,531
Node Re-explore factor: 27.20
Edge Re-explore factor: 1.13
Nodes/cy: 879
Edges/cy: 879
TEPS: 733

---Pcache---
Pcache Size: 16,448
Cached: 0
  PHits: 0
  PMisses: 0
  PHit Rate (hit/miss): -nan%
  PEvictions: 0
  PEviction Rate (evict/misses): -nan%

---Energy---
Leakage Energy (nJ): 137,296
PU Dyn E (nJ): 5,796,836
Mem Dyn E (nJ): 18,525,356
Route Dyn E (nJ): 11,257,501
Dynamic Energy (nJ): 35,579,694
Ratio of Dyn/Leak: 259
Total Energy (nJ): 35,716,990
Total Energy (nJ) 3D: 36,713,381
Cores Energy (nJ): 5,802,642
Route Energy (nJ): 11,260,843
Route Energy (nJ) 3D: 12,257,234
Mem Energy   (nJ): 18,653,505
Mem Energy   (nJ) 3D: 18,653,505
Avg. Power (mW): 273,987.34
Power Density (mW/mm2): 79.16

---Runtime---
Runtime in K cycles: 130.36
Microseconds: 130.36
Time per iteration (ms): 0.13

---Throughput---
GOP/s (aka OPS/ns): 6,652.67
GOP/s per core: 0.41
FLOP/s: 776.73
FLOP/s per core: 0.05
Max Peak FLOP/s: 16,384.00
Avg. BW GB/s: 27,648.42
Max BW GB/s: 65,536.00

---Traffic---
In-Die bisection_bytes BW (GB/s): 2,048.00
Inter-board traffic (msg/ns): 0.00, per-link: 0.00
Inter-pack traffic (msg/ns): 0.00, per-link: 0.00
Inter-die traffic (msg/ns): 0.00, per-link: 0.00
Ruche traffic (msg/ns): 0.00, per-link: 0.00
All traffic (msg/ns): 28,597.26, per-link: 1.75
Inter-die reduction wrt all: inf
Inter-board reduction wrt inter-die: -nan

---Data Movement---
All traffic (msg): 3,727,938,914
Arith. Intensity FLOP/Loads: 0.18
Arith. Intensity FLOP/Msgs: 0.03
Arith. Intensity OPS/Loads: 1.57
Arith. Intensity OPS/Msgs: 0.23



===Core Utilization Total=== CORE-S:13;; TIME K cy:130 ;; Nodes Proc: 14,253,250 -- Edges Proc: 0

===PRINTING FRAME STATS

FCollision In Avg:45, SD:51, Max:300, Min:0
FCollision Out Avg:54, SD:41, Max:164, Min:0
FCollision End Avg:0, SD:0, Max:0, Min:0
FTask1 Avg:0, SD:0, Max:0, Min:0
FTask2 Avg:0, SD:0, Max:0, Min:0
FTask3 Avg:2, SD:3, Max:45, Min:0
FCore Active Avg:3, SD:5, Max:52, Min:0
FRouter Active Avg:42, SD:20, Max:100, Min:6
T1 invocations: 0
T2 invocations: 0
T3 invocations: 394,085
T3b invocations: 0
Total3 invocations: 394,085
Total4 invocations: 0

T3/T2 ratio: inf
T3b/T3 ratio: 0

T1 avg ex cycles: -nan
T2 avg ex cycles: -nan
T3&b avg ex cycles: 2
T4 avg ex cycles: -nan
Avg. hops NOC1: -nan
Avg. latency NOC1 (T2): -nan
Avg. hops NOC2: 60
Avg. latency NOC2 (T3): 1,239

===PRINTING ACUM STATS at pu_cycles: 140,171

ACollision In Avg:62, SD:20, Max:228, Min:7
ACollision Out Avg:60, SD:13, Max:102, Min:15
ACollision End Avg:0, SD:1, Max:38, Min:0
ATask1 Avg:28, SD:0, Max:30, Min:28
ATask2 Avg:0, SD:0, Max:0, Min:0
ATask3 Avg:10, SD:6, Max:52, Min:2
ACore Active Avg:39, SD:6, Max:80, Min:30
ARouter Active Avg:59, SD:11, Max:98, Min:27
T1 invocations: 3,841,137
T2 invocations: 0
T3 invocations: 20,762,715
T3b invocations: 95,101,038
Total3 invocations: 115,863,753
Total4 invocations: 0

T3/T2 ratio: inf
T3b/T3 ratio: 5

T1 avg ex cycles: 167
T2 avg ex cycles: -nan
T3&b avg ex cycles: 2
T4 avg ex cycles: -nan
Avg. hops NOC1: -nan
Avg. latency NOC1 (T2): -nan
Avg. hops NOC2: 17
Avg. latency NOC2 (T3): 2,547
Number of K Nodes Processed: 116,056
Number of K Edges Processed: 116,056
Node Re-explore factor: 27.56
Edge Re-explore factor: 1.15
Nodes/cy: 828
Edges/cy: 828
TEPS: 682

---Pcache---
Pcache Size: 16,448
Cached: 0
  PHits: 0
  PMisses: 0
  PHit Rate (hit/miss): -nan%
  PEvictions: 0
  PEviction Rate (evict/misses): -nan%

---Energy---
Leakage Energy (nJ): 147,629
PU Dyn E (nJ): 5,811,045
Mem Dyn E (nJ): 18,696,858
Route Dyn E (nJ): 11,716,007
Dynamic Energy (nJ): 36,223,911
Ratio of Dyn/Leak: 245
Total Energy (nJ): 36,371,540
Total Energy (nJ) 3D: 37,408,513
Cores Energy (nJ): 5,817,287
Route Energy (nJ): 11,719,601
Route Energy (nJ) 3D: 12,756,574
Mem Energy   (nJ): 18,834,652
Mem Energy   (nJ) 3D: 18,834,652
Avg. Power (mW): 259,479.78
Power Density (mW/mm2): 74.97

---Runtime---
Runtime in K cycles: 140.17
Microseconds: 140.17
Time per iteration (ms): 0.14

---Throughput---
GOP/s (aka OPS/ns): 6,208.16
GOP/s per core: 0.38
FLOP/s: 722.65
FLOP/s per core: 0.04
Max Peak FLOP/s: 16,384.00
Avg. BW GB/s: 25,948.13
Max BW GB/s: 65,536.00

---Traffic---
In-Die bisection_bytes BW (GB/s): 2,048.00
Inter-board traffic (msg/ns): 0.00, per-link: 0.00
Inter-pack traffic (msg/ns): 0.00, per-link: 0.00
Inter-die traffic (msg/ns): 0.00, per-link: 0.00
Ruche traffic (msg/ns): 0.00, per-link: 0.00
All traffic (msg/ns): 27,631.70, per-link: 1.69
Inter-die reduction wrt all: inf
Inter-board reduction wrt inter-die: -nan

---Data Movement---
All traffic (msg): 3,873,163,172
Arith. Intensity FLOP/Loads: 0.18
Arith. Intensity FLOP/Msgs: 0.03
Arith. Intensity OPS/Loads: 1.56
Arith. Intensity OPS/Msgs: 0.22



===Core Utilization Total=== CORE-S:14;; TIME K cy:140 ;; Nodes Proc: 14,429,039 -- Edges Proc: 0

===PRINTING FRAME STATS

FCollision In Avg:33, SD:49, Max:300, Min:0
FCollision Out Avg:42, SD:43, Max:100, Min:0
FCollision End Avg:0, SD:0, Max:0, Min:0
FTask1 Avg:0, SD:0, Max:0, Min:0
FTask2 Avg:0, SD:0, Max:0, Min:0
FTask3 Avg:2, SD:3, Max:39, Min:0
FCore Active Avg:2, SD:3, Max:39, Min:0
FRouter Active Avg:36, SD:19, Max:100, Min:4
T1 invocations: 0
T2 invocations: 0
T3 invocations: 326,566
T3b invocations: 0
Total3 invocations: 326,566
Total4 invocations: 0

T3/T2 ratio: inf
T3b/T3 ratio: 0

T1 avg ex cycles: -nan
T2 avg ex cycles: -nan
T3&b avg ex cycles: 2
T4 avg ex cycles: -nan
Avg. hops NOC1: -nan
Avg. latency NOC1 (T2): -nan
Avg. hops NOC2: 59
Avg. latency NOC2 (T3): 1,578

===PRINTING ACUM STATS at pu_cycles: 150,003

ACollision In Avg:60, SD:21, Max:233, Min:7
ACollision Out Avg:59, SD:14, Max:99, Min:14
ACollision End Avg:0, SD:1, Max:35, Min:0
ATask1 Avg:26, SD:0, Max:27, Min:26
ATask2 Avg:0, SD:0, Max:0, Min:0
ATask3 Avg:10, SD:5, Max:49, Min:2
ACore Active Avg:37, SD:6, Max:75, Min:28
ARouter Active Avg:57, SD:10, Max:97, Min:26
T1 invocations: 3,841,694
T2 invocations: 0
T3 invocations: 22,144,935
T3b invocations: 95,108,165
Total3 invocations: 117,253,100
Total4 invocations: 0

T3/T2 ratio: inf
T3b/T3 ratio: 4

T1 avg ex cycles: 167
T2 avg ex cycles: -nan
T3&b avg ex cycles: 2
T4 avg ex cycles: -nan
Avg. hops NOC1: -nan
Avg. latency NOC1 (T2): -nan
Avg. hops NOC2: 17
Avg. latency NOC2 (T3): 2,535
Number of K Nodes Processed: 117,256
Number of K Edges Processed: 117,256
Node Re-explore factor: 27.85
Edge Re-explore factor: 1.16
Nodes/cy: 782
Edges/cy: 782
TEPS: 637

---Pcache---
Pcache Size: 16,448
Cached: 0
  PHits: 0
  PMisses: 0
  PHit Rate (hit/miss): -nan%
  PEvictions: 0
  PEviction Rate (evict/misses): -nan%

---Energy---
Leakage Energy (nJ): 157,984
PU Dyn E (nJ): 5,824,533
Mem Dyn E (nJ): 18,871,363
Route Dyn E (nJ): 12,263,439
Dynamic Energy (nJ): 36,959,336
Ratio of Dyn/Leak: 234
Total Energy (nJ): 37,117,320
Total Energy (nJ) 3D: 38,202,746
Cores Energy (nJ): 5,831,213
Route Energy (nJ): 12,267,285
Route Energy (nJ) 3D: 13,352,710
Mem Energy   (nJ): 19,018,822
Mem Energy   (nJ) 3D: 19,018,822
Avg. Power (mW): 247,443.85
Power Density (mW/mm2): 71.49

---Runtime---
Runtime in K cycles: 150.00
Microseconds: 150.00
Time per iteration (ms): 0.15

---Throughput---
GOP/s (aka OPS/ns): 5,820.51
GOP/s per core: 0.36
FLOP/s: 675.40
FLOP/s per core: 0.04
Max Peak FLOP/s: 16,384.00
Avg. BW GB/s: 24,470.63
Max BW GB/s: 65,536.00

---Traffic---
In-Die bisection_bytes BW (GB/s): 2,048.00
Inter-board traffic (msg/ns): 0.00, per-link: 0.00
Inter-pack traffic (msg/ns): 0.00, per-link: 0.00
Inter-die traffic (msg/ns): 0.00, per-link: 0.00
Ruche traffic (msg/ns): 0.00, per-link: 0.00
All traffic (msg/ns): 26,973.38, per-link: 1.65
Inter-die reduction wrt all: inf
Inter-board reduction wrt inter-die: -nan

---Data Movement---
All traffic (msg): 4,046,088,276
Arith. Intensity FLOP/Loads: 0.18
Arith. Intensity FLOP/Msgs: 0.03
Arith. Intensity OPS/Loads: 1.55
Arith. Intensity OPS/Msgs: 0.22



===Core Utilization Total=== CORE-S:15;; TIME K cy:150 ;; Nodes Proc: 14,571,837 -- Edges Proc: 0

===PRINTING FRAME STATS

FCollision In Avg:24, SD:43, Max:300, Min:0
FCollision Out Avg:30, SD:39, Max:106, Min:0
FCollision End Avg:0, SD:0, Max:0, Min:0
FTask1 Avg:0, SD:0, Max:0, Min:0
FTask2 Avg:0, SD:0, Max:0, Min:0
FTask3 Avg:2, SD:2, Max:23, Min:0
FCore Active Avg:2, SD:3, Max:23, Min:0
FRouter Active Avg:38, SD:18, Max:100, Min:3
T1 invocations: 0
T2 invocations: 0
T3 invocations: 309,506
T3b invocations: 0
Total3 invocations: 309,506
Total4 invocations: 0

T3/T2 ratio: inf
T3b/T3 ratio: 0

T1 avg ex cycles: -nan
T2 avg ex cycles: -nan
T3&b avg ex cycles: 2
T4 avg ex cycles: -nan
Avg. hops NOC1: -nan
Avg. latency NOC1 (T2): -nan
Avg. hops NOC2: 65
Avg. latency NOC2 (T3): 2,515

===PRINTING ACUM STATS at pu_cycles: 160,004

ACollision In Avg:57, SD:21, Max:230, Min:6
ACollision Out Avg:57, SD:15, Max:98, Min:13
ACollision End Avg:0, SD:1, Max:33, Min:0
ATask1 Avg:24, SD:0, Max:26, Min:24
ATask2 Avg:0, SD:0, Max:0, Min:0
ATask3 Avg:9, SD:5, Max:46, Min:2
ACore Active Avg:34, SD:5, Max:70, Min:27
ARouter Active Avg:56, SD:10, Max:97, Min:24
T1 invocations: 3,841,694
T2 invocations: 0
T3 invocations: 23,308,357
T3b invocations: 95,108,165
Total3 invocations: 118,416,522
Total4 invocations: 0

T3/T2 ratio: inf
T3b/T3 ratio: 4

T1 avg ex cycles: 167
T2 avg ex cycles: -nan
T3&b avg ex cycles: 2
T4 avg ex cycles: -nan
Avg. hops NOC1: -nan
Avg. latency NOC1 (T2): -nan
Avg. hops NOC2: 18
Avg. latency NOC2 (T3): 2,532
Number of K Nodes Processed: 118,416
Number of K Edges Processed: 118,416
Node Re-explore factor: 28.12
Edge Re-explore factor: 1.17
Nodes/cy: 740
Edges/cy: 740
TEPS: 597

---Pcache---
Pcache Size: 16,448
Cached: 0
  PHits: 0
  PMisses: 0
  PHit Rate (hit/miss): -nan%
  PEvictions: 0
  PEviction Rate (evict/misses): -nan%

---Energy---
Leakage Energy (nJ): 168,517
PU Dyn E (nJ): 5,835,135
Mem Dyn E (nJ): 19,016,883
Route Dyn E (nJ): 12,703,855
Dynamic Energy (nJ): 37,555,873
Ratio of Dyn/Leak: 223
Total Energy (nJ): 37,724,390
Total Energy (nJ) 3D: 38,848,796
Cores Energy (nJ): 5,842,260
Route Energy (nJ): 12,707,957
Route Energy (nJ) 3D: 13,832,364
Mem Energy   (nJ): 19,174,173
Mem Energy   (nJ) 3D: 19,174,173
Avg. Power (mW): 235,771.54
Power Density (mW/mm2): 68.12

---Runtime---
Runtime in K cycles: 160.00
Microseconds: 160.00
Time per iteration (ms): 0.16

---Throughput---
GOP/s (aka OPS/ns): 5,471.24
GOP/s per core: 0.33
FLOP/s: 633.18
FLOP/s per core: 0.04
Max Peak FLOP/s: 16,384.00
Avg. BW GB/s: 23,115.61
Max BW GB/s: 65,536.00

---Traffic---
In-Die bisection_bytes BW (GB/s): 2,048.00
Inter-board traffic (msg/ns): 0.00, per-link: 0.00
Inter-pack traffic (msg/ns): 0.00, per-link: 0.00
Inter-die traffic (msg/ns): 0.00, per-link: 0.00
Ruche traffic (msg/ns): 0.00, per-link: 0.00
All traffic (msg/ns): 26,157.47, per-link: 1.60
Inter-die reduction wrt all: inf
Inter-board reduction wrt inter-die: -nan

---Data Movement---
All traffic (msg): 4,185,300,214
Arith. Intensity FLOP/Loads: 0.18
Arith. Intensity FLOP/Msgs: 0.02
Arith. Intensity OPS/Loads: 1.55
Arith. Intensity OPS/Msgs: 0.21



===Core Utilization Total=== CORE-S:16;; TIME K cy:160 ;; Nodes Proc: 14,710,121 -- Edges Proc: 0
======== IT IS COLD ======= Only 832 Tiles active

===PRINTING FRAME STATS

FCollision In Avg:15, SD:37, Max:300, Min:0
FCollision Out Avg:20, SD:38, Max:174, Min:0
FCollision End Avg:0, SD:0, Max:0, Min:0
FTask1 Avg:0, SD:0, Max:0, Min:0
FTask2 Avg:0, SD:0, Max:0, Min:0
FTask3 Avg:1, SD:3, Max:32, Min:0
FCore Active Avg:2, SD:3, Max:32, Min:0
FRouter Active Avg:30, SD:18, Max:101, Min:3
T1 invocations: 0
T2 invocations: 0
T3 invocations: 261,273
T3b invocations: 0
Total3 invocations: 261,273
Total4 invocations: 0

T3/T2 ratio: inf
T3b/T3 ratio: 0

T1 avg ex cycles: -nan
T2 avg ex cycles: -nan
T3&b avg ex cycles: 2
T4 avg ex cycles: -nan
Avg. hops NOC1: -nan
Avg. latency NOC1 (T2): -nan
Avg. hops NOC2: 56
Avg. latency NOC2 (T3): 1,337

===PRINTING ACUM STATS at pu_cycles: 170,003

ACollision In Avg:55, SD:21, Max:218, Min:6
ACollision Out Avg:55, SD:15, Max:96, Min:13
ACollision End Avg:0, SD:1, Max:31, Min:0
ATask1 Avg:23, SD:0, Max:24, Min:23
ATask2 Avg:0, SD:0, Max:0, Min:0
ATask3 Avg:9, SD:5, Max:44, Min:2
ACore Active Avg:32, SD:5, Max:66, Min:25
ARouter Active Avg:55, SD:10, Max:97, Min:23
T1 invocations: 3,841,694
T2 invocations: 0
T3 invocations: 24,281,442
T3b invocations: 95,108,165
Total3 invocations: 119,389,607
Total4 invocations: 0

T3/T2 ratio: inf
T3b/T3 ratio: 4

T1 avg ex cycles: 167
T2 avg ex cycles: -nan
T3&b avg ex cycles: 2
T4 avg ex cycles: -nan
Avg. hops NOC1: -nan
Avg. latency NOC1 (T2): -nan
Avg. hops NOC2: 18
Avg. latency NOC2 (T3): 2,521
Number of K Nodes Processed: 119,394
Number of K Edges Processed: 119,394
Node Re-explore factor: 28.35
Edge Re-explore factor: 1.18
Nodes/cy: 702
Edges/cy: 702
TEPS: 562

---Pcache---
Pcache Size: 16,448
Cached: 0
  PHits: 0
  PMisses: 0
  PHit Rate (hit/miss): -nan%
  PEvictions: 0
  PEviction Rate (evict/misses): -nan%

---Energy---
Leakage Energy (nJ): 179,048
PU Dyn E (nJ): 5,844,002
Mem Dyn E (nJ): 19,138,594
Route Dyn E (nJ): 13,070,881
Dynamic Energy (nJ): 38,053,478
Ratio of Dyn/Leak: 213
Total Energy (nJ): 38,232,526
Total Energy (nJ) 3D: 39,389,418
Cores Energy (nJ): 5,851,573
Route Energy (nJ): 13,075,239
Route Energy (nJ) 3D: 14,232,131
Mem Energy   (nJ): 19,305,714
Mem Energy   (nJ) 3D: 19,305,714
Avg. Power (mW): 224,893.24
Power Density (mW/mm2): 64.97

---Runtime---
Runtime in K cycles: 170.00
Microseconds: 170.00
Time per iteration (ms): 0.17

---Throughput---
GOP/s (aka OPS/ns): 5,160.89
GOP/s per core: 0.31
FLOP/s: 595.94
FLOP/s per core: 0.04
Max Peak FLOP/s: 16,384.00
Avg. BW GB/s: 21,893.40
Max BW GB/s: 65,536.00

---Traffic---
In-Die bisection_bytes BW (GB/s): 2,048.00
Inter-board traffic (msg/ns): 0.00, per-link: 0.00
Inter-pack traffic (msg/ns): 0.00, per-link: 0.00
Inter-die traffic (msg/ns): 0.00, per-link: 0.00
Ruche traffic (msg/ns): 0.00, per-link: 0.00
All traffic (msg/ns): 25,301.44, per-link: 1.54
Inter-die reduction wrt all: inf
Inter-board reduction wrt inter-die: -nan

---Data Movement---
All traffic (msg): 4,301,321,152
Arith. Intensity FLOP/Loads: 0.18
Arith. Intensity FLOP/Msgs: 0.02
Arith. Intensity OPS/Loads: 1.54
Arith. Intensity OPS/Msgs: 0.20



===Core Utilization Total=== CORE-S:17;; TIME K cy:170 ;; Nodes Proc: 14,828,529 -- Edges Proc: 0
======== IT IS COLD ======= Only 576 Tiles active

===PRINTING FRAME STATS

FCollision In Avg:11, SD:31, Max:293, Min:0
FCollision Out Avg:14, SD:30, Max:100, Min:0
FCollision End Avg:0, SD:0, Max:0, Min:0
FTask1 Avg:0, SD:0, Max:0, Min:0
FTask2 Avg:0, SD:0, Max:0, Min:0
FTask3 Avg:1, SD:2, Max:22, Min:0
FCore Active Avg:1, SD:2, Max:22, Min:0
FRouter Active Avg:25, SD:16, Max:100, Min:3
T1 invocations: 0
T2 invocations: 0
T3 invocations: 215,405
T3b invocations: 0
Total3 invocations: 215,405
Total4 invocations: 0

T3/T2 ratio: inf
T3b/T3 ratio: 0

T1 avg ex cycles: -nan
T2 avg ex cycles: -nan
T3&b avg ex cycles: 2
T4 avg ex cycles: -nan
Avg. hops NOC1: -nan
Avg. latency NOC1 (T2): -nan
Avg. hops NOC2: 55
Avg. latency NOC2 (T3): 1,695

===PRINTING ACUM STATS at pu_cycles: 180,003

ACollision In Avg:52, SD:21, Max:206, Min:6
ACollision Out Avg:53, SD:15, Max:96, Min:12
ACollision End Avg:0, SD:1, Max:30, Min:0
ATask1 Avg:22, SD:0, Max:23, Min:22
ATask2 Avg:0, SD:0, Max:0, Min:0
ATask3 Avg:8, SD:5, Max:41, Min:2
ACore Active Avg:31, SD:5, Max:63, Min:24
ARouter Active Avg:53, SD:10, Max:97, Min:23
T1 invocations: 3,841,694
T2 invocations: 0
T3 invocations: 25,092,087
T3b invocations: 95,108,165
Total3 invocations: 120,200,252
Total4 invocations: 0

T3/T2 ratio: inf
T3b/T3 ratio: 4

T1 avg ex cycles: 167
T2 avg ex cycles: -nan
T3&b avg ex cycles: 2
T4 avg ex cycles: -nan
Avg. hops NOC1: -nan
Avg. latency NOC1 (T2): -nan
Avg. hops NOC2: 18
Avg. latency NOC2 (T3): 2,515
Number of K Nodes Processed: 120,202
Number of K Edges Processed: 120,202
Node Re-explore factor: 28.55
Edge Re-explore factor: 1.19
Nodes/cy: 668
Edges/cy: 668
TEPS: 531

---Pcache---
Pcache Size: 16,448
Cached: 0
  PHits: 0
  PMisses: 0
  PHit Rate (hit/miss): -nan%
  PEvictions: 0
  PEviction Rate (evict/misses): -nan%

---Energy---
Leakage Energy (nJ): 189,580
PU Dyn E (nJ): 5,851,390
Mem Dyn E (nJ): 19,239,989
Route Dyn E (nJ): 13,376,813
Dynamic Energy (nJ): 38,468,191
Ratio of Dyn/Leak: 203
Total Energy (nJ): 38,657,771
Total Energy (nJ) 3D: 39,841,741
Cores Energy (nJ): 5,859,405
Route Energy (nJ): 13,381,428
Route Energy (nJ) 3D: 14,565,397
Mem Energy   (nJ): 19,416,939
Mem Energy   (nJ) 3D: 19,416,939
Avg. Power (mW): 214,761.81
Power Density (mW/mm2): 62.05

---Runtime---
Runtime in K cycles: 180.00
Microseconds: 180.00
Time per iteration (ms): 0.18

---Throughput---
GOP/s (aka OPS/ns): 4,883.18
GOP/s per core: 0.30
FLOP/s: 562.83
FLOP/s per core: 0.03
Max Peak FLOP/s: 16,384.00
Avg. BW GB/s: 20,785.21
Max BW GB/s: 65,536.00

---Traffic---
In-Die bisection_bytes BW (GB/s): 2,048.00
Inter-board traffic (msg/ns): 0.00, per-link: 0.00
Inter-pack traffic (msg/ns): 0.00, per-link: 0.00
Inter-die traffic (msg/ns): 0.00, per-link: 0.00
Ruche traffic (msg/ns): 0.00, per-link: 0.00
All traffic (msg/ns): 24,433.09, per-link: 1.49
Inter-die reduction wrt all: inf
Inter-board reduction wrt inter-die: -nan

---Data Movement---
All traffic (msg): 4,398,028,816
Arith. Intensity FLOP/Loads: 0.18
Arith. Intensity FLOP/Msgs: 0.02
Arith. Intensity OPS/Loads: 1.54
Arith. Intensity OPS/Msgs: 0.20



===Core Utilization Total=== CORE-S:18;; TIME K cy:180 ;; Nodes Proc: 14,921,758 -- Edges Proc: 0
======== IT IS COLD ======= Only 310 Tiles active

===PRINTING FRAME STATS

FCollision In Avg:6, SD:23, Max:213, Min:0
FCollision Out Avg:7, SD:22, Max:100, Min:0
FCollision End Avg:0, SD:0, Max:0, Min:0
FTask1 Avg:0, SD:0, Max:0, Min:0
FTask2 Avg:0, SD:0, Max:0, Min:0
FTask3 Avg:1, SD:2, Max:29, Min:0
FCore Active Avg:1, SD:2, Max:29, Min:0
FRouter Active Avg:23, SD:17, Max:99, Min:3
T1 invocations: 0
T2 invocations: 0
T3 invocations: 204,819
T3b invocations: 0
Total3 invocations: 204,819
Total4 invocations: 0

T3/T2 ratio: inf
T3b/T3 ratio: 0

T1 avg ex cycles: -nan
T2 avg ex cycles: -nan
T3&b avg ex cycles: 2
T4 avg ex cycles: -nan
Avg. hops NOC1: -nan
Avg. latency NOC1 (T2): -nan
Avg. hops NOC2: 52
Avg. latency NOC2 (T3): 1,803

===PRINTING ACUM STATS at pu_cycles: 190,003

ACollision In Avg:50, SD:20, Max:195, Min:5
ACollision Out Avg:50, SD:15, Max:97, Min:11
ACollision End Avg:0, SD:1, Max:28, Min:0
ATask1 Avg:21, SD:0, Max:22, Min:20
ATask2 Avg:0, SD:0, Max:0, Min:0
ATask3 Avg:8, SD:4, Max:39, Min:2
ACore Active Avg:29, SD:4, Max:60, Min:23
ARouter Active Avg:51, SD:10, Max:97, Min:23
T1 invocations: 3,841,694
T2 invocations: 0
T3 invocations: 25,850,067
T3b invocations: 95,108,165
Total3 invocations: 120,958,232
Total4 invocations: 0

T3/T2 ratio: inf
T3b/T3 ratio: 4

T1 avg ex cycles: 167
T2 avg ex cycles: -nan
T3&b avg ex cycles: 2
T4 avg ex cycles: -nan
Avg. hops NOC1: -nan
Avg. latency NOC1 (T2): -nan
Avg. hops NOC2: 19
Avg. latency NOC2 (T3): 2,509
Number of K Nodes Processed: 120,959
Number of K Edges Processed: 120,959
Node Re-explore factor: 28.73
Edge Re-explore factor: 1.19
Nodes/cy: 637
Edges/cy: 637
TEPS: 503

---Pcache---
Pcache Size: 16,448
Cached: 0
  PHits: 0
  PMisses: 0
  PHit Rate (hit/miss): -nan%
  PEvictions: 0
  PEviction Rate (evict/misses): -nan%

---Energy---
Leakage Energy (nJ): 200,112
PU Dyn E (nJ): 5,858,297
Mem Dyn E (nJ): 19,334,796
Route Dyn E (nJ): 13,662,330
Dynamic Energy (nJ): 38,855,423
Ratio of Dyn/Leak: 194
Total Energy (nJ): 39,055,535
Total Energy (nJ) 3D: 40,264,775
Cores Energy (nJ): 5,866,757
Route Energy (nJ): 13,667,201
Route Energy (nJ) 3D: 14,876,442
Mem Energy   (nJ): 19,521,576
Mem Energy   (nJ) 3D: 19,521,576
Avg. Power (mW): 205,552.20
Power Density (mW/mm2): 59.39

---Runtime---
Runtime in K cycles: 190.00
Microseconds: 190.00
Time per iteration (ms): 0.19

---Throughput---
GOP/s (aka OPS/ns): 4,634.16
GOP/s per core: 0.28
FLOP/s: 533.21
FLOP/s per core: 0.03
Max Peak FLOP/s: 16,384.00
Avg. BW GB/s: 19,787.01
Max BW GB/s: 65,536.00

---Traffic---
In-Die bisection_bytes BW (GB/s): 2,048.00
Inter-board traffic (msg/ns): 0.00, per-link: 0.00
Inter-pack traffic (msg/ns): 0.00, per-link: 0.00
Inter-die traffic (msg/ns): 0.00, per-link: 0.00
Ruche traffic (msg/ns): 0.00, per-link: 0.00
All traffic (msg/ns): 23,622.18, per-link: 1.44
Inter-die reduction wrt all: inf
Inter-board reduction wrt inter-die: -nan

---Data Movement---
All traffic (msg): 4,488,285,906
Arith. Intensity FLOP/Loads: 0.18
Arith. Intensity FLOP/Msgs: 0.02
Arith. Intensity OPS/Loads: 1.54
Arith. Intensity OPS/Msgs: 0.20



===Core Utilization Total=== CORE-S:19;; TIME K cy:190 ;; Nodes Proc: 15,008,615 -- Edges Proc: 0
======== IT IS COLD ======= Only 88 Tiles active

===PRINTING FRAME STATS

FCollision In Avg:2, SD:11, Max:181, Min:0
FCollision Out Avg:1, SD:9, Max:88, Min:0
FCollision End Avg:0, SD:0, Max:0, Min:0
FTask1 Avg:0, SD:0, Max:0, Min:0
FTask2 Avg:0, SD:0, Max:0, Min:0
FTask3 Avg:1, SD:2, Max:20, Min:0
FCore Active Avg:1, SD:2, Max:20, Min:0
FRouter Active Avg:26, SD:19, Max:100, Min:4
T1 invocations: 0
T2 invocations: 0
T3 invocations: 228,770
T3b invocations: 0
Total3 invocations: 228,770
Total4 invocations: 0

T3/T2 ratio: inf
T3b/T3 ratio: 0

T1 avg ex cycles: -nan
T2 avg ex cycles: -nan
T3&b avg ex cycles: 2
T4 avg ex cycles: -nan
Avg. hops NOC1: -nan
Avg. latency NOC1 (T2): -nan
Avg. hops NOC2: 53
Avg. latency NOC2 (T3): 1,222

===PRINTING ACUM STATS at pu_cycles: 200,003

ACollision In Avg:48, SD:20, Max:185, Min:5
ACollision Out Avg:48, SD:14, Max:94, Min:11
ACollision End Avg:0, SD:1, Max:27, Min:0
ATask1 Avg:20, SD:0, Max:21, Min:19
ATask2 Avg:0, SD:0, Max:0, Min:0
ATask3 Avg:8, SD:4, Max:37, Min:2
ACore Active Avg:28, SD:4, Max:57, Min:21
ARouter Active Avg:50, SD:10, Max:97, Min:24
T1 invocations: 3,841,694
T2 invocations: 0
T3 invocations: 26,685,556
T3b invocations: 95,108,165
Total3 invocations: 121,793,721
Total4 invocations: 0

T3/T2 ratio: inf
T3b/T3 ratio: 4

T1 avg ex cycles: 167
T2 avg ex cycles: -nan
T3&b avg ex cycles: 2
T4 avg ex cycles: -nan
Avg. hops NOC1: -nan
Avg. latency NOC1 (T2): -nan
Avg. hops NOC2: 19
Avg. latency NOC2 (T3): 2,499
Number of K Nodes Processed: 121,841
Number of K Edges Processed: 121,841
Node Re-explore factor: 28.94
Edge Re-explore factor: 1.20
Nodes/cy: 609
Edges/cy: 609
TEPS: 478

---Pcache---
Pcache Size: 16,448
Cached: 0
  PHits: 0
  PMisses: 0
  PHit Rate (hit/miss): -nan%
  PEvictions: 0
  PEviction Rate (evict/misses): -nan%

---Energy---
Leakage Energy (nJ): 210,644
PU Dyn E (nJ): 5,865,910
Mem Dyn E (nJ): 19,439,297
Route Dyn E (nJ): 13,961,430
Dynamic Energy (nJ): 39,266,638
Ratio of Dyn/Leak: 186
Total Energy (nJ): 39,477,282
Total Energy (nJ) 3D: 40,712,996
Cores Energy (nJ): 5,874,816
Route Energy (nJ): 13,966,558
Route Energy (nJ) 3D: 15,202,271
Mem Energy   (nJ): 19,635,908
Mem Energy   (nJ) 3D: 19,635,908
Avg. Power (mW): 197,383.45
Power Density (mW/mm2): 57.03

---Runtime---
Runtime in K cycles: 200.00
Microseconds: 200.00
Time per iteration (ms): 0.20

---Throughput---
GOP/s (aka OPS/ns): 4,410.81
GOP/s per core: 0.27
FLOP/s: 506.55
FLOP/s per core: 0.03
Max Peak FLOP/s: 16,384.00
Avg. BW GB/s: 18,897.93
Max BW GB/s: 65,536.00

---Traffic---
In-Die bisection_bytes BW (GB/s): 2,048.00
Inter-board traffic (msg/ns): 0.00, per-link: 0.00
Inter-pack traffic (msg/ns): 0.00, per-link: 0.00
Inter-die traffic (msg/ns): 0.00, per-link: 0.00
Ruche traffic (msg/ns): 0.00, per-link: 0.00
All traffic (msg/ns): 22,914.26, per-link: 1.40
Inter-die reduction wrt all: inf
Inter-board reduction wrt inter-die: -nan

---Data Movement---
All traffic (msg): 4,582,919,802
Arith. Intensity FLOP/Loads: 0.18
Arith. Intensity FLOP/Msgs: 0.02
Arith. Intensity OPS/Loads: 1.53
Arith. Intensity OPS/Msgs: 0.19



===Core Utilization Total=== CORE-S:20;; TIME K cy:200 ;; Nodes Proc: 15,116,860 -- Edges Proc: 0
======== IT IS COLD ======= Only 20 Tiles active

===PRINTING FRAME STATS

FCollision In Avg:0, SD:2, Max:54, Min:0
FCollision Out Avg:0, SD:1, Max:23, Min:0
FCollision End Avg:0, SD:0, Max:0, Min:0
FTask1 Avg:0, SD:0, Max:0, Min:0
FTask2 Avg:0, SD:0, Max:0, Min:0
FTask3 Avg:1, SD:1, Max:16, Min:0
FCore Active Avg:1, SD:2, Max:16, Min:0
FRouter Active Avg:16, SD:13, Max:100, Min:1
T1 invocations: 0
T2 invocations: 0
T3 invocations: 176,069
T3b invocations: 0
Total3 invocations: 176,069
Total4 invocations: 0

T3/T2 ratio: inf
T3b/T3 ratio: 0

T1 avg ex cycles: -nan
T2 avg ex cycles: -nan
T3&b avg ex cycles: 2
T4 avg ex cycles: -nan
Avg. hops NOC1: -nan
Avg. latency NOC1 (T2): -nan
Avg. hops NOC2: 39
Avg. latency NOC2 (T3): 1,050

===PRINTING ACUM STATS at pu_cycles: 210,003

ACollision In Avg:45, SD:19, Max:176, Min:5
ACollision Out Avg:46, SD:13, Max:89, Min:10
ACollision End Avg:0, SD:1, Max:25, Min:0
ATask1 Avg:19, SD:0, Max:20, Min:18
ATask2 Avg:0, SD:0, Max:0, Min:0
ATask3 Avg:7, SD:4, Max:35, Min:1
ACore Active Avg:26, SD:4, Max:54, Min:20
ARouter Active Avg:48, SD:9, Max:96, Min:23
T1 invocations: 3,841,694
T2 invocations: 0
T3 invocations: 27,394,299
T3b invocations: 95,108,165
Total3 invocations: 122,502,464
Total4 invocations: 0

T3/T2 ratio: inf
T3b/T3 ratio: 3

T1 avg ex cycles: 167
T2 avg ex cycles: -nan
T3&b avg ex cycles: 2
T4 avg ex cycles: -nan
Avg. hops NOC1: -nan
Avg. latency NOC1 (T2): -nan
Avg. hops NOC2: 19
Avg. latency NOC2 (T3): 2,489
Number of K Nodes Processed: 122,503
Number of K Edges Processed: 122,503
Node Re-explore factor: 29.09
Edge Re-explore factor: 1.21
Nodes/cy: 583
Edges/cy: 583
TEPS: 455

---Pcache---
Pcache Size: 16,448
Cached: 0
  PHits: 0
  PMisses: 0
  PHit Rate (hit/miss): -nan%
  PEvictions: 0
  PEviction Rate (evict/misses): -nan%

---Energy---
Leakage Energy (nJ): 221,176
PU Dyn E (nJ): 5,872,369
Mem Dyn E (nJ): 19,527,946
Route Dyn E (nJ): 14,243,760
Dynamic Energy (nJ): 39,644,075
Ratio of Dyn/Leak: 179
Total Energy (nJ): 39,865,251
Total Energy (nJ) 3D: 41,125,953
Cores Energy (nJ): 5,881,720
Route Energy (nJ): 14,249,144
Route Energy (nJ) 3D: 15,509,846
Mem Energy   (nJ): 19,734,387
Mem Energy   (nJ) 3D: 19,734,387
Avg. Power (mW): 189,831.82
Power Density (mW/mm2): 54.85

---Runtime---
Runtime in K cycles: 210.00
Microseconds: 210.00
Time per iteration (ms): 0.21

---Throughput---
GOP/s (aka OPS/ns): 4,207.52
GOP/s per core: 0.26
FLOP/s: 482.43
FLOP/s per core: 0.03
Max Peak FLOP/s: 16,384.00
Avg. BW GB/s: 18,079.04
Max BW GB/s: 65,536.00

---Traffic---
In-Die bisection_bytes BW (GB/s): 2,048.00
Inter-board traffic (msg/ns): 0.00, per-link: 0.00
Inter-pack traffic (msg/ns): 0.00, per-link: 0.00
Inter-die traffic (msg/ns): 0.00, per-link: 0.00
Ruche traffic (msg/ns): 0.00, per-link: 0.00
All traffic (msg/ns): 22,247.72, per-link: 1.36
Inter-die reduction wrt all: inf
Inter-board reduction wrt inter-die: -nan

---Data Movement---
All traffic (msg): 4,672,087,756
Arith. Intensity FLOP/Loads: 0.18
Arith. Intensity FLOP/Msgs: 0.02
Arith. Intensity OPS/Loads: 1.53
Arith. Intensity OPS/Msgs: 0.19



===Core Utilization Total=== CORE-S:21;; TIME K cy:210 ;; Nodes Proc: 15,199,957 -- Edges Proc: 0
======== IT IS COLD ======= Only 7 Tiles active

===PRINTING FRAME STATS

FCollision In Avg:0, SD:0, Max:0, Min:0
FCollision Out Avg:0, SD:0, Max:0, Min:0
FCollision End Avg:0, SD:0, Max:0, Min:0
FTask1 Avg:0, SD:0, Max:0, Min:0
FTask2 Avg:0, SD:0, Max:0, Min:0
FTask3 Avg:0, SD:1, Max:9, Min:0
FCore Active Avg:0, SD:1, Max:9, Min:0
FRouter Active Avg:6, SD:8, Max:94, Min:0
T1 invocations: 0
T2 invocations: 0
T3 invocations: 95,097
T3b invocations: 0
Total3 invocations: 95,097
Total4 invocations: 0

T3/T2 ratio: inf
T3b/T3 ratio: 0

T1 avg ex cycles: -nan
T2 avg ex cycles: -nan
T3&b avg ex cycles: 2
T4 avg ex cycles: -nan
Avg. hops NOC1: -nan
Avg. latency NOC1 (T2): -nan
Avg. hops NOC2: 25
Avg. latency NOC2 (T3): 1,506

===PRINTING ACUM STATS at pu_cycles: 220,003

ACollision In Avg:43, SD:18, Max:168, Min:5
ACollision Out Avg:43, SD:13, Max:85, Min:10
ACollision End Avg:0, SD:1, Max:24, Min:0
ATask1 Avg:18, SD:0, Max:19, Min:18
ATask2 Avg:0, SD:0, Max:0, Min:0
ATask3 Avg:7, SD:4, Max:34, Min:1
ACore Active Avg:25, SD:4, Max:52, Min:19
ARouter Active Avg:47, SD:9, Max:94, Min:22
T1 invocations: 3,841,694
T2 invocations: 0
T3 invocations: 27,725,215
T3b invocations: 95,108,165
Total3 invocations: 122,833,380
Total4 invocations: 0

T3/T2 ratio: inf
T3b/T3 ratio: 3

T1 avg ex cycles: 167
T2 avg ex cycles: -nan
T3&b avg ex cycles: 2
T4 avg ex cycles: -nan
Avg. hops NOC1: -nan
Avg. latency NOC1 (T2): -nan
Avg. hops NOC2: 19
Avg. latency NOC2 (T3): 2,486
Number of K Nodes Processed: 122,855
Number of K Edges Processed: 122,855
Node Re-explore factor: 29.18
Edge Re-explore factor: 1.21
Nodes/cy: 558
Edges/cy: 558
TEPS: 434

---Pcache---
Pcache Size: 16,448
Cached: 0
  PHits: 0
  PMisses: 0
  PHit Rate (hit/miss): -nan%
  PEvictions: 0
  PEviction Rate (evict/misses): -nan%

---Energy---
Leakage Energy (nJ): 231,708
PU Dyn E (nJ): 5,875,384
Mem Dyn E (nJ): 19,569,336
Route Dyn E (nJ): 14,352,340
Dynamic Energy (nJ): 39,797,061
Ratio of Dyn/Leak: 172
Total Energy (nJ): 40,028,769
Total Energy (nJ) 3D: 41,299,081
Cores Energy (nJ): 5,885,181
Route Energy (nJ): 14,357,980
Route Energy (nJ) 3D: 15,628,293
Mem Energy   (nJ): 19,785,608
Mem Energy   (nJ) 3D: 19,785,608
Avg. Power (mW): 181,946.47
Power Density (mW/mm2): 52.57

---Runtime---
Runtime in K cycles: 220.00
Microseconds: 220.00
Time per iteration (ms): 0.22

---Throughput---
GOP/s (aka OPS/ns): 4,019.28
GOP/s per core: 0.25
FLOP/s: 460.50
FLOP/s per core: 0.03
Max Peak FLOP/s: 16,384.00
Avg. BW GB/s: 17,293.38
Max BW GB/s: 65,536.00

---Traffic---
In-Die bisection_bytes BW (GB/s): 2,048.00
Inter-board traffic (msg/ns): 0.00, per-link: 0.00
Inter-pack traffic (msg/ns): 0.00, per-link: 0.00
Inter-die traffic (msg/ns): 0.00, per-link: 0.00
Ruche traffic (msg/ns): 0.00, per-link: 0.00
All traffic (msg/ns): 21,392.88, per-link: 1.31
Inter-die reduction wrt all: inf
Inter-board reduction wrt inter-die: -nan

---Data Movement---
All traffic (msg): 4,706,497,150
Arith. Intensity FLOP/Loads: 0.18
Arith. Intensity FLOP/Msgs: 0.02
Arith. Intensity OPS/Loads: 1.53
Arith. Intensity OPS/Msgs: 0.19



===Core Utilization Total=== CORE-S:22;; TIME K cy:220 ;; Nodes Proc: 15,243,366 -- Edges Proc: 0
======== IT IS COLD ======= Only 10 Tiles active

===PRINTING FRAME STATS

FCollision In Avg:0, SD:0, Max:0, Min:0
FCollision Out Avg:0, SD:0, Max:0, Min:0
FCollision End Avg:0, SD:0, Max:0, Min:0
FTask1 Avg:0, SD:0, Max:0, Min:0
FTask2 Avg:0, SD:0, Max:0, Min:0
FTask3 Avg:0, SD:1, Max:9, Min:0
FCore Active Avg:0, SD:1, Max:9, Min:0
FRouter Active Avg:5, SD:7, Max:89, Min:0
T1 invocations: 0
T2 invocations: 0
T3 invocations: 81,342
T3b invocations: 0
Total3 invocations: 81,342
Total4 invocations: 0

T3/T2 ratio: inf
T3b/T3 ratio: 0

T1 avg ex cycles: -nan
T2 avg ex cycles: -nan
T3&b avg ex cycles: 2
T4 avg ex cycles: -nan
Avg. hops NOC1: -nan
Avg. latency NOC1 (T2): -nan
Avg. hops NOC2: 25
Avg. latency NOC2 (T3): 921

===PRINTING ACUM STATS at pu_cycles: 230,002

ACollision In Avg:41, SD:17, Max:161, Min:4
ACollision Out Avg:42, SD:12, Max:81, Min:9
ACollision End Avg:0, SD:0, Max:23, Min:0
ATask1 Avg:17, SD:0, Max:18, Min:17
ATask2 Avg:0, SD:0, Max:0, Min:0
ATask3 Avg:7, SD:4, Max:32, Min:1
ACore Active Avg:24, SD:4, Max:50, Min:19
ARouter Active Avg:45, SD:9, Max:93, Min:21
T1 invocations: 3,841,694
T2 invocations: 0
T3 invocations: 27,985,958
T3b invocations: 95,108,165
Total3 invocations: 123,094,123
Total4 invocations: 0

T3/T2 ratio: inf
T3b/T3 ratio: 3

T1 avg ex cycles: 167
T2 avg ex cycles: -nan
T3&b avg ex cycles: 2
T4 avg ex cycles: -nan
Avg. hops NOC1: -nan
Avg. latency NOC1 (T2): -nan
Avg. hops NOC2: 19
Avg. latency NOC2 (T3): 2,482
Number of K Nodes Processed: 123,131
Number of K Edges Processed: 123,131
Node Re-explore factor: 29.24
Edge Re-explore factor: 1.22
Nodes/cy: 535
Edges/cy: 535
TEPS: 415

---Pcache---
Pcache Size: 16,448
Cached: 0
  PHits: 0
  PMisses: 0
  PHit Rate (hit/miss): -nan%
  PEvictions: 0
  PEviction Rate (evict/misses): -nan%

---Energy---
Leakage Energy (nJ): 242,239
PU Dyn E (nJ): 5,877,760
Mem Dyn E (nJ): 19,601,950
Route Dyn E (nJ): 14,445,364
Dynamic Energy (nJ): 39,925,074
Ratio of Dyn/Leak: 165
Total Energy (nJ): 40,167,313
Total Energy (nJ) 3D: 41,445,859
Cores Energy (nJ): 5,888,002
Route Energy (nJ): 14,451,260
Route Energy (nJ) 3D: 15,729,806
Mem Energy   (nJ): 19,828,051
Mem Energy   (nJ) 3D: 19,828,051
Avg. Power (mW): 174,638.97
Power Density (mW/mm2): 50.46

---Runtime---
Runtime in K cycles: 230.00
Microseconds: 230.00
Time per iteration (ms): 0.23

---Throughput---
GOP/s (aka OPS/ns): 3,846.82
GOP/s per core: 0.23
FLOP/s: 440.48
FLOP/s per core: 0.03
Max Peak FLOP/s: 16,384.00
Avg. BW GB/s: 16,568.78
Max BW GB/s: 65,536.00

---Traffic---
In-Die bisection_bytes BW (GB/s): 2,048.00
Inter-board traffic (msg/ns): 0.00, per-link: 0.00
Inter-pack traffic (msg/ns): 0.00, per-link: 0.00
Inter-die traffic (msg/ns): 0.00, per-link: 0.00
Ruche traffic (msg/ns): 0.00, per-link: 0.00
All traffic (msg/ns): 20,590.83, per-link: 1.26
Inter-die reduction wrt all: inf
Inter-board reduction wrt inter-die: -nan

---Data Movement---
All traffic (msg): 4,735,931,322
Arith. Intensity FLOP/Loads: 0.17
Arith. Intensity FLOP/Msgs: 0.02
Arith. Intensity OPS/Loads: 1.53
Arith. Intensity OPS/Msgs: 0.19



===Core Utilization Total=== CORE-S:23;; TIME K cy:230 ;; Nodes Proc: 15,278,367 -- Edges Proc: 0
======== IT IS COLD ======= Only 0 Tiles active

===PRINTING FRAME STATS

FCollision In Avg:0, SD:0, Max:0, Min:0
FCollision Out Avg:0, SD:0, Max:0, Min:0
FCollision End Avg:0, SD:0, Max:0, Min:0
FTask1 Avg:0, SD:0, Max:0, Min:0
FTask2 Avg:0, SD:0, Max:0, Min:0
FTask3 Avg:0, SD:1, Max:8, Min:0
FCore Active Avg:0, SD:1, Max:8, Min:0
FRouter Active Avg:5, SD:7, Max:89, Min:0
T1 invocations: 0
T2 invocations: 0
T3 invocations: 65,111
T3b invocations: 0
Total3 invocations: 65,111
Total4 invocations: 0

T3/T2 ratio: inf
T3b/T3 ratio: 0

T1 avg ex cycles: -nan
T2 avg ex cycles: -nan
T3&b avg ex cycles: 2
T4 avg ex cycles: -nan
Avg. hops NOC1: -nan
Avg. latency NOC1 (T2): -nan
Avg. hops NOC2: 30
Avg. latency NOC2 (T3): 726

===PRINTING ACUM STATS at pu_cycles: 240,001

ACollision In Avg:41, SD:17, Max:154, Min:4
ACollision Out Avg:41, SD:12, Max:81, Min:9
ACollision End Avg:0, SD:0, Max:22, Min:0
ATask1 Avg:17, SD:0, Max:18, Min:16
ATask2 Avg:0, SD:0, Max:0, Min:0
ATask3 Avg:7, SD:4, Max:32, Min:1
ACore Active Avg:24, SD:4, Max:50, Min:18
ARouter Active Avg:44, SD:9, Max:93, Min:21
T1 invocations: 3,841,694
T2 invocations: 0
T3 invocations: 28,079,508
T3b invocations: 95,108,165
Total3 invocations: 123,187,673
Total4 invocations: 0

T3/T2 ratio: inf
T3b/T3 ratio: 3

T1 avg ex cycles: 167
T2 avg ex cycles: -nan
T3&b avg ex cycles: 2
T4 avg ex cycles: -nan
Avg. hops NOC1: -nan
Avg. latency NOC1 (T2): -nan
Avg. hops NOC2: 19
Avg. latency NOC2 (T3): 2,480
Number of K Nodes Processed: 123,251
Number of K Edges Processed: 123,251
Node Re-explore factor: 29.27
Edge Re-explore factor: 1.22
Nodes/cy: 514
Edges/cy: 514
TEPS: 398

---Pcache---
Pcache Size: 16,448
Cached: 0
  PHits: 0
  PMisses: 0
  PHit Rate (hit/miss): -nan%
  PEvictions: 0
  PEviction Rate (evict/misses): -nan%

---Energy---
Leakage Energy (nJ): 252,770
PU Dyn E (nJ): 5,878,613
Mem Dyn E (nJ): 19,613,651
Route Dyn E (nJ): 14,493,079
Dynamic Energy (nJ): 39,985,343
Ratio of Dyn/Leak: 158
Total Energy (nJ): 40,238,113
Total Energy (nJ) 3D: 41,520,883
Cores Energy (nJ): 5,889,300
Route Energy (nJ): 14,499,232
Route Energy (nJ) 3D: 15,782,002
Mem Energy   (nJ): 19,849,581
Mem Energy   (nJ) 3D: 19,849,581
Avg. Power (mW): 167,658.10
Power Density (mW/mm2): 48.44

---Runtime---
Runtime in K cycles: 240.00
Microseconds: 240.00
Time per iteration (ms): 0.24

---Throughput---
GOP/s (aka OPS/ns): 3,687.33
GOP/s per core: 0.23
FLOP/s: 422.13
FLOP/s per core: 0.03
Max Peak FLOP/s: 16,384.00
Avg. BW GB/s: 15,887.84
Max BW GB/s: 65,536.00

---Traffic---
In-Die bisection_bytes BW (GB/s): 2,048.00
Inter-board traffic (msg/ns): 0.00, per-link: 0.00
Inter-pack traffic (msg/ns): 0.00, per-link: 0.00
Inter-die traffic (msg/ns): 0.00, per-link: 0.00
Ruche traffic (msg/ns): 0.00, per-link: 0.00
All traffic (msg/ns): 19,795.54, per-link: 1.21
Inter-die reduction wrt all: inf
Inter-board reduction wrt inter-die: -nan

---Data Movement---
All traffic (msg): 4,750,948,848
Arith. Intensity FLOP/Loads: 0.17
Arith. Intensity FLOP/Msgs: 0.02
Arith. Intensity OPS/Loads: 1.53
Arith. Intensity OPS/Msgs: 0.19



===Core Utilization Total=== CORE-S:24;; TIME K cy:240 ;; Nodes Proc: 15,292,603 -- Edges Proc: 0
======== IT IS COLD ======= Only 0 Tiles active
Epoch Done Router: 6
Epoch Done Router: 0
Epoch Done Router: 3
Epoch Done Router: 7
Epoch Done Router: 2
Epoch Done Router: 1
Epoch Done Router: 4
Epoch Done Router: 5
##EPOCH## 1 COMPLETED at Time (K cy): 240
Nodes processed until now: 123,251,231
Edges processed until now: 0
Program Done Worker Thread: 0
Program Done Worker Thread: 3
Program Done Worker Thread: 5
Program Done Router Thread: 0
Program Done Router Thread: 3
Program Done Router Thread: 7
Program Done Worker Thread: 4
Program Done Router Thread: 2
Program Done Worker Thread: 7
Program Done Router Thread: 1
Program Done Worker Thread: 1
Program Done Router Thread: 4
Program Done Worker Thread: 2
Program Done Router Thread: 6
Program Done Router Thread: 5
Program Done Worker Thread: 6

===PRINTING ACUM STATS at pu_cycles: 240,404

ACollision In Avg:40, SD:16, Max:154, Min:4
ACollision Out Avg:40, SD:12, Max:78, Min:9
ACollision End Avg:0, SD:0, Max:22, Min:0
ATask1 Avg:16, SD:0, Max:17, Min:16
ATask2 Avg:0, SD:0, Max:0, Min:0
ATask3 Avg:6, SD:4, Max:31, Min:1
ACore Active Avg:23, SD:4, Max:48, Min:18
ARouter Active Avg:43, SD:9, Max:91, Min:20
T1 invocations: 3,841,694
T2 invocations: 0
T3 invocations: 28,143,066
T3b invocations: 95,108,165
Total3 invocations: 123,251,231
Total4 invocations: 0

T3/T2 ratio: inf
T3b/T3 ratio: 3

T1 avg ex cycles: 167
T2 avg ex cycles: -nan
T3&b avg ex cycles: 2
T4 avg ex cycles: -nan
Avg. hops NOC1: -nan
Avg. latency NOC1 (T2): -nan
Avg. hops NOC2: 19
Avg. latency NOC2 (T3): 2,479

Runtime at program end in K cycles: 240
Runtime before cooldown in K cycles: 150


Number of K Nodes Processed: 123,251
Number of K Edges Processed: 123,251
Node Re-explore factor: 29.27
Edge Re-explore factor: 1.22
Nodes/cy: 513
Edges/cy: 513
TEPS: 397

---Pcache---
Pcache Size: 16,448
Cached: 0
  PHits: 0
  PMisses: 0
  PHit Rate (hit/miss): -nan%
  PEvictions: 0
  PEviction Rate (evict/misses): -nan%

---Energy---
Leakage Energy (nJ): 253,194
PU Dyn E (nJ): 5,879,192
Mem Dyn E (nJ): 19,621,600
Route Dyn E (nJ): 14,532,389
Dynamic Energy (nJ): 40,033,182
Ratio of Dyn/Leak: 158
Total Energy (nJ): 40,286,376
Total Energy (nJ) 3D: 41,572,624
Cores Energy (nJ): 5,889,897
Route Energy (nJ): 14,538,552
Route Energy (nJ) 3D: 15,824,801
Mem Energy   (nJ): 19,857,927
Mem Energy   (nJ) 3D: 19,857,927
Avg. Power (mW): 167,577.81
Power Density (mW/mm2): 48.42

---Runtime---
Runtime in K cycles: 240.40
Microseconds: 240.40
Time per iteration (ms): 0.24

---Inst---
K Loads: 580,060
K Stores: 373,595
K Instructions: 885,089

---Throughput---
GOP/s (aka OPS/ns): 3,681.68
GOP/s per core: 0.22
FLOP/s: 421.42
FLOP/s per core: 0.03
Max Peak FLOP/s: 16,384.00
Avg. BW GB/s: 15,867.55
Max BW GB/s: 65,536.00

---Traffic---
In-Die bisection_bytes BW (GB/s): 2,048.00
Inter-board traffic (msg/ns): 0.00, per-link: 0.00
Inter-pack traffic (msg/ns): 0.00, per-link: 0.00
Inter-die traffic (msg/ns): 0.00, per-link: 0.00
Ruche traffic (msg/ns): 0.00, per-link: 0.00
All traffic (msg/ns): 19,813.70, per-link: 1.21
Inter-die reduction wrt all: inf
Inter-board reduction wrt inter-die: -nan

---Data Movement---
All traffic (msg): 4,763,293,754
Arith. Intensity FLOP/Loads: 0.17
Arith. Intensity FLOP/Msgs: 0.02
Arith. Intensity OPS/Loads: 1.53
Arith. Intensity OPS/Msgs: 0.19

Simulation time: 932.01
Sim noc_cy/s: 257.94
Sim Msg/s: 5,110,783.57

Version 31

