Dataset:  Kron22/
Dry run: 0
Open Edge Count File succesfully
Edges Traversed BFS: 128309848
Found Vertices: 4194304, Edges: 128311436
avg degree 31
Array  Kron22/node_array.bin found
Malloc array of size 16777220 bytes
Readin array of size 16777216 bytes
Finished Reading Array Bytes
No reordering Array 32bit
Array  Kron22/edge_array.bin found
Malloc array of size 513245744 bytes
Readin array of size 513245744 bytes
Finished Reading Array Bytes
No reordering Array 32bit
Array  Kron22/edge_values.bin found
Malloc array of size 513245744 bytes
Readin array of size 513245744 bytes
Finished Reading Array Bytes
No reordering Array 32bit
Reading graph elapsed time: 0.320702s

Dataset Footprint: 1026 MiB
Dataset Footprint per Board: 8614.71 Mb
Dataset injection time (ms): 0.5258
Max Dataset Footprint: 1026 MiB

Dataset footprint per tile: 4107 KiB
Proxys footprint per tile: 0 KiB
Reserved SRAM per tile: 1159 KiB

Ideal SRAM per tile: 5266 KiB
reserved_words_for_dataset:360072
dataset_words_per_tile:1051600
remaining_sram_words:1800362
min_dcache_sram_words_required:364283
dataset_words_per_tile:1051600
min_pcache_sram_words_required:0
proxys_words_per_tile:0
Dcache footprint ratio: 1
Dataset Cached: 0
DCache: 1051600 words, lines: 65725, sets: 65725
Proxys Cached: 0
Pcache: 0 words, sets: 0
Node per tile: 16,384
Edge per tile: 501,217
GRID_X: 16
GRID_SIZE: 256
smt_per_tile: 16
noc_freq: 2
pu_freq: 1
RUCHE_X: 2
PROXY_W: 16
DIE_W: 4
DIE_H: 4
DIES: 16
BORDER_TILES_PER_DIE: 16
PACK_W: 16
PACK_H: 16
DIES_PACK_FACTOR: 4
DIES_PER_PACK: 16
PACKAGES: 1
BOARD_W: 16
BOARD_H: 16
BOARDS: 1
MUX_BUS: 1
DCACHE: 1
PCACHE: 0
PROXY_FACTOR: 1
CACHE_WAYS: 1
TORUS: 1
PHY_NOCS: 1
WIDE_NOC_ID: 0
NOC_CONF: 1
noc_width: 32
hbm_channel_bit_width: 512
ld_st_op_byte_width: 4
PROXY_ROUTING: 0
WRITE_THROUGH: 0
ASSERT_MODE: 0
GLOBAL_BARRIER: 0
OQ flits: 576 ; 98,304 ; 2
IQ flits: 1,152 ; 196,608 ; 2
OQ messages: 192 ; 49,152 ; 1
IQ messages: 384 ; 98,304 ; 1
max_task2 size: 64
io_factor_t2: 2
io_factor_t3: 2
io_factor_t3b: 2

Active SRAM Storage per tile: 5,267 KiB
Total SRAM Storage per tile: 8,192 KiB
Agreggated SRAM Storage: 2,048 MiB

Active DRAM Storage per tile: 0 MiB
Total DRAM Storage per tile: 512 MiB
Agreggated DRAM Storage: 128 GiB

Inter-Die #links: 128
Inter-Die (Gbits): 8,192
Inter-Die (Gbits/mm): 246.342
Bisection BW of Board (Gbits): 8,192
Border IO #Dies: 16
Border IO Die BW (Gbits): 1,024
Off-Board BW Total (Gbits): 16,384
Off-Board BW Density (Gbits/mm): 54
Die side: 8.31 mm
Die border wire density: 246.34 Gbits/mm
HBM wire density: 492.68 Gbits/mm

Tiles per Die: 16 (4x4)
Tile Area: 3.02 mm2, side: 1.74 mm
- Core/Rout Area: 0.72 mm2
- SRAM Area: 2.30 mm2
- SRAM/Logic Ratio: 3.19x

Dies per Package: 16 (4x4)
Die Area: 69.12 mm2, side: 8.31 mm
- Tiles Area: 48.24 mm2
- PHY Area: 11.87 mm2
- MC Area: 9.00 mm2

Packages per Board: 1 (1x1)
Package Area: 5,745.87 mm2, side: 75.80 mm
- IOdie Area: 2,880.00 mm2
- Dies Area: 1,105.87 mm2
- HBM Area: 1,760.00 mm2

Boards: 1 (1x1)
Board Area: 5,745.87 mm2
Total Area: 5,745.87 mm2



ESTIMATED COST OF SILICON AND PACKAGING. ONLY VARIABLE, NO FIXED COSTS
Good dies per wafer 3d: 483
Good dies per wafer 2d: 808
--Dies 3D Cost: 200.31 $
--Dies 2.5D Cost: 119.74 $
--Dies 2D Cost: 119.74 $
--HBM Cost: 960.00 $
--IOdie Cost: 417.03 $
--Packaging Cost 3d: 98.59 $
--Packaging Cost 2.5d: 122.43 $
--Packaging Cost 2d: 80.52 $
SiP Cost 3d: 1,675.94 $
SiP Cost 2.5d: 1,619.20 $
SiP Cost 2d: 617.29 $
--Board Cost: 5.75 $
Total SiPs Cost 3d: 1,681.68 $
Total SiPs Cost 2.5d: 1,624.95 $
Total SiPs Cost 2d: 623.04 $

Perf counters initialized
Mesh connected
Cache structures initialized
proxys initialized
Dataset structures initialized


Starting Simulation
INIT epoch: 1
INIT epoch: 1
INIT epoch: 1
INIT epoch: 1
INIT epoch: 1
INIT epoch: 1
INIT epoch: 1
INIT epoch: 1

===PRINTING FRAME STATS

FCollision In Avg:-nan, SD:-nan, Max:314, Min:77
FCollision Out Avg:-nan, SD:-nan, Max:192, Min:18
FCollision End Avg:-nan, SD:-nan, Max:93, Min:0
FTask1 Avg:-nan, SD:-nan, Max:196, Min:21
FTask2 Avg:-nan, SD:-nan, Max:961, Min:158
FTask3 Avg:-nan, SD:-nan, Max:295, Min:188
FCore Active Avg:-nan, SD:-nan, Max:84, Min:32
FRouter Active Avg:-nan, SD:-nan, Max:93, Min:77
T1 invocations: 252,508
T2 invocations: 850,354
T3 invocations: 14,868,200
T3b invocations: 0
Total3 invocations: 14,868,200
Total4 invocations: 0

T3/T2 ratio: 17
T3b/T3 ratio: 0

T1 avg ex cycles: 120
T2 avg ex cycles: 199
T3&b avg ex cycles: 4
T4 avg ex cycles: -nan
Avg. hops NOC1: 2
Avg. latency NOC1 (T2): 10,216
Avg. hops NOC2: 6
Avg. latency NOC2 (T3): 35,501

===PRINTING ACUM STATS at pu_cycles: 104,885

ACollision In Avg:-nan, SD:-nan, Max:314, Min:77
ACollision Out Avg:-nan, SD:-nan, Max:192, Min:18
ACollision End Avg:-nan, SD:-nan, Max:93, Min:0
ATask1 Avg:-nan, SD:-nan, Max:196, Min:21
ATask2 Avg:-nan, SD:-nan, Max:961, Min:158
ATask3 Avg:-nan, SD:-nan, Max:295, Min:188
ACore Active Avg:-nan, SD:-nan, Max:84, Min:32
ARouter Active Avg:-nan, SD:-nan, Max:93, Min:77
T1 invocations: 252,508
T2 invocations: 850,354
T3 invocations: 14,868,200
T3b invocations: 0
Total3 invocations: 14,868,200
Total4 invocations: 0

T3/T2 ratio: 17
T3b/T3 ratio: 0

T1 avg ex cycles: 120
T2 avg ex cycles: 199
T3&b avg ex cycles: 4
T4 avg ex cycles: -nan
Avg. hops NOC1: 2
Avg. latency NOC1 (T2): 10,216
Avg. hops NOC2: 6
Avg. latency NOC2 (T3): 35,501
Number of K Nodes Processed: 15,021
Number of K Edges Processed: 27,395
Node Re-explore factor: 3.58
Edge Re-explore factor: 0.21
Nodes/cy: 143
Edges/cy: 261
TEPS: 1,223

---DCache---
DCache Size: 1,051,600
DRAM words: 0
  DHits: 0
  DMisses: 0

---Energy---
Leakage Energy (nJ): 120,988
PU Dyn E (nJ): 1,284,197
Mem Dyn E (nJ): 17,337,877
Route Dyn E (nJ): 3,003,372
Dynamic Energy (nJ): 21,625,448
Ratio of Dyn/Leak: 179
Total Energy (nJ): 21,746,436
Total Energy (nJ) 3D: 23,188,819
Cores Energy (nJ): 1,285,365
Route Energy (nJ): 3,034,805
Route Energy (nJ) 3D: 4,477,189
Mem Energy   (nJ): 17,426,266
Mem Energy   (nJ) 3D: 17,426,266
Avg. Power (mW): 207,336.00
Power Density (mW/mm2): 36.08

---Runtime---
Runtime in K cycles: 104.89
Microseconds: 104.89
Time per iteration (ms): 0.10

---Throughput---
GOP/s (aka OPS/ns): 1,086.21
GOP/s per core: 4.24
FLOP/s: 400.25
FLOP/s per core: 1.56
Max Peak FLOP/s: 4,096.00
Avg. BW GB/s: 8,009.48
Max BW GB/s: 16,384.00

---Traffic---
In-Die bisection_bytes BW (GB/s): 256.00
Inter-board traffic (msg/ns): 0.00, per-link: 0.00
Inter-pack traffic (msg/ns): 0.00, per-link: 0.00
Inter-die traffic (msg/ns): 151.09, per-link: 0.59
Ruche traffic (msg/ns): 381.95, per-link: 1.49
All traffic (msg/ns): 1,866.33, per-link: 7.29
Inter-die reduction wrt all: 12.35
Inter-board reduction wrt inter-die: inf

---Data Movement---
All traffic (msg): 195,750,302
Arith. Intensity FLOP/Loads: 0.40
Arith. Intensity FLOP/Msgs: 0.21
Arith. Intensity OPS/Loads: 1.09
Arith. Intensity OPS/Msgs: 0.58



===Core Utilization Total=== CORE-S:1;; TIME K cy:100 ;; Nodes Proc: 1,898,615 -- Edges Proc: 3,479,141

===PRINTING FRAME STATS

FCollision In Avg:160, SD:61, Max:359, Min:69
FCollision Out Avg:146, SD:35, Max:208, Min:14
FCollision End Avg:93, SD:18, Max:99, Min:0
FTask1 Avg:63, SD:26, Max:135, Min:0
FTask2 Avg:400, SD:155, Max:897, Min:0
FTask3 Avg:260, SD:25, Max:387, Min:210
FCore Active Avg:45, SD:11, Max:82, Min:18
FRouter Active Avg:90, SD:3, Max:94, Min:79
T1 invocations: 191,359
T2 invocations: 501,252
T3 invocations: 16,655,767
T3b invocations: 0
Total3 invocations: 16,655,767
Total4 invocations: 0

T3/T2 ratio: 33
T3b/T3 ratio: 0

T1 avg ex cycles: 84
T2 avg ex cycles: 204
T3&b avg ex cycles: 4
T4 avg ex cycles: -nan
Avg. hops NOC1: 1
Avg. latency NOC1 (T2): 27,961
Avg. hops NOC2: 6
Avg. latency NOC2 (T3): 23,409

===PRINTING ACUM STATS at pu_cycles: 200,774

ACollision In Avg:157, SD:52, Max:336, Min:77
ACollision Out Avg:133, SD:34, Max:197, Min:17
ACollision End Avg:77, SD:14, Max:96, Min:0
ATask1 Avg:92, SD:24, Max:153, Min:10
ATask2 Avg:534, SD:139, Max:885, Min:79
ATask3 Avg:247, SD:22, Max:308, Min:199
ACore Active Avg:55, SD:9, Max:78, Min:26
ARouter Active Avg:88, SD:3, Max:93, Min:79
T1 invocations: 447,488
T2 invocations: 1,360,314
T3 invocations: 31,676,449
T3b invocations: 0
Total3 invocations: 31,676,449
Total4 invocations: 0

T3/T2 ratio: 23
T3b/T3 ratio: 0

T1 avg ex cycles: 105
T2 avg ex cycles: 201
T3&b avg ex cycles: 4
T4 avg ex cycles: -nan
Avg. hops NOC1: 2
Avg. latency NOC1 (T2): 16,724
Avg. hops NOC2: 6
Avg. latency NOC2 (T3): 29,108
Number of K Nodes Processed: 31,681
Number of K Edges Processed: 43,795
Node Re-explore factor: 7.55
Edge Re-explore factor: 0.34
Nodes/cy: 158
Edges/cy: 218
TEPS: 639

---DCache---
DCache Size: 1,051,600
DRAM words: 0
  DHits: 0
  DMisses: 0

---Energy---
Leakage Energy (nJ): 231,599
PU Dyn E (nJ): 2,274,891
Mem Dyn E (nJ): 31,765,379
Route Dyn E (nJ): 6,354,013
Dynamic Energy (nJ): 40,394,284
Ratio of Dyn/Leak: 174
Total Energy (nJ): 40,625,883
Total Energy (nJ) 3D: 43,693,039
Cores Energy (nJ): 2,277,127
Route Energy (nJ): 6,414,182
Route Energy (nJ) 3D: 9,481,338
Mem Energy   (nJ): 31,934,575
Mem Energy   (nJ) 3D: 31,934,575
Avg. Power (mW): 202,346.34
Power Density (mW/mm2): 35.22

---Runtime---
Runtime in K cycles: 200.77
Microseconds: 200.77
Time per iteration (ms): 0.20

---Throughput---
GOP/s (aka OPS/ns): 983.27
GOP/s per core: 3.84
FLOP/s: 375.88
FLOP/s per core: 1.47
Max Peak FLOP/s: 4,096.00
Avg. BW GB/s: 7,666.01
Max BW GB/s: 16,384.00

---Traffic---
In-Die bisection_bytes BW (GB/s): 256.00
Inter-board traffic (msg/ns): 0.00, per-link: 0.00
Inter-pack traffic (msg/ns): 0.00, per-link: 0.00
Inter-die traffic (msg/ns): 165.28, per-link: 0.65
Ruche traffic (msg/ns): 417.80, per-link: 1.63
All traffic (msg/ns): 2,058.09, per-link: 8.04
Inter-die reduction wrt all: 12.45
Inter-board reduction wrt inter-die: inf

---Data Movement---
All traffic (msg): 413,211,333
Arith. Intensity FLOP/Loads: 0.39
Arith. Intensity FLOP/Msgs: 0.18
Arith. Intensity OPS/Loads: 1.03
Arith. Intensity OPS/Msgs: 0.48



===Core Utilization Total=== CORE-S:2;; TIME K cy:200 ;; Nodes Proc: 4,008,432 -- Edges Proc: 5,634,620

===PRINTING FRAME STATS

FCollision In Avg:153, SD:51, Max:365, Min:68
FCollision Out Avg:137, SD:43, Max:205, Min:9
FCollision End Avg:88, SD:26, Max:99, Min:0
FTask1 Avg:61, SD:29, Max:169, Min:0
FTask2 Avg:391, SD:165, Max:972, Min:0
FTask3 Avg:265, SD:23, Max:336, Min:214
FCore Active Avg:45, SD:12, Max:89, Min:17
FRouter Active Avg:90, SD:3, Max:95, Min:77
T1 invocations: 182,605
T2 invocations: 492,629
T3 invocations: 16,940,049
T3b invocations: 0
Total3 invocations: 16,940,049
Total4 invocations: 0

T3/T2 ratio: 34
T3b/T3 ratio: 0

T1 avg ex cycles: 85
T2 avg ex cycles: 203
T3&b avg ex cycles: 4
T4 avg ex cycles: -nan
Avg. hops NOC1: 1
Avg. latency NOC1 (T2): 28,252
Avg. hops NOC2: 6
Avg. latency NOC2 (T3): 13,460

===PRINTING ACUM STATS at pu_cycles: 304,650

ACollision In Avg:155, SD:50, Max:346, Min:75
ACollision Out Avg:134, SD:36, Max:199, Min:16
ACollision End Avg:81, SD:16, Max:97, Min:0
ATask1 Avg:81, SD:22, Max:136, Min:7
ATask2 Avg:488, SD:133, Max:853, Min:53
ATask3 Avg:253, SD:22, Max:317, Min:207
ACore Active Avg:51, SD:9, Max:77, Min:24
ARouter Active Avg:89, SD:3, Max:93, Min:80
T1 invocations: 626,339
T2 invocations: 1,841,956
T3 invocations: 48,290,024
T3b invocations: 0
Total3 invocations: 48,290,024
Total4 invocations: 0

T3/T2 ratio: 26
T3b/T3 ratio: 0

T1 avg ex cycles: 99
T2 avg ex cycles: 202
T3&b avg ex cycles: 4
T4 avg ex cycles: -nan
Avg. hops NOC1: 1
Avg. latency NOC1 (T2): 19,771
Avg. hops NOC2: 6
Avg. latency NOC2 (T3): 23,610
Number of K Nodes Processed: 48,589
Number of K Edges Processed: 59,809
Node Re-explore factor: 11.58
Edge Re-explore factor: 0.47
Nodes/cy: 159
Edges/cy: 196
TEPS: 421

---DCache---
DCache Size: 1,051,600
DRAM words: 0
  DHits: 0
  DMisses: 0

---Energy---
Leakage Energy (nJ): 351,424
PU Dyn E (nJ): 3,227,204
Mem Dyn E (nJ): 45,719,974
Route Dyn E (nJ): 9,679,817
Dynamic Energy (nJ): 58,626,996
Ratio of Dyn/Leak: 167
Total Energy (nJ): 58,978,420
Total Energy (nJ) 3D: 63,632,817
Cores Energy (nJ): 3,230,596
Route Energy (nJ): 9,771,116
Route Energy (nJ) 3D: 14,425,513
Mem Energy   (nJ): 45,976,709
Mem Energy   (nJ) 3D: 45,976,709
Avg. Power (mW): 193,594.03
Power Density (mW/mm2): 33.69

---Runtime---
Runtime in K cycles: 304.65
Microseconds: 304.65
Time per iteration (ms): 0.30

---Throughput---
GOP/s (aka OPS/ns): 910.27
GOP/s per core: 3.56
FLOP/s: 353.67
FLOP/s per core: 1.38
Max Peak FLOP/s: 4,096.00
Avg. BW GB/s: 7,271.57
Max BW GB/s: 16,384.00

---Traffic---
In-Die bisection_bytes BW (GB/s): 256.00
Inter-board traffic (msg/ns): 0.00, per-link: 0.00
Inter-pack traffic (msg/ns): 0.00, per-link: 0.00
Inter-die traffic (msg/ns): 166.06, per-link: 0.65
Ruche traffic (msg/ns): 423.97, per-link: 1.66
All traffic (msg/ns): 2,064.42, per-link: 8.06
Inter-die reduction wrt all: 12.43
Inter-board reduction wrt inter-die: inf

---Data Movement---
All traffic (msg): 628,926,202
Arith. Intensity FLOP/Loads: 0.39
Arith. Intensity FLOP/Msgs: 0.17
Arith. Intensity OPS/Loads: 1.00
Arith. Intensity OPS/Msgs: 0.44



===Core Utilization Total=== CORE-S:3;; TIME K cy:300 ;; Nodes Proc: 6,156,344 -- Edges Proc: 7,714,668

===PRINTING FRAME STATS

FCollision In Avg:143, SD:47, Max:317, Min:57
FCollision Out Avg:125, SD:50, Max:195, Min:1
FCollision End Avg:81, SD:33, Max:99, Min:0
FTask1 Avg:59, SD:34, Max:173, Min:0
FTask2 Avg:391, SD:193, Max:982, Min:0
FTask3 Avg:260, SD:24, Max:329, Min:197
FCore Active Avg:44, SD:13, Max:87, Min:17
FRouter Active Avg:89, SD:5, Max:95, Min:67
T1 invocations: 173,649
T2 invocations: 492,462
T3 invocations: 16,634,739
T3b invocations: 0
Total3 invocations: 16,634,739
Total4 invocations: 0

T3/T2 ratio: 34
T3b/T3 ratio: 0

T1 avg ex cycles: 88
T2 avg ex cycles: 203
T3&b avg ex cycles: 4
T4 avg ex cycles: -nan
Avg. hops NOC1: 1
Avg. latency NOC1 (T2): 25,839
Avg. hops NOC2: 6
Avg. latency NOC2 (T3): 26,113

===PRINTING ACUM STATS at pu_cycles: 405,674

ACollision In Avg:152, SD:48, Max:328, Min:71
ACollision Out Avg:132, SD:38, Max:197, Min:14
ACollision End Avg:81, SD:18, Max:97, Min:0
ATask1 Avg:76, SD:22, Max:122, Min:5
ATask2 Avg:463, SD:129, Max:783, Min:39
ATask3 Avg:255, SD:23, Max:320, Min:208
ACore Active Avg:50, SD:9, Max:75, Min:23
ARouter Active Avg:89, SD:3, Max:94, Min:77
T1 invocations: 801,428
T2 invocations: 2,339,052
T3 invocations: 65,043,312
T3b invocations: 0
Total3 invocations: 65,043,312
Total4 invocations: 0

T3/T2 ratio: 28
T3b/T3 ratio: 0

T1 avg ex cycles: 97
T2 avg ex cycles: 202
T3&b avg ex cycles: 4
T4 avg ex cycles: -nan
Avg. hops NOC1: 1
Avg. latency NOC1 (T2): 21,046
Avg. hops NOC2: 6
Avg. latency NOC2 (T3): 24,342
Number of K Nodes Processed: 65,208
Number of K Edges Processed: 75,692
Node Re-explore factor: 15.55
Edge Re-explore factor: 0.59
Nodes/cy: 161
Edges/cy: 187
TEPS: 316

---DCache---
DCache Size: 1,051,600
DRAM words: 0
  DHits: 0
  DMisses: 0

---Energy---
Leakage Energy (nJ): 467,958
PU Dyn E (nJ): 4,198,725
Mem Dyn E (nJ): 59,926,080
Route Dyn E (nJ): 12,997,617
Dynamic Energy (nJ): 77,122,423
Ratio of Dyn/Leak: 165
Total Energy (nJ): 77,590,381
Total Energy (nJ) 3D: 83,839,262
Cores Energy (nJ): 4,203,241
Route Energy (nJ): 13,119,191
Route Energy (nJ) 3D: 19,368,072
Mem Energy   (nJ): 60,267,950
Mem Energy   (nJ) 3D: 60,267,950
Avg. Power (mW): 191,262.89
Power Density (mW/mm2): 33.29

---Runtime---
Runtime in K cycles: 405.67
Microseconds: 405.67
Time per iteration (ms): 0.41

---Throughput---
GOP/s (aka OPS/ns): 884.42
GOP/s per core: 3.45
FLOP/s: 346.79
FLOP/s per core: 1.35
Max Peak FLOP/s: 4,096.00
Avg. BW GB/s: 7,157.52
Max BW GB/s: 16,384.00

---Traffic---
In-Die bisection_bytes BW (GB/s): 256.00
Inter-board traffic (msg/ns): 0.00, per-link: 0.00
Inter-pack traffic (msg/ns): 0.00, per-link: 0.00
Inter-die traffic (msg/ns): 164.72, per-link: 0.64
Ruche traffic (msg/ns): 430.41, per-link: 1.68
All traffic (msg/ns): 2,081.71, per-link: 8.13
Inter-die reduction wrt all: 12.64
Inter-board reduction wrt inter-die: inf

---Data Movement---
All traffic (msg): 844,496,623
Arith. Intensity FLOP/Loads: 0.39
Arith. Intensity FLOP/Msgs: 0.17
Arith. Intensity OPS/Loads: 0.99
Arith. Intensity OPS/Msgs: 0.42



===Core Utilization Total=== CORE-S:4;; TIME K cy:400 ;; Nodes Proc: 8,243,867 -- Edges Proc: 9,816,783

===PRINTING FRAME STATS

FCollision In Avg:131, SD:43, Max:263, Min:18
FCollision Out Avg:102, SD:60, Max:195, Min:1
FCollision End Avg:65, SD:42, Max:99, Min:0
FTask1 Avg:54, SD:36, Max:175, Min:0
FTask2 Avg:349, SD:222, Max:1,068, Min:0
FTask3 Avg:262, SD:24, Max:329, Min:172
FCore Active Avg:42, SD:15, Max:91, Min:15
FRouter Active Avg:89, SD:6, Max:96, Min:67
T1 invocations: 155,776
T2 invocations: 441,596
T3 invocations: 16,746,652
T3b invocations: 0
Total3 invocations: 16,746,652
Total4 invocations: 0

T3/T2 ratio: 38
T3b/T3 ratio: 0

T1 avg ex cycles: 88
T2 avg ex cycles: 202
T3&b avg ex cycles: 4
T4 avg ex cycles: -nan
Avg. hops NOC1: 1
Avg. latency NOC1 (T2): 25,715
Avg. hops NOC2: 6
Avg. latency NOC2 (T3): 35,718

===PRINTING ACUM STATS at pu_cycles: 506,141

ACollision In Avg:148, SD:44, Max:313, Min:60
ACollision Out Avg:126, SD:41, Max:197, Min:12
ACollision End Avg:78, SD:21, Max:98, Min:0
ATask1 Avg:72, SD:20, Max:101, Min:4
ATask2 Avg:440, SD:106, Max:628, Min:32
ATask3 Avg:256, SD:23, Max:322, Min:209
ACore Active Avg:48, SD:7, Max:64, Min:22
ARouter Active Avg:89, SD:3, Max:94, Min:77
T1 invocations: 954,686
T2 invocations: 2,767,923
T3 invocations: 81,347,616
T3b invocations: 0
Total3 invocations: 81,347,616
Total4 invocations: 0

T3/T2 ratio: 29
T3b/T3 ratio: 0

T1 avg ex cycles: 95
T2 avg ex cycles: 202
T3&b avg ex cycles: 4
T4 avg ex cycles: -nan
Avg. hops NOC1: 1
Avg. latency NOC1 (T2): 21,784
Avg. hops NOC2: 6
Avg. latency NOC2 (T3): 26,849
Number of K Nodes Processed: 81,867
Number of K Edges Processed: 90,333
Node Re-explore factor: 19.52
Edge Re-explore factor: 0.70
Nodes/cy: 162
Edges/cy: 178
TEPS: 254

---DCache---
DCache Size: 1,051,600
DRAM words: 0
  DHits: 0
  DMisses: 0

---Energy---
Leakage Energy (nJ): 583,850
PU Dyn E (nJ): 5,085,232
Mem Dyn E (nJ): 73,066,867
Route Dyn E (nJ): 16,153,538
Dynamic Energy (nJ): 94,305,638
Ratio of Dyn/Leak: 162
Total Energy (nJ): 94,889,488
Total Energy (nJ) 3D: 102,607,637
Cores Energy (nJ): 5,090,866
Route Energy (nJ): 16,305,220
Route Energy (nJ) 3D: 24,023,369
Mem Energy   (nJ): 73,493,403
Mem Energy   (nJ) 3D: 73,493,403
Avg. Power (mW): 187,476.39
Power Density (mW/mm2): 32.63

---Runtime---
Runtime in K cycles: 506.14
Microseconds: 506.14
Time per iteration (ms): 0.51

---Throughput---
GOP/s (aka OPS/ns): 854.89
GOP/s per core: 3.34
FLOP/s: 337.55
FLOP/s per core: 1.32
Max Peak FLOP/s: 4,096.00
Avg. BW GB/s: 6,994.77
Max BW GB/s: 16,384.00

---Traffic---
In-Die bisection_bytes BW (GB/s): 256.00
Inter-board traffic (msg/ns): 0.00, per-link: 0.00
Inter-pack traffic (msg/ns): 0.00, per-link: 0.00
Inter-die traffic (msg/ns): 162.36, per-link: 0.63
Ruche traffic (msg/ns): 437.83, per-link: 1.71
All traffic (msg/ns): 2,075.12, per-link: 8.11
Inter-die reduction wrt all: 12.78
Inter-board reduction wrt inter-die: inf

---Data Movement---
All traffic (msg): 1,050,302,142
Arith. Intensity FLOP/Loads: 0.39
Arith. Intensity FLOP/Msgs: 0.16
Arith. Intensity OPS/Loads: 0.98
Arith. Intensity OPS/Msgs: 0.41



===Core Utilization Total=== CORE-S:5;; TIME K cy:500 ;; Nodes Proc: 10,376,648 -- Edges Proc: 11,563,934

===PRINTING FRAME STATS

FCollision In Avg:98, SD:45, Max:230, Min:15
FCollision Out Avg:81, SD:60, Max:164, Min:0
FCollision End Avg:56, SD:46, Max:98, Min:0
FTask1 Avg:57, SD:43, Max:200, Min:0
FTask2 Avg:373, SD:286, Max:1,072, Min:0
FTask3 Avg:260, SD:29, Max:458, Min:145
FCore Active Avg:43, SD:19, Max:91, Min:13
FRouter Active Avg:87, SD:9, Max:96, Min:65
T1 invocations: 157,926
T2 invocations: 476,526
T3 invocations: 16,629,461
T3b invocations: 0
Total3 invocations: 16,629,461
Total4 invocations: 0

T3/T2 ratio: 35
T3b/T3 ratio: 0

T1 avg ex cycles: 92
T2 avg ex cycles: 200
T3&b avg ex cycles: 4
T4 avg ex cycles: -nan
Avg. hops NOC1: 1
Avg. latency NOC1 (T2): 22,309
Avg. hops NOC2: 6
Avg. latency NOC2 (T3): 51,397

===PRINTING ACUM STATS at pu_cycles: 603,240

ACollision In Avg:139, SD:42, Max:286, Min:53
ACollision Out Avg:118, SD:43, Max:186, Min:10
ACollision End Avg:74, SD:23, Max:98, Min:0
ATask1 Avg:69, SD:16, Max:96, Min:3
ATask2 Avg:430, SD:84, Max:524, Min:26
ATask3 Avg:256, SD:23, Max:323, Min:210
ACore Active Avg:47, SD:6, Max:57, Min:22
ARouter Active Avg:88, SD:4, Max:94, Min:76
T1 invocations: 1,114,623
T2 invocations: 3,253,589
T3 invocations: 97,826,610
T3b invocations: 0
Total3 invocations: 97,826,610
Total4 invocations: 0

T3/T2 ratio: 30
T3b/T3 ratio: 0

T1 avg ex cycles: 95
T2 avg ex cycles: 202
T3&b avg ex cycles: 4
T4 avg ex cycles: -nan
Avg. hops NOC1: 1
Avg. latency NOC1 (T2): 21,759
Avg. hops NOC2: 6
Avg. latency NOC2 (T3): 31,071
Number of K Nodes Processed: 98,450
Number of K Edges Processed: 106,080
Node Re-explore factor: 23.47
Edge Re-explore factor: 0.83
Nodes/cy: 163
Edges/cy: 176
TEPS: 213

---DCache---
DCache Size: 1,051,600
DRAM words: 0
  DHits: 0
  DMisses: 0

---Energy---
Leakage Energy (nJ): 695,857
PU Dyn E (nJ): 6,032,818
Mem Dyn E (nJ): 86,943,736
Route Dyn E (nJ): 19,242,358
Dynamic Energy (nJ): 112,218,912
Ratio of Dyn/Leak: 161
Total Energy (nJ): 112,914,769
Total Energy (nJ) 3D: 122,048,565
Cores Energy (nJ): 6,039,534
Route Energy (nJ): 19,423,139
Route Energy (nJ) 3D: 28,556,934
Mem Energy   (nJ): 87,452,098
Mem Energy   (nJ) 3D: 87,452,098
Avg. Power (mW): 187,180.51
Power Density (mW/mm2): 32.58

---Runtime---
Runtime in K cycles: 603.24
Microseconds: 603.24
Time per iteration (ms): 0.60

---Throughput---
GOP/s (aka OPS/ns): 848.95
GOP/s per core: 3.32
FLOP/s: 336.49
FLOP/s per core: 1.31
Max Peak FLOP/s: 4,096.00
Avg. BW GB/s: 6,983.49
Max BW GB/s: 16,384.00

---Traffic---
In-Die bisection_bytes BW (GB/s): 256.00
Inter-board traffic (msg/ns): 0.00, per-link: 0.00
Inter-pack traffic (msg/ns): 0.00, per-link: 0.00
Inter-die traffic (msg/ns): 158.11, per-link: 0.62
Ruche traffic (msg/ns): 449.51, per-link: 1.76
All traffic (msg/ns): 2,077.19, per-link: 8.11
Inter-die reduction wrt all: 13.14
Inter-board reduction wrt inter-die: inf

---Data Movement---
All traffic (msg): 1,253,042,136
Arith. Intensity FLOP/Loads: 0.39
Arith. Intensity FLOP/Msgs: 0.16
Arith. Intensity OPS/Loads: 0.97
Arith. Intensity OPS/Msgs: 0.41



===Core Utilization Total=== CORE-S:6;; TIME K cy:600 ;; Nodes Proc: 12,461,815 -- Edges Proc: 13,586,166

===PRINTING FRAME STATS

FCollision In Avg:80, SD:45, Max:224, Min:11
FCollision Out Avg:63, SD:51, Max:160, Min:1
FCollision End Avg:41, SD:38, Max:98, Min:0
FTask1 Avg:50, SD:54, Max:249, Min:0
FTask2 Avg:330, SD:279, Max:1,252, Min:0
FTask3 Avg:250, SD:29, Max:377, Min:158
FCore Active Avg:39, SD:19, Max:93, Min:13
FRouter Active Avg:86, SD:9, Max:96, Min:64
T1 invocations: 141,543
T2 invocations: 414,399
T3 invocations: 15,992,453
T3b invocations: 0
Total3 invocations: 15,992,453
Total4 invocations: 0

T3/T2 ratio: 39
T3b/T3 ratio: 0

T1 avg ex cycles: 91
T2 avg ex cycles: 204
T3&b avg ex cycles: 4
T4 avg ex cycles: -nan
Avg. hops NOC1: 1
Avg. latency NOC1 (T2): 19,450
Avg. hops NOC2: 6
Avg. latency NOC2 (T3): 45,185

===PRINTING ACUM STATS at pu_cycles: 704,512

ACollision In Avg:131, SD:39, Max:256, Min:48
ACollision Out Avg:110, SD:42, Max:170, Min:10
ACollision End Avg:70, SD:23, Max:97, Min:0
ATask1 Avg:67, SD:10, Max:83, Min:21
ATask2 Avg:419, SD:60, Max:449, Min:26
ATask3 Avg:255, SD:23, Max:322, Min:206
ACore Active Avg:46, SD:4, Max:52, Min:22
ARouter Active Avg:88, SD:4, Max:94, Min:76
T1 invocations: 1,256,897
T2 invocations: 3,695,533
T3 invocations: 113,741,996
T3b invocations: 0
Total3 invocations: 113,741,996
Total4 invocations: 0

T3/T2 ratio: 31
T3b/T3 ratio: 0

T1 avg ex cycles: 95
T2 avg ex cycles: 202
T3&b avg ex cycles: 4
T4 avg ex cycles: -nan
Avg. hops NOC1: 1
Avg. latency NOC1 (T2): 21,499
Avg. hops NOC2: 6
Avg. latency NOC2 (T3): 33,048
Number of K Nodes Processed: 114,275
Number of K Edges Processed: 120,263
Node Re-explore factor: 27.25
Edge Re-explore factor: 0.94
Nodes/cy: 162
Edges/cy: 171
TEPS: 182

---DCache---
DCache Size: 1,051,600
DRAM words: 0
  DHits: 0
  DMisses: 0

---Energy---
Leakage Energy (nJ): 812,678
PU Dyn E (nJ): 6,924,504
Mem Dyn E (nJ): 100,090,055
Route Dyn E (nJ): 22,335,808
Dynamic Energy (nJ): 129,350,367
Ratio of Dyn/Leak: 159
Total Energy (nJ): 130,163,045
Total Energy (nJ) 3D: 140,747,046
Cores Energy (nJ): 6,932,347
Route Energy (nJ): 22,546,938
Route Energy (nJ) 3D: 33,130,939
Mem Energy   (nJ): 100,683,761
Mem Energy   (nJ) 3D: 100,683,761
Avg. Power (mW): 184,756.32
Power Density (mW/mm2): 32.15

---Runtime---
Runtime in K cycles: 704.51
Microseconds: 704.51
Time per iteration (ms): 0.70

---Throughput---
GOP/s (aka OPS/ns): 832.20
GOP/s per core: 3.25
FLOP/s: 331.24
FLOP/s per core: 1.29
Max Peak FLOP/s: 4,096.00
Avg. BW GB/s: 6,883.78
Max BW GB/s: 16,384.00

---Traffic---
In-Die bisection_bytes BW (GB/s): 256.00
Inter-board traffic (msg/ns): 0.00, per-link: 0.00
Inter-pack traffic (msg/ns): 0.00, per-link: 0.00
Inter-die traffic (msg/ns): 154.50, per-link: 0.60
Ruche traffic (msg/ns): 451.42, per-link: 1.76
All traffic (msg/ns): 2,064.80, per-link: 8.07
Inter-die reduction wrt all: 13.36
Inter-board reduction wrt inter-die: inf

---Data Movement---
All traffic (msg): 1,454,674,780
Arith. Intensity FLOP/Loads: 0.39
Arith. Intensity FLOP/Msgs: 0.16
Arith. Intensity OPS/Loads: 0.97
Arith. Intensity OPS/Msgs: 0.40



===Core Utilization Total=== CORE-S:7;; TIME K cy:700 ;; Nodes Proc: 14,473,188 -- Edges Proc: 15,203,304

===PRINTING FRAME STATS

FCollision In Avg:43, SD:35, Max:168, Min:6
FCollision Out Avg:26, SD:31, Max:132, Min:0
FCollision End Avg:14, SD:27, Max:98, Min:0
FTask1 Avg:22, SD:50, Max:220, Min:0
FTask2 Avg:158, SD:294, Max:1,323, Min:0
FTask3 Avg:181, SD:24, Max:277, Min:110
FCore Active Avg:23, SD:19, Max:96, Min:9
FRouter Active Avg:74, SD:13, Max:98, Min:43
T1 invocations: 67,671
T2 invocations: 201,672
T3 invocations: 11,585,106
T3b invocations: 0
Total3 invocations: 11,585,106
Total4 invocations: 0

T3/T2 ratio: 57
T3b/T3 ratio: 0

T1 avg ex cycles: 84
T2 avg ex cycles: 201
T3&b avg ex cycles: 4
T4 avg ex cycles: -nan
Avg. hops NOC1: 2
Avg. latency NOC1 (T2): 13,065
Avg. hops NOC2: 6
Avg. latency NOC2 (T3): 42,918

===PRINTING ACUM STATS at pu_cycles: 800,392

ACollision In Avg:120, SD:36, Max:229, Min:43
ACollision Out Avg:100, SD:38, Max:164, Min:25
ACollision End Avg:63, SD:20, Max:97, Min:17
ATask1 Avg:61, SD:3, Max:71, Min:43
ATask2 Avg:387, SD:19, Max:393, Min:255
ATask3 Avg:246, SD:22, Max:310, Min:198
ACore Active Avg:43, SD:2, Max:48, Min:35
ARouter Active Avg:86, SD:4, Max:93, Min:76
T1 invocations: 1,326,358
T2 invocations: 3,915,999
T3 invocations: 125,682,987
T3b invocations: 0
Total3 invocations: 125,682,987
Total4 invocations: 0

T3/T2 ratio: 32
T3b/T3 ratio: 0

T1 avg ex cycles: 94
T2 avg ex cycles: 202
T3&b avg ex cycles: 4
T4 avg ex cycles: -nan
Avg. hops NOC1: 1
Avg. latency NOC1 (T2): 21,019
Avg. hops NOC2: 6
Avg. latency NOC2 (T3): 33,992
Number of K Nodes Processed: 125,783
Number of K Edges Processed: 126,961
Node Re-explore factor: 29.99
Edge Re-explore factor: 0.99
Nodes/cy: 157
Edges/cy: 159
TEPS: 160

---DCache---
DCache Size: 1,051,600
DRAM words: 0
  DHits: 0
  DMisses: 0

---Energy---
Leakage Energy (nJ): 923,279
PU Dyn E (nJ): 7,473,796
Mem Dyn E (nJ): 108,586,980
Route Dyn E (nJ): 24,532,096
Dynamic Energy (nJ): 140,592,872
Ratio of Dyn/Leak: 152
Total Energy (nJ): 141,516,151
Total Energy (nJ) 3D: 153,133,392
Cores Energy (nJ): 7,482,706
Route Energy (nJ): 24,771,959
Route Energy (nJ) 3D: 36,389,200
Mem Energy   (nJ): 109,261,486
Mem Energy   (nJ) 3D: 109,261,486
Avg. Power (mW): 176,808.55
Power Density (mW/mm2): 30.77

---Runtime---
Runtime in K cycles: 800.39
Microseconds: 800.39
Time per iteration (ms): 0.80

---Throughput---
GOP/s (aka OPS/ns): 787.85
GOP/s per core: 3.08
FLOP/s: 315.38
FLOP/s per core: 1.23
Max Peak FLOP/s: 4,096.00
Avg. BW GB/s: 6,573.55
Max BW GB/s: 16,384.00

---Traffic---
In-Die bisection_bytes BW (GB/s): 256.00
Inter-board traffic (msg/ns): 0.00, per-link: 0.00
Inter-pack traffic (msg/ns): 0.00, per-link: 0.00
Inter-die traffic (msg/ns): 147.63, per-link: 0.58
Ruche traffic (msg/ns): 438.87, per-link: 1.71
All traffic (msg/ns): 1,997.55, per-link: 7.80
Inter-die reduction wrt all: 13.53
Inter-board reduction wrt inter-die: inf

---Data Movement---
All traffic (msg): 1,598,821,469
Arith. Intensity FLOP/Loads: 0.38
Arith. Intensity FLOP/Msgs: 0.16
Arith. Intensity OPS/Loads: 0.96
Arith. Intensity OPS/Msgs: 0.39



===Core Utilization Total=== CORE-S:8;; TIME K cy:800 ;; Nodes Proc: 15,916,108 -- Edges Proc: 15,814,891
======== IT IS COLD ======= Only 3 Tiles active

===PRINTING FRAME STATS

FCollision In Avg:3, SD:10, Max:77, Min:0
FCollision Out Avg:2, SD:9, Max:76, Min:0
FCollision End Avg:2, SD:9, Max:76, Min:0
FTask1 Avg:4, SD:21, Max:161, Min:0
FTask2 Avg:33, SD:150, Max:1,121, Min:0
FTask3 Avg:39, SD:7, Max:96, Min:31
FCore Active Avg:5, SD:10, Max:73, Min:2
FRouter Active Avg:24, SD:15, Max:100, Min:6
T1 invocations: 13,596
T2 invocations: 41,182
T3 invocations: 2,502,273
T3b invocations: 0
Total3 invocations: 2,502,273
Total4 invocations: 0

T3/T2 ratio: 61
T3b/T3 ratio: 0

T1 avg ex cycles: 78
T2 avg ex cycles: 205
T3&b avg ex cycles: 4
T4 avg ex cycles: -nan
Avg. hops NOC1: 2
Avg. latency NOC1 (T2): 8,774
Avg. hops NOC2: 6
Avg. latency NOC2 (T3): 25,351

===PRINTING ACUM STATS at pu_cycles: 900,004

ACollision In Avg:107, SD:32, Max:204, Min:38
ACollision Out Avg:89, SD:34, Max:145, Min:25
ACollision End Avg:56, SD:17, Max:87, Min:19
ATask1 Avg:55, SD:1, Max:58, Min:52
ATask2 Avg:348, SD:1, Max:349, Min:346
ATask3 Avg:223, SD:20, Max:281, Min:181
ACore Active Avg:39, SD:1, Max:43, Min:36
ARouter Active Avg:79, SD:5, Max:88, Min:69
T1 invocations: 1,339,954
T2 invocations: 3,963,905
T3 invocations: 128,285,908
T3b invocations: 0
Total3 invocations: 128,285,908
Total4 invocations: 0

T3/T2 ratio: 32
T3b/T3 ratio: 0

T1 avg ex cycles: 94
T2 avg ex cycles: 202
T3&b avg ex cycles: 4
T4 avg ex cycles: -nan
Avg. hops NOC1: 1
Avg. latency NOC1 (T2): 20,866
Avg. hops NOC2: 6
Avg. latency NOC2 (T3): 33,831
Number of K Nodes Processed: 128,285
Number of K Edges Processed: 128,311
Node Re-explore factor: 30.59
Edge Re-explore factor: 1.00
Nodes/cy: 143
Edges/cy: 143
TEPS: 143

---DCache---
DCache Size: 1,051,600
DRAM words: 0
  DHits: 0
  DMisses: 0

---Energy---
Leakage Energy (nJ): 1,038,184
PU Dyn E (nJ): 7,593,076
Mem Dyn E (nJ): 110,438,584
Route Dyn E (nJ): 24,997,729
Dynamic Energy (nJ): 143,029,389
Ratio of Dyn/Leak: 138
Total Energy (nJ): 144,067,573
Total Energy (nJ) 3D: 155,897,421
Cores Energy (nJ): 7,603,095
Route Energy (nJ): 25,267,444
Route Energy (nJ) 3D: 37,097,292
Mem Energy   (nJ): 111,197,036
Mem Energy   (nJ) 3D: 111,197,036
Avg. Power (mW): 160,074.37
Power Density (mW/mm2): 27.86

---Runtime---
Runtime in K cycles: 900.00
Microseconds: 900.00
Time per iteration (ms): 0.90

---Throughput---
GOP/s (aka OPS/ns): 711.22
GOP/s per core: 2.78
FLOP/s: 285.11
FLOP/s per core: 1.11
Max Peak FLOP/s: 4,096.00
Avg. BW GB/s: 5,945.68
Max BW GB/s: 16,384.00

---Traffic---
In-Die bisection_bytes BW (GB/s): 256.00
Inter-board traffic (msg/ns): 0.00, per-link: 0.00
Inter-pack traffic (msg/ns): 0.00, per-link: 0.00
Inter-die traffic (msg/ns): 133.14, per-link: 0.52
Ruche traffic (msg/ns): 399.03, per-link: 1.56
All traffic (msg/ns): 1,810.60, per-link: 7.07
Inter-die reduction wrt all: 13.60
Inter-board reduction wrt inter-die: inf

---Data Movement---
All traffic (msg): 1,629,548,183
Arith. Intensity FLOP/Loads: 0.38
Arith. Intensity FLOP/Msgs: 0.16
Arith. Intensity OPS/Loads: 0.96
Arith. Intensity OPS/Msgs: 0.39



===Core Utilization Total=== CORE-S:9;; TIME K cy:900 ;; Nodes Proc: 16,240,232 -- Edges Proc: 16,038,944
======== IT IS COLD ======= Only 2 Tiles active
Epoch Done Router: 5
Epoch Done Router: 2
Epoch Done Router: 6
Epoch Done Router: 0
Epoch Done Router: 7
Epoch Done Router: 1
Epoch Done Router: 4
Epoch Done Router: 3
##EPOCH## 1 COMPLETED at Time (K cy): 912
Nodes processed until now: 128,311,436
Edges processed until now: 128,311,436
Program Done Worker Thread: 0
Program Done Router Thread: 7
Program Done Router Thread: 1
Program Done Worker Thread: 1
Program Done Router Thread: 4
Program Done Router Thread: 2
Program Done Router Thread: 3
Program Done Worker Thread: 3
Program Done Worker Thread: 7
Program Done Worker Thread: 4
Program Done Worker Thread: 5
Program Done Worker Thread: 6
Program Done Worker Thread: 2
Program Done Router Thread: 0
Program Done Router Thread: 6
Program Done Router Thread: 5

===PRINTING ACUM STATS at pu_cycles: 912,268

ACollision In Avg:105, SD:32, Max:201, Min:38
ACollision Out Avg:88, SD:33, Max:144, Min:24
ACollision End Avg:55, SD:17, Max:86, Min:18
ATask1 Avg:54, SD:1, Max:58, Min:51
ATask2 Avg:343, SD:1, Max:345, Min:341
ATask3 Avg:220, SD:19, Max:277, Min:178
ACore Active Avg:39, SD:1, Max:42, Min:36
ARouter Active Avg:78, SD:5, Max:87, Min:68
T1 invocations: 1,339,954
T2 invocations: 3,963,905
T3 invocations: 128,311,436
T3b invocations: 0
Total3 invocations: 128,311,436
Total4 invocations: 0

T3/T2 ratio: 32
T3b/T3 ratio: 0

T1 avg ex cycles: 94
T2 avg ex cycles: 202
T3&b avg ex cycles: 4
T4 avg ex cycles: -nan
Avg. hops NOC1: 1
Avg. latency NOC1 (T2): 20,866
Avg. hops NOC2: 6
Avg. latency NOC2 (T3): 33,829

Runtime at program end in K cycles: 912
Runtime before cooldown in K cycles: 704


Number of K Nodes Processed: 128,311
Number of K Edges Processed: 128,311
Node Re-explore factor: 30.59
Edge Re-explore factor: 1.00
Nodes/cy: 141
Edges/cy: 141
TEPS: 141

---DCache---
DCache Size: 1,051,600
DRAM words: 0
  DHits: 0
  DMisses: 0

---Energy---
Leakage Energy (nJ): 1,052,331
PU Dyn E (nJ): 7,593,774
Mem Dyn E (nJ): 110,451,228
Route Dyn E (nJ): 25,002,576
Dynamic Energy (nJ): 143,047,579
Ratio of Dyn/Leak: 136
Total Energy (nJ): 144,099,910
Total Energy (nJ) 3D: 155,931,966
Cores Energy (nJ): 7,603,929
Route Energy (nJ): 25,275,966
Route Energy (nJ) 3D: 37,108,023
Mem Energy   (nJ): 111,220,015
Mem Energy   (nJ) 3D: 111,220,015
Avg. Power (mW): 157,957.87
Power Density (mW/mm2): 27.49

---Runtime---
Runtime in K cycles: 912.27
Microseconds: 912.27
Time per iteration (ms): 0.91

---Inst---
K Loads: 668,009
K Stores: 669,927
K Instructions: 640,152

---Throughput---
GOP/s (aka OPS/ns): 701.72
GOP/s per core: 2.74
FLOP/s: 281.30
FLOP/s per core: 1.10
Max Peak FLOP/s: 4,096.00
Avg. BW GB/s: 5,866.42
Max BW GB/s: 16,384.00

---Traffic---
In-Die bisection_bytes BW (GB/s): 256.00
Inter-board traffic (msg/ns): 0.00, per-link: 0.00
Inter-pack traffic (msg/ns): 0.00, per-link: 0.00
Inter-die traffic (msg/ns): 131.38, per-link: 0.51
Ruche traffic (msg/ns): 393.75, per-link: 1.54
All traffic (msg/ns): 1,786.61, per-link: 6.98
Inter-die reduction wrt all: 13.60
Inter-board reduction wrt inter-die: inf

---Data Movement---
All traffic (msg): 1,629,863,437
Arith. Intensity FLOP/Loads: 0.38
Arith. Intensity FLOP/Msgs: 0.16
Arith. Intensity OPS/Loads: 0.96
Arith. Intensity OPS/Msgs: 0.39

Simulation time: 105.34
Sim noc_cy/s: 17,320.93
Sim Msg/s: 15,472,841.93

Version 31

