Dataset:  Kron22/
Dry run: 0
Open Edge Count File succesfully
Edges Traversed BFS: 128309848
Found Vertices: 4194304, Edges: 128311436
avg degree 31
Array  Kron22/node_array.bin found
Malloc array of size 16777220 bytes
Readin array of size 16777216 bytes
Finished Reading Array Bytes
No reordering Array 32bit
Array  Kron22/edge_array.bin found
Malloc array of size 513245744 bytes
Readin array of size 513245744 bytes
Finished Reading Array Bytes
No reordering Array 32bit
Array  Kron22/edge_values.bin found
Malloc array of size 513245744 bytes
Readin array of size 513245744 bytes
Finished Reading Array Bytes
No reordering Array 32bit
Reading graph elapsed time: 0.360766s

Dataset Footprint: 522 MiB
Dataset Footprint per Board: 4383.05 Mb
Dataset injection time (ms): 0.26752
Max Dataset Footprint: 1026 MiB

Dataset footprint per tile: 522 KiB
Proxys footprint per tile: 0 KiB
Reserved SRAM per tile: 15 KiB

Ideal SRAM per tile: 537 KiB
reserved_words_for_dataset:51642
dataset_words_per_tile:133760
remaining_sram_words:258214
min_dcache_sram_words_required:133760
dataset_words_per_tile:133760
min_pcache_sram_words_required:0
proxys_words_per_tile:0
Dcache footprint ratio: 1
Dataset Cached: 0
DCache: 133760 words, lines: 8360, sets: 8360
Proxys Cached: 0
Pcache: 0 words, sets: 0
Node per tile: 4,096
Edge per tile: 125,305
GRID_X: 32
GRID_SIZE: 1,024
smt_per_tile: 1
noc_freq: 1
pu_freq: 1
RUCHE_X: 0
PROXY_W: 32
DIE_W: 32
DIE_H: 32
DIES: 1
BORDER_TILES_PER_DIE: 128
PACK_W: 32
PACK_H: 32
DIES_PACK_FACTOR: 1
DIES_PER_PACK: 1
PACKAGES: 1
BOARD_W: 32
BOARD_H: 32
BOARDS: 1
MUX_BUS: 1
DCACHE: 0
PCACHE: 0
PROXY_FACTOR: 1
CACHE_WAYS: 1
TORUS: 1
PHY_NOCS: 1
WIDE_NOC_ID: 0
NOC_CONF: 1
noc_width: 32
hbm_channel_bit_width: 512
ld_st_op_byte_width: 4
PROXY_ROUTING: 0
WRITE_THROUGH: 1
ASSERT_MODE: 0
GLOBAL_BARRIER: 0
OQ flits: 36 ; 384 ; 2
IQ flits: 288 ; 3,072 ; 2
OQ messages: 12 ; 192 ; 1
IQ messages: 96 ; 1,536 ; 1
max_task2 size: 64
io_factor_t2: 8
io_factor_t3: 8
io_factor_t3b: 8

Active SRAM Storage per tile: 537 KiB
Total SRAM Storage per tile: 1,024 KiB
Agreggated SRAM Storage: 1,024 MiB

Inter-Die #links: 1,024
Inter-Die (Gbits): 32,768
Inter-Die (Gbits/mm): 412.765
Bisection BW of Board (Gbits): 8,192
Border IO #Dies: 4
Border IO Die BW (Gbits): 4,096
Off-Board BW Total (Gbits): 16,384
Off-Board BW Density (Gbits/mm): 188
Die side: 19.85 mm
Die border wire density: 412.77 Gbits/mm
HBM wire density: 206.38 Gbits/mm

Tiles per Die: 1,024 (32x32)
Tile Area: 0.34 mm2, side: 0.58 mm
- Core/Rout Area: 0.05 mm2
- SRAM Area: 0.29 mm2
- SRAM/Logic Ratio: 5.60x

Dies per Package: 1 (1x1)
Die Area: 393.89 mm2, side: 19.85 mm
- Tiles Area: 346.40 mm2
- PHY Area: 47.49 mm2
- MC Area: 0.00 mm2

Packages per Board: 1 (1x1)
Package Area: 473.89 mm2, side: 21.77 mm
- IOdie Area: 80.00 mm2
- Dies Area: 393.89 mm2
- HBM Area: 0.00 mm2

Boards: 1 (1x1)
Board Area: 473.89 mm2
Total Area: 473.89 mm2



ESTIMATED COST OF SILICON AND PACKAGING. ONLY VARIABLE, NO FIXED COSTS
Good dies per wafer 3d: 84
Good dies per wafer 2d: 103
--Dies 3D Cost: 71.99 $
--Dies 2.5D Cost: 58.71 $
--Dies 2D Cost: 58.71 $
--HBM Cost: 60.00 $
--IOdie Cost: 8.44 $
--Packaging Cost 3d: 15.00 $
--Packaging Cost 2.5d: 30.62 $
--Packaging Cost 2d: 10.07 $
SiP Cost 3d: 155.43 $
SiP Cost 2.5d: 157.77 $
SiP Cost 2d: 77.22 $
--Board Cost: 0.47 $
Total SiPs Cost 3d: 155.90 $
Total SiPs Cost 2.5d: 158.24 $
Total SiPs Cost 2d: 77.69 $

Perf counters initialized
Mesh connected
Cache structures initialized
Replicas initialized
Allocated Frontier List
Dataset structures initialized


Starting Simulation
INIT epoch: 1
INIT epoch: 1
INIT epoch: 1
INIT epoch: 1
Epoch Done Router: 1
Epoch Done Router: 2
Epoch Done Router: 3
##EPOCH## 1 COMPLETED at Time (K cy): 1,849
Nodes processed until now: 3,703,978
Edges processed until now: 143,881,177
Epoch Done Router: 0
Program Done Router Thread: 0
Program Done Worker Thread: 1
Program Done Router Thread: 2
Program Done Router Thread: 1
Program Done Worker Thread: 2
Program Done Worker Thread: 0
Program Done Worker Thread: 3
Program Done Router Thread: 3

===PRINTING ACUM STATS at pu_cycles: 1,849,784

ACollision In Avg:68, SD:11, Max:123, Min:39
ACollision Out Avg:67, SD:19, Max:180, Min:26
ACollision End Avg:21, SD:10, Max:126, Min:1
ATask1 Avg:5, SD:0, Max:7, Min:4
ATask2 Avg:17, SD:2, Max:25, Min:15
ATask3 Avg:34, SD:5, Max:64, Min:23
ACore Active Avg:57, SD:6, Max:87, Min:44
ARouter Active Avg:71, SD:1, Max:76, Min:67
T1 invocations: 2,759,007
T2 invocations: 4,325,318
T3 invocations: 143,881,177
T3b invocations: 0
Total3 invocations: 143,881,177
Total4 invocations: 113,397

T3/T2 ratio: 33
T3b/T3 ratio: 0

T1 avg ex cycles: 35
T2 avg ex cycles: 74
T3&b avg ex cycles: 4
T4 avg ex cycles: 209
Avg. hops NOC1: 3
Avg. latency NOC1 (T2): 14,889
Avg. hops NOC2: 17
Avg. latency NOC2 (T3): 2,428

Runtime at program end in K cycles: 1,849
Runtime before cooldown in K cycles: 1,849


Number of K Nodes Processed: 3,703
Number of K Edges Processed: 143,881
Node Re-explore factor: 0.88
Edge Re-explore factor: 1.12
Nodes/cy: 2
Edges/cy: 78
TEPS: 69

---Energy---
Leakage Energy (nJ): 656,778
PU Dyn E (nJ): 8,671,637
Mem Dyn E (nJ): 35,081,110
Route Dyn E (nJ): 19,609,961
Dynamic Energy (nJ): 63,362,709
Ratio of Dyn/Leak: 96
Total Energy (nJ): 64,019,487
Total Energy (nJ) 3D: 69,287,643
Cores Energy (nJ): 8,676,785
Route Energy (nJ): 19,625,858
Route Energy (nJ) 3D: 24,894,013
Mem Energy   (nJ): 35,716,844
Mem Energy   (nJ) 3D: 35,716,844
Avg. Power (mW): 34,609.17
Power Density (mW/mm2): 73.03

---Runtime---
Runtime in K cycles: 1,849.78
Microseconds: 1,849.78
Time per iteration (ms): 1.85

---Inst---
K Loads: 615,717
K Stores: 617,670
K Instructions: 752,158

---Throughput---
GOP/s (aka OPS/ns): 406.62
GOP/s per core: 0.40
FLOP/s: 155.57
FLOP/s per core: 0.15
Max Peak FLOP/s: 1,024.00
Avg. BW GB/s: 2,667.10
Max BW GB/s: 4,096.00

---Traffic---
In-Die bisection_bytes BW (GB/s): 512.00
Inter-board traffic (msg/ns): 0.00, per-link: 0.00
Inter-pack traffic (msg/ns): 0.00, per-link: 0.00
Inter-die traffic (msg/ns): 0.00, per-link: 0.00
Ruche traffic (msg/ns): 0.00, per-link: 0.00
All traffic (msg/ns): 2,662.83, per-link: 2.60
Inter-die reduction wrt all: inf
Inter-board reduction wrt inter-die: -nan

---Data Movement---
All traffic (msg): 4,925,653,301
Arith. Intensity FLOP/Loads: 0.47
Arith. Intensity FLOP/Msgs: 0.06
Arith. Intensity OPS/Loads: 1.22
Arith. Intensity OPS/Msgs: 0.15

Simulation time: 214.71
Sim noc_cy/s: 8,615.16
Sim Msg/s: 22,940,686.71

Version 31

