Dataset:  Kron22/
Dry run: 0
Open Edge Count File succesfully
Edges Traversed BFS: 128309848
Found Vertices: 4194304, Edges: 128311436
avg degree 31
Array  Kron22/node_array.bin found
Malloc array of size 16777220 bytes
Readin array of size 16777216 bytes
Finished Reading Array Bytes
No reordering Array 32bit
Array  Kron22/edge_array.bin found
Malloc array of size 513245744 bytes
Readin array of size 513245744 bytes
Finished Reading Array Bytes
No reordering Array 32bit
Array  Kron22/edge_values.bin found
Malloc array of size 513245744 bytes
Readin array of size 513245744 bytes
Finished Reading Array Bytes
No reordering Array 32bit
Reading graph elapsed time: 0.282498s

Dataset Footprint: 522 MiB
Dataset Footprint per Board: 4382.92 Mb
Dataset injection time (ms): 0.535024
Max Dataset Footprint: 1026 MiB

Dataset footprint per tile: 2089 KiB
Proxys footprint per tile: 0 KiB
Reserved SRAM per tile: 15 KiB

Ideal SRAM per tile: 2104 KiB
reserved_words_for_dataset:25428
dataset_words_per_tile:535024
remaining_sram_words:127142
min_dcache_sram_words_required:25870
dataset_words_per_tile:535024
min_pcache_sram_words_required:0
proxys_words_per_tile:0
Dcache footprint ratio: 5
Dataset Cached: 1
DCache: 125424 words, lines: 7839, sets: 7839
Proxys Cached: 0
Pcache: 0 words, sets: 0
Node per tile: 16,384
Edge per tile: 501,217
GRID_X: 16
GRID_SIZE: 256
smt_per_tile: 1
noc_freq: 1
pu_freq: 1
RUCHE_X: 0
PROXY_W: 16
DIE_W: 16
DIE_H: 16
DIES: 1
BORDER_TILES_PER_DIE: 64
PACK_W: 16
PACK_H: 16
DIES_PACK_FACTOR: 1
DIES_PER_PACK: 1
PACKAGES: 1
BOARD_W: 16
BOARD_H: 16
BOARDS: 1
MUX_BUS: 1
DCACHE: 1
PCACHE: 0
PROXY_FACTOR: 1
CACHE_WAYS: 1
TORUS: 1
PHY_NOCS: 1
WIDE_NOC_ID: 0
NOC_CONF: 1
noc_width: 32
hbm_channel_bit_width: 512
ld_st_op_byte_width: 4
PROXY_ROUTING: 0
WRITE_THROUGH: 1
ASSERT_MODE: 0
GLOBAL_BARRIER: 0
OQ flits: 36 ; 384 ; 2
IQ flits: 288 ; 3,072 ; 2
OQ messages: 12 ; 192 ; 1
IQ messages: 96 ; 1,536 ; 1
max_task2 size: 64
io_factor_t2: 8
io_factor_t3: 8
io_factor_t3b: 8

Active SRAM Storage per tile: 511 KiB
Total SRAM Storage per tile: 512 KiB
Agreggated SRAM Storage: 128 MiB

Active DRAM Storage per tile: 2.04004 MiB
Total DRAM Storage per tile: 32 MiB
Agreggated DRAM Storage: 8 GiB

Inter-Die #links: 512
Inter-Die (Gbits): 16,384
Inter-Die (Gbits/mm): 450.658
Bisection BW of Board (Gbits): 4,096
Border IO #Dies: 4
Border IO Die BW (Gbits): 2,048
Off-Board BW Total (Gbits): 8,192
Off-Board BW Density (Gbits/mm): 124
Die side: 9.09 mm
Die border wire density: 450.66 Gbits/mm
HBM wire density: 450.66 Gbits/mm

Tiles per Die: 256 (16x16)
Tile Area: 0.19 mm2, side: 0.44 mm
- Core/Rout Area: 0.05 mm2
- SRAM Area: 0.14 mm2
- SRAM/Logic Ratio: 2.80x

Dies per Package: 1 (1x1)
Die Area: 82.61 mm2, side: 9.09 mm
- Tiles Area: 49.86 mm2
- PHY Area: 23.74 mm2
- MC Area: 9.00 mm2

Packages per Board: 1 (1x1)
Package Area: 272.61 mm2, side: 16.51 mm
- IOdie Area: 80.00 mm2
- Dies Area: 82.61 mm2
- HBM Area: 110.00 mm2

Boards: 1 (1x1)
Board Area: 272.61 mm2
Total Area: 272.61 mm2



ESTIMATED COST OF SILICON AND PACKAGING. ONLY VARIABLE, NO FIXED COSTS
Good dies per wafer 3d: 410
Good dies per wafer 2d: 667
--Dies 3D Cost: 14.75 $
--Dies 2.5D Cost: 9.07 $
--Dies 2D Cost: 9.07 $
--HBM Cost: 60.00 $
--IOdie Cost: 8.44 $
--Packaging Cost 3d: 3.93 $
--Packaging Cost 2.5d: 5.80 $
--Packaging Cost 2d: 2.63 $
SiP Cost 3d: 87.12 $
SiP Cost 2.5d: 83.30 $
SiP Cost 2d: 20.13 $
--Board Cost: 0.27 $
Total SiPs Cost 3d: 87.39 $
Total SiPs Cost 2.5d: 83.58 $
Total SiPs Cost 2d: 20.40 $

Perf counters initialized
Mesh connected
Cache structures initialized
Replicas initialized
Allocated Frontier List
Dataset structures initialized


Starting Simulation
INIT epoch: 1
INIT epoch: 1
Epoch Done Router: 1
Epoch Done Router: 0
##EPOCH## 1 COMPLETED at Time (K cy): 4,109
Nodes processed until now: 3,229,801
Edges processed until now: 142,343,141
Program Done Worker Thread: 0
Program Done Router Thread: 1
Program Done Worker Thread: 1
Program Done Router Thread: 0

===PRINTING ACUM STATS at pu_cycles: 4,109,240

ACollision In Avg:51, SD:8, Max:92, Min:36
ACollision Out Avg:40, SD:9, Max:69, Min:25
ACollision End Avg:17, SD:9, Max:45, Min:5
ATask1 Avg:8, SD:0, Max:8, Min:7
ATask2 Avg:28, SD:2, Max:32, Min:25
ATask3 Avg:45, SD:4, Max:56, Min:37
ACore Active Avg:83, SD:4, Max:95, Min:73
ARouter Active Avg:73, SD:2, Max:79, Min:69
T1 invocations: 2,606,294
T2 invocations: 4,231,729
T3 invocations: 142,343,141
T3b invocations: 0
Total3 invocations: 142,343,141
Total4 invocations: 59,592

T3/T2 ratio: 34
T3b/T3 ratio: 0

T1 avg ex cycles: 31
T2 avg ex cycles: 70
T3&b avg ex cycles: 3
T4 avg ex cycles: 367
Avg. hops NOC1: 1
Avg. latency NOC1 (T2): 8,037
Avg. hops NOC2: 9
Avg. latency NOC2 (T3): 4,029

Runtime at program end in K cycles: 4,109
Runtime before cooldown in K cycles: 4,109


Number of K Nodes Processed: 3,229
Number of K Edges Processed: 142,343
Node Re-explore factor: 0.77
Edge Re-explore factor: 1.11
Nodes/cy: 1
Edges/cy: 35
TEPS: 31

---DCache---
DCache Size: 125,424
DRAM words: 535,024
  DHits: 265,001,541
  DMisses: 11,248,199
  DHit Rate (hit/miss): 96%
  DEvictions: 9,247,314
  DEviction Rate (evict/misses): 82%
  MC Transactions: 12,785,459
  MC Writes: 1,507,563
Avg. Transactions: 39% , Writes: 5%, Avg. Latency: 11
Max MC id: 5 of 8. Transactions: 42% , Writes: 6%, MC mean Latency: 11
HBM refresh energy (nJ): 48
HBM access energy (nJ): 24,220,773
MemC wire energy 2.5d (nJ): 5,944,169
MemC wire energy 3d (nJ): 1,486,042

---Energy---
Leakage Energy (nJ): 368,662
PU Dyn E (nJ): 8,536,673
Mem Dyn E (nJ): 60,909,510
Route Dyn E (nJ): 7,345,836
Dynamic Energy (nJ): 76,792,020
Ratio of Dyn/Leak: 208
Total Energy (nJ): 77,160,682
Total Energy (nJ) 3D: 77,903,941
Cores Energy (nJ): 8,539,532
Route Energy (nJ): 7,375,669
Route Energy (nJ) 3D: 12,577,055
Mem Energy   (nJ): 61,245,482
Mem Energy   (nJ) 3D: 56,787,355
Avg. Power (mW): 18,777.36
Power Density (mW/mm2): 68.88

---Runtime---
Runtime in K cycles: 4,109.24
Microseconds: 4,109.24
Time per iteration (ms): 4.11

---Inst---
K Loads: 606,393
K Stores: 608,637
K Instructions: 734,841

---Throughput---
GOP/s (aka OPS/ns): 178.83
GOP/s per core: 0.70
FLOP/s: 69.28
FLOP/s per core: 0.27
Max Peak FLOP/s: 256.00
Avg. BW GB/s: 1,182.73
Max BW GB/s: 1,024.00

---Traffic---
In-Die bisection_bytes BW (GB/s): 256.00
Inter-board traffic (msg/ns): 0.00, per-link: 0.00
Inter-pack traffic (msg/ns): 0.00, per-link: 0.00
Inter-die traffic (msg/ns): 0.00, per-link: 0.00
Ruche traffic (msg/ns): 0.00, per-link: 0.00
All traffic (msg/ns): 680.88, per-link: 2.66
Inter-die reduction wrt all: inf
Inter-board reduction wrt inter-die: -nan

---Data Movement---
All traffic (msg): 2,797,883,366
Arith. Intensity FLOP/Loads: 0.47
Arith. Intensity FLOP/Msgs: 0.10
Arith. Intensity OPS/Loads: 1.21
Arith. Intensity OPS/Msgs: 0.26

Simulation time: 214.83
Sim noc_cy/s: 19,128.31
Sim Msg/s: 13,024,011.44

Version 31

