Dataset:  Kron22/
Dry run: 0
Open Edge Count File succesfully
Edges Traversed BFS: 128309848
Found Vertices: 4194304, Edges: 128311436
avg degree 31
Array  Kron22/node_array.bin found
Malloc array of size 16777220 bytes
Readin array of size 16777216 bytes
Finished Reading Array Bytes
No reordering Array 32bit
Array  Kron22/edge_array.bin found
Malloc array of size 513245744 bytes
Readin array of size 513245744 bytes
Finished Reading Array Bytes
No reordering Array 32bit
Reading graph elapsed time: 0.459116s

Dataset Footprint: 505 MiB
Dataset Footprint per Board: 4240.44 Mb
Dataset injection time (ms): 0.258816
Max Dataset Footprint: 1026 MiB

Dataset footprint per tile: 505 KiB
Proxys footprint per tile: 0 KiB
Reserved SRAM per tile: 4 KiB

Ideal SRAM per tile: 509 KiB
reserved_words_for_dataset:52178
dataset_words_per_tile:129408
remaining_sram_words:260894
min_dcache_sram_words_required:129408
dataset_words_per_tile:129408
min_pcache_sram_words_required:0
proxys_words_per_tile:0
Dcache footprint ratio: 1
Dataset Cached: 0
DCache: 129408 words, lines: 8088, sets: 8088
Proxys Cached: 0
Pcache: 0 words, sets: 0
Node per tile: 4,096
Edge per tile: 125,305
GRID_X: 32
GRID_SIZE: 1,024
smt_per_tile: 1
noc_freq: 1
pu_freq: 1
RUCHE_X: 0
PROXY_W: 32
DIE_W: 32
DIE_H: 32
DIES: 1
BORDER_TILES_PER_DIE: 128
PACK_W: 32
PACK_H: 32
DIES_PACK_FACTOR: 1
DIES_PER_PACK: 1
PACKAGES: 1
BOARD_W: 32
BOARD_H: 32
BOARDS: 1
MUX_BUS: 1
DCACHE: 0
PCACHE: 0
PROXY_FACTOR: 1
CACHE_WAYS: 1
TORUS: 1
PHY_NOCS: 1
WIDE_NOC_ID: 0
NOC_CONF: 1
noc_width: 32
hbm_channel_bit_width: 512
ld_st_op_byte_width: 4
PROXY_ROUTING: 0
WRITE_THROUGH: 0
ASSERT_MODE: 0
GLOBAL_BARRIER: 0
OQ flits: 6 ; 64 ; 2
IQ flits: 6 ; 1,024 ; 32
OQ messages: 2 ; 32 ; 1
IQ messages: 2 ; 512 ; 16
max_task2 size: 64
io_factor_t2: 16
io_factor_t3: 16
io_factor_t3b: 16

Active SRAM Storage per tile: 510 KiB
Total SRAM Storage per tile: 1,024 KiB
Agreggated SRAM Storage: 1,024 MiB

Inter-Die #links: 1,024
Inter-Die (Gbits): 32,768
Inter-Die (Gbits/mm): 412.765
Bisection BW of Board (Gbits): 8,192
Border IO #Dies: 4
Border IO Die BW (Gbits): 4,096
Off-Board BW Total (Gbits): 16,384
Off-Board BW Density (Gbits/mm): 188
Die side: 19.85 mm
Die border wire density: 412.77 Gbits/mm
HBM wire density: 206.38 Gbits/mm

Tiles per Die: 1,024 (32x32)
Tile Area: 0.34 mm2, side: 0.58 mm
- Core/Rout Area: 0.05 mm2
- SRAM Area: 0.29 mm2
- SRAM/Logic Ratio: 5.60x

Dies per Package: 1 (1x1)
Die Area: 393.89 mm2, side: 19.85 mm
- Tiles Area: 346.40 mm2
- PHY Area: 47.49 mm2
- MC Area: 0.00 mm2

Packages per Board: 1 (1x1)
Package Area: 473.89 mm2, side: 21.77 mm
- IOdie Area: 80.00 mm2
- Dies Area: 393.89 mm2
- HBM Area: 0.00 mm2

Boards: 1 (1x1)
Board Area: 473.89 mm2
Total Area: 473.89 mm2



ESTIMATED COST OF SILICON AND PACKAGING. ONLY VARIABLE, NO FIXED COSTS
Good dies per wafer 3d: 84
Good dies per wafer 2d: 103
--Dies 3D Cost: 71.99 $
--Dies 2.5D Cost: 58.71 $
--Dies 2D Cost: 58.71 $
--HBM Cost: 60.00 $
--IOdie Cost: 8.44 $
--Packaging Cost 3d: 15.00 $
--Packaging Cost 2.5d: 30.62 $
--Packaging Cost 2d: 10.07 $
SiP Cost 3d: 155.43 $
SiP Cost 2.5d: 157.77 $
SiP Cost 2d: 77.22 $
--Board Cost: 0.47 $
Total SiPs Cost 3d: 155.90 $
Total SiPs Cost 2.5d: 158.24 $
Total SiPs Cost 2d: 77.69 $

Perf counters initialized
Mesh connected
Cache structures initialized
proxys initialized
Dataset structures initialized


Starting Simulation
INIT epoch: 1
INIT epoch: 1
INIT epoch: 1
INIT epoch: 1
INIT epoch: 1
INIT epoch: 1
INIT epoch: 1
INIT epoch: 1
INIT epoch: 1
INIT epoch: 1
INIT epoch: 1
INIT epoch: 1
INIT epoch: 1
INIT epoch: 1
INIT epoch: 1
INIT epoch: 1
Epoch Done Router: 6
Epoch Done Router: 0
Epoch Done Router: 9
Epoch Done Router: 14
Epoch Done Router: 11
Epoch Done Router: 3
Epoch Done Router: 10
Epoch Done Router: 5
Epoch Done Router: 1
Epoch Done Router: 12
Epoch Done Router: 13
##EPOCH## 1 COMPLETED at Time (K cy): 1,827
Nodes processed until now: 128,311,436
Edges processed until now: 0
Epoch Done Router: 7
Epoch Done Router: 4
Epoch Done Router: 2
Epoch Done Router: 15
Epoch Done Router: 8
Program Done Router Thread: 8
Program Done Router Thread: 2
Program Done Router Thread: 4
Program Done Worker Thread: 7
Program Done Worker Thread: 6
Program Done Worker Thread: 4
Program Done Worker Thread: 11
Program Done Router Thread: 10
Program Done Worker Thread: 2
Program Done Router Thread: 9
Program Done Router Thread: 13
Program Done Router Thread: 15
Program Done Router Thread: 1
Program Done Worker Thread: 8
Program Done Worker Thread: 13
Program Done Worker Thread: 14
Program Done Worker Thread: 3
Program Done Router Thread: 0
Program Done Router Thread: 6
Program Done Router Thread: 11
Program Done Worker Thread: 10
Program Done Router Thread: 14
Program Done Router Thread: 3
Program Done Worker Thread: 15
Program Done Router Thread: 5
Program Done Worker Thread: 5
Program Done Router Thread: 12
Program Done Router Thread: 7
Program Done Worker Thread: 1
Program Done Worker Thread: 0
Program Done Worker Thread: 12
Program Done Worker Thread: 9

===PRINTING ACUM STATS at pu_cycles: 1,827,990

ACollision In Avg:5, SD:0, Max:6, Min:4
ACollision Out Avg:0, SD:0, Max:0, Min:0
ACollision End Avg:0, SD:0, Max:0, Min:0
ATask1 Avg:57, SD:0, Max:57, Min:57
ATask2 Avg:0, SD:0, Max:0, Min:0
ATask3 Avg:21, SD:4, Max:43, Min:13
ACore Active Avg:78, SD:4, Max:100, Min:70
ARouter Active Avg:68, SD:1, Max:72, Min:65
T1 invocations: 4,010,274
T2 invocations: 0
T3 invocations: 128,311,436
T3b invocations: 0
Total3 invocations: 128,311,436
Total4 invocations: 0

T3/T2 ratio: inf
T3b/T3 ratio: 0

T1 avg ex cycles: 267
T2 avg ex cycles: -nan
T3&b avg ex cycles: 3
T4 avg ex cycles: -nan
Avg. hops NOC1: -nan
Avg. latency NOC1 (T2): -nan
Avg. hops NOC2: 17
Avg. latency NOC2 (T3): 4,453

Runtime at program end in K cycles: 1,827
Runtime before cooldown in K cycles: 1,827


Number of K Nodes Processed: 128,311
Number of K Edges Processed: 128,311
Node Re-explore factor: 30.59
Edge Re-explore factor: 1.00
Nodes/cy: 70
Edges/cy: 70
TEPS: 70

---Energy---
Leakage Energy (nJ): 617,452
PU Dyn E (nJ): 7,161,717
Mem Dyn E (nJ): 29,209,934
Route Dyn E (nJ): 17,416,390
Dynamic Energy (nJ): 53,788,042
Ratio of Dyn/Leak: 87
Total Energy (nJ): 54,405,494
Total Energy (nJ) 3D: 59,084,353
Cores Energy (nJ): 7,166,805
Route Energy (nJ): 17,432,099
Route Energy (nJ) 3D: 22,110,959
Mem Energy   (nJ): 29,806,590
Mem Energy   (nJ) 3D: 29,806,590
Avg. Power (mW): 29,762.47
Power Density (mW/mm2): 62.80

---Runtime---
Runtime in K cycles: 1,827.99
Microseconds: 1,827.99
Time per iteration (ms): 1.83

---Inst---
K Loads: 649,577
K Stores: 388,944
K Instructions: 1,058,572

---Throughput---
GOP/s (aka OPS/ns): 579.09
GOP/s per core: 0.57
FLOP/s: 70.19
FLOP/s per core: 0.07
Max Peak FLOP/s: 1,024.00
Avg. BW GB/s: 2,272.49
Max BW GB/s: 4,096.00

---Traffic---
In-Die bisection_bytes BW (GB/s): 512.00
Inter-board traffic (msg/ns): 0.00, per-link: 0.00
Inter-pack traffic (msg/ns): 0.00, per-link: 0.00
Inter-die traffic (msg/ns): 0.00, per-link: 0.00
Ruche traffic (msg/ns): 0.00, per-link: 0.00
All traffic (msg/ns): 2,387.43, per-link: 2.33
Inter-die reduction wrt all: inf
Inter-board reduction wrt inter-die: -nan

---Data Movement---
All traffic (msg): 4,364,194,660
Arith. Intensity FLOP/Loads: 0.20
Arith. Intensity FLOP/Msgs: 0.03
Arith. Intensity OPS/Loads: 1.63
Arith. Intensity OPS/Msgs: 0.24

Simulation time: 87.84
Sim noc_cy/s: 20,810.46
Sim Msg/s: 49,683,485.87

Version 31

