Dataset:  Kron22/
Dry run: 0
Open Edge Count File succesfully
Edges Traversed BFS: 128309848
Found Vertices: 4194304, Edges: 128311436
avg degree 31
Array  Kron22/node_array.bin found
Malloc array of size 16777220 bytes
Readin array of size 16777216 bytes
Finished Reading Array Bytes
No reordering Array 32bit
Array  Kron22/edge_array.bin found
Malloc array of size 513245744 bytes
Readin array of size 513245744 bytes
Finished Reading Array Bytes
No reordering Array 32bit
Reading graph elapsed time: 0.202666s

Dataset Footprint: 522 MiB
Dataset Footprint per Board: 4382.92 Mb
Dataset injection time (ms): 0.535024
Max Dataset Footprint: 1026 MiB

Dataset footprint per tile: 2089 KiB
Proxys footprint per tile: 0 KiB
Reserved SRAM per tile: 15 KiB

Ideal SRAM per tile: 2104 KiB
reserved_words_for_dataset:25428
dataset_words_per_tile:535024
remaining_sram_words:127142
min_dcache_sram_words_required:25870
dataset_words_per_tile:535024
min_pcache_sram_words_required:0
proxys_words_per_tile:0
Dcache footprint ratio: 5
Dataset Cached: 1
DCache: 125424 words, lines: 7839, sets: 7839
Proxys Cached: 0
Pcache: 0 words, sets: 0
Node per tile: 16,384
Edge per tile: 501,217
GRID_X: 16
GRID_SIZE: 256
smt_per_tile: 1
noc_freq: 1
pu_freq: 1
RUCHE_X: 0
PROXY_W: 16
DIE_W: 16
DIE_H: 16
DIES: 1
BORDER_TILES_PER_DIE: 64
PACK_W: 16
PACK_H: 16
DIES_PACK_FACTOR: 1
DIES_PER_PACK: 1
PACKAGES: 1
BOARD_W: 16
BOARD_H: 16
BOARDS: 1
MUX_BUS: 1
DCACHE: 1
PCACHE: 0
PROXY_FACTOR: 1
CACHE_WAYS: 1
TORUS: 1
PHY_NOCS: 1
WIDE_NOC_ID: 0
NOC_CONF: 1
noc_width: 32
hbm_channel_bit_width: 512
ld_st_op_byte_width: 4
PROXY_ROUTING: 0
WRITE_THROUGH: 1
ASSERT_MODE: 0
GLOBAL_BARRIER: 0
OQ flits: 36 ; 384 ; 2
IQ flits: 288 ; 3,072 ; 2
OQ messages: 12 ; 192 ; 1
IQ messages: 96 ; 1,536 ; 1
max_task2 size: 64
io_factor_t2: 8
io_factor_t3: 8
io_factor_t3b: 8

Active SRAM Storage per tile: 511 KiB
Total SRAM Storage per tile: 512 KiB
Agreggated SRAM Storage: 128 MiB

Active DRAM Storage per tile: 2.04004 MiB
Total DRAM Storage per tile: 32 MiB
Agreggated DRAM Storage: 8 GiB

Inter-Die #links: 512
Inter-Die (Gbits): 16,384
Inter-Die (Gbits/mm): 450.658
Bisection BW of Board (Gbits): 4,096
Border IO #Dies: 4
Border IO Die BW (Gbits): 2,048
Off-Board BW Total (Gbits): 8,192
Off-Board BW Density (Gbits/mm): 124
Die side: 9.09 mm
Die border wire density: 450.66 Gbits/mm
HBM wire density: 450.66 Gbits/mm

Tiles per Die: 256 (16x16)
Tile Area: 0.19 mm2, side: 0.44 mm
- Core/Rout Area: 0.05 mm2
- SRAM Area: 0.14 mm2
- SRAM/Logic Ratio: 2.80x

Dies per Package: 1 (1x1)
Die Area: 82.61 mm2, side: 9.09 mm
- Tiles Area: 49.86 mm2
- PHY Area: 23.74 mm2
- MC Area: 9.00 mm2

Packages per Board: 1 (1x1)
Package Area: 272.61 mm2, side: 16.51 mm
- IOdie Area: 80.00 mm2
- Dies Area: 82.61 mm2
- HBM Area: 110.00 mm2

Boards: 1 (1x1)
Board Area: 272.61 mm2
Total Area: 272.61 mm2



ESTIMATED COST OF SILICON AND PACKAGING. ONLY VARIABLE, NO FIXED COSTS
Good dies per wafer 3d: 410
Good dies per wafer 2d: 667
--Dies 3D Cost: 14.75 $
--Dies 2.5D Cost: 9.07 $
--Dies 2D Cost: 9.07 $
--HBM Cost: 60.00 $
--IOdie Cost: 8.44 $
--Packaging Cost 3d: 3.93 $
--Packaging Cost 2.5d: 5.80 $
--Packaging Cost 2d: 2.63 $
SiP Cost 3d: 87.12 $
SiP Cost 2.5d: 83.30 $
SiP Cost 2d: 20.13 $
--Board Cost: 0.27 $
Total SiPs Cost 3d: 87.39 $
Total SiPs Cost 2.5d: 83.58 $
Total SiPs Cost 2d: 20.40 $

Perf counters initialized
Mesh connected
Cache structures initialized
Replicas initialized
Allocated Frontier List
Dataset structures initialized


Starting Simulation
INIT epoch: 1
INIT epoch: 1
INIT epoch: 1
INIT epoch: 1
INIT epoch: 1
INIT epoch: 1
INIT epoch: 1
INIT epoch: 1
INIT epoch: 1
INIT epoch: 1
INIT epoch: 1
INIT epoch: 1
INIT epoch: 1
INIT epoch: 1
INIT epoch: 1
INIT epoch: 1
