Dataset: datasets/Kron16/
Dry run: 0
Open Edge Count File succesfully
Edges Traversed BFS: 955788
Found Vertices: 65536, Edges: 955864
avg degree 15
Array datasets/Kron16/node_array.bin found
Malloc array of size 262148 bytes
Readin array of size 262144 bytes
Finished Reading Array Bytes
No reordering Array 32bit
Array datasets/Kron16/edge_array.bin found
Malloc array of size 3823456 bytes
Readin array of size 3823456 bytes
Finished Reading Array Bytes
No reordering Array 32bit
Array datasets/Kron16/edge_values.bin found
Malloc array of size 3823456 bytes
Readin array of size 3823456 bytes
Finished Reading Array Bytes
No reordering Array 32bit
Reading graph elapsed time: 0.00421352s

Dataset Footprint: 39 MiB
Dataset Footprint per Board: 331.743 Mb
Dataset injection time (ms): 0.040496
Max Dataset Footprint: 8 MiB

Dataset footprint per tile: 158 KiB
Proxys footprint per tile: 0 KiB
Reserved SRAM per tile: 22 KiB

Ideal SRAM per tile: 180 KiB
reserved_words_for_dataset:25082
dataset_words_per_tile:40496
remaining_sram_words:125414
min_dcache_sram_words_required:40496
dataset_words_per_tile:40496
min_pcache_sram_words_required:0
proxys_words_per_tile:0
Dcache footprint ratio: 1
Dataset Cached: 0
DCache: 40496 words, lines: 2531, sets: 2531
Proxys Cached: 0
Pcache: 0 words, sets: 0
Node per tile: 256
Edge per tile: 3,734
GRID_X: 16
GRID_SIZE: 256
smt_per_tile: 1
noc_freq: 1
pu_freq: 1
RUCHE_X: 0
PROXY_W: 16
DIE_W: 16
DIE_H: 16
DIES: 1
BORDER_TILES_PER_DIE: 64
PACK_W: 16
PACK_H: 16
DIES_PACK_FACTOR: 1
DIES_PER_PACK: 1
PACKAGES: 1
BOARD_W: 16
BOARD_H: 16
BOARDS: 1
MUX_BUS: 1
DCACHE: 1
PCACHE: 0
PROXY_FACTOR: 1
CACHE_WAYS: 1
TORUS: 1
PHY_NOCS: 1
WIDE_NOC_ID: 0
NOC_CONF: 1
noc_width: 32
hbm_channel_bit_width: 512
ld_st_op_byte_width: 4
PROXY_ROUTING: 0
WRITE_THROUGH: 0
ASSERT_MODE: 1
GLOBAL_BARRIER: 0
OQ flits: 36 ; 576 ; 3
IQ flits: 288 ; 4,608 ; 3
OQ messages: 12 ; 192 ; 1
IQ messages: 96 ; 1,536 ; 1
max_task2 size: 64
io_factor_t2: 8
io_factor_t3: 8
io_factor_t3b: 8

Active SRAM Storage per tile: 180 KiB
Total SRAM Storage per tile: 512 KiB
Agreggated SRAM Storage: 128 MiB

Active DRAM Storage per tile: 0 MiB
Total DRAM Storage per tile: 32 MiB
Agreggated DRAM Storage: 8 GiB

Inter-Die #links: 512
Inter-Die (Gbits): 16,384
Inter-Die (Gbits/mm): 450.658
Bisection BW of Board (Gbits): 4,096
Border IO #Dies: 4
Border IO Die BW (Gbits): 2,048
Off-Board BW Total (Gbits): 8,192
Off-Board BW Density (Gbits/mm): 124
Die side: 9.09 mm
Die border wire density: 450.66 Gbits/mm
HBM wire density: 450.66 Gbits/mm

Tiles per Die: 256 (16x16)
Tile Area: 0.19 mm2, side: 0.44 mm
- Core/Rout Area: 0.05 mm2
- SRAM Area: 0.14 mm2
- SRAM/Logic Ratio: 2.80x

Dies per Package: 1 (1x1)
Die Area: 82.61 mm2, side: 9.09 mm
- Tiles Area: 49.86 mm2
- PHY Area: 23.74 mm2
- MC Area: 9.00 mm2

Packages per Board: 1 (1x1)
Package Area: 272.61 mm2, side: 16.51 mm
- IOdie Area: 80.00 mm2
- Dies Area: 82.61 mm2
- HBM Area: 110.00 mm2

Boards: 1 (1x1)
Board Area: 272.61 mm2
Total Area: 272.61 mm2



ESTIMATED COST OF SILICON AND PACKAGING. ONLY VARIABLE, NO FIXED COSTS
Good dies per wafer 3d: 410
Good dies per wafer 2d: 667
--Dies 3D Cost: 14.75 $
--Dies 2.5D Cost: 9.07 $
--Dies 2D Cost: 9.07 $
--HBM Cost: 60.00 $
--IOdie Cost: 8.44 $
--Packaging Cost 3d: 3.93 $
--Packaging Cost 2.5d: 5.80 $
--Packaging Cost 2d: 2.63 $
SiP Cost 3d: 87.12 $
SiP Cost 2.5d: 83.30 $
SiP Cost 2d: 20.13 $
--Board Cost: 0.27 $
Total SiPs Cost 3d: 87.39 $
Total SiPs Cost 2.5d: 83.58 $
Total SiPs Cost 2d: 20.40 $

Perf counters initialized
Mesh connected
Cache structures initialized
proxys initialized
Dataset structures initialized


Starting Simulation
INIT epoch: 1
INIT epoch: 1
INIT epoch: 1
INIT epoch: 1
INIT epoch: 1
INIT epoch: 1
INIT epoch: 1
INIT epoch: 1

===PRINTING FRAME STATS

FCollision In Avg:149, SD:66, Max:385, Min:1
FCollision Out Avg:152, SD:53, Max:282, Min:54
FCollision End Avg:30, SD:41, Max:98, Min:0
FTask1 Avg:4, SD:1, Max:6, Min:1
FTask2 Avg:2, SD:1, Max:9, Min:0
FTask3 Avg:87, SD:11, Max:97, Min:48
FCore Active Avg:92, SD:11, Max:100, Min:55
FRouter Active Avg:9, SD:4, Max:27, Min:6
T1 invocations: 5,166
T2 invocations: 12,600
T3 invocations: 169,227
T3b invocations: 0
Total3 invocations: 169,227
Total4 invocations: 0

T3/T2 ratio: 13
T3b/T3 ratio: 0

T1 avg ex cycles: 178
T2 avg ex cycles: 46
T3&b avg ex cycles: 131
T4 avg ex cycles: -nan
Avg. hops NOC1: 5
Avg. latency NOC1 (T2): 12,862
Avg. hops NOC2: 11
Avg. latency NOC2 (T3): 40,747

===PRINTING ACUM STATS at pu_cycles: 100,451

ACollision In Avg:149, SD:66, Max:385, Min:1
ACollision Out Avg:152, SD:53, Max:282, Min:54
ACollision End Avg:30, SD:41, Max:98, Min:0
ATask1 Avg:4, SD:1, Max:6, Min:1
ATask2 Avg:2, SD:1, Max:9, Min:0
ATask3 Avg:87, SD:11, Max:97, Min:48
ACore Active Avg:92, SD:11, Max:100, Min:55
ARouter Active Avg:9, SD:4, Max:27, Min:6
T1 invocations: 5,166
T2 invocations: 12,600
T3 invocations: 169,227
T3b invocations: 0
Total3 invocations: 169,227
Total4 invocations: 0

T3/T2 ratio: 13
T3b/T3 ratio: 0

T1 avg ex cycles: 178
T2 avg ex cycles: 46
T3&b avg ex cycles: 131
T4 avg ex cycles: -nan
Avg. hops NOC1: 5
Avg. latency NOC1 (T2): 12,862
Avg. hops NOC2: 11
Avg. latency NOC2 (T3): 40,747
Number of K Nodes Processed: 10,856
Number of K Edges Processed: 15,419
Node Re-explore factor: 165.66
Edge Re-explore factor: 16.13
Nodes/cy: 108
Edges/cy: 154
TEPS: 10

---DCache---
DCache Size: 40,496
DRAM words: 0
  DHits: 0
  DMisses: 0

---Energy---
Leakage Energy (nJ): 3,692
PU Dyn E (nJ): 107,845
Mem Dyn E (nJ): 718,623
Route Dyn E (nJ): 16,619
Dynamic Energy (nJ): 843,087
Ratio of Dyn/Leak: 228
Total Energy (nJ): 846,779
Total Energy (nJ) 3D: 858,547
Cores Energy (nJ): 107,915
Route Energy (nJ): 17,349
Route Energy (nJ) 3D: 29,117
Mem Energy   (nJ): 721,516
Mem Energy   (nJ) 3D: 721,516
Avg. Power (mW): 8,429.77
Power Density (mW/mm2): 30.92

---Runtime---
Runtime in K cycles: 100.45
Microseconds: 100.45
Time per iteration (ms): 0.10

---Throughput---
GOP/s (aka OPS/ns): 235.63
GOP/s per core: 0.92
FLOP/s: 0.00
FLOP/s per core: 0.00
Max Peak FLOP/s: 256.00
Avg. BW GB/s: 1,399.51
Max BW GB/s: 1,024.00

---Traffic---
In-Die bisection_bytes BW (GB/s): 256.00
Inter-board traffic (msg/ns): 0.00, per-link: 0.00
Inter-pack traffic (msg/ns): 0.00, per-link: 0.00
Inter-die traffic (msg/ns): 0.00, per-link: 0.00
Ruche traffic (msg/ns): 0.00, per-link: 0.00
All traffic (msg/ns): 56.85, per-link: 0.22
Inter-die reduction wrt all: inf
Inter-board reduction wrt inter-die: -nan

---Data Movement---
All traffic (msg): 5,710,985
Arith. Intensity FLOP/Loads: 0.00
Arith. Intensity FLOP/Msgs: 0.00
Arith. Intensity OPS/Loads: 1.02
Arith. Intensity OPS/Msgs: 4.14



===Core Utilization Total=== CORE-S:1;; TIME K cy:100 ;; Nodes Proc: 1,407,104 -- Edges Proc: 1,393,088

===PRINTING FRAME STATS

FCollision In Avg:164, SD:68, Max:400, Min:0
FCollision Out Avg:171, SD:55, Max:369, Min:0
FCollision End Avg:49, SD:46, Max:100, Min:0
FTask1 Avg:0, SD:1, Max:3, Min:0
FTask2 Avg:1, SD:1, Max:6, Min:0
FTask3 Avg:46, SD:26, Max:100, Min:15
FCore Active Avg:47, SD:26, Max:100, Min:17
FRouter Active Avg:4, SD:2, Max:11, Min:1
T1 invocations: 993
T2 invocations: 3,194
T3 invocations: 90,603
T3b invocations: 0
Total3 invocations: 90,603
Total4 invocations: 0

T3/T2 ratio: 28
T3b/T3 ratio: 0

T1 avg ex cycles: 124
T2 avg ex cycles: 49
T3&b avg ex cycles: 131
T4 avg ex cycles: -nan
Avg. hops NOC1: 3
Avg. latency NOC1 (T2): 137,278
Avg. hops NOC2: 7
Avg. latency NOC2 (T3): 70,801

===PRINTING ACUM STATS at pu_cycles: 200,258

ACollision In Avg:156, SD:64, Max:392, Min:0
ACollision Out Avg:161, SD:47, Max:259, Min:29
ACollision End Avg:40, SD:40, Max:99, Min:0
ATask1 Avg:2, SD:0, Max:3, Min:1
ATask2 Avg:1, SD:1, Max:5, Min:0
ATask3 Avg:66, SD:17, Max:98, Min:33
ACore Active Avg:70, SD:17, Max:100, Min:36
ARouter Active Avg:7, SD:2, Max:14, Min:4
T1 invocations: 6,159
T2 invocations: 15,794
T3 invocations: 259,830
T3b invocations: 0
Total3 invocations: 259,830
Total4 invocations: 0

T3/T2 ratio: 16
T3b/T3 ratio: 0

T1 avg ex cycles: 169
T2 avg ex cycles: 47
T3&b avg ex cycles: 131
T4 avg ex cycles: -nan
Avg. hops NOC1: 5
Avg. latency NOC1 (T2): 38,022
Avg. hops NOC2: 9
Avg. latency NOC2 (T3): 51,227
Number of K Nodes Processed: 16,631
Number of K Edges Processed: 19,603
Node Re-explore factor: 253.78
Edge Re-explore factor: 20.51
Nodes/cy: 83
Edges/cy: 98
TEPS: 5

---DCache---
DCache Size: 40,496
DRAM words: 0
  DHits: 0
  DMisses: 0

---Energy---
Leakage Energy (nJ): 7,361
PU Dyn E (nJ): 163,200
Mem Dyn E (nJ): 1,095,576
Route Dyn E (nJ): 21,639
Dynamic Energy (nJ): 1,280,416
Ratio of Dyn/Leak: 174
Total Energy (nJ): 1,287,777
Total Energy (nJ) 3D: 1,303,099
Cores Energy (nJ): 163,340
Route Energy (nJ): 23,093
Route Energy (nJ) 3D: 38,415
Mem Energy   (nJ): 1,101,344
Mem Energy   (nJ) 3D: 1,101,344
Avg. Power (mW): 6,430.59
Power Density (mW/mm2): 23.59

---Runtime---
Runtime in K cycles: 200.26
Microseconds: 200.26
Time per iteration (ms): 0.20

---Throughput---
GOP/s (aka OPS/ns): 178.86
GOP/s per core: 0.70
FLOP/s: 0.00
FLOP/s per core: 0.00
Max Peak FLOP/s: 256.00
Avg. BW GB/s: 1,070.38
Max BW GB/s: 1,024.00

---Traffic---
In-Die bisection_bytes BW (GB/s): 256.00
Inter-board traffic (msg/ns): 0.00, per-link: 0.00
Inter-pack traffic (msg/ns): 0.00, per-link: 0.00
Inter-die traffic (msg/ns): 0.00, per-link: 0.00
Ruche traffic (msg/ns): 0.00, per-link: 0.00
All traffic (msg/ns): 37.71, per-link: 0.15
Inter-die reduction wrt all: inf
Inter-board reduction wrt inter-die: -nan

---Data Movement---
All traffic (msg): 7,552,495
Arith. Intensity FLOP/Loads: 0.00
Arith. Intensity FLOP/Msgs: 0.00
Arith. Intensity OPS/Loads: 1.01
Arith. Intensity OPS/Msgs: 4.74



===Core Utilization Total=== CORE-S:2;; TIME K cy:200 ;; Nodes Proc: 2,241,408 -- Edges Proc: 1,557,632

===PRINTING FRAME STATS

FCollision In Avg:160, SD:63, Max:393, Min:0
FCollision Out Avg:168, SD:59, Max:400, Min:0
FCollision End Avg:49, SD:48, Max:100, Min:0
FTask1 Avg:0, SD:1, Max:3, Min:0
FTask2 Avg:1, SD:1, Max:5, Min:0
FTask3 Avg:38, SD:19, Max:100, Min:16
FCore Active Avg:39, SD:19, Max:100, Min:16
FRouter Active Avg:4, SD:3, Max:11, Min:1
T1 invocations: 635
T2 invocations: 3,521
T3 invocations: 73,865
T3b invocations: 0
Total3 invocations: 73,865
Total4 invocations: 0

T3/T2 ratio: 21
T3b/T3 ratio: 0

T1 avg ex cycles: 111
T2 avg ex cycles: 47
T3&b avg ex cycles: 131
T4 avg ex cycles: -nan
Avg. hops NOC1: 2
Avg. latency NOC1 (T2): 210,179
Avg. hops NOC2: 8
Avg. latency NOC2 (T3): 59,295

===PRINTING ACUM STATS at pu_cycles: 300,261

ACollision In Avg:158, SD:61, Max:380, Min:0
ACollision Out Avg:164, SD:48, Max:306, Min:19
ACollision End Avg:43, SD:40, Max:99, Min:0
ATask1 Avg:1, SD:0, Max:2, Min:0
ATask2 Avg:1, SD:1, Max:3, Min:0
ATask3 Avg:57, SD:17, Max:99, Min:28
ACore Active Avg:59, SD:17, Max:100, Min:30
ARouter Active Avg:6, SD:2, Max:10, Min:3
T1 invocations: 6,794
T2 invocations: 19,303
T3 invocations: 333,436
T3b invocations: 0
Total3 invocations: 333,436
Total4 invocations: 0

T3/T2 ratio: 17
T3b/T3 ratio: 0

T1 avg ex cycles: 164
T2 avg ex cycles: 47
T3&b avg ex cycles: 131
T4 avg ex cycles: -nan
Avg. hops NOC1: 4
Avg. latency NOC1 (T2): 69,373
Avg. hops NOC2: 9
Avg. latency NOC2 (T3): 52,926
Number of K Nodes Processed: 21,348
Number of K Edges Processed: 23,948
Node Re-explore factor: 325.75
Edge Re-explore factor: 25.05
Nodes/cy: 71
Edges/cy: 80
TEPS: 3

---DCache---
DCache Size: 40,496
DRAM words: 0
  DHits: 0
  DMisses: 0

---Energy---
Leakage Energy (nJ): 11,036
PU Dyn E (nJ): 208,200
Mem Dyn E (nJ): 1,403,042
Route Dyn E (nJ): 26,992
Dynamic Energy (nJ): 1,638,235
Ratio of Dyn/Leak: 148
Total Energy (nJ): 1,649,271
Total Energy (nJ) 3D: 1,668,384
Cores Energy (nJ): 208,410
Route Energy (nJ): 29,173
Route Energy (nJ) 3D: 48,285
Mem Energy   (nJ): 1,411,690
Mem Energy   (nJ) 3D: 1,411,690
Avg. Power (mW): 5,492.79
Power Density (mW/mm2): 20.15

---Runtime---
Runtime in K cycles: 300.26
Microseconds: 300.26
Time per iteration (ms): 0.30

---Throughput---
GOP/s (aka OPS/ns): 152.18
GOP/s per core: 0.59
FLOP/s: 0.00
FLOP/s per core: 0.00
Max Peak FLOP/s: 256.00
Avg. BW GB/s: 914.26
Max BW GB/s: 1,024.00

---Traffic---
In-Die bisection_bytes BW (GB/s): 256.00
Inter-board traffic (msg/ns): 0.00, per-link: 0.00
Inter-pack traffic (msg/ns): 0.00, per-link: 0.00
Inter-die traffic (msg/ns): 0.00, per-link: 0.00
Ruche traffic (msg/ns): 0.00, per-link: 0.00
All traffic (msg/ns): 31.47, per-link: 0.12
Inter-die reduction wrt all: inf
Inter-board reduction wrt inter-die: -nan

---Data Movement---
All traffic (msg): 9,447,794
Arith. Intensity FLOP/Loads: 0.00
Arith. Intensity FLOP/Msgs: 0.00
Arith. Intensity OPS/Loads: 1.01
Arith. Intensity OPS/Msgs: 4.84



===Core Utilization Total=== CORE-S:3;; TIME K cy:300 ;; Nodes Proc: 2,899,968 -- Edges Proc: 1,627,136

===PRINTING FRAME STATS

FCollision In Avg:151, SD:66, Max:379, Min:0
FCollision Out Avg:156, SD:65, Max:389, Min:0
FCollision End Avg:42, SD:48, Max:100, Min:0
FTask1 Avg:0, SD:0, Max:3, Min:0
FTask2 Avg:1, SD:1, Max:4, Min:0
FTask3 Avg:35, SD:14, Max:100, Min:12
FCore Active Avg:35, SD:14, Max:100, Min:14
FRouter Active Avg:4, SD:2, Max:11, Min:1
T1 invocations: 304
T2 invocations: 3,263
T3 invocations: 67,749
T3b invocations: 0
Total3 invocations: 67,749
Total4 invocations: 0

T3/T2 ratio: 21
T3b/T3 ratio: 0

T1 avg ex cycles: 105
T2 avg ex cycles: 47
T3&b avg ex cycles: 131
T4 avg ex cycles: -nan
Avg. hops NOC1: 1
Avg. latency NOC1 (T2): 267,672
Avg. hops NOC2: 9
Avg. latency NOC2 (T3): 53,304

===PRINTING ACUM STATS at pu_cycles: 400,263

ACollision In Avg:156, SD:60, Max:377, Min:0
ACollision Out Avg:162, SD:49, Max:315, Min:14
ACollision End Avg:43, SD:40, Max:99, Min:0
ATask1 Avg:1, SD:0, Max:1, Min:0
ATask2 Avg:1, SD:1, Max:2, Min:0
ATask3 Avg:51, SD:16, Max:99, Min:24
ACore Active Avg:53, SD:16, Max:100, Min:26
ARouter Active Avg:5, SD:2, Max:10, Min:3
T1 invocations: 7,098
T2 invocations: 22,566
T3 invocations: 401,185
T3b invocations: 0
Total3 invocations: 401,185
Total4 invocations: 0

T3/T2 ratio: 18
T3b/T3 ratio: 0

T1 avg ex cycles: 161
T2 avg ex cycles: 47
T3&b avg ex cycles: 131
T4 avg ex cycles: -nan
Avg. hops NOC1: 4
Avg. latency NOC1 (T2): 98,047
Avg. hops NOC2: 9
Avg. latency NOC2 (T3): 52,990
Number of K Nodes Processed: 25,684
Number of K Edges Processed: 28,034
Node Re-explore factor: 391.92
Edge Re-explore factor: 29.33
Nodes/cy: 64
Edges/cy: 70
TEPS: 2

---DCache---
DCache Size: 40,496
DRAM words: 0
  DHits: 0
  DMisses: 0

---Energy---
Leakage Energy (nJ): 14,712
PU Dyn E (nJ): 249,484
Mem Dyn E (nJ): 1,686,002
Route Dyn E (nJ): 32,181
Dynamic Energy (nJ): 1,967,667
Ratio of Dyn/Leak: 134
Total Energy (nJ): 1,982,379
Total Energy (nJ) 3D: 2,005,166
Cores Energy (nJ): 249,763
Route Energy (nJ): 35,088
Route Energy (nJ) 3D: 57,875
Mem Energy   (nJ): 1,697,529
Mem Energy   (nJ) 3D: 1,697,529
Avg. Power (mW): 4,952.69
Power Density (mW/mm2): 18.17

---Runtime---
Runtime in K cycles: 400.26
Microseconds: 400.26
Time per iteration (ms): 0.40

---Throughput---
GOP/s (aka OPS/ns): 136.80
GOP/s per core: 0.53
FLOP/s: 0.00
FLOP/s per core: 0.00
Max Peak FLOP/s: 256.00
Avg. BW GB/s: 824.18
Max BW GB/s: 1,024.00

---Traffic---
In-Die bisection_bytes BW (GB/s): 256.00
Inter-board traffic (msg/ns): 0.00, per-link: 0.00
Inter-pack traffic (msg/ns): 0.00, per-link: 0.00
Inter-die traffic (msg/ns): 0.00, per-link: 0.00
Ruche traffic (msg/ns): 0.00, per-link: 0.00
All traffic (msg/ns): 28.17, per-link: 0.11
Inter-die reduction wrt all: inf
Inter-board reduction wrt inter-die: -nan

---Data Movement---
All traffic (msg): 11,273,609
Arith. Intensity FLOP/Loads: 0.00
Arith. Intensity FLOP/Msgs: 0.00
Arith. Intensity OPS/Loads: 1.00
Arith. Intensity OPS/Msgs: 4.86



===Core Utilization Total=== CORE-S:4;; TIME K cy:400 ;; Nodes Proc: 3,493,440 -- Edges Proc: 1,665,600

===PRINTING FRAME STATS

FCollision In Avg:137, SD:72, Max:387, Min:0
FCollision Out Avg:142, SD:74, Max:400, Min:0
FCollision End Avg:39, SD:48, Max:100, Min:0
FTask1 Avg:0, SD:0, Max:2, Min:0
FTask2 Avg:1, SD:1, Max:5, Min:0
FTask3 Avg:33, SD:12, Max:100, Min:14
FCore Active Avg:34, SD:12, Max:100, Min:14
FRouter Active Avg:4, SD:2, Max:12, Min:1
T1 invocations: 270
T2 invocations: 2,936
T3 invocations: 64,513
T3b invocations: 0
Total3 invocations: 64,513
Total4 invocations: 0

T3/T2 ratio: 22
T3b/T3 ratio: 0

T1 avg ex cycles: 94
T2 avg ex cycles: 48
T3&b avg ex cycles: 131
T4 avg ex cycles: -nan
Avg. hops NOC1: 1
Avg. latency NOC1 (T2): 342,658
Avg. hops NOC2: 9
Avg. latency NOC2 (T3): 53,219

===PRINTING ACUM STATS at pu_cycles: 500,254

ACollision In Avg:152, SD:60, Max:379, Min:0
ACollision Out Avg:158, SD:51, Max:303, Min:12
ACollision End Avg:42, SD:40, Max:100, Min:0
ATask1 Avg:1, SD:0, Max:1, Min:0
ATask2 Avg:1, SD:1, Max:2, Min:0
ATask3 Avg:48, SD:15, Max:99, Min:22
ACore Active Avg:50, SD:15, Max:100, Min:24
ARouter Active Avg:5, SD:2, Max:9, Min:2
T1 invocations: 7,364
T2 invocations: 25,495
T3 invocations: 464,793
T3b invocations: 0
Total3 invocations: 464,793
Total4 invocations: 0

T3/T2 ratio: 18
T3b/T3 ratio: 0

T1 avg ex cycles: 159
T2 avg ex cycles: 47
T3&b avg ex cycles: 131
T4 avg ex cycles: -nan
Avg. hops NOC1: 3
Avg. latency NOC1 (T2): 126,148
Avg. hops NOC2: 9
Avg. latency NOC2 (T3): 53,034
Number of K Nodes Processed: 29,810
Number of K Edges Processed: 31,801
Node Re-explore factor: 454.88
Edge Re-explore factor: 33.27
Nodes/cy: 60
Edges/cy: 64
TEPS: 2

---DCache---
DCache Size: 40,496
DRAM words: 0
  DHits: 0
  DMisses: 0

---Energy---
Leakage Energy (nJ): 18,387
PU Dyn E (nJ): 288,205
Mem Dyn E (nJ): 1,951,507
Route Dyn E (nJ): 37,079
Dynamic Energy (nJ): 2,276,791
Ratio of Dyn/Leak: 124
Total Energy (nJ): 2,295,178
Total Energy (nJ) 3D: 2,321,433
Cores Energy (nJ): 288,554
Route Energy (nJ): 40,711
Route Energy (nJ) 3D: 66,965
Mem Energy   (nJ): 1,965,914
Mem Energy   (nJ) 3D: 1,965,914
Avg. Power (mW): 4,588.03
Power Density (mW/mm2): 16.83

---Runtime---
Runtime in K cycles: 500.25
Microseconds: 500.25
Time per iteration (ms): 0.50

---Throughput---
GOP/s (aka OPS/ns): 126.44
GOP/s per core: 0.49
FLOP/s: 0.00
FLOP/s per core: 0.00
Max Peak FLOP/s: 256.00
Avg. BW GB/s: 763.30
Max BW GB/s: 1,024.00

---Traffic---
In-Die bisection_bytes BW (GB/s): 256.00
Inter-board traffic (msg/ns): 0.00, per-link: 0.00
Inter-pack traffic (msg/ns): 0.00, per-link: 0.00
Inter-die traffic (msg/ns): 0.00, per-link: 0.00
Ruche traffic (msg/ns): 0.00, per-link: 0.00
All traffic (msg/ns): 25.98, per-link: 0.10
Inter-die reduction wrt all: inf
Inter-board reduction wrt inter-die: -nan

---Data Movement---
All traffic (msg): 12,995,344
Arith. Intensity FLOP/Loads: 0.00
Arith. Intensity FLOP/Msgs: 0.00
Arith. Intensity OPS/Loads: 1.00
Arith. Intensity OPS/Msgs: 4.87



===Core Utilization Total=== CORE-S:5;; TIME K cy:500 ;; Nodes Proc: 4,059,392 -- Edges Proc: 1,678,272

===PRINTING FRAME STATS

FCollision In Avg:119, SD:78, Max:388, Min:0
FCollision Out Avg:121, SD:82, Max:250, Min:0
FCollision End Avg:34, SD:46, Max:100, Min:0
FTask1 Avg:0, SD:0, Max:3, Min:0
FTask2 Avg:1, SD:1, Max:7, Min:0
FTask3 Avg:35, SD:13, Max:100, Min:15
FCore Active Avg:36, SD:13, Max:100, Min:15
FRouter Active Avg:4, SD:3, Max:12, Min:1
T1 invocations: 269
T2 invocations: 3,270
T3 invocations: 69,039
T3b invocations: 0
Total3 invocations: 69,039
Total4 invocations: 0

T3/T2 ratio: 21
T3b/T3 ratio: 0

T1 avg ex cycles: 99
T2 avg ex cycles: 47
T3&b avg ex cycles: 131
T4 avg ex cycles: -nan
Avg. hops NOC1: 1
Avg. latency NOC1 (T2): 410,174
Avg. hops NOC2: 9
Avg. latency NOC2 (T3): 46,391

===PRINTING ACUM STATS at pu_cycles: 600,259

ACollision In Avg:147, SD:60, Max:377, Min:0
ACollision Out Avg:152, SD:53, Max:294, Min:10
ACollision End Avg:41, SD:40, Max:100, Min:0
ATask1 Avg:1, SD:0, Max:1, Min:0
ATask2 Avg:1, SD:0, Max:2, Min:0
ATask3 Avg:46, SD:14, Max:99, Min:21
ACore Active Avg:47, SD:14, Max:100, Min:23
ARouter Active Avg:5, SD:2, Max:9, Min:2
T1 invocations: 7,633
T2 invocations: 28,780
T3 invocations: 534,742
T3b invocations: 0
Total3 invocations: 534,742
Total4 invocations: 0

T3/T2 ratio: 19
T3b/T3 ratio: 0

T1 avg ex cycles: 157
T2 avg ex cycles: 47
T3&b avg ex cycles: 131
T4 avg ex cycles: -nan
Avg. hops NOC1: 3
Avg. latency NOC1 (T2): 158,575
Avg. hops NOC2: 9
Avg. latency NOC2 (T3): 52,156
Number of K Nodes Processed: 34,232
Number of K Edges Processed: 35,949
Node Re-explore factor: 522.35
Edge Re-explore factor: 37.61
Nodes/cy: 57
Edges/cy: 60
TEPS: 2

---DCache---
DCache Size: 40,496
DRAM words: 0
  DHits: 0
  DMisses: 0

---Energy---
Leakage Energy (nJ): 22,063
PU Dyn E (nJ): 330,787
Mem Dyn E (nJ): 2,243,500
Route Dyn E (nJ): 42,473
Dynamic Energy (nJ): 2,616,761
Ratio of Dyn/Leak: 119
Total Energy (nJ): 2,638,824
Total Energy (nJ) 3D: 2,668,898
Cores Energy (nJ): 331,205
Route Energy (nJ): 46,831
Route Energy (nJ) 3D: 76,906
Mem Energy   (nJ): 2,260,788
Mem Energy   (nJ) 3D: 2,260,788
Avg. Power (mW): 4,396.14
Power Density (mW/mm2): 16.13

---Runtime---
Runtime in K cycles: 600.26
Microseconds: 600.26
Time per iteration (ms): 0.60

---Throughput---
GOP/s (aka OPS/ns): 120.95
GOP/s per core: 0.47
FLOP/s: 0.00
FLOP/s per core: 0.00
Max Peak FLOP/s: 256.00
Avg. BW GB/s: 731.33
Max BW GB/s: 1,024.00

---Traffic---
In-Die bisection_bytes BW (GB/s): 256.00
Inter-board traffic (msg/ns): 0.00, per-link: 0.00
Inter-pack traffic (msg/ns): 0.00, per-link: 0.00
Inter-die traffic (msg/ns): 0.00, per-link: 0.00
Ruche traffic (msg/ns): 0.00, per-link: 0.00
All traffic (msg/ns): 24.81, per-link: 0.10
Inter-die reduction wrt all: inf
Inter-board reduction wrt inter-die: -nan

---Data Movement---
All traffic (msg): 14,891,714
Arith. Intensity FLOP/Loads: 0.00
Arith. Intensity FLOP/Msgs: 0.00
Arith. Intensity OPS/Loads: 1.00
Arith. Intensity OPS/Msgs: 4.88



===Core Utilization Total=== CORE-S:6;; TIME K cy:600 ;; Nodes Proc: 4,664,000 -- Edges Proc: 1,826,688

===PRINTING FRAME STATS

FCollision In Avg:101, SD:80, Max:389, Min:0
FCollision Out Avg:104, SD:85, Max:300, Min:0
FCollision End Avg:30, SD:44, Max:100, Min:0
FTask1 Avg:0, SD:0, Max:4, Min:0
FTask2 Avg:1, SD:1, Max:5, Min:0
FTask3 Avg:37, SD:13, Max:100, Min:17
FCore Active Avg:38, SD:13, Max:100, Min:17
FRouter Active Avg:5, SD:3, Max:15, Min:1
T1 invocations: 295
T2 invocations: 3,383
T3 invocations: 72,161
T3b invocations: 0
Total3 invocations: 72,161
Total4 invocations: 0

T3/T2 ratio: 21
T3b/T3 ratio: 0

T1 avg ex cycles: 104
T2 avg ex cycles: 48
T3&b avg ex cycles: 131
T4 avg ex cycles: -nan
Avg. hops NOC1: 1
Avg. latency NOC1 (T2): 459,014
Avg. hops NOC2: 9
Avg. latency NOC2 (T3): 37,181

===PRINTING ACUM STATS at pu_cycles: 700,263

ACollision In Avg:140, SD:60, Max:379, Min:0
ACollision Out Avg:145, SD:54, Max:295, Min:8
ACollision End Avg:39, SD:39, Max:100, Min:0
ATask1 Avg:1, SD:0, Max:1, Min:0
ATask2 Avg:1, SD:0, Max:1, Min:0
ATask3 Avg:44, SD:14, Max:99, Min:20
ACore Active Avg:46, SD:14, Max:100, Min:22
ARouter Active Avg:5, SD:2, Max:8, Min:2
T1 invocations: 7,928
T2 invocations: 32,163
T3 invocations: 606,903
T3b invocations: 0
Total3 invocations: 606,903
Total4 invocations: 0

T3/T2 ratio: 19
T3b/T3 ratio: 0

T1 avg ex cycles: 155
T2 avg ex cycles: 47
T3&b avg ex cycles: 131
T4 avg ex cycles: -nan
Avg. hops NOC1: 3
Avg. latency NOC1 (T2): 190,176
Avg. hops NOC2: 9
Avg. latency NOC2 (T3): 50,376
Number of K Nodes Processed: 38,852
Number of K Edges Processed: 40,291
Node Re-explore factor: 592.85
Edge Re-explore factor: 42.15
Nodes/cy: 55
Edges/cy: 58
TEPS: 1

---DCache---
DCache Size: 40,496
DRAM words: 0
  DHits: 0
  DMisses: 0

---Energy---
Leakage Energy (nJ): 25,739
PU Dyn E (nJ): 374,742
Mem Dyn E (nJ): 2,544,848
Route Dyn E (nJ): 47,958
Dynamic Energy (nJ): 2,967,548
Ratio of Dyn/Leak: 115
Total Energy (nJ): 2,993,287
Total Energy (nJ) 3D: 3,027,245
Cores Energy (nJ): 375,229
Route Energy (nJ): 53,042
Route Energy (nJ) 3D: 87,000
Mem Energy   (nJ): 2,565,015
Mem Energy   (nJ) 3D: 2,565,015
Avg. Power (mW): 4,274.52
Power Density (mW/mm2): 15.68

---Runtime---
Runtime in K cycles: 700.26
Microseconds: 700.26
Time per iteration (ms): 0.70

---Throughput---
GOP/s (aka OPS/ns): 117.45
GOP/s per core: 0.46
FLOP/s: 0.00
FLOP/s per core: 0.00
Max Peak FLOP/s: 256.00
Avg. BW GB/s: 711.10
Max BW GB/s: 1,024.00

---Traffic---
In-Die bisection_bytes BW (GB/s): 256.00
Inter-board traffic (msg/ns): 0.00, per-link: 0.00
Inter-pack traffic (msg/ns): 0.00, per-link: 0.00
Inter-die traffic (msg/ns): 0.00, per-link: 0.00
Ruche traffic (msg/ns): 0.00, per-link: 0.00
All traffic (msg/ns): 24.02, per-link: 0.09
Inter-die reduction wrt all: inf
Inter-board reduction wrt inter-die: -nan

---Data Movement---
All traffic (msg): 16,823,135
Arith. Intensity FLOP/Loads: 0.00
Arith. Intensity FLOP/Msgs: 0.00
Arith. Intensity OPS/Loads: 1.00
Arith. Intensity OPS/Msgs: 4.89



===Core Utilization Total=== CORE-S:7;; TIME K cy:700 ;; Nodes Proc: 5,302,272 -- Edges Proc: 1,871,296

===PRINTING FRAME STATS

FCollision In Avg:85, SD:82, Max:400, Min:0
FCollision Out Avg:87, SD:86, Max:283, Min:0
FCollision End Avg:25, SD:42, Max:100, Min:0
FTask1 Avg:0, SD:0, Max:3, Min:0
FTask2 Avg:1, SD:1, Max:6, Min:0
FTask3 Avg:33, SD:12, Max:100, Min:14
FCore Active Avg:33, SD:12, Max:100, Min:15
FRouter Active Avg:4, SD:3, Max:15, Min:1
T1 invocations: 303
T2 invocations: 3,225
T3 invocations: 63,632
T3b invocations: 0
Total3 invocations: 63,632
Total4 invocations: 0

T3/T2 ratio: 20
T3b/T3 ratio: 0

T1 avg ex cycles: 112
T2 avg ex cycles: 45
T3&b avg ex cycles: 131
T4 avg ex cycles: -nan
Avg. hops NOC1: 1
Avg. latency NOC1 (T2): 467,356
Avg. hops NOC2: 9
Avg. latency NOC2 (T3): 32,194

===PRINTING ACUM STATS at pu_cycles: 800,260

ACollision In Avg:133, SD:61, Max:379, Min:0
ACollision Out Avg:138, SD:55, Max:293, Min:7
ACollision End Avg:37, SD:38, Max:100, Min:0
ATask1 Avg:1, SD:0, Max:1, Min:0
ATask2 Avg:1, SD:0, Max:1, Min:0
ATask3 Avg:43, SD:14, Max:100, Min:19
ACore Active Avg:44, SD:14, Max:100, Min:21
ARouter Active Avg:5, SD:2, Max:7, Min:2
T1 invocations: 8,228
T2 invocations: 35,377
T3 invocations: 670,166
T3b invocations: 0
Total3 invocations: 670,166
Total4 invocations: 0

T3/T2 ratio: 19
T3b/T3 ratio: 0

T1 avg ex cycles: 153
T2 avg ex cycles: 47
T3&b avg ex cycles: 131
T4 avg ex cycles: -nan
Avg. hops NOC1: 3
Avg. latency NOC1 (T2): 215,303
Avg. hops NOC2: 9
Avg. latency NOC2 (T3): 48,652
Number of K Nodes Processed: 42,924
Number of K Edges Processed: 44,164
Node Re-explore factor: 654.97
Edge Re-explore factor: 46.20
Nodes/cy: 54
Edges/cy: 55
TEPS: 1

---DCache---
DCache Size: 40,496
DRAM words: 0
  DHits: 0
  DMisses: 0

---Energy---
Leakage Energy (nJ): 29,414
PU Dyn E (nJ): 413,312
Mem Dyn E (nJ): 2,809,073
Route Dyn E (nJ): 52,773
Dynamic Energy (nJ): 3,275,158
Ratio of Dyn/Leak: 111
Total Energy (nJ): 3,304,572
Total Energy (nJ) 3D: 3,341,940
Cores Energy (nJ): 413,869
Route Energy (nJ): 58,584
Route Energy (nJ) 3D: 95,951
Mem Energy   (nJ): 2,832,120
Mem Energy   (nJ) 3D: 2,832,120
Avg. Power (mW): 4,129.37
Power Density (mW/mm2): 15.15

---Runtime---
Runtime in K cycles: 800.26
Microseconds: 800.26
Time per iteration (ms): 0.80

---Throughput---
GOP/s (aka OPS/ns): 113.35
GOP/s per core: 0.44
FLOP/s: 0.00
FLOP/s per core: 0.00
Max Peak FLOP/s: 256.00
Avg. BW GB/s: 686.85
Max BW GB/s: 1,024.00

---Traffic---
In-Die bisection_bytes BW (GB/s): 256.00
Inter-board traffic (msg/ns): 0.00, per-link: 0.00
Inter-pack traffic (msg/ns): 0.00, per-link: 0.00
Inter-die traffic (msg/ns): 0.00, per-link: 0.00
Ruche traffic (msg/ns): 0.00, per-link: 0.00
All traffic (msg/ns): 23.14, per-link: 0.09
Inter-die reduction wrt all: inf
Inter-board reduction wrt inter-die: -nan

---Data Movement---
All traffic (msg): 18,519,205
Arith. Intensity FLOP/Loads: 0.00
Arith. Intensity FLOP/Msgs: 0.00
Arith. Intensity OPS/Loads: 1.00
Arith. Intensity OPS/Msgs: 4.90



===Core Utilization Total=== CORE-S:8;; TIME K cy:800 ;; Nodes Proc: 5,872,640 -- Edges Proc: 1,948,864

===PRINTING FRAME STATS

FCollision In Avg:68, SD:82, Max:378, Min:0
FCollision Out Avg:67, SD:81, Max:223, Min:0
FCollision End Avg:19, SD:38, Max:100, Min:0
FTask1 Avg:0, SD:0, Max:3, Min:0
FTask2 Avg:1, SD:1, Max:7, Min:0
FTask3 Avg:34, SD:12, Max:100, Min:13
FCore Active Avg:35, SD:12, Max:100, Min:13
FRouter Active Avg:4, SD:3, Max:18, Min:2
T1 invocations: 166
T2 invocations: 3,241
T3 invocations: 66,641
T3b invocations: 0
Total3 invocations: 66,641
Total4 invocations: 0

T3/T2 ratio: 21
T3b/T3 ratio: 0

T1 avg ex cycles: 121
T2 avg ex cycles: 46
T3&b avg ex cycles: 131
T4 avg ex cycles: -nan
Avg. hops NOC1: 1
Avg. latency NOC1 (T2): 524,469
Avg. hops NOC2: 9
Avg. latency NOC2 (T3): 36,138

===PRINTING ACUM STATS at pu_cycles: 900,254

ACollision In Avg:126, SD:61, Max:379, Min:0
ACollision Out Avg:130, SD:55, Max:283, Min:6
ACollision End Avg:35, SD:36, Max:100, Min:0
ATask1 Avg:1, SD:0, Max:1, Min:0
ATask2 Avg:1, SD:0, Max:1, Min:0
ATask3 Avg:42, SD:14, Max:100, Min:19
ACore Active Avg:43, SD:13, Max:100, Min:20
ARouter Active Avg:5, SD:1, Max:7, Min:2
T1 invocations: 8,395
T2 invocations: 38,675
T3 invocations: 737,145
T3b invocations: 0
Total3 invocations: 737,145
Total4 invocations: 0

T3/T2 ratio: 19
T3b/T3 ratio: 0

T1 avg ex cycles: 152
T2 avg ex cycles: 47
T3&b avg ex cycles: 131
T4 avg ex cycles: -nan
Avg. hops NOC1: 3
Avg. latency NOC1 (T2): 241,964
Avg. hops NOC2: 9
Avg. latency NOC2 (T3): 47,515
Number of K Nodes Processed: 47,179
Number of K Edges Processed: 48,038
Node Re-explore factor: 719.89
Edge Re-explore factor: 50.26
Nodes/cy: 52
Edges/cy: 53
TEPS: 1

---DCache---
DCache Size: 40,496
DRAM words: 0
  DHits: 0
  DMisses: 0

---Energy---
Leakage Energy (nJ): 33,089
PU Dyn E (nJ): 454,068
Mem Dyn E (nJ): 3,088,682
Route Dyn E (nJ): 57,879
Dynamic Energy (nJ): 3,600,630
Ratio of Dyn/Leak: 109
Total Energy (nJ): 3,633,719
Total Energy (nJ) 3D: 3,674,702
Cores Energy (nJ): 454,695
Route Energy (nJ): 64,416
Route Energy (nJ) 3D: 105,399
Mem Energy   (nJ): 3,114,609
Mem Energy   (nJ) 3D: 3,114,609
Avg. Power (mW): 4,036.33
Power Density (mW/mm2): 14.81

---Runtime---
Runtime in K cycles: 900.25
Microseconds: 900.25
Time per iteration (ms): 0.90

---Throughput---
GOP/s (aka OPS/ns): 110.70
GOP/s per core: 0.43
FLOP/s: 0.00
FLOP/s per core: 0.00
Max Peak FLOP/s: 256.00
Avg. BW GB/s: 671.34
Max BW GB/s: 1,024.00

---Traffic---
In-Die bisection_bytes BW (GB/s): 256.00
Inter-board traffic (msg/ns): 0.00, per-link: 0.00
Inter-pack traffic (msg/ns): 0.00, per-link: 0.00
Inter-die traffic (msg/ns): 0.00, per-link: 0.00
Ruche traffic (msg/ns): 0.00, per-link: 0.00
All traffic (msg/ns): 22.57, per-link: 0.09
Inter-die reduction wrt all: inf
Inter-board reduction wrt inter-die: -nan

---Data Movement---
All traffic (msg): 20,317,032
Arith. Intensity FLOP/Loads: 0.00
Arith. Intensity FLOP/Msgs: 0.00
Arith. Intensity OPS/Loads: 1.00
Arith. Intensity OPS/Msgs: 4.91



===Core Utilization Total=== CORE-S:9;; TIME K cy:900 ;; Nodes Proc: 6,453,120 -- Edges Proc: 2,071,552

===PRINTING FRAME STATS

FCollision In Avg:46, SD:70, Max:367, Min:0
FCollision Out Avg:45, SD:72, Max:205, Min:0
FCollision End Avg:14, SD:33, Max:100, Min:0
FTask1 Avg:0, SD:0, Max:4, Min:0
FTask2 Avg:1, SD:1, Max:9, Min:0
FTask3 Avg:34, SD:11, Max:100, Min:14
FCore Active Avg:35, SD:11, Max:100, Min:14
FRouter Active Avg:4, SD:5, Max:20, Min:0
T1 invocations: 243
T2 invocations: 3,003
T3 invocations: 66,761
T3b invocations: 0
Total3 invocations: 66,761
Total4 invocations: 0

T3/T2 ratio: 22
T3b/T3 ratio: 0

T1 avg ex cycles: 111
T2 avg ex cycles: 49
T3&b avg ex cycles: 131
T4 avg ex cycles: -nan
Avg. hops NOC1: 1
Avg. latency NOC1 (T2): 610,594
Avg. hops NOC2: 9
Avg. latency NOC2 (T3): 39,627

===PRINTING ACUM STATS at pu_cycles: 1,000,260

ACollision In Avg:118, SD:59, Max:378, Min:0
ACollision Out Avg:121, SD:55, Max:275, Min:6
ACollision End Avg:33, SD:35, Max:100, Min:0
ATask1 Avg:1, SD:0, Max:1, Min:0
ATask2 Avg:1, SD:0, Max:1, Min:0
ATask3 Avg:41, SD:13, Max:100, Min:18
ACore Active Avg:42, SD:13, Max:100, Min:20
ARouter Active Avg:5, SD:1, Max:6, Min:2
T1 invocations: 8,637
T2 invocations: 41,675
T3 invocations: 803,222
T3b invocations: 0
Total3 invocations: 803,222
Total4 invocations: 0

T3/T2 ratio: 19
T3b/T3 ratio: 0

T1 avg ex cycles: 151
T2 avg ex cycles: 47
T3&b avg ex cycles: 131
T4 avg ex cycles: -nan
Avg. hops NOC1: 2
Avg. latency NOC1 (T2): 268,480
Avg. hops NOC2: 9
Avg. latency NOC2 (T3): 46,874
Number of K Nodes Processed: 51,455
Number of K Edges Processed: 52,039
Node Re-explore factor: 785.15
Edge Re-explore factor: 54.44
Nodes/cy: 51
Edges/cy: 52
TEPS: 1

---DCache---
DCache Size: 40,496
DRAM words: 0
  DHits: 0
  DMisses: 0

---Energy---
Leakage Energy (nJ): 36,765
PU Dyn E (nJ): 494,305
Mem Dyn E (nJ): 3,364,574
Route Dyn E (nJ): 62,950
Dynamic Energy (nJ): 3,921,830
Ratio of Dyn/Leak: 107
Total Energy (nJ): 3,958,595
Total Energy (nJ) 3D: 4,003,169
Cores Energy (nJ): 495,002
Route Energy (nJ): 70,212
Route Energy (nJ) 3D: 114,786
Mem Energy   (nJ): 3,393,382
Mem Energy   (nJ) 3D: 3,393,382
Avg. Power (mW): 3,957.57
Power Density (mW/mm2): 14.52

---Runtime---
Runtime in K cycles: 1,000.26
Microseconds: 1,000.26
Time per iteration (ms): 1.00

---Throughput---
GOP/s (aka OPS/ns): 108.46
GOP/s per core: 0.42
FLOP/s: 0.00
FLOP/s per core: 0.00
Max Peak FLOP/s: 256.00
Avg. BW GB/s: 658.20
Max BW GB/s: 1,024.00

---Traffic---
In-Die bisection_bytes BW (GB/s): 256.00
Inter-board traffic (msg/ns): 0.00, per-link: 0.00
Inter-pack traffic (msg/ns): 0.00, per-link: 0.00
Inter-die traffic (msg/ns): 0.00, per-link: 0.00
Ruche traffic (msg/ns): 0.00, per-link: 0.00
All traffic (msg/ns): 22.09, per-link: 0.09
Inter-die reduction wrt all: inf
Inter-board reduction wrt inter-die: -nan

---Data Movement---
All traffic (msg): 22,100,233
Arith. Intensity FLOP/Loads: 0.00
Arith. Intensity FLOP/Msgs: 0.00
Arith. Intensity OPS/Loads: 1.00
Arith. Intensity OPS/Msgs: 4.91



===Core Utilization Total=== CORE-S:10;; TIME K cy:1,000 ;; Nodes Proc: 7,036,416 -- Edges Proc: 2,331,456

===PRINTING FRAME STATS

FCollision In Avg:31, SD:56, Max:280, Min:0
FCollision Out Avg:30, SD:62, Max:223, Min:0
FCollision End Avg:9, SD:26, Max:100, Min:0
FTask1 Avg:0, SD:0, Max:4, Min:0
FTask2 Avg:1, SD:2, Max:8, Min:0
FTask3 Avg:37, SD:12, Max:100, Min:14
FCore Active Avg:38, SD:12, Max:100, Min:14
FRouter Active Avg:5, SD:5, Max:19, Min:1
T1 invocations: 234
T2 invocations: 3,286
T3 invocations: 71,906
T3b invocations: 0
Total3 invocations: 71,906
Total4 invocations: 0

T3/T2 ratio: 22
T3b/T3 ratio: 0

T1 avg ex cycles: 127
T2 avg ex cycles: 50
T3&b avg ex cycles: 131
T4 avg ex cycles: -nan
Avg. hops NOC1: 1
Avg. latency NOC1 (T2): 607,198
Avg. hops NOC2: 9
Avg. latency NOC2 (T3): 20,991

===PRINTING ACUM STATS at pu_cycles: 1,100,263

ACollision In Avg:110, SD:57, Max:363, Min:0
ACollision Out Avg:113, SD:53, Max:270, Min:5
ACollision End Avg:31, SD:33, Max:100, Min:0
ATask1 Avg:0, SD:0, Max:1, Min:0
ATask2 Avg:1, SD:0, Max:1, Min:0
ATask3 Avg:41, SD:13, Max:100, Min:18
ACore Active Avg:42, SD:13, Max:100, Min:19
ARouter Active Avg:5, SD:1, Max:6, Min:3
T1 invocations: 8,880
T2 invocations: 44,996
T3 invocations: 875,801
T3b invocations: 0
Total3 invocations: 875,801
Total4 invocations: 0

T3/T2 ratio: 19
T3b/T3 ratio: 0

T1 avg ex cycles: 151
T2 avg ex cycles: 47
T3&b avg ex cycles: 131
T4 avg ex cycles: -nan
Avg. hops NOC1: 2
Avg. latency NOC1 (T2): 293,774
Avg. hops NOC2: 9
Avg. latency NOC2 (T3): 44,745
Number of K Nodes Processed: 56,061
Number of K Edges Processed: 56,477
Node Re-explore factor: 855.44
Edge Re-explore factor: 59.09
Nodes/cy: 51
Edges/cy: 51
TEPS: 1

---DCache---
DCache Size: 40,496
DRAM words: 0
  DHits: 0
  DMisses: 0

---Energy---
Leakage Energy (nJ): 40,441
PU Dyn E (nJ): 538,524
Mem Dyn E (nJ): 3,667,759
Route Dyn E (nJ): 68,538
Dynamic Energy (nJ): 4,274,820
Ratio of Dyn/Leak: 106
Total Energy (nJ): 4,315,261
Total Energy (nJ) 3D: 4,363,792
Cores Energy (nJ): 539,290
Route Energy (nJ): 76,526
Route Energy (nJ) 3D: 125,056
Mem Energy   (nJ): 3,699,446
Mem Energy   (nJ) 3D: 3,699,446
Avg. Power (mW): 3,922.03
Power Density (mW/mm2): 14.39

---Runtime---
Runtime in K cycles: 1,100.26
Microseconds: 1,100.26
Time per iteration (ms): 1.10

---Throughput---
GOP/s (aka OPS/ns): 107.42
GOP/s per core: 0.42
FLOP/s: 0.00
FLOP/s per core: 0.00
Max Peak FLOP/s: 256.00
Avg. BW GB/s: 652.29
Max BW GB/s: 1,024.00

---Traffic---
In-Die bisection_bytes BW (GB/s): 256.00
Inter-board traffic (msg/ns): 0.00, per-link: 0.00
Inter-pack traffic (msg/ns): 0.00, per-link: 0.00
Inter-die traffic (msg/ns): 0.00, per-link: 0.00
Ruche traffic (msg/ns): 0.00, per-link: 0.00
All traffic (msg/ns): 21.87, per-link: 0.09
Inter-die reduction wrt all: inf
Inter-board reduction wrt inter-die: -nan

---Data Movement---
All traffic (msg): 24,064,680
Arith. Intensity FLOP/Loads: 0.00
Arith. Intensity FLOP/Msgs: 0.00
Arith. Intensity OPS/Loads: 1.00
Arith. Intensity OPS/Msgs: 4.91



===Core Utilization Total=== CORE-S:11;; TIME K cy:1,100 ;; Nodes Proc: 7,654,592 -- Edges Proc: 3,662,720

===PRINTING FRAME STATS

FCollision In Avg:12, SD:28, Max:199, Min:0
FCollision Out Avg:11, SD:32, Max:176, Min:0
FCollision End Avg:3, SD:14, Max:96, Min:0
FTask1 Avg:0, SD:0, Max:3, Min:0
FTask2 Avg:1, SD:2, Max:7, Min:0
FTask3 Avg:37, SD:12, Max:100, Min:16
FCore Active Avg:37, SD:12, Max:100, Min:16
FRouter Active Avg:5, SD:6, Max:25, Min:0
T1 invocations: 158
T2 invocations: 3,298
T3 invocations: 71,668
T3b invocations: 0
Total3 invocations: 71,668
Total4 invocations: 0

T3/T2 ratio: 22
T3b/T3 ratio: 0

T1 avg ex cycles: 117
T2 avg ex cycles: 50
T3&b avg ex cycles: 131
T4 avg ex cycles: -nan
Avg. hops NOC1: 1
Avg. latency NOC1 (T2): 740,584
Avg. hops NOC2: 9
Avg. latency NOC2 (T3): 12,324

===PRINTING ACUM STATS at pu_cycles: 1,200,230

ACollision In Avg:102, SD:54, Max:336, Min:0
ACollision Out Avg:105, SD:50, Max:261, Min:5
ACollision End Avg:29, SD:31, Max:98, Min:0
ATask1 Avg:0, SD:0, Max:1, Min:0
ATask2 Avg:1, SD:0, Max:1, Min:0
ATask3 Avg:40, SD:13, Max:100, Min:18
ACore Active Avg:42, SD:13, Max:100, Min:19
ARouter Active Avg:5, SD:0, Max:6, Min:4
T1 invocations: 9,038
T2 invocations: 48,205
T3 invocations: 944,602
T3b invocations: 0
Total3 invocations: 944,602
Total4 invocations: 0

T3/T2 ratio: 20
T3b/T3 ratio: 0

T1 avg ex cycles: 150
T2 avg ex cycles: 47
T3&b avg ex cycles: 131
T4 avg ex cycles: -nan
Avg. hops NOC1: 2
Avg. latency NOC1 (T2): 323,153
Avg. hops NOC2: 9
Avg. latency NOC2 (T3): 42,198
Number of K Nodes Processed: 60,644
Number of K Edges Processed: 60,786
Node Re-explore factor: 925.37
Edge Re-explore factor: 63.59
Nodes/cy: 51
Edges/cy: 51
TEPS: 1

---DCache---
DCache Size: 40,496
DRAM words: 0
  DHits: 0
  DMisses: 0

---Energy---
Leakage Energy (nJ): 44,115
PU Dyn E (nJ): 580,405
Mem Dyn E (nJ): 3,955,227
Route Dyn E (nJ): 73,846
Dynamic Energy (nJ): 4,609,479
Ratio of Dyn/Leak: 104
Total Energy (nJ): 4,653,594
Total Energy (nJ) 3D: 4,705,883
Cores Energy (nJ): 581,241
Route Energy (nJ): 82,560
Route Energy (nJ) 3D: 134,849
Mem Energy   (nJ): 3,989,794
Mem Energy   (nJ) 3D: 3,989,794
Avg. Power (mW): 3,877.25
Power Density (mW/mm2): 14.22

---Runtime---
Runtime in K cycles: 1,200.23
Microseconds: 1,200.23
Time per iteration (ms): 1.20

---Throughput---
GOP/s (aka OPS/ns): 106.13
GOP/s per core: 0.41
FLOP/s: 0.00
FLOP/s per core: 0.00
Max Peak FLOP/s: 256.00
Avg. BW GB/s: 644.83
Max BW GB/s: 1,024.00

---Traffic---
In-Die bisection_bytes BW (GB/s): 256.00
Inter-board traffic (msg/ns): 0.00, per-link: 0.00
Inter-pack traffic (msg/ns): 0.00, per-link: 0.00
Inter-die traffic (msg/ns): 0.00, per-link: 0.00
Ruche traffic (msg/ns): 0.00, per-link: 0.00
All traffic (msg/ns): 21.60, per-link: 0.08
Inter-die reduction wrt all: inf
Inter-board reduction wrt inter-die: -nan

---Data Movement---
All traffic (msg): 25,930,609
Arith. Intensity FLOP/Loads: 0.00
Arith. Intensity FLOP/Msgs: 0.00
Arith. Intensity OPS/Loads: 1.00
Arith. Intensity OPS/Msgs: 4.91



===Core Utilization Total=== CORE-S:12;; TIME K cy:1,200 ;; Nodes Proc: 8,273,728 -- Edges Proc: 7,527,872
======== IT IS COLD ======= Only 10 Tiles active

===PRINTING FRAME STATS

FCollision In Avg:4, SD:15, Max:78, Min:0
FCollision Out Avg:1, SD:10, Max:94, Min:0
FCollision End Avg:0, SD:6, Max:94, Min:0
FTask1 Avg:0, SD:0, Max:2, Min:0
FTask2 Avg:0, SD:1, Max:5, Min:0
FTask3 Avg:32, SD:15, Max:100, Min:2
FCore Active Avg:32, SD:15, Max:100, Min:2
FRouter Active Avg:2, SD:2, Max:8, Min:0
T1 invocations: 107
T2 invocations: 488
T3 invocations: 63,000
T3b invocations: 0
Total3 invocations: 63,000
Total4 invocations: 0

T3/T2 ratio: 129
T3b/T3 ratio: 0

T1 avg ex cycles: 110
T2 avg ex cycles: 45
T3&b avg ex cycles: 131
T4 avg ex cycles: -nan
Avg. hops NOC1: 3
Avg. latency NOC1 (T2): 77,432
Avg. hops NOC2: 5
Avg. latency NOC2 (T3): 12,430

===PRINTING ACUM STATS at pu_cycles: 1,300,034

ACollision In Avg:100, SD:52, Max:336, Min:0
ACollision Out Avg:103, SD:47, Max:241, Min:5
ACollision End Avg:28, SD:30, Max:97, Min:0
ATask1 Avg:0, SD:0, Max:0, Min:0
ATask2 Avg:1, SD:0, Max:1, Min:0
ATask3 Avg:40, SD:13, Max:100, Min:18
ACore Active Avg:41, SD:13, Max:100, Min:19
ARouter Active Avg:5, SD:0, Max:6, Min:4
T1 invocations: 9,038
T2 invocations: 48,312
T3 invocations: 948,492
T3b invocations: 0
Total3 invocations: 948,492
Total4 invocations: 0

T3/T2 ratio: 20
T3b/T3 ratio: 0

T1 avg ex cycles: 150
T2 avg ex cycles: 47
T3&b avg ex cycles: 131
T4 avg ex cycles: -nan
Avg. hops NOC1: 2
Avg. latency NOC1 (T2): 322,829
Avg. hops NOC2: 9
Avg. latency NOC2 (T3): 42,240
Number of K Nodes Processed: 61,115
Number of K Edges Processed: 61,175
Node Re-explore factor: 932.55
Edge Re-explore factor: 64.00
Nodes/cy: 47
Edges/cy: 47
TEPS: 1

---DCache---
DCache Size: 40,496
DRAM words: 0
  DHits: 0
  DMisses: 0

---Energy---
Leakage Energy (nJ): 47,783
PU Dyn E (nJ): 582,749
Mem Dyn E (nJ): 3,971,306
Route Dyn E (nJ): 74,082
Dynamic Energy (nJ): 4,628,137
Ratio of Dyn/Leak: 97
Total Energy (nJ): 4,675,920
Total Energy (nJ) 3D: 4,728,376
Cores Energy (nJ): 583,654
Route Energy (nJ): 83,520
Route Energy (nJ) 3D: 135,976
Mem Energy   (nJ): 4,008,747
Mem Energy   (nJ) 3D: 4,008,747
Avg. Power (mW): 3,596.77
Power Density (mW/mm2): 13.19

---Runtime---
Runtime in K cycles: 1,300.03
Microseconds: 1,300.03
Time per iteration (ms): 1.30

---Throughput---
GOP/s (aka OPS/ns): 98.38
GOP/s per core: 0.38
FLOP/s: 0.00
FLOP/s per core: 0.00
Max Peak FLOP/s: 256.00
Avg. BW GB/s: 597.75
Max BW GB/s: 1,024.00

---Traffic---
In-Die bisection_bytes BW (GB/s): 256.00
Inter-board traffic (msg/ns): 0.00, per-link: 0.00
Inter-pack traffic (msg/ns): 0.00, per-link: 0.00
Inter-die traffic (msg/ns): 0.00, per-link: 0.00
Ruche traffic (msg/ns): 0.00, per-link: 0.00
All traffic (msg/ns): 20.01, per-link: 0.08
Inter-die reduction wrt all: inf
Inter-board reduction wrt inter-die: -nan

---Data Movement---
All traffic (msg): 26,015,846
Arith. Intensity FLOP/Loads: 0.00
Arith. Intensity FLOP/Msgs: 0.00
Arith. Intensity OPS/Loads: 1.00
Arith. Intensity OPS/Msgs: 4.92



===Core Utilization Total=== CORE-S:13;; TIME K cy:1,300 ;; Nodes Proc: 8,334,976 -- Edges Proc: 7,647,232
======== IT IS COLD ======= Only 0 Tiles active

===PRINTING FRAME STATS

FCollision In Avg:0, SD:0, Max:0, Min:0
FCollision Out Avg:0, SD:0, Max:4, Min:0
FCollision End Avg:0, SD:0, Max:4, Min:0
FTask1 Avg:0, SD:0, Max:3, Min:0
FTask2 Avg:0, SD:1, Max:8, Min:0
FTask3 Avg:3, SD:6, Max:89, Min:0
FCore Active Avg:3, SD:6, Max:100, Min:0
FRouter Active Avg:0, SD:1, Max:7, Min:0
T1 invocations: 18
T2 invocations: 157
T3 invocations: 6,437
T3b invocations: 0
Total3 invocations: 6,437
Total4 invocations: 0

T3/T2 ratio: 41
T3b/T3 ratio: 0

T1 avg ex cycles: 166
T2 avg ex cycles: 62
T3&b avg ex cycles: 131
T4 avg ex cycles: -nan
Avg. hops NOC1: 1
Avg. latency NOC1 (T2): 408,622
Avg. hops NOC2: 6
Avg. latency NOC2 (T3): 24,620

===PRINTING ACUM STATS at pu_cycles: 1,400,017

ACollision In Avg:93, SD:48, Max:311, Min:0
ACollision Out Avg:95, SD:44, Max:223, Min:4
ACollision End Avg:26, SD:27, Max:90, Min:0
ATask1 Avg:0, SD:0, Max:0, Min:0
ATask2 Avg:1, SD:0, Max:1, Min:1
ATask3 Avg:37, SD:12, Max:99, Min:16
ACore Active Avg:38, SD:12, Max:100, Min:18
ARouter Active Avg:4, SD:0, Max:5, Min:3
T1 invocations: 9,056
T2 invocations: 48,469
T3 invocations: 954,929
T3b invocations: 0
Total3 invocations: 954,929
Total4 invocations: 0

T3/T2 ratio: 20
T3b/T3 ratio: 0

T1 avg ex cycles: 150
T2 avg ex cycles: 47
T3&b avg ex cycles: 131
T4 avg ex cycles: -nan
Avg. hops NOC1: 2
Avg. latency NOC1 (T2): 323,107
Avg. hops NOC2: 9
Avg. latency NOC2 (T3): 42,122
Number of K Nodes Processed: 61,164
Number of K Edges Processed: 61,175
Node Re-explore factor: 933.29
Edge Re-explore factor: 64.00
Nodes/cy: 44
Edges/cy: 44
TEPS: 1

---DCache---
DCache Size: 40,496
DRAM words: 0
  DHits: 0
  DMisses: 0

---Energy---
Leakage Energy (nJ): 51,458
PU Dyn E (nJ): 586,649
Mem Dyn E (nJ): 3,998,007
Route Dyn E (nJ): 74,419
Dynamic Energy (nJ): 4,659,075
Ratio of Dyn/Leak: 91
Total Energy (nJ): 4,710,533
Total Energy (nJ) 3D: 4,763,227
Cores Energy (nJ): 587,623
Route Energy (nJ): 84,583
Route Energy (nJ) 3D: 137,277
Mem Energy   (nJ): 4,038,327
Mem Energy   (nJ) 3D: 4,038,327
Avg. Power (mW): 3,364.63
Power Density (mW/mm2): 12.34

---Runtime---
Runtime in K cycles: 1,400.02
Microseconds: 1,400.02
Time per iteration (ms): 1.40

---Throughput---
GOP/s (aka OPS/ns): 91.97
GOP/s per core: 0.36
FLOP/s: 0.00
FLOP/s per core: 0.00
Max Peak FLOP/s: 256.00
Avg. BW GB/s: 558.79
Max BW GB/s: 1,024.00

---Traffic---
In-Die bisection_bytes BW (GB/s): 256.00
Inter-board traffic (msg/ns): 0.00, per-link: 0.00
Inter-pack traffic (msg/ns): 0.00, per-link: 0.00
Inter-die traffic (msg/ns): 0.00, per-link: 0.00
Ruche traffic (msg/ns): 0.00, per-link: 0.00
All traffic (msg/ns): 18.67, per-link: 0.07
Inter-die reduction wrt all: inf
Inter-board reduction wrt inter-die: -nan

---Data Movement---
All traffic (msg): 26,140,287
Arith. Intensity FLOP/Loads: 0.00
Arith. Intensity FLOP/Msgs: 0.00
Arith. Intensity OPS/Loads: 1.00
Arith. Intensity OPS/Msgs: 4.93



===Core Utilization Total=== CORE-S:14;; TIME K cy:1,400 ;; Nodes Proc: 8,334,976 -- Edges Proc: 7,647,232
======== IT IS COLD ======= Only 0 Tiles active
Epoch Done Router: 6
Epoch Done Router: 0
Epoch Done Router: 7
Epoch Done Router: 4
Epoch Done Router: 2
Epoch Done Router: 5
Epoch Done Router: 3
Epoch Done Router: 1
##EPOCH## 1 COMPLETED at Time (K cy): 1,422
Nodes processed until now: 61,175,296
Edges processed until now: 61,175,296
Program Done Worker Thread: 0
Program Done Worker Thread: 4
Program Done Router Thread: 6
Program Done Router Thread: 0
Program Done Worker Thread: 1
Program Done Router Thread: 5
Program Done Router Thread: 3
Program Done Router Thread: 4
Program Done Router Thread: 2
Program Done Worker Thread: 2
Program Done Worker Thread: 6
Program Done Worker Thread: 3
Program Done Worker Thread: 7
Program Done Router Thread: 7
Program Done Router Thread: 1
Program Done Worker Thread: 5

===PRINTING ACUM STATS at pu_cycles: 1,422,605

ACollision In Avg:86, SD:45, Max:284, Min:0
ACollision Out Avg:88, SD:42, Max:220, Min:4
ACollision End Avg:24, SD:26, Max:82, Min:0
ATask1 Avg:0, SD:0, Max:0, Min:0
ATask2 Avg:1, SD:0, Max:1, Min:1
ATask3 Avg:34, SD:11, Max:99, Min:15
ACore Active Avg:35, SD:11, Max:100, Min:16
ARouter Active Avg:4, SD:0, Max:5, Min:3
T1 invocations: 9,056
T2 invocations: 48,469
T3 invocations: 955,864
T3b invocations: 0
Total3 invocations: 955,864
Total4 invocations: 0

T3/T2 ratio: 20
T3b/T3 ratio: 0

T1 avg ex cycles: 150
T2 avg ex cycles: 47
T3&b avg ex cycles: 131
T4 avg ex cycles: -nan
Avg. hops NOC1: 2
Avg. latency NOC1 (T2): 323,107
Avg. hops NOC2: 9
Avg. latency NOC2 (T3): 42,295

Runtime at program end in K cycles: 1,422
Runtime before cooldown in K cycles: 1,100


Number of K Nodes Processed: 61,175
Number of K Edges Processed: 61,175
Node Re-explore factor: 933.46
Edge Re-explore factor: 64.00
Nodes/cy: 43
Edges/cy: 43
TEPS: 1

---DCache---
DCache Size: 40,496
DRAM words: 0
  DHits: 0
  DMisses: 0

---Energy---
Leakage Energy (nJ): 52,289
PU Dyn E (nJ): 587,207
Mem Dyn E (nJ): 4,001,828
Route Dyn E (nJ): 74,410
Dynamic Energy (nJ): 4,663,445
Ratio of Dyn/Leak: 89
Total Energy (nJ): 4,715,734
Total Energy (nJ) 3D: 4,768,421
Cores Energy (nJ): 588,197
Route Energy (nJ): 84,738
Route Energy (nJ) 3D: 137,426
Mem Energy   (nJ): 4,042,799
Mem Energy   (nJ) 3D: 4,042,799
Avg. Power (mW): 3,314.86
Power Density (mW/mm2): 12.16

---Runtime---
Runtime in K cycles: 1,422.61
Microseconds: 1,422.61
Time per iteration (ms): 1.42

---Inst---
K Loads: 129,495
K Stores: 66,272
K Instructions: 128,877

---Throughput---
GOP/s (aka OPS/ns): 90.59
GOP/s per core: 0.35
FLOP/s: 0.00
FLOP/s per core: 0.00
Max Peak FLOP/s: 256.00
Avg. BW GB/s: 550.45
Max BW GB/s: 1,024.00

---Traffic---
In-Die bisection_bytes BW (GB/s): 256.00
Inter-board traffic (msg/ns): 0.00, per-link: 0.00
Inter-pack traffic (msg/ns): 0.00, per-link: 0.00
Inter-die traffic (msg/ns): 0.00, per-link: 0.00
Ruche traffic (msg/ns): 0.00, per-link: 0.00
All traffic (msg/ns): 18.37, per-link: 0.07
Inter-die reduction wrt all: inf
Inter-board reduction wrt inter-die: -nan

---Data Movement---
All traffic (msg): 26,140,287
Arith. Intensity FLOP/Loads: 0.00
Arith. Intensity FLOP/Msgs: 0.00
Arith. Intensity OPS/Loads: 1.00
Arith. Intensity OPS/Msgs: 4.93

Simulation time: 42.69
Sim noc_cy/s: 33,320.56
Sim Msg/s: 612,263.47

Version 31

