Dataset:  Kron22/
Dry run: 0
Open Edge Count File succesfully
Edges Traversed BFS: 128309848
Found Vertices: 4194304, Edges: 128311436
avg degree 31
Array  Kron22/node_array.bin found
Malloc array of size 16777220 bytes
Readin array of size 16777216 bytes
Finished Reading Array Bytes
No reordering Array 32bit
Array  Kron22/edge_array.bin found
Malloc array of size 513245744 bytes
Readin array of size 513245744 bytes
Finished Reading Array Bytes
No reordering Array 32bit
Array  Kron22/edge_values.bin found
Malloc array of size 513245744 bytes
Readin array of size 513245744 bytes
Finished Reading Array Bytes
No reordering Array 32bit
Reading graph elapsed time: 0.38265s

Dataset Footprint: 3043 MiB
Dataset Footprint per Board: 25526.5 Mb
Dataset injection time (ms): 0.779008
Max Dataset Footprint: 1026 MiB

Dataset footprint per tile: 760 KiB
Proxys footprint per tile: 0 KiB
Reserved SRAM per tile: 22 KiB

Ideal SRAM per tile: 782 KiB
reserved_words_for_dataset:25082
dataset_words_per_tile:194752
remaining_sram_words:125414
min_dcache_sram_words_required:25414
dataset_words_per_tile:194752
min_pcache_sram_words_required:0
proxys_words_per_tile:0
Dcache footprint ratio: 2
Dataset Cached: 1
DCache: 124192 words, lines: 7762, sets: 7762
Proxys Cached: 0
Pcache: 0 words, sets: 0
Node per tile: 1,024
Edge per tile: 31,327
GRID_X: 64
GRID_SIZE: 4,096
smt_per_tile: 1
noc_freq: 1
pu_freq: 1
RUCHE_X: 0
PROXY_W: 64
DIE_W: 64
DIE_H: 64
DIES: 1
BORDER_TILES_PER_DIE: 256
PACK_W: 64
PACK_H: 64
DIES_PACK_FACTOR: 1
DIES_PER_PACK: 1
PACKAGES: 1
BOARD_W: 64
BOARD_H: 64
BOARDS: 1
MUX_BUS: 1
DCACHE: 1
PCACHE: 0
PROXY_FACTOR: 1
CACHE_WAYS: 1
TORUS: 1
PHY_NOCS: 1
WIDE_NOC_ID: 0
NOC_CONF: 1
noc_width: 32
hbm_channel_bit_width: 512
ld_st_op_byte_width: 4
PROXY_ROUTING: 0
WRITE_THROUGH: 0
ASSERT_MODE: 0
GLOBAL_BARRIER: 0
OQ flits: 36 ; 576 ; 3
IQ flits: 288 ; 4,608 ; 3
OQ messages: 12 ; 192 ; 1
IQ messages: 96 ; 1,536 ; 1
max_task2 size: 64
io_factor_t2: 8
io_factor_t3: 8
io_factor_t3b: 8

Active SRAM Storage per tile: 511 KiB
Total SRAM Storage per tile: 512 KiB
Agreggated SRAM Storage: 2,048 MiB

Active DRAM Storage per tile: 0.742188 MiB
Total DRAM Storage per tile: 2 MiB
Agreggated DRAM Storage: 8 GiB

Inter-Die #links: 2,048
Inter-Die (Gbits): 65,536
Inter-Die (Gbits/mm): 545.588
Bisection BW of Board (Gbits): 16,384
Border IO #Dies: 4
Border IO Die BW (Gbits): 8,192
Off-Board BW Total (Gbits): 32,768
Off-Board BW Density (Gbits/mm): 247
Die side: 30.03 mm
Die border wire density: 545.59 Gbits/mm
HBM wire density: 136.40 Gbits/mm

Tiles per Die: 4,096 (64x64)
Tile Area: 0.19 mm2, side: 0.44 mm
- Core/Rout Area: 0.05 mm2
- SRAM Area: 0.14 mm2
- SRAM/Logic Ratio: 2.80x

Dies per Package: 1 (1x1)
Die Area: 901.80 mm2, side: 30.03 mm
- Tiles Area: 797.82 mm2
- PHY Area: 94.98 mm2
- MC Area: 9.00 mm2

Packages per Board: 1 (1x1)
Package Area: 1,091.80 mm2, side: 33.04 mm
- IOdie Area: 80.00 mm2
- Dies Area: 901.80 mm2
- HBM Area: 110.00 mm2

Boards: 1 (1x1)
Board Area: 1,091.80 mm2
Total Area: 1,091.80 mm2



ESTIMATED COST OF SILICON AND PACKAGING. ONLY VARIABLE, NO FIXED COSTS
Good dies per wafer 3d: 34
Good dies per wafer 2d: 41
--Dies 3D Cost: 177.85 $
--Dies 2.5D Cost: 147.49 $
--Dies 2D Cost: 147.49 $
--HBM Cost: 60.00 $
--IOdie Cost: 8.44 $
--Packaging Cost 3d: 35.32 $
--Packaging Cost 2.5d: 75.01 $
--Packaging Cost 2d: 23.39 $
SiP Cost 3d: 281.61 $
SiP Cost 2.5d: 290.94 $
SiP Cost 2d: 179.32 $
--Board Cost: 1.09 $
Total SiPs Cost 3d: 282.70 $
Total SiPs Cost 2.5d: 292.03 $
Total SiPs Cost 2d: 180.41 $

Perf counters initialized
Mesh connected
Cache structures initialized
proxys initialized
Dataset structures initialized


Starting Simulation
INIT epoch: 1
INIT epoch: 1
INIT epoch: 1
INIT epoch: 1
INIT epoch: 1
INIT epoch: 1
INIT epoch: 1
INIT epoch: 1
Epoch Done Router: 1
Epoch Done Router: 0
Epoch Done Router: 7
##EPOCH## 1 COMPLETED at Time (K cy): 28,709
Nodes processed until now: 8,211,931,904
Edges processed until now: 8,211,931,904
Epoch Done Router: 6
Epoch Done Router: 5
Epoch Done Router: 4
Epoch Done Router: 3
Epoch Done Router: 2
Program Done Worker Thread: 2
Program Done Router Thread: 2
Program Done Worker Thread: 3
Program Done Worker Thread: 7
Program Done Router Thread: 5
Program Done Worker Thread: 0
Program Done Router Thread: 4
Program Done Router Thread: 6
Program Done Worker Thread: 4
Program Done Router Thread: 1
Program Done Router Thread: 7
Program Done Worker Thread: 5
Program Done Router Thread: 3
Program Done Router Thread: 0
Program Done Worker Thread: 1
Program Done Worker Thread: 6

===PRINTING ACUM STATS at pu_cycles: 28,709,879

ACollision In Avg:84, SD:40, Max:274, Min:0
ACollision Out Avg:100, SD:43, Max:208, Min:0
ACollision End Avg:10, SD:17, Max:175, Min:0
ATask1 Avg:0, SD:0, Max:0, Min:0
ATask2 Avg:0, SD:0, Max:1, Min:0
ATask3 Avg:16, SD:5, Max:99, Min:8
ACore Active Avg:17, SD:5, Max:99, Min:8
ARouter Active Avg:7, SD:0, Max:8, Min:6
T1 invocations: 937,138
T2 invocations: 3,966,188
T3 invocations: 128,311,436
T3b invocations: 0
Total3 invocations: 128,311,436
Total4 invocations: 0

T3/T2 ratio: 32
T3b/T3 ratio: 0

T1 avg ex cycles: 129
T2 avg ex cycles: 122
T3&b avg ex cycles: 151
T4 avg ex cycles: -nan
Avg. hops NOC1: 7
Avg. latency NOC1 (T2): 776,354
Avg. hops NOC2: 33
Avg. latency NOC2 (T3): 31,159

Runtime at program end in K cycles: 28,709
Runtime before cooldown in K cycles: 28,709


Number of K Nodes Processed: 8,211,931
Number of K Edges Processed: 8,211,931
Node Re-explore factor: 1957.88
Edge Re-explore factor: 64.00
Nodes/cy: 286
Edges/cy: 286
TEPS: 4

---DCache---
DCache Size: 124,192
DRAM words: 194,752
  DHits: 16,102,774,119
  DMisses: 36,814,916
  DHit Rate (hit/miss): 100%
  DEvictions: 16,742,930
  DEviction Rate (evict/misses): 45%
  MC Transactions: 36,916,842
  MC Writes: 84,849
Avg. Transactions: 16% , Writes: 0%, Avg. Latency: 75
Max MC id: 7 of 8. Transactions: 16% , Writes: 0%, MC mean Latency: 75
HBM refresh energy (nJ): 123
HBM access energy (nJ): 69,935,265
MemC wire energy 2.5d (nJ): 65,624,171
MemC wire energy 3d (nJ): 16,406,043

---Energy---
Leakage Energy (nJ): 38,272,085
PU Dyn E (nJ): 377,669,419
Mem Dyn E (nJ): 988,135,712
Route Dyn E (nJ): 39,874,459
Dynamic Energy (nJ): 1,405,679,590
Ratio of Dyn/Leak: 37
Total Energy (nJ): 1,443,951,675
Total Energy (nJ) 3D: 1,401,792,051
Cores Energy (nJ): 377,989,011
Route Energy (nJ): 40,269,838
Route Energy (nJ) 3D: 47,328,342
Mem Energy   (nJ): 1,025,692,827
Mem Energy   (nJ) 3D: 976,474,699
Avg. Power (mW): 50,294.59
Power Density (mW/mm2): 46.07

---Runtime---
Runtime in K cycles: 28,709.88
Microseconds: 28,709.88
Time per iteration (ms): 28.71

---Inst---
K Loads: 17,357,589
K Stores: 8,880,415
K Instructions: 17,193,560

---Throughput---
GOP/s (aka OPS/ns): 598.87
GOP/s per core: 0.15
GFLOP/s: 572.06
GFLOP/s per core: 0.14
Max Peak GFLOP/s: 4,096.00
Avg. BW GB/s: 3,655.61
Max BW GB/s: 16,384.00

---Traffic---
In-Die bisection_bytes BW (GB/s): 1,024.00
Inter-board traffic (msg/ns): 0.00, per-link: 0.00
Inter-pack traffic (msg/ns): 0.00, per-link: 0.00
Inter-die traffic (msg/ns): 0.00, per-link: 0.00
Ruche traffic (msg/ns): 0.00, per-link: 0.00
All traffic (msg/ns): 529.08, per-link: 0.13
Inter-die reduction wrt all: inf
Inter-board reduction wrt inter-die: -nan

---Data Movement---
All traffic (msg): 15,189,751,550
Arith. Intensity FLOP/Loads: 0.95
Arith. Intensity FLOP/Msgs: 1.08
Arith. Intensity OPS/Loads: 0.99
Arith. Intensity OPS/Msgs: 1.13

Simulation time: 9,075.89
Sim time / DUT time: 77.18
Sim noc_cy/s: 3,163.31
Sim Msg/s: 1,673,637.64

Version 31

