Dataset:  Kron22/
Dry run: 0
Open Edge Count File succesfully
Edges Traversed BFS: 128309848
Found Vertices: 4194304, Edges: 128311436
avg degree 31
Array  Kron22/node_array.bin found
Malloc array of size 16777220 bytes
Readin array of size 16777216 bytes
Finished Reading Array Bytes
No reordering Array 32bit
Array  Kron22/edge_array.bin found
Malloc array of size 513245744 bytes
Readin array of size 513245744 bytes
Finished Reading Array Bytes
No reordering Array 32bit
Array  Kron22/edge_values.bin found
Malloc array of size 513245744 bytes
Readin array of size 513245744 bytes
Finished Reading Array Bytes
No reordering Array 32bit
Reading graph elapsed time: 0.62072s

Dataset Footprint: 1027 MiB
Dataset Footprint per Board: 8615.1 Mb
Dataset injection time (ms): 0.262912
Max Dataset Footprint: 1026 MiB

Dataset footprint per tile: 256 KiB
Proxys footprint per tile: 0 KiB
Reserved SRAM per tile: 28 KiB

Ideal SRAM per tile: 284 KiB
reserved_words_for_dataset:24756
dataset_words_per_tile:65728
remaining_sram_words:123782
min_dcache_sram_words_required:25042
dataset_words_per_tile:65728
min_pcache_sram_words_required:0
proxys_words_per_tile:0
Dcache footprint ratio: 1
Dataset Cached: 0
DCache: 65728 words, lines: 4108, sets: 4108
Proxys Cached: 0
Pcache: 0 words, sets: 0
Node per tile: 1,024
Edge per tile: 31,327
GRID_X: 64
GRID_SIZE: 4,096
smt_per_tile: 1
noc_freq: 1
pu_freq: 1
RUCHE_X: 0
PROXY_W: 64
DIE_W: 64
DIE_H: 64
DIES: 1
BORDER_TILES_PER_DIE: 256
PACK_W: 64
PACK_H: 64
DIES_PACK_FACTOR: 1
DIES_PER_PACK: 1
PACKAGES: 1
BOARD_W: 64
BOARD_H: 64
BOARDS: 1
MUX_BUS: 1
DCACHE: 1
PCACHE: 0
PROXY_FACTOR: 1
CACHE_WAYS: 1
TORUS: 1
PHY_NOCS: 1
WIDE_NOC_ID: 0
NOC_CONF: 1
noc_width: 32
hbm_channel_bit_width: 512
ld_st_op_byte_width: 4
PROXY_ROUTING: 0
WRITE_THROUGH: 0
ASSERT_MODE: 0
GLOBAL_BARRIER: 0
OQ flits: 36 ; 384 ; 2
IQ flits: 576 ; 6,144 ; 2
OQ messages: 12 ; 192 ; 1
IQ messages: 192 ; 3,072 ; 1
max_task2 size: 64
io_factor_t2: 16
io_factor_t3: 16
io_factor_t3b: 16

Active SRAM Storage per tile: 285 KiB
Total SRAM Storage per tile: 512 KiB
Agreggated SRAM Storage: 2,048 MiB

Active DRAM Storage per tile: 0 MiB
Total DRAM Storage per tile: 2 MiB
Agreggated DRAM Storage: 8 GiB

Inter-Die #links: 2,048
Inter-Die (Gbits): 65,536
Inter-Die (Gbits/mm): 545.588
Bisection BW of Board (Gbits): 16,384
Border IO #Dies: 4
Border IO Die BW (Gbits): 8,192
Off-Board BW Total (Gbits): 32,768
Off-Board BW Density (Gbits/mm): 247
Die side: 30.03 mm
Die border wire density: 545.59 Gbits/mm
HBM wire density: 136.40 Gbits/mm

Tiles per Die: 4,096 (64x64)
Tile Area: 0.19 mm2, side: 0.44 mm
- Core/Rout Area: 0.05 mm2
- SRAM Area: 0.14 mm2
- SRAM/Logic Ratio: 2.80x

Dies per Package: 1 (1x1)
Die Area: 901.80 mm2, side: 30.03 mm
- Tiles Area: 797.82 mm2
- PHY Area: 94.98 mm2
- MC Area: 9.00 mm2

Packages per Board: 1 (1x1)
Package Area: 1,091.80 mm2, side: 33.04 mm
- IOdie Area: 80.00 mm2
- Dies Area: 901.80 mm2
- HBM Area: 110.00 mm2

Boards: 1 (1x1)
Board Area: 1,091.80 mm2
Total Area: 1,091.80 mm2



ESTIMATED COST OF SILICON AND PACKAGING. ONLY VARIABLE, NO FIXED COSTS
Good dies per wafer 3d: 34
Good dies per wafer 2d: 41
--Dies 3D Cost: 177.85 $
--Dies 2.5D Cost: 147.49 $
--Dies 2D Cost: 147.49 $
--HBM Cost: 60.00 $
--IOdie Cost: 8.44 $
--Packaging Cost 3d: 35.32 $
--Packaging Cost 2.5d: 75.01 $
--Packaging Cost 2d: 23.39 $
SiP Cost 3d: 281.61 $
SiP Cost 2.5d: 290.94 $
SiP Cost 2d: 179.32 $
--Board Cost: 1.09 $
Total SiPs Cost 3d: 282.70 $
Total SiPs Cost 2.5d: 292.03 $
Total SiPs Cost 2d: 180.41 $

Perf counters initialized
Mesh connected
Cache structures initialized
proxys initialized
Dataset structures initialized


Starting Simulation
INIT epoch: 1
INIT epoch: 1
INIT epoch: 1
INIT epoch: 1
INIT epoch: 1
INIT epoch: 1
INIT epoch: 1
INIT epoch: 1
INIT epoch: 1
INIT epoch: 1
INIT epoch: 1
INIT epoch: 1
INIT epoch: 1
INIT epoch: 1
INIT epoch: 1
INIT epoch: 1
Epoch Done Router: 6
Epoch Done Router: 9
Epoch Done Router: 7
Epoch Done Router: 11
Epoch Done Router: 3
Epoch Done Router: 5
Epoch Done Router: 12
Epoch Done Router: 4
Epoch Done Router: 10
Epoch Done Router: 0
Epoch Done Router: 2
Epoch Done Router: 8
Epoch Done Router: 1
Epoch Done Router: 14
Epoch Done Router: 13
Epoch Done Router: 15
##EPOCH## 1 COMPLETED at Time (K cy): 719
Nodes processed until now: 128,311,436
Edges processed until now: 128,311,436
Program Done Worker Thread: 0
Program Done Router Thread: 0
Program Done Worker Thread: 15
Program Done Router Thread: 13
Program Done Worker Thread: 10
Program Done Worker Thread: 4
Program Done Router Thread: 12
Program Done Router Thread: 8
Program Done Router Thread: 4
Program Done Router Thread: 6
Program Done Worker Thread: 11
Program Done Worker Thread: 14
Program Done Worker Thread: 5
Program Done Router Thread: 10
Program Done Worker Thread: 7
Program Done Router Thread: 14
Program Done Worker Thread: 13
Program Done Worker Thread: 2
Program Done Router Thread: 7
Program Done Router Thread: 3
Program Done Router Thread: 15
Program Done Worker Thread: 12
Program Done Router Thread: 5
Program Done Router Thread: 9
Program Done Router Thread: 2
Program Done Worker Thread: 8
Program Done Router Thread: 1
Program Done Worker Thread: 3
Program Done Worker Thread: 1
Program Done Worker Thread: 6
Program Done Worker Thread: 9
Program Done Router Thread: 11

===PRINTING ACUM STATS at pu_cycles: 719,648

ACollision In Avg:93, SD:27, Max:207, Min:23
ACollision Out Avg:92, SD:17, Max:147, Min:33
ACollision End Avg:12, SD:14, Max:71, Min:0
ATask1 Avg:3, SD:0, Max:7, Min:3
ATask2 Avg:10, SD:0, Max:10, Min:9
ATask3 Avg:9, SD:3, Max:52, Min:4
ACore Active Avg:22, SD:3, Max:68, Min:16
ARouter Active Avg:74, SD:1, Max:80, Min:70
T1 invocations: 891,583
T2 invocations: 3,966,188
T3 invocations: 128,311,436
T3b invocations: 0
Total3 invocations: 128,311,436
Total4 invocations: 0

T3/T2 ratio: 32
T3b/T3 ratio: 0

T1 avg ex cycles: 108
T2 avg ex cycles: 73
T3&b avg ex cycles: 2
T4 avg ex cycles: -nan
Avg. hops NOC1: 7
Avg. latency NOC1 (T2): 39,702
Avg. hops NOC2: 33
Avg. latency NOC2 (T3): 1,603

Runtime at program end in K cycles: 719
Runtime before cooldown in K cycles: 719


Number of K Nodes Processed: 128,311
Number of K Edges Processed: 128,311
Node Re-explore factor: 30.59
Edge Re-explore factor: 1.00
Nodes/cy: 178
Edges/cy: 178
TEPS: 178

---DCache---
DCache Size: 65,728
DRAM words: 0
  DHits: 0
  DMisses: 0

---Energy---
Leakage Energy (nJ): 542,977
PU Dyn E (nJ): 7,594,175
Mem Dyn E (nJ): 27,832,463
Route Dyn E (nJ): 26,663,595
Dynamic Energy (nJ): 62,090,233
Ratio of Dyn/Leak: 114
Total Energy (nJ): 62,633,210
Total Energy (nJ) 3D: 67,353,151
Cores Energy (nJ): 7,602,186
Route Energy (nJ): 26,673,506
Route Energy (nJ) 3D: 31,393,447
Mem Energy   (nJ): 28,357,519
Mem Energy   (nJ) 3D: 28,357,519
Avg. Power (mW): 87,033.12
Power Density (mW/mm2): 79.72

---Runtime---
Runtime in K cycles: 719.65
Microseconds: 719.65
Time per iteration (ms): 0.72

---Inst---
K Loads: 666,695
K Stores: 668,326
K Instructions: 640,240

---Throughput---
GOP/s (aka OPS/ns): 889.66
GOP/s per core: 0.22
GFLOP/s: 356.59
GFLOP/s per core: 0.09
Max Peak GFLOP/s: 4,096.00
Avg. BW GB/s: 7,420.42
Max BW GB/s: 16,384.00

---Traffic---
In-Die bisection_bytes BW (GB/s): 1,024.00
Inter-board traffic (msg/ns): 0.00, per-link: 0.00
Inter-pack traffic (msg/ns): 0.00, per-link: 0.00
Inter-die traffic (msg/ns): 0.00, per-link: 0.00
Ruche traffic (msg/ns): 0.00, per-link: 0.00
All traffic (msg/ns): 11,888.86, per-link: 2.90
Inter-die reduction wrt all: inf
Inter-board reduction wrt inter-die: -nan

---Data Movement---
All traffic (msg): 8,555,795,489
Arith. Intensity FLOP/Loads: 0.38
Arith. Intensity FLOP/Msgs: 0.03
Arith. Intensity OPS/Loads: 0.96
Arith. Intensity OPS/Msgs: 0.07

Simulation time: 147.25
Sim time / DUT time: 49.95
Sim noc_cy/s: 4,887.29
Sim Msg/s: 58,104,335.70

Version 31

