Dataset:  Kron22/
Dry run: 0
Open Edge Count File succesfully
Edges Traversed BFS: 128309848
Found Vertices: 4194304, Edges: 128311436
avg degree 31
Array  Kron22/node_array.bin found
Malloc array of size 16777220 bytes
Readin array of size 16777216 bytes
Finished Reading Array Bytes
No reordering Array 32bit
Array  Kron22/edge_array.bin found
Malloc array of size 513245744 bytes
Readin array of size 513245744 bytes
Finished Reading Array Bytes
No reordering Array 32bit
Array  Kron22/edge_values.bin found
Malloc array of size 513245744 bytes
Readin array of size 513245744 bytes
Finished Reading Array Bytes
No reordering Array 32bit
Reading graph elapsed time: 0.341124s

Dataset Footprint: 1012 MiB
Dataset Footprint per Board: 8489.27 Mb
Dataset injection time (ms): 0.518144
Max Dataset Footprint: 1026 MiB

Dataset footprint per tile: 1012 KiB
Proxys footprint per tile: 0 KiB
Reserved SRAM per tile: 15 KiB

Ideal SRAM per tile: 1027 KiB
WARNING: Not enough SRAM to fit the dataset and reserved space, new size: 1027 KiB
reserved_words_for_dataset:51814
dataset_words_per_tile:259072
remaining_sram_words:259072
min_dcache_sram_words_required:259072
dataset_words_per_tile:259072
min_pcache_sram_words_required:0
proxys_words_per_tile:0
Dcache footprint ratio: 1
Dataset Cached: 0
DCache: 259072 words, lines: 16192, sets: 16192
Proxys Cached: 1
Pcache: 0 words, sets: 0
Node per tile: 4,096
Edge per tile: 125,305
GRID_X: 32
GRID_SIZE: 1,024
smt_per_tile: 1
noc_freq: 1
pu_freq: 1
RUCHE_X: 0
PROXY_W: 32
DIE_W: 32
DIE_H: 32
DIES: 1
BORDER_TILES_PER_DIE: 128
PACK_W: 32
PACK_H: 32
DIES_PACK_FACTOR: 1
DIES_PER_PACK: 1
PACKAGES: 1
BOARD_W: 32
BOARD_H: 32
BOARDS: 1
MUX_BUS: 1
DCACHE: 0
PCACHE: 0
PROXY_FACTOR: 1
CACHE_WAYS: 1
TORUS: 1
PHY_NOCS: 1
WIDE_NOC_ID: 0
NOC_CONF: 1
noc_width: 32
hbm_channel_bit_width: 512
ld_st_op_byte_width: 4
PROXY_ROUTING: 0
WRITE_THROUGH: 1
ASSERT_MODE: 0
GLOBAL_BARRIER: 0
OQ flits: 36 ; 384 ; 2
IQ flits: 288 ; 3,072 ; 2
OQ messages: 12 ; 192 ; 1
IQ messages: 96 ; 1,536 ; 1
max_task2 size: 64
io_factor_t2: 8
io_factor_t3: 8
io_factor_t3b: 8

Active SRAM Storage per tile: 1,027 KiB
Total SRAM Storage per tile: 1,027 KiB
Agreggated SRAM Storage: 1,027 MiB

Inter-Die #links: 1,024
Inter-Die (Gbits): 32,768
Inter-Die (Gbits/mm): 412.315
Bisection BW of Board (Gbits): 8,192
Border IO #Dies: 4
Border IO Die BW (Gbits): 4,096
Off-Board BW Total (Gbits): 16,384
Off-Board BW Density (Gbits/mm): 187
Die side: 19.87 mm
Die border wire density: 412.31 Gbits/mm
HBM wire density: 206.16 Gbits/mm

Tiles per Die: 1,024 (32x32)
Tile Area: 0.34 mm2, side: 0.58 mm
- Core/Rout Area: 0.05 mm2
- SRAM Area: 0.29 mm2
- SRAM/Logic Ratio: 5.61x

Dies per Package: 1 (1x1)
Die Area: 394.75 mm2, side: 19.87 mm
- Tiles Area: 347.26 mm2
- PHY Area: 47.49 mm2
- MC Area: 0.00 mm2

Packages per Board: 1 (1x1)
Package Area: 474.75 mm2, side: 21.79 mm
- IOdie Area: 80.00 mm2
- Dies Area: 394.75 mm2
- HBM Area: 0.00 mm2

Boards: 1 (1x1)
Board Area: 474.75 mm2
Total Area: 474.75 mm2



ESTIMATED COST OF SILICON AND PACKAGING. ONLY VARIABLE, NO FIXED COSTS
Good dies per wafer 3d: 84
Good dies per wafer 2d: 102
--Dies 3D Cost: 71.99 $
--Dies 2.5D Cost: 59.28 $
--Dies 2D Cost: 59.28 $
--HBM Cost: 60.00 $
--IOdie Cost: 8.44 $
--Packaging Cost 3d: 15.03 $
--Packaging Cost 2.5d: 30.91 $
--Packaging Cost 2d: 10.16 $
SiP Cost 3d: 155.46 $
SiP Cost 2.5d: 158.63 $
SiP Cost 2d: 77.88 $
--Board Cost: 0.47 $
Total SiPs Cost 3d: 155.93 $
Total SiPs Cost 2.5d: 159.11 $
Total SiPs Cost 2d: 78.36 $

Perf counters initialized
Mesh connected
Cache structures initialized
Replicas initialized
Allocated Frontier List
Dataset structures initialized


Starting Simulation
INIT epoch: 1
##EPOCH## 1 COMPLETED at Time (K cy): 5,344
Nodes processed until now: 12,988,393
Edges processed until now: 349,722,910
Epoch Done Router: 0
Program Done Router Thread: 0
Program Done Worker Thread: 0

===PRINTING ACUM STATS at pu_cycles: 5,344,334

ACollision In Avg:37, SD:17, Max:101, Min:10
ACollision Out Avg:36, SD:21, Max:143, Min:4
ACollision End Avg:17, SD:11, Max:122, Min:1
ATask1 Avg:4, SD:1, Max:6, Min:2
ATask2 Avg:27, SD:5, Max:37, Min:14
ATask3 Avg:30, SD:4, Max:57, Min:20
ACore Active Avg:62, SD:6, Max:80, Min:42
ARouter Active Avg:66, SD:1, Max:69, Min:63
T1 invocations: 6,586,496
T2 invocations: 10,383,329
T3 invocations: 349,722,910
T3b invocations: 0
Total3 invocations: 349,722,910
Total4 invocations: 639,174

T3/T2 ratio: 34
T3b/T3 ratio: 0

T1 avg ex cycles: 35
T2 avg ex cycles: 143
T3&b avg ex cycles: 5
T4 avg ex cycles: 100
Avg. hops NOC1: 2
Avg. latency NOC1 (T2): 14,197
Avg. hops NOC2: 17
Avg. latency NOC2 (T3): 6,350

Runtime at program end in K cycles: 5,344
Runtime before cooldown in K cycles: 5,344


Number of K Nodes Processed: 12,988
Number of K Edges Processed: 349,722
Node Re-explore factor: 3.10
Edge Re-explore factor: 2.73
Nodes/cy: 2
Edges/cy: 65
TEPS: 24

---Energy---
Leakage Energy (nJ): 3,573,524
PU Dyn E (nJ): 22,918,331
Mem Dyn E (nJ): 95,865,100
Route Dyn E (nJ): 47,706,285
Dynamic Energy (nJ): 166,489,717
Ratio of Dyn/Leak: 47
Total Energy (nJ): 170,063,241
Total Energy (nJ) 3D: 182,863,489
Cores Energy (nJ): 22,933,205
Route Energy (nJ): 47,752,212
Route Energy (nJ) 3D: 60,552,460
Mem Energy   (nJ): 99,377,824
Mem Energy   (nJ) 3D: 99,377,824
Avg. Power (mW): 31,821.22
Power Density (mW/mm2): 67.03

---Runtime---
Runtime in K cycles: 5,344.33
Microseconds: 5,344.33
Time per iteration (ms): 5.34

---Inst---
K Loads: 1,864,137
K Stores: 1,517,186
K Instructions: 2,232,218

---Throughput---
GOP/s (aka OPS/ns): 417.68
GOP/s per core: 0.41
FLOP/s: 130.88
FLOP/s per core: 0.13
Max Peak FLOP/s: 1,024.00
Avg. BW GB/s: 2,530.77
Max BW GB/s: 4,096.00

---Traffic---
In-Die bisection_bytes BW (GB/s): 512.00
Inter-board traffic (msg/ns): 0.00, per-link: 0.00
Inter-pack traffic (msg/ns): 0.00, per-link: 0.00
Inter-die traffic (msg/ns): 0.00, per-link: 0.00
Ruche traffic (msg/ns): 0.00, per-link: 0.00
All traffic (msg/ns): 2,239.37, per-link: 2.19
Inter-die reduction wrt all: inf
Inter-board reduction wrt inter-die: -nan

---Data Movement---
All traffic (msg): 11,967,936,519
Arith. Intensity FLOP/Loads: 0.38
Arith. Intensity FLOP/Msgs: 0.06
Arith. Intensity OPS/Loads: 1.20
Arith. Intensity OPS/Msgs: 0.19

Simulation time: 3,124.92
Sim noc_cy/s: 1,710.23
Sim Msg/s: 3,829,843.35

Version 31

