Dataset:  Kron22/
Dry run: 0
Open Edge Count File succesfully
Edges Traversed BFS: 128309848
Found Vertices: 4194304, Edges: 128311436
avg degree 31
Array  Kron22/node_array.bin found
Malloc array of size 16777220 bytes
Readin array of size 16777216 bytes
Finished Reading Array Bytes
No reordering Array 32bit
Array  Kron22/edge_array.bin found
Malloc array of size 513245744 bytes
Readin array of size 513245744 bytes
Finished Reading Array Bytes
No reordering Array 32bit
Reading graph elapsed time: 0.156077s

Dataset Footprint: 505 MiB
Dataset Footprint per Board: 4240.31 Mb
Dataset injection time (ms): 0.517616
Max Dataset Footprint: 1026 MiB

Dataset footprint per tile: 2021 KiB
Proxys footprint per tile: 0 KiB
Reserved SRAM per tile: 4 KiB

Ideal SRAM per tile: 2025 KiB
reserved_words_for_dataset:25964
dataset_words_per_tile:517616
remaining_sram_words:129822
min_dcache_sram_words_required:26357
dataset_words_per_tile:517616
min_pcache_sram_words_required:0
proxys_words_per_tile:0
Dcache footprint ratio: 5
Dataset Cached: 1
DCache: 128304 words, lines: 8019, sets: 8019
Proxys Cached: 0
Pcache: 0 words, sets: 0
Node per tile: 16,384
Edge per tile: 501,217
GRID_X: 16
GRID_SIZE: 256
smt_per_tile: 1
noc_freq: 1
pu_freq: 1
RUCHE_X: 0
PROXY_W: 16
DIE_W: 16
DIE_H: 16
DIES: 1
BORDER_TILES_PER_DIE: 64
PACK_W: 16
PACK_H: 16
DIES_PACK_FACTOR: 1
DIES_PER_PACK: 1
PACKAGES: 1
BOARD_W: 16
BOARD_H: 16
BOARDS: 1
MUX_BUS: 1
DCACHE: 1
PCACHE: 0
PROXY_FACTOR: 1
CACHE_WAYS: 1
TORUS: 1
PHY_NOCS: 1
WIDE_NOC_ID: 0
NOC_CONF: 1
noc_width: 32
hbm_channel_bit_width: 512
ld_st_op_byte_width: 4
PROXY_ROUTING: 0
WRITE_THROUGH: 0
ASSERT_MODE: 0
GLOBAL_BARRIER: 0
OQ flits: 6 ; 64 ; 2
IQ flits: 6 ; 1,024 ; 32
OQ messages: 2 ; 32 ; 1
IQ messages: 2 ; 512 ; 16
max_task2 size: 64
io_factor_t2: 16
io_factor_t3: 16
io_factor_t3b: 16

Active SRAM Storage per tile: 511 KiB
Total SRAM Storage per tile: 512 KiB
Agreggated SRAM Storage: 128 MiB

Active DRAM Storage per tile: 1.97363 MiB
Total DRAM Storage per tile: 32 MiB
Agreggated DRAM Storage: 8 GiB

Inter-Die #links: 512
Inter-Die (Gbits): 16,384
Inter-Die (Gbits/mm): 450.658
Bisection BW of Board (Gbits): 4,096
Border IO #Dies: 4
Border IO Die BW (Gbits): 2,048
Off-Board BW Total (Gbits): 8,192
Off-Board BW Density (Gbits/mm): 124
Die side: 9.09 mm
Die border wire density: 450.66 Gbits/mm
HBM wire density: 450.66 Gbits/mm

Tiles per Die: 256 (16x16)
Tile Area: 0.19 mm2, side: 0.44 mm
- Core/Rout Area: 0.05 mm2
- SRAM Area: 0.14 mm2
- SRAM/Logic Ratio: 2.80x

Dies per Package: 1 (1x1)
Die Area: 82.61 mm2, side: 9.09 mm
- Tiles Area: 49.86 mm2
- PHY Area: 23.74 mm2
- MC Area: 9.00 mm2

Packages per Board: 1 (1x1)
Package Area: 272.61 mm2, side: 16.51 mm
- IOdie Area: 80.00 mm2
- Dies Area: 82.61 mm2
- HBM Area: 110.00 mm2

Boards: 1 (1x1)
Board Area: 272.61 mm2
Total Area: 272.61 mm2



ESTIMATED COST OF SILICON AND PACKAGING. ONLY VARIABLE, NO FIXED COSTS
Good dies per wafer 3d: 410
Good dies per wafer 2d: 667
--Dies 3D Cost: 14.75 $
--Dies 2.5D Cost: 9.07 $
--Dies 2D Cost: 9.07 $
--HBM Cost: 60.00 $
--IOdie Cost: 8.44 $
--Packaging Cost 3d: 3.93 $
--Packaging Cost 2.5d: 5.80 $
--Packaging Cost 2d: 2.63 $
SiP Cost 3d: 87.12 $
SiP Cost 2.5d: 83.30 $
SiP Cost 2d: 20.13 $
--Board Cost: 0.27 $
Total SiPs Cost 3d: 87.39 $
Total SiPs Cost 2.5d: 83.58 $
Total SiPs Cost 2d: 20.40 $

Perf counters initialized
Mesh connected
Cache structures initialized
proxys initialized
Dataset structures initialized


Starting Simulation
INIT epoch: 1
INIT epoch: 1
INIT epoch: 1
INIT epoch: 1
INIT epoch: 1
INIT epoch: 1
INIT epoch: 1
INIT epoch: 1
INIT epoch: 1
INIT epoch: 1
INIT epoch: 1
INIT epoch: 1
INIT epoch: 1
INIT epoch: 1
INIT epoch: 1
INIT epoch: 1
Epoch Done Router: 2
Epoch Done Router: 11
Epoch Done Router: 1
Epoch Done Router: 13
Epoch Done Router: 7
Epoch Done Router: 5
Epoch Done Router: 3
Epoch Done Router: 14
Epoch Done Router: 8
Epoch Done Router: 10
Epoch Done Router: 12
Epoch Done Router: 0
Epoch Done Router: 15
Epoch Done Router: 9
Epoch Done Router: 4
Epoch Done Router: 6
##EPOCH## 1 COMPLETED at Time (K cy): 8,031
Nodes processed until now: 128,311,436
Edges processed until now: 0
Program Done Worker Thread: 10
Program Done Worker Thread: 9
Program Done Router Thread: 1
Program Done Router Thread: 13
Program Done Router Thread: 14
Program Done Worker Thread: 5
Program Done Router Thread: 3
Program Done Worker Thread: 12
Program Done Worker Thread: 15
Program Done Worker Thread: 7
Program Done Router Thread: 2
Program Done Worker Thread: 11
Program Done Router Thread: 12
Program Done Router Thread: 4
Program Done Router Thread: 5
Program Done Router Thread: 11
Program Done Worker Thread: 3
Program Done Router Thread: 9
Program Done Router Thread: 10
Program Done Worker Thread: 2
Program Done Router Thread: 15
Program Done Worker Thread: 0
Program Done Router Thread: 0
Program Done Worker Thread: 1
Program Done Router Thread: 6
Program Done Router Thread: 8
Program Done Worker Thread: 8
Program Done Worker Thread: 4
Program Done Worker Thread: 6
Program Done Router Thread: 7
Program Done Worker Thread: 13
Program Done Worker Thread: 14

===PRINTING ACUM STATS at pu_cycles: 8,031,318

ACollision In Avg:3, SD:3, Max:40, Min:2
ACollision Out Avg:1, SD:3, Max:24, Min:0
ACollision End Avg:0, SD:0, Max:0, Min:0
ATask1 Avg:39, SD:0, Max:40, Min:39
ATask2 Avg:0, SD:0, Max:0, Min:0
ATask3 Avg:13, SD:1, Max:16, Min:10
ACore Active Avg:54, SD:1, Max:58, Min:50
ARouter Active Avg:38, SD:1, Max:40, Min:35
T1 invocations: 4,010,627
T2 invocations: 0
T3 invocations: 128,311,436
T3b invocations: 0
Total3 invocations: 128,311,436
Total4 invocations: 0

T3/T2 ratio: inf
T3b/T3 ratio: 0

T1 avg ex cycles: 201
T2 avg ex cycles: -nan
T3&b avg ex cycles: 2
T4 avg ex cycles: -nan
Avg. hops NOC1: -nan
Avg. latency NOC1 (T2): -nan
Avg. hops NOC2: 9
Avg. latency NOC2 (T3): 3,281

Runtime at program end in K cycles: 8,031
Runtime before cooldown in K cycles: 8,031


Number of K Nodes Processed: 128,311
Number of K Edges Processed: 128,311
Node Re-explore factor: 30.59
Edge Re-explore factor: 1.00
Nodes/cy: 16
Edges/cy: 16
TEPS: 16

---DCache---
DCache Size: 128,304
DRAM words: 517,616
  DHits: 168,470,801
  DMisses: 9,086,717
  DHit Rate (hit/miss): 95%
  DEvictions: 7,037,796
  DEviction Rate (evict/misses): 77%
  MC Transactions: 10,322,069
  MC Writes: 1,028,283
Avg. Transactions: 16% , Writes: 2%, Avg. Latency: 0
Max MC id: 0 of 8. Transactions: 16% , Writes: 2%, MC mean Latency: 0
HBM refresh energy (nJ): 91
HBM access energy (nJ): 19,554,127
MemC wire energy 2.5d (nJ): 4,798,899
MemC wire energy 3d (nJ): 1,199,725

---Energy---
Leakage Energy (nJ): 720,534
PU Dyn E (nJ): 7,161,734
Mem Dyn E (nJ): 49,154,990
Route Dyn E (nJ): 6,607,294
Dynamic Energy (nJ): 62,924,018
Ratio of Dyn/Leak: 87
Total Energy (nJ): 63,644,552
Total Energy (nJ) 3D: 64,723,823
Cores Energy (nJ): 7,167,322
Route Energy (nJ): 6,665,600
Route Energy (nJ) 3D: 11,344,045
Mem Energy   (nJ): 49,811,630
Mem Energy   (nJ) 3D: 46,212,456
Avg. Power (mW): 7,924.55
Power Density (mW/mm2): 29.07

---Runtime---
Runtime in K cycles: 8,031.32
Microseconds: 8,031.32
Time per iteration (ms): 8.03

---Inst---
K Loads: 649,578
K Stores: 388,944
K Instructions: 1,058,576

---Throughput---
GOP/s (aka OPS/ns): 131.81
GOP/s per core: 0.51
FLOP/s: 15.98
FLOP/s per core: 0.06
Max Peak FLOP/s: 256.00
Avg. BW GB/s: 517.24
Max BW GB/s: 1,024.00

---Traffic---
In-Die bisection_bytes BW (GB/s): 256.00
Inter-board traffic (msg/ns): 0.00, per-link: 0.00
Inter-pack traffic (msg/ns): 0.00, per-link: 0.00
Inter-die traffic (msg/ns): 0.00, per-link: 0.00
Ruche traffic (msg/ns): 0.00, per-link: 0.00
All traffic (msg/ns): 309.50, per-link: 1.21
Inter-die reduction wrt all: inf
Inter-board reduction wrt inter-die: -nan

---Data Movement---
All traffic (msg): 2,485,701,883
Arith. Intensity FLOP/Loads: 0.20
Arith. Intensity FLOP/Msgs: 0.05
Arith. Intensity OPS/Loads: 1.63
Arith. Intensity OPS/Msgs: 0.43

Simulation time: 504.77
Sim noc_cy/s: 15,910.70
Sim Msg/s: 4,924,379.94

Version 31

