Dataset:  Kron22/
Dry run: 0
Open Edge Count File succesfully
Edges Traversed BFS: 128309848
Found Vertices: 4194304, Edges: 128311436
avg degree 31
Array  Kron22/node_array.bin found
Malloc array of size 16777220 bytes
Readin array of size 16777216 bytes
Finished Reading Array Bytes
No reordering Array 32bit
Array  Kron22/edge_array.bin found
Malloc array of size 513245744 bytes
Readin array of size 513245744 bytes
Finished Reading Array Bytes
No reordering Array 32bit
Reading graph elapsed time: 0.154195s

Dataset Footprint: 522 MiB
Dataset Footprint per Board: 4383.05 Mb
Dataset injection time (ms): 0.26752
Max Dataset Footprint: 1026 MiB

Dataset footprint per tile: 522 KiB
Proxys footprint per tile: 0 KiB
Reserved SRAM per tile: 15 KiB

Ideal SRAM per tile: 537 KiB
reserved_words_for_dataset:51642
dataset_words_per_tile:133760
remaining_sram_words:258214
min_dcache_sram_words_required:133760
dataset_words_per_tile:133760
min_pcache_sram_words_required:0
proxys_words_per_tile:0
Dcache footprint ratio: 1
Dataset Cached: 0
DCache: 133760 words, lines: 8360, sets: 8360
Proxys Cached: 0
Pcache: 0 words, sets: 0
Node per tile: 4,096
Edge per tile: 125,305
GRID_X: 32
GRID_SIZE: 1,024
smt_per_tile: 1
noc_freq: 1
pu_freq: 1
RUCHE_X: 0
PROXY_W: 32
DIE_W: 32
DIE_H: 32
DIES: 1
BORDER_TILES_PER_DIE: 128
PACK_W: 32
PACK_H: 32
DIES_PACK_FACTOR: 1
DIES_PER_PACK: 1
PACKAGES: 1
BOARD_W: 32
BOARD_H: 32
BOARDS: 1
MUX_BUS: 1
DCACHE: 0
PCACHE: 0
PROXY_FACTOR: 1
CACHE_WAYS: 1
TORUS: 1
PHY_NOCS: 1
WIDE_NOC_ID: 0
NOC_CONF: 1
noc_width: 32
hbm_channel_bit_width: 512
ld_st_op_byte_width: 4
PROXY_ROUTING: 0
WRITE_THROUGH: 1
ASSERT_MODE: 0
GLOBAL_BARRIER: 0
OQ flits: 36 ; 384 ; 2
IQ flits: 288 ; 3,072 ; 2
OQ messages: 12 ; 192 ; 1
IQ messages: 96 ; 1,536 ; 1
max_task2 size: 64
io_factor_t2: 8
io_factor_t3: 8
io_factor_t3b: 8

Active SRAM Storage per tile: 537 KiB
Total SRAM Storage per tile: 1,024 KiB
Agreggated SRAM Storage: 1,024 MiB

Inter-Die #links: 1,024
Inter-Die (Gbits): 32,768
Inter-Die (Gbits/mm): 412.765
Bisection BW of Board (Gbits): 8,192
Border IO #Dies: 4
Border IO Die BW (Gbits): 4,096
Off-Board BW Total (Gbits): 16,384
Off-Board BW Density (Gbits/mm): 188
Die side: 19.85 mm
Die border wire density: 412.77 Gbits/mm
HBM wire density: 206.38 Gbits/mm

Tiles per Die: 1,024 (32x32)
Tile Area: 0.34 mm2, side: 0.58 mm
- Core/Rout Area: 0.05 mm2
- SRAM Area: 0.29 mm2
- SRAM/Logic Ratio: 5.60x

Dies per Package: 1 (1x1)
Die Area: 393.89 mm2, side: 19.85 mm
- Tiles Area: 346.40 mm2
- PHY Area: 47.49 mm2
- MC Area: 0.00 mm2

Packages per Board: 1 (1x1)
Package Area: 473.89 mm2, side: 21.77 mm
- IOdie Area: 80.00 mm2
- Dies Area: 393.89 mm2
- HBM Area: 0.00 mm2

Boards: 1 (1x1)
Board Area: 473.89 mm2
Total Area: 473.89 mm2



ESTIMATED COST OF SILICON AND PACKAGING. ONLY VARIABLE, NO FIXED COSTS
Good dies per wafer 3d: 84
Good dies per wafer 2d: 103
--Dies 3D Cost: 71.99 $
--Dies 2.5D Cost: 58.71 $
--Dies 2D Cost: 58.71 $
--HBM Cost: 60.00 $
--IOdie Cost: 8.44 $
--Packaging Cost 3d: 15.00 $
--Packaging Cost 2.5d: 30.62 $
--Packaging Cost 2d: 10.07 $
SiP Cost 3d: 155.43 $
SiP Cost 2.5d: 157.77 $
SiP Cost 2d: 77.22 $
--Board Cost: 0.47 $
Total SiPs Cost 3d: 155.90 $
Total SiPs Cost 2.5d: 158.24 $
Total SiPs Cost 2d: 77.69 $

Perf counters initialized
Mesh connected
Cache structures initialized
Replicas initialized
Allocated Frontier List
Dataset structures initialized


Starting Simulation
INIT epoch: 1
INIT epoch: 1
INIT epoch: 1
INIT epoch: 1
INIT epoch: 1
INIT epoch: 1
INIT epoch: 1
INIT epoch: 1
Epoch Done Router: 3
Epoch Done Router: 4
Epoch Done Router: 0
Epoch Done Router: 2
Epoch Done Router: 6
Epoch Done Router: 1
Epoch Done Router: 7
Epoch Done Router: 5
##EPOCH## 1 COMPLETED at Time (K cy): 2,862
Nodes processed until now: 5,556,413
Edges processed until now: 154,194,014
Program Done Worker Thread: 0
Program Done Router Thread: 2
Program Done Router Thread: 0
Program Done Router Thread: 4
Program Done Router Thread: 7
Program Done Worker Thread: 7
Program Done Router Thread: 1
Program Done Worker Thread: 1
Program Done Router Thread: 6
Program Done Worker Thread: 5
Program Done Worker Thread: 4
Program Done Worker Thread: 2
Program Done Router Thread: 5
Program Done Router Thread: 3
Program Done Worker Thread: 3
Program Done Worker Thread: 6

===PRINTING ACUM STATS at pu_cycles: 2,862,900

ACollision In Avg:49, SD:13, Max:131, Min:13
ACollision Out Avg:52, SD:19, Max:107, Min:7
ACollision End Avg:14, SD:9, Max:89, Min:1
ATask1 Avg:9, SD:0, Max:10, Min:8
ATask2 Avg:12, SD:1, Max:16, Min:9
ATask3 Avg:34, SD:6, Max:70, Min:23
ACore Active Avg:57, SD:5, Max:90, Min:45
ARouter Active Avg:56, SD:1, Max:61, Min:52
T1 invocations: 6,122,022
T2 invocations: 5,923,399
T3 invocations: 154,194,014
T3b invocations: 0
Total3 invocations: 154,194,014
Total4 invocations: 127,887

T3/T2 ratio: 26
T3b/T3 ratio: 0

T1 avg ex cycles: 45
T2 avg ex cycles: 59
T3&b avg ex cycles: 7
T4 avg ex cycles: 189
Avg. hops NOC1: 3
Avg. latency NOC1 (T2): 12,151
Avg. hops NOC2: 17
Avg. latency NOC2 (T3): 5,056

Runtime at program end in K cycles: 2,862
Runtime before cooldown in K cycles: 2,862


Number of K Nodes Processed: 5,556
Number of K Edges Processed: 154,194
Node Re-explore factor: 1.32
Edge Re-explore factor: 1.20
Nodes/cy: 2
Edges/cy: 54
TEPS: 45

---Energy---
Leakage Energy (nJ): 1,016,491
PU Dyn E (nJ): 8,636,432
Mem Dyn E (nJ): 39,170,844
Route Dyn E (nJ): 21,041,219
Dynamic Energy (nJ): 68,848,496
Ratio of Dyn/Leak: 68
Total Energy (nJ): 69,864,987
Total Energy (nJ) 3D: 75,517,646
Cores Energy (nJ): 8,644,399
Route Energy (nJ): 21,065,822
Route Energy (nJ) 3D: 26,718,481
Mem Energy   (nJ): 40,154,766
Mem Energy   (nJ) 3D: 40,154,766
Avg. Power (mW): 24,403.57
Power Density (mW/mm2): 51.50

---Runtime---
Runtime in K cycles: 2,862.90
Microseconds: 2,862.90
Time per iteration (ms): 2.86

---Inst---
K Loads: 698,682
K Stores: 679,437
K Instructions: 1,278,705

---Throughput---
GOP/s (aka OPS/ns): 446.65
GOP/s per core: 0.44
FLOP/s: 53.86
FLOP/s per core: 0.05
Max Peak FLOP/s: 1,024.00
Avg. BW GB/s: 1,925.49
Max BW GB/s: 4,096.00

---Traffic---
In-Die bisection_bytes BW (GB/s): 512.00
Inter-board traffic (msg/ns): 0.00, per-link: 0.00
Inter-pack traffic (msg/ns): 0.00, per-link: 0.00
Inter-die traffic (msg/ns): 0.00, per-link: 0.00
Ruche traffic (msg/ns): 0.00, per-link: 0.00
All traffic (msg/ns): 1,847.30, per-link: 1.80
Inter-die reduction wrt all: inf
Inter-board reduction wrt inter-die: -nan

---Data Movement---
All traffic (msg): 5,288,628,658
Arith. Intensity FLOP/Loads: 0.22
Arith. Intensity FLOP/Msgs: 0.03
Arith. Intensity OPS/Loads: 1.83
Arith. Intensity OPS/Msgs: 0.24

Simulation time: 175.98
Sim noc_cy/s: 16,268.29
Sim Msg/s: 30,052,369.21

Version 31

