Dataset:  Kron22/
Dry run: 0
Open Edge Count File succesfully
Edges Traversed BFS: 128309848
Found Vertices: 4194304, Edges: 128311436
avg degree 31
Array  Kron22/node_array.bin found
Malloc array of size 16777220 bytes
Readin array of size 16777216 bytes
Finished Reading Array Bytes
No reordering Array 32bit
Array  Kron22/edge_array.bin found
Malloc array of size 513245744 bytes
Readin array of size 513245744 bytes
Finished Reading Array Bytes
No reordering Array 32bit
Array  Kron22/edge_values.bin found
Malloc array of size 513245744 bytes
Readin array of size 513245744 bytes
Finished Reading Array Bytes
No reordering Array 32bit
Reading graph elapsed time: 0.419813s

Dataset Footprint: 1011 MiB
Dataset Footprint per Board: 8488.88 Mb
Dataset injection time (ms): 1.03624
Max Dataset Footprint: 1026 MiB

Dataset footprint per tile: 4047 KiB
Proxys footprint per tile: 0 KiB
Reserved SRAM per tile: 15 KiB

Ideal SRAM per tile: 4062 KiB
reserved_words_for_dataset:25428
dataset_words_per_tile:1036240
remaining_sram_words:127142
min_dcache_sram_words_required:25870
dataset_words_per_tile:1036240
min_pcache_sram_words_required:0
proxys_words_per_tile:0
Dcache footprint ratio: 9
Dataset Cached: 1
DCache: 125424 words, lines: 7839, sets: 7839
Proxys Cached: 0
Pcache: 0 words, sets: 0
Node per tile: 16,384
Edge per tile: 501,217
GRID_X: 16
GRID_SIZE: 256
smt_per_tile: 1
noc_freq: 1
pu_freq: 1
RUCHE_X: 0
PROXY_W: 16
DIE_W: 16
DIE_H: 16
DIES: 1
BORDER_TILES_PER_DIE: 64
PACK_W: 16
PACK_H: 16
DIES_PACK_FACTOR: 1
DIES_PER_PACK: 1
PACKAGES: 1
BOARD_W: 16
BOARD_H: 16
BOARDS: 1
MUX_BUS: 1
DCACHE: 1
PCACHE: 0
PROXY_FACTOR: 1
CACHE_WAYS: 1
TORUS: 1
PHY_NOCS: 1
WIDE_NOC_ID: 0
NOC_CONF: 1
noc_width: 32
hbm_channel_bit_width: 512
ld_st_op_byte_width: 4
PROXY_ROUTING: 0
WRITE_THROUGH: 1
ASSERT_MODE: 0
GLOBAL_BARRIER: 0
OQ flits: 36 ; 384 ; 2
IQ flits: 288 ; 3,072 ; 2
OQ messages: 12 ; 192 ; 1
IQ messages: 96 ; 1,536 ; 1
max_task2 size: 64
io_factor_t2: 8
io_factor_t3: 8
io_factor_t3b: 8

Active SRAM Storage per tile: 511 KiB
Total SRAM Storage per tile: 512 KiB
Agreggated SRAM Storage: 128 MiB

Active DRAM Storage per tile: 3.95215 MiB
Total DRAM Storage per tile: 32 MiB
Agreggated DRAM Storage: 8 GiB

Inter-Die #links: 512
Inter-Die (Gbits): 16,384
Inter-Die (Gbits/mm): 450.658
Bisection BW of Board (Gbits): 4,096
Border IO #Dies: 4
Border IO Die BW (Gbits): 2,048
Off-Board BW Total (Gbits): 8,192
Off-Board BW Density (Gbits/mm): 124
Die side: 9.09 mm
Die border wire density: 450.66 Gbits/mm
HBM wire density: 450.66 Gbits/mm

Tiles per Die: 256 (16x16)
Tile Area: 0.19 mm2, side: 0.44 mm
- Core/Rout Area: 0.05 mm2
- SRAM Area: 0.14 mm2
- SRAM/Logic Ratio: 2.80x

Dies per Package: 1 (1x1)
Die Area: 82.61 mm2, side: 9.09 mm
- Tiles Area: 49.86 mm2
- PHY Area: 23.74 mm2
- MC Area: 9.00 mm2

Packages per Board: 1 (1x1)
Package Area: 272.61 mm2, side: 16.51 mm
- IOdie Area: 80.00 mm2
- Dies Area: 82.61 mm2
- HBM Area: 110.00 mm2

Boards: 1 (1x1)
Board Area: 272.61 mm2
Total Area: 272.61 mm2



ESTIMATED COST OF SILICON AND PACKAGING. ONLY VARIABLE, NO FIXED COSTS
Good dies per wafer 3d: 410
Good dies per wafer 2d: 667
--Dies 3D Cost: 14.75 $
--Dies 2.5D Cost: 9.07 $
--Dies 2D Cost: 9.07 $
--HBM Cost: 60.00 $
--IOdie Cost: 8.44 $
--Packaging Cost 3d: 3.93 $
--Packaging Cost 2.5d: 5.80 $
--Packaging Cost 2d: 2.63 $
SiP Cost 3d: 87.12 $
SiP Cost 2.5d: 83.30 $
SiP Cost 2d: 20.13 $
--Board Cost: 0.27 $
Total SiPs Cost 3d: 87.39 $
Total SiPs Cost 2.5d: 83.58 $
Total SiPs Cost 2d: 20.40 $

Perf counters initialized
Mesh connected
Cache structures initialized
Replicas initialized
Allocated Frontier List
Dataset structures initialized


Starting Simulation
INIT epoch: 1
##EPOCH## 1 COMPLETED at Time (K cy): 9,584
Nodes processed until now: 11,444,112
Edges processed until now: 313,015,486
Epoch Done Router: 0
Program Done Router Thread: 0
Program Done Worker Thread: 0

===PRINTING ACUM STATS at pu_cycles: 9,584,530

ACollision In Avg:30, SD:10, Max:85, Min:17
ACollision Out Avg:21, SD:11, Max:61, Min:9
ACollision End Avg:13, SD:11, Max:52, Min:3
ATask1 Avg:8, SD:1, Max:9, Min:6
ATask2 Avg:35, SD:3, Max:42, Min:25
ATask3 Avg:45, SD:4, Max:56, Min:38
ACore Active Avg:91, SD:3, Max:97, Min:77
ARouter Active Avg:74, SD:2, Max:78, Min:69
T1 invocations: 5,999,554
T2 invocations: 9,526,855
T3 invocations: 313,015,486
T3b invocations: 0
Total3 invocations: 313,015,486
Total4 invocations: 191,483

T3/T2 ratio: 33
T3b/T3 ratio: 0

T1 avg ex cycles: 31
T2 avg ex cycles: 91
T3&b avg ex cycles: 4
T4 avg ex cycles: 271
Avg. hops NOC1: 1
Avg. latency NOC1 (T2): 5,753
Avg. hops NOC2: 9
Avg. latency NOC2 (T3): 5,348

Runtime at program end in K cycles: 9,584
Runtime before cooldown in K cycles: 9,584


Number of K Nodes Processed: 11,444
Number of K Edges Processed: 313,015
Node Re-explore factor: 2.73
Edge Re-explore factor: 2.44
Nodes/cy: 1
Edges/cy: 33
TEPS: 13

---DCache---
DCache Size: 125,424
DRAM words: 1,036,240
  DHits: 921,298,278
  DMisses: 48,458,599
  DHit Rate (hit/miss): 95%
  DEvictions: 46,451,815
  DEviction Rate (evict/misses): 96%
  MC Transactions: 54,656,244
  MC Writes: 6,197,645
Avg. Transactions: 71% , Writes: 8%, Avg. Latency: 4
Max MC id: 6 of 8. Transactions: 74% , Writes: 10%, MC mean Latency: 4
HBM refresh energy (nJ): 218
HBM access energy (nJ): 103,540,788
MemC wire energy 2.5d (nJ): 25,410,583
MemC wire energy 3d (nJ): 6,352,646

---Energy---
Leakage Energy (nJ): 859,881
PU Dyn E (nJ): 20,498,243
Mem Dyn E (nJ): 210,589,901
Route Dyn E (nJ): 16,151,738
Dynamic Energy (nJ): 247,239,882
Ratio of Dyn/Leak: 288
Total Energy (nJ): 248,099,763
Total Energy (nJ) 3D: 240,478,430
Cores Energy (nJ): 20,504,912
Route Energy (nJ): 16,221,319
Route Energy (nJ) 3D: 27,657,924
Mem Energy   (nJ): 211,373,532
Mem Energy   (nJ) 3D: 192,315,595
Avg. Power (mW): 25,885.44
Power Density (mW/mm2): 94.95

---Runtime---
Runtime in K cycles: 9,584.53
Microseconds: 9,584.53
Time per iteration (ms): 9.58

---Inst---
K Loads: 1,666,164
K Stores: 1,357,122
K Instructions: 1,994,729

---Throughput---
GOP/s (aka OPS/ns): 208.12
GOP/s per core: 0.81
FLOP/s: 65.32
FLOP/s per core: 0.26
Max Peak FLOP/s: 256.00
Avg. BW GB/s: 1,261.74
Max BW GB/s: 1,024.00

---Traffic---
In-Die bisection_bytes BW (GB/s): 256.00
Inter-board traffic (msg/ns): 0.00, per-link: 0.00
Inter-pack traffic (msg/ns): 0.00, per-link: 0.00
Inter-die traffic (msg/ns): 0.00, per-link: 0.00
Ruche traffic (msg/ns): 0.00, per-link: 0.00
All traffic (msg/ns): 689.01, per-link: 2.69
Inter-die reduction wrt all: inf
Inter-board reduction wrt inter-die: -nan

---Data Movement---
All traffic (msg): 6,603,866,443
Arith. Intensity FLOP/Loads: 0.38
Arith. Intensity FLOP/Msgs: 0.09
Arith. Intensity OPS/Loads: 1.20
Arith. Intensity OPS/Msgs: 0.30

Simulation time: 943.63
Sim noc_cy/s: 10,157.07
Sim Msg/s: 6,998,355.57

Version 31

