Dataset:  Kron22/
Dry run: 0
Open Edge Count File succesfully
Edges Traversed BFS: 128309848
Found Vertices: 4194304, Edges: 128311436
avg degree 31
Array  Kron22/node_array.bin found
Malloc array of size 16777220 bytes
Readin array of size 16777216 bytes
Finished Reading Array Bytes
No reordering Array 32bit
Array  Kron22/edge_array.bin found
Malloc array of size 513245744 bytes
Readin array of size 513245744 bytes
Finished Reading Array Bytes
No reordering Array 32bit
Array  Kron22/edge_values.bin found
Malloc array of size 513245744 bytes
Readin array of size 513245744 bytes
Finished Reading Array Bytes
No reordering Array 32bit
Reading graph elapsed time: 1.47062s

Dataset Footprint: 522 MiB
Dataset Footprint per Board: 4385.14 Mb
Dataset injection time (ms): 0.133824
Max Dataset Footprint: 1026 MiB

Dataset footprint per tile: 130 KiB
Proxys footprint per tile: 0 KiB
Reserved SRAM per tile: 15 KiB

Ideal SRAM per tile: 145 KiB
reserved_words_for_dataset:25428
dataset_words_per_tile:33456
remaining_sram_words:127142
min_dcache_sram_words_required:33456
dataset_words_per_tile:33456
min_pcache_sram_words_required:0
proxys_words_per_tile:0
Dcache footprint ratio: 1
Dataset Cached: 0
DCache: 33456 words, lines: 2091, sets: 2091
Proxys Cached: 0
Pcache: 0 words, sets: 0
Node per tile: 1,024
Edge per tile: 31,327
GRID_X: 64
GRID_SIZE: 4,096
smt_per_tile: 1
noc_freq: 1
pu_freq: 1
RUCHE_X: 0
PROXY_W: 64
DIE_W: 64
DIE_H: 64
DIES: 1
BORDER_TILES_PER_DIE: 256
PACK_W: 64
PACK_H: 64
DIES_PACK_FACTOR: 1
DIES_PER_PACK: 1
PACKAGES: 1
BOARD_W: 64
BOARD_H: 64
BOARDS: 1
MUX_BUS: 1
DCACHE: 1
PCACHE: 0
PROXY_FACTOR: 1
CACHE_WAYS: 1
TORUS: 1
PHY_NOCS: 1
WIDE_NOC_ID: 0
NOC_CONF: 1
noc_width: 32
hbm_channel_bit_width: 512
ld_st_op_byte_width: 4
PROXY_ROUTING: 0
WRITE_THROUGH: 1
ASSERT_MODE: 0
GLOBAL_BARRIER: 0
OQ flits: 36 ; 384 ; 2
IQ flits: 288 ; 3,072 ; 2
OQ messages: 12 ; 192 ; 1
IQ messages: 96 ; 1,536 ; 1
max_task2 size: 64
io_factor_t2: 8
io_factor_t3: 8
io_factor_t3b: 8

Active SRAM Storage per tile: 146 KiB
Total SRAM Storage per tile: 512 KiB
Agreggated SRAM Storage: 2,048 MiB

Active DRAM Storage per tile: 0 MiB
Total DRAM Storage per tile: 2 MiB
Agreggated DRAM Storage: 8 GiB

Inter-Die #links: 2,048
Inter-Die (Gbits): 65,536
Inter-Die (Gbits/mm): 545.588
Bisection BW of Board (Gbits): 16,384
Border IO #Dies: 4
Border IO Die BW (Gbits): 8,192
Off-Board BW Total (Gbits): 32,768
Off-Board BW Density (Gbits/mm): 247
Die side: 30.03 mm
Die border wire density: 545.59 Gbits/mm
HBM wire density: 136.40 Gbits/mm

Tiles per Die: 4,096 (64x64)
Tile Area: 0.19 mm2, side: 0.44 mm
- Core/Rout Area: 0.05 mm2
- SRAM Area: 0.14 mm2
- SRAM/Logic Ratio: 2.80x

Dies per Package: 1 (1x1)
Die Area: 901.80 mm2, side: 30.03 mm
- Tiles Area: 797.82 mm2
- PHY Area: 94.98 mm2
- MC Area: 9.00 mm2

Packages per Board: 1 (1x1)
Package Area: 1,091.80 mm2, side: 33.04 mm
- IOdie Area: 80.00 mm2
- Dies Area: 901.80 mm2
- HBM Area: 110.00 mm2

Boards: 1 (1x1)
Board Area: 1,091.80 mm2
Total Area: 1,091.80 mm2



ESTIMATED COST OF SILICON AND PACKAGING. ONLY VARIABLE, NO FIXED COSTS
Good dies per wafer 3d: 34
Good dies per wafer 2d: 41
--Dies 3D Cost: 177.85 $
--Dies 2.5D Cost: 147.49 $
--Dies 2D Cost: 147.49 $
--HBM Cost: 60.00 $
--IOdie Cost: 8.44 $
--Packaging Cost 3d: 35.32 $
--Packaging Cost 2.5d: 75.01 $
--Packaging Cost 2d: 23.39 $
SiP Cost 3d: 281.61 $
SiP Cost 2.5d: 290.94 $
SiP Cost 2d: 179.32 $
--Board Cost: 1.09 $
Total SiPs Cost 3d: 282.70 $
Total SiPs Cost 2.5d: 292.03 $
Total SiPs Cost 2d: 180.41 $

Perf counters initialized
Mesh connected
Cache structures initialized
Replicas initialized
Allocated Frontier List
Dataset structures initialized


Starting Simulation
INIT epoch: 1
INIT epoch: 1
INIT epoch: 1
INIT epoch: 1
INIT epoch: 1
INIT epoch: 1
INIT epoch: 1
INIT epoch: 1
INIT epoch: 1
INIT epoch: 1
INIT epoch: 1
INIT epoch: 1
INIT epoch: 1
INIT epoch: 1
INIT epoch: 1
INIT epoch: 1
Epoch Done Router: 4
Epoch Done Router: 2
Epoch Done Router: 9
Epoch Done Router: 0
Epoch Done Router: 3
Epoch Done Router: 1
Epoch Done Router: 13
Epoch Done Router: 8
Epoch Done Router: 5
Epoch Done Router: 14
Epoch Done Router: 11
Epoch Done Router: 7
Epoch Done Router: 15
Epoch Done Router: 10
Epoch Done Router: 12
Epoch Done Router: 6
##EPOCH## 1 COMPLETED at Time (K cy): 1,006
Nodes processed until now: 3,908,860
Edges processed until now: 153,823,375
Program Done Worker Thread: 14
Program Done Worker Thread: 13
Program Done Worker Thread: 15
Program Done Router Thread: 14
Program Done Worker Thread: 7
Program Done Worker Thread: 0
Program Done Router Thread: 10
Program Done Worker Thread: 1
Program Done Worker Thread: 11
Program Done Router Thread: 15
Program Done Worker Thread: 8
Program Done Worker Thread: 5
Program Done Router Thread: 12
Program Done Worker Thread: 9
Program Done Worker Thread: 10
Program Done Router Thread: 3
Program Done Router Thread: 4
Program Done Router Thread: 9
Program Done Worker Thread: 4
Program Done Router Thread: 1
Program Done Router Thread: 13
Program Done Router Thread: 7
Program Done Router Thread: 11
Program Done Router Thread: 0
Program Done Router Thread: 2
Program Done Router Thread: 8
Program Done Router Thread: 5
Program Done Router Thread: 6
Program Done Worker Thread: 6
Program Done Worker Thread: 3
Program Done Worker Thread: 12
Program Done Worker Thread: 2

===PRINTING ACUM STATS at pu_cycles: 1,006,853

ACollision In Avg:67, SD:18, Max:149, Min:19
ACollision Out Avg:84, SD:22, Max:151, Min:21
ACollision End Avg:11, SD:10, Max:72, Min:0
ATask1 Avg:2, SD:0, Max:8, Min:2
ATask2 Avg:5, SD:1, Max:7, Min:3
ATask3 Avg:12, SD:4, Max:64, Min:6
ACore Active Avg:20, SD:4, Max:77, Min:13
ARouter Active Avg:68, SD:2, Max:74, Min:64
T1 invocations: 2,961,041
T2 invocations: 4,654,869
T3 invocations: 153,823,375
T3b invocations: 0
Total3 invocations: 153,823,375
Total4 invocations: 238,815

T3/T2 ratio: 33
T3b/T3 ratio: 0

T1 avg ex cycles: 31
T2 avg ex cycles: 40
T3&b avg ex cycles: 3
T4 avg ex cycles: 111
Avg. hops NOC1: 7
Avg. latency NOC1 (T2): 21,096
Avg. hops NOC2: 33
Avg. latency NOC2 (T3): 1,334

Runtime at program end in K cycles: 1,006
Runtime before cooldown in K cycles: 1,006


Number of K Nodes Processed: 3,908
Number of K Edges Processed: 153,823
Node Re-explore factor: 0.93
Edge Re-explore factor: 1.20
Nodes/cy: 4
Edges/cy: 153
TEPS: 127

---DCache---
DCache Size: 33,456
DRAM words: 0
  DHits: 0
  DMisses: 0

---Energy---
Leakage Energy (nJ): 401,395
PU Dyn E (nJ): 9,283,664
Mem Dyn E (nJ): 27,509,004
Route Dyn E (nJ): 31,952,560
Dynamic Energy (nJ): 68,745,228
Ratio of Dyn/Leak: 171
Total Energy (nJ): 69,146,623
Total Energy (nJ) 3D: 74,802,807
Cores Energy (nJ): 9,294,872
Route Energy (nJ): 31,966,427
Route Energy (nJ) 3D: 37,622,611
Mem Energy   (nJ): 27,885,325
Mem Energy   (nJ) 3D: 27,885,325
Avg. Power (mW): 68,675.99
Power Density (mW/mm2): 62.90

---Runtime---
Runtime in K cycles: 1,006.85
Microseconds: 1,006.85
Time per iteration (ms): 1.01

---Inst---
K Loads: 658,986
K Stores: 660,525
K Instructions: 806,945

---Throughput---
GOP/s (aka OPS/ns): 801.45
GOP/s per core: 0.20
GFLOP/s: 305.55
GFLOP/s per core: 0.07
Max Peak GFLOP/s: 4,096.00
Avg. BW GB/s: 5,242.12
Max BW GB/s: 16,384.00

---Traffic---
In-Die bisection_bytes BW (GB/s): 1,024.00
Inter-board traffic (msg/ns): 0.00, per-link: 0.00
Inter-pack traffic (msg/ns): 0.00, per-link: 0.00
Inter-die traffic (msg/ns): 0.00, per-link: 0.00
Ruche traffic (msg/ns): 0.00, per-link: 0.00
All traffic (msg/ns): 10,182.96, per-link: 2.49
Inter-die reduction wrt all: inf
Inter-board reduction wrt inter-die: -nan

---Data Movement---
All traffic (msg): 10,252,741,328
Arith. Intensity FLOP/Loads: 0.47
Arith. Intensity FLOP/Msgs: 0.03
Arith. Intensity OPS/Loads: 1.22
Arith. Intensity OPS/Msgs: 0.08

Simulation time: 203.68
Sim time / DUT time: 49.39
Sim noc_cy/s: 4,943.40
Sim Msg/s: 50,338,443.37

Version 31

