Dataset:  fft1/
Dry run: 0
Dataset Footprint: 0 MiB
Dataset Footprint per Board: 2.097 Mb
Dataset injection time (ms): 0.000255981
Max Dataset Footprint: 0 MiB

Dataset footprint per tile: 0 KiB
Proxys footprint per tile: 0 KiB
Reserved SRAM per tile: 1 KiB

Ideal SRAM per tile: 1 KiB
reserved_words_for_dataset:2396
dataset_words_per_tile:64
remaining_sram_words:11982
min_dcache_sram_words_required:64
dataset_words_per_tile:64
min_pcache_sram_words_required:0
proxys_words_per_tile:0
Dcache footprint ratio: 1
Dataset Cached: 0
DCache: 64 words, lines: 4, sets: 4
Proxys Cached: 0
Pcache: 0 words, sets: 0
GRID_X: 32
GRID_SIZE: 1,024
smt_per_tile: 1
noc_freq: 1
pu_freq: 1
RUCHE_X: 0
PROXY_W: 32
DIE_W: 32
DIE_H: 32
DIES: 1
BORDER_TILES_PER_DIE: 128
PACK_W: 32
PACK_H: 32
DIES_PACK_FACTOR: 1
DIES_PER_PACK: 1
PACKAGES: 1
BOARD_W: 32
BOARD_H: 32
BOARDS: 1
MUX_BUS: 1
DCACHE: 0
PCACHE: 0
PROXY_FACTOR: 1
CACHE_WAYS: 1
TORUS: 0
PHY_NOCS: 1
WIDE_NOC_ID: 99
NOC_CONF: 0
noc_width: 32
hbm_channel_bit_width: 512
ld_st_op_byte_width: 4
PROXY_ROUTING: 0
WRITE_THROUGH: 1
ASSERT_MODE: 0
GLOBAL_BARRIER: 0
OQ flits: 6 ; 16 ; 6
IQ flits: 6 ; 128 ; 6
OQ messages: 2 ; 8 ; 3
IQ messages: 2 ; 64 ; 3
max_task2 size: 4
io_factor_t2: 8
io_factor_t3: 8
io_factor_t3b: 8

Active SRAM Storage per tile: 1 KiB
Total SRAM Storage per tile: 48 KiB
Agreggated SRAM Storage: 48 MiB

Inter-Die #links: 768
Inter-Die (Gbits): 24,576
Inter-Die (Gbits/mm): 626.249
Bisection BW of Board (Gbits): 6,144
Border IO #Dies: 4
Border IO Die BW (Gbits): 2,048
Off-Board BW Total (Gbits): 8,192
Off-Board BW Density (Gbits/mm): 154
Die side: 9.81 mm
Die border wire density: 626.25 Gbits/mm
HBM wire density: 417.50 Gbits/mm

Tiles per Die: 1,024 (32x32)
Tile Area: 0.06 mm2, side: 0.24 mm
- Core/Rout Area: 0.05 mm2
- SRAM Area: 0.01 mm2
- SRAM/Logic Ratio: 0.29x

Dies per Package: 1 (1x1)
Die Area: 96.25 mm2, side: 9.81 mm
- Tiles Area: 60.63 mm2
- PHY Area: 35.62 mm2
- MC Area: 0.00 mm2

Packages per Board: 1 (1x1)
Package Area: 176.25 mm2, side: 13.28 mm
- IOdie Area: 80.00 mm2
- Dies Area: 96.25 mm2
- HBM Area: 0.00 mm2

Boards: 1 (1x1)
Board Area: 176.25 mm2
Total Area: 176.25 mm2



ESTIMATED COST OF SILICON AND PACKAGING. ONLY VARIABLE, NO FIXED COSTS
Good dies per wafer 3d: 355
Good dies per wafer 2d: 564
--Dies 3D Cost: 17.03 $
--Dies 2.5D Cost: 10.72 $
--Dies 2D Cost: 10.72 $
--HBM Cost: 60.00 $
--IOdie Cost: 8.44 $
--Packaging Cost 3d: 4.36 $
--Packaging Cost 2.5d: 6.63 $
--Packaging Cost 2d: 2.87 $
SiP Cost 3d: 89.83 $
SiP Cost 2.5d: 85.79 $
SiP Cost 2d: 22.04 $
--Board Cost: 0.18 $
Total SiPs Cost 3d: 90.01 $
Total SiPs Cost 2.5d: 85.96 $
Total SiPs Cost 2d: 22.21 $

Perf counters initialized
Mesh connected
Cache structures initialized
Dataset structures initialized


Starting Simulation
INIT epoch: 1
INIT epoch: 1
INIT epoch: 1
INIT epoch: 1
INIT epoch: 1
INIT epoch: 1
INIT epoch: 1
INIT epoch: 1
INIT epoch: 1
INIT epoch: 1
INIT epoch: 1
INIT epoch: 1
INIT epoch: 1
INIT epoch: 1
INIT epoch: 1
INIT epoch: 1
Epoch Done Router: 1
Epoch Done Router: 2
Epoch Done Router: 15
Epoch Done Router: 3
Epoch Done Router: 6
Epoch Done Router: 0
Epoch Done Router: 12
Epoch Done Router: 9
Epoch Done Router: 4
Epoch Done Router: 5
Epoch Done Router: 7
Epoch Done Router: 10
Epoch Done Router: 14
Epoch Done Router: 8
Epoch Done Router: 11
Epoch Done Router: 13
##EPOCH## 1 COMPLETED at Time (K cy): 11
Nodes processed until now: 0
Edges processed until now: 0
Program Done Worker Thread: 0
Program Done Router Thread: 4
Program Done Worker Thread: 13
Program Done Worker Thread: 8
Program Done Router Thread: 0
Program Done Router Thread: 12
Program Done Router Thread: 10
Program Done Router Thread: 3
Program Done Worker Thread: 2
Program Done Worker Thread: 3
Program Done Worker Thread: 11
Program Done Worker Thread: 5
Program Done Worker Thread: 4
Program Done Router Thread: 1
Program Done Router Thread: 15
Program Done Router Thread: 2
Program Done Worker Thread: 15
Program Done Worker Thread: 6
Program Done Router Thread: 6
Program Done Worker Thread: 9
Program Done Router Thread: 9
Program Done Router Thread: 7
Program Done Worker Thread: 7
Program Done Router Thread: 11
Program Done Worker Thread: 10
Program Done Router Thread: 14
Program Done Worker Thread: 12
Program Done Worker Thread: 14
Program Done Worker Thread: 1
Program Done Router Thread: 13
Program Done Router Thread: 8
Program Done Router Thread: 5

===PRINTING ACUM STATS at pu_cycles: 11,329

ACollision In Avg:3, SD:1, Max:5, Min:0
ACollision Out Avg:1, SD:1, Max:4, Min:0
ACollision End Avg:0, SD:0, Max:0, Min:0
ATask1 Avg:88, SD:0, Max:88, Min:88
ATask2 Avg:0, SD:0, Max:0, Min:0
ATask3 Avg:7, SD:0, Max:7, Min:7
ACore Active Avg:95, SD:0, Max:95, Min:95
ARouter Active Avg:9, SD:2, Max:12, Min:2
T1 invocations: 12,396
T2 invocations: 0
T3 invocations: 63,488
T3b invocations: 0
Total3 invocations: 63,488
Total4 invocations: 0

T3/T2 ratio: inf
T3b/T3 ratio: 0

T1 avg ex cycles: 820
T2 avg ex cycles: -nan
T3&b avg ex cycles: 13
T4 avg ex cycles: -nan
Avg. hops NOC1: -nan
Avg. latency NOC1 (T2): -nan
Avg. hops NOC2: 12
Avg. latency NOC2 (T3): 234

Runtime at program end in K cycles: 11
Runtime before cooldown in K cycles: 11



---Energy---
Leakage Energy (nJ): 124
PU Dyn E (nJ): 94,909
Mem Dyn E (nJ): 4,125
Route Dyn E (nJ): 1,238
Dynamic Energy (nJ): 100,273
Ratio of Dyn/Leak: 811
Total Energy (nJ): 100,397
Total Energy (nJ) 3D: 101,192
Cores Energy (nJ): 94,941
Route Energy (nJ): 1,324
Route Energy (nJ) 3D: 2,119
Mem Energy   (nJ): 4,132
Mem Energy   (nJ) 3D: 4,132
Avg. Power (mW): 8,861.91
Power Density (mW/mm2): 50.28

---Runtime---
Runtime in K cycles: 11.33
Microseconds: 11.33
Time per iteration (ms): 0.01

---Inst---
K Loads: 253
K Stores: 190
K Instructions: 10,999

---Throughput---
GOP/s (aka OPS/ns): 970.94
GOP/s per core: 0.95
GFLOP/s: 216.93
GFLOP/s per core: 0.21
Max Peak GFLOP/s: 1,024.00
Avg. BW GB/s: 156.91
Max BW GB/s: 4,096.00

---Traffic---
In-Die bisection_bytes BW (GB/s): 128.00
Inter-board traffic (msg/ns): 0.00, per-link: 0.00
Inter-pack traffic (msg/ns): 0.00, per-link: 0.00
Inter-die traffic (msg/ns): 0.00, per-link: 0.00
Ruche traffic (msg/ns): 0.00, per-link: 0.00
All traffic (msg/ns): 134.50, per-link: 0.13
Inter-die reduction wrt all: inf
Inter-board reduction wrt inter-die: -nan

---Data Movement---
All traffic (msg): 1,523,712
Arith. Intensity FLOP/Loads: 9.68
Arith. Intensity FLOP/Msgs: 1.61
Arith. Intensity OPS/Loads: 43.31
Arith. Intensity OPS/Msgs: 7.22

Simulation time: 0.30
Sim time / DUT time: 26.10
Sim noc_cy/s: 37,417.87
Sim Msg/s: 5,032,576.79

Version 31

