Dataset:  Kron22/
Dry run: 0
Open Edge Count File succesfully
Edges Traversed BFS: 128309848
Found Vertices: 4194304, Edges: 128311436
avg degree 31
Array  Kron22/node_array.bin found
Malloc array of size 16777220 bytes
Readin array of size 16777216 bytes
Finished Reading Array Bytes
No reordering Array 32bit
Array  Kron22/edge_array.bin found
Malloc array of size 513245744 bytes
Readin array of size 513245744 bytes
Finished Reading Array Bytes
No reordering Array 32bit
Reading graph elapsed time: 0.213588s

Dataset Footprint: 538 MiB
Dataset Footprint per Board: 4519.36 Mb
Dataset injection time (ms): 0.13792
Max Dataset Footprint: 1026 MiB

Dataset footprint per tile: 134 KiB
Proxys footprint per tile: 0 KiB
Reserved SRAM per tile: 15 KiB

Ideal SRAM per tile: 149 KiB
reserved_words_for_dataset:25428
dataset_words_per_tile:34480
remaining_sram_words:127142
min_dcache_sram_words_required:34480
dataset_words_per_tile:34480
min_pcache_sram_words_required:0
proxys_words_per_tile:0
Dcache footprint ratio: 1
Dataset Cached: 0
DCache: 34480 words, lines: 2155, sets: 2155
Proxys Cached: 0
Pcache: 0 words, sets: 0
Node per tile: 1,024
Edge per tile: 31,327
GRID_X: 64
GRID_SIZE: 4,096
smt_per_tile: 1
noc_freq: 1
pu_freq: 1
RUCHE_X: 0
PROXY_W: 64
DIE_W: 64
DIE_H: 64
DIES: 1
BORDER_TILES_PER_DIE: 256
PACK_W: 64
PACK_H: 64
DIES_PACK_FACTOR: 1
DIES_PER_PACK: 1
PACKAGES: 1
BOARD_W: 64
BOARD_H: 64
BOARDS: 1
MUX_BUS: 1
DCACHE: 1
PCACHE: 0
PROXY_FACTOR: 1
CACHE_WAYS: 1
TORUS: 1
PHY_NOCS: 1
WIDE_NOC_ID: 0
NOC_CONF: 1
noc_width: 32
hbm_channel_bit_width: 512
ld_st_op_byte_width: 4
PROXY_ROUTING: 0
WRITE_THROUGH: 0
ASSERT_MODE: 0
GLOBAL_BARRIER: 1
OQ flits: 36 ; 384 ; 2
IQ flits: 288 ; 3,072 ; 2
OQ messages: 12 ; 192 ; 1
IQ messages: 96 ; 1,536 ; 1
max_task2 size: 64
io_factor_t2: 8
io_factor_t3: 8
io_factor_t3b: 8

Active SRAM Storage per tile: 150 KiB
Total SRAM Storage per tile: 512 KiB
Agreggated SRAM Storage: 2,048 MiB

Active DRAM Storage per tile: 0 MiB
Total DRAM Storage per tile: 2 MiB
Agreggated DRAM Storage: 8 GiB

Inter-Die #links: 2,048
Inter-Die (Gbits): 65,536
Inter-Die (Gbits/mm): 545.588
Bisection BW of Board (Gbits): 16,384
Border IO #Dies: 4
Border IO Die BW (Gbits): 8,192
Off-Board BW Total (Gbits): 32,768
Off-Board BW Density (Gbits/mm): 247
Die side: 30.03 mm
Die border wire density: 545.59 Gbits/mm
HBM wire density: 136.40 Gbits/mm

Tiles per Die: 4,096 (64x64)
Tile Area: 0.19 mm2, side: 0.44 mm
- Core/Rout Area: 0.05 mm2
- SRAM Area: 0.14 mm2
- SRAM/Logic Ratio: 2.80x

Dies per Package: 1 (1x1)
Die Area: 901.80 mm2, side: 30.03 mm
- Tiles Area: 797.82 mm2
- PHY Area: 94.98 mm2
- MC Area: 9.00 mm2

Packages per Board: 1 (1x1)
Package Area: 1,091.80 mm2, side: 33.04 mm
- IOdie Area: 80.00 mm2
- Dies Area: 901.80 mm2
- HBM Area: 110.00 mm2

Boards: 1 (1x1)
Board Area: 1,091.80 mm2
Total Area: 1,091.80 mm2



ESTIMATED COST OF SILICON AND PACKAGING. ONLY VARIABLE, NO FIXED COSTS
Good dies per wafer 3d: 34
Good dies per wafer 2d: 41
--Dies 3D Cost: 177.85 $
--Dies 2.5D Cost: 147.49 $
--Dies 2D Cost: 147.49 $
--HBM Cost: 60.00 $
--IOdie Cost: 8.44 $
--Packaging Cost 3d: 35.32 $
--Packaging Cost 2.5d: 75.01 $
--Packaging Cost 2d: 23.39 $
SiP Cost 3d: 281.61 $
SiP Cost 2.5d: 290.94 $
SiP Cost 2d: 179.32 $
--Board Cost: 1.09 $
Total SiPs Cost 3d: 282.70 $
Total SiPs Cost 2.5d: 292.03 $
Total SiPs Cost 2d: 180.41 $

Perf counters initialized
Mesh connected
Cache structures initialized
Allocated Frontier List
Allocated Proxys
Zeroed Proxys
Initialized Proxys
Dataset structures initialized


Starting Simulation
INIT epoch: 1
##EPOCH## 1 COMPLETED at Time (K cy): 2,668
Nodes processed until now: 63,144,467
Edges processed until now: 128,311,436
Epoch Done Router: 0
INIT epoch: 2
Epoch Done Router: 0
##EPOCH## 2 COMPLETED at Time (K cy): 3,740
Nodes processed until now: 93,825,394
Edges processed until now: 211,621,605
INIT epoch: 3
Epoch Done Router: 0
##EPOCH## 3 COMPLETED at Time (K cy): 4,629
Nodes processed until now: 115,585,110
Edges processed until now: 289,436,125
INIT epoch: 4
##EPOCH## 4 COMPLETED at Time (K cy): 5,253
Nodes processed until now: 123,781,751
Edges processed until now: 350,602,169
Epoch Done Router: 0
INIT epoch: 5
Epoch Done Router: 0
##EPOCH## 5 COMPLETED at Time (K cy): 5,575
Nodes processed until now: 124,773,246
Edges processed until now: 386,726,006
INIT epoch: 6
Epoch Done Router: 0
##EPOCH## 6 COMPLETED at Time (K cy): 5,790
Nodes processed until now: 124,886,042
Edges processed until now: 400,193,832
INIT epoch: 7
Epoch Done Router: 0
##EPOCH## 7 COMPLETED at Time (K cy): 5,956
Nodes processed until now: 124,897,985
Edges processed until now: 405,351,535
INIT epoch: 8
Epoch Done Router: 0
##EPOCH## 8 COMPLETED at Time (K cy): 6,145
Nodes processed until now: 124,951,606
Edges processed until now: 413,284,447
INIT epoch: 9
Epoch Done Router: 0
##EPOCH## 9 COMPLETED at Time (K cy): 6,323
Nodes processed until now: 125,034,983
Edges processed until now: 421,898,701
INIT epoch: 10
Epoch Done Router: 0
##EPOCH## 10 COMPLETED at Time (K cy): 6,499
Nodes processed until now: 125,107,440
Edges processed until now: 431,497,497
INIT epoch: 11
Epoch Done Router: 0
##EPOCH## 11 COMPLETED at Time (K cy): 6,660
Nodes processed until now: 125,113,963
Edges processed until now: 437,546,506
INIT epoch: 12
Epoch Done Router: 0
##EPOCH## 12 COMPLETED at Time (K cy): 6,724
Nodes processed until now: 125,114,034
Edges processed until now: 438,027,825
INIT epoch: 13
Epoch Done Router: 0
##EPOCH## 13 COMPLETED at Time (K cy): 6,745
Nodes processed until now: 125,114,042
Edges processed until now: 438,065,219
Program Done Worker Thread: 0
Program Done Router Thread: 0

===PRINTING ACUM STATS at pu_cycles: 6,745,713

ACollision In Avg:67, SD:25, Max:158, Min:10
ACollision Out Avg:77, SD:25, Max:147, Min:14
ACollision End Avg:7, SD:10, Max:72, Min:0
ATask1 Avg:1, SD:0, Max:5, Min:0
ATask2 Avg:2, SD:1, Max:6, Min:1
ATask3 Avg:11, SD:5, Max:71, Min:3
ACore Active Avg:13, SD:6, Max:79, Min:5
ARouter Active Avg:39, SD:1, Max:46, Min:35
T1 invocations: 5,230,341
T2 invocations: 8,911,863
T3 invocations: 438,065,219
T3b invocations: 0
Total3 invocations: 438,065,219
Total4 invocations: 28,028

T3/T2 ratio: 49
T3b/T3 ratio: 0

T1 avg ex cycles: 32
T2 avg ex cycles: 56
T3&b avg ex cycles: 7
T4 avg ex cycles: 102
Avg. hops NOC1: 7
Avg. latency NOC1 (T2): 69,748
Avg. hops NOC2: 33
Avg. latency NOC2 (T3): 2,618

Runtime at program end in K cycles: 6,745
Runtime before cooldown in K cycles: 6,745


Number of K Nodes Processed: 125,114
Number of K Edges Processed: 438,065
Node Re-explore factor: 29.83
Edge Re-explore factor: 3.41
Nodes/cy: 19
Edges/cy: 65
TEPS: 19

---DCache---
DCache Size: 34,480
DRAM words: 0
  DHits: 0
  DMisses: 0

---Energy---
Leakage Energy (nJ): 2,758,344
PU Dyn E (nJ): 23,717,668
Mem Dyn E (nJ): 93,705,602
Route Dyn E (nJ): 90,740,301
Dynamic Energy (nJ): 208,163,572
Ratio of Dyn/Leak: 75
Total Energy (nJ): 210,921,916
Total Energy (nJ) 3D: 226,984,599
Cores Energy (nJ): 23,792,760
Route Energy (nJ): 90,833,201
Route Energy (nJ) 3D: 106,895,883
Mem Energy   (nJ): 96,295,956
Mem Energy   (nJ) 3D: 96,295,956
Avg. Power (mW): 31,267.55
Power Density (mW/mm2): 28.64

---Runtime---
Runtime in K cycles: 6,745.71
Microseconds: 6,745.71
Time per iteration (ms): 6.75

---Inst---
K Loads: 2,306,986
K Stores: 2,194,803
K Instructions: 3,421,874

---Throughput---
GOP/s (aka OPS/ns): 507.27
GOP/s per core: 0.12
GFLOP/s: 66.10
GFLOP/s per core: 0.02
Max Peak GFLOP/s: 4,096.00
Avg. BW GB/s: 2,669.42
Max BW GB/s: 16,384.00

---Traffic---
In-Die bisection_bytes BW (GB/s): 1,024.00
Inter-board traffic (msg/ns): 0.00, per-link: 0.00
Inter-pack traffic (msg/ns): 0.00, per-link: 0.00
Inter-die traffic (msg/ns): 0.00, per-link: 0.00
Ruche traffic (msg/ns): 0.00, per-link: 0.00
All traffic (msg/ns): 4,314.70, per-link: 1.05
Inter-die reduction wrt all: inf
Inter-board reduction wrt inter-die: -nan

---Data Movement---
All traffic (msg): 29,105,730,242
Arith. Intensity FLOP/Loads: 0.19
Arith. Intensity FLOP/Msgs: 0.02
Arith. Intensity OPS/Loads: 1.48
Arith. Intensity OPS/Msgs: 0.12

Simulation time: 16,356.14
Sim time / DUT time: 591.96
Sim noc_cy/s: 412.43
Sim Msg/s: 1,779,498.21

Version 31

