Dataset:  Kron22/
Dry run: 0
Open Edge Count File succesfully
Edges Traversed BFS: 128309848
Found Vertices: 4194304, Edges: 128311436
avg degree 31
Array  Kron22/node_array.bin found
Malloc array of size 16777220 bytes
Readin array of size 16777216 bytes
Finished Reading Array Bytes
No reordering Array 32bit
Array  Kron22/edge_array.bin found
Malloc array of size 513245744 bytes
Readin array of size 513245744 bytes
Finished Reading Array Bytes
No reordering Array 32bit
Reading graph elapsed time: 0.159224s

Dataset Footprint: 538 MiB
Dataset Footprint per Board: 4519.36 Mb
Dataset injection time (ms): 0.13792
Max Dataset Footprint: 1026 MiB

Dataset footprint per tile: 134 KiB
Proxys footprint per tile: 0 KiB
Reserved SRAM per tile: 15 KiB

Ideal SRAM per tile: 149 KiB
reserved_words_for_dataset:25428
dataset_words_per_tile:34480
remaining_sram_words:127142
min_dcache_sram_words_required:34480
dataset_words_per_tile:34480
min_pcache_sram_words_required:0
proxys_words_per_tile:0
Dcache footprint ratio: 1
Dataset Cached: 0
DCache: 34480 words, lines: 2155, sets: 2155
Proxys Cached: 0
Pcache: 0 words, sets: 0
Node per tile: 1,024
Edge per tile: 31,327
GRID_X: 64
GRID_SIZE: 4,096
smt_per_tile: 1
noc_freq: 1
pu_freq: 1
RUCHE_X: 0
PROXY_W: 64
DIE_W: 64
DIE_H: 64
DIES: 1
BORDER_TILES_PER_DIE: 256
PACK_W: 64
PACK_H: 64
DIES_PACK_FACTOR: 1
DIES_PER_PACK: 1
PACKAGES: 1
BOARD_W: 64
BOARD_H: 64
BOARDS: 1
MUX_BUS: 1
DCACHE: 1
PCACHE: 0
PROXY_FACTOR: 1
CACHE_WAYS: 1
TORUS: 1
PHY_NOCS: 1
WIDE_NOC_ID: 0
NOC_CONF: 1
noc_width: 32
hbm_channel_bit_width: 512
ld_st_op_byte_width: 4
PROXY_ROUTING: 0
WRITE_THROUGH: 0
ASSERT_MODE: 0
GLOBAL_BARRIER: 1
OQ flits: 36 ; 384 ; 2
IQ flits: 288 ; 3,072 ; 2
OQ messages: 12 ; 192 ; 1
IQ messages: 96 ; 1,536 ; 1
max_task2 size: 64
io_factor_t2: 8
io_factor_t3: 8
io_factor_t3b: 8

Active SRAM Storage per tile: 150 KiB
Total SRAM Storage per tile: 512 KiB
Agreggated SRAM Storage: 2,048 MiB

Active DRAM Storage per tile: 0 MiB
Total DRAM Storage per tile: 2 MiB
Agreggated DRAM Storage: 8 GiB

Inter-Die #links: 2,048
Inter-Die (Gbits): 65,536
Inter-Die (Gbits/mm): 545.588
Bisection BW of Board (Gbits): 16,384
Border IO #Dies: 4
Border IO Die BW (Gbits): 8,192
Off-Board BW Total (Gbits): 32,768
Off-Board BW Density (Gbits/mm): 247
Die side: 30.03 mm
Die border wire density: 545.59 Gbits/mm
HBM wire density: 136.40 Gbits/mm

Tiles per Die: 4,096 (64x64)
Tile Area: 0.19 mm2, side: 0.44 mm
- Core/Rout Area: 0.05 mm2
- SRAM Area: 0.14 mm2
- SRAM/Logic Ratio: 2.80x

Dies per Package: 1 (1x1)
Die Area: 901.80 mm2, side: 30.03 mm
- Tiles Area: 797.82 mm2
- PHY Area: 94.98 mm2
- MC Area: 9.00 mm2

Packages per Board: 1 (1x1)
Package Area: 1,091.80 mm2, side: 33.04 mm
- IOdie Area: 80.00 mm2
- Dies Area: 901.80 mm2
- HBM Area: 110.00 mm2

Boards: 1 (1x1)
Board Area: 1,091.80 mm2
Total Area: 1,091.80 mm2



ESTIMATED COST OF SILICON AND PACKAGING. ONLY VARIABLE, NO FIXED COSTS
Good dies per wafer 3d: 34
Good dies per wafer 2d: 41
--Dies 3D Cost: 177.85 $
--Dies 2.5D Cost: 147.49 $
--Dies 2D Cost: 147.49 $
--HBM Cost: 60.00 $
--IOdie Cost: 8.44 $
--Packaging Cost 3d: 35.32 $
--Packaging Cost 2.5d: 75.01 $
--Packaging Cost 2d: 23.39 $
SiP Cost 3d: 281.61 $
SiP Cost 2.5d: 290.94 $
SiP Cost 2d: 179.32 $
--Board Cost: 1.09 $
Total SiPs Cost 3d: 282.70 $
Total SiPs Cost 2.5d: 292.03 $
Total SiPs Cost 2d: 180.41 $

Perf counters initialized
Mesh connected
Cache structures initialized
Allocated Frontier List
Allocated Proxys
Zeroed Proxys
Initialized Proxys
Dataset structures initialized


Starting Simulation
INIT epoch: 1
INIT epoch: 1
INIT epoch: 1
INIT epoch: 1
INIT epoch: 1
INIT epoch: 1
INIT epoch: 1
INIT epoch: 1
INIT epoch: 1
INIT epoch: 1
INIT epoch: 1
INIT epoch: 1
INIT epoch: 1
INIT epoch: 1
INIT epoch: 1
INIT epoch: 1
Epoch Done Router: 10
Epoch Done Router: 13
Epoch Done Router: 14
Epoch Done Router: 15
Epoch Done Router: 11
Epoch Done Router: 12
Epoch Done Router: 5
Epoch Done Router: 7
Epoch Done Router: 1
Epoch Done Router: 9
Epoch Done Router: 8
Epoch Done Router: 2
Epoch Done Router: 0
Epoch Done Router: 6
Epoch Done Router: 3
Epoch Done Router: 4
##EPOCH## 1 COMPLETED at Time (K cy): 2,690
Nodes processed until now: 63,124,326
Edges processed until now: 128,311,436
INIT epoch: 2
INIT epoch: 2
INIT epoch: 2
INIT epoch: 2
INIT epoch: 2
INIT epoch: 2
INIT epoch: 2
INIT epoch: 2
INIT epoch: 2
INIT epoch: 2
INIT epoch: 2
INIT epoch: 2
INIT epoch: 2
INIT epoch: 2
INIT epoch: 2
INIT epoch: 2
Epoch Done Router: 3
Epoch Done Router: 1
Epoch Done Router: 0
Epoch Done Router: 13
Epoch Done Router: 9
Epoch Done Router: 6
Epoch Done Router: 7
Epoch Done Router: 5
##EPOCH## 2 COMPLETED at Time (K cy): 3,725
Nodes processed until now: 93,720,594
Edges processed until now: 211,638,223
Epoch Done Router: 15
Epoch Done Router: 14
Epoch Done Router: 11
Epoch Done Router: 2
Epoch Done Router: 4
Epoch Done Router: 8
Epoch Done Router: 12
Epoch Done Router: 10
INIT epoch: 3
INIT epoch: 3
INIT epoch: 3
INIT epoch: 3
INIT epoch: 3
INIT epoch: 3
INIT epoch: 3
INIT epoch: 3
INIT epoch: 3
INIT epoch: 3
INIT epoch: 3
INIT epoch: 3
INIT epoch: 3
INIT epoch: 3
INIT epoch: 3
INIT epoch: 3
Epoch Done Router: 13
Epoch Done Router: 9
Epoch Done Router: 5
Epoch Done Router: 12
Epoch Done Router: 11
Epoch Done Router: 0
Epoch Done Router: 6
Epoch Done Router: 1
Epoch Done Router: 10
Epoch Done Router: 14
Epoch Done Router: 15
Epoch Done Router: 2
Epoch Done Router: 4
Epoch Done Router: 7
Epoch Done Router: 3
Epoch Done Router: 8
##EPOCH## 3 COMPLETED at Time (K cy): 4,626
Nodes processed until now: 115,535,261
Edges processed until now: 289,382,871
INIT epoch: 4
INIT epoch: 4
INIT epoch: 4
INIT epoch: 4
INIT epoch: 4
INIT epoch: 4
INIT epoch: 4
INIT epoch: 4
INIT epoch: 4
INIT epoch: 4
INIT epoch: 4
INIT epoch: 4
INIT epoch: 4
INIT epoch: 4
INIT epoch: 4
INIT epoch: 4
Epoch Done Router: 5
Epoch Done Router: 13
Epoch Done Router: 12
Epoch Done Router: 0
Epoch Done Router: 10
Epoch Done Router: 6
Epoch Done Router: 7
Epoch Done Router: 3
Epoch Done Router: 11
Epoch Done Router: 8
Epoch Done Router: 1
Epoch Done Router: 2
Epoch Done Router: 4
Epoch Done Router: 14
Epoch Done Router: 15
Epoch Done Router: 9
##EPOCH## 4 COMPLETED at Time (K cy): 5,263
Nodes processed until now: 123,707,173
Edges processed until now: 350,551,102
INIT epoch: 5
INIT epoch: 5
INIT epoch: 5
INIT epoch: 5
INIT epoch: 5
INIT epoch: 5
INIT epoch: 5
INIT epoch: 5
INIT epoch: 5
INIT epoch: 5
INIT epoch: 5
INIT epoch: 5
INIT epoch: 5
INIT epoch: 5
INIT epoch: 5
INIT epoch: 5
Epoch Done Router: 6
Epoch Done Router: 3
Epoch Done Router: 2
Epoch Done Router: 4
Epoch Done Router: 5
Epoch Done Router: 14
Epoch Done Router: 15
Epoch Done Router: 13
Epoch Done Router: 11
Epoch Done Router: 12
Epoch Done Router: 0
##EPOCH## 5 COMPLETED at Time (K cy): 5,587
Nodes processed until now: 124,683,640
Edges processed until now: 386,594,612
Epoch Done Router: 8
Epoch Done Router: 1
Epoch Done Router: 7
Epoch Done Router: 10
Epoch Done Router: 9
INIT epoch: 6
INIT epoch: 6
INIT epoch: 6
INIT epoch: 6
INIT epoch: 6
INIT epoch: 6
INIT epoch: 6
INIT epoch: 6
INIT epoch: 6
INIT epoch: 6
INIT epoch: 6
INIT epoch: 6
INIT epoch: 6
INIT epoch: 6
INIT epoch: 6
INIT epoch: 6
Epoch Done Router: 1
Epoch Done Router: 15
Epoch Done Router: 8
Epoch Done Router: 9
Epoch Done Router: 10
Epoch Done Router: 4
Epoch Done Router: 7
Epoch Done Router: 0
Epoch Done Router: 12
Epoch Done Router: 5
Epoch Done Router: 2
Epoch Done Router: 6
Epoch Done Router: 11
Epoch Done Router: 3
Epoch Done Router: 13
Epoch Done Router: 14
##EPOCH## 6 COMPLETED at Time (K cy): 5,793
Nodes processed until now: 124,809,536
Edges processed until now: 400,076,420
INIT epoch: 7
INIT epoch: 7
INIT epoch: 7
INIT epoch: 7
INIT epoch: 7
INIT epoch: 7
INIT epoch: 7
INIT epoch: 7
INIT epoch: 7
INIT epoch: 7
INIT epoch: 7
INIT epoch: 7
INIT epoch: 7
INIT epoch: 7
INIT epoch: 7
INIT epoch: 7
Epoch Done Router: 4
Epoch Done Router: 9
Epoch Done Router: 10
Epoch Done Router: 6
Epoch Done Router: 11
Epoch Done Router: 8
Epoch Done Router: 1
Epoch Done Router: 5
Epoch Done Router: 0
Epoch Done Router: 13
Epoch Done Router: 7
Epoch Done Router: 3
Epoch Done Router: 12
Epoch Done Router: 15
Epoch Done Router: 14
Epoch Done Router: 2
##EPOCH## 7 COMPLETED at Time (K cy): 5,957
Nodes processed until now: 124,826,138
Edges processed until now: 405,680,186
INIT epoch: 8
INIT epoch: 8
INIT epoch: 8
INIT epoch: 8
INIT epoch: 8
INIT epoch: 8
INIT epoch: 8
INIT epoch: 8
INIT epoch: 8
INIT epoch: 8
INIT epoch: 8
INIT epoch: 8
INIT epoch: 8
INIT epoch: 8
INIT epoch: 8
INIT epoch: 8
Epoch Done Router: 8
Epoch Done Router: 1
Epoch Done Router: 6
Epoch Done Router: 2
Epoch Done Router: 0
Epoch Done Router: 12
Epoch Done Router: 10
Epoch Done Router: 15
Epoch Done Router: 5
Epoch Done Router: 7
Epoch Done Router: 13
Epoch Done Router: 11
Epoch Done Router: 14
Epoch Done Router: 3
Epoch Done Router: 4
##EPOCH## 8 COMPLETED at Time (K cy): 6,131
Nodes processed until now: 124,921,152
Edges processed until now: 414,055,746
Epoch Done Router: 9
INIT epoch: 9
INIT epoch: 9
INIT epoch: 9
INIT epoch: 9
INIT epoch: 9
INIT epoch: 9
INIT epoch: 9
INIT epoch: 9
INIT epoch: 9
INIT epoch: 9
INIT epoch: 9
INIT epoch: 9
INIT epoch: 9
INIT epoch: 9
INIT epoch: 9
INIT epoch: 9
Epoch Done Router: 1
Epoch Done Router: 3
Epoch Done Router: 6
Epoch Done Router: 13
Epoch Done Router: 0
Epoch Done Router: 5
Epoch Done Router: 10
Epoch Done Router: 12
Epoch Done Router: 4
Epoch Done Router: 14
Epoch Done Router: 8
Epoch Done Router: 11
Epoch Done Router: 15
##EPOCH## 9 COMPLETED at Time (K cy): 6,312
Nodes processed until now: 125,004,425
Edges processed until now: 423,096,389
Epoch Done Router: 9
Epoch Done Router: 2
Epoch Done Router: 7
INIT epoch: 10
INIT epoch: 10
INIT epoch: 10
INIT epoch: 10
INIT epoch: 10
INIT epoch: 10
INIT epoch: 10
INIT epoch: 10
INIT epoch: 10
INIT epoch: 10
INIT epoch: 10
INIT epoch: 10
INIT epoch: 10
INIT epoch: 10
INIT epoch: 10
INIT epoch: 10
Epoch Done Router: 2
Epoch Done Router: 1
##EPOCH## 10 COMPLETED at Time (K cy): 6,497
Nodes processed until now: 125,099,029
Edges processed until now: 433,686,404
Epoch Done Router: 12
Epoch Done Router: 0
Epoch Done Router: 10
Epoch Done Router: 15
Epoch Done Router: 8
Epoch Done Router: 4
Epoch Done Router: 13
Epoch Done Router: 9
Epoch Done Router: 3
Epoch Done Router: 6
Epoch Done Router: 5
Epoch Done Router: 7
Epoch Done Router: 11
Epoch Done Router: 14
INIT epoch: 11
INIT epoch: 11
INIT epoch: 11
INIT epoch: 11
INIT epoch: 11
INIT epoch: 11
INIT epoch: 11
INIT epoch: 11
INIT epoch: 11
INIT epoch: 11
INIT epoch: 11
INIT epoch: 11
INIT epoch: 11
INIT epoch: 11
INIT epoch: 11
INIT epoch: 11
Epoch Done Router: 1
Epoch Done Router: 13
Epoch Done Router: 11
Epoch Done Router: 9
Epoch Done Router: 0
Epoch Done Router: 14
Epoch Done Router: 7
Epoch Done Router: 12
Epoch Done Router: 8
##EPOCH## 11 COMPLETED at Time (K cy): 6,661
Nodes processed until now: 125,100,882
Edges processed until now: 437,626,265
Epoch Done Router: 2
Epoch Done Router: 5
Epoch Done Router: 10
Epoch Done Router: 4
Epoch Done Router: 6
Epoch Done Router: 3
Epoch Done Router: 15
INIT epoch: 12
INIT epoch: 12
INIT epoch: 12
INIT epoch: 12
INIT epoch: 12
INIT epoch: 12
INIT epoch: 12
INIT epoch: 12
INIT epoch: 12
INIT epoch: 12
INIT epoch: 12
INIT epoch: 12
INIT epoch: 12
INIT epoch: 12
INIT epoch: 12
INIT epoch: 12
Epoch Done Router: 5
Epoch Done Router: 2
Epoch Done Router: 6
Epoch Done Router: 14
Epoch Done Router: 13
Epoch Done Router: 8
Epoch Done Router: 11
Epoch Done Router: 1
Epoch Done Router: 0
Epoch Done Router: 12
##EPOCH## 12 COMPLETED at Time (K cy): 6,725
Nodes processed until now: 125,100,928
Edges processed until now: 438,020,247
Epoch Done Router: 15
Epoch Done Router: 3
Epoch Done Router: 4
Epoch Done Router: 9
Epoch Done Router: 10
Epoch Done Router: 7
Program Done Router Thread: 7
Program Done Router Thread: 1
Program Done Router Thread: 3
Program Done Router Thread: 6
Program Done Router Thread: 10
Program Done Router Thread: 15
Program Done Router Thread: 2
Program Done Router Thread: 0
Program Done Router Thread: 5
Program Done Router Thread: 11
Program Done Worker Thread: 3
Program Done Worker Thread: 5
Program Done Worker Thread: 11
Program Done Router Thread: 4
Program Done Worker Thread: 12
Program Done Worker Thread: 6
Program Done Router Thread: 12
Program Done Worker Thread: 7
Program Done Worker Thread: 15
Program Done Worker Thread: 14
Program Done Worker Thread: 13
Program Done Router Thread: 14
Program Done Router Thread: 8
Program Done Router Thread: 9
Program Done Router Thread: 13
Program Done Worker Thread: 9
Program Done Worker Thread: 1
Program Done Worker Thread: 8
Program Done Worker Thread: 2
Program Done Worker Thread: 10
Program Done Worker Thread: 0
Program Done Worker Thread: 4

===PRINTING ACUM STATS at pu_cycles: 6,725,697

ACollision In Avg:68, SD:25, Max:159, Min:10
ACollision Out Avg:79, SD:24, Max:143, Min:15
ACollision End Avg:7, SD:10, Max:68, Min:0
ATask1 Avg:1, SD:0, Max:5, Min:0
ATask2 Avg:2, SD:1, Max:6, Min:1
ATask3 Avg:11, SD:5, Max:72, Min:3
ACore Active Avg:13, SD:6, Max:79, Min:5
ARouter Active Avg:39, SD:1, Max:45, Min:35
T1 invocations: 5,234,408
T2 invocations: 8,911,152
T3 invocations: 438,020,247
T3b invocations: 0
Total3 invocations: 438,020,247
Total4 invocations: 28,020

T3/T2 ratio: 49
T3b/T3 ratio: 0

T1 avg ex cycles: 32
T2 avg ex cycles: 56
T3&b avg ex cycles: 7
T4 avg ex cycles: 102
Avg. hops NOC1: 7
Avg. latency NOC1 (T2): 70,870
Avg. hops NOC2: 33
Avg. latency NOC2 (T3): 2,695

Runtime at program end in K cycles: 6,725
Runtime before cooldown in K cycles: 6,725


Number of K Nodes Processed: 125,100
Number of K Edges Processed: 438,020
Node Re-explore factor: 29.83
Edge Re-explore factor: 3.41
Nodes/cy: 19
Edges/cy: 65
TEPS: 19

---DCache---
DCache Size: 34,480
DRAM words: 0
  DHits: 0
  DMisses: 0

---Energy---
Leakage Energy (nJ): 2,750,160
PU Dyn E (nJ): 23,715,743
Mem Dyn E (nJ): 93,696,838
Route Dyn E (nJ): 90,736,438
Dynamic Energy (nJ): 208,149,018
Ratio of Dyn/Leak: 76
Total Energy (nJ): 210,899,178
Total Energy (nJ) 3D: 226,961,177
Cores Energy (nJ): 23,790,612
Route Energy (nJ): 90,829,061
Route Energy (nJ) 3D: 106,891,060
Mem Energy   (nJ): 96,279,505
Mem Energy   (nJ) 3D: 96,279,505
Avg. Power (mW): 31,357.22
Power Density (mW/mm2): 28.72

---Runtime---
Runtime in K cycles: 6,725.70
Microseconds: 6,725.70
Time per iteration (ms): 6.73

---Inst---
K Loads: 2,306,768
K Stores: 2,194,600
K Instructions: 3,421,632

---Throughput---
GOP/s (aka OPS/ns): 508.74
GOP/s per core: 0.12
GFLOP/s: 66.29
GFLOP/s per core: 0.02
Max Peak GFLOP/s: 4,096.00
Avg. BW GB/s: 2,677.12
Max BW GB/s: 16,384.00

---Traffic---
In-Die bisection_bytes BW (GB/s): 1,024.00
Inter-board traffic (msg/ns): 0.00, per-link: 0.00
Inter-pack traffic (msg/ns): 0.00, per-link: 0.00
Inter-die traffic (msg/ns): 0.00, per-link: 0.00
Ruche traffic (msg/ns): 0.00, per-link: 0.00
All traffic (msg/ns): 4,327.35, per-link: 1.06
Inter-die reduction wrt all: inf
Inter-board reduction wrt inter-die: -nan

---Data Movement---
All traffic (msg): 29,104,437,264
Arith. Intensity FLOP/Loads: 0.19
Arith. Intensity FLOP/Msgs: 0.02
Arith. Intensity OPS/Loads: 1.48
Arith. Intensity OPS/Msgs: 0.12

Simulation time: 1,093.72
Sim time / DUT time: 39.70
Sim noc_cy/s: 6,149.36
Sim Msg/s: 26,610,424.71

Version 31

