Dataset:  Kron22/
Dry run: 0
Open Edge Count File succesfully
Edges Traversed BFS: 128309848
Found Vertices: 4194304, Edges: 128311436
avg degree 31
Array  Kron22/node_array.bin found
Malloc array of size 16777220 bytes
Readin array of size 16777216 bytes
Finished Reading Array Bytes
No reordering Array 32bit
Array  Kron22/edge_array.bin found
Malloc array of size 513245744 bytes
Readin array of size 513245744 bytes
Finished Reading Array Bytes
No reordering Array 32bit
Reading graph elapsed time: 0.155191s

Dataset Footprint: 505 MiB
Dataset Footprint per Board: 4240.44 Mb
Dataset injection time (ms): 0.129408
Max Dataset Footprint: 1026 MiB

Dataset footprint per tile: 126 KiB
Proxys footprint per tile: 0 KiB
Reserved SRAM per tile: 4 KiB

Ideal SRAM per tile: 130 KiB
reserved_words_for_dataset:25964
dataset_words_per_tile:32352
remaining_sram_words:129822
min_dcache_sram_words_required:32352
dataset_words_per_tile:32352
min_pcache_sram_words_required:0
proxys_words_per_tile:0
Dcache footprint ratio: 1
Dataset Cached: 0
DCache: 32352 words, lines: 2022, sets: 2022
Proxys Cached: 0
Pcache: 0 words, sets: 0
Node per tile: 1,024
Edge per tile: 31,327
GRID_X: 64
GRID_SIZE: 4,096
smt_per_tile: 1
noc_freq: 1
pu_freq: 1
RUCHE_X: 0
PROXY_W: 64
DIE_W: 64
DIE_H: 64
DIES: 1
BORDER_TILES_PER_DIE: 256
PACK_W: 64
PACK_H: 64
DIES_PACK_FACTOR: 1
DIES_PER_PACK: 1
PACKAGES: 1
BOARD_W: 64
BOARD_H: 64
BOARDS: 1
MUX_BUS: 1
DCACHE: 1
PCACHE: 0
PROXY_FACTOR: 1
CACHE_WAYS: 1
TORUS: 1
PHY_NOCS: 1
WIDE_NOC_ID: 0
NOC_CONF: 1
noc_width: 32
hbm_channel_bit_width: 512
ld_st_op_byte_width: 4
PROXY_ROUTING: 0
WRITE_THROUGH: 0
ASSERT_MODE: 0
GLOBAL_BARRIER: 0
OQ flits: 6 ; 64 ; 2
IQ flits: 6 ; 1,024 ; 32
OQ messages: 2 ; 32 ; 1
IQ messages: 2 ; 512 ; 16
max_task2 size: 64
io_factor_t2: 16
io_factor_t3: 16
io_factor_t3b: 16

Active SRAM Storage per tile: 131 KiB
Total SRAM Storage per tile: 512 KiB
Agreggated SRAM Storage: 2,048 MiB

Active DRAM Storage per tile: 0 MiB
Total DRAM Storage per tile: 2 MiB
Agreggated DRAM Storage: 8 GiB

Inter-Die #links: 2,048
Inter-Die (Gbits): 65,536
Inter-Die (Gbits/mm): 545.588
Bisection BW of Board (Gbits): 16,384
Border IO #Dies: 4
Border IO Die BW (Gbits): 8,192
Off-Board BW Total (Gbits): 32,768
Off-Board BW Density (Gbits/mm): 247
Die side: 30.03 mm
Die border wire density: 545.59 Gbits/mm
HBM wire density: 136.40 Gbits/mm

Tiles per Die: 4,096 (64x64)
Tile Area: 0.19 mm2, side: 0.44 mm
- Core/Rout Area: 0.05 mm2
- SRAM Area: 0.14 mm2
- SRAM/Logic Ratio: 2.80x

Dies per Package: 1 (1x1)
Die Area: 901.80 mm2, side: 30.03 mm
- Tiles Area: 797.82 mm2
- PHY Area: 94.98 mm2
- MC Area: 9.00 mm2

Packages per Board: 1 (1x1)
Package Area: 1,091.80 mm2, side: 33.04 mm
- IOdie Area: 80.00 mm2
- Dies Area: 901.80 mm2
- HBM Area: 110.00 mm2

Boards: 1 (1x1)
Board Area: 1,091.80 mm2
Total Area: 1,091.80 mm2



ESTIMATED COST OF SILICON AND PACKAGING. ONLY VARIABLE, NO FIXED COSTS
Good dies per wafer 3d: 34
Good dies per wafer 2d: 41
--Dies 3D Cost: 177.85 $
--Dies 2.5D Cost: 147.49 $
--Dies 2D Cost: 147.49 $
--HBM Cost: 60.00 $
--IOdie Cost: 8.44 $
--Packaging Cost 3d: 35.32 $
--Packaging Cost 2.5d: 75.01 $
--Packaging Cost 2d: 23.39 $
SiP Cost 3d: 281.61 $
SiP Cost 2.5d: 290.94 $
SiP Cost 2d: 179.32 $
--Board Cost: 1.09 $
Total SiPs Cost 3d: 282.70 $
Total SiPs Cost 2.5d: 292.03 $
Total SiPs Cost 2d: 180.41 $

Perf counters initialized
Mesh connected
Cache structures initialized
proxys initialized
Dataset structures initialized


Starting Simulation
INIT epoch: 1
Epoch Done Router: 0
##EPOCH## 1 COMPLETED at Time (K cy): 570
Nodes processed until now: 128,311,436
Edges processed until now: 0
Program Done Worker Thread: 0
Program Done Router Thread: 0

===PRINTING ACUM STATS at pu_cycles: 570,120

ACollision In Avg:66, SD:5, Max:82, Min:30
ACollision Out Avg:31, SD:2, Max:39, Min:25
ACollision End Avg:0, SD:0, Max:0, Min:0
ATask1 Avg:36, SD:0, Max:37, Min:32
ATask2 Avg:0, SD:0, Max:0, Min:0
ATask3 Avg:11, SD:4, Max:65, Min:5
ACore Active Avg:47, SD:4, Max:100, Min:41
ARouter Active Avg:76, SD:1, Max:81, Min:73
T1 invocations: 8,480,436
T2 invocations: 0
T3 invocations: 128,311,436
T3b invocations: 0
Total3 invocations: 128,311,436
Total4 invocations: 0

T3/T2 ratio: inf
T3b/T3 ratio: 0

T1 avg ex cycles: 100
T2 avg ex cycles: -nan
T3&b avg ex cycles: 2
T4 avg ex cycles: -nan
Avg. hops NOC1: -nan
Avg. latency NOC1 (T2): -nan
Avg. hops NOC2: 33
Avg. latency NOC2 (T3): 1,120

Runtime at program end in K cycles: 570
Runtime before cooldown in K cycles: 570


Number of K Nodes Processed: 128,311
Number of K Edges Processed: 128,311
Node Re-explore factor: 30.59
Edge Re-explore factor: 1.00
Nodes/cy: 225
Edges/cy: 225
TEPS: 225

---DCache---
DCache Size: 32,352
DRAM words: 0
  DHits: 0
  DMisses: 0

---Energy---
Leakage Energy (nJ): 205,393
PU Dyn E (nJ): 7,324,644
Mem Dyn E (nJ): 21,596,851
Route Dyn E (nJ): 26,422,449
Dynamic Energy (nJ): 55,343,943
Ratio of Dyn/Leak: 269
Total Energy (nJ): 55,549,336
Total Energy (nJ) 3D: 60,226,590
Cores Energy (nJ): 7,330,990
Route Energy (nJ): 26,430,301
Route Energy (nJ) 3D: 31,107,554
Mem Energy   (nJ): 21,788,046
Mem Energy   (nJ) 3D: 21,788,046
Avg. Power (mW): 97,434.46
Power Density (mW/mm2): 89.24

---Runtime---
Runtime in K cycles: 570.12
Microseconds: 570.12
Time per iteration (ms): 0.57

---Inst---
K Loads: 658,518
K Stores: 393,414
K Instructions: 1,094,330

---Throughput---
GOP/s (aka OPS/ns): 1,919.47
GOP/s per core: 0.47
GFLOP/s: 225.06
GFLOP/s per core: 0.05
Max Peak GFLOP/s: 4,096.00
Avg. BW GB/s: 7,380.43
Max BW GB/s: 16,384.00

---Traffic---
In-Die bisection_bytes BW (GB/s): 1,024.00
Inter-board traffic (msg/ns): 0.00, per-link: 0.00
Inter-pack traffic (msg/ns): 0.00, per-link: 0.00
Inter-die traffic (msg/ns): 0.00, per-link: 0.00
Ruche traffic (msg/ns): 0.00, per-link: 0.00
All traffic (msg/ns): 14,854.67, per-link: 3.63
Inter-die reduction wrt all: inf
Inter-board reduction wrt inter-die: -nan

---Data Movement---
All traffic (msg): 8,468,946,698
Arith. Intensity FLOP/Loads: 0.19
Arith. Intensity FLOP/Msgs: 0.02
Arith. Intensity OPS/Loads: 1.66
Arith. Intensity OPS/Msgs: 0.13

Simulation time: 2,661.62
Sim time / DUT time: 1,139.78
Sim noc_cy/s: 214.20
Sim Msg/s: 3,181,881.61

Version 31

